0 0.0004148163605507143
0 0.0004142475676890957
0 0.0004112290748343322
0 0.000412878560217112
0 0.0004125864014257248
0 0.0004119057245524348
0 0.0004134156459155612
0 0.0004111780769962036
0 0.0004138010073831871
0 0.0004162784375666535
0 0.0004141281664168554
0 0.0004144893575856017
0 0.000412541755386923
0 0.000415470443249528
0 0.000413011768980808
0 0.0004122425322786821
0 0.0004142146241696796
0 0.0004123917387324643
0 0.000414145877574081
0 0.0004147560260336219
0 0.0004133797287151305
0 0.0004146776060074331
0 0.0004140108947240077
0 0.0004126773241407265
0 0.0004140059158402796
0 0.0004127404179897316
0 0.0004124854466957254
0 0.0004148890903011293
0 0.0004166300375365196
0 0.000411761933115478
0 0.0004144242798965624
0 0.0004131715661710666
0 0.0004145322752975733
0 0.0004144591554661667
0 0.0004139654327620147
0 0.0004130228868449929
0 0.0004138749757991727
0 0.0004134015246237841
0 0.0004143304419869556
0 0.0004140980712232337
0 0.0004150848310345936
0 0.0004154158653293374
0 0.0004135224930468139
0 0.0004125861796503206
0 0.000413296033221383
0 0.0004131912034988442
0 0.000413667551335989
0 0.0004138307493842097
0 0.0004135934768258465
0 0.0004133648202803821
0 0.0004132416002038847
0 0.0004159399087869644
0 0.0004141527188829064
0 0.0004146461363790311
0 0.0004140132632726762
0 0.0004144202583893195
0 0.0004132077813789711
0 0.0004130649307581198
0 0.000413932840035377
0 0.0004117706354912845
0 0.0004165713877918063
0 0.0004135518624719452
0 0.0004120978400355214
0 0.0004131571382297333
0 0.0004130938995238489
0 0.0004137444412078437
0 0.0004117988148162845
0 0.0004114682165556588
0 0.0004135648114476836
0 0.0004148704505928162
0 0.0004119682569155347
0 0.0004146240132735902
0 0.0004147754959772042
0 0.0004134343969675981
0 0.000413305868291504
0 0.0004123717291505182
0 0.0004118203750092933
0 0.0004135321897080949
0 0.0004121288836942993
0 0.0004130387900209063
0 0.0004139584231960801
0 0.0004150005697864623
0 0.0004116884482340658
0 0.0004151652423967872
0 0.0004135850829236552
0 0.0004155592229599995
0 0.0004146778300512082
0 0.000413105775791038
0 0.0004131671046905728
0 0.0004143225678358402
0 0.0004124596862187472
0 0.0004131437922102475
0 0.0004147992637321546
0 0.0004138122466110884
0 0.0004128373140870614
0 0.0004130523414524494
0 0.0004127794373978402
0 0.0004145869057492395
0 0.0004150599260589039
0 0.0004136932673859899
1 0.0009744406478928907
1 0.0009757733739961539
1 0.0009754259933060282
1 0.0009746590464481873
1 0.0009738326398409926
1 0.0009748388653922185
1 0.0009742091547945994
1 0.000976419868911146
1 0.0009749927751074648
1 0.0009759441631524404
1 0.0009736538531402155
1 0.0009739954913179734
1 0.0009736841080654582
1 0.0009738648776324877
1 0.0009767222960466542
1 0.0009747991434228672
1 0.0009758356337919666
1 0.0009747557478211761
1 0.0009737546677447649
1 0.0009751807836712865
1 0.0009765142446238053
1 0.0009746067730102773
1 0.0009750855446162649
1 0.0009754430741290235
1 0.0009755751306234899
1 0.0009755829356582484
1 0.0009740685901153413
1 0.0009749401726650279
1 0.0009768013930756196
1 0.0009755279781904114
1 0.0009737424958163422
1 0.0009741882031033059
1 0.0009736649830841756
1 0.0009758527510352527
1 0.0009750332426613795
1 0.0009750665405807387
1 0.000976367138281557
1 0.000976327374916312
1 0.0009749035604460456
1 0.0009749444945953352
1 0.0009747778337090055
1 0.000975011516311105
1 0.0009771416540818917
1 0.0009751282173420464
1 0.0009756002606938503
1 0.0009754051385540574
1 0.0009749275270737667
1 0.0009744644936389835
1 0.0009757867974566068
1 0.0009748256149231546
1 0.0009761210753115778
1 0.000973257052590158
1 0.0009743139760346692
1 0.0009745114732523324
1 0.0009762753308386379
1 0.0009760513955337007
1 0.0009750505630056608
1 0.0009748010422177098
1 0.0009751592498295314
1 0.0009766347735103983
1 0.0009745757254327635
1 0.0009753821029103217
1 0.0009758301199756887
1 0.0009759575056222148
1 0.0009737054088204878
1 0.0009745849131509366
1 0.0009741161639712374
1 0.0009741654352780782
1 0.0009744027704974285
1 0.0009751126114471884
1 0.0009759645846593226
1 0.0009763335292448575
1 0.0009737325873312476
1 0.0009738490227101721
1 0.0009741818553599692
1 0.0009749505997778451
1 0.0009747373860615107
1 0.0009758754592966953
1 0.0009735581912337313
1 0.0009757629084003068
1 0.0009750515846040911
1 0.0009764687522749079
1 0.0009753996357016369
1 0.0009751789645979002
1 0.000976006934169192
1 0.0009748926776127938
1 0.0009751218084557264
1 0.0009754253440328526
1 0.0009751134261662492
1 0.0009752300396354601
1 0.0009765164532099818
1 0.0009772480822901603
1 0.0009754813043800412
1 0.0009757997102293134
1 0.0009732801895926975
1 0.0009739327298713992
1 0.0009746670824901754
1 0.000974674117596244
1 0.0009750748646418636
1 0.000975939369474506
2 -4.816495822350317e-05
2 -4.913786115440767e-05
2 -4.806558758003292e-05
2 -4.829066475035462e-05
2 -4.872958452556639e-05
2 -4.841282019451153e-05
2 -4.898833835746906e-05
2 -4.768318867267858e-05
2 -4.916622654015581e-05
2 -4.778561812365787e-05
2 -4.917479558153234e-05
2 -4.87188112455418e-05
2 -4.80732933302649e-05
2 -4.821674678132023e-05
2 -4.788328259143475e-05
2 -4.843183556676677e-05
2 -4.775204297620037e-05
2 -4.772355348145553e-05
2 -4.902728502290174e-05
2 -4.822659835961332e-05
2 -4.840645550651721e-05
2 -4.897980176321093e-05
2 -4.932400665734152e-05
2 -4.874911680756498e-05
2 -4.949218670164706e-05
2 -4.741123828467784e-05
2 -4.984759523335493e-05
2 -4.851613574169378e-05
2 -4.915855233663604e-05
2 -4.858843050303916e-05
2 -4.760269109235472e-05
2 -4.769841295936214e-05
2 -4.873289173224755e-05
2 -4.986219656708787e-05
2 -4.889006725691808e-05
2 -4.93156044324969e-05
2 -4.9531076185067e-05
2 -4.886666219840976e-05
2 -4.864431763571677e-05
2 -4.715393806517787e-05
2 -4.822182741015594e-05
2 -4.869420852270903e-05
2 -4.842742392371053e-05
2 -4.870145529871775e-05
2 -4.988064778876266e-05
2 -4.871994977559864e-05
2 -4.878526311880262e-05
2 -4.854849424822322e-05
2 -4.817643425298597e-05
2 -4.908421760711908e-05
2 -4.790986157678093e-05
2 -4.898264488459831e-05
2 -4.887000102209685e-05
2 -4.930503417048111e-05
2 -4.860956560591625e-05
2 -4.804374883977463e-05
2 -4.815056880645783e-05
2 -4.746774258356451e-05
2 -4.768720429279058e-05
2 -4.870716935183556e-05
2 -4.814365140592539e-05
2 -4.914057528901468e-05
2 -4.796756832442319e-05
2 -4.969333769412886e-05
2 -4.860276761423608e-05
2 -4.79909516496924e-05
2 -4.866702967017012e-05
2 -4.891065525260027e-05
2 -4.942522328562969e-05
2 -4.735037430101203e-05
2 -4.825941184101522e-05
2 -4.914151070892265e-05
2 -4.832840807789604e-05
2 -4.925726703587999e-05
2 -4.726946873156362e-05
2 -4.836446527599105e-05
2 -4.809488004232845e-05
2 -4.840320449480089e-05
2 -4.799322831244816e-05
2 -4.849725559874981e-05
2 -4.792916497649297e-05
2 -4.799522818373748e-05
2 -4.895561332889061e-05
2 -4.898493322377045e-05
2 -4.863311720623447e-05
2 -4.957474461191689e-05
2 -4.75435373898152e-05
2 -4.857125301299062e-05
2 -4.87353120581206e-05
2 -4.840784515079978e-05
2 -4.822116151085141e-05
2 -4.829311429031093e-05
2 -4.796620064900101e-05
2 -4.899026882261727e-05
2 -4.823476284320117e-05
2 -4.805292342567583e-05
2 -4.720949248672192e-05
2 -4.741720775122195e-05
2 -4.790713154503973e-05
2 -4.951979158781471e-05
3 0.0002605128356451045
3 0.0002607673231770021
3 0.0002610473449600795
3 0.0002615181596234918
3 0.0002608276812588935
3 0.0002604907371910729
3 0.0002615373650908776
3 0.0002601157040054033
3 0.0002613638101747293
3 0.0002615188093034336
3 0.000259768052117479
3 0.0002611454302754831
3 0.0002591277153957512
3 0.0002607248596357191
3 0.0002597568563483329
3 0.0002610512379987906
3 0.0002599511012051711
3 0.0002598125492584912
3 0.0002602420975493994
3 0.0002592427180306631
3 0.0002608136929026841
3 0.0002610707278562685
3 0.0002614705718843259
3 0.0002607644656010595
3 0.0002598480813161602
3 0.0002597535499151519
3 0.0002601834540713068
3 0.0002604152294473011
3 0.0002593330997127931
3 0.0002601491816114421
3 0.0002606280885969114
3 0.0002607277109341143
3 0.0002599419943202456
3 0.0002603986180621465
3 0.0002608847514958708
3 0.0002600976808525508
3 0.000261156073889774
3 0.000260962935113341
3 0.00026044644523497
3 0.0002605247269336651
3 0.0002597194859934142
3 0.000259722106560411
3 0.0002605427080249653
3 0.0002603590060104147
3 0.000259104280034041
3 0.0002598401724479532
3 0.0002616685055650178
3 0.0002608804955455925
3 0.0002610082600449614
3 0.0002605420129593606
3 0.0002609630442973458
3 0.0002602617588621643
3 0.0002608804822182374
3 0.0002601218005665422
3 0.0002604049748038288
3 0.0002589233642321459
3 0.0002609588409516295
3 0.0002615696413201849
3 0.0002601417735498719
3 0.0002609161384343707
3 0.0002606378546688172
3 0.0002600155727503433
3 0.0002611427568150264
3 0.0002609418026435667
3 0.0002607679571976181
3 0.0002602922152036209
3 0.0002606331280998673
3 0.0002601764824818728
3 0.0002596576123973106
3 0.000259966714126735
3 0.0002596317904949448
3 0.0002605185436194616
3 0.0002603861911310609
3 0.0002599557728952304
3 0.0002606278085228664
3 0.0002613718133670408
3 0.0002608643902285793
3 0.0002614213077373616
3 0.0002606097157063424
3 0.0002603798394450854
3 0.000260152519466512
3 0.0002615779469922417
3 0.0002600550594310671
3 0.0002612667365709499
3 0.0002596261448848817
3 0.0002609784079361725
3 0.0002613063188935914
3 0.0002608106799267925
3 0.0002600119479618828
3 0.0002604029109934992
3 0.0002597928036767577
3 0.0002608112494162303
3 0.0002602482691406326
3 0.0002603412072843202
3 0.0002607364082955593
3 0.0002604428926472558
3 0.000261227212281107
3 0.0002594575287338512
3 0.0002601632607096935
3 0.0002599823628539868
4 -1.727096400743165e-05
4 -1.720990518129668e-05
4 -1.59991577831436e-05
4 -1.744508991933964e-05
4 -1.626396620536432e-05
4 -1.692570253780344e-05
4 -1.759993744712477e-05
4 -1.669973787320657e-05
4 -1.680075380797471e-05
4 -1.605646619668123e-05
4 -1.741540029373032e-05
4 -1.659507533863338e-05
4 -1.719941696887379e-05
4 -1.705759708023816e-05
4 -1.688141215834362e-05
4 -1.641784571000388e-05
4 -1.668793267546536e-05
4 -1.700334000841881e-05
4 -1.566996236079149e-05
4 -1.560640510598904e-05
4 -1.616175525268998e-05
4 -1.655629440431523e-05
4 -1.629609141848865e-05
4 -1.655794319788259e-05
4 -1.784368414564364e-05
4 -1.620180712745083e-05
4 -1.721517903567008e-05
4 -1.630654528112226e-05
4 -1.68817896309357e-05
4 -1.570500681570128e-05
4 -1.652525526761272e-05
4 -1.691148066088056e-05
4 -1.748939676623731e-05
4 -1.669044538947384e-05
4 -1.617949889569151e-05
4 -1.655124950925465e-05
4 -1.619279485938916e-05
4 -1.692725958987749e-05
4 -1.632378512264523e-05
4 -1.71198819784473e-05
4 -1.729966674304909e-05
4 -1.661564549076582e-05
4 -1.660409530022616e-05
4 -1.687491650932872e-05
4 -1.617648374792701e-05
4 -1.685133898316441e-05
4 -1.69929719233975e-05
4 -1.602258695661048e-05
4 -1.656664098212304e-05
4 -1.703661134807572e-05
4 -1.678532702932806e-05
4 -1.659337492825306e-05
4 -1.686945804344546e-05
4 -1.731371349805325e-05
4 -1.646610171878593e-05
4 -1.746023863255702e-05
4 -1.636030485072901e-05
4 -1.601537986284607e-05
4 -1.759141681319335e-05
4 -1.656716219434509e-05
4 -1.677222099310079e-05
4 -1.661910015763269e-05
4 -1.62812882973514e-05
4 -1.693604654401248e-05
4 -1.741833068759565e-05
4 -1.736927423198193e-05
4 -1.713783131549476e-05
4 -1.709916013823731e-05
4 -1.634653058895517e-05
4 -1.706836802584212e-05
4 -1.650744815519207e-05
4 -1.695214994359741e-05
4 -1.703680271506287e-05
4 -1.650593473718127e-05
4 -1.682941340929313e-05
4 -1.708545539457452e-05
4 -1.641457415801819e-05
4 -1.787133435170976e-05
4 -1.702749470438348e-05
4 -1.659957922719931e-05
4 -1.677623155022393e-05
4 -1.692851467728963e-05
4 -1.69966118373929e-05
4 -1.738659967712912e-05
4 -1.701564510734651e-05
4 -1.64064773339494e-05
4 -1.67466742561932e-05
4 -1.740232974681006e-05
4 -1.72802058677537e-05
4 -1.765754424652084e-05
4 -1.625204604420972e-05
4 -1.700500126296282e-05
4 -1.673057880239114e-05
4 -1.577390438427908e-05
4 -1.735271664248523e-05
4 -1.68533656555614e-05
4 -1.667215292682089e-05
4 -1.723476952876203e-05
4 -1.662904115543758e-05
4 -1.683035471334025e-05
5 0.0001300316061146736
5 0.000130407645850447
5 0.0001311800527952529
5 0.0001307502713126738
5 0.0001312381293898862
5 0.0001301114293946275
5 0.0001304746382601561
5 0.0001304482650446323
5 0.0001303883784737539
5 0.000130787753666246
5 0.0001303979534961941
5 0.0001303295902397394
5 0.000131242557097205
5 0.0001301559999460567
5 0.0001302088953984465
5 0.0001304056752904341
5 0.0001310820603011628
5 0.000130764585244165
5 0.0001303112525357034
5 0.0001304178798547331
5 0.0001306939744910624
5 0.0001303385490359658
5 0.0001303299756012996
5 0.0001305655054358048
5 0.0001313361204427126
5 0.0001304156587145192
5 0.0001306395748104543
5 0.0001298135389377999
5 0.000130694879205368
5 0.0001311108117126913
5 0.0001308209876223868
5 0.0001309358000535245
5 0.000130035411727784
5 0.0001305129640278825
5 0.0001312209364812803
5 0.0001309418587340134
5 0.0001302874306641252
5 0.0001304206031520079
5 0.0001312808935221534
5 0.0001302807087130086
5 0.0001307107748741401
5 0.0001318338944056365
5 0.0001304025008144476
5 0.0001308726699620536
5 0.0001305662043830637
5 0.0001304424919375458
5 0.0001304425335556583
5 0.0001299033334586165
5 0.0001305789220177126
5 0.0001307045245170366
5 0.0001303556909619882
5 0.0001304761667007611
5 0.0001300022612907516
5 0.0001301707288725744
5 0.0001320813582061578
5 0.0001309969237106061
5 0.000131038809589772
5 0.0001302315396008464
5 0.0001299416662309555
5 0.0001311531424505193
5 0.0001305389511017408
5 0.0001313110899008421
5 0.0001301515418932485
5 0.0001293157259484347
5 0.0001302568345259428
5 0.0001301089867060029
5 0.0001312533521503234
5 0.0001305195069444315
5 0.0001309499845761883
5 0.0001302057339638625
5 0.0001313726012112444
5 0.0001307810323563142
5 0.0001307350055685828
5 0.0001314823919709799
5 0.0001309536073638412
5 0.0001306445980105406
5 0.0001305686037199661
5 0.0001303422777765403
5 0.0001305622850181312
5 0.0001311664585194787
5 0.000130734985752112
5 0.0001310005503449608
5 0.0001310718079234483
5 0.0001303223820384337
5 0.0001301766783450672
5 0.000130093669559251
5 0.0001303272862947747
5 0.0001309571115918446
5 0.0001298444085402819
5 0.000130983653564914
5 0.0001308925178538028
5 0.0001305542655466994
5 0.0001300538287320609
5 0.0001305942320779032
5 0.0001298367333839182
5 0.0001304760387699102
5 0.0001303101002666029
5 0.0001299955808823714
5 0.0001304824407924816
5 0.0001316777583410492
6 -7.229738303164429e-06
6 -7.247676238604899e-06
6 -7.813249993106177e-06
6 -7.248555790470576e-06
6 -7.71754205650392e-06
6 -7.25775390065137e-06
6 -8.195285519777375e-06
6 -8.140107795222027e-06
6 -7.368825781517618e-06
6 -7.709054053103963e-06
6 -8.090293920113924e-06
6 -8.538091826251695e-06
6 -8.064618174842434e-06
6 -7.637809672109643e-06
6 -7.965395074661662e-06
6 -7.969371672158019e-06
6 -7.80833651698869e-06
6 -7.968743745675674e-06
6 -7.36454122340261e-06
6 -7.83364756134305e-06
6 -7.055684585993572e-06
6 -8.222610714907615e-06
6 -8.150345692312017e-06
6 -7.299130599156258e-06
6 -7.289773278279786e-06
6 -8.697979143656321e-06
6 -8.208005791263086e-06
6 -7.900119360485101e-06
6 -7.224334738639998e-06
6 -7.279146585557412e-06
6 -7.870292351887314e-06
6 -7.735368103146767e-06
6 -7.616581987048255e-06
6 -7.351804088771256e-06
6 -8.352859312686125e-06
6 -7.39413883038749e-06
6 -8.008644226792119e-06
6 -8.182718017295539e-06
6 -8.291145296910543e-06
6 -8.378192890799274e-06
6 -7.994203005176551e-06
6 -7.637644721102364e-06
6 -7.738396167495342e-06
6 -7.649308616097248e-06
6 -7.676702375286192e-06
6 -7.933977679313767e-06
6 -7.13890840334034e-06
6 -7.73225794713535e-06
6 -7.267102614786118e-06
6 -8.632734761779082e-06
6 -8.118288219484568e-06
6 -7.736487080364345e-06
6 -7.773234579465095e-06
6 -7.667869564523798e-06
6 -7.884718148727164e-06
6 -7.645875740638712e-06
6 -7.21401661698303e-06
6 -8.37940008354193e-06
6 -7.631762766403779e-06
6 -7.940559728619157e-06
6 -7.656992578322732e-06
6 -7.327632862945758e-06
6 -7.897480927436863e-06
6 -7.579267588057915e-06
6 -7.701191530852449e-06
6 -7.624287106607605e-06
6 -7.866936001257867e-06
6 -7.520819777561807e-06
6 -7.6261399379158e-06
6 -7.075373267372708e-06
6 -7.653587989877097e-06
6 -7.296816923401926e-06
6 -8.063009628840502e-06
6 -7.472457684997364e-06
6 -7.422041437835635e-06
6 -7.612740147869943e-06
6 -7.884515475817554e-06
6 -7.539361289971787e-06
6 -7.635281559150128e-06
6 -8.241342343591292e-06
6 -8.213441852603393e-06
6 -7.503940869680035e-06
6 -8.011905002594735e-06
6 -7.459899540196085e-06
6 -7.45903762120006e-06
6 -8.273803090614976e-06
6 -7.591850260172352e-06
6 -7.894799517757161e-06
6 -8.235323456098432e-06
6 -8.244212079380663e-06
6 -7.878669798567702e-06
6 -7.677497728891583e-06
6 -7.244672982264473e-06
6 -7.924696350284477e-06
6 -8.087841339517712e-06
6 -7.72421890187154e-06
6 -8.184305697517826e-06
6 -7.794405376313104e-06
6 -8.009425557046539e-06
6 -7.325351296313376e-06
7 8.8322917911746e-05
7 8.831647668909552e-05
7 8.900870253166691e-05
7 8.931183443357449e-05
7 8.801639018312658e-05
7 8.842709278862504e-05
7 8.866701722658619e-05
7 8.834425007818288e-05
7 8.817480671336461e-05
7 8.92250278485898e-05
7 8.794083055221721e-05
7 8.778047981026428e-05
7 8.723136148930742e-05
7 8.872379341804999e-05
7 8.749163577509271e-05
7 8.796544299358705e-05
7 8.816629737439231e-05
7 8.848755222035323e-05
7 8.859826978144442e-05
7 8.803939989658215e-05
7 8.820171325407912e-05
7 8.727688488650295e-05
7 8.817222084050952e-05
7 8.82997788657299e-05
7 8.748593084845323e-05
7 8.767581216538719e-05
7 8.802466107804776e-05
7 8.839965776379773e-05
7 8.919254469869125e-05
7 8.866573861550076e-05
7 8.830546316260497e-05
7 8.84779860857758e-05
7 8.77771722397068e-05
7 8.730506750869729e-05
7 8.798305074661152e-05
7 8.728277785228128e-05
7 8.86256933330979e-05
7 8.789057009452995e-05
7 8.880650951771723e-05
7 8.818509776950987e-05
7 8.829122985405473e-05
7 8.821416208610577e-05
7 8.865551937637321e-05
7 8.767936862978962e-05
7 8.838170631918521e-05
7 8.784273766944924e-05
7 8.855050038263043e-05
7 8.790024034902774e-05
7 8.851321919170415e-05
7 8.853110942578446e-05
7 8.792752183976343e-05
7 8.850361080080638e-05
7 8.758882274558872e-05
7 8.769817934331962e-05
7 8.814769623228888e-05
7 8.847753974018972e-05
7 8.884307733054037e-05
7 8.797452751015166e-05
7 8.782041368715865e-05
7 8.908567736893499e-05
7 8.760856116499984e-05
7 8.692013894855876e-05
7 8.760313650163162e-05
7 8.812553723303131e-05
7 8.894690700809307e-05
7 8.753069148017783e-05
7 8.787989647183611e-05
7 8.814824895225968e-05
7 8.830666860252226e-05
7 8.794986948482226e-05
7 8.829821108678766e-05
7 8.768040180436103e-05
7 8.808726132509045e-05
7 8.846262567052043e-05
7 8.80699340683925e-05
7 8.789282758343557e-05
7 8.765555780211083e-05
7 8.83045205248768e-05
7 8.83292808310706e-05
7 8.854110578333422e-05
7 8.798878899677928e-05
7 8.811499260818171e-05
7 8.844555780529329e-05
7 8.785694019844642e-05
7 8.7837372124081e-05
7 8.805471510746192e-05
7 8.803573418320897e-05
7 8.783666113955558e-05
7 8.793159302211116e-05
7 8.877779483124389e-05
7 8.8444995986644e-05
7 8.772314724680598e-05
7 8.828093479691209e-05
7 8.88619872452357e-05
7 8.821250081552703e-05
7 8.823450405666597e-05
7 8.803412596853008e-05
7 8.878425717435046e-05
7 8.746698762427829e-05
7 8.794009759849038e-05
8 -5.375914179207293e-06
8 -5.606799390638875e-06
8 -5.614819776775172e-06
8 -4.978241563815712e-06
8 -6.233908548207258e-06
8 -5.02395148654391e-06
8 -5.625631527146274e-06
8 -5.786409033805193e-06
8 -5.729147139227952e-06
8 -5.188448209297703e-06
8 -5.310151213107252e-06
8 -6.255071499893619e-06
8 -5.052379020072682e-06
8 -5.096712221917565e-06
8 -4.956459241181409e-06
8 -5.601910274158913e-06
8 -5.479830828776681e-06
8 -5.902505548290622e-06
8 -5.849044868844619e-06
8 -5.823313705989746e-06
8 -5.625740660550854e-06
8 -5.233676609087879e-06
8 -4.98078650897626e-06
8 -5.808901669555051e-06
8 -5.572898104149483e-06
8 -4.82248231919986e-06
8 -6.252904792636015e-06
8 -4.965967597193755e-06
8 -6.064503029188879e-06
8 -5.23591566249208e-06
8 -6.1849152639851e-06
8 -4.878576677447659e-06
8 -5.401808207648419e-06
8 -5.414160543776914e-06
8 -5.435029033583822e-06
8 -6.06575225198872e-06
8 -4.876200455168419e-06
8 -5.812537171205385e-06
8 -5.206067058402248e-06
8 -5.385225567091832e-06
8 -6.164933318420737e-06
8 -4.595254022441483e-06
8 -5.949342533779829e-06
8 -6.162666273098641e-06
8 -5.301514982502366e-06
8 -5.318876674203973e-06
8 -5.798553219715552e-06
8 -4.965905373088596e-06
8 -5.976885709490828e-06
8 -5.610795694689294e-06
8 -5.112088659324439e-06
8 -5.260198063851836e-06
8 -5.734956733968384e-06
8 -5.185308249200996e-06
8 -5.591359760036181e-06
8 -6.512790754867454e-06
8 -5.334000318897175e-06
8 -5.926268451327946e-06
8 -5.666149346236049e-06
8 -5.779320504937392e-06
8 -6.24474250218774e-06
8 -6.006977414061238e-06
8 -5.493352101613889e-06
8 -5.98922140519387e-06
8 -5.460531257053084e-06
8 -5.527816130898024e-06
8 -5.91287947988859e-06
8 -5.570149609418268e-06
8 -5.762123247032523e-06
8 -5.645872312692975e-06
8 -5.044844836404028e-06
8 -4.682134663010211e-06
8 -5.481066289279262e-06
8 -5.990158721223631e-06
8 -5.79279420759362e-06
8 -5.582299187682726e-06
8 -5.652511990527138e-06
8 -5.549716425767209e-06
8 -5.151958262748731e-06
8 -5.856952472011349e-06
8 -4.717465828207651e-06
8 -5.500203961111117e-06
8 -5.20681257803413e-06
8 -5.389551251085977e-06
8 -5.087841677277196e-06
8 -5.53232228536931e-06
8 -4.947595202044087e-06
8 -5.819864862337777e-06
8 -5.01402670612851e-06
8 -5.654570559823248e-06
8 -5.366684237369004e-06
8 -5.358266203309974e-06
8 -5.787004106423127e-06
8 -5.05692929564502e-06
8 -4.891559867070256e-06
8 -5.201763327145158e-06
8 -5.183455432841619e-06
8 -4.683439944068246e-06
8 -5.834538208483944e-06
8 -5.189963365301461e-06
9 7.392381335737329e-05
9 7.34359616487197e-05
9 7.371744213679967e-05
9 7.312226105353867e-05
9 7.353863234034298e-05
9 7.334186695322886e-05
9 7.34306095125414e-05
9 7.390387741184015e-05
9 7.317427542682528e-05
9 7.343301508624205e-05
9 7.283521639081539e-05
9 7.368406716581091e-05
9 7.377859783583283e-05
9 7.404246715254666e-05
9 7.331483814358662e-05
9 7.340299249320551e-05
9 7.282342937277174e-05
9 7.41668559764636e-05
9 7.432389874436102e-05
9 7.366785057683254e-05
9 7.370814210257069e-05
9 7.39943184830324e-05
9 7.335379367015763e-05
9 7.338869069025947e-05
9 7.322972661253209e-05
9 7.306113167679974e-05
9 7.403391503111579e-05
9 7.395135167422754e-05
9 7.272128165497842e-05
9 7.383122301485378e-05
9 7.37024605558682e-05
9 7.396181972566157e-05
9 7.310869677727609e-05
9 7.415463257668208e-05
9 7.262710920663452e-05
9 7.326616450639197e-05
9 7.266902941299326e-05
9 7.305661080630846e-05
9 7.279711313629611e-05
9 7.429993987646127e-05
9 7.416833388800484e-05
9 7.331076438505123e-05
9 7.353912993354095e-05
9 7.362687259050423e-05
9 7.340238714668027e-05
9 7.413078966364257e-05
9 7.330326918913987e-05
9 7.325735947276564e-05
9 7.338385222384452e-05
9 7.377099860631716e-05
9 7.394004676142004e-05
9 7.311044824042428e-05
9 7.336246755900338e-05
9 7.35301689205819e-05
9 7.325127810047875e-05
9 7.399844540952954e-05
9 7.364345592998418e-05
9 7.438663352577611e-05
9 7.43397898209996e-05
9 7.376974977088364e-05
9 7.281653124198677e-05
9 7.387086185209422e-05
9 7.371615208181692e-05
9 7.37542204148859e-05
9 7.318564468520329e-05
9 7.34207178734399e-05
9 7.351483445154057e-05
9 7.408103697351972e-05
9 7.409844864785622e-05
9 7.281700508084023e-05
9 7.367521778360965e-05
9 7.333967189339284e-05
9 7.383800325338472e-05
9 7.377865229590011e-05
9 7.316110033962639e-05
9 7.332836341817638e-05
9 7.284266602107773e-05
9 7.323272037094348e-05
9 7.321981569253425e-05
9 7.34809093136832e-05
9 7.388937706011799e-05
9 7.324206096805025e-05
9 7.359432156195155e-05
9 7.383469627310134e-05
9 7.325327417363418e-05
9 7.387390088150857e-05
9 7.376313735810519e-05
9 7.405660775594588e-05
9 7.40339743032855e-05
9 7.351161690111847e-05
9 7.412229250483827e-05
9 7.326420438134635e-05
9 7.361842193610165e-05
9 7.37370842689089e-05
9 7.261103838891762e-05
9 7.351079010195189e-05
9 7.352559491356216e-05
9 7.381225112702816e-05
9 7.303105007578208e-05
9 7.314034280221654e-05
10 -5.266312331184892e-06
10 -6.071422442040574e-06
10 -5.078528417014991e-06
10 -5.570755853173274e-06
10 -4.86414305933679e-06
10 -5.416108392386327e-06
10 -5.736821471750957e-06
10 -4.267146100195647e-06
10 -5.263638862666983e-06
10 -5.391823125583919e-06
10 -5.044321936345417e-06
10 -4.987889151046152e-06
10 -5.017274948593737e-06
10 -4.895932549689802e-06
10 -4.374825130159316e-06
10 -4.949126176709318e-06
10 -5.414595298806516e-06
10 -4.848747698057153e-06
10 -5.482155531662854e-06
10 -5.290593054462741e-06
10 -5.693077596457106e-06
10 -4.207469126776615e-06
10 -5.03269662183203e-06
10 -4.509343801522545e-06
10 -5.410585413529243e-06
10 -5.175304494700209e-06
10 -4.717419636434563e-06
10 -5.0535443432428e-06
10 -5.969023116121749e-06
10 -5.700592827416087e-06
10 -5.134911035431923e-06
10 -5.59626782778141e-06
10 -5.075539847731516e-06
10 -5.576460238472013e-06
10 -5.251904159589412e-06
10 -5.004348096254434e-06
10 -5.038790838124868e-06
10 -4.88871108105887e-06
10 -4.516028855256393e-06
10 -4.885348358710097e-06
10 -4.79563519635602e-06
10 -5.272310008896526e-06
10 -5.928868721418373e-06
10 -5.129548569240827e-06
10 -4.708094167243551e-06
10 -5.036353669689758e-06
10 -5.512088643158119e-06
10 -5.066195118365639e-06
10 -5.777530324018143e-06
10 -4.997904299307194e-06
10 -5.544749557390277e-06
10 -5.325045050886412e-06
10 -5.304698280160209e-06
10 -4.48885956956243e-06
10 -5.435306551495854e-06
10 -4.928277345729451e-06
10 -4.872147055372285e-06
10 -5.203493084001193e-06
10 -5.537763600919804e-06
10 -5.095278624802287e-06
10 -4.7101444672077e-06
10 -5.333910990205381e-06
10 -5.22379473506737e-06
10 -5.254014578217338e-06
10 -4.934753634426551e-06
10 -5.182231297394236e-06
10 -4.953100656536604e-06
10 -5.809909378381619e-06
10 -5.149859675577579e-06
10 -5.206155599208015e-06
10 -5.20053366152654e-06
10 -4.843706981209458e-06
10 -5.111890362167793e-06
10 -4.84356246248629e-06
10 -4.708864242653399e-06
10 -4.602732830319277e-06
10 -6.071032925393802e-06
10 -5.778066899679728e-06
10 -5.185137592807936e-06
10 -5.881750468739804e-06
10 -5.407310639999994e-06
10 -5.368325370345363e-06
10 -5.374370679634239e-06
10 -5.669360532024628e-06
10 -4.712532091012198e-06
10 -4.74679362762693e-06
10 -4.486065275506264e-06
10 -5.666406763849523e-06
10 -5.628385587197084e-06
10 -4.97404576792626e-06
10 -4.658926566389404e-06
10 -4.934656068206911e-06
10 -4.708449733267293e-06
10 -5.177178487071956e-06
10 -5.439075508679987e-06
10 -4.744943074740469e-06
10 -5.489336578521082e-06
10 -5.029327553038115e-06
10 -4.993335381486113e-06
10 -5.19837372433914e-06
11 7.354585140161538e-05
11 7.376542664297746e-05
11 7.395501036263925e-05
11 7.404297918711634e-05
11 7.379068930618121e-05
11 7.382558280817125e-05
11 7.300089132011835e-05
11 7.3828181816402e-05
11 7.354825902105116e-05
11 7.312461978508716e-05
11 7.293523300039372e-05
11 7.297255165048322e-05
11 7.422312524208787e-05
11 7.407328457463836e-05
11 7.359731986735157e-05
11 7.314951439798646e-05
11 7.263239848414867e-05
11 7.359504733564056e-05
11 7.360853813366054e-05
11 7.405814665881276e-05
11 7.400711127804813e-05
11 7.356660466196665e-05
11 7.366757874531668e-05
11 7.396032795312305e-05
11 7.33619597179571e-05
11 7.368640446384889e-05
11 7.417918465208496e-05
11 7.34106573078195e-05
11 7.457444611872729e-05
11 7.349531626172722e-05
11 7.435757717568171e-05
11 7.403997945009244e-05
11 7.364824442861823e-05
11 7.379417666887287e-05
11 7.318563063419199e-05
11 7.391184720516497e-05
11 7.297805174899688e-05
11 7.402367222788064e-05
11 7.399801222665483e-05
11 7.308980447019804e-05
11 7.352990108231317e-05
11 7.456432086542828e-05
11 7.358838063977555e-05
11 7.398155852487734e-05
11 7.346262165148632e-05
11 7.368901175047512e-05
11 7.297343902654303e-05
11 7.342738465824001e-05
11 7.298558271899495e-05
11 7.361076501748602e-05
11 7.374148407905496e-05
11 7.336765836490782e-05
11 7.408644909402652e-05
11 7.361722202823563e-05
11 7.434999876460528e-05
11 7.437273135553164e-05
11 7.376507156852788e-05
11 7.366975442350645e-05
11 7.4109715892114e-05
11 7.421463887037103e-05
11 7.414295419584275e-05
11 7.352762207321437e-05
11 7.404593454616636e-05
11 7.389991893297454e-05
11 7.360656719313706e-05
11 7.388743897168672e-05
11 7.435588082119555e-05
11 7.342610480075232e-05
11 7.260820819486872e-05
11 7.323409905790269e-05
11 7.375804165107523e-05
11 7.348400139434355e-05
11 7.357456773049965e-05
11 7.417797662922247e-05
11 7.378050986224255e-05
11 7.350702166442535e-05
11 7.398414452093792e-05
11 7.420790829559029e-05
11 7.350675090840616e-05
11 7.300024778792753e-05
11 7.305591314548496e-05
11 7.283102922242719e-05
11 7.414032062914555e-05
11 7.364895868642316e-05
11 7.342567384231812e-05
11 7.378413671628264e-05
11 7.440742352424303e-05
11 7.384127133781429e-05
11 7.454320365130382e-05
11 7.36916605011408e-05
11 7.300021526372014e-05
11 7.313701786910196e-05
11 7.400241682928433e-05
11 7.410446709134603e-05
11 7.433995913057732e-05
11 7.442753815659961e-05
11 7.374456888663572e-05
11 7.334059390874287e-05
11 7.311327106547397e-05
11 7.397044400830459e-05
12 -5.993060890290585e-06
12 -6.264672049742651e-06
12 -5.784286930581117e-06
12 -6.251231811676055e-06
12 -5.842917313748951e-06
12 -5.690450394563429e-06
12 -6.279264550565067e-06
12 -5.879898303630937e-06
12 -5.436076812720766e-06
12 -6.330234693758409e-06
12 -5.93214839518835e-06
12 -5.641582396720455e-06
12 -5.478483436468236e-06
12 -5.884121523983156e-06
12 -6.606096176795849e-06
12 -6.280945822790433e-06
12 -6.365465224179673e-06
12 -6.175419567245782e-06
12 -6.814771490308991e-06
12 -6.339125667837926e-06
12 -6.443804382757293e-06
12 -6.03327015449465e-06
12 -5.878118649002409e-06
12 -6.20628947215833e-06
12 -5.645265907075564e-06
12 -5.56667275413382e-06
12 -5.632092739279786e-06
12 -6.250214243548629e-06
12 -6.570505843645691e-06
12 -5.958621816603031e-06
12 -5.479761793480941e-06
12 -5.997119860769115e-06
12 -6.193963115009659e-06
12 -6.553538496624222e-06
12 -4.99070613516376e-06
12 -6.387466437316863e-06
12 -6.800124908166992e-06
12 -5.53164072050149e-06
12 -6.621243920795602e-06
12 -6.103077532105541e-06
12 -5.986808420356472e-06
12 -5.919179048586718e-06
12 -6.178817863196347e-06
12 -5.998571552853735e-06
12 -5.870390722287251e-06
12 -5.99048848483836e-06
12 -5.793449827236836e-06
12 -6.672870908222313e-06
12 -5.915220791721067e-06
12 -5.481569303364885e-06
12 -6.152435705772277e-06
12 -5.650824981239027e-06
12 -6.179345745379309e-06
12 -5.433115062364162e-06
12 -5.327732249998262e-06
12 -6.222286758419461e-06
12 -6.242460863241461e-06
12 -6.437179831123318e-06
12 -5.813789202014418e-06
12 -6.124313330915151e-06
12 -5.554144135932055e-06
12 -6.185506916222251e-06
12 -5.947375053876508e-06
12 -5.810111915089828e-06
12 -6.64839329407534e-06
12 -6.296183675979292e-06
12 -5.488611749918975e-06
12 -6.334438509330766e-06
12 -5.983527738216289e-06
12 -6.444644666756816e-06
12 -6.215629398265447e-06
12 -5.710755465672843e-06
12 -5.831331161775836e-06
12 -5.551227314687854e-06
12 -5.859784454996953e-06
12 -5.849677447332658e-06
12 -5.899106290153654e-06
12 -6.27205877380573e-06
12 -6.271664806012608e-06
12 -6.546763925454127e-06
12 -6.303326643093804e-06
12 -5.840732273085489e-06
12 -5.724526021710593e-06
12 -6.842054432069274e-06
12 -5.798778260347466e-06
12 -6.359120723691324e-06
12 -5.710511025391921e-06
12 -6.084821123430569e-06
12 -5.427436487563423e-06
12 -6.40611250254746e-06
12 -5.638186213745915e-06
12 -5.406420219375631e-06
12 -5.25444713450131e-06
12 -6.192121328723472e-06
12 -5.900119714862955e-06
12 -6.037326397790077e-06
12 -5.576208791879297e-06
12 -5.887281272730347e-06
12 -5.757608444451272e-06
12 -6.335490123751917e-06
13 8.760063158808344e-05
13 8.828349839107485e-05
13 8.836172346802158e-05
13 8.802868118761187e-05
13 8.861464580654229e-05
13 8.831868544344178e-05
13 8.767477592603297e-05
13 8.851672567615471e-05
13 8.83604743749052e-05
13 8.839563301957017e-05
13 8.818181109869917e-05
13 8.853522277734868e-05
13 8.905204989508538e-05
13 8.785789650819734e-05
13 8.833949323903507e-05
13 8.75071671656692e-05
13 8.821627966357794e-05
13 8.848681480807238e-05
13 8.855610748497211e-05
13 8.814992692306062e-05
13 8.849404724753234e-05
13 8.785545412873294e-05
13 8.815749103117061e-05
13 8.860275258635066e-05
13 8.841958058976044e-05
13 8.953357548072662e-05
13 8.888113299889501e-05
13 8.870555925386505e-05
13 8.830941902112e-05
13 8.85726639210265e-05
13 8.832895502787339e-05
13 8.86636982632156e-05
13 8.815732263438964e-05
13 8.743012689892195e-05
13 8.788736734074386e-05
13 8.794767939176223e-05
13 8.9134087986119e-05
13 8.843381968911681e-05
13 8.85467375164432e-05
13 8.866170299669267e-05
13 8.809986307718624e-05
13 8.853054315033378e-05
13 8.863336493888961e-05
13 8.845562011479186e-05
13 8.877891640729613e-05
13 8.885269700287592e-05
13 8.81156884874999e-05
13 8.847592022549644e-05
13 8.876538271338098e-05
13 8.880549567174377e-05
13 8.753246442513289e-05
13 8.852590292207384e-05
13 8.849328877775988e-05
13 8.773288869249046e-05
13 8.868474910161456e-05
13 8.798870091149618e-05
13 8.913870659799188e-05
13 8.860876801809872e-05
13 8.76148295451283e-05
13 8.745397022596275e-05
13 8.902612371637133e-05
13 8.839352948634867e-05
13 8.786203060375807e-05
13 8.864193076397982e-05
13 8.823851497415521e-05
13 8.839541247788743e-05
13 8.847975056857133e-05
13 8.79940838819865e-05
13 8.882005076074962e-05
13 8.837406242099178e-05
13 8.823095032032492e-05
13 8.815612096327805e-05
13 8.83697952413296e-05
13 8.859846504242456e-05
13 8.800628038135089e-05
13 8.874251920692323e-05
13 8.800701270275314e-05
13 8.752508580814841e-05
13 8.818989483558931e-05
13 8.817454884257016e-05
13 8.789494499571009e-05
13 8.72990650546769e-05
13 8.790555171172809e-05
13 8.857590849371266e-05
13 8.79642224503869e-05
13 8.831161600346277e-05
13 8.898519870688812e-05
13 8.829540637688164e-05
13 8.779523216397418e-05
13 8.838052614335286e-05
13 8.878351408932839e-05
13 8.798385879025004e-05
13 8.824785435413632e-05
13 8.731199709971503e-05
13 8.820272579960136e-05
13 8.736221974161033e-05
13 8.849552091752075e-05
13 8.809308800407094e-05
13 8.86090161876734e-05
13 8.785220439468511e-05
14 -8.489587496075728e-06
14 -8.553873091128242e-06
14 -9.477450386955963e-06
14 -9.278760279014609e-06
14 -8.490286217903069e-06
14 -9.052117651500697e-06
14 -9.158085927793359e-06
14 -8.49848108403556e-06
14 -7.598357876203308e-06
14 -8.152776344528952e-06
14 -8.57847873664181e-06
14 -8.374640500686586e-06
14 -8.293762800643339e-06
14 -8.524742901875094e-06
14 -8.444306202536641e-06
14 -8.46518664003956e-06
14 -8.659021121051981e-06
14 -8.803233024235386e-06
14 -8.993730106574012e-06
14 -8.483046279416341e-06
14 -7.780798617219634e-06
14 -8.974460132319538e-06
14 -8.889175427648692e-06
14 -9.936243537033428e-06
14 -8.75402640159475e-06
14 -9.313044721510675e-06
14 -8.805013269817292e-06
14 -8.607978683154083e-06
14 -8.119379037218533e-06
14 -9.112564104475542e-06
14 -7.945915156385012e-06
14 -8.543729474020828e-06
14 -8.013257005215324e-06
14 -8.811764426682541e-06
14 -8.866561196755196e-06
14 -8.681838241414175e-06
14 -7.999302160176857e-06
14 -8.604697558008171e-06
14 -8.98838716320726e-06
14 -9.053791652257811e-06
14 -7.946402148080522e-06
14 -7.646359053257813e-06
14 -8.960348525697998e-06
14 -8.849583354743916e-06
14 -9.108467030347792e-06
14 -8.1422343555841e-06
14 -8.433328874031877e-06
14 -8.519206308134518e-06
14 -8.890376751669871e-06
14 -8.450180929456384e-06
14 -9.663431066519304e-06
14 -8.537006840256488e-06
14 -9.385256506567469e-06
14 -8.630796841457637e-06
14 -8.392811095946335e-06
14 -8.65479205979202e-06
14 -8.933532538658953e-06
14 -8.370998003160723e-06
14 -8.511841551315219e-06
14 -8.340111076795103e-06
14 -8.514499770366921e-06
14 -8.52689527948732e-06
14 -8.767908439609553e-06
14 -9.125235103795892e-06
14 -8.259511602670248e-06
14 -8.535842610294673e-06
14 -8.463447344729364e-06
14 -9.140323211442995e-06
14 -8.615857463063236e-06
14 -8.608110757181655e-06
14 -9.277773425670763e-06
14 -8.583519590862788e-06
14 -8.944505651805958e-06
14 -8.578456291952183e-06
14 -8.602091406197601e-06
14 -9.509746440280901e-06
14 -7.972552746887654e-06
14 -8.911317046194111e-06
14 -9.084482717826618e-06
14 -9.112772159235455e-06
14 -9.041919997759864e-06
14 -8.938498979041843e-06
14 -9.503700190110616e-06
14 -8.609574060175629e-06
14 -8.780898408991631e-06
14 -8.572355251637541e-06
14 -9.137604953076782e-06
14 -8.858826554652728e-06
14 -7.989066987044764e-06
14 -8.352552270683159e-06
14 -8.560743511955443e-06
14 -8.0229572183527e-06
14 -8.901258172918473e-06
14 -8.527123755259019e-06
14 -9.152751960777713e-06
14 -8.102696175656999e-06
14 -8.51024180617831e-06
14 -8.487480934393395e-06
14 -8.045552590653804e-06
14 -8.973765380475254e-06
15 0.0001294655693296719
15 0.000130453729055881
15 0.0001305332595235776
15 0.0001302016825946568
15 0.0001309394272504162
15 0.0001304677162581035
15 0.0001303548968306401
15 0.0001312319031816739
15 0.0001312662580064934
15 0.0001293610393726027
15 0.0001303836373590769
15 0.0001301647830558237
15 0.0001307080305019944
15 0.0001311162860715703
15 0.0001300202688004552
15 0.0001307080221916273
15 0.0001301826923638731
15 0.0001299268318650296
15 0.000130106643125613
15 0.0001301735211383385
15 0.0001314126470407182
15 0.0001301872916685877
15 0.000130996747341588
15 0.0001304818529356474
15 0.0001304088490063473
15 0.0001302971577098039
15 0.0001305141896292429
15 0.0001302396132119444
15 0.000130452028013203
15 0.0001303167026187945
15 0.0001300581480663107
15 0.000131112045749384
15 0.0001302222743239762
15 0.000130744254957149
15 0.0001306067931438613
15 0.0001298874133138098
15 0.0001306053241014237
15 0.0001303321171163172
15 0.0001304227163618601
15 0.0001311446885415828
15 0.0001311281176247987
15 0.0001308072137179088
15 0.0001306717701283237
15 0.0001299888250681239
15 0.0001296223740806871
15 0.0001300972853644764
15 0.000130293374993334
15 0.0001303002046334076
15 0.0001305103255787695
15 0.0001300337880306042
15 0.0001298756117887558
15 0.0001305643479470127
15 0.0001313811283854474
15 0.0001308720996846501
15 0.0001307707971875476
15 0.0001293990934125774
15 0.0001306316196259674
15 0.0001306367581846158
15 0.000131283839201206
15 0.0001302053524262762
15 0.000130923534068349
15 0.0001306004356764792
15 0.0001304196379712305
15 0.0001297782107995689
15 0.0001307893418373941
15 0.0001305229461209964
15 0.0001298713580661057
15 0.0001302532955302531
15 0.0001306117400233312
15 0.0001309477129571081
15 0.0001306168940734053
15 0.0001303247523033136
15 0.000129896707227804
15 0.0001305710384564256
15 0.000130480725509396
15 0.0001306082738977163
15 0.0001311535120957313
15 0.0001319492113710734
15 0.0001302535370961902
15 0.0001303834955888741
15 0.0001303623955120647
15 0.0001311533478405753
15 0.0001301820686453172
15 0.0001317901602705051
15 0.0001298550355478846
15 0.000130997771199775
15 0.000130765713948137
15 0.0001301678455586507
15 0.0001308774414501745
15 0.0001303148261529267
15 0.0001302424115687619
15 0.0001311449984356543
15 0.0001303531749560716
15 0.0001311501895667025
15 0.0001307232134602393
15 0.0001302946756933541
15 0.0001305470395943136
15 0.0001300610442321499
15 0.0001299345144189069
15 0.0001307208065616526
16 -1.720985470109106e-05
16 -1.761944606889726e-05
16 -1.763798172756134e-05
16 -1.776937070438529e-05
16 -1.764861126427596e-05
16 -1.704872193412138e-05
16 -1.784702416001826e-05
16 -1.79547310227068e-05
16 -1.722564571305458e-05
16 -1.710452078670788e-05
16 -1.673441407841286e-05
16 -1.706393261129241e-05
16 -1.731110905770751e-05
16 -1.763306234767886e-05
16 -1.679801495185225e-05
16 -1.701094721073962e-05
16 -1.690702341128512e-05
16 -1.807915005611711e-05
16 -1.652856464464798e-05
16 -1.75985958014971e-05
16 -1.858782790960439e-05
16 -1.75457178185894e-05
16 -1.841894312079059e-05
16 -1.680467280508742e-05
16 -1.742262180243533e-05
16 -1.725644228706909e-05
16 -1.774706467896305e-05
16 -1.663201889682864e-05
16 -1.821852817325348e-05
16 -1.775080664376793e-05
16 -1.876727819221095e-05
16 -1.766929568144428e-05
16 -1.719508728474766e-05
16 -1.779406832596314e-05
16 -1.817537328360377e-05
16 -1.764818964988722e-05
16 -1.762989706559855e-05
16 -1.812168003430847e-05
16 -1.794247577106023e-05
16 -1.761419897900633e-05
16 -1.679436687710036e-05
16 -1.716400787281853e-05
16 -1.700601000680629e-05
16 -1.733374910623501e-05
16 -1.729493427499152e-05
16 -1.755506858937869e-05
16 -1.691381286241745e-05
16 -1.763534620432572e-05
16 -1.772482515586995e-05
16 -1.744872273840814e-05
16 -1.703702931968824e-05
16 -1.742190889493252e-05
16 -1.816629493949613e-05
16 -1.776329036481012e-05
16 -1.848777478071911e-05
16 -1.712700700405672e-05
16 -1.65131192636034e-05
16 -1.645685886664612e-05
16 -1.781981480963908e-05
16 -1.736426371664655e-05
16 -1.717770864008664e-05
16 -1.706265923928838e-05
16 -1.757680193773042e-05
16 -1.563600711650584e-05
16 -1.745710992769723e-05
16 -1.799201501266926e-05
16 -1.730976244342277e-05
16 -1.747199845205914e-05
16 -1.697028972089598e-05
16 -1.7344234598058e-05
16 -1.7600838942555e-05
16 -1.806459342827158e-05
16 -1.727097702160147e-05
16 -1.650876482885835e-05
16 -1.751928760235833e-05
16 -1.745701807702411e-05
16 -1.785123252226484e-05
16 -1.724216030376451e-05
16 -1.683953391038366e-05
16 -1.734965801721605e-05
16 -1.739039892709595e-05
16 -1.657431811945915e-05
16 -1.731701913064553e-05
16 -1.738325083812932e-05
16 -1.75320527841521e-05
16 -1.687547915764213e-05
16 -1.659148025930902e-05
16 -1.74112901491153e-05
16 -1.685406351594573e-05
16 -1.759405913855488e-05
16 -1.828798258843542e-05
16 -1.721303382858303e-05
16 -1.754761675333322e-05
16 -1.749253891821076e-05
16 -1.723954421332877e-05
16 -1.721595792260055e-05
16 -1.783653607011546e-05
16 -1.824926889205184e-05
16 -1.749631293604131e-05
16 -1.77476492187607e-05
17 0.0002599034223377332
17 0.0002607030373025748
17 0.00026102003726174
17 0.0002615822098201649
17 0.0002609869856665877
17 0.0002597206389202392
17 0.0002607697363166307
17 0.0002601403964195665
17 0.0002594254496022029
17 0.0002606325332177213
17 0.0002612615963594276
17 0.0002605755009806317
17 0.000260146117624376
17 0.0002605342216913007
17 0.0002615846597124298
17 0.0002597933173342448
17 0.0002607862564714611
17 0.0002605472820573112
17 0.0002602628491737329
17 0.0002596244019309593
17 0.0002602508766016885
17 0.0002598229351694157
17 0.0002606040771769917
17 0.0002602881925743748
17 0.0002605125105986587
17 0.0002603042368963319
17 0.0002600188500286099
17 0.0002608218744212653
17 0.0002609372177224902
17 0.0002612469934573176
17 0.0002597462970582885
17 0.0002600202208600634
17 0.0002604929477195916
17 0.0002605199509268623
17 0.0002597281294770689
17 0.0002596964533446082
17 0.0002598497478886369
17 0.0002601077095047994
17 0.0002600894295673132
17 0.0002599817943725416
17 0.0002612888608805612
17 0.0002600305770414033
17 0.0002601196171843116
17 0.000260105422457624
17 0.0002606422164564054
17 0.0002599499519673589
17 0.0002606028286018556
17 0.0002603852159384071
17 0.0002600580789025829
17 0.0002610433045867789
17 0.0002600781188773607
17 0.0002597966835510329
17 0.0002599025734496382
17 0.0002606125176784889
17 0.0002593232058921637
17 0.0002588079730746446
17 0.0002614285916430592
17 0.0002609801998211012
17 0.0002602911304629854
17 0.0002603262320481688
17 0.0002601132764615412
17 0.000261270934156738
17 0.0002597504184425634
17 0.0002597039400425921
17 0.0002601287194981356
17 0.0002603848483835852
17 0.0002620239468852265
17 0.0002602285565992453
17 0.0002607057841045314
17 0.0002606418332018646
17 0.0002604403979569768
17 0.000261602713407927
17 0.0002608428279848096
17 0.0002602565148920555
17 0.000260889808772444
17 0.0002603484630440205
17 0.0002608156495890954
17 0.0002609013217035558
17 0.0002601785514263328
17 0.0002602677357311193
17 0.0002602726479229892
17 0.0002601214556500372
17 0.0002601817910472739
17 0.0002605922217199808
17 0.000260417922784516
17 0.0002610473526712107
17 0.0002611047670070759
17 0.0002610949506307641
17 0.0002617913705314395
17 0.0002608019375361425
17 0.0002606293025002699
17 0.0002605286168483284
17 0.0002603378709932844
17 0.0002601111293578055
17 0.0002602019075720147
17 0.0002599352981168382
17 0.0002597850514898618
17 0.0002601215342450117
17 0.0002606151199406172
17 0.0002591958085774893
18 -4.855183441130858e-05
18 -4.742766801914077e-05
18 -4.799904622027764e-05
18 -4.953232491513818e-05
18 -4.843529042367683e-05
18 -4.800167913635449e-05
18 -4.859395992914208e-05
18 -4.850151130175617e-05
18 -4.677250820405022e-05
18 -4.767228364363847e-05
18 -4.825823254324626e-05
18 -4.855608837795015e-05
18 -4.814335675624737e-05
18 -4.847105053358551e-05
18 -4.78014907976561e-05
18 -4.833885056938661e-05
18 -4.7248532367071e-05
18 -4.861699590024263e-05
18 -4.83811343596301e-05
18 -4.674339545125648e-05
18 -4.859784040878612e-05
18 -4.823513243683371e-05
18 -4.928339142049308e-05
18 -4.850624066202812e-05
18 -4.727251053406838e-05
18 -4.876118119316919e-05
18 -4.805398186135244e-05
18 -4.745564031085552e-05
18 -4.735933901864592e-05
18 -4.923966068542174e-05
18 -4.747050214220428e-05
18 -4.850473949499718e-05
18 -4.883966324520034e-05
18 -4.731004816573448e-05
18 -4.759282222702462e-05
18 -4.803171845380411e-05
18 -4.827509497325736e-05
18 -4.810373999751001e-05
18 -4.876097426001006e-05
18 -4.828159279033543e-05
18 -4.780723333612682e-05
18 -4.696909011729144e-05
18 -4.793691381216387e-05
18 -4.808049405900636e-05
18 -4.716869863701809e-05
18 -4.758210621363577e-05
18 -4.812373594441028e-05
18 -4.867848259296677e-05
18 -4.795611996097972e-05
18 -4.803595335279852e-05
18 -4.771259988800156e-05
18 -4.829657717989349e-05
18 -4.737367413254991e-05
18 -4.759796116050694e-05
18 -4.750122235268561e-05
18 -4.835759922704887e-05
18 -4.907335240132923e-05
18 -4.914066494743019e-05
18 -4.668658560019673e-05
18 -4.803283528320094e-05
18 -4.812669435946311e-05
18 -4.806488753202432e-05
18 -4.83408554164328e-05
18 -4.689396250034364e-05
18 -4.812032392897199e-05
18 -4.8372437261311e-05
18 -4.768155860928708e-05
18 -4.734443664277908e-05
18 -4.68825371424817e-05
18 -4.772125982956496e-05
18 -4.727939471169503e-05
18 -4.877005961887831e-05
18 -4.729921962784972e-05
18 -4.842578362180323e-05
18 -4.851331742152156e-05
18 -4.713648128817757e-05
18 -4.91334748204981e-05
18 -4.601935680341423e-05
18 -4.790028276481329e-05
18 -4.852730532872491e-05
18 -4.846490048840924e-05
18 -4.746302596142493e-05
18 -4.848298374956382e-05
18 -4.685080944018094e-05
18 -4.790258927031283e-05
18 -4.837801983387905e-05
18 -4.913818115573553e-05
18 -4.806313965178064e-05
18 -4.75761072272833e-05
18 -4.788424740089189e-05
18 -4.811135947463438e-05
18 -4.888396725244023e-05
18 -4.794769818043226e-05
18 -4.75517059941132e-05
18 -4.855771712121557e-05
18 -4.83111142527194e-05
18 -4.772981200588051e-05
18 -4.675236225744604e-05
18 -4.773107246034586e-05
18 -4.66740256210035e-05
19 0.0009764540647564136
19 0.0009762454129255784
19 0.0009754496717744323
19 0.000976009756701733
19 0.0009763277159297468
19 0.000976286442772281
19 0.0009761917300362174
19 0.0009762704062210877
19 0.0009785471909488891
19 0.0009761289599932982
19 0.0009741404039246385
19 0.0009776910628784054
19 0.0009756355061150968
19 0.0009751494379187579
19 0.0009753172436113802
19 0.0009760773179563597
19 0.0009743774455354957
19 0.0009759380370036013
19 0.0009768116299929347
19 0.0009755376535517198
19 0.0009745408293074595
19 0.000976135486627955
19 0.0009770044531780234
19 0.0009743174913714035
19 0.0009769742893774145
19 0.000975049354450129
19 0.0009753952464649799
19 0.0009764307185676422
19 0.0009740649523382941
19 0.0009767658037427798
19 0.0009764469987117143
19 0.0009763789315268062
19 0.0009772509408814172
19 0.0009767936867163798
19 0.0009753325599526261
19 0.0009773283885671039
19 0.000977508728031637
19 0.0009754906757007028
19 0.0009766042962040127
19 0.0009746075193258379
19 0.000977221241016154
19 0.0009759584778495639
19 0.0009761660269008273
19 0.000975444015797203
19 0.0009763764067192693
19 0.0009761054300513405
19 0.0009769468447553238
19 0.0009752887033250985
19 0.0009758271484593913
19 0.000975566040838139
19 0.0009745714551048049
19 0.0009755438505372149
19 0.0009771749910816144
19 0.0009750327785640668
19 0.0009772048766648673
19 0.0009758152214789425
19 0.0009761658133805396
19 0.0009754225823159045
19 0.0009743576836730579
19 0.000975714439568005
19 0.0009766622049750382
19 0.0009762637119514291
19 0.000976160081112889
19 0.0009758172564728881
19 0.0009749530545437527
19 0.0009757941332896313
19 0.0009769388012529533
19 0.0009778110024070188
19 0.0009774361691807147
19 0.0009767668209326816
19 0.0009748306694704847
19 0.0009758555996522928
19 0.0009764242275004639
19 0.0009749570998935846
19 0.000976978459753799
19 0.0009741612829456767
19 0.0009765016593268919
19 0.0009761696384815082
19 0.0009770682593182048
19 0.0009752767485042374
19 0.0009757946259372801
19 0.0009757677167175205
19 0.0009764372515816091
19 0.0009744820582272476
19 0.0009749619666884046
19 0.0009762225350206811
19 0.000975445377944461
19 0.0009760220720748124
19 0.0009755081812469901
19 0.000975092046656374
19 0.0009746839792428555
19 0.0009764243167020842
19 0.0009749500360779989
19 0.0009758421856729773
19 0.0009764037199969551
19 0.0009748966047317522
19 0.0009751648848707871
19 0.0009755721349094491
19 0.0009760412779390971
19 0.0009766727795756811
