0 0.01694159621067134
0 0.01695924731883813
0 0.01694649681965331
0 0.0169525981290447
0 0.01694355706284487
0 0.01695123140550979
0 0.01694612276702198
0 0.01694410028941311
0 0.01694841047696709
0 0.01695046548415636
0 0.01695638154180246
0 0.01695874734616621
0 0.01695697887723825
0 0.01693607827157578
0 0.01694909721227983
0 0.01694811466099385
0 0.01695151765686294
0 0.01695601313700018
0 0.01695114833863787
0 0.01695434091568109
0 0.01695126795653784
0 0.01695258672021266
0 0.01694143124743511
0 0.0169480731533175
0 0.01694109528979481
0 0.0169529032235151
0 0.01696258912222646
0 0.01693583705813538
0 0.0169387012516859
0 0.01694489748505138
0 0.01693863030632355
0 0.01694712714688206
0 0.01696685168124263
0 0.01694480589495254
0 0.01694392945536182
0 0.01694085160616371
0 0.01693663620136958
0 0.01695156123418288
0 0.01696072094782758
0 0.01695856253338975
0 0.01696092572275958
0 0.01694597239770695
0 0.01695385285864284
0 0.01693918708911854
0 0.01695605662386941
0 0.01695858830171436
0 0.01695258775426358
0 0.01695436146679868
0 0.01694509852208557
0 0.01694291524795045
0 0.01694876446169908
0 0.01694290516717981
0 0.0169443902236927
0 0.01694863438736281
0 0.01694269677673941
0 0.01695257167560299
0 0.01694670802821435
0 0.01694725897340708
0 0.01693984634675605
0 0.01694272976717404
0 0.01695173274408962
0 0.01696307156530288
0 0.016952920676161
0 0.01694425902354888
0 0.0169566240473374
0 0.01695919014001695
0 0.01694473307951947
0 0.01694201860251325
0 0.01694973703506076
0 0.0169412032773939
0 0.01696512698429569
0 0.01695255310646757
0 0.0169499457399881
0 0.01695152592644152
0 0.01695076647478729
0 0.01694252348785155
0 0.01694744049387095
0 0.01694782247999059
0 0.01694106060560726
0 0.01694811436241282
0 0.01695667530751756
0 0.01693927975472315
0 0.01695055295486517
0 0.01694217025794777
0 0.0169421544788685
0 0.01695614958964621
0 0.01694135993027637
0 0.01694943187360556
0 0.01696317226361887
0 0.01693795036730606
0 0.0169455642615976
0 0.01694997664598171
0 0.01694390958795791
0 0.01694695488904012
0 0.01695153747001758
0 0.01694551173217806
0 0.01695042663814595
0 0.01694495442193282
0 0.01694260947447979
0 0.01693685879035371
1 0.00999704821863357
1 0.01000438336058113
1 0.01000505796959879
1 0.01000546261181074
1 0.009990160802359678
1 0.01000055490320357
1 0.0100108005738382
1 0.009997492557779438
1 0.009998946293058596
1 0.009994844854612172
1 0.01000056773293482
1 0.01000156350544419
1 0.01000432339583144
1 0.01000391909007109
1 0.01000121235344172
1 0.009999891983284542
1 0.01001071924306231
1 0.01000354992006365
1 0.01000244276689929
1 0.0100057277294508
1 0.009995697604962648
1 0.01000344362839787
1 0.009997170116850125
1 0.01000390452951475
1 0.009995758637070154
1 0.01000456827225384
1 0.0100021172351172
1 0.009997301058737614
1 0.009998762185683691
1 0.01000836448617335
1 0.01000342272188676
1 0.00999523893027632
1 0.01000606485827448
1 0.01000204682053649
1 0.0100009507052186
1 0.009997945999844102
1 0.0100047041071157
1 0.01000342837779191
1 0.009999809042822546
1 0.00999572830563067
1 0.009997895325272908
1 0.01000204023715433
1 0.009996322982854214
1 0.01000229412603147
1 0.01000080375668394
1 0.01000124239731668
1 0.009995912592440114
1 0.01000605064763233
1 0.009999767608934006
1 0.01000584102923569
1 0.01000420521994525
1 0.01000181544001674
1 0.01000929112599936
1 0.009998881783575006
1 0.009998434395828022
1 0.009999532454024745
1 0.01000395704753917
1 0.01000206054831533
1 0.01000100171506584
1 0.01000019865528992
1 0.0100018961811139
1 0.01000039768515433
1 0.009999235677809492
1 0.00999167688209509
1 0.009989494322907416
1 0.009994172337174598
1 0.01000766793743444
1 0.01000181020643214
1 0.009996615369889522
1 0.009994581280961879
1 0.0099970483487474
1 0.01000350895164092
1 0.009997287477656797
1 0.009997118484800034
1 0.01000453466309313
1 0.01000128782188047
1 0.01000288028848935
1 0.01000309298449646
1 0.009999821181310431
1 0.009993957625268245
1 0.00999550321298875
1 0.009999831223769212
1 0.01000173848288316
1 0.01000097371399918
1 0.009998416071433799
1 0.01000395702949489
1 0.01000126209263792
1 0.009996196401311875
1 0.009996773224676708
1 0.01000479422228113
1 0.01000266884516878
1 0.009999424625458023
1 0.01000074607475704
1 0.009993097754993753
1 0.00999312190558824
1 0.009996148698952744
1 0.01000031598687073
1 0.009993243434312152
1 0.0099974043378502
1 0.0100034509143657
2 9.052352432344734e-05
2 8.108172058543043e-05
2 9.300345073876242e-05
2 8.196756830217644e-05
2 8.78207212273904e-05
2 8.938889548901068e-05
2 8.500813462517581e-05
2 7.956130968642319e-05
2 8.399135886031755e-05
2 9.112592907899831e-05
2 8.391955580994074e-05
2 8.967919917465069e-05
2 8.732010170671463e-05
2 8.816000016567869e-05
2 9.012066511398256e-05
2 8.380705020021018e-05
2 8.710150844113721e-05
2 8.132885891284324e-05
2 9.260922846683655e-05
2 8.301040763443574e-05
2 8.52115920491956e-05
2 7.982537727176911e-05
2 8.234322950666271e-05
2 8.730708220194012e-05
2 8.211344336094361e-05
2 8.584153108383697e-05
2 9.047568750458325e-05
2 8.996713259051934e-05
2 8.612595685543455e-05
2 7.638500524031749e-05
2 8.257952811165518e-05
2 8.723619654581369e-05
2 8.469554648758653e-05
2 8.065494694152553e-05
2 8.473510837390246e-05
2 8.535034729558078e-05
2 8.766869042268488e-05
2 9.402903432482406e-05
2 9.481676677885524e-05
2 8.212390521397295e-05
2 8.186542776735801e-05
2 8.50063709026642e-05
2 8.168897014859679e-05
2 8.765125344737519e-05
2 8.207574771947253e-05
2 8.936977781186105e-05
2 8.073198373757762e-05
2 8.697277607874597e-05
2 7.786625806433676e-05
2 8.48026277337575e-05
2 8.361189684541753e-05
2 9.13065812206596e-05
2 8.792881130076941e-05
2 7.779385535097555e-05
2 8.664601422546316e-05
2 9.127724646284155e-05
2 8.587199697626225e-05
2 8.913991997257859e-05
2 9.2117371297742e-05
2 8.305993539276008e-05
2 9.01427535693504e-05
2 9.056956364127739e-05
2 8.921045549837835e-05
2 8.542942599643966e-05
2 8.742311154207479e-05
2 8.477240074719063e-05
2 8.411844601359718e-05
2 8.358487265098704e-05
2 9.035121424923646e-05
2 8.088156944225585e-05
2 7.543331552419548e-05
2 7.963616132205641e-05
2 8.795356923804198e-05
2 8.335375135444646e-05
2 8.809479678572908e-05
2 8.299625517188831e-05
2 8.85569505540218e-05
2 8.655661744631798e-05
2 8.834937636840623e-05
2 8.056889201588359e-05
2 8.126606417572104e-05
2 8.561995726524347e-05
2 8.701792029434315e-05
2 8.982067410258951e-05
2 8.568983676822866e-05
2 8.819415354442795e-05
2 8.951397628110836e-05
2 8.598977182322531e-05
2 8.332615222911353e-05
2 7.791968425819992e-05
2 8.426541025640789e-05
2 8.428934085063385e-05
2 9.10231892375165e-05
2 8.921291005817348e-05
2 8.092852162004903e-05
2 9.174868027378782e-05
2 7.970325522004415e-05
2 8.341872286155517e-05
2 8.928424210703617e-05
2 9.328760373324984e-05
3 0.001127468300274562
3 0.001127974854471929
3 0.001129103305653931
3 0.001123526506311563
3 0.00113138331622722
3 0.001130945298988872
3 0.001126616132963766
3 0.001118090239977053
3 0.001131994885205985
3 0.001120446519929132
3 0.001128604908506607
3 0.001122717122725721
3 0.001134184325796489
3 0.001132835093547762
3 0.001131866513839059
3 0.00112965860269356
3 0.001120821404222563
3 0.001136752861626353
3 0.001126780089279554
3 0.001128015540467373
3 0.001123732044884069
3 0.001129912614140366
3 0.001130813051573538
3 0.001126294036392644
3 0.001121952155321885
3 0.001122283852820067
3 0.001129169697772179
3 0.001130576362401832
3 0.00112565948662463
3 0.001130902108861288
3 0.001123619648220139
3 0.001127107872844026
3 0.001127408271150555
3 0.001120597178300809
3 0.001117672527736948
3 0.001125055228261831
3 0.001121069949725654
3 0.001129591570134867
3 0.001134827757044879
3 0.001125093675474103
3 0.001124353545910081
3 0.001122481250624563
3 0.001128933364789986
3 0.001127228596729482
3 0.001126981938937743
3 0.001125714862120572
3 0.001126588514646625
3 0.001129137313669046
3 0.001130689641837674
3 0.001133817235219911
3 0.001124849855739877
3 0.001130257168068914
3 0.001126277662811585
3 0.001135837032238114
3 0.001128645610752168
3 0.001128739545216351
3 0.001124058264462624
3 0.001118432781292138
3 0.001130364208762705
3 0.00113491629903381
3 0.001128878550036752
3 0.001127483563536524
3 0.001126667158665572
3 0.001125259289161753
3 0.001121312353320541
3 0.001115852116642619
3 0.001128250054748026
3 0.001130923238938236
3 0.001127942370046587
3 0.001117509418534187
3 0.001124102435228149
3 0.001125059408623295
3 0.001121602746946733
3 0.001125269102216497
3 0.001126960629569782
3 0.001129811825953577
3 0.001131929557500163
3 0.001122207737007413
3 0.001125116656626304
3 0.001130134872428533
3 0.001122564958288507
3 0.001125972212284312
3 0.001126298995748848
3 0.00112324706065381
3 0.001124094137185112
3 0.00113111198556959
3 0.001124427825105194
3 0.001126586507567495
3 0.001125454932507644
3 0.001124217652972854
3 0.001131488571593353
3 0.001121777122139984
3 0.001131865945449544
3 0.00113356304026301
3 0.001128474929219456
3 0.001125868338702741
3 0.001128788315063833
3 0.001136394164203937
3 0.001129106278193456
3 0.001128633515734524
4 -0.0003475813848433872
4 -0.0003464631724099148
4 -0.0003463615624761674
4 -0.0003433739923126118
4 -0.0003471332249720899
4 -0.0003489290807704841
4 -0.0003426251641902192
4 -0.0003409713075864761
4 -0.000345620333737851
4 -0.0003508067429407985
4 -0.0003475530062059261
4 -0.0003434259435265709
4 -0.0003559909043953963
4 -0.0003488967149774432
4 -0.0003504139435829688
4 -0.0003515128684790757
4 -0.0003451063471985361
4 -0.0003505119165312865
4 -0.0003441476856308534
4 -0.0003486606947023933
4 -0.0003509283394809823
4 -0.0003486797337913629
4 -0.0003495820148680724
4 -0.0003425338136145852
4 -0.0003393367942242685
4 -0.0003427581076210985
4 -0.0003484507503739497
4 -0.0003508028601795113
4 -0.000350266705576526
4 -0.0003552160722922616
4 -0.0003459317239871559
4 -0.0003453614310711031
4 -0.0003480231117224029
4 -0.000348625137541597
4 -0.0003486655016062839
4 -0.0003402977940851385
4 -0.0003453223560178758
4 -0.000346348169978362
4 -0.0003442328130488078
4 -0.0003457006894475
4 -0.0003458566426713447
4 -0.0003523903151868664
4 -0.0003481937729838929
4 -0.0003433807743390987
4 -0.00034759270658808
4 -0.0003448162363807261
4 -0.0003537293090974544
4 -0.0003442438306971548
4 -0.0003538574450885607
4 -0.0003474678346516133
4 -0.0003442004458414577
4 -0.0003469187226509273
4 -0.0003498217526439601
4 -0.0003460208258003609
4 -0.0003466865938683873
4 -0.0003473986303962467
4 -0.0003446383047164092
4 -0.0003442081622718819
4 -0.0003346183246378921
4 -0.0003418370053790947
4 -0.0003441589914958695
4 -0.0003474071526285203
4 -0.0003472531606338444
4 -0.0003470501573834773
4 -0.0003538852173862239
4 -0.0003417172727822811
4 -0.000348261057028211
4 -0.0003467974232577052
4 -0.0003464937393923255
4 -0.0003473070704601499
4 -0.0003443631031633413
4 -0.0003471042769235683
4 -0.0003416951999202578
4 -0.0003475275130032038
4 -0.0003471867326286706
4 -0.0003438849418685836
4 -0.0003485123593615356
4 -0.0003417145611314485
4 -0.0003411011078911649
4 -0.000352442267053153
4 -0.0003480863119819661
4 -0.0003449993549179738
4 -0.0003435191290114048
4 -0.0003440651254589572
4 -0.0003538735138970766
4 -0.0003464934074848456
4 -0.0003499888926701133
4 -0.0003514166943980352
4 -0.0003507684643103196
4 -0.000352136335892865
4 -0.0003558667811403367
4 -0.0003494386777740707
4 -0.0003474539900377612
4 -0.0003515228539182686
4 -0.0003480694440179054
4 -0.0003444900918447433
4 -0.0003503984773467716
4 -0.0003459592309133674
4 -0.0003463345145218166
4 -0.0003444817951790477
5 0.0005197836400436636
5 0.0005220084679852444
5 0.0005173433076707073
5 0.0005266570309432296
5 0.0005230718023189833
5 0.0005157481056669074
5 0.0005225841048102526
5 0.0005246488849403058
5 0.0005243156312808188
5 0.0005245460765225258
5 0.0005247073482560972
5 0.0005211611219586383
5 0.0005166963107428576
5 0.0005214021363214181
5 0.000520498669349341
5 0.000526752764833659
5 0.0005215398228209603
5 0.00052483008143765
5 0.0005137056063463413
5 0.000517431821879177
5 0.0005232380129972974
5 0.0005182768898800705
5 0.0005219828082221021
5 0.0005232997568320921
5 0.0005190117142164468
5 0.0005252166971402791
5 0.0005266494290761629
5 0.0005263016070290289
5 0.0005217414143377202
5 0.0005185149583292675
5 0.0005250395925025671
5 0.0005158024131787317
5 0.000515905182131735
5 0.0005191110945285753
5 0.0005217463486124663
5 0.0005176337211011781
5 0.0005224812017869413
5 0.0005230498403799727
5 0.0005222292736085829
5 0.0005162445390392788
5 0.0005199291663073802
5 0.0005273927197285515
5 0.000524751102055045
5 0.0005130161292320276
5 0.0005155623074867037
5 0.0005224596609795265
5 0.0005229061026644237
5 0.0005230144376418759
5 0.0005115228721870543
5 0.0005238204712656702
5 0.0005183966133127858
5 0.0005172121632242717
5 0.0005129558062548348
5 0.0005188028632313099
5 0.0005208743704417996
5 0.000514145187264663
5 0.0005252861251249419
5 0.0005248852219470139
5 0.0005227538492371834
5 0.0005235280701392737
5 0.0005223544816137498
5 0.0005147404004648915
5 0.0005134084711924476
5 0.0005185494184197171
5 0.000511993421823245
5 0.0005188347544129049
5 0.000521455098477569
5 0.0005178123953285426
5 0.0005191393745551818
5 0.0005186903541595957
5 0.0005199952794332861
5 0.0005215740780638805
5 0.0005298980379862923
5 0.0005247615576201926
5 0.0005118896335266131
5 0.0005231946888689136
5 0.0005206075751473986
5 0.0005169457416390342
5 0.0005135102237682324
5 0.0005158536632698437
5 0.0005232657756444771
5 0.0005260637738222104
5 0.0005153412577516636
5 0.0005216182268992612
5 0.0005105174563973261
5 0.0005202255663900988
5 0.0005108027702991692
5 0.0005203537897312201
5 0.0005193262360273624
5 0.0005209754115154367
5 0.0005204272547920041
5 0.0005341961944714443
5 0.0005211199466645536
5 0.0005202718871469832
5 0.0005156812045753701
5 0.0005209344572024607
5 0.0005192204297107143
5 0.0005238650367236535
5 0.0005167392204296873
5 0.0005200567202365032
6 -0.0003219632364386979
6 -0.0003260394912554704
6 -0.0003184611750046749
6 -0.0003186522268410758
6 -0.0003241290230616545
6 -0.0003206383514319274
6 -0.0003230335110373173
6 -0.0003215717742934319
6 -0.0003230286430202433
6 -0.0003228851687400021
6 -0.0003164475371518994
6 -0.0003181314356616534
6 -0.0003212458811975046
6 -0.0003216933083669675
6 -0.0003181477489908877
6 -0.0003213039688379513
6 -0.0003224063106391308
6 -0.000318398383547109
6 -0.000320759133635644
6 -0.000321271038372342
6 -0.0003171728440366718
6 -0.0003259437311652744
6 -0.0003245267796875651
6 -0.0003227680620907135
6 -0.0003205946528733703
6 -0.0003214341984785565
6 -0.0003182879688851094
6 -0.0003173407615049861
6 -0.0003168591336521523
6 -0.0003237318337667622
6 -0.000315220755602456
6 -0.0003170530667391583
6 -0.0003141419240621477
6 -0.0003168451479957929
6 -0.0003228174521341227
6 -0.0003231070889232385
6 -0.0003158555100901695
6 -0.0003162966345916896
6 -0.0003182490848626618
6 -0.0003211326391681952
6 -0.0003234852866436929
6 -0.0003236670067583436
6 -0.000317491473858043
6 -0.0003182221205479858
6 -0.0003210079976248542
6 -0.0003277407233950949
6 -0.0003193733821513477
6 -0.0003168237979444944
6 -0.0003181757366575222
6 -0.0003212029748230181
6 -0.0003207184936665887
6 -0.0003199725398231513
6 -0.000321686497069689
6 -0.0003144028705685449
6 -0.0003139975263807641
6 -0.0003233815427573196
6 -0.0003224796518120048
6 -0.0003158488001011776
6 -0.0003179704155620049
6 -0.0003133115215859551
6 -0.0003280287922967889
6 -0.0003211970598080567
6 -0.0003179176280266601
6 -0.0003249990241377353
6 -0.000317140135538636
6 -0.0003215941790577439
6 -0.0003207503427943484
6 -0.000324489004482359
6 -0.0003134388595388723
6 -0.0003107197492096848
6 -0.0003194870205498521
6 -0.0003166446069940523
6 -0.0003104176394548879
6 -0.0003210173404740657
6 -0.0003134313550175335
6 -0.0003207261208698702
6 -0.000315768626858904
6 -0.000317799241925887
6 -0.0003175893192716118
6 -0.0003223398345099416
6 -0.0003145150667037042
6 -0.0003222595936106529
6 -0.0003242517210993279
6 -0.0003237973672738642
6 -0.0003150552305777724
6 -0.0003207736046573895
6 -0.0003280287828837382
6 -0.0003201462473093352
6 -0.0003180861316712165
6 -0.0003198889192801801
6 -0.0003161530150082623
6 -0.0003252796817238944
6 -0.0003204625128455655
6 -0.0003161281846226726
6 -0.0003201245457059663
6 -0.0003208272955058192
6 -0.000319989452125963
6 -0.0003207066744215887
6 -0.0003245637868447525
6 -0.0003196966936265731
7 0.0004045327342311933
7 0.0003929281460680413
7 0.0003980580829811239
7 0.0003987035776217233
7 0.0003977091907697905
7 0.0003929455696723141
7 0.0004019171108127854
7 0.0004018619092815463
7 0.0004021947870503773
7 0.0003952240588279841
7 0.0004007983122637974
7 0.0003958454846473464
7 0.0003957887016449857
7 0.0004016643497465099
7 0.0004013202248676452
7 0.0004000310253705093
7 0.0003987623950586241
7 0.0003990165950940717
7 0.0004017093122365703
7 0.0003994605859843629
7 0.0004025312732943628
7 0.0003970855229021935
7 0.0003987115766845816
7 0.0004047926037159728
7 0.0004039540322208495
7 0.0003936760871982545
7 0.0003954278063695163
7 0.0004029806375921031
7 0.0004043873082087564
7 0.0003995496879504062
7 0.0004035998548176403
7 0.0004025831831224891
7 0.0004051491079399492
7 0.0003971388540617619
7 0.0004051976694706664
7 0.000401160189033713
7 0.0003968243581418735
7 0.0003936576820005095
7 0.0003949323470892455
7 0.0003970786076371034
7 0.0004014229235029644
7 0.0004045301682101433
7 0.0003948426935128785
7 0.0003943451035019626
7 0.0004010540682481122
7 0.0004067698669495145
7 0.0004043374006672
7 0.0003958532055607326
7 0.0003946121774738609
7 0.000395956398738265
7 0.0003983869938613693
7 0.0004040294305353805
7 0.0004007631956368111
7 0.0003967785847936314
7 0.0004058386042810321
7 0.0004029980075332626
7 0.0004043397631196588
7 0.0003990809003184805
7 0.0003946957281020478
7 0.0003981076087339264
7 0.0004048372854248816
7 0.0003990689228057879
7 0.0003976583582053525
7 0.0003940125984058542
7 0.0003964348178046476
7 0.0004006112478965971
7 0.000402175081948468
7 0.0004023674163576228
7 0.0004015953471700236
7 0.0004082312115096197
7 0.0003950106434494266
7 0.0004063730400554442
7 0.0004001199974593377
7 0.0004038170648860451
7 0.0004030864969007261
7 0.0003982806960747487
7 0.0003989854093696449
7 0.0003973799804406846
7 0.00039831972778199
7 0.0003960883215510961
7 0.0003957780650761604
7 0.0004021471464142975
7 0.0003980678081901907
7 0.0004015507993616125
7 0.0003958275493742158
7 0.0003964411015277131
7 0.0003961113479312572
7 0.0003940168927387531
7 0.0003982804709100279
7 0.0003918154268534783
7 0.0004018198645814701
7 0.000396052294563373
7 0.0004012303235126278
7 0.0004009070758596142
7 0.000394798350654901
7 0.0004003659952938046
7 0.0004003108632278789
7 0.0004016112165293369
7 0.0004012047335429841
7 0.0004013267963099172
8 -0.0002819720212564119
8 -0.000284039952352916
8 -0.0002816740968811043
8 -0.0002857217683377598
8 -0.000284998099562799
8 -0.0002784422880662199
8 -0.0002823895157098832
8 -0.0002820673473917301
8 -0.0002788240643318021
8 -0.0002795105875696067
8 -0.0002851563009153766
8 -0.0002814718933132456
8 -0.0002792199194155573
8 -0.0002845320851776726
8 -0.0002889207662972987
8 -0.0002866000516806589
8 -0.0002844395224407171
8 -0.0002896774968084848
8 -0.0002855298400256347
8 -0.0002856476294818334
8 -0.0002810897362904697
8 -0.0002817786061322306
8 -0.000288688909187956
8 -0.0002824978442089358
8 -0.0002787388413000738
8 -0.0002817833417368634
8 -0.0002797113058180959
8 -0.0002871060097616815
8 -0.0002929473543576053
8 -0.0002821297735598138
8 -0.0002732234928651033
8 -0.0002757532852476373
8 -0.0002829710529551118
8 -0.0002784868604161921
8 -0.0002824759738800557
8 -0.0002839148022628695
8 -0.0002788244553673223
8 -0.0002869392244632551
8 -0.0002865454978789736
8 -0.0002825235386018933
8 -0.0002796130458010039
8 -0.0002819039989132811
8 -0.000285414041554157
8 -0.0002874151458686231
8 -0.0002877021957032021
8 -0.0002803369565570604
8 -0.0002819887924866712
8 -0.0002875172351265402
8 -0.0002830285320892478
8 -0.0002917243065315346
8 -0.0002856669639806912
8 -0.0002896306253334579
8 -0.000287148771044974
8 -0.0002857859975113581
8 -0.0002854657410065736
8 -0.0002837385732315536
8 -0.0002861967114359649
8 -0.000277264249976467
8 -0.0002821687675170615
8 -0.0002821429851504192
8 -0.0002829979717562537
8 -0.0002816852741410075
8 -0.0002852472652325379
8 -0.0002861110188981055
8 -0.0002869086901608494
8 -0.0002801669427541185
8 -0.0002875477940014352
8 -0.0002745236798939224
8 -0.0002828619220287173
8 -0.0002829685996247055
8 -0.0002851539027271836
8 -0.0002862844332722807
8 -0.0002877709800333711
8 -0.0002811577782846028
8 -0.0002836519240085345
8 -0.00028456347166109
8 -0.0002789868220115694
8 -0.0002916677612973856
8 -0.0002875349456331378
8 -0.0002828979642813496
8 -0.0002877787919844844
8 -0.0002855364305589961
8 -0.0002859255218639742
8 -0.0002833068919569124
8 -0.0002842463705643351
8 -0.0002852992196479712
8 -0.0002823583351516828
8 -0.0002802345155715004
8 -0.0002858677999138898
8 -0.0002825306427626187
8 -0.0002807240154188863
8 -0.0002855134087202375
8 -0.0002781112005285822
8 -0.0002827267421598036
8 -0.0002839259963076176
8 -0.0002912580742602112
8 -0.0002826783274152586
8 -0.0002820425019565779
8 -0.000287027753495282
8 -0.0002869877976733604
9 0.0003528732910277335
9 0.0003541071364339666
9 0.0003496476134785888
9 0.0003530618665999377
9 0.0003499773163361012
9 0.0003473925156802659
9 0.0003445762344656692
9 0.0003495778494293237
9 0.0003513501994776464
9 0.0003542311587502833
9 0.0003561343219698576
9 0.0003493750044299323
9 0.0003493525808704635
9 0.0003515199702966997
9 0.0003529269782403301
9 0.0003523389327160612
9 0.0003551670784275737
9 0.0003500895305173041
9 0.0003525971449515549
9 0.0003424089401876679
9 0.0003478024012707994
9 0.0003557203235907204
9 0.0003475287120100399
9 0.0003539654713571399
9 0.0003545699717759753
9 0.0003535115553333845
9 0.0003491351179734703
9 0.0003507063342891729
9 0.0003538647908308105
9 0.0003467906603634174
9 0.0003518378828637377
9 0.0003500542462650803
9 0.0003594713492811986
9 0.0003499370753087585
9 0.0003483988298359322
9 0.0003458507668798376
9 0.0003520873859315875
9 0.0003479898125866869
9 0.000353093032477333
9 0.0003458073765422999
9 0.0003547842184543683
9 0.0003525924332999291
9 0.0003642728922037299
9 0.0003476097105780719
9 0.0003530647062381659
9 0.000352781841680682
9 0.0003491346285220393
9 0.0003506566507726244
9 0.0003543022408891284
9 0.0003524702179819499
9 0.000347472100598335
9 0.0003472385817991373
9 0.0003501027268101732
9 0.0003516455172511138
9 0.0003563496962797618
9 0.0003527444269962616
9 0.0003564043555924591
9 0.0003455071841988002
9 0.0003508238466266279
9 0.0003449235174848296
9 0.0003462300881830595
9 0.0003493705129225249
9 0.0003495450052991284
9 0.0003501419646315319
9 0.0003463600062673158
9 0.0003524577308606311
9 0.0003523699836136531
9 0.0003459492412195797
9 0.0003537943682223229
9 0.0003477737650524556
9 0.0003489839017874191
9 0.0003528970233204004
9 0.0003506188594755426
9 0.0003533973637945122
9 0.0003593871954656979
9 0.0003549211338049967
9 0.0003507781616736031
9 0.0003493760978161835
9 0.0003521597919917313
9 0.0003472572116904521
9 0.0003488009216587149
9 0.0003527206309176235
9 0.0003534089732150683
9 0.0003490563430527594
9 0.0003451312497611683
9 0.0003516607450278987
9 0.0003573939537394322
9 0.0003478850311532339
9 0.0003452343104702724
9 0.0003538176037005444
9 0.0003556478670792753
9 0.0003481022669719927
9 0.0003475030121107439
9 0.0003458792386149741
9 0.0003496458456738263
9 0.000357160915121884
9 0.0003478761562112005
9 0.0003511211530419701
9 0.0003539878067239506
9 0.0003522796587303901
10 -0.0002540932645359901
10 -0.0002575158124360506
10 -0.0002529531028882206
10 -0.0002536755023919264
10 -0.0002527531827438805
10 -0.0002506131489428754
10 -0.0002510715458454182
10 -0.0002545740324754455
10 -0.0002521535873205228
10 -0.0002560024139302331
10 -0.0002544324566103555
10 -0.0002549671368528959
10 -0.0002520065924178836
10 -0.0002537587364050558
10 -0.0002521433530316419
10 -0.0002593195063861042
10 -0.0002514551525221799
10 -0.0002453877813240739
10 -0.0002588223872382441
10 -0.0002526482088069997
10 -0.0002511204635935096
10 -0.0002570490420799426
10 -0.0002564188856640722
10 -0.0002507367718264609
10 -0.0002502315848254274
10 -0.0002574903346719592
10 -0.0002542306208776587
10 -0.0002558312107309178
10 -0.0002597853781709391
10 -0.0002612052967295598
10 -0.0002570822533405508
10 -0.0002489616168173831
10 -0.0002533100999300531
10 -0.0002549165965475666
10 -0.0002535731537384556
10 -0.0002455457821412295
10 -0.0002583390872995686
10 -0.0002568241904783408
10 -0.0002572851438793485
10 -0.0002537139537269524
10 -0.0002497855202386038
10 -0.0002560411998377632
10 -0.0002552483250648693
10 -0.0002562074279345731
10 -0.0002467873449094458
10 -0.0002561007755991251
10 -0.0002565926932893607
10 -0.000255048581286417
10 -0.00025641641864882
10 -0.0002560960607027669
10 -0.0002554950972192536
10 -0.0002530975456007969
10 -0.0002550366497849262
10 -0.0002585803087284034
10 -0.0002501181541778265
10 -0.0002613451951841374
10 -0.0002572817665096207
10 -0.0002524407358365952
10 -0.0002607547131881664
10 -0.0002638797156240607
10 -0.000258873942107559
10 -0.0002506271580941236
10 -0.0002499135378884608
10 -0.0002519563430652326
10 -0.0002541628493515078
10 -0.0002536186228762617
10 -0.0002490845589981057
10 -0.000257462679608857
10 -0.0002610007940246598
10 -0.0002560467331402978
10 -0.0002519496379672213
10 -0.0002549084670076757
10 -0.0002558735455329191
10 -0.0002564819401018192
10 -0.0002572974155848693
10 -0.0002518264420588609
10 -0.0002499175999574719
10 -0.0002590143805114362
10 -0.0002562886146867026
10 -0.0002490069847107731
10 -0.0002522176460935191
10 -0.0002590059476534119
10 -0.0002538936699434787
10 -0.0002569548260503072
10 -0.0002510845971882585
10 -0.0002495011887733715
10 -0.0002456797253351034
10 -0.0002578297126046427
10 -0.0002575046533807213
10 -0.000257520005916129
10 -0.0002537730401571919
10 -0.0002548771072206624
10 -0.0002588082546973944
10 -0.0002565794111754776
10 -0.000252496943741882
10 -0.0002601233785495859
10 -0.0002514532371246599
10 -0.000256596219663839
10 -0.0002542563071432788
10 -0.0002556946025709812
11 0.0003184146220737337
11 0.000320601518455543
11 0.0003259661757944616
11 0.0003246915738842777
11 0.0003246202722128989
11 0.0003211400582823441
11 0.0003278066337348146
11 0.0003130968659424665
11 0.0003218438682919962
11 0.0003327455238799894
11 0.0003252910767597305
11 0.0003238037001707683
11 0.0003237313243079112
11 0.0003177911114651489
11 0.000324484838454356
11 0.0003251872437951757
11 0.0003210496599788619
11 0.0003203739048447677
11 0.0003274729136079488
11 0.0003233113685167469
11 0.0003246725048028442
11 0.0003187448377903357
11 0.0003236247336254078
11 0.0003208551030855264
11 0.0003293710967548634
11 0.0003264598521439137
11 0.0003218528976985844
11 0.0003189423396843765
11 0.0003200614114065945
11 0.0003247323139711051
11 0.0003229294653077886
11 0.0003145242441580684
11 0.0003225493862986191
11 0.0003265978903126185
11 0.0003244892311718046
11 0.0003227444323038057
11 0.0003273199110877115
11 0.0003272500036049057
11 0.0003264186667521741
11 0.0003237902975716308
11 0.0003195484900603942
11 0.0003209639509289452
11 0.0003223410610001935
11 0.0003241646065895907
11 0.000317076482132513
11 0.0003272446474476378
11 0.0003205456134721304
11 0.0003350995357089679
11 0.000323187683579665
11 0.0003273164016272566
11 0.0003276551894559317
11 0.0003270506000390922
11 0.0003256250787519395
11 0.0003231009250075768
11 0.0003195596446948934
11 0.0003225991254300248
11 0.0003201085210852637
11 0.0003239424636204112
11 0.0003198393674228076
11 0.0003245104516496515
11 0.0003287204604832089
11 0.0003249730532695074
11 0.0003278766609795236
11 0.000321808010870226
11 0.0003231648980819636
11 0.0003277073953337105
11 0.0003266173710925074
11 0.0003273218384444627
11 0.0003259927494197099
11 0.0003272770852397519
11 0.0003215176926681261
11 0.0003208178047196083
11 0.0003224323507118586
11 0.0003238607567254078
11 0.000321305472590991
11 0.0003213816452083885
11 0.0003194738019345997
11 0.0003234430548433978
11 0.0003258851465764051
11 0.0003226468976506794
11 0.0003307288607686956
11 0.0003213463340868132
11 0.0003227217259278516
11 0.0003216942295184027
11 0.0003263407470401576
11 0.0003191837645350994
11 0.0003256001742085534
11 0.0003178610270816828
11 0.0003197498879569373
11 0.0003246039106974864
11 0.0003241567299875395
11 0.0003254389278002367
11 0.0003303637668475753
11 0.0003326201604166669
11 0.0003255272364210289
11 0.0003189019162393781
11 0.0003256609543196459
11 0.0003277199376596539
11 0.0003241027528919984
11 0.0003193869737017526
12 -0.0002329933139625026
12 -0.000235067009104389
12 -0.0002396247341731037
12 -0.000236887516597408
12 -0.0002292861651527247
12 -0.0002396304145589328
12 -0.000231331383890291
12 -0.0002360432441600675
12 -0.0002372211274035664
12 -0.00024584728011997
12 -0.0002314544194679646
12 -0.0002346203696902195
12 -0.0002404672767594215
12 -0.0002381095151425106
12 -0.0002318857074494141
12 -0.0002331608999573928
12 -0.0002369086709773975
12 -0.0002327217946718463
12 -0.0002342303589046328
12 -0.0002411731674920963
12 -0.0002349250983593859
12 -0.0002309459483033895
12 -0.0002396381011183476
12 -0.0002301761244256365
12 -0.0002418159471916357
12 -0.0002297054239696273
12 -0.0002449543977662771
12 -0.000234383809754082
12 -0.0002370602363858489
12 -0.0002398889778651958
12 -0.000235716467669989
12 -0.0002340857858409526
12 -0.0002425198155073837
12 -0.000231204669241311
12 -0.000237756077471617
12 -0.0002350354710200194
12 -0.0002380748328104654
12 -0.0002330144872620396
12 -0.0002373203561015065
12 -0.0002308235993981269
12 -0.0002370078505528728
12 -0.000238918871148337
12 -0.0002338364450215395
12 -0.0002318921105588986
12 -0.0002356782974256099
12 -0.0002345358236317687
12 -0.0002364372127447973
12 -0.0002365597660791378
12 -0.0002358333484576999
12 -0.0002333369404779283
12 -0.0002331957893792694
12 -0.0002347181594409505
12 -0.0002389945544742654
12 -0.0002351840304331564
12 -0.0002333263689623891
12 -0.0002289576281465606
12 -0.0002316633494787615
12 -0.0002292723819216409
12 -0.0002366294987059975
12 -0.0002342991435711651
12 -0.0002313642070957851
12 -0.0002346877298715145
12 -0.0002382507801497583
12 -0.0002385044498155254
12 -0.0002314362245717623
12 -0.0002367053526133721
12 -0.0002327007471220985
12 -0.0002390292780723251
12 -0.0002396989794088632
12 -0.0002316666605007984
12 -0.0002338411588216483
12 -0.0002370327993733276
12 -0.0002365044708813281
12 -0.0002383345053216423
12 -0.0002318755531287513
12 -0.000236221243167078
12 -0.0002296966989757231
12 -0.000235739809188443
12 -0.0002282383573918499
12 -0.0002394132102116201
12 -0.000234386494578015
12 -0.0002282854003733114
12 -0.0002354150024151291
12 -0.0002326421970920718
12 -0.0002308188129541919
12 -0.0002376838779338808
12 -0.0002389348439934313
12 -0.0002390803424772705
12 -0.000234455259855449
12 -0.0002328541071691347
12 -0.0002475891765556355
12 -0.0002299174936804463
12 -0.0002282241943659857
12 -0.0002405937815361118
12 -0.0002399551809921061
12 -0.0002341278896650491
12 -0.000233574242342371
12 -0.0002387231863877847
12 -0.0002355471869265215
12 -0.0002394563701656613
13 0.0003011500496022943
13 0.0003077573129184793
13 0.0003089463903545554
13 0.0003092877785064564
13 0.0003039587980581293
13 0.0003043579857357588
13 0.0003047227573794332
13 0.0003066738366642963
13 0.0003086314839812893
13 0.0003105490661868641
13 0.0003083899892344198
13 0.0003009937391527586
13 0.0003092887304444064
13 0.000304863177576966
13 0.0003095956925862608
13 0.0003068017083289246
13 0.0003046954524413434
13 0.0003008706218573095
13 0.0003041137306387142
13 0.0003029358744398269
13 0.0003039932043673434
13 0.0003089646497949011
13 0.0002984636124753821
13 0.0003021357811350037
13 0.0003049490711943762
13 0.0003082820374707327
13 0.0003049587884817713
13 0.0003104251179402587
13 0.0003056488966614119
13 0.0003042376341903323
13 0.0003106848119202954
13 0.0003066216753443794
13 0.0003027014137734035
13 0.0003018477283138409
13 0.0002958457198417418
13 0.0002995748502238781
13 0.0002970876324940338
13 0.0003031631787859615
13 0.0003003107890595581
13 0.0003068944918899964
13 0.0002995059663548187
13 0.0003076072689539483
13 0.0002994046463309212
13 0.0003061401915817163
13 0.0003126737010159707
13 0.0003086907320141121
13 0.000305473429751789
13 0.0003013627805666022
13 0.000313830813805794
13 0.0003058540715279802
13 0.000308845925708172
13 0.0003065707530999183
13 0.0003120253039988914
13 0.0003046864850661993
13 0.0003025267630983256
13 0.0003029988242190682
13 0.0003044086881332282
13 0.0003013962450417945
13 0.0003063666494557316
13 0.0003035312824876852
13 0.0003059740744336503
13 0.0003072171864438454
13 0.0003066573833132383
13 0.0003136138918208814
13 0.0003076917304374572
13 0.0003065221234531586
13 0.0003067126323385429
13 0.0003059476359848862
13 0.0003086155988874195
13 0.0003060297653862232
13 0.0003084154715312435
13 0.0003016091039755493
13 0.0003081096357800708
13 0.0003063584106169559
13 0.0003082296511763583
13 0.0003123615905357814
13 0.0003105876162870105
13 0.0003043551705381447
13 0.0003109212292553475
13 0.000308717777951419
13 0.0003059065167978186
13 0.000312192398686128
13 0.0003039718334455346
13 0.0003108235082933323
13 0.0003012222506702442
13 0.0003016842673341031
13 0.00030411190156237
13 0.0003061033914466305
13 0.000313199789053829
13 0.0003081532775330303
13 0.0003076107971279386
13 0.0003035436274817563
13 0.0003059627921806576
13 0.0003051295545952097
13 0.0003025081719234028
13 0.0003081976003602892
13 0.0003046513375589319
13 0.0003058497719353711
13 0.0003030252432877122
13 0.0003092702941758183
14 -0.0002234194071371255
14 -0.0002196766673791303
14 -0.0002226260124083211
14 -0.0002247427674615968
14 -0.0002218115035143999
14 -0.0002241669964233639
14 -0.0002206096328228135
14 -0.0002203315655225186
14 -0.0002249837598745322
14 -0.0002222292776658595
14 -0.0002215641499878136
14 -0.0002265033933434495
14 -0.0002247864818167518
14 -0.0002203079852702453
14 -0.0002277524027514287
14 -0.0002252930350050312
14 -0.0002175998777927424
14 -0.000221697722922525
14 -0.0002199517316008119
14 -0.0002187401841924585
14 -0.0002229664237813358
14 -0.0002240431744077798
14 -0.0002159506152316333
14 -0.0002196735209895309
14 -0.0002228236018470473
14 -0.0002249474129615313
14 -0.0002235668342984644
14 -0.0002261578650783503
14 -0.0002222889806699037
14 -0.0002259474857409207
14 -0.0002191652537650063
14 -0.0002177454614518713
14 -0.0002246399709797566
14 -0.0002237321446070797
14 -0.0002233201355175088
14 -0.0002318931148791493
14 -0.0002164099060814159
14 -0.0002188505201123669
14 -0.0002294204437763899
14 -0.00022727524275028
14 -0.0002197055329410008
14 -0.0002257787244003929
14 -0.0002241823526256276
14 -0.0002221418289266019
14 -0.0002241655278552891
14 -0.0002208383113860589
14 -0.0002249734390538665
14 -0.0002227988340697644
14 -0.000220728802742066
14 -0.0002244560071751708
14 -0.000215579555266384
14 -0.0002169525127201638
14 -0.000222532828987553
14 -0.0002211259373964742
14 -0.0002235582040526069
14 -0.0002089852446871371
14 -0.0002256862678037342
14 -0.0002288084842066921
14 -0.0002183033360739059
14 -0.0002229785111543802
14 -0.0002213431381409031
14 -0.0002235958730132143
14 -0.0002239430299312553
14 -0.0002208393862518604
14 -0.0002210908874979946
14 -0.0002246142945326502
14 -0.0002196417559758534
14 -0.0002297392948313061
14 -0.0002287227655525892
14 -0.0002190480241020683
14 -0.000222163361945277
14 -0.0002180799715479971
14 -0.0002227942486204956
14 -0.0002208990926396083
14 -0.0002244268301005917
14 -0.000222518504108788
14 -0.0002249879280696894
14 -0.0002156267403154676
14 -0.0002208790871179769
14 -0.0002227589633198536
14 -0.0002189953752020501
14 -0.0002296457659540414
14 -0.0002231318782598103
14 -0.0002239255987244615
14 -0.0002207074657225811
14 -0.0002246984175068804
14 -0.0002240407247079551
14 -0.0002207903366407373
14 -0.0002195722173205552
14 -0.0002206354945607568
14 -0.0002283270525797848
14 -0.0002228719503690183
14 -0.0002169056000342959
14 -0.0002242384455931343
14 -0.0002303960805210808
14 -0.0002230507748898867
14 -0.0002284203309672882
14 -0.0002235447162291786
14 -0.0002240997065445449
14 -0.0002202646869520536
15 0.0002948861804819127
15 0.0002894960397667207
15 0.0002943029712742764
15 0.0002984868729679709
15 0.0002905967680660532
15 0.0002999876045374364
15 0.0002896359831855571
15 0.0002939812730397327
15 0.0002951794304738035
15 0.00029635047169049
15 0.0002951223005582456
15 0.0002893707368404767
15 0.0002924641748203395
15 0.0002967139208631861
15 0.0002928950516459525
15 0.0002914710252893446
15 0.0002983675383269038
15 0.0002941820040864278
15 0.0003047667355649588
15 0.0002953731667219836
15 0.0003005733634820318
15 0.000296032200390869
15 0.0002949083241657417
15 0.0002932797552752703
15 0.000292084480915623
15 0.0002881537906267485
15 0.0003023148412481034
15 0.0002992117259162279
15 0.0002959625704855364
15 0.0002811844358027543
15 0.0002950798985889577
15 0.00029885793335395
15 0.0002917711378002886
15 0.0002918460177811919
15 0.00029707439632498
15 0.0002968595050823155
15 0.0002913827689077998
15 0.0002894639483257
15 0.0003010945828069507
15 0.0002952348931256286
15 0.0002900999482250478
15 0.0002978083982188899
15 0.0002912424593537025
15 0.0002964353425649059
15 0.0003023651492565396
15 0.000292839015295413
15 0.0002913920518125613
15 0.0002931602036545634
15 0.0002957273785548577
15 0.0002878972658914398
15 0.0002992223318763111
15 0.0002974652182128187
15 0.0002867091992431825
15 0.0002957946190924927
15 0.000293347901909812
15 0.0002906261709051201
15 0.0002890715404667818
15 0.0002888153677017522
15 0.0002897767154525642
15 0.0002976184922045658
15 0.0002952315795947013
15 0.0002975668283593504
15 0.0002916278745866742
15 0.0002988721813516466
15 0.0002939931344947288
15 0.0002885767790205793
15 0.0002890886627766912
15 0.0002911341147353293
15 0.0002949742009059591
15 0.0003040074075795376
15 0.0002971145281102121
15 0.0002969362200065451
15 0.000288308436509076
15 0.000296879394107048
15 0.0002938129525018688
15 0.0002968875081950231
15 0.0002930434784864961
15 0.0002978736894962008
15 0.0002950389474643928
15 0.0002906671236309617
15 0.00029203701428538
15 0.0002886608935140977
15 0.0002924007261912639
15 0.0002935807058167337
15 0.0002921101437893833
15 0.0002917553374930431
15 0.0002922451296310123
15 0.000295646342455318
15 0.0002913475937942562
15 0.0002965638926765997
15 0.0002944002845784964
15 0.0002886030102969611
15 0.0002944300828492593
15 0.0002941314093891656
15 0.0003003148213144731
15 0.0002960385936409106
15 0.0002933041875715503
15 0.0002946215381736891
15 0.00028775584570168
15 0.0002934440801048587
16 -0.0002169202281187664
16 -0.0002143578578568259
16 -0.0002122539214034061
16 -0.0002098940931066401
16 -0.0002188649875740249
16 -0.0002109818262810012
16 -0.0002171977929487265
16 -0.0002162563857440433
16 -0.0002146246724336323
16 -0.0002139340210293148
16 -0.0002142621040315163
16 -0.0002127140754229267
16 -0.0002126485895251696
16 -0.0002157635164461923
16 -0.0002132903419030161
16 -0.0002210668135054357
16 -0.0002190250058223218
16 -0.000213209879799944
16 -0.0002159033126166106
16 -0.0002124355272030485
16 -0.0002139491357084942
16 -0.0002168201609399658
16 -0.0002131321711190524
16 -0.0002143762903178614
16 -0.0002164560978513859
16 -0.0002179979024790703
16 -0.0002199739109100386
16 -0.000213489650353974
16 -0.0002152818373923789
16 -0.0002204185476641502
16 -0.0002135352147696529
16 -0.0002093433284257804
16 -0.0002099603426614489
16 -0.0002228979751786456
16 -0.0002102603745541091
16 -0.0002146211544656589
16 -0.0002091649304287216
16 -0.0002134424979928707
16 -0.0002129584510367545
16 -0.0002096240016733223
16 -0.000215910544247546
16 -0.0002104090815282144
16 -0.0002146793524880508
16 -0.000216023844013056
16 -0.0002094039540867977
16 -0.0002148439700014367
16 -0.000211718520551248
16 -0.0002190850051019853
16 -0.0002140951333684057
16 -0.0002103298687792504
16 -0.0002142667859249211
16 -0.0002105130888469951
16 -0.0002174946970379124
16 -0.0002141704783821844
16 -0.0002162332804815288
16 -0.0002197508103494076
16 -0.0002202090757110501
16 -0.0002154414556578394
16 -0.0002187334057638843
16 -0.0002133780475436273
16 -0.0002169866932342983
16 -0.000218762571917059
16 -0.0002169545899715131
16 -0.0002163243175141935
16 -0.0002099609371289915
16 -0.0002151943382027197
16 -0.0002149650402107655
16 -0.0002138658696563597
16 -0.0002131658664907278
16 -0.0002182225809099031
16 -0.000208697639526545
16 -0.0002072538157748559
16 -0.0002124252787199954
16 -0.0002157383104195361
16 -0.0002154591025595207
16 -0.0002173374640953165
16 -0.0002138285431500259
16 -0.0002142329403234576
16 -0.000213860821725073
16 -0.00020984299045043
16 -0.0002143587669694071
16 -0.0002118347856759675
16 -0.0002179354668721486
16 -0.0002171180161482681
16 -0.0002133752187472144
16 -0.000214833699180813
16 -0.000210568749851768
16 -0.0002118794783492289
16 -0.0002111615058316728
16 -0.0002192538279980841
16 -0.000215810795443862
16 -0.0002077945979247537
16 -0.000216224703198734
16 -0.0002156590508385412
16 -0.0002098705888779179
16 -0.0002089873552107414
16 -0.0002138838254423041
16 -0.0002159615812079831
16 -0.0002122050664218017
16 -0.0002139401131024597
17 0.0002870164183230936
17 0.0002910216064938905
17 0.0002808187727821043
17 0.0002905210026377833
17 0.0002883935408630273
17 0.0002790790629696222
17 0.0002858372890340462
17 0.0002855979274266536
17 0.0002886591298584736
17 0.0002907276885335867
17 0.0002855097887202183
17 0.0002840040832775257
17 0.0002889313755672201
17 0.0002877394202876793
17 0.0002782930396020796
17 0.0002888212304268731
17 0.00028746242353629
17 0.0002826887922720318
17 0.0002937065460120551
17 0.0002860058600412145
17 0.0002825647188476458
17 0.0002888192807981706
17 0.0002918360840258813
17 0.0002908608146014909
17 0.0002863786709726382
17 0.0002822054354666226
17 0.0002861189480904573
17 0.0002873557253791346
17 0.0002879184781814304
17 0.0002893472109408605
17 0.000281401377745391
17 0.0002863666353170617
17 0.0002823857059982694
17 0.0002902008956077868
17 0.0002875777035028206
17 0.0002868985683383815
17 0.0002938816420387514
17 0.0002852070808923257
17 0.0002854751205314608
17 0.0002793688240870442
17 0.0002881372515306371
17 0.0002902302292778514
17 0.000283870510239395
17 0.0002831981762761549
17 0.0002940067488371204
17 0.0002906005659698618
17 0.0002832523826512714
17 0.0002905193236781497
17 0.0002888078780636296
17 0.0002894189113684255
17 0.0002843760502201087
17 0.0002810512953747055
17 0.0002769942773010029
17 0.0002839385552100198
17 0.000280038232883102
17 0.0002821608320107342
17 0.0002847526243527181
17 0.0002821388089490828
17 0.0002936409299168019
17 0.0002821001528679241
17 0.0002869973803312054
17 0.0002843202228508857
17 0.0002827718842572371
17 0.0002873647297000789
17 0.0002867187237116256
17 0.0002875043712690833
17 0.0002869629926571703
17 0.0002884731691162352
17 0.000290888665713404
17 0.000289613563178994
17 0.0002826988709357173
17 0.0002840896291207827
17 0.0002812793106091807
17 0.0002805837461023582
17 0.0002881332348640047
17 0.0002870949246824202
17 0.0002899308283417341
17 0.0002887615017152564
17 0.000282883772957207
17 0.0002862769181649504
17 0.0002946814643606242
17 0.0002839565431881509
17 0.0002867686563514163
17 0.0002888006425707499
17 0.0002898949906627537
17 0.0002820487394298164
17 0.0002886231329304265
17 0.0002882134281386209
17 0.0002829284287033236
17 0.0002933709410464009
17 0.0002876651776975325
17 0.0002881272550537274
17 0.0002865099557097296
17 0.0002852944918025311
17 0.0002787930127198672
17 0.0002913534013432714
17 0.000288496129446308
17 0.000290542177522419
17 0.0002877357440433013
17 0.0002867297707121186
18 -0.0002116565396140514
18 -0.000214076756368811
18 -0.000209289971756119
18 -0.0002035772953147172
18 -0.0002108070947743272
18 -0.0002092796057878536
18 -0.0002063383044515334
18 -0.0002068651159107493
18 -0.0002040845872849479
18 -0.0002125039957100066
18 -0.0002033338001910027
18 -0.0002044254185278955
18 -0.0002105562277969856
18 -0.0002080288366928802
18 -0.0002084060218735391
18 -0.0002078625896509592
18 -0.0002116209774489883
18 -0.0002038498946951119
18 -0.0002083837636185899
18 -0.0002063302744941359
18 -0.0002099760191914838
18 -0.0002132463927970186
18 -0.0002072007669253849
18 -0.0002073606470133233
18 -0.0002053608024065353
18 -0.000206270195718032
18 -0.0002014443335302538
18 -0.0002117737345373081
18 -0.0002038860571906037
18 -0.0002037160766791116
18 -0.0002016851936777648
18 -0.0002071872644736434
18 -0.0002045229722195757
18 -0.0002065489005727278
18 -0.0002122806058398441
18 -0.0002074428900256839
18 -0.0002023013052183611
18 -0.0002128271990323341
18 -0.0002119627000193015
18 -0.000214154134898021
18 -0.0002074712979453288
18 -0.0002053746380412627
18 -0.0002078376385809839
18 -0.0002073564671014534
18 -0.0002159242339215601
18 -0.000210691250967605
18 -0.0002034392388714283
18 -0.0002072765875531225
18 -0.0002054085558146701
18 -0.0002139329807112177
18 -0.0002123134763003182
18 -0.0002121137605302469
18 -0.0002109695000272067
18 -0.0002034804734757517
18 -0.0002088688324893389
18 -0.0002135372352823473
18 -0.0002091849195320943
18 -0.0002104396223373666
18 -0.0002092646244504491
18 -0.0002107908160486966
18 -0.0002057801192283974
18 -0.0002103495362619623
18 -0.0002070099401767837
18 -0.0002100160393380237
18 -0.0002042684946182498
18 -0.000208434552749675
18 -0.000207240465451217
18 -0.0002123661553663584
18 -0.0002091890180817313
18 -0.0002074340103673525
18 -0.0002091312925063357
18 -0.0002084962934439311
18 -0.0002072993961051176
18 -0.0002035971730747215
18 -0.000209235018666195
18 -0.0002052774933205495
18 -0.0002064737195476166
18 -0.0002147321544857145
18 -0.0002107523655555445
18 -0.0002107889367536322
18 -0.0002022248833222044
18 -0.0002127118996196921
18 -0.000205827896535174
18 -0.000206837075033382
18 -0.0002055207093324944
18 -0.0002057174558293998
18 -0.0002080298794121341
18 -0.000202647877990733
18 -0.0002028953939001469
18 -0.0002109040863091369
18 -0.0002138134322931693
18 -0.0002142149313780841
18 -0.0002053445564546788
18 -0.0002057428435912216
18 -0.0002045113026622881
18 -0.0002078771174401449
18 -0.0002056042041349658
18 -0.0002089560042877231
18 -0.0002134763185473467
18 -0.0002085154224786418
19 0.0002784129140769078
19 0.0002746958959290129
19 0.0002823172273016919
19 0.0002865431885445461
19 0.0002853351093556959
19 0.0002852373841292745
19 0.0002823853481923213
19 0.0002867603533072541
19 0.0002849054610007384
19 0.000285333778013257
19 0.0002768946627876202
19 0.0002841105574345246
19 0.0002810809595981123
19 0.0002738303547535383
19 0.0002868339297107681
19 0.000282833750839264
19 0.0002777222578788829
19 0.0002820554991462478
19 0.0002848027134438014
19 0.0002797591307503712
19 0.0002850151905423427
19 0.0002847915628899587
19 0.0002852653166762199
19 0.0002836588127757759
19 0.0002826965460809928
19 0.0002777642746824089
19 0.0002833779123481959
19 0.0002791452051484354
19 0.0002775702535821715
19 0.0002807586488191781
19 0.000287852638056143
19 0.0002844577811651364
19 0.0002813358862591256
19 0.000283544216993686
19 0.0002789124573629875
19 0.0002750849763573213
19 0.0002800090480136267
19 0.0002860696532311451
19 0.000279651420071488
19 0.0002807412107496919
19 0.0002842922009571069
19 0.0002773956440419875
19 0.0002827849811072784
19 0.0002771406963182254
19 0.0002819480486046931
19 0.00027794877952841
19 0.00028042362775481
19 0.0002849515693783217
19 0.0002789827229737759
19 0.0002813487496336179
19 0.0002825237373752809
19 0.0002832033739999423
19 0.0002895011933853533
19 0.0002816821845078377
19 0.0002870871390913818
19 0.0002746339221573061
19 0.0002842542870955144
19 0.0002787248978810516
19 0.0002811931877553577
19 0.0002834379093984392
19 0.0002781754956692268
19 0.0002856548364673079
19 0.0002842523967278229
19 0.0002824503842486951
19 0.0002801876175519178
19 0.000274168321933312
19 0.0002905811919299266
19 0.000284503343057854
19 0.0002796126954477342
19 0.0002926317048121067
19 0.0002835453387073906
19 0.0002816209089726248
19 0.0002815460722932319
19 0.0002834817594576353
19 0.0002830336975293313
19 0.0002782214318581827
19 0.0002876782560867785
19 0.000284665762602744
19 0.0002827541996430475
19 0.0002821070187610174
19 0.0002818042515957706
19 0.0002850848398378542
19 0.0002800113979879679
19 0.0002825584735644644
19 0.0002810620119412585
19 0.0002785589327139073
19 0.000281011940267775
19 0.0002782726789309626
19 0.0002840247750946344
19 0.0002822082885198317
19 0.0002768467669745041
19 0.0002815941116312411
19 0.0002803674519752986
19 0.0002851035331390117
19 0.0002830044005255478
19 0.0002801292947847335
19 0.0002807033858213986
19 0.0002849696064976844
19 0.0002817405244924761
19 0.0002846577531837089
20 -0.0002097779528687146
20 -0.0002067659671614088
20 -0.0002077988014557282
20 -0.0002065755174497085
20 -0.0002024178665564471
20 -0.0002090279133217688
20 -0.0002100861589633867
20 -0.0002047242531884662
20 -0.0002117231925550732
20 -0.0002040341754259973
20 -0.0002058211092990839
20 -0.00020936666337739
20 -0.0002047862494201113
20 -0.0002064006544555234
20 -0.0002061474394191261
20 -0.0001996214489608123
20 -0.0002065381541925745
20 -0.0002075779075477188
20 -0.0002093679449218846
20 -0.0002065526019453392
20 -0.0002142885851621675
20 -0.0002098160023655888
20 -0.0002108684167361746
20 -0.0002062306929579364
20 -0.0002083841209964738
20 -0.000205602559569823
20 -0.0002056886228429402
20 -0.0002084301280633965
20 -0.0002021816041357921
20 -0.0002054218290795421
20 -0.000202168448575332
20 -0.0001985334257810261
20 -0.000208204316079247
20 -0.0002076263611375716
20 -0.0002036677642666506
20 -0.0002037801400165144
20 -0.0002069432932627268
20 -0.0002050070306269832
20 -0.0002025208730629426
20 -0.0002053342107747872
20 -0.0002084543612407271
20 -0.0001991228917820745
20 -0.0002043451435462434
20 -0.0002035203369244346
20 -0.0002057578101520865
20 -0.0002037977441965537
20 -0.0002094665879717804
20 -0.0002069997227062015
20 -0.0002082362681994107
20 -0.0002081006292575796
20 -0.00020999758171872
20 -0.0002080797452472659
20 -0.0002063975750911601
20 -0.0002027133802218142
20 -0.0001955957903466368
20 -0.0002129155967168194
20 -0.0002111430693949482
20 -0.0002056766957812923
20 -0.0002041655574119636
20 -0.0002048921994823098
20 -0.0002051381453157137
20 -0.0002075017622850583
20 -0.0002090087066091642
20 -0.0002067192539216224
20 -0.0002102556740821185
20 -0.0002033792687073511
20 -0.0002089808757766436
20 -0.000204779003947804
20 -0.0002068593643790859
20 -0.0002011242934578661
20 -0.0002018893721400451
20 -0.0002085915029394904
20 -0.0002053678636263815
20 -0.000208777901234103
20 -0.0002077696473813102
20 -0.0002122084107651141
20 -0.0002060654375892177
20 -0.0002017739438702692
20 -0.0002072094622604301
20 -0.0002034919807636714
20 -0.0002037726807422174
20 -0.0002066630842722783
20 -0.0002149016065637068
20 -0.000208048094652989
20 -0.0002111232859089102
20 -0.0002035331418749503
20 -0.0002029910862943562
20 -0.000197424653954194
20 -0.000204236109809889
20 -0.0002053608393242229
20 -0.0002142443696012333
20 -0.0002064044202302607
20 -0.0002042420395889086
20 -0.0002056239231306432
20 -0.000206141974751451
20 -0.0002036653260060035
20 -0.0002115260911787269
20 -0.0002068735325053528
20 -0.0002055512160322482
20 -0.0002098997654562388
21 0.0002786325435667597
21 0.00028506092655231
21 0.0002791129068687921
21 0.0002798370161748995
21 0.0002856991978229212
21 0.0002805858324761528
21 0.0002818634595562748
21 0.0002866326349725639
21 0.0002882794252871138
21 0.0002793552040306721
21 0.0002839090571566659
21 0.0002802976134734248
21 0.0002825828254875972
21 0.0002763596088155092
21 0.0002844000344600559
21 0.0002881617390374186
21 0.0002844895964843393
21 0.0002806969829769947
21 0.0002863603731580381
21 0.0002809345756915341
21 0.0002889194152720135
21 0.000289559849339278
21 0.0002879730372527761
21 0.0002796865551608269
21 0.0002807468177526764
21 0.0002829040784196566
21 0.0002883090729873883
21 0.0002850720295199776
21 0.0002902462695480061
21 0.000283293559715599
21 0.0002899055082991915
21 0.0002858842053899972
21 0.0002798056158511808
21 0.0002820789002181983
21 0.0002810915334252915
21 0.0002826481407166341
21 0.0002780711674631695
21 0.000281946134890658
21 0.0002844849609038133
21 0.0002820654517089186
21 0.0002784888876837925
21 0.0002894980205009706
21 0.0002804910216853599
21 0.0002835407891511578
21 0.0002793378181709165
21 0.0002830761242700382
21 0.0002815741519045935
21 0.0002799512656862264
21 0.0002833989443009399
21 0.0002845312847465259
21 0.0002839936861988177
21 0.0002719668517016488
21 0.0002743015359394242
21 0.0002834974123503274
21 0.0002846196282790293
21 0.0002875788219980576
21 0.0002795375843375956
21 0.000284405117574575
21 0.000273383873907444
21 0.0002815516818485558
21 0.0002826761268813963
21 0.0002869351644731223
21 0.000284682781582534
21 0.0002823309090633623
21 0.0002820776612894753
21 0.0002795258867124201
21 0.000283637868572751
21 0.0002865230725305249
21 0.0002849363507472453
21 0.0002793390875046308
21 0.0002756813640359815
21 0.0002847667911808984
21 0.0002774979723613865
21 0.0002795261942157335
21 0.0002800243705495616
21 0.0002821210830070757
21 0.0002814814038122233
21 0.0002756520624168141
21 0.0002794550640643709
21 0.0002859871384929149
21 0.0002892394043111915
21 0.0002793466102968175
21 0.0002820001737479135
21 0.0002787097769318012
21 0.0002843343099488878
21 0.0002854752750727813
21 0.0002846756661699112
21 0.0002782020490067194
21 0.0002788116803178316
21 0.0002796694434591255
21 0.0002878862073468937
21 0.0002789401497601473
21 0.0002825169815280116
21 0.000279889836251022
21 0.0002848719660929049
21 0.0002781817294605324
21 0.0002812241610320994
21 0.0002811392939695981
21 0.0002808852986230976
21 0.0002789231002866635
22 -0.0002117752669545286
22 -0.0002025763317548494
22 -0.0002144665830084379
22 -0.0002079282497787857
22 -0.0002096658195600328
22 -0.0002132855067181544
22 -0.0002081837990148493
22 -0.0002110718284998195
22 -0.0002083854705358576
22 -0.0002035544768010332
22 -0.0002067811732868408
22 -0.0002111783272246288
22 -0.0002048486549367957
22 -0.000211678260177868
22 -0.000211728053824334
22 -0.0002097531199759924
22 -0.0002095769362073465
22 -0.0002072060000604602
22 -0.0002061357740163547
22 -0.0002093096516000394
22 -0.0002045506658025602
22 -0.0002098822957998189
22 -0.000203147978813123
22 -0.0002141986035198865
22 -0.0002032779143664108
22 -0.0002119504322782924
22 -0.0002017037141063222
22 -0.0002093096135384093
22 -0.0002047891818163182
22 -0.0002095557860655734
22 -0.0002081140793313449
22 -0.0002088945759543743
22 -0.0002031934093561248
22 -0.0002075502338675215
22 -0.0002095265922872606
22 -0.0002100471417613425
22 -0.000209353437941944
22 -0.0002076490123058831
22 -0.0002037805287750515
22 -0.0002090290579065577
22 -0.0002106624024982342
22 -0.0002070138097272853
22 -0.0002060965462228871
22 -0.0002102410714710047
22 -0.0002080403951816044
22 -0.0002068416050050691
22 -0.0002045275680990252
22 -0.0002112515671975996
22 -0.0002112324961511129
22 -0.0002071990409146949
22 -0.0002062268468518807
22 -0.0002083036102424691
22 -0.0002091808495757976
22 -0.0002028399640083848
22 -0.0002145473315774084
22 -0.0002105666902429407
22 -0.0002047599384150066
22 -0.0002074729895926798
22 -0.0002096060005245222
22 -0.0002137898303425521
22 -0.0002113149715570327
22 -0.0002119375746209688
22 -0.0002076612911310988
22 -0.0002073770156495851
22 -0.0002059291966652744
22 -0.0002146722901942576
22 -0.0002106802624632021
22 -0.0002060352171688576
22 -0.0002002751128102472
22 -0.0002097091925209862
22 -0.000208172164485033
22 -0.0002083961277412623
22 -0.0002098594151286412
22 -0.0002080899046151369
22 -0.0002112780943815993
22 -0.0002072232050195157
22 -0.000209680392486009
22 -0.0002084241206266133
22 -0.0002057599867794791
22 -0.0002092755767138683
22 -0.0002111034135392912
22 -0.0002079341353920619
22 -0.0002025715748579836
22 -0.0002084165365806987
22 -0.0002077217045998159
22 -0.0002010082416541951
22 -0.000208875858383123
22 -0.0002097146738062231
22 -0.0002084766155779586
22 -0.000206050536099315
22 -0.0002084228012832659
22 -0.0002033575567400396
22 -0.0002056065916441642
22 -0.0002095511269467284
22 -0.000201910025320009
22 -0.0002029797446153171
22 -0.0002034651212089432
22 -0.0002062981353294481
22 -0.0002113317546498199
22 -0.0002049199276832072
23 0.0002890521449292088
23 0.0002800334988961588
23 0.0002835602248392682
23 0.0002884879788976256
23 0.0002869213391266298
23 0.00028711688826259
23 0.0002931888081216701
23 0.0002903054714831625
23 0.0002863088284200475
23 0.0002819688467664213
23 0.0002904979430999255
23 0.0002831140350379027
23 0.0002925636077608043
23 0.0002923122317661322
23 0.0002865932769681846
23 0.0002864597259332367
23 0.0002810853294550477
23 0.0002842498373782821
23 0.0002889826421609947
23 0.0002853712604039593
23 0.0002820407103975476
23 0.0002858338521264805
23 0.0002817910304276322
23 0.000287150567469236
23 0.0002842194601458545
23 0.0002799320808103887
23 0.0002920980405576571
23 0.0002813129971544188
23 0.0002874049220188763
23 0.0002830711745279926
23 0.0002902589754065882
23 0.000287831783192758
23 0.0002906576437717144
23 0.0002893422567605009
23 0.0002877174147512867
23 0.0002826011702118862
23 0.0002872267296776399
23 0.0002865570719196288
23 0.0002873705356068723
23 0.0002863468898482787
23 0.000288530568977252
23 0.0002865941111492601
23 0.0002863074745351897
23 0.0002902931937428988
23 0.0002841846780365507
23 0.0002815007662260591
23 0.0002846654245608113
23 0.0002870849049841864
23 0.0002835232721218068
23 0.000286261416516555
23 0.0002871963539178389
23 0.0002828429204657296
23 0.0002824722542835694
23 0.0002862532965673036
23 0.0002841528503345258
23 0.0002862414833598222
23 0.0002828398522230946
23 0.0002921593055947674
23 0.0002926671504434765
23 0.0002890661795781703
23 0.0002847534922269212
23 0.0002906199434459326
23 0.000286904262845259
23 0.0002869081774013701
23 0.000284569047063548
23 0.0002861466477159649
23 0.0002873030115118132
23 0.0002848730157952442
23 0.0002836032984171859
23 0.0002799924280776471
23 0.0002883059567158495
23 0.0002822390343285734
23 0.000291854462056082
23 0.0002855170518836731
23 0.0002862321091177956
23 0.0002812989183502314
23 0.0002837977613450355
23 0.0002884374536060579
23 0.0002850346447513324
23 0.000285606528512254
23 0.000281219287311086
23 0.0002824590722408385
23 0.0002795238949852492
23 0.0002894295072314073
23 0.0002860752279662103
23 0.0002904849861287438
23 0.0002819192515247374
23 0.0002874927090396472
23 0.0002813174110862516
23 0.0002878181658995161
23 0.0002875626885818313
23 0.0002948469132945806
23 0.0002860403175711014
23 0.000284815726704174
23 0.0002846721939672537
23 0.0002876211611847283
23 0.0002850246809761805
23 0.0002927758055669149
23 0.0002871163320083066
23 0.0002857234709627629
24 -0.0002096765986992583
24 -0.0002081981731400741
24 -0.0002093856108254057
24 -0.0002119183786265219
24 -0.0002138989720436844
24 -0.0002149048513181676
24 -0.0002103498728211011
24 -0.0002070836535228618
24 -0.0002109886760248534
24 -0.0002156637183363919
24 -0.0002157393017111192
24 -0.0002126428308836052
24 -0.0002166317228687307
24 -0.0002106975931016478
24 -0.0002118827625843688
24 -0.0002094046055070729
24 -0.0002123287583961485
24 -0.0002078745542173447
24 -0.0002158842224642282
24 -0.0002114684307482273
24 -0.0002092551786635432
24 -0.0002123915179509853
24 -0.0002100383675082863
24 -0.0002167794185473758
24 -0.0002137824849707107
24 -0.0002064454490372801
24 -0.0002147336824448266
24 -0.0002137205440940229
24 -0.0002121219488829754
24 -0.0002178276740608542
24 -0.00020291300120414
24 -0.0002069140388574539
24 -0.0002100926732968001
24 -0.000211538683067549
24 -0.0002139752639201002
24 -0.0002088593736931928
24 -0.0002055225215001695
24 -0.0002153481631537884
24 -0.0002137029220981157
24 -0.0002120780736656122
24 -0.0002156927847796065
24 -0.0002188499617634244
24 -0.0002085725145532103
24 -0.0002152381609494242
24 -0.0002137236916233526
24 -0.0002157653777362155
24 -0.0002187759067097952
24 -0.0002092491823901776
24 -0.0002172842523543013
24 -0.0002168671458468041
24 -0.0002094984433137239
24 -0.0002223946476851991
24 -0.0002148086778543432
24 -0.0002103027343564067
24 -0.00021398405305346
24 -0.0002066538970745158
24 -0.000216415188943548
24 -0.0002121049275292333
24 -0.0002116146774421
24 -0.0002139790324144807
24 -0.0002082146450679499
24 -0.0002114493686668606
24 -0.0002173247835671695
24 -0.0002100884318053825
24 -0.0002176058911842344
24 -0.0002165136053401384
24 -0.0002112306870359161
24 -0.0002115212884202638
24 -0.0002132606183917068
24 -0.0002123505810588082
24 -0.000215170261133976
24 -0.0002175923845251274
24 -0.0002140553626454799
24 -0.0002179578423458956
24 -0.0002178690486406293
24 -0.0002124721582752534
24 -0.0002154685405076179
24 -0.0002137028851670218
24 -0.0002099282216863041
24 -0.0002137480471014852
24 -0.0002154025624420015
24 -0.0002135535408720241
24 -0.0002147857079067235
24 -0.0002099463446048818
24 -0.0002083225921417678
24 -0.0002123879084484711
24 -0.0002127934697085099
24 -0.0002088058222721269
24 -0.0002063228580409632
24 -0.0002136964406172587
24 -0.0002061307279888761
24 -0.0002066036519679467
24 -0.0002182094330638969
24 -0.0002076208458090221
24 -0.0002090015929659151
24 -0.0002141192378405685
24 -0.0002130267923814004
24 -0.0002124174494568819
24 -0.0002092927330398737
24 -0.0002194883234965489
25 0.0002959045474503525
25 0.0002933680447541323
25 0.0002921801004347628
25 0.0002928563640136737
25 0.0002961447322729027
25 0.0002932962527463674
25 0.0002933647040266705
25 0.000288107951555496
25 0.0002904764405450779
25 0.0002919621490607756
25 0.0002964879837710017
25 0.0002939837941718742
25 0.0002939766758849085
25 0.0002926548857752207
25 0.000293792775233546
25 0.0002942069381390661
25 0.0002943463552819821
25 0.0002946283881195442
25 0.000292743926547746
25 0.0002898918878953429
25 0.0002923249483570128
25 0.0002896832541189942
25 0.0002868112141036914
25 0.0002914153026465491
25 0.0002914465098116299
25 0.0002928242613558429
25 0.000292861213481316
25 0.0002941984642280044
25 0.0002967760200732638
25 0.0002889931571120855
25 0.0002888713012836057
25 0.0002915771248633264
25 0.0002947624610340486
25 0.0002914232392541179
25 0.0002981148091834876
25 0.0002910937555228591
25 0.0002927816297285943
25 0.0002969798714458806
25 0.0002908187501651044
25 0.0002963862433468435
25 0.0002932385243651886
25 0.0002880620169551041
25 0.0002949274270341408
25 0.0002925183172049742
25 0.0002867550370163635
25 0.000292793676049576
25 0.0002974805240278183
25 0.0002971659902069516
25 0.0002995874972878016
25 0.0002892463429870945
25 0.0002908001928221969
25 0.000293912782991226
25 0.0002966753239298165
25 0.0002928540497134936
25 0.0002903273422891885
25 0.0002902247732648657
25 0.0002942397901238768
25 0.0002928750406799149
25 0.0002965939182786271
25 0.0002943252124072915
25 0.0002927096124256743
25 0.0002938820996224227
25 0.0002958296316387805
25 0.0002856696863520298
25 0.0002885433871285665
25 0.0002960098062456741
25 0.0002936158382581286
25 0.000286120666730977
25 0.0002952793592371501
25 0.0002884364347856599
25 0.0002915113513037502
25 0.0002914914877068992
25 0.0002978368567830018
25 0.0002906512834214841
25 0.0002961551253205328
25 0.0002930441069932421
25 0.0002942807841927968
25 0.0002952972549372061
25 0.0002947792890456301
25 0.0002923093142154507
25 0.0002896120381145294
25 0.0002922479192909698
25 0.0002947329480618168
25 0.000294493817054054
25 0.0002885264437665546
25 0.0002915048400327729
25 0.0002892646536626088
25 0.000290857854074038
25 0.0002973403279565111
25 0.0002927328692079968
25 0.0002863429437191384
25 0.0002950901786585546
25 0.0002934783351706239
25 0.0002933838296576186
25 0.0002931772670186069
25 0.0003000063340118165
25 0.000287850250565716
25 0.0002994174232173433
25 0.0002903177166836388
25 0.0002816943747912218
26 -0.0002230891726934584
26 -0.0002238254711625127
26 -0.0002238962510884175
26 -0.0002226116831218075
26 -0.0002232559426813045
26 -0.0002233857500328121
26 -0.0002247065304882307
26 -0.0002192170384060634
26 -0.0002195227877888809
26 -0.0002253643173193634
26 -0.0002235546802125255
26 -0.0002193177050787862
26 -0.0002173120182430738
26 -0.0002261594514630739
26 -0.0002235191023315067
26 -0.0002217351048048606
26 -0.0002235519137102956
26 -0.0002234602546862448
26 -0.0002234002649458116
26 -0.0002276387815611561
26 -0.0002230109142702206
26 -0.0002240276637784426
26 -0.0002167552147684969
26 -0.0002194237446822129
26 -0.0002182323931920553
26 -0.0002268832023042744
26 -0.0002185935599619909
26 -0.0002251944124304726
26 -0.0002193701528392481
26 -0.000223786533744771
26 -0.0002270328100936264
26 -0.0002209715101433553
26 -0.0002211673868450652
26 -0.0002238606214121424
26 -0.0002199551958570532
26 -0.0002191279009572991
26 -0.0002227274160059391
26 -0.0002190269892457512
26 -0.0002237232663151956
26 -0.0002173744998046978
26 -0.0002189803028907591
26 -0.0002256929961188209
26 -0.0002276138003927357
26 -0.0002257791246806056
26 -0.0002203741394493316
26 -0.0002269723135753518
26 -0.0002215221269757917
26 -0.0002252568508234361
26 -0.0002203494089856373
26 -0.0002217097087760615
26 -0.0002213711396114797
26 -0.0002224098209881247
26 -0.0002260865257617937
26 -0.0002261857282142803
26 -0.0002234394497127668
26 -0.0002186995626767163
26 -0.0002234211934329966
26 -0.0002202088620635278
26 -0.0002219005444195954
26 -0.0002242065011721094
26 -0.0002198033387697485
26 -0.0002153347883549453
26 -0.0002275522593637562
26 -0.0002160279922809762
26 -0.0002168540572997947
26 -0.0002180631959457506
26 -0.0002189998937858112
26 -0.000225688113806941
26 -0.0002256798680039263
26 -0.0002238483763308972
26 -0.0002180833450522579
26 -0.0002175169805538973
26 -0.0002257834868999435
26 -0.0002230428705974947
26 -0.0002172980097148532
26 -0.0002250662399235807
26 -0.0002164358011568504
26 -0.0002241819004585998
26 -0.0002204919543361987
26 -0.0002182720872391647
26 -0.0002190914746975993
26 -0.0002224242711194756
26 -0.0002215548962436295
26 -0.0002207740052052312
26 -0.0002241157133080536
26 -0.0002188037575558309
26 -0.0002242897202192041
26 -0.0002179719919262592
26 -0.0002193691775852426
26 -0.0002159626818728136
26 -0.0002205543340814123
26 -0.0002262860681117093
26 -0.0002220365297356386
26 -0.0002188376550655225
26 -0.0002233750669177457
26 -0.0002294846559552119
26 -0.0002231785102065049
26 -0.0002197131753317849
26 -0.0002315854122215477
26 -0.0002247094314064533
27 0.0003047698592450876
27 0.0003070941481682071
27 0.0003045660231662644
27 0.00030476983848572
27 0.0003074257285504198
27 0.0003026538966836786
27 0.0003063734783203575
27 0.0003060731006122285
27 0.0002921766069445812
27 0.0003046778038921226
27 0.0003065904324045361
27 0.0003076294553431563
27 0.000305891767543502
27 0.0003005856876438088
27 0.0003050793081947542
27 0.0003051154264410818
27 0.0003068114695222504
27 0.000310773823613961
27 0.0003006800489593522
27 0.0002993529227300774
27 0.0003115878951125275
27 0.0003065367368542304
27 0.0003055959368685628
27 0.000302005893222124
27 0.0003046174600750043
27 0.0003082261481780525
27 0.000300087166396651
27 0.0002986743697545453
27 0.0003013286490380509
27 0.0002988327426810769
27 0.0003069640961959877
27 0.0002964658161181378
27 0.0002990639938494456
27 0.0003087582436127362
27 0.0003072331923797101
27 0.0003011132765818517
27 0.0003071698518911218
27 0.0003092756804200569
27 0.0002992408847286941
27 0.0002992323066037379
27 0.0003032660112040977
27 0.0003028504051116966
27 0.0003035416659211938
27 0.0003086316404545802
27 0.0002960839075946084
27 0.0003013934005254953
27 0.0003013758092533979
27 0.0002996580118765879
27 0.0003061130082053167
27 0.0003078070809107107
27 0.0003120641558281269
27 0.0003066827159652697
27 0.0003100258309634964
27 0.0003023175097323152
27 0.0003039584206209497
27 0.0003033969847203605
27 0.0003138020083052325
27 0.0003062884080324176
27 0.0003126491166586407
27 0.0003074194690482841
27 0.0003058207196910322
27 0.0003053195240710106
27 0.0003060133569653902
27 0.0003065257240369052
27 0.0003076036592953315
27 0.0003032494210602146
27 0.0003031090530896534
27 0.0003090038914249113
27 0.0003061601547688252
27 0.0003063548465824095
27 0.0003074740936048975
27 0.0003024929740087929
27 0.0003053781729123625
27 0.0003027714052598244
27 0.0003021366010072354
27 0.0003034344127977972
27 0.000306981958911926
27 0.0002972185046216966
27 0.0002995918552039462
27 0.0003009665804874199
27 0.0003040076330648266
27 0.0003061450362558526
27 0.0003021653788366754
27 0.0003070914403247672
27 0.0002981273999835508
27 0.0002996707694882813
27 0.0003067881143141385
27 0.0002986588736981851
27 0.0003050363067580657
27 0.0003029473073438191
27 0.0002952690432851849
27 0.0003077925259450284
27 0.000304984745947824
27 0.0003023205955428444
27 0.0003056461356286781
27 0.0003008069420604032
27 0.000307046936991247
27 0.0003031338579168285
27 0.0002996615232843729
27 0.0002972736775563764
28 -0.0002316988438967646
28 -0.0002340525448871824
28 -0.0002280378402015127
28 -0.0002367187069857846
28 -0.0002333289317553323
28 -0.0002359414030616893
28 -0.0002322246079576377
28 -0.0002322013996066758
28 -0.000232584366791774
28 -0.0002313886138749682
28 -0.000236042369324391
28 -0.0002262182169476839
28 -0.0002352589923415514
28 -0.0002387653168189589
28 -0.0002321769314431277
28 -0.0002334454610817073
28 -0.0002351879988333729
28 -0.0002289871814941062
28 -0.0002325441066096817
28 -0.0002264246156322606
28 -0.0002304930834617501
28 -0.0002339392743821989
28 -0.0002327189981478777
28 -0.0002306324855715533
28 -0.000221904590325797
28 -0.0002315549716722142
28 -0.0002314903432913035
28 -0.0002319681835874152
28 -0.0002398388266903868
28 -0.0002387887071489914
28 -0.0002381189172800702
28 -0.0002321841725846867
28 -0.0002351626458322397
28 -0.0002308325642890173
28 -0.0002294082965676662
28 -0.0002319080298336676
28 -0.0002295205255468092
28 -0.0002324434815860561
28 -0.0002389889176497505
28 -0.0002272109760655287
28 -0.0002322369998829425
28 -0.0002366240030321005
28 -0.0002282784765208405
28 -0.0002354112476258488
28 -0.0002300502788493417
28 -0.0002286364526299661
28 -0.0002295684796902888
28 -0.0002309019421931676
28 -0.0002296312268763451
28 -0.000236900801798761
28 -0.0002320207034524037
28 -0.0002241760641415358
28 -0.0002312287413518924
28 -0.0002289111713397032
28 -0.0002344172347804163
28 -0.0002331456266496399
28 -0.0002409073906067639
28 -0.0002308043562397069
28 -0.0002373092363760229
28 -0.0002325417218984728
28 -0.0002333782684310886
28 -0.0002321732927747529
28 -0.0002396377548436762
28 -0.000233626381976479
28 -0.0002224699644109521
28 -0.0002356691468609913
28 -0.0002286120061402318
28 -0.000234267910153464
28 -0.0002236477869823491
28 -0.0002333682536295936
28 -0.0002369385451164002
28 -0.000226318391829445
28 -0.0002184057680865429
28 -0.0002319249635745031
28 -0.0002374297174225259
28 -0.000230049858310381
28 -0.0002276626658394037
28 -0.0002284369811829109
28 -0.0002318639309208349
28 -0.0002315202600764878
28 -0.0002296967428488277
28 -0.0002352063958798897
28 -0.0002324666359530121
28 -0.0002362781224557744
28 -0.0002328215127581441
28 -0.0002397360133658361
28 -0.0002314023167256221
28 -0.0002322614631103199
28 -0.0002307506218751769
28 -0.0002273725814838539
28 -0.0002268296282624746
28 -0.0002307111916832923
28 -0.0002352564504474189
28 -0.000233208321599273
28 -0.0002297643734658397
28 -0.0002362039410536622
28 -0.0002261192773937861
28 -0.0002297534560909771
28 -0.000234256400583287
28 -0.0002385694419997922
29 0.0003199734081598964
29 0.0003231954568040179
29 0.0003201446209873778
29 0.0003210412121170311
29 0.0003131906490584054
29 0.000319971050223537
29 0.0003287938336939205
29 0.0003281086421913943
29 0.0003212486697689948
29 0.0003198226891345454
29 0.0003228905821980749
29 0.000318473200051223
29 0.0003198715990976917
29 0.0003174515552748095
29 0.0003234278073104252
29 0.0003215725302507371
29 0.0003251508586365309
29 0.0003141907866794891
29 0.0003191359188298096
29 0.0003219795010137066
29 0.0003204843187682586
29 0.0003181783489873224
29 0.0003263476932838615
29 0.0003251483822745706
29 0.0003251563335632293
29 0.0003253681387030831
29 0.000318504915885598
29 0.0003223039913762996
29 0.0003202605289525899
29 0.0003279299423970092
29 0.0003274327096901999
29 0.000321997543623155
29 0.0003275660089665367
29 0.0003179142368959827
29 0.0003274251095000922
29 0.0003199904728308593
29 0.0003261859986929832
29 0.0003171285787073717
29 0.0003213133994457539
29 0.0003175862323486493
29 0.0003278325025389465
29 0.0003198830124531465
29 0.0003229826700982477
29 0.0003193777770254262
29 0.0003157500598646992
29 0.0003142479601361933
29 0.0003189985058052789
29 0.0003220395995135806
29 0.0003245596452259135
29 0.0003217692127403318
29 0.0003269822443568825
29 0.0003205445484892694
29 0.000312112684148606
29 0.0003273327855725707
29 0.0003239256489688446
29 0.0003261933207452807
29 0.0003283697917342135
29 0.0003225581173602172
29 0.00032014414443302
29 0.0003237228030280376
29 0.0003289784836102605
29 0.0003248851551397656
29 0.0003290584113015823
29 0.0003194298010102004
29 0.0003182619677227348
29 0.0003192315502625863
29 0.0003224159855282459
29 0.0003221106015206004
29 0.000321358771702497
29 0.0003277395274066222
29 0.0003224776125647556
29 0.0003230776753590668
29 0.0003246090232557536
29 0.0003160012191913196
29 0.0003199572573752851
29 0.0003268507134855883
29 0.0003246793243275189
29 0.0003246520480856481
29 0.000319428718412093
29 0.0003267158322784814
29 0.0003238501682961711
29 0.0003235726362761978
29 0.0003199715165448489
29 0.0003186075123468692
29 0.0003172149084213582
29 0.0003164143739471921
29 0.0003224781598931432
29 0.000329298545587319
29 0.0003206064629951104
29 0.000318044838244497
29 0.0003213223895964946
29 0.0003268251737842593
29 0.000318945449797934
29 0.0003183172154563067
29 0.0003211591256758795
29 0.00032755958485855
29 0.0003203395738821856
29 0.0003213364942394901
29 0.0003150275385006723
29 0.0003166006263138493
30 -0.0002525244370736495
30 -0.000250665421101095
30 -0.0002518436529407234
30 -0.0002495450325246223
30 -0.0002580472506714503
30 -0.0002449398971925239
30 -0.0002509043062392919
30 -0.0002448098044574756
30 -0.0002508001884634852
30 -0.0002515263044298933
30 -0.000250112020282134
30 -0.0002440329929929145
30 -0.0002571009123012248
30 -0.0002424346963042502
30 -0.0002541719153023498
30 -0.000251879796615433
30 -0.0002552000598413993
30 -0.0002525597916367053
30 -0.0002482155849802838
30 -0.0002523149250968356
30 -0.000248306001036438
30 -0.0002499388533180243
30 -0.0002441368988364724
30 -0.0002498134653411177
30 -0.0002475367450038894
30 -0.0002488115754505356
30 -0.0002485727993550586
30 -0.0002538412529284005
30 -0.0002541447390485719
30 -0.0002478839395470787
30 -0.0002562231092037276
30 -0.0002523920218464762
30 -0.00025479004075495
30 -0.0002513173825621324
30 -0.0002459496812236526
30 -0.0002546158645942742
30 -0.0002497253251089124
30 -0.0002477292495825781
30 -0.000248666425044078
30 -0.0002533709473257639
30 -0.0002492456007503301
30 -0.0002428629985013448
30 -0.0002505241891779806
30 -0.0002502348741744874
30 -0.0002488783415305614
30 -0.0002470063018127519
30 -0.0002572334543103988
30 -0.0002573638846291445
30 -0.0002550779480668732
30 -0.000258052365046907
30 -0.0002543793625454468
30 -0.0002500358151734779
30 -0.0002487948684333683
30 -0.0002515166886510126
30 -0.0002547478984376961
30 -0.0002505314005814218
30 -0.0002489454248368368
30 -0.0002451712000702619
30 -0.000249033607223626
30 -0.000246850598235427
30 -0.0002465352881610915
30 -0.0002537179146181828
30 -0.0002530736766724763
30 -0.0002463243109389418
30 -0.0002396174057423105
30 -0.0002526584780378468
30 -0.0002560187118940061
30 -0.0002535060753539649
30 -0.0002544609819799682
30 -0.0002495306408595488
30 -0.0002483870382698045
30 -0.0002471047974528637
30 -0.0002548382946088702
30 -0.0002477521789502295
30 -0.0002499666081411475
30 -0.0002533259027046654
30 -0.0002521211440915297
30 -0.0002495978298950628
30 -0.0002599283789886111
30 -0.0002542274080455262
30 -0.0002474639842658313
30 -0.0002548774069147415
30 -0.0002524032725627539
30 -0.0002551500776125452
30 -0.0002600329544122841
30 -0.0002473152629027989
30 -0.0002521604116666581
30 -0.0002412500776783161
30 -0.0002515488295653585
30 -0.0002447599454461142
30 -0.0002434610034836493
30 -0.0002597063114396493
30 -0.0002535432357654765
30 -0.0002477632681876012
30 -0.0002539692065881146
30 -0.0002466712297864536
30 -0.0002502694521099126
30 -0.00024729757010332
30 -0.0002535835135147451
30 -0.0002536867531175798
31 0.0003481357924689677
31 0.0003540705238714304
31 0.0003555696778676441
31 0.0003464096563902973
31 0.000348170328646259
31 0.0003499249817601125
31 0.0003511136205228292
31 0.0003455790189433726
31 0.0003499655937129365
31 0.0003412226992679828
31 0.0003547516609303862
31 0.0003432924655421357
31 0.0003481511101542744
31 0.00034918401662158
31 0.0003498288101568195
31 0.0003481461175459376
31 0.000356146049898948
31 0.0003436985847558191
31 0.0003554500397068984
31 0.0003485788711190563
31 0.0003421531196328773
31 0.0003484798075905366
31 0.0003412979268228364
31 0.0003488499251480193
31 0.0003442340407510831
31 0.0003458398122822489
31 0.0003415064007096247
31 0.0003520687974344778
31 0.0003502851214712553
31 0.0003507520531547655
31 0.0003490098566210412
31 0.0003370826693822086
31 0.000347992576234586
31 0.0003485646017877341
31 0.000345787318954437
31 0.0003452181659388228
31 0.0003479955536396211
31 0.0003491626679009288
31 0.0003455448113742863
31 0.0003503663371548966
31 0.0003464544134700892
31 0.0003518945578747192
31 0.0003444300866862542
31 0.0003466533961626728
31 0.0003487758703358592
31 0.0003449737718919641
31 0.0003512697270149372
31 0.0003510375043171905
31 0.0003446311845871545
31 0.000350167265172959
31 0.0003507863906529111
31 0.0003490712624394596
31 0.0003457773918612106
31 0.0003510434251293527
31 0.000350803611631677
31 0.0003485490271595005
31 0.0003487502533654544
31 0.0003477703953171108
31 0.0003520610503600164
31 0.0003486680423712859
31 0.0003524184301348085
31 0.0003524657351905437
31 0.0003527466315941662
31 0.0003369420610959206
31 0.0003561778370425356
31 0.0003467417375281663
31 0.0003487105685353569
31 0.0003473492821948596
31 0.0003493766663808254
31 0.0003442749277647052
31 0.0003560930902004908
31 0.0003482525268856809
31 0.0003514306266513779
31 0.0003517868870110073
31 0.000350117522493793
31 0.0003416277888814561
31 0.0003409599406093245
31 0.0003508415974577683
31 0.0003498793510049693
31 0.0003455819384825488
31 0.0003469828812960249
31 0.0003492007760667591
31 0.0003458545701035584
31 0.0003393226057824259
31 0.0003489669315866206
31 0.0003490721383222239
31 0.0003483042771116851
31 0.000351575965149212
31 0.0003491161421830296
31 0.0003516782406879295
31 0.0003452944949528132
31 0.0003406353569972778
31 0.0003417665299856721
31 0.0003512211595368194
31 0.0003507485811017411
31 0.0003551129676209966
31 0.0003494973851457861
31 0.0003496119319410641
31 0.0003554350561878746
31 0.0003505636215908575
32 -0.0002782160273458905
32 -0.0002764092605484483
32 -0.0002738199873040243
32 -0.0002817439736741684
32 -0.0002842059899378681
32 -0.0002689861497127826
32 -0.0002733222622395361
32 -0.0002764368050976491
32 -0.0002731023063531788
32 -0.0002756172417566527
32 -0.0002845453861084086
32 -0.00027945155430901
32 -0.0002799595196750533
32 -0.0002785599366586286
32 -0.0002825340561975608
32 -0.0002741089621059104
32 -0.0002768486195350257
32 -0.000278625025709593
32 -0.0002775251331962651
32 -0.0002707571329167509
32 -0.0002829234439621603
32 -0.0002861905717065504
32 -0.0002755190051228261
32 -0.00028233782673023
32 -0.0002704145656577854
32 -0.0002681813205675108
32 -0.0002758094534736681
32 -0.0002708063483061886
32 -0.0002835932930635
32 -0.0002731232494919604
32 -0.0002799210593766483
32 -0.0002830677215215202
32 -0.0002791787072226755
32 -0.0002821784849812103
32 -0.0002833217743329732
32 -0.0002740596043761324
32 -0.0002807726677489954
32 -0.0002758732057215329
32 -0.0002723138329960222
32 -0.0002854229435571556
32 -0.0002829361802284838
32 -0.0002778867850329984
32 -0.0002764588476449057
32 -0.0002790816160345575
32 -0.0002800904642399844
32 -0.0002717974081180793
32 -0.0002786351639189541
32 -0.0002806308693772059
32 -0.0002867228596089244
32 -0.0002772348746053412
32 -0.0002728002160303726
32 -0.000273079134808386
32 -0.0002764997621033861
32 -0.0002735569954656099
32 -0.0002696791234861355
32 -0.0002742422499893092
32 -0.0002800279158512099
32 -0.0002817584539015239
32 -0.0002730480176053962
32 -0.0002779265329096581
32 -0.0002828080145872621
32 -0.000278715990846574
32 -0.0002815908469075143
32 -0.0002740134817679912
32 -0.0002840729082943033
32 -0.0002848866276342359
32 -0.000279576492723681
32 -0.000269122394007992
32 -0.0002796949212349306
32 -0.000275229679852496
32 -0.0002799107865176454
32 -0.0002760257817072423
32 -0.0002805361882330378
32 -0.0002787463798805565
32 -0.0002826453623643706
32 -0.0002765468770775558
32 -0.0002772250790366829
32 -0.0002752081829074151
32 -0.000268829563497221
32 -0.000278983240799
32 -0.0002786902544366178
32 -0.0002817541664390944
32 -0.0002751362871262513
32 -0.0002737622995264513
32 -0.000283830380901139
32 -0.0002755783178995186
32 -0.0002786451321748067
32 -0.0002832629581378499
32 -0.000277162812519471
32 -0.000274157438094271
32 -0.0002735266601103341
32 -0.0002814234058868891
32 -0.0002786320687649342
32 -0.0002745942387203682
32 -0.0002827658139863881
32 -0.0002849048547613219
32 -0.0002784735313638453
32 -0.0002741751103580068
32 -0.000272574482049849
32 -0.0002797210490229602
33 0.0003948605772378346
33 0.000399257314542414
33 0.0004014182128850563
33 0.0004006342412112462
33 0.0004028340228942794
33 0.0003942937258449474
33 0.0004067417953347439
33 0.0003988023270945396
33 0.0003985662172563428
33 0.0003970982813530574
33 0.0003983031469197171
33 0.0003961433211780748
33 0.0003972466893675345
33 0.0003950350311710298
33 0.0004022065649884809
33 0.0003935974490456241
33 0.00039629756768901
33 0.0003978724178950265
33 0.0003960095027571839
33 0.000398147074586266
33 0.0003992659777874212
33 0.00039836899203099
33 0.0003920008317518167
33 0.0003956956682490967
33 0.0004008012081058828
33 0.0004005266286759156
33 0.0003969066716506073
33 0.0004038560090972004
33 0.0004022364750689989
33 0.0003987151903924147
33 0.0004055045892964248
33 0.0003942373091930453
33 0.0003929258159956477
33 0.0003994108221913092
33 0.0003961061945195305
33 0.0003958405674521402
33 0.0003922971665808316
33 0.0003939566483611221
33 0.0004019402395767387
33 0.0003924128847187773
33 0.0003901065269140274
33 0.0004001482398610733
33 0.0003960499236083342
33 0.0003947177288348832
33 0.0003998758075051439
33 0.0003973212967542599
33 0.0004038248657299604
33 0.000397441967452659
33 0.0003993573586053096
33 0.0004019628807030715
33 0.0003991863124513351
33 0.0003977207337766062
33 0.0003979837739792457
33 0.0003923554439209742
33 0.0004049307338084445
33 0.0004004445579396861
33 0.0003985145921323775
33 0.000392526242099954
33 0.0004008555932049925
33 0.0003995482993929627
33 0.0003973579940722161
33 0.0003954539256868746
33 0.0004128478081970082
33 0.0003912514912249206
33 0.0004049489699487852
33 0.0003933461816170965
33 0.0003938842076709628
33 0.0003961465006250403
33 0.0004001432930921559
33 0.0003961226333296324
33 0.0004022068817709241
33 0.0003875853064899042
33 0.0003918965081248116
33 0.00040087667531512
33 0.0004012592796443712
33 0.0004026047708110185
33 0.0004008443184991483
33 0.0004023996561217501
33 0.0003952233571613152
33 0.0003910672606375157
33 0.0003953260141378086
33 0.0003991944328167024
33 0.0003922942510670901
33 0.0004094888643728751
33 0.0003979611413681515
33 0.000395431406764771
33 0.0003999013445061199
33 0.0003978919810438423
33 0.0003912805562496499
33 0.0004033098694431437
33 0.0003927873825850797
33 0.0004014909864693031
33 0.0003918390596331619
33 0.0003984606539103416
33 0.0003990291231367082
33 0.000396663553251838
33 0.0003967686724701903
33 0.0004026842304634161
33 0.0004044964826380249
33 0.0003873391862599243
34 -0.000316990477694105
34 -0.0003170920438735464
34 -0.000311198742574205
34 -0.0003086153532181674
34 -0.0003180328428488144
34 -0.0003119600766982336
34 -0.0003115350259052173
34 -0.0003164993603184033
34 -0.000311485930897602
34 -0.0003212117553687791
34 -0.0003219095033942005
34 -0.0003232053181611957
34 -0.0003128521302134508
34 -0.0003071479503680261
34 -0.0003160530851640353
34 -0.0003118498462113917
34 -0.0003092742374277162
34 -0.0003084617344643992
34 -0.000322216580882074
34 -0.0003184794456501281
34 -0.0003144132118162721
34 -0.0003132541005759496
34 -0.0003130945882219087
34 -0.0003229915425472151
34 -0.000317518070366011
34 -0.0003160237700733044
34 -0.0003072762895239589
34 -0.0003138899601477788
34 -0.0003249723182602971
34 -0.0003157994526909753
34 -0.0003163724337756605
34 -0.0003143115438318934
34 -0.0003197760499896826
34 -0.0003171286804842096
34 -0.0003150321378663946
34 -0.0003181870551344018
34 -0.00030820767998239
34 -0.0003098290136859582
34 -0.0003155229319758286
34 -0.000314214074313488
34 -0.0003132140872652365
34 -0.0003141628565185005
34 -0.0003213565730889355
34 -0.0003157261973366249
34 -0.0003168299763101925
34 -0.0003119033259918197
34 -0.0003208402651981997
34 -0.0003136857623709701
34 -0.0003244076444736006
34 -0.0003134231152797384
34 -0.0003124470277678313
34 -0.0003147729879742197
34 -0.0003126523179826199
34 -0.0003118590777819873
34 -0.0003195379799807684
34 -0.0003137104003448314
34 -0.0003139632527305409
34 -0.0003119842698337042
34 -0.0003134297492311282
34 -0.0003108734282420603
34 -0.0003164751745120114
34 -0.0003143220786661542
34 -0.000311738501042734
34 -0.0003177974437432577
34 -0.0003218793972532927
34 -0.0003148087122459817
34 -0.0003180894715746311
34 -0.0003133455519603221
34 -0.0003227920001918059
34 -0.0003188212638732268
34 -0.0003151201486645272
34 -0.0003178001745937954
34 -0.0003158473253997689
34 -0.0003132853944098168
34 -0.0003173087125907091
34 -0.0003188218385300405
34 -0.000312932133538444
34 -0.0003184615717369555
34 -0.0003196621475473906
34 -0.0003115561101350186
34 -0.0003149649835872864
34 -0.000314545844174471
34 -0.000313793333024969
34 -0.0003069668588935663
34 -0.000323137269353615
34 -0.0003120553612974754
34 -0.0003174913163004718
34 -0.0003103954797684046
34 -0.000317397024903473
34 -0.0003081483053554164
34 -0.0003132961595543069
34 -0.0003112292782023943
34 -0.0003152804348951092
34 -0.0003137448593517519
34 -0.0003168710425237006
34 -0.0003197134471786803
34 -0.0003164871895184461
34 -0.0003172422570524786
34 -0.0003081227075337695
34 -0.0003125820915995061
35 0.0005128518707374548
35 0.0005203168695631075
35 0.0005205918777510836
35 0.0005164096865454392
35 0.0005214028383717457
35 0.0005225130948489837
35 0.0005130143612893666
35 0.0005215303022732421
35 0.0005128069234479357
35 0.0005099097698262517
35 0.0005232023116564138
35 0.000518978057374697
35 0.0005141273309162459
35 0.0005121870337846673
35 0.0005249427446905845
35 0.0005194694717207251
35 0.000519251156437591
35 0.0005175078676587835
35 0.0005231036978643079
35 0.00052800569845144
35 0.0005245335547554573
35 0.0005221216285908846
35 0.0005201161436269957
35 0.0005119478850029525
35 0.0005184289309916627
35 0.0005193587923249995
35 0.0005217793112239797
35 0.0005163674942418391
35 0.0005222846844662572
35 0.0005196511298447404
35 0.0005274353193645506
35 0.000521111279760107
35 0.0005221742865051136
35 0.0005221137632219974
35 0.0005226044837391949
35 0.0005184356523582295
35 0.0005106676327291544
35 0.0005206385566895243
35 0.0005165930408607606
35 0.0005208587036813981
35 0.0005156618421122614
35 0.0005233262770311059
35 0.0005222071201401357
35 0.000519464714205431
35 0.0005210530757589525
35 0.0005160345549664903
35 0.0005226535628201471
35 0.0005152234348418948
35 0.0005181832658366011
35 0.0005192336665479291
35 0.0005163033947080208
35 0.0005142385424235224
35 0.0005181529309342141
35 0.0005229181570083774
35 0.0005224242346299587
35 0.0005224847474277586
35 0.0005264122142436557
35 0.0005169444548894752
35 0.0005227456094220487
35 0.0005157512845317311
35 0.0005142277032769117
35 0.0005221920856003716
35 0.0005178677800462165
35 0.0005202572695968798
35 0.0005122543507551102
35 0.0005210188004357357
35 0.0005220008340642929
35 0.0005210011506517361
35 0.0005127091062394968
35 0.0005063088634270587
35 0.0005211894190709718
35 0.0005221386006533193
35 0.0005149593019670321
35 0.0005179557041321495
35 0.0005170460215244909
35 0.0005218673948240781
35 0.0005117375785086362
35 0.000520235229324834
35 0.0005134358190374204
35 0.0005164447393032799
35 0.0005232825376787948
35 0.0005237377163998426
35 0.0005160257522960708
35 0.0005184471076927899
35 0.0005106749447172174
35 0.0005246002717739863
35 0.0005198485721108436
35 0.0005199728283333821
35 0.000516271173234852
35 0.00051813782302887
35 0.0005160083602802396
35 0.0005118568722193218
35 0.0005199523418976683
35 0.0005094319727058548
35 0.000519337563527936
35 0.0005143685689408479
35 0.0005145404578587119
35 0.00051277479201226
35 0.0005181226239487421
35 0.0005202054868437298
36 -0.0003480660634664102
36 -0.0003447419407345279
36 -0.0003488930539170139
36 -0.0003363802290276788
36 -0.0003468842536015157
36 -0.0003485130317185529
36 -0.0003483429481291702
36 -0.000346161923136764
36 -0.000341298102253563
36 -0.0003519812735069832
36 -0.0003494252398134078
36 -0.0003492975143899504
36 -0.0003445079435674827
36 -0.0003440557778432778
36 -0.0003498814528278584
36 -0.0003499216190724858
36 -0.0003433233172089356
36 -0.0003446969657519142
36 -0.0003460152770138605
36 -0.0003355498713714887
36 -0.0003515653958300358
36 -0.000342903982186392
36 -0.0003497689152186043
36 -0.0003469657180217386
36 -0.0003352458768827897
36 -0.0003398032864694906
36 -0.0003444294021922064
36 -0.0003405153471689884
36 -0.0003485919416914482
36 -0.0003502695302808663
36 -0.0003527110039551949
36 -0.0003447445426752935
36 -0.000345474856958668
36 -0.0003458526135307529
36 -0.0003482581451763016
36 -0.0003472104765479549
36 -0.0003462019746756521
36 -0.0003468410118189427
36 -0.0003443460409606665
36 -0.0003558283541038949
36 -0.0003488975283204147
36 -0.0003512008558795561
36 -0.0003398429983407749
36 -0.0003422860931111729
36 -0.0003488613679359665
36 -0.0003444794026741
36 -0.000346075719383161
36 -0.0003461025482988982
36 -0.0003452695452432946
36 -0.0003504234836755711
36 -0.0003434139276025977
36 -0.0003422270543975875
36 -0.0003403105486528325
36 -0.0003442372900644652
36 -0.0003462407259503069
36 -0.0003456427839829351
36 -0.0003484953015116323
36 -0.0003484100622787788
36 -0.0003435162006308764
36 -0.000344629409148845
36 -0.0003477911985149129
36 -0.0003486743983268686
36 -0.0003445967299399716
36 -0.0003459062137458162
36 -0.0003401938934204822
36 -0.0003453052875907538
36 -0.0003436408262467194
36 -0.0003444648809506579
36 -0.0003487965538241308
36 -0.0003454353841830125
36 -0.0003487293416649779
36 -0.0003497211081735636
36 -0.0003527066411105247
36 -0.0003490990670273475
36 -0.0003480738500582543
36 -0.0003442420703600127
36 -0.0003481007919729822
36 -0.0003487522628057931
36 -0.000340554348916163
36 -0.0003391669883527841
36 -0.000345807713465136
36 -0.0003431562848978121
36 -0.0003418777288060896
36 -0.0003529393535696978
36 -0.0003424519824659303
36 -0.0003419476239112736
36 -0.0003456223054317339
36 -0.0003427576887573818
36 -0.0003413674797106285
36 -0.0003393950577559849
36 -0.0003433312246139124
36 -0.0003407331751203114
36 -0.0003494275311771264
36 -0.0003481661010290751
36 -0.0003467190324411456
36 -0.0003464219599225768
36 -0.0003443930358222179
36 -0.0003419485381680972
36 -0.0003415590246104555
36 -0.0003422004677149909
37 0.001128210572356018
37 0.001124480237725081
37 0.001123211809046602
37 0.001121785791143529
37 0.001129525716496294
37 0.001134080478413139
37 0.001120033095026532
37 0.001132700145861059
37 0.001131721272779105
37 0.001123173914129817
37 0.001129704942733666
37 0.001127578875575602
37 0.001125224906246941
37 0.001130945570775127
37 0.001128975792565428
37 0.00112869382453412
37 0.001118943056450194
37 0.001125751782144133
37 0.001129014303975897
37 0.001121113248178207
37 0.001122638614863663
37 0.001119984790530609
37 0.001125504715042158
37 0.001120422013822171
37 0.001127810743487984
37 0.001125368848186187
37 0.001122263061980529
37 0.001125097676106423
37 0.001127706616794403
37 0.001125800851805159
37 0.00112821104647829
37 0.001128517220536928
37 0.001128316714396197
37 0.001126699614698027
37 0.001130060530364072
37 0.001124625430563016
37 0.001132445610486489
37 0.001127539395342097
37 0.001130137617864776
37 0.001128824645375214
37 0.001126779444802129
37 0.001125344021646053
37 0.001124366432974056
37 0.001126126765924726
37 0.001126706316164125
37 0.001124979643901263
37 0.001120236019249104
37 0.001127506929255442
37 0.001126852145928708
37 0.001126544652223404
37 0.001129489862812283
37 0.001122443857201293
37 0.00113056985707817
37 0.001131380013740629
37 0.001129635918357849
37 0.001128497932637648
37 0.001127312299476365
37 0.001119185422288419
37 0.001128785250548256
37 0.001127678550541578
37 0.00112319707308201
37 0.001128635842269864
37 0.001123456540525812
37 0.001120532347021576
37 0.001127136026017143
37 0.001131346701173054
37 0.001128489534274391
37 0.001130253525356076
37 0.001121299995795765
37 0.00111664781323146
37 0.001127958605559485
37 0.001125565722550598
37 0.001119577443646647
37 0.001124472579035821
37 0.001118835899404576
37 0.001131025723041799
37 0.00112297490991209
37 0.001129875206640764
37 0.001120231165806803
37 0.001121871701919519
37 0.001128834221162756
37 0.001132255001378096
37 0.001121746089414148
37 0.001123434125663274
37 0.00112056922968974
37 0.001127099105946431
37 0.001128911416454366
37 0.00112213960894265
37 0.001127997869814423
37 0.001128786728417509
37 0.001124416374985676
37 0.001120798590423171
37 0.001122208602897416
37 0.001122693404361994
37 0.001124069642957393
37 0.001129599751401511
37 0.001123723719983331
37 0.001133307696211469
37 0.001127158222097043
37 0.001121896540048306
38 8.68884800898039e-05
38 8.44073731912175e-05
38 8.895886458470976e-05
38 9.038188477961062e-05
38 7.76082775621917e-05
38 7.927134039338979e-05
38 8.189595103708502e-05
38 8.5841435250702e-05
38 9.077042728116301e-05
38 8.294318790672555e-05
38 8.761816542844758e-05
38 8.743339403659596e-05
38 8.044938756489849e-05
38 7.938026546060459e-05
38 8.78132332960884e-05
38 7.890148298834754e-05
38 8.638276867327077e-05
38 8.820125835383569e-05
38 8.31695068829195e-05
38 9.011834570770566e-05
38 8.119050613952801e-05
38 9.188491078310263e-05
38 8.452255257205672e-05
38 8.768813551642897e-05
38 8.95842675919517e-05
38 8.686642049590899e-05
38 9.340511222793481e-05
38 8.370539691145792e-05
38 9.041406802181045e-05
38 9.663610475228371e-05
38 8.690542188702498e-05
38 9.097394626889091e-05
38 8.820491570485253e-05
38 8.691294899913579e-05
38 8.652932865623363e-05
38 9.041574113459907e-05
38 8.911174740167959e-05
38 8.716663802529753e-05
38 9.074560085588817e-05
38 8.164067373744722e-05
38 8.554651871738093e-05
38 9.12562529561961e-05
38 8.200649941671402e-05
38 8.90781446511991e-05
38 8.574821782402759e-05
38 8.724844655689111e-05
38 9.550973422231042e-05
38 8.773002657961018e-05
38 8.706207257982751e-05
38 8.564087181475493e-05
38 8.115411857308954e-05
38 8.268503183869039e-05
38 7.925513910264147e-05
38 8.819301297162762e-05
38 8.175818317328838e-05
38 8.694791358811207e-05
38 7.921486140792599e-05
38 8.559012544709934e-05
38 8.634125982879423e-05
38 8.054941500468997e-05
38 8.825863665287022e-05
38 8.419222421987961e-05
38 8.717641247853902e-05
38 8.110010716899805e-05
38 8.933533241042366e-05
38 8.484104860699089e-05
38 9.327791221412891e-05
38 8.267496754828086e-05
38 8.84152675781406e-05
38 9.034065801246257e-05
38 8.347687720131546e-05
38 8.486514216161141e-05
38 8.373675118328889e-05
38 8.075120796238943e-05
38 8.132886619127964e-05
38 8.265653264160822e-05
38 8.22316551320142e-05
38 9.014915181717117e-05
38 8.605770251104147e-05
38 8.682001250133993e-05
38 8.394116467333278e-05
38 8.87863247194305e-05
38 8.406314543021608e-05
38 8.458549090299173e-05
38 8.483391925743131e-05
38 8.644514986900517e-05
38 8.666106069002622e-05
38 8.57743660196881e-05
38 7.9008541259663e-05
38 8.251916596197821e-05
38 8.848381629027164e-05
38 8.707898623806363e-05
38 9.33049475228575e-05
38 8.583812446627099e-05
38 8.940526554398198e-05
38 8.787538886628986e-05
38 7.642653962781921e-05
38 8.007777647517399e-05
38 8.454994215017095e-05
38 8.322895060870832e-05
39 0.01000469603659075
39 0.01000403788090336
39 0.009999889524498594
39 0.01001052278118989
39 0.009997800266587396
39 0.01000200430590926
39 0.01000048339614594
39 0.009995786633587127
39 0.01000311060952478
39 0.01000558330949749
39 0.01000293373194198
39 0.009993298401268975
39 0.01000724182553823
39 0.009996791628784559
39 0.009999037405699649
39 0.01000242949801806
39 0.01000000930884428
39 0.0100042597927838
39 0.01000740747744293
39 0.01000192970489349
39 0.009999500357661616
39 0.01000654889862595
39 0.01000816216665631
39 0.01000529883048639
39 0.01000054931581504
39 0.01000463558551842
39 0.009998632379346798
39 0.01000953714532321
39 0.00999605033914419
39 0.0100046662785554
39 0.01000712205807712
39 0.0100071406320806
39 0.01000393748109172
39 0.01000689408926942
39 0.00999554430071725
39 0.01000922881771209
39 0.01000663718722314
39 0.009996767039948421
39 0.01000253751192465
39 0.009997975913575657
39 0.01000117448914272
39 0.01000185859368505
39 0.0100046231423332
39 0.01000266023551998
39 0.01000968981317964
39 0.01000447052400898
39 0.01000647216347178
39 0.01000062471880917
39 0.009991064813414033
39 0.01000553756279412
39 0.009997627943483154
39 0.01000045199756562
39 0.009990440233323505
39 0.00999849411230008
39 0.01001323579454243
39 0.01000709675602157
39 0.01000655174933509
39 0.01000131904008979
39 0.0100068078036762
39 0.01000022880145176
39 0.009996571168753588
39 0.01001040355148533
39 0.009998965695560629
39 0.01000096540366126
39 0.01000790930619982
39 0.01000668729727317
39 0.01000158601218103
39 0.0100028119679493
39 0.01000916417061646
39 0.009999625543421216
39 0.01000476097141167
39 0.01000658607227941
39 0.009998535623919972
39 0.009994097233240519
39 0.01000337726721599
39 0.01000289469806764
39 0.01000113001168024
39 0.01000565052376722
39 0.01000529454836383
39 0.01000149755606023
39 0.01000259075788055
39 0.01000990756541201
39 0.01000669957659283
39 0.01000073811362434
39 0.009995854799661237
39 0.01000468672218892
39 0.01000444540985449
39 0.009998711505645416
39 0.0100100981514712
39 0.01000476096855935
39 0.01000943433398718
39 0.01000149024279046
39 0.009999770666697761
39 0.01000685454674384
39 0.01000291934957583
39 0.01000037384070228
39 0.01000759796729828
39 0.0100048305365383
39 0.009997915872815053
39 0.01001025336094887
