# Grace project file
#
@version 50122
@page size 792, 612
@page scroll 5%
@page inout 5%
@link page off
@map font 0 to "Times-Roman", "Times-Roman"
@map font 1 to "Times-Italic", "Times-Italic"
@map font 2 to "Times-Bold", "Times-Bold"
@map font 3 to "Times-BoldItalic", "Times-BoldItalic"
@map font 4 to "Helvetica", "Helvetica"
@map font 5 to "Helvetica-Oblique", "Helvetica-Oblique"
@map font 6 to "Helvetica-Bold", "Helvetica-Bold"
@map font 7 to "Helvetica-BoldOblique", "Helvetica-BoldOblique"
@map font 8 to "Courier", "Courier"
@map font 9 to "Courier-Oblique", "Courier-Oblique"
@map font 10 to "Courier-Bold", "Courier-Bold"
@map font 11 to "Courier-BoldOblique", "Courier-BoldOblique"
@map font 12 to "Symbol", "Symbol"
@map font 13 to "ZapfDingbats", "ZapfDingbats"
@map color 0 to (255, 255, 255), "white"
@map color 1 to (0, 0, 0), "black"
@map color 2 to (255, 0, 0), "red"
@map color 3 to (0, 255, 0), "green"
@map color 4 to (0, 0, 255), "blue"
@map color 5 to (255, 255, 0), "yellow"
@map color 6 to (188, 143, 143), "brown"
@map color 7 to (220, 220, 220), "grey"
@map color 8 to (148, 0, 211), "violet"
@map color 9 to (0, 255, 255), "cyan"
@map color 10 to (255, 0, 255), "magenta"
@map color 11 to (255, 165, 0), "orange"
@map color 12 to (114, 33, 188), "indigo"
@map color 13 to (103, 7, 72), "maroon"
@map color 14 to (64, 224, 208), "turquoise"
@map color 15 to (0, 139, 0), "green4"
@reference date 0
@date wrap off
@date wrap year 1950
@default linewidth 1.0
@default linestyle 1
@default color 1
@default pattern 1
@default font 0
@default char size 1.000000
@default symbol size 1.000000
@default sformat "%.8g"
@background color 0
@page background fill on
@timestamp off
@timestamp 0.03, 0.03
@timestamp color 1
@timestamp rot 0
@timestamp font 0
@timestamp char size 1.000000
@timestamp def "Fri Dec  3 12:31:45 2021"
@r0 off
@link r0 to g0
@r0 type above
@r0 linestyle 1
@r0 linewidth 1.0
@r0 color 1
@r0 line 0, 0, 0, 0
@r1 off
@link r1 to g0
@r1 type above
@r1 linestyle 1
@r1 linewidth 1.0
@r1 color 1
@r1 line 0, 0, 0, 0
@r2 off
@link r2 to g0
@r2 type above
@r2 linestyle 1
@r2 linewidth 1.0
@r2 color 1
@r2 line 0, 0, 0, 0
@r3 off
@link r3 to g0
@r3 type above
@r3 linestyle 1
@r3 linewidth 1.0
@r3 color 1
@r3 line 0, 0, 0, 0
@r4 off
@link r4 to g0
@r4 type above
@r4 linestyle 1
@r4 linewidth 1.0
@r4 color 1
@r4 line 0, 0, 0, 0
@g0 on
@g0 hidden false
@g0 type XY
@g0 stacked false
@g0 bar hgap 0.000000
@g0 fixedpoint off
@g0 fixedpoint type 0
@g0 fixedpoint xy 0.000000, 0.000000
@g0 fixedpoint format general general
@g0 fixedpoint prec 6, 6
@with g0
@    world 6.64119414797, -0.00153235572451, 31.5167554776, 0.00336644249349
@    stack world -0.754901961, 39.5392157, -0.00979767507, 0.445566471
@    znorm 1
@    view 0.150000, 0.150000, 1.150000, 0.850000
@    title "m = m\s s\N, B\sz\N = 41 GeV, N\s conf \N = 102"
@    title font 0
@    title size 1.500000
@    title color 1
@    subtitle ""
@    subtitle font 0
@    subtitle size 1.000000
@    subtitle color 1
@    xaxes scale Normal
@    yaxes scale Normal
@    xaxes invert off
@    yaxes invert off
@    xaxis  on
@    xaxis  type zero false
@    xaxis  offset 0.000000 , 0.000000
@    xaxis  bar on
@    xaxis  bar color 1
@    xaxis  bar linestyle 1
@    xaxis  bar linewidth 1.0
@    xaxis  label "t\sE"
@    xaxis  label layout para
@    xaxis  label place auto
@    xaxis  label char size 1.000000
@    xaxis  label font 0
@    xaxis  label color 1
@    xaxis  label place normal
@    xaxis  tick on
@    xaxis  tick major 5
@    xaxis  tick minor ticks 1
@    xaxis  tick default 6
@    xaxis  tick place rounded true
@    xaxis  tick in
@    xaxis  tick major size 1.000000
@    xaxis  tick major color 1
@    xaxis  tick major linewidth 1.0
@    xaxis  tick major linestyle 1
@    xaxis  tick major grid off
@    xaxis  tick minor color 1
@    xaxis  tick minor linewidth 1.0
@    xaxis  tick minor linestyle 1
@    xaxis  tick minor grid off
@    xaxis  tick minor size 0.500000
@    xaxis  ticklabel on
@    xaxis  ticklabel format general
@    xaxis  ticklabel prec 5
@    xaxis  ticklabel formula ""
@    xaxis  ticklabel append ""
@    xaxis  ticklabel prepend ""
@    xaxis  ticklabel angle 0
@    xaxis  ticklabel skip 0
@    xaxis  ticklabel stagger 0
@    xaxis  ticklabel place normal
@    xaxis  ticklabel offset auto
@    xaxis  ticklabel offset 0.000000 , 0.010000
@    xaxis  ticklabel start type auto
@    xaxis  ticklabel start 0.000000
@    xaxis  ticklabel stop type auto
@    xaxis  ticklabel stop 0.000000
@    xaxis  ticklabel char size 1.000000
@    xaxis  ticklabel font 0
@    xaxis  ticklabel color 1
@    xaxis  tick place both
@    xaxis  tick spec type none
@    yaxis  on
@    yaxis  type zero false
@    yaxis  offset 0.000000 , 0.000000
@    yaxis  bar on
@    yaxis  bar color 1
@    yaxis  bar linestyle 1
@    yaxis  bar linewidth 1.0
@    yaxis  label "C\sii"
@    yaxis  label layout para
@    yaxis  label place auto
@    yaxis  label char size 1.000000
@    yaxis  label font 0
@    yaxis  label color 1
@    yaxis  label place normal
@    yaxis  tick on
@    yaxis  tick major 0.001
@    yaxis  tick minor ticks 1
@    yaxis  tick default 6
@    yaxis  tick place rounded true
@    yaxis  tick in
@    yaxis  tick major size 1.000000
@    yaxis  tick major color 1
@    yaxis  tick major linewidth 1.0
@    yaxis  tick major linestyle 1
@    yaxis  tick major grid off
@    yaxis  tick minor color 1
@    yaxis  tick minor linewidth 1.0
@    yaxis  tick minor linestyle 1
@    yaxis  tick minor grid off
@    yaxis  tick minor size 0.500000
@    yaxis  ticklabel on
@    yaxis  ticklabel format general
@    yaxis  ticklabel prec 5
@    yaxis  ticklabel formula ""
@    yaxis  ticklabel append ""
@    yaxis  ticklabel prepend ""
@    yaxis  ticklabel angle 0
@    yaxis  ticklabel skip 0
@    yaxis  ticklabel stagger 0
@    yaxis  ticklabel place normal
@    yaxis  ticklabel offset auto
@    yaxis  ticklabel offset 0.000000 , 0.010000
@    yaxis  ticklabel start type auto
@    yaxis  ticklabel start 0.000000
@    yaxis  ticklabel stop type auto
@    yaxis  ticklabel stop 0.000000
@    yaxis  ticklabel char size 1.000000
@    yaxis  ticklabel font 0
@    yaxis  ticklabel color 1
@    yaxis  tick place both
@    yaxis  tick spec type none
@    altxaxis  off
@    altyaxis  off
@    legend on
@    legend loctype view
@    legend 0.85, 0.8
@    legend box color 1
@    legend box pattern 1
@    legend box linewidth 1.0
@    legend box linestyle 1
@    legend box fill color 0
@    legend box fill pattern 1
@    legend font 0
@    legend char size 1.000000
@    legend color 1
@    legend length 4
@    legend vgap 1
@    legend hgap 1
@    legend invert false
@    frame type 0
@    frame linestyle 1
@    frame linewidth 1.0
@    frame color 1
@    frame pattern 1
@    frame background color 0
@    frame background pattern 0
@    s0 hidden false
@    s0 type xydy
@    s0 symbol 3
@    s0 symbol size 1.000000
@    s0 symbol color 1
@    s0 symbol pattern 1
@    s0 symbol fill color 1
@    s0 symbol fill pattern 0
@    s0 symbol linewidth 1.0
@    s0 symbol linestyle 1
@    s0 symbol char 65
@    s0 symbol char font 0
@    s0 symbol skip 0
@    s0 line type 1
@    s0 line linestyle 1
@    s0 line linewidth 1.0
@    s0 line color 1
@    s0 line pattern 1
@    s0 baseline type 0
@    s0 baseline off
@    s0 dropline off
@    s0 fill type 0
@    s0 fill rule 0
@    s0 fill color 1
@    s0 fill pattern 1
@    s0 avalue off
@    s0 avalue type 2
@    s0 avalue char size 1.000000
@    s0 avalue font 0
@    s0 avalue color 1
@    s0 avalue rot 0
@    s0 avalue format general
@    s0 avalue prec 3
@    s0 avalue prepend ""
@    s0 avalue append ""
@    s0 avalue offset 0.000000 , 0.000000
@    s0 errorbar on
@    s0 errorbar place both
@    s0 errorbar color 1
@    s0 errorbar pattern 1
@    s0 errorbar size 1.000000
@    s0 errorbar linewidth 1.0
@    s0 errorbar linestyle 1
@    s0 errorbar riser linewidth 1.0
@    s0 errorbar riser linestyle 1
@    s0 errorbar riser clip off
@    s0 errorbar riser clip length 0.100000
@    s0 comment "Corr_ms_Bz41.out"
@    s0 legend  "C\sxx"
@    s1 hidden false
@    s1 type xydy
@    s1 symbol 2
@    s1 symbol size 1.000000
@    s1 symbol color 2
@    s1 symbol pattern 1
@    s1 symbol fill color 2
@    s1 symbol fill pattern 0
@    s1 symbol linewidth 1.0
@    s1 symbol linestyle 1
@    s1 symbol char 65
@    s1 symbol char font 0
@    s1 symbol skip 0
@    s1 line type 1
@    s1 line linestyle 1
@    s1 line linewidth 1.0
@    s1 line color 2
@    s1 line pattern 1
@    s1 baseline type 0
@    s1 baseline off
@    s1 dropline off
@    s1 fill type 0
@    s1 fill rule 0
@    s1 fill color 1
@    s1 fill pattern 1
@    s1 avalue off
@    s1 avalue type 2
@    s1 avalue char size 1.000000
@    s1 avalue font 0
@    s1 avalue color 1
@    s1 avalue rot 0
@    s1 avalue format general
@    s1 avalue prec 3
@    s1 avalue prepend ""
@    s1 avalue append ""
@    s1 avalue offset 0.000000 , 0.000000
@    s1 errorbar on
@    s1 errorbar place both
@    s1 errorbar color 2
@    s1 errorbar pattern 1
@    s1 errorbar size 1.000000
@    s1 errorbar linewidth 1.0
@    s1 errorbar linestyle 1
@    s1 errorbar riser linewidth 1.0
@    s1 errorbar riser linestyle 1
@    s1 errorbar riser clip off
@    s1 errorbar riser clip length 0.100000
@    s1 comment "Corr_ms_Bz41.out"
@    s1 legend  "C\syy"
@    s2 hidden false
@    s2 type xydy
@    s2 symbol 1
@    s2 symbol size 1.000000
@    s2 symbol color 3
@    s2 symbol pattern 1
@    s2 symbol fill color 3
@    s2 symbol fill pattern 0
@    s2 symbol linewidth 1.0
@    s2 symbol linestyle 1
@    s2 symbol char 65
@    s2 symbol char font 0
@    s2 symbol skip 0
@    s2 line type 1
@    s2 line linestyle 1
@    s2 line linewidth 1.0
@    s2 line color 3
@    s2 line pattern 1
@    s2 baseline type 0
@    s2 baseline off
@    s2 dropline off
@    s2 fill type 0
@    s2 fill rule 0
@    s2 fill color 1
@    s2 fill pattern 1
@    s2 avalue off
@    s2 avalue type 2
@    s2 avalue char size 1.000000
@    s2 avalue font 0
@    s2 avalue color 1
@    s2 avalue rot 0
@    s2 avalue format general
@    s2 avalue prec 3
@    s2 avalue prepend ""
@    s2 avalue append ""
@    s2 avalue offset 0.000000 , 0.000000
@    s2 errorbar on
@    s2 errorbar place both
@    s2 errorbar color 3
@    s2 errorbar pattern 1
@    s2 errorbar size 1.000000
@    s2 errorbar linewidth 1.0
@    s2 errorbar linestyle 1
@    s2 errorbar riser linewidth 1.0
@    s2 errorbar riser linestyle 1
@    s2 errorbar riser clip off
@    s2 errorbar riser clip length 0.100000
@    s2 comment "Corr_ms_Bz41.out"
@    s2 legend  "C\szz"
#QTGRACE_ADDITIONAL_PARAMETER: PLOT_ALPHA 255 255
#QTGRACE_ADDITIONAL_PARAMETER: GRAPH_ALPHA G 0 {255;255;255;255;255;255;255}
#QTGRACE_ADDITIONAL_PARAMETER: AXIS_ALPHA G 0 A 0 {255;255;255;255;255}
#QTGRACE_ADDITIONAL_PARAMETER: AXIS_ALPHA G 0 A 1 {255;255;255;255;255}
#QTGRACE_ADDITIONAL_PARAMETER: AXIS_ALPHA G 0 A 2 {255;255;255;255;255}
#QTGRACE_ADDITIONAL_PARAMETER: AXIS_ALPHA G 0 A 3 {255;255;255;255;255}
#QTGRACE_ADDITIONAL_PARAMETER: G 0 S 0 POLYGONEBASESET -1
#QTGRACE_ADDITIONAL_PARAMETER: G 0 S 0 SHOWERRORBARINLEGEND 0
#QTGRACE_ADDITIONAL_PARAMETER: G 0 S 0 CONNECTERRORBARS 0
#QTGRACE_ADDITIONAL_PARAMETER: G 0 S 0 IGNOREINAUTOSCALE 0
#QTGRACE_ADDITIONAL_PARAMETER: G 0 S 0 ALPHA_CHANNELS {255;255;255;255;255;255}
#QTGRACE_ADDITIONAL_PARAMETER: G 0 S 1 POLYGONEBASESET -1
#QTGRACE_ADDITIONAL_PARAMETER: G 0 S 1 SHOWERRORBARINLEGEND 0
#QTGRACE_ADDITIONAL_PARAMETER: G 0 S 1 CONNECTERRORBARS 0
#QTGRACE_ADDITIONAL_PARAMETER: G 0 S 1 IGNOREINAUTOSCALE 0
#QTGRACE_ADDITIONAL_PARAMETER: G 0 S 1 ALPHA_CHANNELS {255;255;255;255;255;255}
#QTGRACE_ADDITIONAL_PARAMETER: G 0 S 2 POLYGONEBASESET -1
#QTGRACE_ADDITIONAL_PARAMETER: G 0 S 2 SHOWERRORBARINLEGEND 0
#QTGRACE_ADDITIONAL_PARAMETER: G 0 S 2 CONNECTERRORBARS 0
#QTGRACE_ADDITIONAL_PARAMETER: G 0 S 2 IGNOREINAUTOSCALE 0
#QTGRACE_ADDITIONAL_PARAMETER: G 0 S 2 ALPHA_CHANNELS {255;255;255;255;255;255}
#QTGRACE_ADDITIONAL_PARAMETER: AUTOATTACH G 0 0 0
#QTGRACE_ADDITIONAL_PARAMETER: TITLE_SHIFT G 0 0 0
#QTGRACE_ADDITIONAL_PARAMETER: SUBTITLE_SHIFT G 0 0 0
#QTGRACE_ADDITIONAL_PARAMETER: QTFONT_RESET 1
#QTGRACE_ADDITIONAL_PARAMETER: QTFONT "Times New Roman,10,-1,5,50,0,0,0,0,0"
#QTGRACE_ADDITIONAL_PARAMETER: QTFONT "Times New Roman,10,-1,5,50,1,0,0,0,0"
#QTGRACE_ADDITIONAL_PARAMETER: QTFONT "Times New Roman,10,-1,5,75,0,0,0,0,0"
#QTGRACE_ADDITIONAL_PARAMETER: QTFONT "Times New Roman,10,-1,5,75,1,0,0,0,0"
#QTGRACE_ADDITIONAL_PARAMETER: QTFONT "Helvetica,10,-1,5,50,0,0,0,0,0"
#QTGRACE_ADDITIONAL_PARAMETER: QTFONT "Helvetica,10,-1,5,50,1,0,0,0,0"
#QTGRACE_ADDITIONAL_PARAMETER: QTFONT "Helvetica,10,-1,5,75,0,0,0,0,0"
#QTGRACE_ADDITIONAL_PARAMETER: QTFONT "Helvetica,10,-1,5,75,1,0,0,0,0"
#QTGRACE_ADDITIONAL_PARAMETER: QTFONT "Courier,10,-1,5,50,0,0,0,0,0"
#QTGRACE_ADDITIONAL_PARAMETER: QTFONT "Courier,10,-1,5,50,1,0,0,0,0"
#QTGRACE_ADDITIONAL_PARAMETER: QTFONT "Courier,10,-1,5,75,0,0,0,0,0"
#QTGRACE_ADDITIONAL_PARAMETER: QTFONT "Courier,10,-1,5,75,1,0,0,0,0"
#QTGRACE_ADDITIONAL_PARAMETER: QTFONT "Symbol,10,-1,5,50,0,0,0,0,0"
#QTGRACE_ADDITIONAL_PARAMETER: QTFONT "Zapf Dingbats,10,-1,5,50,0,0,0,0,0"
#QTGRACE_ADDITIONAL_PARAMETER: ENCODING "UTF-8"
#QTGRACE_ADDITIONAL_PARAMETER: UNIVERSAL_FONT_SIZE_FACTOR 1.0000
#QTGRACE_ADDITIONAL_PARAMETER: TIMESTAMP_PATH 0
#QTGRACE_ADDITIONAL_PARAMETER: LINESTYLES 9 {2;2;2;2;2;4;4;6;6} {{0;1},{1;0},{1;3},{5;3},{7;3},{1;3;5;3},{1;3;7;3},{1;3;5;3;1;3},{5;3;1;3;5;3}}
@target G0.S0
@type xydy
0 0.43592188 0.00014046893
1 0.2192224 4.7491955e-05
2 0.018220543 2.4624246e-05
3 0.014420359 1.8316461e-05
4 0.002321519 1.2220589e-05
5 0.0024662625 1.074782e-05
6 0.0005707219 7.5980558e-06
7 0.00064835769 7.8350353e-06
8 0.0001830113 5.5777529e-06
9 0.0002060056 5.7379385e-06
10 7.0887261e-05 3.9736534e-06
11 7.5796908e-05 4.0578772e-06
12 2.5517166e-05 3.1841344e-06
13 3.0605204e-05 2.9821405e-06
14 1.1179007e-05 2.6696833e-06
15 1.1180068e-05 2.3329518e-06
16 4.8223847e-06 2.0322288e-06
17 5.8483222e-06 1.9981615e-06
18 2.7577181e-06 1.6730413e-06
19 5.9726524e-06 2.0549793e-06
20 1.8932156e-07 1.6741351e-06
21 6.2563825e-06 2.093732e-06
22 8.1500539e-07 1.8626459e-06
23 5.9546966e-06 2.4204908e-06
24 4.2776644e-06 2.2466792e-06
25 1.0700191e-05 2.7796868e-06
26 1.1071343e-05 2.5834094e-06
27 2.6415585e-05 3.2480997e-06
28 2.6304147e-05 3.3983962e-06
29 7.3785828e-05 3.6826736e-06
30 6.6132665e-05 4.4174477e-06
31 0.00020467752 4.6018115e-06
32 0.00018310538 5.9855039e-06
33 0.00065538422 6.6135336e-06
34 0.00058223028 8.1175287e-06
35 0.0024828129 9.3372048e-06
36 0.002341721 1.2866543e-05
37 0.014429733 1.909628e-05
38 0.018219808 2.4757372e-05
39 0.21917995 5.0798276e-05
&
@target G0.S1
@type xydy
0 0.43592929 0.00014508517
1 0.21919198 5.0018512e-05
2 0.018282092 2.6978627e-05
3 0.014435517 1.8136328e-05
4 0.0023596742 1.2764345e-05
5 0.0024811341 9.7604749e-06
6 0.00059578023 8.0676371e-06
7 0.00065359239 5.9843561e-06
8 0.00019712447 5.789781e-06
9 0.00019872621 4.406516e-06
10 7.4267884e-05 4.5847615e-06
11 6.5669403e-05 3.7735242e-06
12 2.8422841e-05 3.3741349e-06
13 2.4409664e-05 3.2824956e-06
14 8.9785885e-06 2.8950895e-06
15 9.3078642e-06 2.7114606e-06
16 3.7106965e-06 2.7601127e-06
17 3.8954192e-06 2.2771362e-06
18 2.9519906e-06 2.4146192e-06
19 4.8938143e-06 1.9634879e-06
20 2.9546706e-06 2.1569293e-06
21 7.193008e-06 1.9691253e-06
22 3.2263519e-06 2.033111e-06
23 8.081835e-06 2.0513005e-06
24 5.6132188e-06 2.3239354e-06
25 1.5054976e-05 2.2865971e-06
26 1.0484305e-05 2.4472062e-06
27 3.1327731e-05 3.1949036e-06
28 2.4711038e-05 2.8313651e-06
29 7.0737494e-05 4.2597175e-06
30 6.8252814e-05 3.5139106e-06
31 0.00020632571 5.5770234e-06
32 0.00018867536 4.7618458e-06
33 0.00065774507 7.3394839e-06
34 0.00057906613 7.8691108e-06
35 0.0024735542 9.9189455e-06
36 0.0023466865 1.3328919e-05
37 0.01441914 1.7217931e-05
38 0.018238934 2.9641031e-05
39 0.21916555 5.0973886e-05
&
@target G0.S2
@type xydy
0 0.40461321 0.00014686613
1 0.22151998 6.0175964e-05
2 0.0092153 4.9064183e-05
3 0.018524775 3.7610194e-05
4 -0.00015814516 3.3679543e-05
5 0.0061874491 2.987117e-05
6 0.000225855 2.6297096e-05
7 0.0035718535 2.3856293e-05
8 0.00053023275 2.1008258e-05
9 0.0024243007 1.9216535e-05
10 0.00060478633 1.6342663e-05
11 0.0017708758 1.5792412e-05
12 0.00057959074 1.3369429e-05
13 0.0013681566 1.3366986e-05
14 0.0005267989 1.1380969e-05
15 0.0011144567 1.1296559e-05
16 0.00048095406 9.8424634e-06
17 0.00096148436 9.9651655e-06
18 0.00044732041 8.677763e-06
19 0.00089094651 9.3131321e-06
20 0.0004384841 8.3844669e-06
21 0.00088808385 9.4541267e-06
22 0.00045194226 8.6837379e-06
23 0.00095828514 9.8995893e-06
24 0.00048914404 9.6588136e-06
25 0.0011110482 1.051974e-05
26 0.00054285189 1.1010603e-05
27 0.001367277 1.150256e-05
28 0.0005969976 1.3281773e-05
29 0.0017746158 1.3227618e-05
30 0.00061688082 1.6983091e-05
31 0.0024330628 1.6392551e-05
32 0.00053262531 2.1744618e-05
33 0.0035834136 1.9387659e-05
34 0.0002263833 2.7188288e-05
35 0.0061951706 2.3739554e-05
36 -0.00013912319 3.5422221e-05
37 0.018512923 3.0187475e-05
38 0.0092629989 4.8131663e-05
39 0.22145478 6.11884e-05
&
