# Grace project file
#
@version 50122
@page size 792, 612
@page scroll 5%
@page inout 5%
@link page off
@map font 0 to "Times-Roman", "Times-Roman"
@map font 1 to "Times-Italic", "Times-Italic"
@map font 2 to "Times-Bold", "Times-Bold"
@map font 3 to "Times-BoldItalic", "Times-BoldItalic"
@map font 4 to "Helvetica", "Helvetica"
@map font 5 to "Helvetica-Oblique", "Helvetica-Oblique"
@map font 6 to "Helvetica-Bold", "Helvetica-Bold"
@map font 7 to "Helvetica-BoldOblique", "Helvetica-BoldOblique"
@map font 8 to "Courier", "Courier"
@map font 9 to "Courier-Oblique", "Courier-Oblique"
@map font 10 to "Courier-Bold", "Courier-Bold"
@map font 11 to "Courier-BoldOblique", "Courier-BoldOblique"
@map font 12 to "Symbol", "Symbol"
@map font 13 to "ZapfDingbats", "ZapfDingbats"
@map color 0 to (255, 255, 255), "white"
@map color 1 to (0, 0, 0), "black"
@map color 2 to (255, 0, 0), "red"
@map color 3 to (0, 255, 0), "green"
@map color 4 to (0, 0, 255), "blue"
@map color 5 to (255, 255, 0), "yellow"
@map color 6 to (188, 143, 143), "brown"
@map color 7 to (220, 220, 220), "grey"
@map color 8 to (148, 0, 211), "violet"
@map color 9 to (0, 255, 255), "cyan"
@map color 10 to (255, 0, 255), "magenta"
@map color 11 to (255, 165, 0), "orange"
@map color 12 to (114, 33, 188), "indigo"
@map color 13 to (103, 7, 72), "maroon"
@map color 14 to (64, 224, 208), "turquoise"
@map color 15 to (0, 139, 0), "green4"
@reference date 0
@date wrap off
@date wrap year 1950
@default linewidth 1.0
@default linestyle 1
@default color 1
@default pattern 1
@default font 0
@default char size 1.000000
@default symbol size 1.000000
@default sformat "%.8g"
@background color 0
@page background fill on
@timestamp off
@timestamp 0.03, 0.03
@timestamp color 1
@timestamp rot 0
@timestamp font 0
@timestamp char size 1.000000
@timestamp def "Fri Dec  3 12:19:12 2021"
@r0 off
@link r0 to g0
@r0 type above
@r0 linestyle 1
@r0 linewidth 1.0
@r0 color 1
@r0 line 0, 0, 0, 0
@r1 off
@link r1 to g0
@r1 type above
@r1 linestyle 1
@r1 linewidth 1.0
@r1 color 1
@r1 line 0, 0, 0, 0
@r2 off
@link r2 to g0
@r2 type above
@r2 linestyle 1
@r2 linewidth 1.0
@r2 color 1
@r2 line 0, 0, 0, 0
@r3 off
@link r3 to g0
@r3 type above
@r3 linestyle 1
@r3 linewidth 1.0
@r3 color 1
@r3 line 0, 0, 0, 0
@r4 off
@link r4 to g0
@r4 type above
@r4 linestyle 1
@r4 linewidth 1.0
@r4 color 1
@r4 line 0, 0, 0, 0
@g0 on
@g0 hidden false
@g0 type XY
@g0 stacked false
@g0 bar hgap 0.000000
@g0 fixedpoint off
@g0 fixedpoint type 0
@g0 fixedpoint xy 0.000000, 0.000000
@g0 fixedpoint format general general
@g0 fixedpoint prec 6, 6
@with g0
@    world 12.3213007017, -2.35108460916e-05, 26.0404843319, 6.930309609429999e-05
@    stack world 0, 40, -0.02, 0.5
@    znorm 1
@    view 0.150000, 0.150000, 1.150000, 0.850000
@    title "m = m\s s\N, B\sz\N = 93 GeV"
@    title font 0
@    title size 1.500000
@    title color 1
@    subtitle ""
@    subtitle font 0
@    subtitle size 1.000000
@    subtitle color 1
@    xaxes scale Normal
@    yaxes scale Normal
@    xaxes invert off
@    yaxes invert off
@    xaxis  on
@    xaxis  type zero false
@    xaxis  offset 0.000000 , 0.000000
@    xaxis  bar on
@    xaxis  bar color 1
@    xaxis  bar linestyle 1
@    xaxis  bar linewidth 1.0
@    xaxis  label "t\sE"
@    xaxis  label layout para
@    xaxis  label place auto
@    xaxis  label char size 1.000000
@    xaxis  label font 0
@    xaxis  label color 1
@    xaxis  label place normal
@    xaxis  tick on
@    xaxis  tick major 2
@    xaxis  tick minor ticks 1
@    xaxis  tick default 6
@    xaxis  tick place rounded true
@    xaxis  tick in
@    xaxis  tick major size 1.000000
@    xaxis  tick major color 1
@    xaxis  tick major linewidth 1.0
@    xaxis  tick major linestyle 1
@    xaxis  tick major grid off
@    xaxis  tick minor color 1
@    xaxis  tick minor linewidth 1.0
@    xaxis  tick minor linestyle 1
@    xaxis  tick minor grid off
@    xaxis  tick minor size 0.500000
@    xaxis  ticklabel on
@    xaxis  ticklabel format general
@    xaxis  ticklabel prec 5
@    xaxis  ticklabel formula ""
@    xaxis  ticklabel append ""
@    xaxis  ticklabel prepend ""
@    xaxis  ticklabel angle 0
@    xaxis  ticklabel skip 0
@    xaxis  ticklabel stagger 0
@    xaxis  ticklabel place normal
@    xaxis  ticklabel offset auto
@    xaxis  ticklabel offset 0.000000 , 0.010000
@    xaxis  ticklabel start type auto
@    xaxis  ticklabel start 0.000000
@    xaxis  ticklabel stop type auto
@    xaxis  ticklabel stop 0.000000
@    xaxis  ticklabel char size 1.000000
@    xaxis  ticklabel font 0
@    xaxis  ticklabel color 1
@    xaxis  tick place both
@    xaxis  tick spec type none
@    yaxis  on
@    yaxis  type zero false
@    yaxis  offset 0.000000 , 0.000000
@    yaxis  bar on
@    yaxis  bar color 1
@    yaxis  bar linestyle 1
@    yaxis  bar linewidth 1.0
@    yaxis  label "C\sii"
@    yaxis  label layout para
@    yaxis  label place auto
@    yaxis  label char size 1.000000
@    yaxis  label font 0
@    yaxis  label color 1
@    yaxis  label place normal
@    yaxis  tick on
@    yaxis  tick major 2e-05
@    yaxis  tick minor ticks 1
@    yaxis  tick default 6
@    yaxis  tick place rounded true
@    yaxis  tick in
@    yaxis  tick major size 1.000000
@    yaxis  tick major color 1
@    yaxis  tick major linewidth 1.0
@    yaxis  tick major linestyle 1
@    yaxis  tick major grid off
@    yaxis  tick minor color 1
@    yaxis  tick minor linewidth 1.0
@    yaxis  tick minor linestyle 1
@    yaxis  tick minor grid off
@    yaxis  tick minor size 0.500000
@    yaxis  ticklabel on
@    yaxis  ticklabel format general
@    yaxis  ticklabel prec 5
@    yaxis  ticklabel formula ""
@    yaxis  ticklabel append ""
@    yaxis  ticklabel prepend ""
@    yaxis  ticklabel angle 0
@    yaxis  ticklabel skip 0
@    yaxis  ticklabel stagger 0
@    yaxis  ticklabel place normal
@    yaxis  ticklabel offset auto
@    yaxis  ticklabel offset 0.000000 , 0.010000
@    yaxis  ticklabel start type auto
@    yaxis  ticklabel start 0.000000
@    yaxis  ticklabel stop type auto
@    yaxis  ticklabel stop 0.000000
@    yaxis  ticklabel char size 1.000000
@    yaxis  ticklabel font 0
@    yaxis  ticklabel color 1
@    yaxis  tick place both
@    yaxis  tick spec type none
@    altxaxis  off
@    altyaxis  off
@    legend on
@    legend loctype view
@    legend 0.85, 0.8
@    legend box color 1
@    legend box pattern 1
@    legend box linewidth 1.0
@    legend box linestyle 1
@    legend box fill color 0
@    legend box fill pattern 1
@    legend font 0
@    legend char size 1.000000
@    legend color 1
@    legend length 4
@    legend vgap 1
@    legend hgap 1
@    legend invert false
@    frame type 0
@    frame linestyle 1
@    frame linewidth 1.0
@    frame color 1
@    frame pattern 1
@    frame background color 0
@    frame background pattern 0
@    s0 hidden false
@    s0 type xydy
@    s0 symbol 3
@    s0 symbol size 1.000000
@    s0 symbol color 1
@    s0 symbol pattern 1
@    s0 symbol fill color 1
@    s0 symbol fill pattern 0
@    s0 symbol linewidth 1.0
@    s0 symbol linestyle 1
@    s0 symbol char 65
@    s0 symbol char font 0
@    s0 symbol skip 0
@    s0 line type 1
@    s0 line linestyle 1
@    s0 line linewidth 1.0
@    s0 line color 1
@    s0 line pattern 1
@    s0 baseline type 0
@    s0 baseline off
@    s0 dropline off
@    s0 fill type 0
@    s0 fill rule 0
@    s0 fill color 1
@    s0 fill pattern 1
@    s0 avalue off
@    s0 avalue type 2
@    s0 avalue char size 1.000000
@    s0 avalue font 0
@    s0 avalue color 1
@    s0 avalue rot 0
@    s0 avalue format general
@    s0 avalue prec 3
@    s0 avalue prepend ""
@    s0 avalue append ""
@    s0 avalue offset 0.000000 , 0.000000
@    s0 errorbar on
@    s0 errorbar place both
@    s0 errorbar color 1
@    s0 errorbar pattern 1
@    s0 errorbar size 1.000000
@    s0 errorbar linewidth 1.0
@    s0 errorbar linestyle 1
@    s0 errorbar riser linewidth 1.0
@    s0 errorbar riser linestyle 1
@    s0 errorbar riser clip off
@    s0 errorbar riser clip length 0.100000
@    s0 comment "Corr_ms_Bz93.out"
@    s0 legend  "C\sxx"
@    s1 hidden false
@    s1 type xydy
@    s1 symbol 2
@    s1 symbol size 1.000000
@    s1 symbol color 2
@    s1 symbol pattern 1
@    s1 symbol fill color 2
@    s1 symbol fill pattern 0
@    s1 symbol linewidth 1.0
@    s1 symbol linestyle 1
@    s1 symbol char 65
@    s1 symbol char font 0
@    s1 symbol skip 0
@    s1 line type 1
@    s1 line linestyle 1
@    s1 line linewidth 1.0
@    s1 line color 2
@    s1 line pattern 1
@    s1 baseline type 0
@    s1 baseline off
@    s1 dropline off
@    s1 fill type 0
@    s1 fill rule 0
@    s1 fill color 1
@    s1 fill pattern 1
@    s1 avalue off
@    s1 avalue type 2
@    s1 avalue char size 1.000000
@    s1 avalue font 0
@    s1 avalue color 1
@    s1 avalue rot 0
@    s1 avalue format general
@    s1 avalue prec 3
@    s1 avalue prepend ""
@    s1 avalue append ""
@    s1 avalue offset 0.000000 , 0.000000
@    s1 errorbar on
@    s1 errorbar place both
@    s1 errorbar color 2
@    s1 errorbar pattern 1
@    s1 errorbar size 1.000000
@    s1 errorbar linewidth 1.0
@    s1 errorbar linestyle 1
@    s1 errorbar riser linewidth 1.0
@    s1 errorbar riser linestyle 1
@    s1 errorbar riser clip off
@    s1 errorbar riser clip length 0.100000
@    s1 comment "Corr_ms_Bz93.out"
@    s1 legend  "C\syy"
@    s2 hidden false
@    s2 type xydy
@    s2 symbol 1
@    s2 symbol size 1.000000
@    s2 symbol color 3
@    s2 symbol pattern 1
@    s2 symbol fill color 3
@    s2 symbol fill pattern 0
@    s2 symbol linewidth 1.0
@    s2 symbol linestyle 1
@    s2 symbol char 65
@    s2 symbol char font 0
@    s2 symbol skip 0
@    s2 line type 1
@    s2 line linestyle 1
@    s2 line linewidth 1.0
@    s2 line color 3
@    s2 line pattern 1
@    s2 baseline type 0
@    s2 baseline off
@    s2 dropline off
@    s2 fill type 0
@    s2 fill rule 0
@    s2 fill color 1
@    s2 fill pattern 1
@    s2 avalue off
@    s2 avalue type 2
@    s2 avalue char size 1.000000
@    s2 avalue font 0
@    s2 avalue color 1
@    s2 avalue rot 0
@    s2 avalue format general
@    s2 avalue prec 3
@    s2 avalue prepend ""
@    s2 avalue append ""
@    s2 avalue offset 0.000000 , 0.000000
@    s2 errorbar on
@    s2 errorbar place both
@    s2 errorbar color 3
@    s2 errorbar pattern 1
@    s2 errorbar size 1.000000
@    s2 errorbar linewidth 1.0
@    s2 errorbar linestyle 1
@    s2 errorbar riser linewidth 1.0
@    s2 errorbar riser linestyle 1
@    s2 errorbar riser clip off
@    s2 errorbar riser clip length 0.100000
@    s2 comment "Corr_ms_Bz93.out"
@    s2 legend  "C\szz"
#QTGRACE_ADDITIONAL_PARAMETER: PLOT_ALPHA 255 255
#QTGRACE_ADDITIONAL_PARAMETER: GRAPH_ALPHA G 0 {255;255;255;255;255;255;255}
#QTGRACE_ADDITIONAL_PARAMETER: AXIS_ALPHA G 0 A 0 {255;255;255;255;255}
#QTGRACE_ADDITIONAL_PARAMETER: AXIS_ALPHA G 0 A 1 {255;255;255;255;255}
#QTGRACE_ADDITIONAL_PARAMETER: AXIS_ALPHA G 0 A 2 {255;255;255;255;255}
#QTGRACE_ADDITIONAL_PARAMETER: AXIS_ALPHA G 0 A 3 {255;255;255;255;255}
#QTGRACE_ADDITIONAL_PARAMETER: G 0 S 0 POLYGONEBASESET -1
#QTGRACE_ADDITIONAL_PARAMETER: G 0 S 0 SHOWERRORBARINLEGEND 0
#QTGRACE_ADDITIONAL_PARAMETER: G 0 S 0 CONNECTERRORBARS 0
#QTGRACE_ADDITIONAL_PARAMETER: G 0 S 0 IGNOREINAUTOSCALE 0
#QTGRACE_ADDITIONAL_PARAMETER: G 0 S 0 ALPHA_CHANNELS {255;255;255;255;255;255}
#QTGRACE_ADDITIONAL_PARAMETER: G 0 S 1 POLYGONEBASESET -1
#QTGRACE_ADDITIONAL_PARAMETER: G 0 S 1 SHOWERRORBARINLEGEND 0
#QTGRACE_ADDITIONAL_PARAMETER: G 0 S 1 CONNECTERRORBARS 0
#QTGRACE_ADDITIONAL_PARAMETER: G 0 S 1 IGNOREINAUTOSCALE 0
#QTGRACE_ADDITIONAL_PARAMETER: G 0 S 1 ALPHA_CHANNELS {255;255;255;255;255;255}
#QTGRACE_ADDITIONAL_PARAMETER: G 0 S 2 POLYGONEBASESET -1
#QTGRACE_ADDITIONAL_PARAMETER: G 0 S 2 SHOWERRORBARINLEGEND 0
#QTGRACE_ADDITIONAL_PARAMETER: G 0 S 2 CONNECTERRORBARS 0
#QTGRACE_ADDITIONAL_PARAMETER: G 0 S 2 IGNOREINAUTOSCALE 0
#QTGRACE_ADDITIONAL_PARAMETER: G 0 S 2 ALPHA_CHANNELS {255;255;255;255;255;255}
#QTGRACE_ADDITIONAL_PARAMETER: AUTOATTACH G 0 0 0
#QTGRACE_ADDITIONAL_PARAMETER: TITLE_SHIFT G 0 0 0
#QTGRACE_ADDITIONAL_PARAMETER: SUBTITLE_SHIFT G 0 0 0
#QTGRACE_ADDITIONAL_PARAMETER: QTFONT_RESET 1
#QTGRACE_ADDITIONAL_PARAMETER: QTFONT "Times New Roman,10,-1,5,50,0,0,0,0,0"
#QTGRACE_ADDITIONAL_PARAMETER: QTFONT "Times New Roman,10,-1,5,50,1,0,0,0,0"
#QTGRACE_ADDITIONAL_PARAMETER: QTFONT "Times New Roman,10,-1,5,75,0,0,0,0,0"
#QTGRACE_ADDITIONAL_PARAMETER: QTFONT "Times New Roman,10,-1,5,75,1,0,0,0,0"
#QTGRACE_ADDITIONAL_PARAMETER: QTFONT "Helvetica,10,-1,5,50,0,0,0,0,0"
#QTGRACE_ADDITIONAL_PARAMETER: QTFONT "Helvetica,10,-1,5,50,1,0,0,0,0"
#QTGRACE_ADDITIONAL_PARAMETER: QTFONT "Helvetica,10,-1,5,75,0,0,0,0,0"
#QTGRACE_ADDITIONAL_PARAMETER: QTFONT "Helvetica,10,-1,5,75,1,0,0,0,0"
#QTGRACE_ADDITIONAL_PARAMETER: QTFONT "Courier,10,-1,5,50,0,0,0,0,0"
#QTGRACE_ADDITIONAL_PARAMETER: QTFONT "Courier,10,-1,5,50,1,0,0,0,0"
#QTGRACE_ADDITIONAL_PARAMETER: QTFONT "Courier,10,-1,5,75,0,0,0,0,0"
#QTGRACE_ADDITIONAL_PARAMETER: QTFONT "Courier,10,-1,5,75,1,0,0,0,0"
#QTGRACE_ADDITIONAL_PARAMETER: QTFONT "Symbol,10,-1,5,50,0,0,0,0,0"
#QTGRACE_ADDITIONAL_PARAMETER: QTFONT "Zapf Dingbats,10,-1,5,50,0,0,0,0,0"
#QTGRACE_ADDITIONAL_PARAMETER: ENCODING "UTF-8"
#QTGRACE_ADDITIONAL_PARAMETER: UNIVERSAL_FONT_SIZE_FACTOR 1.0000
#QTGRACE_ADDITIONAL_PARAMETER: TIMESTAMP_PATH 0
#QTGRACE_ADDITIONAL_PARAMETER: LINESTYLES 9 {2;2;2;2;2;4;4;6;6} {{0;1},{1;0},{1;3},{5;3},{7;3},{1;3;5;3},{1;3;7;3},{1;3;5;3;1;3},{5;3;1;3;5;3}}
@target G0.S0
@type xydy
0 0.44331362 0.00019313325
1 0.22294617 6.6313083e-05
2 0.018070156 2.7370471e-05
3 0.014543009 1.8335305e-05
4 0.0019073019 1.3477835e-05
5 0.0021125429 9.7185778e-06
6 0.00034975213 7.6219708e-06
7 0.00043531328 8.623946e-06
8 8.7544289e-05 6.4147864e-06
9 0.00010908514 6.5586873e-06
10 2.4722708e-05 5.1430707e-06
11 2.9663827e-05 6.5313231e-06
12 6.3960594e-06 4.4191235e-06
13 6.5339775e-06 4.7353867e-06
14 3.3890265e-06 3.7826672e-06
15 4.3616205e-06 3.3693288e-06
16 4.5532415e-06 3.0092108e-06
17 6.2472811e-06 3.6730919e-06
18 3.0764821e-06 2.7270269e-06
19 7.1028923e-06 3.0592174e-06
20 3.6727352e-06 2.6801667e-06
21 2.9462832e-06 2.778175e-06
22 4.05182e-06 2.982496e-06
23 5.413102e-06 2.9612669e-06
24 3.2852864e-06 2.9872995e-06
25 3.9070717e-06 3.3016897e-06
26 4.1838096e-06 3.216332e-06
27 1.5328911e-05 4.08655e-06
28 1.5653407e-05 3.7448029e-06
29 3.7611321e-05 4.4774431e-06
30 3.2398098e-05 5.0198786e-06
31 0.00011308744 5.1059348e-06
32 8.6617842e-05 7.1526935e-06
33 0.00044749578 8.1329366e-06
34 0.00035958909 8.5939709e-06
35 0.0021149022 1.1651016e-05
36 0.0019031202 1.335436e-05
37 0.014524744 2.0239846e-05
38 0.018038617 3.2678386e-05
39 0.22291835 6.0918345e-05
&
@target G0.S1
@type xydy
0 0.44267301 0.00018630899
1 0.22296078 6.7045225e-05
2 0.018002409 3.265226e-05
3 0.014539087 2.338871e-05
4 0.0018906399 1.5212946e-05
5 0.0021186629 1.1931173e-05
6 0.00034232356 8.7263693e-06
7 0.00044319236 7.7894255e-06
8 7.6952452e-05 6.6667529e-06
9 0.00011546042 6.0758484e-06
10 2.2713896e-05 5.8645889e-06
11 3.7280725e-05 4.4025671e-06
12 7.0358437e-06 4.3333434e-06
13 1.8153656e-05 4.1598816e-06
14 4.501865e-06 3.5039175e-06
15 5.9468696e-06 3.3774854e-06
16 3.1884426e-06 2.7550791e-06
17 5.4503857e-06 3.0122141e-06
18 -1.6021035e-08 2.6132658e-06
19 7.1306459e-06 3.0403632e-06
20 -3.0563951e-06 2.8044663e-06
21 6.8686903e-06 3.314751e-06
22 1.5673345e-07 3.0573745e-06
23 8.3951809e-06 3.1792397e-06
24 6.5515539e-07 3.1273925e-06
25 7.0901265e-06 3.2633909e-06
26 3.7441747e-06 3.4970198e-06
27 1.7479556e-05 3.7695846e-06
28 1.612619e-05 4.5104215e-06
29 3.868303e-05 4.5285083e-06
30 3.2110797e-05 5.7697012e-06
31 0.0001121341 6.8881667e-06
32 9.842767e-05 6.9866417e-06
33 0.00044852874 9.0882878e-06
34 0.00037091477 1.0070768e-05
35 0.00212922 1.2673488e-05
36 0.001912799 1.2342379e-05
37 0.014540364 2.6512295e-05
38 0.018021147 2.9910113e-05
39 0.22292713 6.7502942e-05
&
@target G0.S2
@type xydy
0 0.32714425 0.00022127572
1 0.2387864 0.00010851563
2 -0.011691939 8.3380703e-05
3 0.033193027 8.5074523e-05
4 -0.0084604044 5.7854098e-05
5 0.016824499 6.3467286e-05
6 -0.0042168515 4.280129e-05
7 0.011517067 5.112746e-05
8 -0.0022873782 3.2296973e-05
9 0.0086665604 4.2679267e-05
10 -0.0013906097 2.451201e-05
11 0.0069255325 3.774922e-05
12 -0.00096776205 2.0257731e-05
13 0.0058040996 3.3151478e-05
14 -0.00075543382 1.824219e-05
15 0.0050832123 3.0271659e-05
16 -0.00065233022 1.597077e-05
17 0.0046498878 2.8570376e-05
18 -0.00061036921 1.4637939e-05
19 0.0044474991 2.8252934e-05
20 -0.00059610841 1.4226122e-05
21 0.0044391455 2.8116647e-05
22 -0.00059976274 1.505533e-05
23 0.0046349516 2.873195e-05
24 -0.00063605638 1.5533224e-05
25 0.0050559451 3.1186934e-05
26 -0.00072843333 1.8781854e-05
27 0.005775026 3.3622715e-05
28 -0.00093381539 2.3714953e-05
29 0.0068936979 3.8040738e-05
30 -0.0013679872 2.9124439e-05
31 0.0086328524 4.5835573e-05
32 -0.0022675112 3.5751811e-05
33 0.01149194 5.7306531e-05
34 -0.0042073669 4.4817061e-05
35 0.016791729 6.9064557e-05
36 -0.0084575207 5.8958773e-05
37 0.033140781 8.5642376e-05
38 -0.01164286 8.0777153e-05
39 0.23873877 9.7535447e-05
&
