0 -9.877852472942453e-05 4.742064292610951e-07
1 1.941962572922941e-05 2.770011598518542e-07
2 -1.011722992913789e-05 2.34457553200066e-07
3 -2.273295871601727e-06 1.685900030566826e-07
4 -3.842323502805797e-06 2.039486586689604e-07
5 -3.463014036715597e-06 1.664101780464708e-07
6 -1.89142017138034e-06 1.812869919883483e-07
7 -2.075678827898637e-06 1.59425934121812e-07
8 -1.08176324951204e-06 1.789541812660295e-07
9 -9.882085842473451e-07 1.593859708893137e-07
10 -6.320619340505498e-07 1.578824534008944e-07
11 -4.258107234565635e-07 1.660693637383068e-07
12 -3.949548223064099e-07 1.688642295885196e-07
13 -2.440620208031957e-07 1.487841243940037e-07
14 -4.055758820896368e-07 1.849082269499585e-07
15 -2.753065263618218e-07 1.503437685477216e-07
16 -3.138942256728233e-07 1.596330138732218e-07
17 -2.144645560330976e-07 1.652923948015413e-07
18 -2.825261223544622e-07 1.45226964233149e-07
19 -6.586258715037872e-08 1.653623212877334e-07
20 -2.704949471689377e-07 1.568951266262553e-07
21 1.289920008968268e-07 1.681015443144023e-07
22 -2.586600478355624e-07 1.70111991225221e-07
23 1.420072122640295e-07 1.695345616824914e-07
24 -2.250619371886313e-07 1.656322131880677e-07
25 -6.035973110756121e-08 1.570492166588477e-07
26 -2.717982271763861e-07 1.871933283111183e-07
27 -3.127184816898926e-07 1.755296415999769e-07
28 -3.088746839508757e-07 1.767166351167624e-07
29 -5.47608582697679e-07 1.611320001866065e-07
30 -5.256796851374421e-07 1.769383715537176e-07
31 -8.757109528985423e-07 1.864896017002322e-07
32 -9.31629173111338e-07 1.843156428346091e-07
33 -1.899652799234709e-06 1.854868817990349e-07
34 -1.697565032134292e-06 1.977827244332567e-07
35 -3.49526976726886e-06 1.895642090806191e-07
36 -3.835999434176187e-06 1.855053024913544e-07
37 -2.368949699035756e-06 2.206876793910255e-07
38 -1.031178103804724e-05 2.4959780402661e-07
39 1.913939699888187e-05 2.844658455895686e-07
