0 -0.0008009098380327032 2.189617475677975e-06
1 0.0002965753081965108 2.125417278885829e-06
2 -0.0003441692148053356 2.058640444257161e-06
3 0.0002700102444651599 2.117002676657041e-06
4 -0.0002235130418564722 2.113258501670514e-06
5 0.0002287462640637119 1.995611563989633e-06
6 -0.0001758329583988066 2.121789394429757e-06
7 0.0002008823196008105 1.995205028681591e-06
8 -0.0001498183315125251 2.225212896731866e-06
9 0.0001817077663473511 2.117737829898053e-06
10 -0.0001339636476671651 1.891215383021219e-06
11 0.0001687515664847647 1.954980895602086e-06
12 -0.0001236147913648946 1.955497042290127e-06
13 0.0001596109675666991 1.778438387375814e-06
14 -0.0001163915097118545 1.859237568695683e-06
15 0.0001535407623061617 1.637329150192412e-06
16 -0.000111203504048839 1.949135346703239e-06
17 0.0001496928508987624 1.959379468345431e-06
18 -0.0001080585045899779 1.681462191223025e-06
19 0.0001474075857063693 1.756157783866523e-06
20 -0.0001075313618660271 1.746099440078867e-06
21 0.0001482253647107165 1.782363349041607e-06
22 -0.0001083299113977706 1.786253455424279e-06
23 0.0001497994187454709 1.986248988816045e-06
24 -0.000111287756612709 1.677424377828476e-06
25 0.0001534934400313056 1.729731312285153e-06
26 -0.0001154796681730395 1.878271746953073e-06
27 0.0001596174492774823 1.993224159609623e-06
28 -0.0001223196287676391 1.983261327073358e-06
29 0.0001684078781628656 1.994260979738556e-06
30 -0.0001327015656250553 1.667034750941035e-06
31 0.0001815169218627141 1.87664248811963e-06
32 -0.0001488179402937527 2.011574037916129e-06
33 0.0002006643248831694 2.017736566257264e-06
34 -0.0001748667553585121 1.969040279412769e-06
35 0.0002288438290867832 1.764203664573676e-06
36 -0.0002234390756974991 2.066287310652853e-06
37 0.0002700219416674458 1.734070250153485e-06
38 -0.0003436638428640204 1.985675161397122e-06
39 0.0002960470575139637 2.180478697611379e-06
