0 0.001503998983409914 5.205238134537366e-07
1 0.0005348856471070166 5.341584660126711e-07
2 7.111191946725222e-05 3.386585914818364e-07
3 4.327595312891722e-05 3.543102229324881e-07
4 1.024772581892575e-05 3.789396541933408e-07
5 8.764367932550417e-06 3.209849134497677e-07
6 2.886926701516667e-06 3.187894877664904e-07
7 3.015875509398204e-06 3.342581799175487e-07
8 6.809527322494755e-07 2.784890765334073e-07
9 1.282897047678555e-06 3.110330518761289e-07
10 3.392584008747804e-07 2.843020608315463e-07
11 1.097207270817452e-06 2.846254623543049e-07
12 1.22352962297072e-06 3.032326585136942e-07
13 2.377260032292983e-06 3.282145346069024e-07
14 3.68959173431645e-06 2.898770846709974e-07
15 8.594406131514317e-06 3.19351639345379e-07
16 1.151519395500548e-05 3.504118263736231e-07
17 4.327009215948136e-05 3.478069307601997e-07
18 7.205121815016725e-05 3.659285224299242e-07
19 0.000536129893103358 4.88065788894084e-07
