0 0.01803297642890664 3.416594286727254e-11
1 0.00907212018411006 3.923201882998953e-12
2 0.0007522033170457224 1.022298280311758e-12
3 0.0005927278181065787 5.685518958984399e-13
4 0.0001071774256526459 1.959151548591018e-13
5 0.0001111738694591941 2.132474927392788e-13
6 3.416826444186165e-05 8.732413900006312e-14
7 3.641494054893155e-05 6.442079659796029e-14
8 1.498484132422817e-05 3.827667445988564e-14
9 1.505395344955539e-05 3.463042579339488e-14
10 7.489453554360539e-06 2.195214311805981e-14
11 7.045684291643816e-06 1.424053693827314e-14
12 3.992051988878727e-06 1.384768390797017e-14
13 3.588759669126851e-06 8.007706148168181e-15
14 2.247452504160391e-06 7.337072991726771e-15
15 1.942921078633831e-06 5.360189088160207e-15
16 1.317304028134047e-06 4.001231804373087e-15
17 1.134269871064119e-06 3.071084734867561e-15
18 8.797000769343988e-07 2.023534950839634e-15
19 7.615003691394105e-07 1.98193892208502e-15
20 7.207775280438991e-07 1.231314686646389e-15
21 7.238051256657503e-07 2.364169443826436e-15
22 8.290893546965464e-07 2.248225178877074e-15
23 1.037857167317348e-06 2.514280116257019e-15
24 1.237899394229055e-06 3.299857439718999e-15
25 1.830433442374959e-06 3.332529310526004e-15
26 2.112796160315382e-06 6.019398375773206e-15
27 3.491058202128823e-06 6.717932084908974e-15
28 3.83500713833169e-06 1.069464668748993e-14
29 7.002784903573359e-06 1.448791237443665e-14
30 7.419998048704024e-06 2.848023989862878e-14
31 1.506054583143284e-05 4.201755101360688e-14
32 1.502870060271977e-05 6.150182006861034e-14
33 3.650121422593161e-05 1.001691012370598e-13
34 3.464020782412764e-05 9.761265881138114e-14
35 0.0001118802396226177 2.038286190125958e-13
36 0.0001082965819185683 1.880220578232811e-13
37 0.0005945593557358861 6.440845839722366e-13
38 0.000753420058654182 1.145179228978814e-12
39 0.009076686515348712 4.926843217231179e-12
