0 0.01771145094153063
0 0.01771109115401871
0 0.01771401135400898
0 0.01770837359225224
0 0.01771006794796025
0 0.01769559353491784
0 0.01770045515172779
0 0.01771654271586993
0 0.01770711247073466
0 0.01770672898501396
0 0.01770928692968118
0 0.01772024013468914
0 0.01768682799258567
0 0.017710324137673
0 0.01769494079194307
0 0.01769887132216492
0 0.01771115552290462
0 0.01771906245767489
0 0.01770104056281226
0 0.01769738013955772
0 0.01769817654843595
0 0.01773263233842725
0 0.01771911374737694
0 0.01769570754035025
0 0.01769922569285937
0 0.01771037032719663
0 0.01769582468009701
0 0.01769840941410376
0 0.01769284821147357
0 0.01771210905279292
0 0.01771504575616661
0 0.01771955810105832
0 0.01770686138342482
0 0.01771141948351114
0 0.01770821935934574
0 0.01770744501170495
0 0.01770595076976686
0 0.01770004859649103
0 0.01770664311439586
0 0.01769701608299858
0 0.01770938733249773
0 0.01771141479928391
0 0.01770072750879628
0 0.01770114170751247
0 0.01771903437256152
0 0.01769499257569545
0 0.01768613766577746
0 0.01768921860345629
0 0.01769632244440398
0 0.01768834979559331
0 0.01771726531416525
0 0.0177140930440207
0 0.01772183398049968
0 0.01771088568108006
0 0.01769831773817136
0 0.01769912286639621
0 0.01771402943971272
0 0.01771184820730613
0 0.01769677397414604
0 0.01771102071520337
0 0.01772431707072442
0 0.01771197158340814
0 0.01769308213277912
0 0.01770385239816431
0 0.01769488436061337
0 0.01770256000483024
0 0.01770110739483924
0 0.01771253047123037
0 0.01771100946116023
0 0.01770188977824924
0 0.01772739665223442
0 0.01769232037212874
0 0.01771157607534096
0 0.01769111269876256
0 0.01770392905920373
0 0.01770740839356989
0 0.01769120656803612
0 0.01770181847718136
0 0.01769704583056171
0 0.0177075216684129
0 0.01770381044013085
0 0.01770518616593369
0 0.01769979177403476
0 0.01769814042237871
0 0.01772183267148562
0 0.01770417000819005
0 0.01770762408098604
0 0.01772515917941955
0 0.01770265964842064
0 0.0177015724176552
0 0.01770074448412323
0 0.01768560112228083
0 0.01770240637962808
0 0.01768935806715239
0 0.01769302184042738
0 0.01770315107231902
0 0.01770584608428773
0 0.01769497866229408
0 0.01769578628266255
0 0.01770475696595375
1 0.009312701361905959
1 0.009290593344059688
1 0.009295586181280083
1 0.009297549898898621
1 0.009310864228004074
1 0.009291648060307152
1 0.009312310394368907
1 0.009301865954544311
1 0.009302789160791312
1 0.00929476415018009
1 0.009295929768612729
1 0.009299451727218667
1 0.009303697424536702
1 0.009307913693947253
1 0.009291323866980683
1 0.009283901494796496
1 0.009289829681004313
1 0.009283041902925898
1 0.009294801998771185
1 0.009291103891357867
1 0.009294182794376535
1 0.009284905423687708
1 0.009301348899800921
1 0.009300205420745436
1 0.009306664041612
1 0.009283664022256109
1 0.009309286419067569
1 0.009301302083892113
1 0.009282576618829284
1 0.009291204763482212
1 0.009294906452313452
1 0.009303511748837716
1 0.009290755880182139
1 0.009297214562723801
1 0.009308173617274094
1 0.00929802897700409
1 0.009288605242206928
1 0.009288698060353223
1 0.009292336346181359
1 0.009293656139076767
1 0.009298236470232873
1 0.009288543603861055
1 0.009320897586205063
1 0.009298392117070173
1 0.009293617775446117
1 0.009306798320997996
1 0.009297482973959889
1 0.009294953073252242
1 0.009294661477795024
1 0.009310984262596925
1 0.009295709197693785
1 0.009308498789735081
1 0.009291477962253396
1 0.009303667020797365
1 0.009306810150017393
1 0.009300591254952993
1 0.009300702916945776
1 0.009300306586127632
1 0.00931333840121074
1 0.009288014823205659
1 0.009293541360011545
1 0.009292386593383967
1 0.009279545757117418
1 0.009295028439554695
1 0.009316359732907157
1 0.009287518494932096
1 0.009301944826402356
1 0.009290675293322927
1 0.009297844819312707
1 0.009303035296997083
1 0.009281360224199805
1 0.009290818745781377
1 0.009277814135344935
1 0.009296728483710722
1 0.009292806816697881
1 0.00929367355875309
1 0.009279245637303657
1 0.009294326312794339
1 0.009302629333151627
1 0.009301332193792394
1 0.009292358780872776
1 0.009294319447894026
1 0.009302413872482303
1 0.009295069244565402
1 0.009294341275190769
1 0.009286416835803805
1 0.00928864312212183
1 0.009294044107059122
1 0.009292516267389171
1 0.009287796704846919
1 0.009281909106880179
1 0.009287380066914853
1 0.009294478241733422
1 0.009292341632668966
1 0.009296406147169138
1 0.009296616873357675
1 0.009296002003601928
1 0.009291340465443329
1 0.009290060123049938
1 0.009297889836304309
2 0.0005742749713792511
2 0.0005683785877187945
2 0.0005753492762769982
2 0.0005802680810355755
2 0.0005725882474818626
2 0.0005707661286282679
2 0.0005657172192390544
2 0.0005835353906061662
2 0.000567195138406741
2 0.0005757796985770178
2 0.0005695764928663375
2 0.0005687184541361823
2 0.0005768199146704993
2 0.0005621156182342402
2 0.0005771332742479762
2 0.0005700274141093259
2 0.0005701074511784487
2 0.0005701139541388437
2 0.0005694793627741726
2 0.0005694519736013425
2 0.0005712157976043178
2 0.0005644657319965324
2 0.000574796229944359
2 0.0005594030823284627
2 0.000571054596073921
2 0.0005674057719365591
2 0.0005608563628228077
2 0.0005743474783727613
2 0.0005843862539118899
2 0.0005691204122314887
2 0.0005639437535577708
2 0.000557770563011077
2 0.0005756444641643758
2 0.0005666154345125654
2 0.0005797481103691396
2 0.000565792087543845
2 0.0005706342715098238
2 0.0005650273730815534
2 0.0005782657442725316
2 0.0005771683479427921
2 0.0005538481045229248
2 0.0005733496285358526
2 0.0005694136994529398
2 0.0005663207056281559
2 0.0005663223699631017
2 0.0005754149315876361
2 0.0005682676593526602
2 0.000572236210009844
2 0.0005684972728105956
2 0.0005668641223647736
2 0.0005827344458411842
2 0.0005789809666098384
2 0.0005633072834176042
2 0.0005803135402247005
2 0.0005701198538692045
2 0.0005536958165719475
2 0.0005755489913313805
2 0.0005706649140595035
2 0.0005613737934664437
2 0.0005703919766306137
2 0.0005707249441590995
2 0.0005726058619172007
2 0.0005765770959054593
2 0.0005672104630621575
2 0.0005669719878893096
2 0.0005634792087568333
2 0.0005701980970568558
2 0.0005564862422971092
2 0.0005595013155944307
2 0.0005624835279015804
2 0.000569304964039959
2 0.0005805234645560709
2 0.0005806625896635713
2 0.0005632510996265211
2 0.0005579813816861414
2 0.0005807736924515094
2 0.0005527055327593903
2 0.0005563942206467959
2 0.0005685010448225036
2 0.0005669053382266419
2 0.0005794972012309977
2 0.000570487931042625
2 0.0005722128337419009
2 0.0005705564990784115
2 0.0005630542357315365
2 0.0005771378150874344
2 0.0005678382511745296
2 0.00056789339560347
2 0.00057299810117936
2 0.0005599727623046359
2 0.0005686131787990807
2 0.0005663700777018954
2 0.0005686722373861458
2 0.0005782426090734273
2 0.000574763002353409
2 0.0005635966161019283
2 0.0005906644201105681
2 0.0005743383135310264
2 0.0005784687072230294
2 0.0005785045407196547
3 0.0007170732517092872
3 0.000710145885407734
3 0.0007173650492476997
3 0.0007044638197016349
3 0.0007119462199336381
3 0.0007167488409102046
3 0.0007190501568354339
3 0.0007269543355569949
3 0.000723605017409881
3 0.0007122513598166287
3 0.0007157088005791161
3 0.0007146533604056586
3 0.0007170853060315858
3 0.000707810847873029
3 0.0007278860855941342
3 0.0007365557933661288
3 0.000707940453044245
3 0.0007213742289421733
3 0.0007191111553048245
3 0.0007084942167963746
3 0.000706282437002663
3 0.0007093889169241483
3 0.0007058626498915836
3 0.0007179466339948602
3 0.0007173109837560684
3 0.0007140735223834639
3 0.0007187126165123656
3 0.0006999432166062671
3 0.000717926873311988
3 0.0007203208407831073
3 0.000708029226356734
3 0.0007113444766781187
3 0.0007258410144699972
3 0.0007223574301654071
3 0.0007075711733619016
3 0.0007142436311559811
3 0.000702446842752265
3 0.0007224179396338513
3 0.0007289309449652619
3 0.0007275629474685984
3 0.0007036624667548783
3 0.0007207893088243794
3 0.0007142729992547681
3 0.0007172343658844126
3 0.0007265911635332679
3 0.0007160587467942745
3 0.0007104287633430361
3 0.0007126768696937575
3 0.0007122051298464271
3 0.0007142745681818518
3 0.0007181870555466226
3 0.0007069010798376649
3 0.0007111945146410045
3 0.0007066851946018169
3 0.0007124085354546977
3 0.0007221458592347344
3 0.0007062746226424189
3 0.000713608835680167
3 0.0007136966282169001
3 0.0007122706276484845
3 0.0007063290469651156
3 0.0007231253778872302
3 0.0007073690297674192
3 0.0007150734697432585
3 0.0007102165887149196
3 0.0007181210381874273
3 0.0007242992860761416
3 0.000723691497302308
3 0.0007197390082148182
3 0.0007158953000433469
3 0.0007271346665527434
3 0.0007110730592152433
3 0.0007298499228162751
3 0.0007146004835092762
3 0.0007092076762605147
3 0.0007185943454828102
3 0.0006989005160040291
3 0.0007156395960745749
3 0.0007109037438402095
3 0.0007231705177542476
3 0.0007053399824025296
3 0.000713183237029951
3 0.0007216304673642665
3 0.0007090534963271217
3 0.0007056404825853514
3 0.0007186333484983263
3 0.0007174052052107204
3 0.0007163747584176464
3 0.0007179812257422737
3 0.0007282103774623327
3 0.0007158385904378665
3 0.0007238425475175881
3 0.0007222852711889982
3 0.0007147775267090852
3 0.0007004479772799783
3 0.0007172650678577047
3 0.0007210077807640891
3 0.0007052913035836528
3 0.000723051867269751
3 0.0007223866757054753
4 1.900041479694166e-06
4 8.629019732332992e-06
4 9.666911490267675e-06
4 -8.115029201860001e-06
4 8.547016961721884e-06
4 7.456839559503049e-06
4 2.802882115638985e-06
4 -2.685849128788495e-06
4 1.569992184685993e-05
4 -8.396425805715025e-06
4 1.553920942921636e-05
4 -3.01188494332106e-06
4 3.723922519184105e-06
4 6.419186711663686e-06
4 6.355534413605464e-06
4 2.821859819235875e-06
4 -1.039635765298862e-05
4 1.330741779270357e-05
4 7.005431723632743e-06
4 -5.113113200586252e-07
4 7.84425869928534e-06
4 1.1346845615412e-05
4 4.402507200639626e-06
4 9.022799007151246e-06
4 1.222785437224376e-05
4 3.525819643503342e-06
4 4.281127422911905e-06
4 -4.996022486217803e-06
4 1.158567337673977e-05
4 7.624643457558785e-06
4 1.463816175256841e-05
4 2.266810155881713e-06
4 2.135683084505342e-06
4 2.976725130509952e-06
4 -3.113951971113585e-06
4 1.644351142444586e-05
4 2.811522410213423e-06
4 5.326145548069001e-06
4 -3.889233447510255e-06
4 6.209536307218064e-06
4 -1.223731416413894e-06
4 2.896924885627315e-06
4 -1.728569034476962e-06
4 9.432325687397788e-06
4 4.056614397678634e-06
4 9.979133941264567e-06
4 1.064400043636241e-06
4 3.925432996291867e-06
4 -1.121308166195118e-05
4 8.826014936603391e-06
4 3.240434219953508e-06
4 4.179280011249731e-06
4 3.684191277603314e-06
4 1.980350145907949e-05
4 7.978606281183594e-06
4 1.775419233634345e-05
4 8.991292029923057e-07
4 -7.618759829153327e-06
4 8.937628038077519e-06
4 1.429303003512611e-05
4 1.001761516088149e-05
4 2.049318429197279e-05
4 3.536836875987547e-06
4 4.160234269334958e-06
4 -6.189875871545026e-07
4 4.114552152613658e-06
4 1.529516149379013e-05
4 4.544924074642405e-06
4 4.868407154596659e-07
4 7.511574100828544e-06
4 1.622254451590322e-05
4 1.1112849369283e-05
4 1.311639560087594e-05
4 1.281312447709421e-05
4 1.11724157730849e-05
4 1.726304674356547e-05
4 6.019426543750141e-06
4 2.820687292178943e-06
4 8.588110308905709e-06
4 4.865075006196704e-06
4 6.326618712592253e-06
4 8.89895917593707e-06
4 -2.688562938177321e-06
4 7.495378357464673e-06
4 -5.746442974986693e-06
4 -1.312482969408054e-05
4 8.239266946529687e-06
4 5.967321886851789e-06
4 2.283910606227589e-05
4 8.79436236622239e-06
4 1.406656706389651e-05
4 -9.949500722023738e-06
4 -8.164236578959589e-06
4 -1.002491770158671e-05
4 8.740413084792582e-06
4 -5.896012970384891e-06
4 1.251538434604824e-05
4 1.838547383014688e-05
4 4.608089153735759e-06
4 8.010751904900774e-06
5 0.0001931474626653128
5 0.0001868199568116456
5 0.0001984627666506468
5 0.0001977512498058099
5 0.0001767473828225722
5 0.0001824826666839581
5 0.0001924201649404876
5 0.0001898046831500025
5 0.0001993300776509926
5 0.000174779587118307
5 0.0001902853308895067
5 0.0001841637354999174
5 0.0002025709138380533
5 0.0001798811406351045
5 0.0001927002234949188
5 0.0001981609819249469
5 0.0001896827998539024
5 0.0002003729432393117
5 0.0001833291506040432
5 0.0001907332184723205
5 0.0001897924285305623
5 0.0001867047454106921
5 0.000189460463922516
5 0.0001856705245562788
5 0.0001848118501159092
5 0.0002004356290114999
5 0.0002057078417035242
5 0.0002015261426640855
5 0.0001785728765112694
5 0.00019847517590922
5 0.0002007233309637409
5 0.0001874265057049476
5 0.0001874754615903855
5 0.0001860514492010645
5 0.0001988590051756195
5 0.0001891258290021088
5 0.0001922029161291697
5 0.0001909187409272806
5 0.000199055888298499
5 0.0001898473459642519
5 0.0001795861966578504
5 0.0001848546692912472
5 0.0001876654362609365
5 0.0002027404635194734
5 0.0001940964532341732
5 0.0001699302169137658
5 0.000196939858828515
5 0.0001810980083270549
5 0.0001959999415477398
5 0.0001784425677360117
5 0.0001866590860501172
5 0.0001879655137465103
5 0.0001967382006728143
5 0.0001892325156950783
5 0.000188485637894412
5 0.0001965186934920737
5 0.0001945347527280977
5 0.0001765918691585851
5 0.0001935636276381954
5 0.0001956983423510475
5 0.0001883164226473294
5 0.0001963879970833277
5 0.0001964775716060862
5 0.0001978566089209664
5 0.0001749107314197605
5 0.0001852682268222174
5 0.0001841160588794873
5 0.0001808546990385335
5 0.0001844233990015268
5 0.0001844774613438358
5 0.0001820290775019674
5 0.0001834951259591644
5 0.0001908626113166788
5 0.0002016714029278832
5 0.0002078667092818063
5 0.0002009924707831562
5 0.000191529751274076
5 0.0002020122519105363
5 0.0002077350430356987
5 0.0001985005217050062
5 0.0001888034552908214
5 0.0001935470144300998
5 0.0001851610241564872
5 0.0001933218694058725
5 0.0001829284293873662
5 0.0002002499752925814
5 0.0001852815587292257
5 0.0001904810620445644
5 0.0001867225279392492
5 0.0001935054187796917
5 0.0001936445975571498
5 0.0001915532793863095
5 0.0001876124398466592
5 0.000193103278766972
5 0.0001842875030946227
5 0.0001838094194151352
5 0.0001808565738337817
5 0.0001947034329120546
5 0.0002039158033627249
5 0.0001924347160105362
6 -3.567636112753343e-05
6 -3.212402664643617e-05
6 -2.241317132769747e-05
6 -3.300584235703692e-05
6 -3.002532129417725e-05
6 -2.076832475458675e-05
6 -2.179262955614008e-05
6 -2.608540145412536e-05
6 -2.912806660418389e-05
6 -2.393742477969631e-05
6 -3.987887455514865e-05
6 -2.229671663111302e-05
6 -3.436111859873748e-05
6 -2.494204763477156e-05
6 -2.462649304194833e-05
6 -3.691300855848829e-05
6 -2.001874027681983e-05
6 -3.517231495524657e-05
6 -2.066858326046617e-05
6 -2.940961938714333e-05
6 -2.466531810447684e-05
6 -2.049820143290294e-05
6 -3.086500182457583e-05
6 -1.308881888470432e-05
6 -2.642994790415235e-05
6 -3.089924222273419e-05
6 -2.325659600330104e-05
6 -2.183105045946152e-05
6 -1.999575706038485e-05
6 -2.859062459452686e-05
6 -3.967606109399266e-05
6 -3.097084419810818e-05
6 -3.668400910413776e-05
6 -1.306965748986943e-05
6 -3.500399574304795e-05
6 -4.668630609731531e-05
6 -3.060416312145177e-05
6 -2.82784858960443e-05
6 -2.389033145173168e-05
6 -3.31606535526829e-05
6 -1.694083473248069e-05
6 -2.748304201271061e-05
6 -2.790029085261362e-05
6 -3.052987509638575e-05
6 -3.947902586559886e-05
6 -3.542209696620956e-05
6 -2.269536814985967e-05
6 -2.484708174607675e-05
6 -4.101462557922113e-05
6 -2.335704276236276e-05
6 -1.777801389309101e-05
6 -4.252717066771216e-05
6 -2.725431643166461e-05
6 -2.42021524794649e-05
6 -3.142513829819832e-05
6 -2.641209885143755e-05
6 -3.153258646877969e-05
6 -1.936037515035608e-05
6 -3.795960315850413e-05
6 -2.816196494919359e-05
6 -2.329412237489868e-05
6 -1.778349585128634e-05
6 -1.156468940094099e-05
6 -3.024631759553288e-05
6 -5.202422985724994e-05
6 -2.415162030098315e-05
6 -2.338473390334967e-05
6 -2.961881728476168e-05
6 -1.981482839416037e-05
6 -1.536744740208554e-05
6 -4.137777394699976e-05
6 -3.29967055215996e-05
6 -2.862109742950559e-05
6 -2.682625881956349e-05
6 -3.008738829616244e-05
6 -1.93122755835361e-05
6 -2.975866947144127e-05
6 -2.183969374318335e-05
6 -2.570410062504851e-05
6 -2.973073425247838e-05
6 -3.463076305457202e-05
6 -2.438663199072822e-05
6 -2.602761965299245e-05
6 -3.737376474777265e-05
6 -1.696872402983384e-05
6 -4.367762638309746e-05
6 -1.661113508836658e-05
6 -2.751349442402708e-05
6 -4.018778664375047e-05
6 -2.679470462486599e-05
6 -2.528833910481547e-05
6 -2.496967077053375e-05
6 -2.643293812014109e-05
6 -3.753531266340049e-05
6 -2.983644511387023e-05
6 -1.094739717650733e-05
6 -3.204764920936718e-05
6 -3.415737776304725e-05
6 -2.290875904660143e-05
6 -1.813762778028118e-05
7 9.689488657680024e-05
7 9.128583682188609e-05
7 0.0001061213738053203
7 0.0001242389933466475
7 0.0001104348410503502
7 8.917544283790809e-05
7 0.0001123441447722128
7 0.0001087300247179586
7 9.681904841639462e-05
7 0.000105743889618743
7 0.000105580657692678
7 0.0001056689907804855
7 0.0001011922798152721
7 0.00010781685061786
7 9.356421603200959e-05
7 0.0001077619429575863
7 0.0001021684618508618
7 9.420487077673893e-05
7 0.0001065426156497491
7 0.0001070394473645404
7 0.0001015545518638761
7 9.856761559648402e-05
7 0.0001106275537092768
7 0.0001118614736262584
7 9.481572869206905e-05
7 9.994365148900987e-05
7 9.130230785136584e-05
7 0.0001047873171457322
7 0.0001041484287319197
7 9.550281062243024e-05
7 0.000106335717092972
7 0.0001082983264888646
7 9.612631477814807e-05
7 0.0001000590493205417
7 0.000111831841716119
7 0.0001032781356003734
7 0.0001041408824682027
7 0.0001084082300397901
7 9.074928103689303e-05
7 0.0001125065558341931
7 9.747877816787943e-05
7 0.0001080897427674553
7 0.0001000310664580247
7 9.171179082238489e-05
7 9.163817836552091e-05
7 0.0001061370953105869
7 9.800147101747716e-05
7 9.514756167157289e-05
7 0.0001134565862492315
7 0.0001010013856299804
7 0.0001100824037160971
7 0.0001260714293212826
7 0.0001056733101638973
7 0.0001009799143100431
7 0.0001142868910116866
7 0.0001089716096558266
7 0.0001030087248054916
7 9.264040699170867e-05
7 0.000103484684477835
7 9.684910139948848e-05
7 0.0001029476599176265
7 0.0001099621170063615
7 0.0001094258151709514
7 0.0001158782772623079
7 9.85511731677707e-05
7 0.0001178484375274962
7 0.0001090172918024946
7 0.0001035137593446049
7 0.0001073759969589232
7 0.0001083575631470776
7 0.0001160255831252074
7 0.000103618969547124
7 0.000103955317191656
7 0.0001011282090309171
7 0.0001118988689517443
7 0.0001175006282862866
7 0.0001098872190594359
7 0.0001030669933881882
7 9.144978395418233e-05
7 0.0001147425430750015
7 9.591183031635533e-05
7 0.0001049905912237872
7 0.0001026163113755223
7 0.000103144192672648
7 9.0361371335999e-05
7 0.0001136916871607401
7 8.935089263629867e-05
7 0.0001004383361881243
7 0.0001044382982392306
7 9.532931945156825e-05
7 9.715577264497455e-05
7 9.094007051893403e-05
7 0.0001059401623829978
7 9.863467559401591e-05
7 0.0001084127801868139
7 9.9272871672068e-05
7 0.0001113297381105555
7 0.0001014052355425417
7 0.0001025254925426644
7 9.284281263210455e-05
8 -2.364063046506022e-05
8 -3.362394326054841e-05
8 -2.190814088707002e-05
8 -1.770983467450439e-05
8 -2.686293944517508e-05
8 -3.504890612073645e-05
8 -3.379444924628109e-05
8 -2.253498741940923e-05
8 -3.913176059922126e-05
8 -2.675261055668322e-05
8 -2.517851418312996e-05
8 -3.243094487635213e-05
8 -1.665642834313731e-05
8 -3.070336157342623e-05
8 -2.276821717711915e-05
8 -1.544064296290972e-05
8 -3.137706209224515e-05
8 -2.552023219097641e-05
8 -1.979081629865371e-05
8 -1.862444074963317e-05
8 -3.990710858108727e-05
8 -1.959036139298261e-05
8 -2.789900581120067e-05
8 -1.884198922511433e-05
8 -1.721259180086421e-05
8 -2.640915678015897e-05
8 -3.412892842927338e-05
8 -2.986419281692361e-05
8 -2.906062639881113e-05
8 -3.587067919206122e-05
8 -1.969689060580168e-05
8 -2.696065614666477e-05
8 -1.835218712652228e-05
8 -2.138191493792363e-05
8 -2.406281624207318e-05
8 -2.954771849478371e-05
8 -2.929010172581755e-05
8 -3.17227164155671e-05
8 -2.869376924300983e-05
8 -1.962866657977601e-05
8 -3.422755638865207e-05
8 -3.223940509821562e-05
8 -1.365245044647092e-05
8 -1.627873578115754e-05
8 -2.489166007809947e-05
8 -3.493865593135555e-05
8 -2.276380060638656e-05
8 -2.771133304888697e-05
8 -1.797103107463986e-05
8 -2.457772412553591e-05
8 -2.428678312056732e-05
8 -3.449774064421491e-05
8 -2.441783891344509e-05
8 -2.514304141611086e-05
8 -2.359840373724396e-05
8 -3.226587964600109e-05
8 -1.872028385860838e-05
8 -3.079880341202816e-05
8 -2.989181473212721e-05
8 -1.86932151291541e-05
8 -2.518692931484906e-05
8 -2.636999212954434e-05
8 -2.980201773994383e-05
8 -2.478155544874882e-05
8 -3.038313544819721e-05
8 -3.428228380183315e-05
8 -2.317976041171471e-05
8 -2.438712908179373e-05
8 -2.976750612658269e-05
8 -3.414736117130966e-05
8 -3.219361195355822e-05
8 -2.846487223783746e-05
8 -2.956564342278739e-05
8 -4.134449081834158e-05
8 -3.122457046939178e-05
8 -2.912803220354047e-05
8 -1.918370670405628e-05
8 -2.950805435948156e-05
8 -2.496917668447707e-05
8 -2.319550541395605e-05
8 -4.006855653300652e-05
8 -3.041098716335687e-05
8 -2.163758021011512e-05
8 -3.152851868361568e-05
8 -1.523582200533484e-05
8 -2.659634420841979e-05
8 -4.17825270262185e-05
8 -4.727521936669548e-05
8 -3.295359430326778e-05
8 -2.927560605224546e-05
8 -3.877328500511648e-05
8 -3.184723015186032e-05
8 -2.420445049938892e-05
8 -4.086010750608399e-05
8 -2.508070441738138e-05
8 -3.139822314638581e-05
8 -3.341981505527817e-05
8 -3.408489605653507e-05
8 -2.929595499501468e-05
8 -2.444277608883336e-05
9 6.352693140020739e-05
9 6.126310191924212e-05
9 7.136300335376016e-05
9 6.1631624462703e-05
9 6.847147682373779e-05
9 7.603038640392368e-05
9 7.175341464175686e-05
9 6.804003454883996e-05
9 7.798763578263695e-05
9 6.416739256015512e-05
9 8.213806453613534e-05
9 6.538560590861932e-05
9 7.232615085144727e-05
9 7.004429665141583e-05
9 7.822902650986198e-05
9 7.811535402453052e-05
9 7.970919798837034e-05
9 8.366010360133959e-05
9 6.793902805653659e-05
9 8.440385302097459e-05
9 7.33937917414798e-05
9 7.073343716978351e-05
9 7.446611501299904e-05
9 6.650341239039918e-05
9 6.755260362357811e-05
9 7.750839312629881e-05
9 8.529921983416567e-05
9 7.405016100405019e-05
9 8.074555978211549e-05
9 7.388016655975335e-05
9 8.173238669241427e-05
9 8.762745613590093e-05
9 7.168329191676518e-05
9 7.726687773158685e-05
9 6.484131690342845e-05
9 8.181975656831993e-05
9 7.109856761083982e-05
9 7.017414132272599e-05
9 7.748054067888983e-05
9 7.466524517704289e-05
9 6.773155677048333e-05
9 7.680011119876365e-05
9 6.95825227173623e-05
9 7.315196115271591e-05
9 8.119371190236047e-05
9 6.967887418454756e-05
9 6.444450718749358e-05
9 5.908788088557201e-05
9 7.235409212553072e-05
9 7.257169704332659e-05
9 8.071738858049962e-05
9 6.97337799049081e-05
9 7.882879753963478e-05
9 7.452306887160234e-05
9 5.669102519579934e-05
9 7.86868698734524e-05
9 6.521871586080341e-05
9 8.151128379131979e-05
9 8.2180609053551e-05
9 7.392335975442506e-05
9 7.58678239967613e-05
9 7.890572508476742e-05
9 6.329088197221036e-05
9 7.362066634866236e-05
9 6.81765348695862e-05
9 7.473229110530857e-05
9 7.605657355346287e-05
9 7.243059946368663e-05
9 6.718145993181715e-05
9 8.053341143399425e-05
9 8.004362525481889e-05
9 7.153369827551553e-05
9 6.368617329522741e-05
9 7.449097606064802e-05
9 7.509954376775735e-05
9 7.114319403022935e-05
9 6.706551913629383e-05
9 7.241672183074778e-05
9 7.222308753574199e-05
9 6.877116234366794e-05
9 5.765682701594554e-05
9 7.794211910548719e-05
9 7.310037031732462e-05
9 6.801760497356148e-05
9 7.130718468558964e-05
9 9.583747137919323e-05
9 7.764946263756432e-05
9 6.920356114592388e-05
9 7.024139441734489e-05
9 7.125651573054981e-05
9 6.950800812584065e-05
9 6.920025577179358e-05
9 6.215142290890467e-05
9 7.881120849621481e-05
9 7.881431861279252e-05
9 7.466848915371796e-05
9 6.567346475776793e-05
9 7.385089556967983e-05
9 6.990402849387322e-05
9 7.602537110307746e-05
10 -2.377250233051631e-05
10 -1.697853798093506e-05
10 -2.341891517436376e-05
10 -1.026897924605902e-05
10 -2.396197559022713e-05
10 -3.38528547550802e-05
10 -2.234422746792704e-05
10 -2.676728230239592e-05
10 -1.860332214590097e-05
10 -2.69637059196353e-05
10 -1.484963461429983e-05
10 -1.662605760054917e-05
10 -2.4660653065544e-05
10 -3.435817448533263e-05
10 -2.996042709802861e-05
10 -2.541252720090374e-05
10 -2.027846531818551e-05
10 -1.803331861437669e-05
10 -2.350658581313208e-05
10 -3.024511703922637e-05
10 -2.187595882098903e-05
10 -1.927353754043447e-05
10 -3.293288161599961e-05
10 -1.997545265601751e-05
10 -1.87787550039775e-05
10 -2.301007119858146e-05
10 -3.037069530004681e-05
10 -2.32978210635053e-05
10 -5.119740654325626e-06
10 -3.218812859668332e-05
10 -1.601186715436683e-05
10 -2.718930984139494e-05
10 -1.847877386746235e-05
10 -2.225983648061222e-05
10 -2.926363659912763e-05
10 -2.645639371606286e-05
10 -2.533522705717037e-05
10 -2.599828803485759e-05
10 -1.758589414662538e-05
10 -2.231124466573615e-05
10 -2.09636335840165e-05
10 -4.615743398623241e-05
10 -8.788002662706339e-06
10 -2.80222697948173e-05
10 -4.014182331308264e-05
10 -3.532590924557069e-05
10 -1.439886589596262e-05
10 -1.52183347130213e-05
10 -3.309419534922057e-05
10 -2.430291991805056e-05
10 -2.831656997156582e-05
10 -2.575721349619493e-05
10 -2.589383232175109e-05
10 -1.469457148865125e-05
10 -2.519933852594505e-05
10 -1.90657899397016e-05
10 -9.040454573865142e-06
10 -1.671925200143798e-05
10 -9.959646392403515e-06
10 -2.148502830254085e-05
10 -2.589132181100194e-05
10 -2.288824631559904e-05
10 -2.249488501018284e-05
10 -2.760900069867738e-05
10 -3.46393974126885e-05
10 -1.278234604019161e-05
10 -1.654572404006317e-05
10 -3.486178440708632e-05
10 -2.597026616394989e-05
10 -2.076510042288717e-05
10 -2.938875841234085e-05
10 -3.883907498019198e-05
10 -1.165808563315626e-05
10 -2.206916929077538e-05
10 -2.723737870714879e-05
10 -2.945486986057563e-05
10 -3.03818765444855e-05
10 -2.332039321461037e-05
10 -2.797852481501557e-05
10 -2.165316171585069e-05
10 -2.310303661577096e-05
10 -3.487573734196669e-05
10 -2.424384176238827e-05
10 -2.451472825668122e-05
10 -2.615990512678734e-05
10 -2.294836195093584e-05
10 -3.850118460183336e-05
10 -1.790788583978722e-05
10 -2.792310340279809e-05
10 -2.298992992155024e-05
10 -2.665204792120986e-05
10 -2.354410273876682e-05
10 -2.144386099901184e-05
10 -2.476078631839409e-05
10 -1.443772897944988e-05
10 -2.323859837349676e-05
10 -3.139237424036407e-05
10 -2.342355894514418e-05
10 -1.565756434953425e-05
10 -1.988163549541672e-05
11 5.77866538779907e-05
11 6.120187821915633e-05
11 5.896644147522407e-05
11 5.901676677507051e-05
11 7.050967247496075e-05
11 5.654186459995641e-05
11 5.800759113472133e-05
11 6.054574174634023e-05
11 5.546440404924596e-05
11 6.655906800702065e-05
11 6.388690403176685e-05
11 5.645534029937519e-05
11 5.759024520110246e-05
11 7.17790874916438e-05
11 5.248847595583339e-05
11 6.149003777223291e-05
11 5.702340383968004e-05
11 4.741893879487988e-05
11 6.199751469504242e-05
11 6.055311630000149e-05
11 6.260749480485523e-05
11 6.466778702226668e-05
11 5.497587262960022e-05
11 6.696367476353804e-05
11 5.349779833838145e-05
11 6.38496726295891e-05
11 6.115506812066741e-05
11 6.076551246456399e-05
11 6.630419999539584e-05
11 7.722794862821317e-05
11 5.316267303835156e-05
11 6.156730316697165e-05
11 5.809684950820689e-05
11 5.981854157023579e-05
11 6.67036541739361e-05
11 5.587862711898431e-05
11 5.879031842893561e-05
11 6.092371686312814e-05
11 6.882950355669986e-05
11 6.26449122841075e-05
11 5.462554088510842e-05
11 5.342195494756751e-05
11 6.873868688474011e-05
11 7.107941353401379e-05
11 6.713371343385095e-05
11 5.109031317936204e-05
11 5.293931230281307e-05
11 7.348034281248846e-05
11 6.966836124174293e-05
11 5.570789093901603e-05
11 6.301809969781745e-05
11 5.884414265614099e-05
11 6.479721190445789e-05
11 6.545952190880115e-05
11 7.224269102840333e-05
11 6.859225802182271e-05
11 6.298190022502619e-05
11 4.613555093469588e-05
11 5.467783057296566e-05
11 6.040535611677605e-05
11 6.421359846039279e-05
11 6.327955324899201e-05
11 6.745801022872918e-05
11 6.478420964801442e-05
11 5.660101594269033e-05
11 6.584344375171097e-05
11 5.537164778522214e-05
11 6.642571719802122e-05
11 6.437357755781742e-05
11 5.431545709980359e-05
11 5.555046060302805e-05
11 6.094685126978539e-05
11 5.845069497595085e-05
11 7.198927217219064e-05
11 6.740549021533796e-05
11 7.097864760711511e-05
11 5.896885473607333e-05
11 5.998325487023002e-05
11 5.001509173397175e-05
11 5.868823838936958e-05
11 5.441200294812392e-05
11 3.508083872118533e-05
11 6.432319633593397e-05
11 4.546780113372263e-05
11 6.000722686499377e-05
11 6.962970723776387e-05
11 5.156478908751862e-05
11 6.125193095266082e-05
11 7.633372160247689e-05
11 6.942065755713099e-05
11 6.220400356755838e-05
11 6.611345826317315e-05
11 4.930304221165687e-05
11 6.799179004956203e-05
11 7.197701552425046e-05
11 5.272880693324519e-05
11 6.597655321126907e-05
11 6.464583714021423e-05
11 6.797141431224295e-05
11 5.932633561602012e-05
12 -1.989255505193553e-05
12 -3.084671968724888e-05
12 -3.13081941323654e-05
12 -2.570704580834532e-05
12 -3.113746758006552e-05
12 -2.138086521191477e-05
12 -2.192561069180923e-05
12 -3.670589159850532e-05
12 -1.543894799727138e-05
12 -3.806594332370105e-05
12 -3.74571568509823e-05
12 -2.231410585842298e-05
12 -2.644026996344949e-05
12 -2.1816583690329e-05
12 -2.500146356461258e-05
12 -1.709940424878786e-05
12 -2.681558931529735e-05
12 -2.998100169960968e-05
12 -3.373019593826328e-05
12 -2.496773377890657e-05
12 -2.348612055851742e-05
12 -2.094015796648338e-05
12 -2.690806601263773e-05
12 -1.615974096405562e-05
12 -2.725822585426353e-05
12 -9.213945049233858e-06
12 -3.118331142116122e-05
12 -2.031010094835429e-05
12 -2.981022861397184e-05
12 -2.065365229662409e-05
12 -1.55990926209153e-05
12 -1.770808394334724e-05
12 -1.922328785030725e-05
12 -3.430555076890186e-05
12 -3.347084452904352e-05
12 -3.657124622460989e-05
12 -7.770262798977673e-06
12 -2.863863945202347e-05
12 -2.983811593864125e-05
12 -2.810802964527706e-05
12 -1.115148472128786e-05
12 -2.050638831609027e-05
12 -2.039217595518416e-05
12 -2.148657218933994e-05
12 -2.131876780142933e-05
12 -2.230976006396992e-05
12 -1.751873358411303e-05
12 -2.606427660221227e-05
12 -2.761961766641533e-05
12 -9.5354604008828e-06
12 -2.018969726515028e-05
12 -2.576750066205544e-05
12 -1.916575079703468e-05
12 -1.516966573156324e-05
12 -2.205421476212877e-05
12 -1.238191829483875e-05
12 -2.412885001967214e-05
12 -1.752845244539757e-05
12 -2.178538757832715e-05
12 -2.969645205172833e-05
12 -1.594124086568889e-05
12 -2.583542654454865e-05
12 -1.969142730592562e-05
12 -2.121390936334898e-05
12 -1.023420132369863e-05
12 -8.724169497140633e-06
12 -3.026250651529754e-05
12 -1.516862451922283e-05
12 -2.402529265054284e-05
12 -3.506032454093387e-05
12 -1.764975687672375e-05
12 -2.307465681923772e-05
12 -2.363013768681224e-05
12 -2.086588922897142e-05
12 -2.838900929472869e-05
12 -1.825356871767449e-05
12 -2.042360822508875e-05
12 -1.803325004121395e-05
12 -2.259904511716157e-05
12 -2.6117238228466e-05
12 -1.442099678349224e-05
12 -1.970824659290915e-05
12 -2.141881237953291e-05
12 -2.318450102867493e-05
12 -1.220730149879913e-05
12 -1.403352372608634e-05
12 -2.553963959902929e-05
12 -3.231350723430877e-05
12 -3.261560496655232e-05
12 -1.788308929039184e-05
12 -2.514981503283238e-05
12 -1.942516433761698e-05
12 -1.238411695362257e-05
12 -2.418966668099421e-05
12 -2.929462904267924e-05
12 -2.808117454735805e-05
12 -1.785840907280076e-05
12 -3.865720655185676e-05
12 -2.15319970168223e-05
12 -3.495344773200664e-05
13 4.019229684227832e-05
13 5.980054997405769e-05
13 4.550255895194842e-05
13 4.867857469988807e-05
13 4.888931976472037e-05
13 4.511987652121018e-05
13 5.13269405249305e-05
13 5.074949248759266e-05
13 4.6233278952129e-05
13 4.91444765335423e-05
13 4.834547171106504e-05
13 5.396901077460277e-05
13 6.493883049190064e-05
13 5.044890557769228e-05
13 5.026729957603834e-05
13 4.781974454207232e-05
13 5.84527347826885e-05
13 7.19072338973791e-05
13 4.9350398254512e-05
13 3.844761692213306e-05
13 6.022340286972534e-05
13 4.986043651247533e-05
13 5.419520458585317e-05
13 4.817351913691864e-05
13 5.129814647336867e-05
13 6.563439980664309e-05
13 5.490883440154511e-05
13 6.584479866244182e-05
13 6.936050964605229e-05
13 5.848254889364303e-05
13 4.665217509383585e-05
13 5.322088693024068e-05
13 5.222020704654965e-05
13 4.263786264112937e-05
13 5.278929280532559e-05
13 5.794169193505516e-05
13 5.529824290333258e-05
13 5.062050813285702e-05
13 6.082023445323859e-05
13 4.277644871596166e-05
13 5.855839283543904e-05
13 5.162909174444487e-05
13 4.866125908554969e-05
13 5.356253330919778e-05
13 3.736298451205989e-05
13 5.81454009807278e-05
13 4.83319980426268e-05
13 4.204742817146673e-05
13 4.652976291505978e-05
13 5.375234908093444e-05
13 4.884235034595874e-05
13 3.614720368517978e-05
13 6.30665836421345e-05
13 4.584189914614388e-05
13 4.917114580991187e-05
13 5.619359000790608e-05
13 3.698933644696194e-05
13 3.670670449374378e-05
13 4.845179842316339e-05
13 4.420205757437481e-05
13 6.142386396932132e-05
13 4.443080874409211e-05
13 5.526183494706e-05
13 5.038974249763738e-05
13 5.430735763867888e-05
13 5.361505647951609e-05
13 5.697271323139555e-05
13 5.46707279672488e-05
13 6.587510649476523e-05
13 5.804574664549812e-05
13 4.292883245688673e-05
13 5.364916112773657e-05
13 5.46458912601154e-05
13 5.363343075349704e-05
13 5.671433606172671e-05
13 4.775805210269429e-05
13 4.965281574340541e-05
13 5.376785352161177e-05
13 5.670773559288441e-05
13 5.931634365748708e-05
13 4.985503365319082e-05
13 4.065890558174677e-05
13 5.606498235757224e-05
13 5.804675864843047e-05
13 4.272302057418945e-05
13 4.525641928217104e-05
13 5.741202491709175e-05
13 5.507075032582036e-05
13 4.15035867511042e-05
13 6.250463326089115e-05
13 6.20756223474426e-05
13 5.120531691645595e-05
13 5.872519913170572e-05
13 3.670650213673361e-05
13 5.644352118165745e-05
13 4.717086808568441e-05
13 5.018574792849629e-05
13 4.061114704904334e-05
13 6.034924294389129e-05
13 3.655998983001476e-05
14 -1.925152658305573e-05
14 -2.117309955909056e-05
14 -2.876519707506163e-05
14 -3.045990801542647e-05
14 -1.790453500948602e-05
14 -1.120049375094274e-05
14 -4.349165877734338e-06
14 -2.90303495430839e-05
14 -2.631730041448861e-05
14 -3.065078763196957e-05
14 -3.551011615214294e-05
14 -1.890916163267831e-05
14 -4.517661720993361e-06
14 9.764081393568797e-08
14 -1.70274373248687e-05
14 -3.203480392038255e-05
14 -1.934365128144083e-05
14 -2.345980228294598e-05
14 -1.94209344105427e-05
14 -2.627846476133962e-05
14 -2.797003682073726e-05
14 -1.040926612653643e-05
14 -1.207435217341173e-05
14 -2.221211621393028e-05
14 -1.580495142259365e-05
14 -2.463774402063005e-05
14 -1.702377968450682e-05
14 -1.841976553276633e-05
14 -1.92201286821347e-05
14 -2.168940659127737e-05
14 -2.099243121088912e-05
14 -1.674187007989805e-05
14 -2.604545326146448e-05
14 -1.614865106325901e-05
14 -2.949484003348949e-05
14 -2.926470242525249e-05
14 -2.912100364635118e-05
14 -1.889841636729365e-05
14 -2.250108079955316e-05
14 -2.483364967566999e-05
14 -2.270056674588507e-05
14 -1.888368213391683e-05
14 -1.516072076797167e-05
14 -1.398776149365316e-05
14 -1.712334042578545e-05
14 -1.838175426900927e-05
14 -1.781842331248537e-05
14 -1.630161150962334e-05
14 -2.457953101297884e-05
14 -3.121010976453338e-06
14 -2.317828461807852e-05
14 -9.072669401009002e-06
14 -2.55822521768476e-05
14 -3.175398195331698e-05
14 -1.721262642363821e-05
14 -2.047873978141824e-05
14 -3.348175630580134e-05
14 -1.91018256916915e-05
14 -1.5588005481995e-05
14 -1.054397124825402e-05
14 -1.479339725505437e-05
14 -2.342459315905509e-05
14 -7.416915891179063e-06
14 -2.446984939872713e-05
14 -2.642744117955163e-05
14 -2.647936519188619e-05
14 -6.481083108116702e-06
14 -2.192180884676397e-05
14 -1.442881784307547e-05
14 -1.989572391971571e-05
14 -9.963687128399048e-06
14 -2.28870236404708e-05
14 -1.945838406802078e-05
14 -1.77539319814332e-05
14 -2.765898284205474e-05
14 -2.367459780060932e-05
14 -3.212301258185361e-05
14 -1.232688406946511e-05
14 -2.478566758585168e-05
14 -1.452424627139784e-05
14 -1.465617124658342e-05
14 -4.270622569663571e-05
14 -1.218287517449753e-05
14 -3.225043073921573e-05
14 -5.102865771666688e-06
14 -8.687082266410481e-06
14 -1.751136944522527e-05
14 -2.749201951844025e-05
14 -1.119888611420402e-05
14 -2.21564891813771e-05
14 -3.124735852422269e-05
14 -2.773765852581473e-05
14 -1.886329940305317e-05
14 -2.122876022620043e-05
14 -2.143536354446225e-05
14 -1.046495185612871e-05
14 -1.569255316623504e-05
14 -2.930276850551934e-05
14 -2.12088004131753e-05
14 -1.681967060407634e-05
15 4.592226927861904e-05
15 5.039312358247306e-05
15 5.772363559265087e-05
15 6.557256241252253e-05
15 3.906964994572561e-05
15 4.525861420794961e-05
15 4.261818592075396e-05
15 4.888979860877243e-05
15 4.579491853050852e-05
15 5.041570972928809e-05
15 4.911863906594665e-05
15 4.36423392024638e-05
15 4.27407428182875e-05
15 6.790059253918307e-05
15 4.847418930861303e-05
15 5.477225148017337e-05
15 5.681378764059092e-05
15 5.382688367453342e-05
15 4.325372413044131e-05
15 5.338431676690962e-05
15 4.38273090103874e-05
15 3.423205804847308e-05
15 3.926863571595836e-05
15 4.451184554851776e-05
15 5.122156107687934e-05
15 5.079624522922236e-05
15 4.634857506953666e-05
15 6.059138050438634e-05
15 3.926245159804662e-05
15 5.647329027014416e-05
15 3.942232099432847e-05
15 6.173310619956005e-05
15 5.913440392168928e-05
15 4.25042046070143e-05
15 5.515624683060999e-05
15 5.606602493988404e-05
15 5.098786569889124e-05
15 4.883310143081617e-05
15 4.099710354486481e-05
15 6.082912989529793e-05
15 4.723102926295678e-05
15 4.122611006029317e-05
15 6.174325103201991e-05
15 4.845439501593852e-05
15 5.310707850662272e-05
15 4.973385772560821e-05
15 4.470679122803122e-05
15 5.670611006149624e-05
15 5.527104608371529e-05
15 5.0805607263903e-05
15 2.162175011998259e-05
15 5.49526047985069e-05
15 5.245567130133591e-05
15 4.927299000201206e-05
15 4.332259154113569e-05
15 3.48596707702191e-05
15 5.027308754552339e-05
15 6.022036623368936e-05
15 4.501511679677004e-05
15 6.238386751060056e-05
15 4.596838908957064e-05
15 5.795880978541741e-05
15 5.001307243138129e-05
15 3.906728731374378e-05
15 3.958959957223296e-05
15 4.787882732701309e-05
15 4.674047627525512e-05
15 5.203314651309161e-05
15 4.317384578994494e-05
15 5.224318429849225e-05
15 5.03451393486845e-05
15 3.657359527060495e-05
15 4.115042763484141e-05
15 6.449556852429559e-05
15 3.42402719469486e-05
15 4.070465077068379e-05
15 3.904000691381129e-05
15 3.072709248049936e-05
15 4.410444964551492e-05
15 6.285337105722272e-05
15 4.353732490711274e-05
15 5.402005371817852e-05
15 4.586684601694315e-05
15 5.554115268557329e-05
15 4.684894282715505e-05
15 4.94722870988444e-05
15 5.453634638869385e-05
15 4.223426309757087e-05
15 5.413226481887446e-05
15 4.507685271944244e-05
15 4.923010367886497e-05
15 4.627692373081522e-05
15 3.436671657955028e-05
15 4.717576765469842e-05
15 4.227173454468095e-05
15 4.349476928021343e-05
15 5.255366251711824e-05
15 4.469811775794849e-05
15 4.679522843000507e-05
15 5.894515994883623e-05
16 -1.474684834289702e-05
16 -9.174508938638695e-06
16 -8.828634847259514e-06
16 -3.127980707821792e-05
16 -1.250588338054076e-05
16 -3.547327601317216e-06
16 -1.585371257603296e-05
16 -2.031664884354473e-05
16 -1.95485774879459e-05
16 -1.260046547936387e-05
16 -2.200418221796758e-05
16 -2.163320288937021e-05
16 -2.217904503037624e-05
16 -2.394147968218596e-05
16 -1.42948002972673e-05
16 -2.087237354722198e-05
16 6.03597086150916e-06
16 -1.958075179890948e-05
16 -1.455382549420166e-05
16 -2.866443007622703e-06
16 -1.914798119522724e-05
16 -2.006520363807238e-05
16 -2.11254240059522e-05
16 -2.357253227895772e-05
16 -1.55019656599918e-05
16 -3.197425243331822e-06
16 -4.247780268376215e-06
16 -2.091625025706416e-05
16 -1.888452256720744e-05
16 -1.60574489535611e-05
16 -2.230349617460652e-05
16 -2.974951550660534e-05
16 -2.315183121279191e-05
16 -5.711805005994814e-06
16 -2.124602067848998e-05
16 -2.370519566569902e-05
16 -2.77104187341474e-05
16 -1.833756102125915e-05
16 -2.422496580489249e-05
16 -2.078596056041035e-06
16 -1.420940753904972e-05
16 -1.48934540836195e-05
16 -9.859428826676208e-06
16 -1.861793026902931e-05
16 -1.910994783409908e-05
16 -9.590361866588644e-06
16 -2.126248674350112e-05
16 -1.954930326273702e-05
16 -2.186732100953867e-05
16 -2.401036838297342e-05
16 -2.990635388337932e-05
16 -2.543354770509368e-05
16 -1.554573045516807e-05
16 -2.658732619964938e-05
16 -2.023186986547252e-05
16 -2.8989944126516e-05
16 -2.273409711075675e-05
16 -2.286342179098996e-05
16 -2.446339785432877e-05
16 -1.659826910321987e-05
16 -8.887062130741063e-06
16 -6.1068981466162e-06
16 -2.753124376104215e-05
16 -1.876972328335463e-05
16 -1.863098048767445e-05
16 -3.297824595694773e-05
16 -2.587299281943017e-05
16 -2.812918184483186e-05
16 -2.629528888144817e-05
16 -1.488171546618024e-05
16 -2.275062057742922e-05
16 -2.700126099559189e-05
16 -2.270471910648116e-05
16 -1.001539750457213e-05
16 -1.309032974077744e-05
16 -9.295273934069011e-06
16 -1.461014143518504e-05
16 -2.124679455829331e-05
16 -9.461574920550373e-06
16 -1.693368066898798e-05
16 -8.758064426210277e-06
16 -1.388328029701315e-05
16 -2.57190027556873e-05
16 -2.382866376718916e-05
16 -1.117258564408091e-05
16 -2.183124186521528e-05
16 -1.624065177013223e-05
16 -1.203502302270205e-05
16 -2.742648842976439e-05
16 -1.604812828928373e-05
16 -2.966805610792634e-05
16 -2.123052972721335e-05
16 -2.153975451098978e-05
16 -2.375396319689083e-05
16 -1.163041310026266e-05
16 -2.497574331856549e-05
16 -1.695232234097595e-05
16 -2.787651390858612e-05
16 -2.593279389507277e-05
16 -1.295490959938259e-05
17 5.196652049868613e-05
17 5.49298741644648e-05
17 5.763525051735762e-05
17 6.019890966780502e-05
17 4.642981878597188e-05
17 3.798415587448853e-05
17 5.33555979854584e-05
17 4.377675652454827e-05
17 5.320516208680358e-05
17 5.80139057412553e-05
17 4.403038894624263e-05
17 4.480038350149169e-05
17 4.881618807014587e-05
17 4.787826160103359e-05
17 3.690297908808823e-05
17 5.769575411167846e-05
17 4.409099190589723e-05
17 4.157088511997788e-05
17 2.763184041431838e-05
17 4.542988951596993e-05
17 4.782260448303368e-05
17 5.547355220911111e-05
17 4.713635786304007e-05
17 3.948305225863528e-05
17 5.891844805915377e-05
17 5.468106856439528e-05
17 5.276061740024799e-05
17 4.353724326533768e-05
17 4.624746947114745e-05
17 4.388404519813622e-05
17 4.967477668832597e-05
17 4.915592632836629e-05
17 5.247997200517139e-05
17 3.607990377330394e-05
17 4.986225881910892e-05
17 5.145012051605827e-05
17 4.748232749450634e-05
17 3.215902592967357e-05
17 5.432939762736647e-05
17 5.270685662340868e-05
17 3.932210271339304e-05
17 5.680799905473635e-05
17 4.7616693881817e-05
17 6.454518529221826e-05
17 4.86760118748156e-05
17 4.343257859031368e-05
17 5.659828954325261e-05
17 6.447769956736634e-05
17 5.76261276014456e-05
17 5.496811852146096e-05
17 6.041282114014722e-05
17 6.170044938683959e-05
17 5.910172603345565e-05
17 5.259457280166944e-05
17 4.63809139579211e-05
17 4.436209773656158e-05
17 5.408156985328595e-05
17 5.134333213237811e-05
17 5.748213808653361e-05
17 4.270975611973546e-05
17 4.411891436087754e-05
17 4.410807211347144e-05
17 4.848652860659497e-05
17 5.65311754852173e-05
17 5.239979988543165e-05
17 4.534012289157797e-05
17 5.305769793971027e-05
17 5.384969553870121e-05
17 3.469608137163094e-05
17 4.610315293713104e-05
17 5.165972791758687e-05
17 5.746112156151729e-05
17 4.49638680633646e-05
17 3.556648112874418e-05
17 4.588255483122114e-05
17 5.258368334333873e-05
17 6.672628549418643e-05
17 5.496018752226383e-05
17 5.406936557464961e-05
17 5.42365771128248e-05
17 5.888434974048777e-05
17 5.589917328564934e-05
17 5.498656434635126e-05
17 6.129772476848976e-05
17 5.27651389447586e-05
17 4.720474124149399e-05
17 5.661414934141521e-05
17 3.651657528549821e-05
17 5.024757890245478e-05
17 6.499755891236032e-05
17 4.472595149297221e-05
17 6.267472685935234e-05
17 4.37721631455061e-05
17 4.47719629905774e-05
17 6.760014973412901e-05
17 5.485921329336266e-05
17 4.485611172764084e-05
17 4.893764227162778e-05
17 4.750410578171209e-05
17 6.121032163098412e-05
18 -2.266921155204133e-05
18 -2.051726472555162e-05
18 -2.62178463501147e-06
18 -1.001396139797596e-05
18 -2.332963041759768e-05
18 -2.232790776743183e-05
18 -1.321036975212331e-05
18 -2.314408677921708e-05
18 -1.815657576588632e-05
18 2.756123049964839e-06
18 -1.174765750376175e-05
18 -1.162600924939804e-05
18 -1.432783352333247e-05
18 -1.177516235580384e-05
18 -1.987323114551262e-05
18 -2.000135888247588e-05
18 -1.163398233992264e-05
18 -1.239208796786167e-05
18 -6.810326107244221e-06
18 -1.063858095957245e-05
18 -1.641044378815253e-05
18 -1.37648375559628e-05
18 -2.682129688043913e-05
18 -2.005044545432811e-05
18 -1.850929812233673e-05
18 -4.305079438032441e-06
18 -1.283143950604513e-05
18 -2.19849294023519e-05
18 -1.498550290360086e-05
18 -2.143876995189827e-05
18 -1.767365774055189e-05
18 -1.425916880409892e-05
18 -3.130528137812268e-05
18 -3.058190404825807e-05
18 -7.229537118968687e-06
18 -5.218703794130255e-06
18 -1.5898573655911e-05
18 -2.352971465506098e-05
18 -1.710724851035235e-05
18 -1.197994710247083e-05
18 -1.330002923469996e-05
18 -2.71235337130983e-05
18 -1.511776628998093e-05
18 -1.846586145284925e-05
18 -1.896857296449009e-05
18 -1.991677704947081e-05
18 -1.882358833238815e-05
18 -1.329947105261787e-05
18 -8.753610618406764e-06
18 -2.126922980116438e-05
18 -1.906880628835878e-05
18 -1.246688673103874e-05
18 -2.805958612980032e-05
18 -1.282566669124869e-05
18 -1.238668599411555e-05
18 -2.473411454599958e-05
18 -1.537919205576701e-05
18 -2.617995742457459e-05
18 -1.795013604316733e-05
18 -1.859863207428251e-05
18 -2.557829597481352e-05
18 -2.649370461295938e-05
18 -1.389405917481727e-05
18 -1.665562900310274e-05
18 -1.729555668605708e-05
18 -1.182562403977353e-05
18 -9.830773041053146e-06
18 -2.060485221373061e-05
18 -2.666606139188647e-05
18 -1.63819885186826e-05
18 -3.261802635282522e-05
18 -1.953941819448357e-05
18 -1.288372024280417e-05
18 -6.539042709635552e-06
18 -3.699951746598163e-05
18 -9.705624518582376e-06
18 -2.2441564679063e-05
18 -1.304929534761045e-05
18 -3.467109627459748e-05
18 -7.318065856596629e-06
18 -6.196750859232204e-06
18 -2.484031242002389e-05
18 -2.126372254537939e-05
18 -2.434903963336427e-05
18 -1.619161125432635e-05
18 -6.943908357764455e-06
18 -1.074160887282431e-05
18 -1.657645783733159e-05
18 -1.615983234867517e-05
18 -1.868920383079232e-05
18 -1.813090720769309e-05
18 -3.103023063206744e-05
18 -2.240864018602671e-05
18 -1.366729623578855e-05
18 -8.911996672490616e-06
18 -1.85125922204234e-05
18 -2.168115929367702e-05
18 -2.905227142434919e-05
18 -2.600046752217534e-05
18 -2.006208456388354e-05
19 3.951123082463625e-05
19 5.346380314664645e-05
19 3.911280121554379e-05
19 4.511332074066676e-05
19 3.644669227056695e-05
19 5.596557099748794e-05
19 3.499846325052126e-05
19 3.643261931478872e-05
19 3.789761857818378e-05
19 3.668083892774956e-05
19 4.519149225947268e-05
19 4.749576935779845e-05
19 3.654258530724461e-05
19 4.039187059999039e-05
19 3.654812362208507e-05
19 4.187698797359448e-05
19 3.884215078079898e-05
19 4.569890232639081e-05
19 5.231650433964839e-05
19 4.595252182130771e-05
19 3.44871812411674e-05
19 5.015135920944919e-05
19 4.580954219601119e-05
19 5.106972098890499e-05
19 4.119498087033804e-05
19 4.662697651469759e-05
19 4.770371158276909e-05
19 5.061964453298826e-05
19 4.714042852821344e-05
19 5.050258507155891e-05
19 4.592428369628869e-05
19 4.567544419809575e-05
19 4.533427288398125e-05
19 3.884157227622744e-05
19 4.064170092839927e-05
19 5.659756008613156e-05
19 4.025284322233031e-05
19 5.153783547080081e-05
19 5.49026592761832e-05
19 5.105560755070378e-05
19 4.361514842765578e-05
19 5.730190878472885e-05
19 5.599438058863551e-05
19 3.412910543787955e-05
19 6.135965697262552e-05
19 4.754429933982694e-05
19 3.566973562614251e-05
19 5.01847303458812e-05
19 5.635822811616283e-05
19 5.683288144076657e-05
19 4.685083935496149e-05
19 4.792746803379703e-05
19 4.961634651134065e-05
19 3.3903114397203e-05
19 3.433469319913327e-05
19 4.626176733625293e-05
19 5.788135339188922e-05
19 4.481840984436395e-05
19 2.889817021919557e-05
19 4.622098749561268e-05
19 5.343919811713612e-05
19 5.637677301675416e-05
19 3.920149049780087e-05
19 3.816353784913814e-05
19 4.82961305475784e-05
19 6.442632968477199e-05
19 2.946069969609041e-05
19 4.156722274976792e-05
19 6.32495442277196e-05
19 5.968085998062934e-05
19 4.227012453553624e-05
19 5.479823166005601e-05
19 4.719823326974689e-05
19 4.860333840472341e-05
19 4.750895533161947e-05
19 4.821014077279934e-05
19 4.063180940379318e-05
19 3.764168149452831e-05
19 2.395625000300586e-05
19 5.635458615445674e-05
19 4.779492066155535e-05
19 4.639871907908399e-05
19 4.120851287729096e-05
19 3.697492293470189e-05
19 5.639148681509761e-05
19 3.042354509782073e-05
19 5.128889718142236e-05
19 3.79573802836141e-05
19 4.886571592136059e-05
19 4.073305934754665e-05
19 4.568801525192024e-05
19 5.385389283473486e-05
19 4.557022702712502e-05
19 2.642353239050879e-05
19 5.02514291237625e-05
19 4.137591159693479e-05
19 4.838681668538926e-05
19 5.227846877731722e-05
19 4.618483982876691e-05
19 4.323770557856881e-05
20 -8.446020778483731e-06
20 -1.290689304070828e-05
20 -7.360160186655667e-06
20 -2.236421125418658e-05
20 -2.434322930640042e-05
20 -2.008270767131616e-05
20 -1.187971035534857e-05
20 -1.388604696152512e-05
20 -1.378278010362188e-05
20 -2.548776563621067e-05
20 -3.287222286579469e-05
20 -2.025899506267357e-05
20 -1.933953967463359e-05
20 -2.189340333812114e-05
20 -7.98991067957996e-06
20 -1.678714579218238e-05
20 -1.47923868054236e-05
20 -1.609111749880638e-05
20 -1.324873643765431e-05
20 -2.665280698320267e-05
20 -1.446333934430327e-05
20 -2.967101877684509e-05
20 -2.463639673900628e-05
20 -2.116658604452155e-05
20 -1.335296721823819e-05
20 -1.665645275539291e-05
20 -1.808434718804245e-05
20 -9.825270131850464e-06
20 -1.626293086688742e-05
20 -2.814715077107112e-05
20 -9.545851790274966e-06
20 -1.496949993384426e-05
20 -1.033424419961313e-05
20 -9.976296767700942e-06
20 -1.848728823153626e-05
20 -3.83248388101039e-06
20 -2.965695687896114e-05
20 -1.132401948492299e-05
20 -2.785851741220551e-05
20 -2.453392956620847e-05
20 -1.312224561562889e-05
20 -1.845108982926961e-05
20 -1.110645864926792e-05
20 -2.021492124293061e-05
20 -2.018478242280093e-05
20 -2.22662565303798e-05
20 -2.03630446344993e-05
20 -1.63192057486678e-05
20 -1.273778806696476e-05
20 -2.145897566672195e-05
20 -1.765327050047595e-05
20 -1.348517451502641e-05
20 -9.203105398290953e-06
20 -1.665723807954103e-05
20 -1.73960179988955e-05
20 -1.701827771043544e-05
20 -7.476380157843022e-06
20 -3.240875749536165e-05
20 -1.324492888419619e-05
20 -2.019405127081245e-05
20 -1.643066764631405e-05
20 -2.542132969678251e-05
20 -1.216638048005089e-05
20 -2.64941049634094e-05
20 -2.826110652548092e-05
20 -1.618626783364605e-05
20 -1.876532901583794e-05
20 -1.468159245043537e-05
20 -2.985915010334691e-05
20 -9.062135804537587e-06
20 -1.212302943597566e-05
20 -1.619844368383419e-05
20 -1.404589313512219e-05
20 -1.791271259830576e-05
20 -2.235439921947124e-05
20 -2.135689134352972e-05
20 -2.072991745752748e-05
20 -3.819263947267195e-05
20 -1.683879107244196e-05
20 -2.10683049474207e-05
20 -1.163697966679484e-05
20 -2.236320043496034e-05
20 -7.697273911610748e-06
20 -8.06958054600969e-06
20 -1.614999763041556e-05
20 -2.579129311637931e-05
20 -1.479790310357211e-05
20 -2.28965905648351e-05
20 -2.718125132273339e-05
20 -1.300090595931768e-05
20 -2.375894305665828e-05
20 -1.704456354498447e-05
20 -2.283137971560507e-05
20 -1.675465234705623e-05
20 -1.708823096585473e-05
20 -2.004580116979041e-05
20 -1.58950601218114e-05
20 -2.517077564808231e-05
20 -1.598263291162808e-05
20 -6.921441960788553e-06
21 4.337529373188062e-05
21 4.707151523315532e-05
21 6.088991401161648e-05
21 3.784940334866208e-05
21 4.335168067859788e-05
21 4.320265348317086e-05
21 4.744935141388787e-05
21 4.917044739690801e-05
21 4.081496276205191e-05
21 3.500122732952265e-05
21 5.746055701594103e-05
21 4.755811250312286e-05
21 4.860255517900754e-05
21 4.35408301098744e-05
21 4.822376785698066e-05
21 4.420993816003462e-05
21 4.943910874041955e-05
21 4.627346873627273e-05
21 3.676109773108126e-05
21 5.138544169119087e-05
21 4.556648258161323e-05
21 4.414048258862237e-05
21 4.529495013612735e-05
21 5.505945441928745e-05
21 5.347338810058413e-05
21 4.230550721758598e-05
21 4.555600223604469e-05
21 3.464009995461816e-05
21 3.55510095029252e-05
21 3.310935385858272e-05
21 4.770566202739125e-05
21 5.564116671118699e-05
21 3.719279271292015e-05
21 5.5217324085622e-05
21 4.26031972367645e-05
21 5.655522088295727e-05
21 4.064757237181524e-05
21 3.484284210134899e-05
21 6.046241548316132e-05
21 5.983038731152031e-05
21 4.217642507962602e-05
21 4.266613182260555e-05
21 5.766221986099224e-05
21 5.374410645860735e-05
21 4.693355410227969e-05
21 4.250490241383771e-05
21 3.557325133923546e-05
21 4.793920529072195e-05
21 4.828056793718393e-05
21 5.334298069982849e-05
21 4.033217243535413e-05
21 5.218725837353412e-05
21 3.785162312712866e-05
21 3.967512190549329e-05
21 6.341939611667122e-05
21 4.733452966237915e-05
21 4.219702463071852e-05
21 5.84562191457756e-05
21 5.203271026769419e-05
21 3.634522074125038e-05
21 4.006546326781411e-05
21 5.319031619593742e-05
21 4.798566799983436e-05
21 3.954993270405352e-05
21 3.594239978728e-05
21 5.658504862578713e-05
21 4.330128553291148e-05
21 4.661806780077052e-05
21 4.807361253069161e-05
21 5.424618314948847e-05
21 4.802832965907654e-05
21 2.894999431036359e-05
21 4.178406136002267e-05
21 5.417081857773771e-05
21 4.77324707461521e-05
21 4.570448790523177e-05
21 3.869217317984e-05
21 4.304593503941814e-05
21 3.896774322667122e-05
21 4.054961020914377e-05
21 4.284777611860152e-05
21 4.650779317593128e-05
21 4.083959043217854e-05
21 3.397727553726646e-05
21 5.25219489795227e-05
21 5.153281829098507e-05
21 4.963374157115388e-05
21 5.706670557372414e-05
21 5.653117919325437e-05
21 3.791477466543741e-05
21 3.917297174368394e-05
21 4.523902246725628e-05
21 4.512291710401715e-05
21 4.887076257034886e-05
21 3.279831381015781e-05
21 4.309443556093127e-05
21 4.323830726993776e-05
21 3.873892511811962e-05
21 5.857319169888781e-05
21 4.745237133277873e-05
22 -2.58280922311459e-05
22 -1.089122415965531e-05
22 -1.481095833248116e-05
22 -1.908898542704174e-05
22 -6.243659112830035e-06
22 -3.572743930046131e-05
22 -3.043766231152592e-05
22 -2.173629913786323e-05
22 -1.331221947733772e-05
22 -1.004927725077796e-05
22 -2.924463076293067e-05
22 -1.936109229203535e-05
22 -1.053400019794669e-05
22 -2.144890877934426e-05
22 -1.594448466032133e-05
22 -2.536363914803309e-05
22 -3.234531683644948e-05
22 -2.615524440032068e-05
22 -2.310222033063393e-05
22 -5.55264216480935e-06
22 -2.077766348628878e-05
22 -1.731009814653022e-05
22 -2.738849267176753e-05
22 -3.295927433321742e-05
22 -3.052537572134463e-05
22 -2.461413316970416e-05
22 -1.420459888932445e-05
22 -2.014665017148447e-05
22 -2.639759867230453e-05
22 -1.478598235076344e-05
22 -3.264180920374157e-05
22 -1.244585141925158e-05
22 -2.485220893986601e-05
22 -2.248817583980269e-05
22 -2.820766508912481e-05
22 -2.097128599511719e-05
22 -2.00889918528505e-05
22 -1.617615072721567e-05
22 -1.420635079981299e-05
22 -1.752820410905343e-05
22 -1.354409341085744e-05
22 -1.027826212246215e-05
22 -1.517334914820098e-05
22 -1.077840185231202e-05
22 -1.316363715906462e-05
22 -2.375482442089522e-05
22 -1.789779638524322e-05
22 -1.715042887351209e-05
22 -1.598067502615627e-05
22 -2.698286186255067e-05
22 -2.279693842473672e-05
22 -1.660308182436382e-05
22 -2.770196130671317e-05
22 -2.620210604113827e-05
22 -2.174036193654021e-05
22 -1.851467371525441e-05
22 -2.512443305286223e-05
22 -2.946796400906281e-05
22 -2.355053773472284e-05
22 -1.009288144087729e-05
22 -2.26282727128568e-05
22 -9.282095998162336e-06
22 -2.814937035347048e-05
22 -2.927129371729418e-05
22 -1.993671105778317e-05
22 -1.729357891611499e-05
22 -7.648242391183647e-06
22 -1.24434384785306e-05
22 -2.243292130798512e-05
22 -3.959226052216144e-05
22 -1.444458709708828e-05
22 -1.9462118631688e-05
22 -3.525612895146107e-06
22 -1.466309532544104e-05
22 -2.276118892638835e-05
22 -1.756543332338394e-05
22 -2.369443187778777e-05
22 -2.357388719382932e-05
22 -1.47880549446892e-05
22 -2.069803348516391e-05
22 -2.172287762136675e-05
22 -2.664526526649773e-05
22 -1.606955512996799e-05
22 -2.490015563074558e-05
22 -1.421887883125742e-05
22 -1.841207862367508e-05
22 -1.564676864826894e-05
22 -1.266296358551897e-05
22 -2.100666626516903e-05
22 -9.353017856199955e-06
22 -1.292059968956392e-05
22 -1.721442402954743e-05
22 -2.36512550976588e-05
22 -2.130616390620828e-05
22 -1.894796764911829e-05
22 -2.735874318024353e-05
22 -1.470195142929273e-05
22 -1.486339529660439e-05
22 -1.641564060188128e-05
22 -2.54042563710062e-05
23 4.185930490241272e-05
23 4.184508382241871e-05
23 4.060226693237599e-05
23 4.558924505917618e-05
23 4.313310230356659e-05
23 4.72329124627856e-05
23 3.842018212697888e-05
23 3.775709590523161e-05
23 4.164820007369061e-05
23 3.058217255079011e-05
23 5.606644604052895e-05
23 5.463561890829111e-05
23 3.680840721523529e-05
23 5.295260175003121e-05
23 4.237923191939784e-05
23 4.247893377987599e-05
23 4.183789247738593e-05
23 4.702914538074157e-05
23 4.182480900505735e-05
23 5.559004506403989e-05
23 4.097567618928503e-05
23 2.940156682739036e-05
23 4.633936327791694e-05
23 3.821276153763711e-05
23 2.979473745831328e-05
23 4.507983895470008e-05
23 4.7027589241292e-05
23 4.611158246189454e-05
23 5.68243952348577e-05
23 5.197727392029156e-05
23 4.543522272949805e-05
23 4.760249499181118e-05
23 3.892978762343522e-05
23 3.439816684734967e-05
23 4.315820435888276e-05
23 5.042996642338268e-05
23 4.889160304961771e-05
23 4.49499529049468e-05
23 4.337608874564289e-05
23 4.700941146830613e-05
23 4.245892132408662e-05
23 4.453301415387137e-05
23 4.44624455996052e-05
23 4.562198602921432e-05
23 3.4119648128402e-05
23 4.448312112223284e-05
23 4.150750516682797e-05
23 5.485756594810417e-05
23 5.056615438314755e-05
23 4.900854974655953e-05
23 2.91294182470882e-05
23 3.558815440933021e-05
23 3.775141787788107e-05
23 4.130590824797771e-05
23 5.269132889902162e-05
23 4.253931320650685e-05
23 2.977233903112075e-05
23 3.958121574938128e-05
23 5.708908481537315e-05
23 4.850960827509596e-05
23 4.500806182376043e-05
23 4.851549308240327e-05
23 4.826946899093696e-05
23 3.907125038429187e-05
23 4.441816768862073e-05
23 5.799010534118544e-05
23 4.016602330926437e-05
23 5.170562708926802e-05
23 4.236280134661319e-05
23 3.748566069996911e-05
23 5.1030830530164e-05
23 4.765594921936467e-05
23 4.617293450348086e-05
23 4.294554738475423e-05
23 3.772304546563106e-05
23 4.194134062765678e-05
23 3.190748287551366e-05
23 4.705360799019125e-05
23 3.866757749617154e-05
23 3.366449562611468e-05
23 3.958666250580763e-05
23 4.041517093485785e-05
23 5.291665941187265e-05
23 4.419222686345556e-05
23 4.784473004434941e-05
23 2.481502127650503e-05
23 4.131237604074029e-05
23 4.457330797656823e-05
23 4.570620492557637e-05
23 6.113320340559555e-05
23 4.305049860498809e-05
23 3.841887370596638e-05
23 3.780660157969576e-05
23 3.111350164624524e-05
23 3.29885459471104e-05
23 5.214257906677163e-05
23 3.691739379449683e-05
23 3.121564583402557e-05
23 5.260736531184899e-05
23 3.639072440388731e-05
24 -2.062474880988034e-05
24 -1.057261573270498e-05
24 -2.618840251157055e-05
24 -1.480034054936635e-05
24 -2.230964861641937e-05
24 -2.437601553387508e-05
24 -2.329915781194664e-05
24 -2.01677024787108e-05
24 -2.152937135326593e-05
24 -7.065272026493196e-06
24 -2.100664609077351e-05
24 -2.863831827265323e-06
24 -2.492463593478856e-05
24 -2.395503564948364e-05
24 -1.721421306734343e-05
24 -2.325787360924509e-05
24 -2.442709266168832e-05
24 -2.078111623322968e-05
24 -6.778802970603142e-06
24 -1.616476998446929e-05
24 -1.767185814015663e-05
24 -1.172086598086268e-05
24 -1.499247175517564e-05
24 -2.360671976006847e-05
24 -2.468400427419841e-05
24 -3.371410917189098e-05
24 -1.178636716671023e-05
24 -1.170875357710553e-05
24 -1.853917544775154e-05
24 -1.102900385421448e-05
24 -2.819815986422792e-05
24 -1.923387371092673e-05
24 -2.402629440621281e-05
24 -1.401563268463278e-05
24 -1.500644207570351e-05
24 -1.900487432972336e-05
24 -1.772871531225507e-05
24 -1.793696091688651e-05
24 -2.102028679035074e-05
24 -2.094378070886417e-05
24 -1.63727642438784e-05
24 -8.563494382416971e-06
24 -2.118816954545554e-05
24 -1.66664054788956e-05
24 -1.956693048573919e-05
24 -1.628437393337887e-05
24 -2.314448934199258e-05
24 -2.059632603406018e-05
24 -1.621778391083125e-05
24 -8.681076119235018e-06
24 -1.727208098266986e-05
24 -2.794783674292806e-05
24 -1.093131507461572e-05
24 -1.639219820841081e-05
24 -3.014515012388018e-05
24 -2.16768086889427e-05
24 -6.228645406349954e-07
24 -9.460270014281111e-06
24 -1.054515498303809e-05
24 -2.394932742919289e-05
24 -1.951881092600997e-05
24 -2.198257928027845e-05
24 -1.562995255578788e-05
24 -1.638933525855084e-05
24 -2.186350119772094e-05
24 -1.680565583944401e-05
24 -2.146681141520912e-05
24 -1.156783126572362e-05
24 -3.135881590919879e-05
24 -2.282570223472877e-05
24 -8.919329791429267e-06
24 -2.752083633302612e-05
24 -1.277342046893609e-05
24 -2.307367051618261e-05
24 -2.614249105191995e-05
24 -2.17904793791773e-05
24 -2.817441437367302e-05
24 -3.303726978273419e-05
24 3.888921262079939e-06
24 -2.252926444455597e-05
24 -1.484468421820851e-05
24 -1.622980290935583e-05
24 -2.975203829085255e-05
24 -1.456658407977187e-05
24 -1.311648873645665e-05
24 -1.642833202626946e-05
24 -2.429250253072172e-05
24 -3.152884184821525e-05
24 -1.774909068343962e-05
24 -1.331298034757968e-05
24 -2.003916811657437e-05
24 -3.16286619139104e-05
24 -2.686734235417142e-05
24 -1.846693390811968e-05
24 -2.318321240043392e-05
24 -1.149387963161544e-05
24 -2.214282866748955e-05
24 -2.046102437131878e-05
24 -2.937950833382487e-05
24 -8.924616148558136e-06
25 5.116155276184433e-05
25 4.735716218084127e-05
25 5.587900840007698e-05
25 4.974949446584191e-05
25 4.536358734838109e-05
25 4.659981833534216e-05
25 5.020021318753982e-05
25 4.504288491684956e-05
25 3.92739916237881e-05
25 3.643767138258656e-05
25 4.573706988605428e-05
25 5.863604414288332e-05
25 3.941518085137705e-05
25 4.477484470168707e-05
25 4.912165647559903e-05
25 4.634017291719491e-05
25 3.679382565440284e-05
25 4.593674526539701e-05
25 4.155238816202214e-05
25 5.576307833990718e-05
25 4.060674336428216e-05
25 3.24844846587128e-05
25 3.93805709791989e-05
25 3.649048742870329e-05
25 4.36465578749184e-05
25 4.174153070695498e-05
25 4.308700628949394e-05
25 4.303703509568414e-05
25 4.263213332999804e-05
25 4.158156239799973e-05
25 4.415870970681171e-05
25 5.322371049046657e-05
25 4.165569306845761e-05
25 4.449959802329475e-05
25 5.233034968960214e-05
25 4.629991880196178e-05
25 5.424489347336981e-05
25 2.114090164610402e-05
25 5.496531545400419e-05
25 5.393490452844612e-05
25 4.705605895353734e-05
25 5.089526872233076e-05
25 5.829265581315612e-05
25 4.180934205523815e-05
25 3.591119469423986e-05
25 5.867312588169022e-05
25 5.724117536310141e-05
25 3.696489186860145e-05
25 4.144925826249604e-05
25 3.380253730558864e-05
25 4.175121832573411e-05
25 4.026235210467024e-05
25 4.67277260701943e-05
25 4.048486944008058e-05
25 3.589305768495474e-05
25 2.625938320096499e-05
25 4.631686770341918e-05
25 5.553311144633488e-05
25 3.788440058798818e-05
25 5.107301488588024e-05
25 3.697238849204884e-05
25 5.125084850899697e-05
25 5.918880474421163e-05
25 4.464830507134014e-05
25 4.385792512529956e-05
25 5.668937276310758e-05
25 5.01705053545587e-05
25 4.206572844165715e-05
25 3.910140310534806e-05
25 4.648736958749571e-05
25 4.985459117721541e-05
25 3.939888919044553e-05
25 4.339523785079011e-05
25 5.109420999626888e-05
25 6.087156253680651e-05
25 5.487768102159017e-05
25 4.317286325674389e-05
25 3.937042673625274e-05
25 4.789259514426624e-05
25 5.08546222534197e-05
25 3.766559317270346e-05
25 5.494412933656302e-05
25 6.486032649773426e-05
25 3.922006677742809e-05
25 4.566656744434084e-05
25 5.970847994808636e-05
25 4.324494252740701e-05
25 4.481312468559988e-05
25 4.141000697896111e-05
25 3.274385979456828e-05
25 3.57000454638947e-05
25 4.578961118180671e-05
25 4.63671244628128e-05
25 4.785602431901212e-05
25 3.824941775592915e-05
25 4.254273361633122e-05
25 3.497299989792769e-05
25 4.700891842747469e-05
25 3.607536146937162e-05
25 6.282925730763233e-05
26 -3.143465171003827e-05
26 -1.606659853453315e-05
26 -1.192370716495519e-05
26 -1.103369039129053e-05
26 -1.436715301409875e-05
26 1.221267657223591e-06
26 -1.763589624082906e-05
26 -1.652601845000708e-05
26 -1.714514527813615e-05
26 -1.587973983170576e-05
26 -3.356256448712621e-06
26 -1.767484423861523e-05
26 -1.145546138872496e-05
26 -2.400998846993655e-05
26 -1.587208381180268e-05
26 -9.608655799677403e-06
26 -2.731672220431916e-05
26 -4.576071160975157e-06
26 -2.818429312878964e-05
26 -2.146939497740717e-05
26 -1.517746767318194e-05
26 -2.17437946497764e-05
26 -2.469818310951782e-05
26 -1.297264309450853e-05
26 -3.255907580414835e-05
26 -1.622682541690006e-05
26 -1.582118992592065e-05
26 -2.458041190000597e-05
26 -1.033367607051943e-05
26 -2.381471872078146e-05
26 -2.310931818731273e-05
26 -1.948835149291143e-05
26 -2.335390254095527e-05
26 -1.182835787357089e-05
26 -2.262893291555846e-05
26 -2.368842560573138e-05
26 -5.117103826188361e-06
26 -1.344162354441442e-05
26 -1.342986220998676e-05
26 -1.543732307170264e-05
26 -1.376547994518206e-05
26 -8.833066083812622e-06
26 -4.168184965379278e-07
26 -2.824933432786211e-05
26 -1.99581880111958e-05
26 -1.238440465949787e-05
26 -1.538668092062611e-05
26 -3.286230664310364e-06
26 -2.523055111261956e-05
26 -9.893797867981683e-06
26 -8.775511166719234e-06
26 -1.984735624267562e-05
26 -2.105887855498015e-05
26 -1.396068582427788e-05
26 -2.804481097584157e-05
26 -1.237450758281217e-05
26 -2.323622096752009e-05
26 -2.138586564927037e-05
26 -3.230510015928339e-05
26 -2.807773472820678e-05
26 -1.689929044021917e-05
26 -1.686016312912016e-05
26 -1.407063084445177e-05
26 -1.61463990605581e-05
26 -1.09733258576894e-05
26 -1.385703176668076e-05
26 -1.881774003758195e-05
26 -1.625541812667399e-05
26 -1.775979995102032e-05
26 -8.877027688569026e-06
26 -2.065847017561749e-05
26 -1.937041050354265e-05
26 -1.125649772616533e-05
26 -2.742829356854261e-05
26 -8.498086271952387e-06
26 -2.644613385063566e-05
26 -1.873058482013644e-05
26 -1.878883428824972e-05
26 -1.30669212526409e-05
26 -2.474317590721698e-05
26 -1.076797705056359e-05
26 -2.471386583263044e-05
26 -2.409156690872287e-05
26 -7.371729083121582e-06
26 -1.752875998824793e-05
26 -2.429017244233916e-05
26 1.512055024553803e-06
26 -1.968251006222813e-05
26 -1.924344082472616e-05
26 -1.413978165615954e-05
26 -2.815154956432458e-05
26 -2.554295105010729e-05
26 -1.577329795087513e-05
26 -2.935527324134493e-05
26 -1.865591859452939e-05
26 -4.49134684742811e-06
26 -1.267717626281032e-05
26 -1.475289617547945e-05
26 -1.233388528912595e-05
26 -1.964287172596595e-05
27 4.943549182831441e-05
27 4.629966717998013e-05
27 5.301469116345725e-05
27 4.384097722974547e-05
27 5.271431306004571e-05
27 5.678943441308409e-05
27 3.121146674624336e-05
27 2.935508895920075e-05
27 4.094042159523013e-05
27 4.285252194741967e-05
27 6.116410935741357e-05
27 5.285664880049505e-05
27 4.510658024346624e-05
27 4.459654347214955e-05
27 6.048387585496499e-05
27 2.916016091636098e-05
27 4.839267668871995e-05
27 3.792914925378768e-05
27 2.811063875754603e-05
27 5.696231717630111e-05
27 4.520614789272531e-05
27 5.12475051824185e-05
27 5.639758209988316e-05
27 5.761221257339312e-05
27 3.601360497806539e-05
27 5.935885610424938e-05
27 4.555325083453411e-05
27 4.325922139480216e-05
27 5.723791486795251e-05
27 3.788662162911327e-05
27 3.034683359609122e-05
27 4.848293993754727e-05
27 4.998111172202036e-05
27 5.057383803433688e-05
27 5.738912122736022e-05
27 6.322495097097564e-05
27 5.992972942569424e-05
27 5.940294994517979e-05
27 4.739098772674023e-05
27 5.555391294149734e-05
27 4.600821806007278e-05
27 5.388840132566041e-05
27 4.339737951811528e-05
27 3.783305756570705e-05
27 4.536588546151535e-05
27 4.579164621023385e-05
27 5.848387342176262e-05
27 4.246170431207855e-05
27 5.265186924798083e-05
27 5.115792916704685e-05
27 5.002668058135393e-05
27 4.714027880951463e-05
27 5.037772119885953e-05
27 3.690661200012156e-05
27 4.739344222585232e-05
27 4.103110529106323e-05
27 4.45704873361141e-05
27 3.841386288154718e-05
27 5.96206831197236e-05
27 4.14917812234232e-05
27 3.574470083634707e-05
27 3.166938500794595e-05
27 3.506246457448112e-05
27 4.315810334408331e-05
27 3.90270529917736e-05
27 5.064893016790462e-05
27 5.340628149308185e-05
27 6.031156980216463e-05
27 4.503707360116988e-05
27 4.68209366910456e-05
27 4.316852601623466e-05
27 3.515743466714688e-05
27 4.524445610092317e-05
27 2.898989090015937e-05
27 3.743343310637663e-05
27 2.909108783616417e-05
27 3.797316481561088e-05
27 4.288176801373079e-05
27 5.558380309653607e-05
27 4.040659320887768e-05
27 5.491809425385615e-05
27 3.564726752983152e-05
27 4.469787626433843e-05
27 3.528632449935003e-05
27 4.048827948824478e-05
27 4.039114209393915e-05
27 4.497830296040736e-05
27 5.641127408826503e-05
27 4.821607774520865e-05
27 3.949126716619793e-05
27 5.842239600509682e-05
27 5.546028070111027e-05
27 4.885573317113959e-05
27 4.815597645522601e-05
27 3.06547390059118e-05
27 4.493479744411104e-05
27 4.200175951077589e-05
27 6.314261762364031e-05
27 4.84961924600317e-05
27 5.348068189875849e-05
28 -3.584464660683086e-05
28 -1.958819934472037e-05
28 -2.054157617032734e-05
28 -2.100775091752764e-05
28 -2.471087496399316e-05
28 -2.681301608214741e-05
28 -1.332200465123563e-05
28 -1.819432252834504e-05
28 -2.513042442582706e-05
28 -2.500493285352159e-05
28 -3.16449394148191e-05
28 -2.036493676018349e-05
28 1.867647634540654e-06
28 -8.791958923728369e-06
28 -2.240943402176759e-05
28 -1.342042710193852e-05
28 -2.353158103543604e-05
28 -9.606540541676394e-06
28 -3.383454546058412e-06
28 -2.933646711643691e-05
28 -1.136811911513759e-05
28 -2.914807295615915e-05
28 -2.434170283895632e-05
28 -2.437135331131905e-05
28 -2.570932866229183e-05
28 -1.756675523467387e-05
28 -1.009306090179731e-05
28 -3.488261318926609e-05
28 -3.158584409127551e-05
28 -2.376508109440476e-05
28 -3.326748108944363e-05
28 -1.379627488435919e-05
28 -1.603395315360367e-05
28 -2.101177463547381e-05
28 -4.939576899932305e-06
28 -1.822226040531334e-05
28 -2.067599488561253e-05
28 -1.033206571499629e-05
28 -3.68378693275653e-05
28 -2.311837086344758e-05
28 -1.88171498915439e-05
28 -1.804779871403504e-05
28 -1.71832516974258e-05
28 -3.568256172800066e-05
28 -2.756878183466522e-05
28 -3.17694066552894e-05
28 -2.437341864861261e-05
28 -2.091368766086794e-05
28 -1.469215479035013e-05
28 -3.059207788555443e-05
28 -2.81789666073515e-05
28 -2.159426986558761e-05
28 -3.191927776556618e-05
28 -3.585514712386325e-05
28 -1.689695361882516e-05
28 -1.001245069953584e-05
28 -2.335001027827858e-05
28 2.636776236562921e-06
28 -1.531865973986861e-05
28 -1.833586525801949e-05
28 -3.018461095799747e-05
28 -8.372171304893363e-06
28 -2.19987067065943e-05
28 -2.686610906097232e-05
28 -2.212963682840426e-05
28 -2.420873474155698e-05
28 -1.354160530067523e-05
28 -1.86608067659764e-05
28 -1.057460006901433e-05
28 -2.562630221342012e-05
28 -2.292512709851133e-05
28 -2.55808991553869e-05
28 -3.019505760070983e-05
28 -2.599859200311403e-05
28 -3.098143474792572e-05
28 -4.198722420783231e-05
28 -8.208421201510748e-06
28 -1.238988608770107e-05
28 -3.065215605194658e-05
28 -2.011156097017531e-05
28 -2.31474411178216e-05
28 -2.372200998037052e-05
28 -3.079745407964987e-05
28 -3.132770899790733e-05
28 -1.792186077138095e-05
28 -1.556672886265497e-05
28 -1.396938667437921e-05
28 -2.334451988324537e-05
28 -3.342826800095114e-05
28 -2.330064657731941e-05
28 -2.453192979377272e-05
28 -1.529204046038134e-05
28 -2.753743524322438e-05
28 -3.612390795712355e-05
28 -1.712847360441156e-05
28 -2.081669593675212e-05
28 -3.009416115884294e-05
28 -4.111671123230869e-05
28 -2.236569209723858e-05
28 -2.330645308013183e-05
29 5.939220419061898e-05
29 4.914617384680771e-05
29 6.238241367467937e-05
29 5.125228278057178e-05
29 4.964711064602927e-05
29 5.773099612680736e-05
29 4.894063593823177e-05
29 6.175183458936109e-05
29 4.756903213916357e-05
29 6.566167390758266e-05
29 4.048592271602322e-05
29 6.109216512537126e-05
29 5.497921711677051e-05
29 6.351566369189947e-05
29 6.614082322074217e-05
29 4.725791407522017e-05
29 6.031294337280397e-05
29 4.512372886510698e-05
29 5.483663779332993e-05
29 5.387073238513077e-05
29 6.078308149235291e-05
29 4.942329965818138e-05
29 6.394723356332048e-05
29 5.068738545151919e-05
29 5.570224491090479e-05
29 6.553043056715545e-05
29 5.211810045082844e-05
29 5.49808825010171e-05
29 5.661877406524743e-05
29 4.751033040619403e-05
29 6.982689968472234e-05
29 6.819417586180101e-05
29 6.080202748802966e-05
29 5.362038990563281e-05
29 6.633066056705623e-05
29 5.511159733298784e-05
29 4.379208025241191e-05
29 6.579886458921175e-05
29 3.989524663554335e-05
29 4.988163653690707e-05
29 5.141884399685504e-05
29 6.325727353064436e-05
29 6.279402711398368e-05
29 7.024883384908829e-05
29 4.82271332632647e-05
29 5.124981766455994e-05
29 6.455132712206446e-05
29 4.068950475291774e-05
29 5.924906720340195e-05
29 7.108498382220363e-05
29 5.917836187851005e-05
29 5.590492818471448e-05
29 5.715978353197732e-05
29 4.985604519972838e-05
29 5.517637062242717e-05
29 4.699793348726669e-05
29 5.154701253343825e-05
29 4.195274932621307e-05
29 5.023834810003067e-05
29 4.684356733100326e-05
29 5.563254076019855e-05
29 4.834471636044173e-05
29 5.291639696311184e-05
29 5.091737364975203e-05
29 5.524063763942653e-05
29 5.553571876520923e-05
29 5.991994412198994e-05
29 5.158833345012817e-05
29 5.950752202970153e-05
29 5.986986530211912e-05
29 3.823674744193288e-05
29 6.686941576347255e-05
29 4.305545350913244e-05
29 5.280005747547476e-05
29 6.088378535414856e-05
29 5.726126239655706e-05
29 7.44505557316996e-05
29 5.076761127781992e-05
29 6.228443367846092e-05
29 3.417175590818685e-05
29 5.654449575030407e-05
29 4.248508365298335e-05
29 6.429475274558623e-05
29 4.836307481493843e-05
29 6.676521531492097e-05
29 4.47056403102587e-05
29 4.979835967169287e-05
29 6.117385441343494e-05
29 5.42451170450092e-05
29 6.910825419803835e-05
29 5.144160468900306e-05
29 2.413474261268918e-05
29 4.868791167621939e-05
29 4.99666263201264e-05
29 6.384989699059765e-05
29 6.779125340039453e-05
29 7.702060563538729e-05
29 5.637935148048276e-05
29 5.879026752371867e-05
29 7.007582282682276e-05
30 -3.049787527627598e-05
30 -2.650645596120151e-05
30 -3.037402760485879e-05
30 -3.385379370680051e-05
30 -2.560844456268527e-05
30 -1.508577544522272e-05
30 -3.19397845596738e-05
30 -2.959525312530938e-05
30 -2.236777831367546e-05
30 -3.347954998188455e-05
30 -2.652180695838603e-05
30 -2.700314249620149e-05
30 -3.046241230671378e-05
30 -3.444202060831635e-05
30 -2.02351312458012e-05
30 -3.157095013980735e-05
30 -2.472971335158934e-05
30 -2.624566393578856e-05
30 -2.03656007837518e-05
30 -2.37132152892571e-05
30 -2.523617625350321e-05
30 -2.705834356345573e-05
30 -3.481531377395661e-05
30 -4.739942427486172e-05
30 -2.248039414384028e-05
30 -2.436570342500556e-05
30 -1.443135800988198e-05
30 -3.370484291499614e-05
30 -2.454114815863986e-05
30 -1.800277380832524e-05
30 -2.343154420818425e-05
30 -3.515290387959376e-05
30 -1.959286418093579e-05
30 -3.045842973398618e-05
30 -3.202243998290054e-05
30 -2.763145145813628e-05
30 -1.568882663675114e-05
30 -3.030878249167302e-05
30 -2.378601558279392e-05
30 -2.989490274350743e-05
30 -2.342577496973416e-05
30 -3.022347731986498e-05
30 -1.480140528169669e-05
30 -1.794793041816164e-05
30 -2.389736056091413e-05
30 -2.58875823364236e-05
30 -3.378919477426604e-05
30 -2.068728658128877e-05
30 -2.156081646108218e-05
30 -2.931683567228289e-05
30 -1.971792915997171e-05
30 -2.475658679803384e-05
30 -1.920178468086213e-05
30 -1.745212055327815e-05
30 -3.515965179717981e-05
30 -2.978687409566162e-05
30 -2.379428661910782e-05
30 -1.206760773608176e-05
30 -1.902266701366999e-05
30 -3.090935216754291e-05
30 -3.56626257038107e-05
30 -3.802442370511616e-05
30 -3.357367789480874e-05
30 -2.948610470544753e-05
30 -3.430724092459777e-05
30 -2.138672985313676e-05
30 -3.441202461205001e-05
30 -3.184043234558235e-05
30 -3.277526656351543e-05
30 -3.415997190815469e-05
30 -2.953709086222055e-05
30 -2.99694912490027e-05
30 -2.276383465599593e-05
30 -2.806256962887444e-05
30 -3.096745790503657e-05
30 -2.609390630133329e-05
30 -2.310195938836293e-05
30 -4.150006755359201e-05
30 -2.814290799602889e-05
30 -2.643234760951521e-05
30 -2.392392702094819e-05
30 -4.257935873010058e-05
30 -2.617437007673375e-05
30 -4.515776225816153e-05
30 -2.890630864246505e-05
30 -3.436252150054852e-05
30 -1.720668716628814e-05
30 -2.653505552803289e-05
30 -2.610211427148086e-05
30 -3.575546627345388e-05
30 -2.755880118265261e-05
30 -2.181758295670646e-05
30 -1.476617791182262e-05
30 -3.086387782974401e-05
30 -2.430042140783896e-05
30 -1.695178485135965e-05
30 -3.340695666819473e-05
30 -2.250237609879861e-05
30 -2.405043492059242e-05
30 -3.63289013753646e-05
31 7.307404080008903e-05
31 6.23045109101524e-05
31 6.633386714457036e-05
31 5.840512545268362e-05
31 7.026656086468883e-05
31 6.635331547767647e-05
31 6.164810369943195e-05
31 7.406416932306785e-05
31 5.741002046843753e-05
31 7.003514699732099e-05
31 8.215542473784218e-05
31 6.252011165350578e-05
31 6.02600246080487e-05
31 6.890310155009432e-05
31 6.011330173954173e-05
31 5.783506003192411e-05
31 7.687011936984918e-05
31 6.165711548665222e-05
31 7.774429051257665e-05
31 7.676013487831503e-05
31 5.773250143320719e-05
31 8.107297012830161e-05
31 7.416691937510691e-05
31 7.07063549111923e-05
31 7.562888450637451e-05
31 6.122262363804712e-05
31 5.238101986841785e-05
31 5.996782141122759e-05
31 5.643234709692796e-05
31 6.576263122197972e-05
31 7.662051190887332e-05
31 7.071244134766263e-05
31 7.195639736835627e-05
31 8.348564636784022e-05
31 7.097118907191262e-05
31 7.896841042930722e-05
31 7.242115097475932e-05
31 7.353282478853999e-05
31 6.542432805851313e-05
31 5.530795284289024e-05
31 8.614855892441688e-05
31 6.690402893837994e-05
31 7.352220152241503e-05
31 7.364052251626923e-05
31 7.26880613269379e-05
31 7.699327582032887e-05
31 7.744684319457108e-05
31 5.513402610195697e-05
31 6.911102606483973e-05
31 7.015344099569646e-05
31 7.182125180912381e-05
31 7.299855958356506e-05
31 7.944820980812713e-05
31 7.028922877178353e-05
31 6.611780987644721e-05
31 8.157343957385372e-05
31 6.252091888245505e-05
31 6.887259200971899e-05
31 6.979565677120105e-05
31 5.945351110595366e-05
31 7.347341197730587e-05
31 7.676420533112352e-05
31 6.095184111922342e-05
31 6.227425637450979e-05
31 7.851967269497874e-05
31 6.301575030035195e-05
31 7.272250209712786e-05
31 6.445969599918966e-05
31 7.957356683701462e-05
31 6.519883685536785e-05
31 5.688034100136593e-05
31 6.148847257323655e-05
31 5.87742204236679e-05
31 6.325672071831827e-05
31 7.466922007143488e-05
31 6.693649748902509e-05
31 6.264576263534463e-05
31 7.528594170331698e-05
31 5.880505553072509e-05
31 6.709259014339211e-05
31 7.270609618327443e-05
31 8.050650633007739e-05
31 7.192473920157895e-05
31 5.883583095972101e-05
31 5.751237813358684e-05
31 7.705093281439591e-05
31 6.262080715007636e-05
31 5.72417675531589e-05
31 5.457740279864365e-05
31 6.109561438978093e-05
31 7.473419652119092e-05
31 7.099764054693189e-05
31 8.163450416807553e-05
31 6.754145028248922e-05
31 6.050862414411491e-05
31 7.319688257368557e-05
31 6.986307235781453e-05
31 6.706569384784552e-05
31 7.52269155330273e-05
31 6.744724101780171e-05
32 -2.933087113595659e-05
32 -4.307323414014536e-05
32 -4.639425977714993e-05
32 -2.67760874419794e-05
32 -4.504174326446917e-05
32 -4.646707508135211e-05
32 -3.933119343279442e-05
32 -4.979262147388509e-05
32 -3.577153940335375e-05
32 -3.933068308519765e-05
32 -2.381922973601625e-05
32 -4.244408393664245e-05
32 -2.385843035130532e-05
32 -2.840939949402712e-05
32 -4.540429315885529e-05
32 -3.541959644238106e-05
32 -3.416487244263086e-05
32 -3.21302376746493e-05
32 -3.405930095155753e-05
32 -3.361780485732237e-05
32 -3.550668521891434e-05
32 -3.126680047062448e-05
32 -4.687597338576124e-05
32 -3.68894314621139e-05
32 -3.912093600151597e-05
32 -3.895534226185625e-05
32 -4.38707227674442e-05
32 -3.749207423094215e-05
32 -5.006556309363854e-05
32 -3.035142132649057e-05
32 -3.703742428137704e-05
32 -2.049408194421078e-05
32 -2.222149172734575e-05
32 -4.345765788898292e-05
32 -3.185755958283229e-05
32 -1.723034989443468e-05
32 -2.640947075911464e-05
32 -2.986268877320054e-05
32 -4.022642592474566e-05
32 -3.849864008274406e-05
32 -2.072603064735019e-05
32 -3.419195403564817e-05
32 -4.552124899625061e-05
32 -3.1558410620992e-05
32 -3.822754587006844e-05
32 -5.147799722474675e-05
32 -3.009047730685539e-05
32 -3.503279684605784e-05
32 -2.486716411048938e-05
32 -3.441756205322482e-05
32 -3.625940914983735e-05
32 -2.201189204752506e-05
32 -3.616552599560144e-05
32 -2.561217916451088e-05
32 -2.442746705631576e-05
32 -2.465137877940738e-05
32 -3.895556147471211e-05
32 -2.25515114641877e-05
32 -3.917496661932318e-05
32 -4.023576301823229e-05
32 -3.873233612978164e-05
32 -4.216286536783349e-05
32 -4.753714963472526e-05
32 -4.812025707161591e-05
32 -4.669345625007219e-05
32 -3.105091421244618e-05
32 -3.018266930086652e-05
32 -3.204179331747667e-05
32 -3.097516190248073e-05
32 -4.962241448084403e-05
32 -3.833947355030173e-05
32 -3.785781772364066e-05
32 -3.50210679372884e-05
32 -4.010020880147606e-05
32 -4.174138451992756e-05
32 -3.270679769049186e-05
32 -3.920788091443438e-05
32 -4.042895583340113e-05
32 -4.245391047071368e-05
32 -3.835732824684949e-05
32 -3.646468128046321e-05
32 -1.542112652625998e-05
32 -2.282426047364993e-05
32 -1.722693588794152e-05
32 -4.110517748057884e-05
32 -2.269616943139753e-05
32 -3.332079108140276e-05
32 -3.819156797759831e-05
32 -3.721518293222167e-05
32 -3.793006067450327e-05
32 -3.990047662338945e-05
32 -3.033232202479781e-05
32 -4.661528284972963e-05
32 -2.614295295173049e-05
32 -4.019311573191485e-05
32 -3.624283536769841e-05
32 -2.866261283373767e-05
32 -3.60536676510024e-05
32 -2.693027052141424e-05
32 -3.850495797605194e-05
33 0.0001112290981873459
33 9.388058086611839e-05
33 9.151496187691016e-05
33 8.982325204732557e-05
33 0.0001006342302803066
33 0.000101120400050189
33 0.0001001405183185607
33 9.975129759618066e-05
33 0.0001005451942739243
33 8.274622753928705e-05
33 9.469068700596936e-05
33 0.0001093704359048461
33 9.172619399570825e-05
33 8.344091693100261e-05
33 0.0001094849985451305
33 9.714525523584751e-05
33 7.883548177081139e-05
33 9.137902339192751e-05
33 0.0001011621899087162
33 9.101238949970667e-05
33 9.774457358781194e-05
33 9.348744601848166e-05
33 9.044091044367117e-05
33 9.742110544530645e-05
33 9.44271735375892e-05
33 0.0001015134741196831
33 0.0001013107349591356
33 9.577207316018158e-05
33 9.028147170413094e-05
33 7.433403630369833e-05
33 8.82325486454998e-05
33 9.880481996944133e-05
33 7.653100065202799e-05
33 9.130090635297131e-05
33 0.0001033549131853193
33 8.829248925149555e-05
33 8.844415832250849e-05
33 0.0001025434352849
33 9.235251186626945e-05
33 0.0001022442796757921
33 8.487684773925113e-05
33 0.0001006198651127507
33 7.923479308571909e-05
33 8.864014521669267e-05
33 9.979512872813737e-05
33 9.74155840360321e-05
33 9.529328803965907e-05
33 9.206843549964086e-05
33 9.750194838218036e-05
33 0.0001055411673991347
33 9.974918322515118e-05
33 0.0001045298594417481
33 7.907452967736575e-05
33 8.619982394134912e-05
33 9.553324379396151e-05
33 8.12985290307437e-05
33 9.541843465340301e-05
33 0.0001013598546018551
33 8.566557310086416e-05
33 9.250044129784939e-05
33 9.635672029325437e-05
33 9.865408869165079e-05
33 9.010970773621414e-05
33 9.87663839138844e-05
33 9.766147749320015e-05
33 8.801706591214393e-05
33 9.211953361796171e-05
33 9.453430245812015e-05
33 0.0001013679044170716
33 9.745372807382742e-05
33 9.315874898650919e-05
33 9.266779059350006e-05
33 8.665027018314711e-05
33 8.146287939625434e-05
33 9.938470325793751e-05
33 0.0001011264198948328
33 9.404397188794177e-05
33 9.886234537788328e-05
33 9.872677221961623e-05
33 9.837628063922478e-05
33 7.827642108018457e-05
33 8.259110157497377e-05
33 9.394270522915372e-05
33 7.512017388464978e-05
33 9.886113665769836e-05
33 9.220843415881492e-05
33 0.0001114633160657251
33 8.917543003117683e-05
33 0.0001037787926354154
33 9.495160453925187e-05
33 9.886987215706685e-05
33 9.000653109434966e-05
33 9.626040610929654e-05
33 8.619745452408462e-05
33 8.716085374846852e-05
33 9.054459173827191e-05
33 7.415637307957337e-05
33 0.0001000240002878805
33 8.719387434094083e-05
33 0.0001023493761404771
34 -3.687879571297187e-05
34 -4.770916124709438e-05
34 -3.463899020142545e-05
34 -3.669819857296937e-05
34 -4.07961477328317e-05
34 -3.616756648665641e-05
34 -3.703081193135154e-05
34 -4.54179415600826e-05
34 -3.206008186262457e-05
34 -4.069712094207703e-05
34 -2.967994373066811e-05
34 -5.247567841776403e-05
34 -4.130705999207859e-05
34 -2.96538300198136e-05
34 -3.15464273181477e-05
34 -2.635426354929178e-05
34 -3.309921666793446e-05
34 -3.755367355454038e-05
34 -2.955615448311423e-05
34 -4.208908688547105e-05
34 -4.197949398781023e-05
34 -3.832678500203045e-05
34 -3.8324303593029e-05
34 -3.435058616499323e-05
34 -2.24633689091074e-05
34 -1.934942572342822e-05
34 -3.324482013556736e-05
34 -1.848287958358454e-05
34 -3.290002458210692e-05
34 -4.281915499518588e-05
34 -3.895720340373471e-05
34 -3.766283697061354e-05
34 -3.029641857206538e-05
34 -4.247690626640696e-05
34 -1.695768725912729e-05
34 -2.59042899883079e-05
34 -1.629026543635842e-05
34 -2.7338204292384e-05
34 -3.277449300911796e-05
34 -3.534999828565944e-05
34 -3.594934584133621e-05
34 -2.68937676993026e-05
34 -3.08027687144243e-05
34 -3.371162048543766e-05
34 -3.724552432171062e-05
34 -3.512458454336634e-05
34 -2.729053241999544e-05
34 -5.125008431122806e-05
34 -3.416994607023406e-05
34 -5.108737876432607e-05
34 -3.787985907515571e-05
34 -3.122751000646007e-05
34 -2.841416306637029e-05
34 -4.623537744948524e-05
34 -2.916942156542573e-05
34 -2.800628249003353e-05
34 -2.889538321989019e-05
34 -3.3088348621964e-05
34 -3.447272777100704e-05
34 -2.850678779484973e-05
34 -4.848859050487816e-05
34 -4.49830158449607e-05
34 -4.262961144482127e-05
34 -3.781886035803921e-05
34 -2.516932120700472e-05
34 -2.913743196741955e-05
34 -3.455643496195159e-05
34 -3.091924259989886e-05
34 -3.470626182909105e-05
34 -4.192030136721509e-05
34 -3.98966728350905e-05
34 -2.632462977573145e-05
34 -2.160917337573482e-05
34 -4.986646860408223e-05
34 -4.120325001841966e-05
34 -3.622224750419267e-05
34 -4.128709918897095e-05
34 -2.840089400572745e-05
34 -4.33741234248379e-05
34 -4.34135769278302e-05
34 -3.07923777226968e-05
34 -2.937415936987517e-05
34 -3.322858657434126e-05
34 -4.100265714304609e-05
34 -2.360705364263592e-05
34 -3.666967448915083e-05
34 -3.707371861776716e-05
34 -3.829642311602353e-05
34 -3.75168617823069e-05
34 -3.746469787460156e-05
34 -3.91189295462225e-05
34 -2.113742011560778e-05
34 -4.170010943725868e-05
34 -2.585572690737887e-05
34 -3.563947999401815e-05
34 -5.129256117049533e-05
34 -2.809475448985984e-05
34 -3.426270023983832e-05
34 -2.341139297939256e-05
34 -4.004991123952627e-05
35 0.0001801008441500852
35 0.0001828085708432079
35 0.0001847534544160273
35 0.0001718154386346327
35 0.0001859430269468941
35 0.0001863036663885746
35 0.0001810163910183623
35 0.0001831783873924882
35 0.0001835527868120542
35 0.0001837692609088551
35 0.0001866935762186143
35 0.0001773823746431858
35 0.0001705108871285034
35 0.0001816593629607246
35 0.0001751721855159729
35 0.0001918094533260348
35 0.0001739610290984633
35 0.0001869670683244714
35 0.0001756173655269511
35 0.0001816020084643503
35 0.000174678376911588
35 0.0001686069873055522
35 0.0001885885900035095
35 0.0001837642326555612
35 0.0001689723375647152
35 0.0001907355611737782
35 0.0001692877163007413
35 0.0002022302086588677
35 0.0001968360760475013
35 0.0001820922163254761
35 0.0001904755247429365
35 0.0001696543663013852
35 0.0001855417422472662
35 0.0001734183057627404
35 0.0001766674781882559
35 0.0001933017156794007
35 0.0001746732787612729
35 0.0001954235572837909
35 0.0001943472648659228
35 0.0001828297572683463
35 0.0001785757026480575
35 0.0001691851160460618
35 0.0001932160915250289
35 0.0001688335694725705
35 0.0001870155846073969
35 0.000177037462926914
35 0.0001851507749480984
35 0.0001798961055904962
35 0.000181971159603734
35 0.0001773444354739601
35 0.0001798228245661927
35 0.0001806247329849975
35 0.0001851533304373698
35 0.0001814366296345901
35 0.0001664071453663724
35 0.0001783331409951806
35 0.0001810992821520502
35 0.000174250849952193
35 0.000182644719562468
35 0.0001759475059352089
35 0.0001933306227840083
35 0.000196690351231112
35 0.0001770953794136254
35 0.000190716711795437
35 0.0001698589007222068
35 0.0001675784558040803
35 0.000178113609015382
35 0.000177339660112806
35 0.0001804678365530941
35 0.0001738682752699707
35 0.0001755868030271192
35 0.0001718290446220399
35 0.0001870377275419005
35 0.0001742620306007156
35 0.0001850611395725293
35 0.0001725660923152931
35 0.0001914730889653568
35 0.0001704850892302825
35 0.0001904851784395583
35 0.0001805372929600964
35 0.0001822705427090139
35 0.0001768840660029541
35 0.0001902460052013586
35 0.0001818632232979407
35 0.0001742301940034632
35 0.0001697589979475237
35 0.0001864271548550473
35 0.0001745230078165712
35 0.0001715097268477386
35 0.0001760134443908951
35 0.0001816983264888449
35 0.0001748238265253484
35 0.0001710664140719303
35 0.0001876101024453697
35 0.0001744506348797021
35 0.0001774665430178534
35 0.0001781170380756685
35 0.0001776453764195458
35 0.0001785250716103447
35 0.00018363773496967
36 -6.795910241443598e-06
36 -7.607276618402127e-06
36 1.10967915050776e-06
36 1.716661986526936e-06
36 -6.285132764127758e-06
36 -1.503134847582361e-05
36 1.78152082144532e-06
36 3.377547672703382e-06
36 -1.081289191135604e-06
36 -1.016204123695141e-05
36 -1.831185836688907e-06
36 -7.512466527801195e-06
36 7.328089760437149e-06
36 1.561404076673662e-05
36 6.650162762935639e-06
36 4.616696985902665e-06
36 -3.79448687755064e-06
36 -1.330709948486921e-05
36 9.650098571329799e-06
36 3.264452747514787e-06
36 -1.061227426399392e-06
36 -2.409842763746123e-06
36 -5.547555314229672e-06
36 9.458008808067972e-06
36 -5.404256947946778e-06
36 1.702033308162237e-06
36 6.752427152440874e-06
36 -6.547553285426252e-06
36 -2.121618866016057e-05
36 9.897394804993126e-06
36 -2.644201862942843e-06
36 5.720188874320047e-06
36 6.275627261946535e-06
36 -1.476931488570065e-05
36 -9.905946234476557e-06
36 5.87380228847637e-06
36 -8.674844481948765e-06
36 -1.717032702034597e-05
36 -1.015695364957514e-05
36 -1.396923187792009e-05
36 -1.46595638100265e-05
36 -1.088737722535164e-06
36 8.948296039408003e-07
36 -9.569311209754102e-08
36 6.940692596518596e-07
36 1.267592799010814e-05
36 2.589478535645451e-06
36 1.139292049771414e-06
36 -5.655257222503698e-06
36 -3.996778360959983e-06
36 5.156506199015586e-06
36 -6.659596601189811e-06
36 5.216458033092106e-06
36 9.668066046284103e-06
36 -6.183904911638933e-06
36 -1.199305105667574e-05
36 1.25507743111254e-06
36 7.232286269690344e-06
36 -1.178167948261285e-06
36 -1.970615950244012e-05
36 -5.709017075173006e-06
36 -3.493734234961054e-06
36 2.714321632537458e-06
36 -9.711156702178542e-06
36 -2.0974843499998e-05
36 -5.191139193655647e-06
36 -7.249671454734708e-06
36 -5.315385459498996e-07
36 -1.595789187613402e-05
36 -1.222283168322669e-05
36 -4.219468649550029e-06
36 -7.45630829144381e-06
36 -3.129617704701707e-07
36 -3.678618937393512e-06
36 1.874664479993381e-07
36 2.07834402826536e-06
36 -4.594841422522066e-06
36 7.302082885004435e-06
36 -8.89114092211974e-07
36 8.9033488489734e-07
36 6.897150037904134e-06
36 1.168208240316916e-05
36 4.771393066758676e-06
36 5.570029338739498e-06
36 -1.094104280653139e-05
36 -1.357304068713949e-06
36 1.193920452361341e-05
36 5.708106530703583e-06
36 -4.502912628907333e-07
36 -5.83921014994983e-06
36 -7.645958703281767e-06
36 -2.926909926474687e-06
36 -9.193130099784407e-06
36 -9.806608118746889e-06
36 -7.184093720578331e-08
36 9.408112048920634e-07
36 -1.876504611074557e-05
36 -1.829021380903844e-05
36 1.374221299065077e-05
36 -4.083625266731725e-06
37 0.0006983703415856689
37 0.0006918773322571789
37 0.0007051300687426871
37 0.0006999925893517066
37 0.0007036383762902528
37 0.0007011881247651681
37 0.000701980834690054
37 0.000704540935017638
37 0.0007045909958719391
37 0.0007021736590793409
37 0.0007025922550074419
37 0.0007047015163023198
37 0.0006995810761029831
37 0.0006942322976364715
37 0.0007040774960031959
37 0.0006861776278288163
37 0.0007054975132544317
37 0.0007007930878975373
37 0.0007177868639039344
37 0.0007116729178715652
37 0.0007151483828058353
37 0.0007039206059743774
37 0.0007008182314673246
37 0.0006990175031427944
37 0.0007098031720111061
37 0.0007101157992490254
37 0.0006878624790130353
37 0.0007064077589346994
37 0.0007069076660197647
37 0.0007124413657247764
37 0.000710192510017469
37 0.0007122994875021962
37 0.0007065888560521438
37 0.0006981240018477695
37 0.0007145000251986471
37 0.000697722942801228
37 0.0006944512516866314
37 0.0006886560227845783
37 0.0007067158768681183
37 0.0007026943442722975
37 0.0007037995082132467
37 0.0006984789373523806
37 0.0007004763033112757
37 0.0007159833616764991
37 0.0006995750498837201
37 0.0006962281366715921
37 0.0007012228556199839
37 0.0007022004163154417
37 0.0007056752273783373
37 0.0006969777831829197
37 0.0007008882864692942
37 0.0007009757681231436
37 0.000704160970843468
37 0.0006994691846066435
37 0.0006903991538926046
37 0.0007008570330119904
37 0.0006978525281117058
37 0.0007061490046020352
37 0.0007176938421060946
37 0.000700788948558728
37 0.0006878452561519302
37 0.0007141334588853775
37 0.0006995364837754431
37 0.0007016859573602249
37 0.0007119544300847511
37 0.000694958854680168
37 0.0006990439745138022
37 0.0007032667481561869
37 0.0006931591049163234
37 0.0007074098145831565
37 0.0007006855635743577
37 0.000697702480082085
37 0.0007055571052436237
37 0.000691316646412836
37 0.0006929208548330564
37 0.000689088184832636
37 0.0006775362330175184
37 0.0006941121086130967
37 0.0006863617680075601
37 0.0007182898498787659
37 0.0007100343904345022
37 0.0007108390055370708
37 0.0007122455028991341
37 0.0007037582780335285
37 0.0007169619781167169
37 0.0007011153732635517
37 0.0007054522799029843
37 0.0006994258234554941
37 0.0007024863416171931
37 0.0007029499570631436
37 0.0006833473795938834
37 0.000713110527276197
37 0.0007136193307120046
37 0.0007140061185626119
37 0.0006960954919920717
37 0.0007089725920578155
37 0.0007032144937962483
37 0.0007023393034449476
37 0.0007156173268969641
37 0.0007084771427037618
38 0.0005686892770207885
38 0.0005498031496594471
38 0.0005683407286352755
38 0.0005571802623310964
38 0.0005653945723676268
38 0.0005584557294214513
38 0.000563403886260183
38 0.0005794488415902531
38 0.0005582960013235389
38 0.0005661348343386296
38 0.0005607942638540759
38 0.0005536595352556311
38 0.0005706656517850492
38 0.0005570479038962633
38 0.0005704649972216926
38 0.000555864900398169
38 0.0005517720998733739
38 0.0005561981377752769
38 0.0005619211639358081
38 0.0005555595838559131
38 0.000555411972893878
38 0.0005561658172750557
38 0.0005545827050472545
38 0.0005740248204090309
38 0.0005784001587278494
38 0.0005904341615801595
38 0.00057313509093779
38 0.0005495621848356078
38 0.0005647391382908053
38 0.000570489942608074
38 0.0005680664284701582
38 0.0005513560590518754
38 0.0005622339776960136
38 0.0005762570285292792
38 0.0005632977577368998
38 0.0005510283632581688
38 0.0005478782494881457
38 0.0005620086994221291
38 0.0005641463080731518
38 0.0005734537165788312
38 0.0005587075284542363
38 0.000570332750465751
38 0.0005687233937216209
38 0.0005674953568908988
38 0.000559640557746711
38 0.0005689841279209805
38 0.000566145281867564
38 0.0005681138755608829
38 0.0005699376632218968
38 0.0005611463582273121
38 0.0005724567049109821
38 0.0005601519591110462
38 0.0005769105626824372
38 0.0005697178178648275
38 0.0005604133484161389
38 0.0005633701294245409
38 0.0005666822180684516
38 0.000568500959467012
38 0.0005569498908111567
38 0.0005664497871430862
38 0.0005624271795983154
38 0.0005668511024008805
38 0.000558604799362214
38 0.0005686414639208853
38 0.0005571733134368902
38 0.0005597526136462069
38 0.000555580784168621
38 0.0005784038736811735
38 0.0005578987981902583
38 0.0005622107562878497
38 0.0005568525294815116
38 0.000548826211515339
38 0.0005633325877368258
38 0.0005630962449621063
38 0.0005536568294957068
38 0.0005665930667033458
38 0.0005542137511931295
38 0.0005617413823700589
38 0.0005619219247675735
38 0.0005702972556645642
38 0.0005576104403335641
38 0.0005586834134789409
38 0.0005594328404413605
38 0.0005641950044419506
38 0.0005697188061908442
38 0.0005546669639577066
38 0.000571888297032866
38 0.0005695104452818513
38 0.0005742729462956817
38 0.000578512488274936
38 0.0005665752180415205
38 0.0005530641366005783
38 0.0005611063212836891
38 0.0005774271899399435
38 0.0005651663760197017
38 0.0005596899846761397
38 0.0005560990840396032
38 0.0005630645039633975
38 0.000571469595783996
38 0.0005667883982801652
39 0.009279506483549563
39 0.00927092980574684
39 0.00928802970150992
39 0.009283291115130299
39 0.009299008719301559
39 0.009272823490810639
39 0.009288236468448549
39 0.009285795734787807
39 0.009290252293834422
39 0.009267645275173693
39 0.009305836833454528
39 0.009289424204561865
39 0.009290897422366597
39 0.009266395005257615
39 0.009272285859762932
39 0.009273085749216656
39 0.009270215817220032
39 0.009284253975073208
39 0.009280085885511949
39 0.00929768086220609
39 0.009286148981532723
39 0.009290243426283988
39 0.009275331726683744
39 0.009290957122495829
39 0.009291638175695402
39 0.009285329346845405
39 0.009271178513203847
39 0.009286198822448036
39 0.009277894082723516
39 0.009285125705708214
39 0.009280919192278911
39 0.009279779012927137
39 0.009280703654398019
39 0.009271427421108878
39 0.009288177328847132
39 0.009285981568906563
39 0.009280736066885317
39 0.009291329068225496
39 0.009283949775572894
39 0.009275457825399244
39 0.009280174340891569
39 0.00927910577265189
39 0.009286510359974066
39 0.009276405375843641
39 0.009285016072691727
39 0.009278063459500714
39 0.009269212889573106
39 0.009275762414640686
39 0.009276396985251705
39 0.009268679145586482
39 0.009268873083020317
39 0.009281110599113556
39 0.009281401332159317
39 0.009274141927245608
39 0.009293869482519794
39 0.009266605452345024
39 0.009284580670790197
39 0.009275838166290381
39 0.009280222197297352
39 0.009286097502037068
39 0.009266150201016641
39 0.009267458467942631
39 0.009274165581670297
39 0.009286199557544928
39 0.009289481965559368
39 0.009280310060042899
39 0.009282764069060344
39 0.009299143633138063
39 0.009288564672268161
39 0.009301214420055205
39 0.00927932090063308
39 0.009277992180324664
39 0.00930088502389319
39 0.009273198336666083
39 0.009284066926398166
39 0.009293669129379092
39 0.009284784895366842
39 0.009285327874689279
39 0.009271681082192463
39 0.009280202126405452
39 0.009269068346793663
39 0.009287231055832668
39 0.00927952333027687
39 0.00929398395809795
39 0.009264215487475393
39 0.009289108933243498
39 0.009288888850063073
39 0.009294594872675511
39 0.009279406012412182
39 0.009268969587714076
39 0.009271618896541225
39 0.009289313018837423
39 0.009277983448260523
39 0.009267995488100295
39 0.009257108036578838
39 0.009277453059229598
39 0.009284687331669268
39 0.009283851473778754
39 0.009278854390015315
39 0.009276407162717012
