0 0.01794511015374393
0 0.01793911691954795
0 0.01794107915695836
0 0.01794585698024171
0 0.01794764409172574
0 0.01794996310329747
0 0.01794660780952823
0 0.01793705386810989
0 0.01794519159164277
0 0.01794993032464789
0 0.01794398946660048
0 0.01794423689438078
0 0.01794490444385765
0 0.01794826207240815
0 0.01794728370081038
0 0.01793896596461448
0 0.01794707958210573
0 0.0179318332907539
0 0.01795676852758207
0 0.01794966451779311
0 0.01794729317188354
0 0.01794262929539951
0 0.01794290785080738
0 0.0179481477404548
0 0.01794689282632041
0 0.01794631585106449
0 0.01793952148772051
0 0.01794772658983109
0 0.01794907250787163
0 0.01794590661605913
0 0.01794176530046087
0 0.01794868485617013
0 0.01794225350748761
0 0.01794509503071303
0 0.01793887153462047
0 0.01793952140673896
0 0.0179453883722229
0 0.01794384696259971
0 0.01794964169988213
0 0.0179501122672583
0 0.0179452423084907
0 0.01794978450938866
0 0.01794069843407447
0 0.01793953908086289
0 0.01794796564376231
0 0.017945466188833
0 0.01794659285190216
0 0.01794380126475131
0 0.01795192826409468
0 0.01794941153038837
0 0.01795082430933132
0 0.0179524299145737
0 0.0179483094121984
0 0.01795045962802684
0 0.0179511292660583
0 0.01795091398911768
0 0.01794681722673597
0 0.01794508587902178
0 0.01794460193686324
0 0.01794405931801413
0 0.01794965099326726
0 0.0179409977326234
0 0.01794855881093274
0 0.01794869183800384
0 0.0179467275806199
0 0.01794423417644142
0 0.01794210740760966
0 0.01794529804227037
0 0.01794212327027267
0 0.01794974138341496
0 0.01794535064898689
0 0.01794055994861561
0 0.01794532217835679
0 0.01794373492692156
0 0.01795392411129357
0 0.01794087085935991
0 0.0179397564119936
0 0.01793771832385351
0 0.0179408262180996
0 0.01794978165398104
0 0.01794022155321311
0 0.01794919083464249
0 0.01794164031044622
0 0.01795173535694512
0 0.01794907431940707
0 0.01794374961816792
0 0.01794308177844589
0 0.01793856431285653
0 0.01793976556728737
0 0.01794754079384657
0 0.01794369117729789
0 0.01794352666719548
0 0.01794851404397797
0 0.01794946209612758
0 0.01795171665342443
0 0.0179461761593131
0 0.01794205737844379
0 0.01795130848367027
0 0.01793928094596106
0 0.01793832423231945
1 0.009151502923364801
1 0.009151199407507392
1 0.009148232032943118
1 0.009150746883614753
1 0.009153116969183428
1 0.009148241125404605
1 0.009149844502248827
1 0.009151219312393035
1 0.009147469819139864
1 0.009149096731439317
1 0.009151476810923342
1 0.009151388945573249
1 0.009150847780421311
1 0.009151330650416234
1 0.009149839665777515
1 0.009153123787595474
1 0.009152946947706813
1 0.009151231892116595
1 0.009150167109636948
1 0.009151165386990427
1 0.009150241195383638
1 0.009150923394902132
1 0.009150035465078234
1 0.009151912017502572
1 0.009148559483072031
1 0.009151059153656097
1 0.009153216664219835
1 0.009149062539649253
1 0.009148436866839601
1 0.009149475396393842
1 0.009149957276559889
1 0.009148279388402447
1 0.009148062457453589
1 0.009151275020902409
1 0.009149458923849147
1 0.009151799883578749
1 0.009150806886356703
1 0.009149131239032793
1 0.009149527960437031
1 0.00914725198575748
1 0.009150805232546628
1 0.00914711316020303
1 0.009150059979551944
1 0.009151308726839946
1 0.009149787334110886
1 0.009150845476735409
1 0.009149119095570605
1 0.009149556563130013
1 0.009150157503918146
1 0.009150503411266743
1 0.009149412305094815
1 0.009150598996624397
1 0.009150232500312954
1 0.009150036535257455
1 0.009148849669650367
1 0.00915153373238257
1 0.009152497437029868
1 0.00915184429539604
1 0.009149643276328099
1 0.009148430784938712
1 0.009151669480895213
1 0.009151560353515527
1 0.009148688115054347
1 0.009149315598113929
1 0.009148888101640579
1 0.009150102609360126
1 0.009149830680612163
1 0.009148346734676077
1 0.009148778459564741
1 0.009149929735262573
1 0.009149479568793715
1 0.009149448893822
1 0.009152123442210624
1 0.009152250921044324
1 0.00915167830658249
1 0.009149398264931726
1 0.009150953395004934
1 0.009151243643874218
1 0.009148743752325399
1 0.009150891466887431
1 0.009147644855019912
1 0.009149155015860068
1 0.009151001158950874
1 0.009149866808155965
1 0.009148821767793026
1 0.00915128161221111
1 0.009150462298271803
1 0.009150203503250809
1 0.009152616503587806
1 0.009151574297733566
1 0.009150000638449166
1 0.009150107821393888
1 0.009150305730141791
1 0.009148989937353658
1 0.00915087588595801
1 0.00915005825600912
1 0.009149232308610846
1 0.009149932394605515
1 0.009148884569159539
1 0.009150615690015707
2 0.0006965025709259599
2 0.0006979398080715268
2 0.0006969568919928072
2 0.0006979736259566433
2 0.0006969587279100271
2 0.0006971630390465329
2 0.000695779241587089
2 0.0006970856932731773
2 0.0006966594825057115
2 0.000697195200120532
2 0.000696551301939925
2 0.000696519770492921
2 0.0006984757774924552
2 0.0006980001472084147
2 0.0006960709487033311
2 0.0006967743847067327
2 0.0006970653812928116
2 0.0006970794174225914
2 0.0006980539364241726
2 0.000696317386795326
2 0.0006968983374294835
2 0.0006975573384981715
2 0.0006968732539213471
2 0.0006975418886615232
2 0.0006980436442334273
2 0.0006967952443199234
2 0.0006966828331862828
2 0.000697098921567591
2 0.0006980613384884913
2 0.0006968220482489243
2 0.0006975800091266777
2 0.0006967099298491868
2 0.0006979460665100571
2 0.0006968280720310348
2 0.0006978139989354872
2 0.0006968956039807249
2 0.0006982356856004569
2 0.0006984200531060104
2 0.0006968950606042244
2 0.0006956332022064853
2 0.00069622392128714
2 0.0006961949104514381
2 0.0006976456010346678
2 0.000696316950506588
2 0.0006959758858422267
2 0.0006966258787511423
2 0.0006968613501510066
2 0.0006971874495889665
2 0.0006976818913134631
2 0.0006971806890230693
2 0.0006972200022232581
2 0.0006978219468941359
2 0.000696155089134048
2 0.0006969372652455199
2 0.0006956987140147264
2 0.0006970706250476152
2 0.0006967022946167552
2 0.0006969521934531716
2 0.000696791338767652
2 0.0006967132237270876
2 0.0006963006586537567
2 0.0006962425599641432
2 0.0006961786063993864
2 0.0006966533484556148
2 0.0006964177773812012
2 0.0006972953905363335
2 0.0006976507206874911
2 0.0006976927854605522
2 0.0006964751657598766
2 0.0006971981576667182
2 0.0006960885605908333
2 0.0006981135443595189
2 0.0006978127292211233
2 0.0006976726727015119
2 0.0006976711015596097
2 0.000696030328248447
2 0.0006976982229670659
2 0.0006971377549410896
2 0.0006967920967397058
2 0.0006981329705828179
2 0.0006959510064098348
2 0.0006955313647461456
2 0.0006968271970935298
2 0.0006966675720260106
2 0.0006972321045903916
2 0.0006987901809134327
2 0.0006970589900394754
2 0.0006972541639607648
2 0.0006975065422256863
2 0.0006973479814428406
2 0.0006958111138068286
2 0.0006958543925055234
2 0.00069635354423332
2 0.0006967467863203943
2 0.000697251427053613
2 0.0006966593831042218
2 0.0006978280067653557
2 0.0006979491384763974
2 0.0006966810935823207
2 0.0006963719543615277
3 0.000628886964264432
3 0.0006297352579994086
3 0.0006299581617805378
3 0.0006303692755359398
3 0.0006291909926205244
3 0.0006288334304893083
3 0.000628552103744705
3 0.0006292715850733947
3 0.0006299045242916838
3 0.0006296898848074297
3 0.0006299943911196357
3 0.0006297566414158249
3 0.0006303301357010827
3 0.0006297308219433254
3 0.0006303162064174344
3 0.0006291429229555922
3 0.0006300037011500952
3 0.0006291329300250519
3 0.0006291940681253407
3 0.0006288555091126585
3 0.0006305391424574745
3 0.0006297109603472734
3 0.0006299106133342006
3 0.0006303060302016646
3 0.0006293332649741666
3 0.0006296578216286838
3 0.0006295223763190665
3 0.000629257061360448
3 0.0006294992754854563
3 0.000629122976743591
3 0.0006295246389132057
3 0.0006295999735704697
3 0.0006285427218571263
3 0.0006290727146848395
3 0.0006296312874599214
3 0.0006291192839196806
3 0.000630068315825622
3 0.0006301196106326013
3 0.0006290774313857226
3 0.0006296443387864225
3 0.0006297862702341189
3 0.0006287083558836
3 0.000629062768755979
3 0.0006292503012909383
3 0.0006301442926887413
3 0.000630142695962589
3 0.0006299157283001758
3 0.0006286121867981428
3 0.0006290009556059594
3 0.0006294175821977084
3 0.0006301017221135866
3 0.0006306370289932162
3 0.0006288523329144407
3 0.0006284880138575835
3 0.0006300457985713569
3 0.0006297928826085755
3 0.0006290892362058975
3 0.000629846538393456
3 0.0006299161640927435
3 0.0006299486710902228
3 0.0006298713593120227
3 0.000629443365641641
3 0.0006284798123154399
3 0.0006287044978672474
3 0.0006300614004811993
3 0.0006292853972255122
3 0.0006306129422299936
3 0.0006297880143438672
3 0.0006311525337819803
3 0.0006298230003599991
3 0.0006294429500756841
3 0.0006302222217625873
3 0.0006293331559223555
3 0.0006283559747014068
3 0.0006300982360864892
3 0.0006290337543073238
3 0.0006294127458190664
3 0.0006295898986788499
3 0.0006300104398295182
3 0.0006300700065266384
3 0.0006288178224608748
3 0.0006299362338804607
3 0.0006290317419870626
3 0.0006295957381545388
3 0.0006285064600906723
3 0.0006292082610884089
3 0.0006298787937136754
3 0.0006290182968411358
3 0.0006294430186108765
3 0.0006295952706474744
3 0.0006302698325405751
3 0.000629683295847637
3 0.0006301505755344503
3 0.000629386978305556
3 0.0006295443604232036
3 0.0006291784022376973
3 0.0006297561528181384
3 0.0006295616965563959
3 0.0006290998220885417
3 0.0006285625492216554
4 7.935650789940253e-05
4 7.979147063466773e-05
4 8.005086041469439e-05
4 7.966334265875279e-05
4 7.955822607643933e-05
4 8.015361492832704e-05
4 8.045063220893557e-05
4 7.923491997494947e-05
4 7.97407568510346e-05
4 7.955011113822471e-05
4 7.977121689429312e-05
4 7.982477705259761e-05
4 7.962339646001614e-05
4 7.942430648261091e-05
4 8.014861172573804e-05
4 7.992268204825425e-05
4 7.950027910264458e-05
4 8.061814164929107e-05
4 7.973604020632604e-05
4 7.916782441369343e-05
4 7.963324916988347e-05
4 8.025657648159833e-05
4 7.969307244060841e-05
4 7.972502272846874e-05
4 8.004291741132064e-05
4 7.956634508896852e-05
4 7.92805075800658e-05
4 8.01747576465392e-05
4 8.031249369511015e-05
4 7.944022810992452e-05
4 7.917362940432834e-05
4 7.948553573163009e-05
4 7.948199254441485e-05
4 7.938202681644546e-05
4 7.899418402636324e-05
4 7.969713912086717e-05
4 7.944692864703352e-05
4 8.007552565891455e-05
4 7.977835578405858e-05
4 8.013211244626372e-05
4 8.006305364942826e-05
4 8.027791047166373e-05
4 8.026545640317698e-05
4 7.993480656468444e-05
4 7.966376531200907e-05
4 7.965038570852989e-05
4 7.994438364481221e-05
4 7.987472331187881e-05
4 7.990141731993068e-05
4 7.875918703756391e-05
4 7.980897271765477e-05
4 7.969171733798617e-05
4 7.950234948553013e-05
4 8.051371172091528e-05
4 8.10545087440558e-05
4 8.037998485348794e-05
4 7.949375571079919e-05
4 7.990790424525869e-05
4 7.987056036005179e-05
4 7.9702973220275e-05
4 8.004423441005183e-05
4 7.999165840102082e-05
4 7.958206781796942e-05
4 7.963780535999437e-05
4 8.008901677231823e-05
4 7.952770761331158e-05
4 7.945601484132599e-05
4 7.905434645918571e-05
4 7.928578257235398e-05
4 7.924098794663526e-05
4 8.057952737518944e-05
4 7.975433240783804e-05
4 8.019254471687258e-05
4 7.952912473225694e-05
4 7.970295174350621e-05
4 7.947119817940749e-05
4 7.96729977754905e-05
4 7.923413352427182e-05
4 7.912486070983291e-05
4 8.009671473607177e-05
4 7.98937826931133e-05
4 7.984659612817641e-05
4 7.977340031336758e-05
4 7.963483418428441e-05
4 8.048254656588615e-05
4 8.018353436388643e-05
4 8.049769358147631e-05
4 8.006581393772914e-05
4 7.939123830208065e-05
4 7.960620987122537e-05
4 7.933740847096288e-05
4 8.002403527476296e-05
4 8.00386949263203e-05
4 8.033238976039613e-05
4 8.001130072517428e-05
4 8.032921741394805e-05
4 7.946256622359921e-05
4 7.932131034587671e-05
4 8.007262346991079e-05
4 7.964624919134621e-05
5 0.0001272920742054869
5 0.0001291588301130289
5 0.000128791740551917
5 0.0001288212745597957
5 0.0001291535284217054
5 0.0001288307303597412
5 0.0001295238184323297
5 0.0001290995170417228
5 0.0001285733208036053
5 0.0001277131515433978
5 0.0001292844831340183
5 0.0001285064172555792
5 0.0001283499124069834
5 0.0001287685967718524
5 0.0001281386413099005
5 0.000128671404045424
5 0.0001284276680805742
5 0.0001280915422126308
5 0.0001288113635307635
5 0.0001289865897823113
5 0.0001285513101930626
5 0.0001295430197856558
5 0.0001289233787142387
5 0.0001287234375122059
5 0.0001288348229039233
5 0.000128487963676912
5 0.0001290642318413293
5 0.0001287580011359346
5 0.0001284391476410849
5 0.0001285835597889151
5 0.0001285833087915367
5 0.0001283703376287561
5 0.000128893679001827
5 0.0001292661202142777
5 0.0001295993591276184
5 0.0001284127026059637
5 0.0001286462762949843
5 0.0001286311247575992
5 0.0001288381918155468
5 0.0001279658738146501
5 0.0001294372477115624
5 0.0001282564738940542
5 0.0001285019835254158
5 0.0001283257408266441
5 0.0001281226928295713
5 0.0001289531841988372
5 0.0001290007089648471
5 0.0001280827493072164
5 0.0001290760668393736
5 0.0001288304040819313
5 0.0001281690508687731
5 0.0001288235317740323
5 0.0001292275614214939
5 0.0001290167362840728
5 0.0001292480676752741
5 0.000128814571446906
5 0.000128837985317439
5 0.0001281153387074921
5 0.0001286901787145093
5 0.0001285658305825459
5 0.0001286569580004116
5 0.0001284187473014685
5 0.0001289701810607748
5 0.000128327215470227
5 0.0001290511115513923
5 0.000128409518241228
5 0.0001286137915679076
5 0.0001296335937701061
5 0.0001292504687843788
5 0.0001285932175688948
5 0.000128683241708913
5 0.0001285308018757368
5 0.0001288295117335125
5 0.0001290829443246833
5 0.0001281940758600955
5 0.0001285826106538308
5 0.0001286383307205431
5 0.0001284102622621843
5 0.0001291769990348308
5 0.0001286900457909202
5 0.0001279943470610581
5 0.0001285624823069881
5 0.0001288132681872944
5 0.0001289682925825989
5 0.0001290568656046103
5 0.0001284938161162837
5 0.0001289616851899197
5 0.0001289164325287633
5 0.0001285507600225411
5 0.0001285145837142615
5 0.0001285467063657948
5 0.0001283755746592279
5 0.0001292271332274552
5 0.0001284646496055239
5 0.0001292575355355613
5 0.0001283406027925381
5 0.0001287090160213989
5 0.0001286968206982024
5 0.0001287227158153042
5 0.000129121354971876
6 2.161801992559756e-05
6 2.158251723874744e-05
6 2.157896573869657e-05
6 2.21151629923166e-05
6 2.156432410446411e-05
6 2.135657914708745e-05
6 2.115743215396788e-05
6 2.117749573289487e-05
6 2.173382903264384e-05
6 2.131910274661018e-05
6 2.199904223860919e-05
6 2.13607364518252e-05
6 2.135611292929739e-05
6 2.179218586065295e-05
6 2.174421592604583e-05
6 2.157189427316492e-05
6 2.169583140079527e-05
6 2.099653679422167e-05
6 2.175109591349191e-05
6 2.182461556854951e-05
6 2.13144268626968e-05
6 2.115088960148395e-05
6 2.149705756355996e-05
6 2.174570054092229e-05
6 2.153864098816493e-05
6 2.131188658048787e-05
6 2.096534772064481e-05
6 2.122112465684504e-05
6 2.170251822033982e-05
6 2.185838126146203e-05
6 2.147561474425398e-05
6 2.191891226375996e-05
6 2.159509522825923e-05
6 2.121791615634728e-05
6 2.161528308632037e-05
6 2.154668747333341e-05
6 2.146502158780615e-05
6 2.14833384051656e-05
6 2.139447221401331e-05
6 2.184334370755552e-05
6 2.185202178516942e-05
6 2.138712647640726e-05
6 2.149975365021325e-05
6 2.166148596604572e-05
6 2.194192433081735e-05
6 2.112994450833142e-05
6 2.199104191445716e-05
6 2.13789839116762e-05
6 2.117526295014333e-05
6 2.158109766772923e-05
6 2.198865967294717e-05
6 2.133335958429153e-05
6 2.192694077821711e-05
6 2.164855316343956e-05
6 2.188447718580301e-05
6 2.148515954392754e-05
6 2.179765548475847e-05
6 2.194597901768741e-05
6 2.142920795000905e-05
6 2.137311287017087e-05
6 2.138072620490814e-05
6 2.130499177631404e-05
6 2.17089589157069e-05
6 2.113083674062136e-05
6 2.222448809672843e-05
6 2.120363907645415e-05
6 2.156615007708168e-05
6 2.183746521394884e-05
6 2.19173387623678e-05
6 2.131118561280278e-05
6 2.151850892618102e-05
6 2.186909582109724e-05
6 2.163330899014541e-05
6 2.126753890191834e-05
6 2.137943306409068e-05
6 2.15446787104894e-05
6 2.169543878337309e-05
6 2.138102260582612e-05
6 2.144605754776434e-05
6 2.171938558257923e-05
6 2.151987094729613e-05
6 2.154241607358432e-05
6 2.185711265052016e-05
6 2.115928148725507e-05
6 2.141691706533717e-05
6 2.12788464487285e-05
6 2.124143123978e-05
6 2.175711825764604e-05
6 2.174713162017787e-05
6 2.175922802746927e-05
6 2.140570073031438e-05
6 2.169992514158038e-05
6 2.13312046804765e-05
6 2.189609441284947e-05
6 2.144659671609266e-05
6 2.094113931684654e-05
6 2.171901958408519e-05
6 2.129699460879702e-05
6 2.161214859246779e-05
6 2.148438734422894e-05
7 4.726044954682779e-05
7 4.736659434340111e-05
7 4.733390148218262e-05
7 4.7393938870964e-05
7 4.707570992748517e-05
7 4.738450217107519e-05
7 4.758603993958143e-05
7 4.724813005241396e-05
7 4.755274642145127e-05
7 4.744317233105446e-05
7 4.741609802708305e-05
7 4.751571729361017e-05
7 4.757516787356606e-05
7 4.664714493113883e-05
7 4.711882303975971e-05
7 4.687340504925902e-05
7 4.725512206715628e-05
7 4.762914106554314e-05
7 4.742088202017179e-05
7 4.6920952989237e-05
7 4.701051700815268e-05
7 4.740854947770243e-05
7 4.759703089046078e-05
7 4.730748979544424e-05
7 4.681268457499355e-05
7 4.788729820110286e-05
7 4.733053602192949e-05
7 4.732350727496859e-05
7 4.739764685164106e-05
7 4.763413796862904e-05
7 4.722948065081883e-05
7 4.728093493907275e-05
7 4.708482595332119e-05
7 4.68439763648385e-05
7 4.737976670589599e-05
7 4.713932105272801e-05
7 4.776878317819679e-05
7 4.74308991895158e-05
7 4.739989767611445e-05
7 4.728158195250666e-05
7 4.752598988949498e-05
7 4.762774336666827e-05
7 4.74458922366736e-05
7 4.726461325529464e-05
7 4.71786195982404e-05
7 4.724820971293448e-05
7 4.754293131432729e-05
7 4.743350573702714e-05
7 4.730108473060905e-05
7 4.731676384461737e-05
7 4.728552639819813e-05
7 4.754263444690309e-05
7 4.717764401847659e-05
7 4.755371530192623e-05
7 4.721450545914849e-05
7 4.714318624571414e-05
7 4.705944781535765e-05
7 4.705289906536121e-05
7 4.795557951254205e-05
7 4.715915208129451e-05
7 4.734420660346199e-05
7 4.716971086746573e-05
7 4.704421994019475e-05
7 4.721791635293248e-05
7 4.734375384889512e-05
7 4.703781754878001e-05
7 4.712720563376203e-05
7 4.753195229464604e-05
7 4.708815734876236e-05
7 4.737828622248567e-05
7 4.744457129577416e-05
7 4.693585426353037e-05
7 4.740944898334369e-05
7 4.776045611931655e-05
7 4.74124958770165e-05
7 4.754549839414694e-05
7 4.723261809694245e-05
7 4.678066347770082e-05
7 4.758494792666848e-05
7 4.698598335245638e-05
7 4.714355923026267e-05
7 4.7627765934258e-05
7 4.739463368231305e-05
7 4.691934847919972e-05
7 4.711588942704328e-05
7 4.711720838515892e-05
7 4.74737381668386e-05
7 4.710613182776743e-05
7 4.729077899396199e-05
7 4.773799548241302e-05
7 4.73385577376534e-05
7 4.751634382216794e-05
7 4.76250504036676e-05
7 4.729654257014543e-05
7 4.762661948768517e-05
7 4.754763905981389e-05
7 4.7146241389436e-05
7 4.787707742780096e-05
7 4.78178763513417e-05
7 4.692309210030643e-05
8 1.050533697110638e-05
8 1.023482455612128e-05
8 1.069826923215056e-05
8 1.032476593312761e-05
8 9.779949775280998e-06
8 1.026154564947096e-05
8 1.012813525083178e-05
8 9.398522486050877e-06
8 1.025619542296465e-05
8 1.035648596799292e-05
8 1.018363918952633e-05
8 1.023371236952352e-05
8 9.885691912075137e-06
8 1.016501818906205e-05
8 1.019654893401517e-05
8 1.044309572539945e-05
8 1.017418740795316e-05
8 1.019811366765637e-05
8 1.022209520970441e-05
8 9.852025345542302e-06
8 9.871941469777911e-06
8 1.005420558212649e-05
8 1.040231994867706e-05
8 1.020619482098933e-05
8 1.018627244780499e-05
8 1.007836443399825e-05
8 1.050841499632731e-05
8 1.020839915860187e-05
8 9.901659869665211e-06
8 1.038299812715029e-05
8 1.001232276863274e-05
8 1.026668903640335e-05
8 1.018498746270677e-05
8 1.011025192145744e-05
8 1.041710674155193e-05
8 1.030945648589633e-05
8 9.752915944645175e-06
8 9.78603677283851e-06
8 1.026384192484323e-05
8 9.816901598737246e-06
8 1.00223543759747e-05
8 1.043417488390446e-05
8 1.022753981995938e-05
8 1.052570384405154e-05
8 1.036414666851374e-05
8 1.003931168639812e-05
8 1.026676457241027e-05
8 1.001084852003665e-05
8 9.864622661120441e-06
8 9.975678725659035e-06
8 1.02627842436446e-05
8 1.013234939970463e-05
8 9.831030196326394e-06
8 1.032766559850663e-05
8 1.052123970391873e-05
8 1.022680169676397e-05
8 1.042146813277537e-05
8 1.037675565573688e-05
8 9.627829945807905e-06
8 9.917909370336495e-06
8 1.005831597120953e-05
8 9.951610648131368e-06
8 1.019271019341212e-05
8 1.022481997971399e-05
8 1.025751349449004e-05
8 1.013731835289585e-05
8 1.000819101794797e-05
8 1.030512309989458e-05
8 9.796273576725702e-06
8 9.892123658667335e-06
8 9.732327133785031e-06
8 1.013851416509342e-05
8 1.049098594607556e-05
8 1.041090078415816e-05
8 1.019575413183294e-05
8 1.036880873391142e-05
8 9.95714642293234e-06
8 1.006905883357145e-05
8 1.011331605958471e-05
8 1.019939632042295e-05
8 1.019017783938569e-05
8 1.051125779316569e-05
8 9.997661821168974e-06
8 1.023619425415531e-05
8 1.016818372402217e-05
8 1.018707102115746e-05
8 1.012543865761392e-05
8 1.02239603249755e-05
8 9.695941018445824e-06
8 1.03564923014221e-05
8 1.034686198969972e-05
8 9.857911525623317e-06
8 9.671206047701077e-06
8 1.003447273348797e-05
8 1.041056298583212e-05
8 1.035432603330659e-05
8 9.815099562436159e-06
8 1.045488875226393e-05
8 1.010649024983674e-05
8 1.03251217904648e-05
9 2.380513938864593e-05
9 2.395100377706487e-05
9 2.377592422936084e-05
9 2.415136873479078e-05
9 2.473759532609511e-05
9 2.385316714503652e-05
9 2.415308883074581e-05
9 2.393464943501669e-05
9 2.398936107149467e-05
9 2.3764846822836e-05
9 2.365953515224352e-05
9 2.366141731055137e-05
9 2.374807882626311e-05
9 2.421717799127141e-05
9 2.392153503082604e-05
9 2.391476331072002e-05
9 2.398937299185371e-05
9 2.414669565702157e-05
9 2.41349239904229e-05
9 2.39532619316785e-05
9 2.389929486742865e-05
9 2.462067778250387e-05
9 2.392649857530569e-05
9 2.375298850047767e-05
9 2.375506858728961e-05
9 2.374404278825166e-05
9 2.414001928123815e-05
9 2.411748851019344e-05
9 2.395437363694428e-05
9 2.403415581506792e-05
9 2.409492737039391e-05
9 2.404573809644147e-05
9 2.385465978997434e-05
9 2.389736581358602e-05
9 2.372810400804044e-05
9 2.383275640667643e-05
9 2.433391959944039e-05
9 2.404532498299584e-05
9 2.413112673245526e-05
9 2.407814306039459e-05
9 2.398906667874556e-05
9 2.412319910875098e-05
9 2.397532023454671e-05
9 2.410105611521725e-05
9 2.409095627181795e-05
9 2.394811118096954e-05
9 2.390006403536105e-05
9 2.395790773004425e-05
9 2.380393937432483e-05
9 2.371564706589125e-05
9 2.431665596455578e-05
9 2.406685210637738e-05
9 2.378478394302497e-05
9 2.360684018615219e-05
9 2.382869516638472e-05
9 2.365722922523228e-05
9 2.398910978638725e-05
9 2.384911462686124e-05
9 2.414535112570277e-05
9 2.36897829540949e-05
9 2.389740753751429e-05
9 2.372357249027222e-05
9 2.392021920560846e-05
9 2.44148576028098e-05
9 2.391570832175909e-05
9 2.391423290809116e-05
9 2.332733873140356e-05
9 2.37949789140886e-05
9 2.410925635741883e-05
9 2.368428516265817e-05
9 2.41183355928463e-05
9 2.399909560134904e-05
9 2.415739454308972e-05
9 2.380961438921397e-05
9 2.354223634509703e-05
9 2.37855420224479e-05
9 2.40519578183577e-05
9 2.406901463861534e-05
9 2.394251068110092e-05
9 2.380772540044786e-05
9 2.397438395315489e-05
9 2.342665322563668e-05
9 2.387744474715201e-05
9 2.38284803677248e-05
9 2.43374320891732e-05
9 2.419558706358745e-05
9 2.38809226956204e-05
9 2.367194492171207e-05
9 2.390590526361219e-05
9 2.376207865535917e-05
9 2.400308365479872e-05
9 2.381620881603977e-05
9 2.410069850401124e-05
9 2.416576848813352e-05
9 2.351412588446677e-05
9 2.408105048685447e-05
9 2.420438906379638e-05
9 2.388019697259893e-05
9 2.40132009124586e-05
9 2.382678424431614e-05
10 6.800540059149666e-06
10 6.508038875231933e-06
10 6.761806346539397e-06
10 6.590906159077799e-06
10 6.7230468810105e-06
10 6.957751531547691e-06
10 6.721185210682811e-06
10 6.481558438684308e-06
10 6.477952864025544e-06
10 6.613778468821487e-06
10 6.627737300349964e-06
10 6.645251476425905e-06
10 6.49717418840437e-06
10 6.907912262234957e-06
10 6.969198266205851e-06
10 6.712795813003122e-06
10 6.75687972844019e-06
10 6.727990270122499e-06
10 6.825229306269082e-06
10 6.889908582767462e-06
10 6.510274635085905e-06
10 6.862756347295064e-06
10 6.976643880178217e-06
10 6.651561885285295e-06
10 6.911896567493905e-06
10 6.427447092141767e-06
10 6.938274540334487e-06
10 6.767349701939579e-06
10 6.864338893472003e-06
10 6.805335049383164e-06
10 6.590097274462032e-06
10 6.516158102115709e-06
10 6.590997024606478e-06
10 6.60793769960691e-06
10 6.924433113471019e-06
10 6.85009398707958e-06
10 6.764055384453273e-06
10 6.596336924064979e-06
10 6.651292922260283e-06
10 6.795138650947895e-06
10 6.64399298526955e-06
10 6.456632241288533e-06
10 7.011130267165274e-06
10 6.679621182400289e-06
10 6.695543838631769e-06
10 6.513415977822299e-06
10 6.544538089407196e-06
10 6.611729959788331e-06
10 6.436048672027961e-06
10 6.733165621724218e-06
10 6.359866013424676e-06
10 6.811238289889508e-06
10 6.574104017416146e-06
10 6.868476604242296e-06
10 6.557632132112797e-06
10 6.445811570034785e-06
10 6.4674253203432e-06
10 6.538627805671838e-06
10 6.785874962418136e-06
10 6.649847567428602e-06
10 6.735117162313486e-06
10 6.762623058452139e-06
10 6.582158664748693e-06
10 6.861474206873511e-06
10 6.570669036205547e-06
10 7.045982907747177e-06
10 6.708367611316278e-06
10 6.839962936352362e-06
10 6.840327392447685e-06
10 6.61226920537316e-06
10 6.578894188876021e-06
10 6.873146586253454e-06
10 6.494099500738076e-06
10 6.612614802819173e-06
10 6.722197304381397e-06
10 6.654151128774555e-06
10 6.607652259748564e-06
10 6.508915415252115e-06
10 6.850184095654135e-06
10 6.488153065116841e-06
10 6.607670080365435e-06
10 6.889211303089763e-06
10 6.712267783264641e-06
10 6.660310491661312e-06
10 6.870254675789982e-06
10 6.603418938556951e-06
10 6.68043758842629e-06
10 6.703435916323782e-06
10 6.662839917248842e-06
10 6.604419884661822e-06
10 6.675989295087036e-06
10 6.543859960576774e-06
10 6.717993769256168e-06
10 6.277681298004534e-06
10 6.642841019465262e-06
10 7.020518923308287e-06
10 6.659205902683945e-06
10 6.362049274171756e-06
10 6.887058064753344e-06
10 6.846875824126974e-06
11 1.487081521395418e-05
11 1.480973303067289e-05
11 1.472317534471796e-05
11 1.465986975954296e-05
11 1.462867515322545e-05
11 1.515283103766948e-05
11 1.477962683808418e-05
11 1.503417504615699e-05
11 1.490938252218977e-05
11 1.484325790849549e-05
11 1.481327985516803e-05
11 1.505712381950682e-05
11 1.486690711730302e-05
11 1.507803631232038e-05
11 1.48637936983656e-05
11 1.493471668164072e-05
11 1.501020585650003e-05
11 1.504107676854549e-05
11 1.494054174681355e-05
11 1.476863596571367e-05
11 1.500289863439807e-05
11 1.499172989633791e-05
11 1.493366002617771e-05
11 1.499951068214165e-05
11 1.491981185526315e-05
11 1.443926914961364e-05
11 1.486651334707544e-05
11 1.463799245958498e-05
11 1.509275336939727e-05
11 1.503978132077655e-05
11 1.497870512755923e-05
11 1.48960334002738e-05
11 1.485805842885017e-05
11 1.490585945910143e-05
11 1.476870888452631e-05
11 1.508286032105611e-05
11 1.505241504627658e-05
11 1.509435523030399e-05
11 1.501172605552436e-05
11 1.495175892597889e-05
11 1.473711952171623e-05
11 1.470658126151267e-05
11 1.473404356122018e-05
11 1.48615177433809e-05
11 1.494238578068233e-05
11 1.47975590961857e-05
11 1.496076623252137e-05
11 1.47446005167574e-05
11 1.498908859141977e-05
11 1.495989283443702e-05
11 1.525467180055595e-05
11 1.471857042903222e-05
11 1.473226184888706e-05
11 1.484507621848742e-05
11 1.501693103497621e-05
11 1.465099693437694e-05
11 1.505714738973461e-05
11 1.490063030569503e-05
11 1.46852235542399e-05
11 1.504521859703947e-05
11 1.47193010855723e-05
11 1.489562353528511e-05
11 1.486194782454404e-05
11 1.453227150156789e-05
11 1.490695354989012e-05
11 1.478904663193242e-05
11 1.526203623772087e-05
11 1.502698485074105e-05
11 1.510304937858966e-05
11 1.504583686414722e-05
11 1.477519007317375e-05
11 1.522402397742236e-05
11 1.505676890485554e-05
11 1.504873339012821e-05
11 1.478087220763998e-05
11 1.472122693710985e-05
11 1.477995612978596e-05
11 1.480982615956533e-05
11 1.492572042842373e-05
11 1.490031223369661e-05
11 1.499120728320011e-05
11 1.469480564339742e-05
11 1.470870147862887e-05
11 1.483764300989472e-05
11 1.480560786325348e-05
11 1.500097577854652e-05
11 1.505316605639947e-05
11 1.481219660428224e-05
11 1.492221409835726e-05
11 1.497546846118704e-05
11 1.480003110319271e-05
11 1.471596929955128e-05
11 1.470037929021395e-05
11 1.51089804349323e-05
11 1.514888364523442e-05
11 1.474384284485472e-05
11 1.48669549291229e-05
11 1.485122852286688e-05
11 1.478301888378339e-05
11 1.50165422447122e-05
12 5.229948886948677e-06
12 5.055720614806512e-06
12 4.932070004839334e-06
12 4.779529924696068e-06
12 4.804881886825028e-06
12 5.070331099650464e-06
12 5.140231481127157e-06
12 4.897984651854817e-06
12 4.764638248948385e-06
12 4.922449578334329e-06
12 4.968962357741606e-06
12 4.804436731268415e-06
12 4.834574737675371e-06
12 5.175111466551032e-06
12 4.816132880773398e-06
12 4.935628030779783e-06
12 4.593770178064313e-06
12 5.041878656225792e-06
12 4.876767277180203e-06
12 5.064282803421255e-06
12 5.003621454883109e-06
12 4.860063136082351e-06
12 4.893923093247496e-06
12 4.959563664169327e-06
12 5.045058914087042e-06
12 4.920325018344933e-06
12 4.930452610098797e-06
12 4.894552674217326e-06
12 4.958940969745719e-06
12 4.708625790156554e-06
12 4.814908291317017e-06
12 4.830702138269034e-06
12 4.997633055976137e-06
12 4.973006268432063e-06
12 5.01567650478559e-06
12 4.897344392460762e-06
12 4.945542210340899e-06
12 4.70563871095778e-06
12 5.010935586225744e-06
12 4.69838354834287e-06
12 5.080313289841746e-06
12 4.983134403155638e-06
12 4.983326109997466e-06
12 5.013112869761228e-06
12 4.832873699280413e-06
12 5.098099509554637e-06
12 4.978204704217068e-06
12 5.123562317947078e-06
12 5.27523185575936e-06
12 4.762533568113267e-06
12 5.037008201738015e-06
12 4.842016921928559e-06
12 4.909278865262596e-06
12 4.921907682583388e-06
12 4.864321801976412e-06
12 5.055040116486454e-06
12 4.865258941474675e-06
12 5.045096370533839e-06
12 4.904155102183323e-06
12 4.994080056861487e-06
12 5.178273089261869e-06
12 4.894422073445373e-06
12 4.963843391124684e-06
12 4.928052881443131e-06
12 4.840167339490971e-06
12 4.964678158503196e-06
12 4.832516348633799e-06
12 4.941583247922963e-06
12 4.799672714118901e-06
12 5.099757172454962e-06
12 4.823077663525414e-06
12 5.033988170213502e-06
12 5.072493855500045e-06
12 4.811935952425531e-06
12 4.972537292174849e-06
12 4.867981086665953e-06
12 4.786572062036411e-06
12 4.840004370080993e-06
12 4.94657561707678e-06
12 5.153165512711425e-06
12 4.887630798409109e-06
12 4.929634759151461e-06
12 4.929802521204897e-06
12 4.799312233115413e-06
12 4.954837972438785e-06
12 4.987839951046e-06
12 4.865194316643547e-06
12 5.064872958979903e-06
12 4.991762436627915e-06
12 5.032606612830847e-06
12 4.758379162165971e-06
12 4.83152752397885e-06
12 4.669969255413997e-06
12 5.019510136678852e-06
12 4.919928159598317e-06
12 4.916174348707819e-06
12 4.982425695441231e-06
12 4.773351448942496e-06
12 4.972661818541539e-06
12 4.761020164836145e-06
13 1.062037302897933e-05
13 1.034608038050033e-05
13 1.046323163788407e-05
13 1.047616687085266e-05
13 1.056486624949513e-05
13 1.035177046620331e-05
13 1.051407214611351e-05
13 1.054578973845321e-05
13 1.05523181138798e-05
13 1.057924766706019e-05
13 1.056683169228354e-05
13 1.054492110071616e-05
13 1.055526904891991e-05
13 1.060842291592434e-05
13 1.036290682695896e-05
13 1.038800640972355e-05
13 1.060796940760467e-05
13 1.051029109293232e-05
13 1.051989108430812e-05
13 1.054443376242924e-05
13 1.051117840345073e-05
13 1.055732987106311e-05
13 1.050412272413373e-05
13 1.056527987363746e-05
13 1.047868715168089e-05
13 1.060604291739406e-05
13 1.056706754956577e-05
13 1.033999628947697e-05
13 1.079605924256509e-05
13 1.039137122900439e-05
13 1.05556599482493e-05
13 1.056574777519494e-05
13 1.045145659158679e-05
13 1.062872747720012e-05
13 1.062691810241184e-05
13 1.014771955920172e-05
13 1.066714471463023e-05
13 1.03547639785483e-05
13 1.067021382833337e-05
13 1.053812918160974e-05
13 1.03223897125962e-05
13 1.042428962949852e-05
13 1.053935640343985e-05
13 1.046276595518343e-05
13 1.065367653958224e-05
13 1.066627681904205e-05
13 1.045652454586811e-05
13 1.028830168374921e-05
13 1.030426655459989e-05
13 1.037841171969755e-05
13 1.054957887544704e-05
13 1.07400415848396e-05
13 1.04385871911904e-05
13 1.037730603399529e-05
13 1.055160183124166e-05
13 1.087575514603533e-05
13 1.064538492209262e-05
13 1.045556370378947e-05
13 1.056007076924756e-05
13 1.056803455765842e-05
13 1.048357242908867e-05
13 1.043885838452336e-05
13 1.036832950906846e-05
13 1.022288187592587e-05
13 1.070437719230886e-05
13 1.063489650263278e-05
13 1.051457394793966e-05
13 1.048242698160305e-05
13 1.063975802612416e-05
13 1.043548604015948e-05
13 1.058596633103026e-05
13 1.038158533386387e-05
13 1.06154701262349e-05
13 1.050401984629841e-05
13 1.031266771276205e-05
13 1.051892186191811e-05
13 1.047390362067769e-05
13 1.050233000010266e-05
13 1.050670924988685e-05
13 1.052708358892297e-05
13 1.05201499591973e-05
13 1.049600609483346e-05
13 1.061188709742732e-05
13 1.049326752428741e-05
13 1.045364534653253e-05
13 1.0531278412466e-05
13 1.043648901388893e-05
13 1.054324628542897e-05
13 1.049010048494652e-05
13 1.065623905137311e-05
13 1.050793222058282e-05
13 1.066906050406774e-05
13 1.049273304042725e-05
13 1.048644464857085e-05
13 1.054687883640381e-05
13 1.058689015264407e-05
13 1.068786735016765e-05
13 1.05658516059749e-05
13 1.057791299437787e-05
13 1.065691067468839e-05
14 4.150863062845072e-06
14 4.120726976564069e-06
14 4.16808416850758e-06
14 4.033439168598823e-06
14 3.99026368200266e-06
14 4.032547945696319e-06
14 3.974369707641208e-06
14 3.904203825024474e-06
14 4.085379121639633e-06
14 3.995639169621056e-06
14 3.954011233721434e-06
14 4.122038737740073e-06
14 4.022908244482179e-06
14 3.86721038842272e-06
14 4.071042248753457e-06
14 4.096881330470904e-06
14 3.722333229620837e-06
14 4.1653323616893e-06
14 3.932086694853858e-06
14 4.055204083001092e-06
14 3.868247465691473e-06
14 4.130725442693295e-06
14 4.082966392663402e-06
14 3.916725730579114e-06
14 4.033188820541223e-06
14 3.849806762759853e-06
14 4.108525788872171e-06
14 4.016520262742181e-06
14 4.051949870910176e-06
14 4.014847455072681e-06
14 3.854241724191367e-06
14 4.0665740629071e-06
14 3.94804004586364e-06
14 4.054189454800897e-06
14 3.864603002806951e-06
14 4.233468648666533e-06
14 3.826445545262405e-06
14 4.114635038100623e-06
14 4.026713157286258e-06
14 4.073271323349862e-06
14 4.013237950414017e-06
14 3.993021828615087e-06
14 4.094067472057111e-06
14 3.926021533073888e-06
14 3.947224670705082e-06
14 4.207816524887834e-06
14 3.913703421269006e-06
14 4.089535227752637e-06
14 3.965989980013139e-06
14 3.935519444194031e-06
14 3.94728311267817e-06
14 4.183843749634847e-06
14 4.025482821336326e-06
14 3.890829170515057e-06
14 3.992916200636106e-06
14 3.891188777220365e-06
14 3.962563848850748e-06
14 4.052759993225288e-06
14 4.029743685838759e-06
14 3.961461196940688e-06
14 4.048284029778186e-06
14 3.967546580734259e-06
14 4.203134016925874e-06
14 4.002077145630318e-06
14 3.959562125341786e-06
14 3.937519377741566e-06
14 4.164346796160083e-06
14 4.007950484037057e-06
14 4.204313316240011e-06
14 4.031067059557811e-06
14 4.021821648563601e-06
14 4.231827134909963e-06
14 4.10997904713633e-06
14 4.104757178885044e-06
14 3.923323337875188e-06
14 4.248178541965116e-06
14 4.139719527127667e-06
14 3.78428662952667e-06
14 4.130442834895219e-06
14 4.073410902814464e-06
14 4.006263991596732e-06
14 4.057778107031899e-06
14 4.02307398601303e-06
14 4.106056390797419e-06
14 4.116093433272556e-06
14 4.124366950427908e-06
14 3.958135224806321e-06
14 4.084551320711899e-06
14 3.992213963412189e-06
14 4.078434905262175e-06
14 4.017151142868846e-06
14 4.022296619064361e-06
14 3.863105352330799e-06
14 3.836380356996874e-06
14 3.949842875582271e-06
14 4.035214618550999e-06
14 4.185461893030754e-06
14 4.065108203344566e-06
14 4.044225575845923e-06
14 3.90477739963369e-06
15 8.169664333138937e-06
15 8.111885634022371e-06
15 8.303917218843577e-06
15 8.07786972986631e-06
15 8.094461895962813e-06
15 7.984827925471953e-06
15 8.269954118048279e-06
15 8.118846110358875e-06
15 8.097986873723212e-06
15 8.047171425131248e-06
15 8.273480117864974e-06
15 8.052636999181204e-06
15 8.022615676812497e-06
15 8.136001037084381e-06
15 8.089461397361143e-06
15 8.207325243130597e-06
15 8.171599094326637e-06
15 8.073560988254186e-06
15 8.234046269488421e-06
15 8.009496382906232e-06
15 8.186137042334685e-06
15 7.96003306243073e-06
15 7.97406205989549e-06
15 8.151815306496033e-06
15 8.265090087015645e-06
15 8.084788981533382e-06
15 8.060523793452584e-06
15 8.168178103422056e-06
15 8.144811712606813e-06
15 8.102825796938619e-06
15 8.046633773827098e-06
15 8.152401479966719e-06
15 8.085378572259187e-06
15 7.996771525645756e-06
15 8.126376099235875e-06
15 8.0977977761243e-06
15 8.086166618507559e-06
15 8.135844393669632e-06
15 8.049057122522098e-06
15 8.039819916550657e-06
15 8.13233630140652e-06
15 8.177650439894039e-06
15 8.022510645652474e-06
15 8.288339356108372e-06
15 8.099117212736018e-06
15 7.973680592361305e-06
15 8.048916168429821e-06
15 8.184023580686777e-06
15 8.33139682237187e-06
15 7.955843052944772e-06
15 8.107848474011483e-06
15 8.282093232272486e-06
15 8.229578495570069e-06
15 8.173182077117343e-06
15 8.074625410612931e-06
15 8.433868443882244e-06
15 8.244901843538871e-06
15 8.080655402009932e-06
15 8.185174583516892e-06
15 8.158762324897018e-06
15 8.155576307809485e-06
15 8.013583725008837e-06
15 8.180212446273809e-06
15 8.132353132915588e-06
15 8.209644576748481e-06
15 8.155558830281012e-06
15 8.100042558520946e-06
15 8.056964180685332e-06
15 8.046139901028244e-06
15 8.150742761793258e-06
15 8.125590318158456e-06
15 8.142688116652847e-06
15 8.137865471880304e-06
15 8.140327331922503e-06
15 8.022475328865142e-06
15 8.015008382657749e-06
15 8.194768385383213e-06
15 8.243677884304618e-06
15 8.122418020198935e-06
15 8.094920109770975e-06
15 8.230624864975182e-06
15 8.248699912073427e-06
15 8.159390327102564e-06
15 8.142604928814636e-06
15 8.147604514662045e-06
15 8.208913086184542e-06
15 8.148625352695327e-06
15 8.147709474745238e-06
15 8.003000959810242e-06
15 8.127593448316827e-06
15 8.017530920334836e-06
15 8.076954249877441e-06
15 8.219245163131301e-06
15 8.202037369303556e-06
15 8.267663037762545e-06
15 8.171863324590684e-06
15 8.116252160636442e-06
15 8.100712567534964e-06
15 8.172337943155789e-06
15 8.111704689734351e-06
16 3.473441214749003e-06
16 3.37162657539804e-06
16 3.460730446334426e-06
16 3.619087895696297e-06
16 3.52200259272762e-06
16 3.669965031324505e-06
16 3.476848658605746e-06
16 3.55923964610175e-06
16 3.506029985934039e-06
16 3.526741927668842e-06
16 3.337520852592651e-06
16 3.482542265463586e-06
16 3.563053037148233e-06
16 3.480774678077306e-06
16 3.45012921533377e-06
16 3.3702465520656e-06
16 3.585274056145589e-06
16 3.627213961378172e-06
16 3.467621789595876e-06
16 3.357871925341281e-06
16 3.502599311935719e-06
16 3.454814437651325e-06
16 3.487007450166597e-06
16 3.461263983125605e-06
16 3.469845527832065e-06
16 3.408787737287509e-06
16 3.497573370244574e-06
16 3.517076237355514e-06
16 3.577521831762764e-06
16 3.455365294614298e-06
16 3.417370150362864e-06
16 3.487465295934077e-06
16 3.437989092935361e-06
16 3.508388273658017e-06
16 3.502814542947926e-06
16 3.593419360027914e-06
16 3.478631767004935e-06
16 3.729483967411492e-06
16 3.605413886590137e-06
16 3.494534071134777e-06
16 3.395270286928913e-06
16 3.586196610703637e-06
16 3.381367086948942e-06
16 3.440997153457532e-06
16 3.323027778419537e-06
16 3.584756785083048e-06
16 3.525529608803539e-06
16 3.412537248231796e-06
16 3.536200546424685e-06
16 3.47697073584249e-06
16 3.533330165327732e-06
16 3.566686597382677e-06
16 3.580464610899958e-06
16 3.603797370390436e-06
16 3.511025249294185e-06
16 3.471748406712014e-06
16 3.614594040706503e-06
16 3.50173902301883e-06
16 3.401034787278769e-06
16 3.602256573594533e-06
16 3.382283112197837e-06
16 3.677648627209051e-06
16 3.554837042578538e-06
16 3.529507553140247e-06
16 3.49375547232826e-06
16 3.375867932585386e-06
16 3.526825463438842e-06
16 3.591080788862742e-06
16 3.445237520103926e-06
16 3.434544599642376e-06
16 3.495543695025476e-06
16 3.407880564480129e-06
16 3.309914350656661e-06
16 3.56414998967061e-06
16 3.479976609726668e-06
16 3.542668824751381e-06
16 3.427510435957053e-06
16 3.425382843171975e-06
16 3.551920386770872e-06
16 3.511346617394413e-06
16 3.604181458638167e-06
16 3.441057480957573e-06
16 3.564267048253723e-06
16 3.357173109200224e-06
16 3.435175674356947e-06
16 3.544731158970319e-06
16 3.4959386052495e-06
16 3.605830051772724e-06
16 3.529640597465741e-06
16 3.623474414423743e-06
16 3.472392345004996e-06
16 3.618827251066957e-06
16 3.465590496318793e-06
16 3.292976709869613e-06
16 3.589375500861088e-06
16 3.55091542012094e-06
16 3.38046136288308e-06
16 3.493212265247383e-06
16 3.646540078426392e-06
16 3.425008345587965e-06
17 6.94876009235176e-06
17 6.838387463805465e-06
17 6.879809417230929e-06
17 6.846751406924871e-06
17 6.960859642677652e-06
17 6.733582096901514e-06
17 6.953797973100758e-06
17 7.033687160771812e-06
17 6.819390466470898e-06
17 7.001213502153005e-06
17 6.905411846950318e-06
17 6.898234644513404e-06
17 6.866388401163427e-06
17 6.841463305218033e-06
17 6.727467097313195e-06
17 6.786089084957689e-06
17 6.758504693890952e-06
17 6.708107344529927e-06
17 6.873650142318253e-06
17 6.871549541601939e-06
17 6.81363338983856e-06
17 6.870341204916603e-06
17 6.977407394615151e-06
17 6.861041878870209e-06
17 6.782126482950896e-06
17 6.856444470261295e-06
17 6.848159667112231e-06
17 6.87156058390853e-06
17 6.736878859647067e-06
17 6.823246746157244e-06
17 6.939775301613347e-06
17 6.766604605189419e-06
17 6.841171099339123e-06
17 6.856934950058652e-06
17 6.846842567769204e-06
17 7.015900666589449e-06
17 6.845978958788438e-06
17 7.025973768004469e-06
17 6.678427266995123e-06
17 7.04009346594334e-06
17 6.817554116043519e-06
17 6.809805641445325e-06
17 6.828637166749935e-06
17 6.716787314225612e-06
17 6.67466159062061e-06
17 6.812702643381709e-06
17 6.89886858937819e-06
17 6.924448217848762e-06
17 6.660656090990031e-06
17 6.840722560163491e-06
17 6.963658913561773e-06
17 6.987799761663021e-06
17 6.823847959365903e-06
17 6.96566212353503e-06
17 6.825913186716598e-06
17 6.87901971361102e-06
17 6.901084958634103e-06
17 6.941451635650109e-06
17 6.919966653926872e-06
17 6.985599028962351e-06
17 7.051629938483191e-06
17 6.591946284371259e-06
17 6.86761685929679e-06
17 6.899630246748404e-06
17 6.754503520564209e-06
17 6.857530728823335e-06
17 7.002728397258253e-06
17 7.068284410401716e-06
17 6.784031928337241e-06
17 6.790572399862073e-06
17 6.868320193346424e-06
17 6.783989664784602e-06
17 6.795758515879095e-06
17 6.824407172806559e-06
17 6.931123628641048e-06
17 6.729688150993116e-06
17 6.857229957655342e-06
17 6.723254327713008e-06
17 6.870120065085787e-06
17 6.971246582426222e-06
17 7.010206905530852e-06
17 6.870076472382295e-06
17 6.805227058231372e-06
17 6.894715287021108e-06
17 6.948194663484861e-06
17 6.934186007671893e-06
17 7.065223353756751e-06
17 6.884070857501455e-06
17 6.759173112612793e-06
17 7.075599818422083e-06
17 6.869907922141275e-06
17 6.882623522077889e-06
17 6.73894352814661e-06
17 7.015549380001589e-06
17 6.925244251648798e-06
17 6.807833268407076e-06
17 6.872776938154413e-06
17 6.845540699839538e-06
17 7.009407262337949e-06
17 6.867714085936033e-06
18 3.153513270383336e-06
18 3.036141737424188e-06
18 3.262398238996921e-06
18 3.080714140022442e-06
18 3.035930699937529e-06
18 3.207823029079292e-06
18 3.307834712023816e-06
18 3.109729510766487e-06
18 3.253625835986179e-06
18 3.234731636298741e-06
18 3.225232723871812e-06
18 3.295440104219507e-06
18 3.232891669109503e-06
18 3.268424629938467e-06
18 3.241784290092565e-06
18 3.103905945785722e-06
18 3.28346759024685e-06
18 3.177406650623024e-06
18 3.290938475286741e-06
18 3.183654447642228e-06
18 3.255196276800998e-06
18 3.174401442845887e-06
18 3.011991266741444e-06
18 3.002171207803898e-06
18 3.215372183926084e-06
18 3.253210448569905e-06
18 3.316736795119504e-06
18 3.253301262066923e-06
18 3.181695558473558e-06
18 3.177716242110676e-06
18 3.170108597554557e-06
18 3.06429837352759e-06
18 3.231608881155972e-06
18 3.378801075958183e-06
18 3.121751446637798e-06
18 3.208720724442956e-06
18 3.191347318132517e-06
18 3.232674882996849e-06
18 3.195779061360048e-06
18 3.115540539490738e-06
18 3.262642939764059e-06
18 3.238646496971547e-06
18 3.332169747802422e-06
18 3.342741016744616e-06
18 3.340172665161565e-06
18 3.386606985606312e-06
18 3.305355177910722e-06
18 3.175186144324935e-06
18 3.253142523878801e-06
18 3.208501784826378e-06
18 3.160610932829443e-06
18 3.237247890426886e-06
18 3.252984964525889e-06
18 3.232959417699337e-06
18 3.23209153511701e-06
18 3.210693782179269e-06
18 3.230055388991589e-06
18 3.235467983291931e-06
18 3.187311627984017e-06
18 3.170779705647874e-06
18 2.985566706055047e-06
18 3.228945581442516e-06
18 3.205831638008445e-06
18 3.206344667202179e-06
18 3.10821701907721e-06
18 3.323059690598423e-06
18 3.286225472872882e-06
18 3.202691319076762e-06
18 3.206048461794667e-06
18 3.068821056423459e-06
18 3.18512145224664e-06
18 3.173615593974861e-06
18 3.087628628252022e-06
18 3.129757443782563e-06
18 3.247190459883257e-06
18 3.155959062494532e-06
18 3.333490524413176e-06
18 3.202586955933342e-06
18 3.248070931705805e-06
18 3.157747475016619e-06
18 3.283245523996802e-06
18 3.225343120376213e-06
18 3.06982600353017e-06
18 3.286685127011517e-06
18 3.215436777670737e-06
18 3.245571802639762e-06
18 3.20864150272172e-06
18 3.291759923593973e-06
18 3.055036770195254e-06
18 3.074288276280829e-06
18 3.18394337598089e-06
18 3.271005641708849e-06
18 3.189619256710604e-06
18 3.086187496624598e-06
18 3.227616957641278e-06
18 3.180547910942862e-06
18 3.295060897169194e-06
18 3.34808460688638e-06
18 2.967979190200385e-06
18 3.179526381261447e-06
19 6.371754951218217e-06
19 6.161917055212745e-06
19 6.366358456316949e-06
19 6.592060660910578e-06
19 6.323660224485545e-06
19 6.245128639366218e-06
19 6.503347643659719e-06
19 6.401502669631821e-06
19 6.315170662594255e-06
19 6.409929221587916e-06
19 6.547165082439637e-06
19 6.406405387265112e-06
19 6.428275440794835e-06
19 6.426892120429086e-06
19 6.342039362327194e-06
19 6.462431933926865e-06
19 6.448793541553062e-06
19 6.530979140003045e-06
19 6.311310456793937e-06
19 6.423760513376762e-06
19 6.363131357387068e-06
19 6.315516614292218e-06
19 6.367569921108006e-06
19 6.49548266557983e-06
19 6.288536051367399e-06
19 6.478226686479437e-06
19 6.291713978291689e-06
19 6.431103802780659e-06
19 6.405483735456819e-06
19 6.436047936628894e-06
19 6.459094604265016e-06
19 6.472830031969268e-06
19 6.43597190335516e-06
19 6.458980551386445e-06
19 6.632133950524712e-06
19 6.388046200139738e-06
19 6.515813632885981e-06
19 6.362805729040941e-06
19 6.354103437081699e-06
19 6.531042322916624e-06
19 6.479434861865829e-06
19 6.456740705617924e-06
19 6.383608138200117e-06
19 6.488601838089885e-06
19 6.360536282508827e-06
19 6.428159464677315e-06
19 6.514618300405537e-06
19 6.338064171739192e-06
19 6.413582231889022e-06
19 6.363969501123491e-06
19 6.462593965833636e-06
19 6.235961256830227e-06
19 6.510367239652631e-06
19 6.276691662610748e-06
19 6.478412618290664e-06
19 6.539876525992538e-06
19 6.512370247160369e-06
19 6.273933496581122e-06
19 6.5083220065442e-06
19 6.392917244658401e-06
19 6.392538275960766e-06
19 6.192271007134482e-06
19 6.291596756538264e-06
19 6.529143852636467e-06
19 6.464336870450155e-06
19 6.391674580367189e-06
19 6.348290330917529e-06
19 6.426881296604863e-06
19 6.239723932281433e-06
19 6.484694621971311e-06
19 6.368595123598748e-06
19 6.518038833541382e-06
19 6.424186467427229e-06
19 6.352266124474981e-06
19 6.350459883262168e-06
19 6.278576046524464e-06
19 6.380822520968657e-06
19 6.382390054695484e-06
19 6.435999854518302e-06
19 6.442197075730021e-06
19 6.45528909290593e-06
19 6.282824897652438e-06
19 6.442056710469397e-06
19 6.428793339647012e-06
19 6.426636489178792e-06
19 6.523987932269987e-06
19 6.35722503885361e-06
19 6.304062927425574e-06
19 6.480816268980588e-06
19 6.623735792696594e-06
19 6.302869827971389e-06
19 6.479937496554882e-06
19 6.279369320177735e-06
19 6.326218037204636e-06
19 6.313984343933024e-06
19 6.264934242665728e-06
19 6.333497982820256e-06
19 6.335472705224765e-06
19 6.408598850268346e-06
19 6.618009508594323e-06
20 2.984234717911383e-06
20 3.067775834674236e-06
20 3.079447365548092e-06
20 3.156599663984186e-06
20 3.110746424624938e-06
20 3.184052271836959e-06
20 3.160265480490923e-06
20 3.056211695183338e-06
20 2.983967882950664e-06
20 3.011047204800892e-06
20 3.18041778954783e-06
20 3.017314707076781e-06
20 3.12369553074628e-06
20 3.165323748592182e-06
20 3.061644332120531e-06
20 3.169663604000669e-06
20 3.116196390103043e-06
20 2.921764981565195e-06
20 3.184564934029855e-06
20 3.084384986901727e-06
20 3.150623279624558e-06
20 3.096466833357497e-06
20 3.001184903356813e-06
20 3.001389970532477e-06
20 2.995215194964439e-06
20 3.038942177984548e-06
20 2.944426947638716e-06
20 3.085335560384567e-06
20 3.153095824334974e-06
20 3.092592722653521e-06
20 3.047857729385863e-06
20 3.045942987223308e-06
20 3.159326298016183e-06
20 3.020432916169813e-06
20 3.299388082104892e-06
20 3.08099451216653e-06
20 3.038260051022018e-06
20 3.076844446106269e-06
20 3.001308568436763e-06
20 3.049942209942171e-06
20 3.126417043464539e-06
20 3.043012335664648e-06
20 3.088448117348617e-06
20 3.028596256991071e-06
20 3.049614097396495e-06
20 3.098774169402753e-06
20 3.033638209018423e-06
20 3.016636266551749e-06
20 3.124165897669941e-06
20 3.248334075244109e-06
20 3.185848804783915e-06
20 2.913088953928559e-06
20 3.106403053078978e-06
20 3.119006728353644e-06
20 3.103127402346099e-06
20 3.193714659532856e-06
20 3.165388735122948e-06
20 3.093392351909467e-06
20 3.102814611673869e-06
20 3.016532503883253e-06
20 3.152367909082745e-06
20 3.095685654264504e-06
20 2.955006165847444e-06
20 3.12248859154881e-06
20 2.965167432634901e-06
20 3.155261656037126e-06
20 3.171140027771413e-06
20 2.95134277095392e-06
20 3.151680062493311e-06
20 3.176595194177903e-06
20 3.160379745621961e-06
20 2.992636799221435e-06
20 3.081750209526984e-06
20 3.005869774815962e-06
20 2.977526942981506e-06
20 3.033963718153827e-06
20 3.042789802246247e-06
20 3.040276042876714e-06
20 3.124634891035352e-06
20 3.040168602989127e-06
20 2.946985722830039e-06
20 3.121392020113756e-06
20 3.03304048271767e-06
20 2.89898149474389e-06
20 3.159156916362636e-06
20 3.0529775451214e-06
20 3.118613069647302e-06
20 3.114546614778497e-06
20 3.116288643471224e-06
20 3.212826529543828e-06
20 3.04798470724788e-06
20 3.096419591188084e-06
20 3.078873544396474e-06
20 3.141981472808529e-06
20 3.211882575191469e-06
20 3.214344018111213e-06
20 3.196523447446622e-06
20 2.902176793939349e-06
20 3.144329612700164e-06
20 3.042147913815023e-06
21 6.416814508028484e-06
21 6.348599286466317e-06
21 6.472010015211145e-06
21 6.3357318612762e-06
21 6.46715898854988e-06
21 6.54432047050293e-06
21 6.265845001421666e-06
21 6.326161151834822e-06
21 6.374977936023722e-06
21 6.433029038756283e-06
21 6.284679474939225e-06
21 6.303797912133452e-06
21 6.524769986934693e-06
21 6.357084902951001e-06
21 6.45555189356116e-06
21 6.379731081853292e-06
21 6.464898967619879e-06
21 6.432208603312123e-06
21 6.452059242649341e-06
21 6.409948408214886e-06
21 6.41493180846281e-06
21 6.449330651088479e-06
21 6.492421939236091e-06
21 6.422362782335003e-06
21 6.508892067044458e-06
21 6.30970790167783e-06
21 6.355760039230513e-06
21 6.584022804914294e-06
21 6.28274177553652e-06
21 6.33684548842729e-06
21 6.488813479272886e-06
21 6.304388559650657e-06
21 6.481835673278102e-06
21 6.440247527440729e-06
21 6.297716995846718e-06
21 6.527806825940044e-06
21 6.445987314151573e-06
21 6.582389999975638e-06
21 6.364937172532976e-06
21 6.425585524489703e-06
21 6.524572906440747e-06
21 6.29661431571677e-06
21 6.442988743643021e-06
21 6.42034145294334e-06
21 6.424222474950947e-06
21 6.406966506778786e-06
21 6.277830417526381e-06
21 6.376824826924314e-06
21 6.553434712722683e-06
21 6.410263021707908e-06
21 6.369544413565819e-06
21 6.52888080358226e-06
21 6.358598684537234e-06
21 6.454564768592105e-06
21 6.388597083962551e-06
21 6.352979298613305e-06
21 6.25228712186754e-06
21 6.389272875899348e-06
21 6.462352483802803e-06
21 6.4183829827642e-06
21 6.305482807293291e-06
21 6.179380401006588e-06
21 6.410596250608917e-06
21 6.379375964663452e-06
21 6.490809226967861e-06
21 6.443674451025586e-06
21 6.433844744735872e-06
21 6.363469845549282e-06
21 6.399255206302063e-06
21 6.389027940402044e-06
21 6.295802236552709e-06
21 6.553179718714017e-06
21 6.438587263007554e-06
21 6.571149697168199e-06
21 6.496777970814681e-06
21 6.40331118657522e-06
21 6.511855956666638e-06
21 6.279584218049032e-06
21 6.537573026663925e-06
21 6.427452817015834e-06
21 6.445961490337114e-06
21 6.354803822480195e-06
21 6.48369964933514e-06
21 6.414100776047715e-06
21 6.388773896568499e-06
21 6.318415045520499e-06
21 6.343361235564468e-06
21 6.208301064669769e-06
21 6.36538517049271e-06
21 6.488808516478288e-06
21 6.431900489174964e-06
21 6.435622650595096e-06
21 6.317607001941049e-06
21 6.393499950939385e-06
21 6.321622794923328e-06
21 6.284335892590469e-06
21 6.440968489023945e-06
21 6.15028405757525e-06
21 6.412906593758446e-06
21 6.358292620692323e-06
22 3.195029526890005e-06
22 3.17424457387702e-06
22 3.185821920881034e-06
22 3.255867619878108e-06
22 3.16342625416981e-06
22 3.074258364977451e-06
22 3.049390350862985e-06
22 3.223129538544919e-06
22 3.2132698571579e-06
22 3.289280171755139e-06
22 3.173816078227569e-06
22 3.091913224089143e-06
22 3.176463816556496e-06
22 3.252458431976127e-06
22 3.107673167906369e-06
22 3.120553550129304e-06
22 3.350366751347291e-06
22 3.125208533390781e-06
22 3.133777663020336e-06
22 3.13811841525468e-06
22 3.004962880160029e-06
22 3.149827836786581e-06
22 3.162786084052853e-06
22 3.264901945282982e-06
22 3.151810804391199e-06
22 3.192893196931958e-06
22 3.077477812268066e-06
22 3.30787845788573e-06
22 3.134956329790895e-06
22 3.072055725262737e-06
22 3.220111514140938e-06
22 3.22884048632673e-06
22 3.057926730017919e-06
22 3.259589447222243e-06
22 3.119743027916026e-06
22 3.190354758004645e-06
22 3.286149837983086e-06
22 3.200741413035757e-06
22 3.168924325297036e-06
22 3.038425786498661e-06
22 3.24633544154779e-06
22 3.27636596476248e-06
22 3.169571161063069e-06
22 3.230061134854365e-06
22 3.251806796259015e-06
22 3.274348149662627e-06
22 3.224328390627832e-06
22 3.132738384667262e-06
22 3.20326439789701e-06
22 3.172863114364122e-06
22 3.281489688735444e-06
22 3.141987155285219e-06
22 3.172347419767666e-06
22 3.170186279858367e-06
22 3.273651057714747e-06
22 3.264073315844529e-06
22 3.259921335011548e-06
22 3.087925705702547e-06
22 3.140321344082271e-06
22 3.305488829212584e-06
22 3.365679550100866e-06
22 3.282063494886202e-06
22 3.261681917184283e-06
22 3.212997064903899e-06
22 3.121240804315232e-06
22 3.285191086534907e-06
22 3.178097634242262e-06
22 3.276158867278509e-06
22 3.105398967134026e-06
22 3.155095276032425e-06
22 3.103288247257864e-06
22 3.18754080241731e-06
22 3.10382532396084e-06
22 3.245053854105833e-06
22 3.265992185990217e-06
22 3.224252863877586e-06
22 3.153783120716551e-06
22 3.192108456014041e-06
22 3.213554844023493e-06
22 3.16444551396337e-06
22 3.203790225075604e-06
22 3.12470296965377e-06
22 3.207547650466323e-06
22 3.271099275382104e-06
22 3.084540900138105e-06
22 3.294439411674393e-06
22 3.227414375234831e-06
22 3.178267283252574e-06
22 3.159754581543583e-06
22 3.130165738696146e-06
22 3.185794819239172e-06
22 3.18844604359361e-06
22 3.111050351420728e-06
22 3.110257953015966e-06
22 3.234563427794973e-06
22 3.035954699275942e-06
22 3.147459258083581e-06
22 3.214889663466759e-06
22 3.145054828810025e-06
22 3.191201853557847e-06
23 6.997393060786899e-06
23 6.888593100653214e-06
23 6.664651059384009e-06
23 6.850296370774674e-06
23 6.979798367997844e-06
23 6.829825594341773e-06
23 6.883391636706962e-06
23 7.005933680589166e-06
23 6.841694418419039e-06
23 6.741672977854389e-06
23 6.843728496858514e-06
23 7.0439428677986e-06
23 6.88878331061444e-06
23 7.00410919214406e-06
23 7.093483954539641e-06
23 7.025324764025387e-06
23 6.996407309586954e-06
23 6.799119997435103e-06
23 6.87792988351564e-06
23 6.929594048984209e-06
23 6.761260528920653e-06
23 6.893124610754858e-06
23 6.888734225421214e-06
23 6.861136162820796e-06
23 6.818966263811925e-06
23 6.840274668043395e-06
23 6.788054503635905e-06
23 6.815601603783147e-06
23 7.054989509074191e-06
23 6.898032693467628e-06
23 6.798723181719443e-06
23 6.892122556396726e-06
23 6.827758476871052e-06
23 7.09481399260941e-06
23 6.813963464687119e-06
23 6.893132918711444e-06
23 6.739005167230956e-06
23 6.94786344177627e-06
23 7.048164109578079e-06
23 6.932505010310617e-06
23 6.862749086436428e-06
23 6.904008283396019e-06
23 6.852719718134506e-06
23 6.676509460860814e-06
23 6.874726334329059e-06
23 7.002834864643142e-06
23 6.873892162854141e-06
23 6.845549695662827e-06
23 6.825006316736451e-06
23 6.871772176302174e-06
23 6.850193719616693e-06
23 6.805068967764762e-06
23 6.930415441761778e-06
23 6.898406305087229e-06
23 6.946329063541497e-06
23 6.866110176564468e-06
23 6.867697794765302e-06
23 6.943736997400977e-06
23 6.70187355893017e-06
23 7.000238182095481e-06
23 6.980171072518762e-06
23 6.583714239893794e-06
23 7.050768347240623e-06
23 6.938490747871367e-06
23 6.874051415817428e-06
23 6.699165313137458e-06
23 6.750871239184228e-06
23 7.013818627212258e-06
23 6.858334428490715e-06
23 6.893013949790208e-06
23 6.844269875747573e-06
23 7.026318153563867e-06
23 6.903488123407674e-06
23 6.885092054320878e-06
23 6.914432841417446e-06
23 6.815189068585551e-06
23 6.822349877997263e-06
23 6.853636389798632e-06
23 7.006772762370768e-06
23 6.840378992203657e-06
23 6.943697086527282e-06
23 6.747626602372801e-06
23 6.839794032968948e-06
23 7.162710861315972e-06
23 6.863978078865055e-06
23 6.946000639513497e-06
23 6.738585855955651e-06
23 6.918166424628559e-06
23 6.9714384726549e-06
23 6.836045452069051e-06
23 6.890075617799745e-06
23 7.00058930229686e-06
23 6.877374235224115e-06
23 6.805377779244478e-06
23 6.942496258576462e-06
23 6.862593293987833e-06
23 6.862985020509461e-06
23 7.043697597291294e-06
23 6.945589878544965e-06
23 6.897599434533351e-06
24 3.494788073623663e-06
24 3.407674400491609e-06
24 3.461529374477779e-06
24 3.450290403559657e-06
24 3.637558407037803e-06
24 3.373445201309067e-06
24 3.570198067317429e-06
24 3.488791278720923e-06
24 3.61566409237369e-06
24 3.48633968457416e-06
24 3.609633691472264e-06
24 3.539334298799985e-06
24 3.474539524336643e-06
24 3.574177576532244e-06
24 3.536120185168519e-06
24 3.584295910318873e-06
24 3.600192210929194e-06
24 3.417069810903441e-06
24 3.578046300539107e-06
24 3.5847845192541e-06
24 3.605832765997479e-06
24 3.442340880330033e-06
24 3.506634917307894e-06
24 3.618859694812971e-06
24 3.550717835706927e-06
24 3.534208813883914e-06
24 3.650062694238749e-06
24 3.476003642116776e-06
24 3.439451951750981e-06
24 3.565264228455485e-06
24 3.503719034063478e-06
24 3.647032929520518e-06
24 3.491909847060843e-06
24 3.471670579196702e-06
24 3.571358554584313e-06
24 3.665076362774319e-06
24 3.513920087785157e-06
24 3.662457443880802e-06
24 3.504209854386428e-06
24 3.503582786522655e-06
24 3.608273386133717e-06
24 3.640393961164443e-06
24 3.590167291026089e-06
24 3.566975999553488e-06
24 3.716300808354548e-06
24 3.626474566921414e-06
24 3.641967905016622e-06
24 3.800663213642908e-06
24 3.494851463604669e-06
24 3.556846309051618e-06
24 3.574218541443024e-06
24 3.446629891836638e-06
24 3.758790021323852e-06
24 3.635961915449594e-06
24 3.601161762460162e-06
24 3.521785130644159e-06
24 3.356033071837312e-06
24 3.468015162827703e-06
24 3.548395879285647e-06
24 3.552349317117263e-06
24 3.494028681314451e-06
24 3.699864852800999e-06
24 3.55940322396373e-06
24 3.820480911289371e-06
24 3.378874366659227e-06
24 3.46974771433878e-06
24 3.611526166443853e-06
24 3.476033940475424e-06
24 3.519215409177587e-06
24 3.559063886602596e-06
24 3.510512685246639e-06
24 3.366207739337746e-06
24 3.42406441079698e-06
24 3.381000827310239e-06
24 3.588254275695796e-06
24 3.593748862201368e-06
24 3.621122287042796e-06
24 3.535060304971744e-06
24 3.611901111046251e-06
24 3.297149131777499e-06
24 3.482392710845163e-06
24 3.62023314563588e-06
24 3.600390800488489e-06
24 3.614384067956787e-06
24 3.591674128406633e-06
24 3.503410608781021e-06
24 3.621984386680212e-06
24 3.488166083548926e-06
24 3.557729152948528e-06
24 3.626817401793697e-06
24 3.56147148327897e-06
24 3.517468604892982e-06
24 3.60936387057345e-06
24 3.511671225455538e-06
24 3.64891422163326e-06
24 3.508166972104043e-06
24 3.563532472337809e-06
24 3.452340251624616e-06
24 3.6164592402979e-06
24 3.510120118613924e-06
25 8.070452257284703e-06
25 8.028707195516433e-06
25 8.049152733749264e-06
25 8.044544262069007e-06
25 8.183982149025001e-06
25 8.184567241544101e-06
25 8.207055809461063e-06
25 8.086463729100473e-06
25 7.862466022200417e-06
25 7.952288431355397e-06
25 8.232316244061938e-06
25 8.073595965015977e-06
25 8.073189449794684e-06
25 7.94386516804026e-06
25 8.035767197093033e-06
25 8.206150233110383e-06
25 8.138820873172411e-06
25 8.133204741413495e-06
25 8.050933551199322e-06
25 8.148698050557592e-06
25 8.086580178790081e-06
25 8.21855763960409e-06
25 8.187725554412656e-06
25 8.126136451932073e-06
25 8.332061654649057e-06
25 8.234299791284149e-06
25 8.081864502001062e-06
25 8.27841712651686e-06
25 8.14979396588144e-06
25 8.209533239916217e-06
25 8.110267472659985e-06
25 7.987708774769016e-06
25 8.190263248771385e-06
25 8.066131800391544e-06
25 8.13225265644421e-06
25 8.064097227101382e-06
25 8.045779381106988e-06
25 8.041282805366878e-06
25 8.213970928841295e-06
25 7.909450273221353e-06
25 8.108720413074169e-06
25 8.288147881992422e-06
25 8.221401751863468e-06
25 8.100103864822102e-06
25 8.117283705762292e-06
25 8.143698491958746e-06
25 8.166393859765177e-06
25 7.960115812474086e-06
25 7.982160855144947e-06
25 8.188808779118521e-06
25 8.199143750954051e-06
25 8.083467824901327e-06
25 8.138557537350658e-06
25 8.116804346801826e-06
25 8.08787201724495e-06
25 8.023833024457438e-06
25 8.376457352893144e-06
25 7.970304737965588e-06
25 8.320921048029375e-06
25 7.967529447091147e-06
25 8.190795475025578e-06
25 8.164149309807663e-06
25 8.24861269369644e-06
25 8.030933673480666e-06
25 8.030491907986226e-06
25 8.093353080967959e-06
25 8.370340389675144e-06
25 8.088199331814827e-06
25 8.283175968426285e-06
25 8.234016735225315e-06
25 8.067919242638805e-06
25 8.218497751512629e-06
25 8.056294137866137e-06
25 8.147957234523978e-06
25 7.978094918970764e-06
25 7.885651069686456e-06
25 7.939092784222023e-06
25 8.225219843770446e-06
25 8.0483171275096e-06
25 8.032320836961347e-06
25 8.200943922714257e-06
25 8.102555789437557e-06
25 8.254088987006461e-06
25 8.245079582930396e-06
25 8.098939439231045e-06
25 8.057424377242719e-06
25 8.003519517888421e-06
25 8.108168378416764e-06
25 8.158667023533133e-06
25 8.059133916940848e-06
25 8.113622711247075e-06
25 8.249268538649025e-06
25 8.021954238052299e-06
25 8.134361015602761e-06
25 8.179132149194107e-06
25 8.090494895370227e-06
25 8.128080633393252e-06
25 8.139524414113218e-06
25 8.022899714200229e-06
25 7.836808574185562e-06
26 4.055299825218648e-06
26 4.037457948521442e-06
26 4.145309736325778e-06
26 4.17212124213922e-06
26 4.339933428834239e-06
26 4.185773867754667e-06
26 4.230400072611602e-06
26 4.222774660572573e-06
26 3.995154558973755e-06
26 4.048661172285875e-06
26 4.076870902870108e-06
26 4.248676545415565e-06
26 4.163920952748441e-06
26 4.048448362560909e-06
26 3.834883312083584e-06
26 4.124323694890549e-06
26 4.165549590854662e-06
26 4.131357586726339e-06
26 4.147052233412555e-06
26 4.135052495792802e-06
26 4.266639775172138e-06
26 4.155839805744818e-06
26 4.13318430376925e-06
26 4.156919437983003e-06
26 4.28256826590165e-06
26 4.099607225959439e-06
26 4.007784296763537e-06
26 4.224350422867048e-06
26 4.191065478486192e-06
26 4.212456680485759e-06
26 4.02699602250951e-06
26 4.318000482205987e-06
26 4.119976756580419e-06
26 4.296998876825808e-06
26 4.213847533139813e-06
26 4.200745943163086e-06
26 4.00792004737715e-06
26 4.120571873419014e-06
26 4.215983545654359e-06
26 4.054747675114761e-06
26 4.130333741247298e-06
26 4.1792753746692e-06
26 4.010752962360519e-06
26 4.246095545733562e-06
26 4.326502874966074e-06
26 4.275229994227422e-06
26 4.075722544276885e-06
26 4.29107710644825e-06
26 4.098152619015995e-06
26 4.099441155188803e-06
26 4.264898701259943e-06
26 3.977010292086259e-06
26 4.121037943159475e-06
26 4.164933246515745e-06
26 4.181515292987553e-06
26 4.316130543992383e-06
26 3.984618250141467e-06
26 3.951041834492123e-06
26 4.08242222876976e-06
26 4.202971310197816e-06
26 4.079220354388572e-06
26 4.125616356896651e-06
26 4.151411413767132e-06
26 4.21019494664723e-06
26 4.112394326990766e-06
26 4.097373509422274e-06
26 4.147632246764552e-06
26 3.992076948612605e-06
26 4.346736506498962e-06
26 4.023477246549588e-06
26 4.007281885726126e-06
26 4.078523749047371e-06
26 3.914721885339748e-06
26 4.106426055788673e-06
26 4.146606261426029e-06
26 4.333103739479355e-06
26 4.280932115475064e-06
26 4.200784342699799e-06
26 4.130373466554577e-06
26 4.022499231240174e-06
26 4.13820510475795e-06
26 4.132442944151267e-06
26 4.127025712223418e-06
26 4.100580854360197e-06
26 4.129905349820953e-06
26 3.972974553863746e-06
26 4.01909176307569e-06
26 4.398318720855127e-06
26 4.256952616624001e-06
26 4.233139053106488e-06
26 4.166354758497511e-06
26 4.332131842067032e-06
26 4.133393563780953e-06
26 4.12673237533338e-06
26 4.080124377930344e-06
26 4.184888136260312e-06
26 4.001733061994778e-06
26 3.966284717450666e-06
26 4.1747270261352e-06
26 4.267931416468007e-06
27 1.054135108718422e-05
27 1.045221841174907e-05
27 1.049139438828643e-05
27 1.050292417966239e-05
27 1.032346832202129e-05
27 1.021621316096523e-05
27 1.049848782329936e-05
27 1.059426667606561e-05
27 1.051137002352627e-05
27 1.034121504623567e-05
27 1.042832854795963e-05
27 1.060780464582224e-05
27 1.032165989854213e-05
27 1.043050310051324e-05
27 1.059180941347038e-05
27 1.036325774298238e-05
27 1.044460131109086e-05
27 1.052222138070067e-05
27 1.037777231216456e-05
27 1.034379160451279e-05
27 1.041399273726961e-05
27 1.047270266743257e-05
27 1.03110910071606e-05
27 1.038560945390365e-05
27 1.066722182444818e-05
27 1.014450082414919e-05
27 1.040631365255217e-05
27 1.033311559496141e-05
27 1.031663914014476e-05
27 1.006685229102343e-05
27 1.04499598299402e-05
27 1.025675993615559e-05
27 1.039958000542682e-05
27 1.057194290759266e-05
27 1.036214427704388e-05
27 1.025747832675006e-05
27 1.043891543865984e-05
27 1.055094582536407e-05
27 1.01698124740626e-05
27 1.061603656528807e-05
27 1.038200917129223e-05
27 1.031434336018359e-05
27 1.028076998885191e-05
27 1.033219749231868e-05
27 1.025496511115916e-05
27 1.034486390141869e-05
27 1.031499567561418e-05
27 1.023085174328807e-05
27 1.053776149256591e-05
27 1.052610747900249e-05
27 1.050359022437025e-05
27 1.020968530097451e-05
27 1.053946394162527e-05
27 1.03098650093537e-05
27 1.046794052890491e-05
27 1.024994632492496e-05
27 1.043570960194392e-05
27 1.039315444333242e-05
27 1.058187546612599e-05
27 1.042421914684136e-05
27 1.044627880199899e-05
27 1.063626338660967e-05
27 1.059956143455035e-05
27 1.042358980428905e-05
27 1.035014522845619e-05
27 1.055103211548914e-05
27 1.049216535655277e-05
27 1.062325245453673e-05
27 1.043621299018577e-05
27 1.05512251387511e-05
27 1.054516354028301e-05
27 1.026042527600657e-05
27 1.064756346869385e-05
27 1.042855774707553e-05
27 1.042100989880512e-05
27 1.043172622727802e-05
27 1.040397599402851e-05
27 1.045601843035383e-05
27 1.041183752425883e-05
27 1.024382912055341e-05
27 1.031806485665342e-05
27 1.035114362636984e-05
27 1.051643018856489e-05
27 1.048396328116729e-05
27 1.03020148169301e-05
27 1.045024724212489e-05
27 1.066410790126469e-05
27 1.051405271626484e-05
27 1.043500792202776e-05
27 1.01917093647297e-05
27 1.032301284784432e-05
27 1.032994872574374e-05
27 1.048722741762784e-05
27 1.051405612050626e-05
27 1.047286297879663e-05
27 1.02858703792079e-05
27 1.056897774317284e-05
27 1.053434891339114e-05
27 1.041839456393092e-05
27 1.025930568970439e-05
28 5.26088865411015e-06
28 5.031838692324088e-06
28 5.10339820614342e-06
28 5.189637391850603e-06
28 4.77685911879551e-06
28 4.91795367589822e-06
28 4.82535382627991e-06
28 4.952676818655969e-06
28 4.989816580554161e-06
28 5.019427279451187e-06
28 4.864506869769018e-06
28 4.904088816245421e-06
28 4.92765047457686e-06
28 4.943359259611121e-06
28 4.797340071904824e-06
28 4.93356930609297e-06
28 5.037564281369707e-06
28 5.180477350522654e-06
28 4.93899321513681e-06
28 4.947785543448968e-06
28 4.74883735381868e-06
28 5.007113628201104e-06
28 5.089482643087132e-06
28 5.04114086663845e-06
28 4.973361031902407e-06
28 4.939088244132572e-06
28 5.180759719366684e-06
28 4.959542430007159e-06
28 5.211269183097105e-06
28 5.071519264362373e-06
28 5.006378479048808e-06
28 5.029059682551054e-06
28 5.229614546743938e-06
28 5.288172407206469e-06
28 4.835874707511742e-06
28 5.134633352036477e-06
28 5.225073425352123e-06
28 4.856975695927418e-06
28 5.111029929439175e-06
28 4.908124293987081e-06
28 5.226470034921306e-06
28 4.969346936100898e-06
28 5.179754465205599e-06
28 5.104339987667623e-06
28 5.131391567957127e-06
28 5.057449883131298e-06
28 5.380596144791243e-06
28 5.104549173374964e-06
28 4.917124151116391e-06
28 5.237974152576189e-06
28 5.271489591939847e-06
28 5.122971289069106e-06
28 4.986341893308111e-06
28 5.00771754439383e-06
28 5.120344362655738e-06
28 5.028843744274548e-06
28 5.309269244507843e-06
28 4.964178669252338e-06
28 5.08199324451462e-06
28 5.097162756431518e-06
28 4.974337439279769e-06
28 4.673004075231648e-06
28 5.168787256202768e-06
28 5.055452831004976e-06
28 5.254768778326399e-06
28 5.225042501556693e-06
28 5.100316757796286e-06
28 4.856831214621641e-06
28 4.921231244381505e-06
28 5.072480179552625e-06
28 5.122172805156124e-06
28 5.017916474165881e-06
28 5.212154252412971e-06
28 4.854914028464697e-06
28 4.937046163295308e-06
28 4.782696378521729e-06
28 5.240586511860172e-06
28 4.912424961243595e-06
28 5.343318472218464e-06
28 5.185684286318518e-06
28 5.004080746175229e-06
28 4.948185387360603e-06
28 5.203468640773759e-06
28 4.968514828629493e-06
28 5.015899458920919e-06
28 5.089023069849634e-06
28 4.953525735220171e-06
28 4.986045706256157e-06
28 5.056072046524343e-06
28 5.059122517454307e-06
28 4.953919230039531e-06
28 4.686932445710091e-06
28 5.214251502877614e-06
28 4.860406335652036e-06
28 5.007833767208319e-06
28 5.04937131525361e-06
28 4.859073560538012e-06
28 4.977234363660959e-06
28 5.043141430634804e-06
28 5.283164181028075e-06
29 1.489709582658696e-05
29 1.465511767338438e-05
29 1.502477986378774e-05
29 1.47165177789111e-05
29 1.483827684441948e-05
29 1.483603366484946e-05
29 1.484889518537047e-05
29 1.463295967234364e-05
29 1.463443676274891e-05
29 1.486621955997566e-05
29 1.483841691355617e-05
29 1.468518508002099e-05
29 1.513095578670118e-05
29 1.481828207530526e-05
29 1.492552169169862e-05
29 1.458463399669248e-05
29 1.474852674695925e-05
29 1.485606736045978e-05
29 1.487798207894776e-05
29 1.480316556237186e-05
29 1.485365566686617e-05
29 1.486154709064437e-05
29 1.476936310036389e-05
29 1.475895661359865e-05
29 1.496111283810355e-05
29 1.489537683423842e-05
29 1.478138541166415e-05
29 1.498629932444859e-05
29 1.471570542759671e-05
29 1.481894264501575e-05
29 1.493970211785395e-05
29 1.475927177487624e-05
29 1.49392719912272e-05
29 1.475231922842933e-05
29 1.488857297909017e-05
29 1.463139069826456e-05
29 1.508057961733717e-05
29 1.455909774288105e-05
29 1.487050737117334e-05
29 1.48221148123476e-05
29 1.487478679005369e-05
29 1.483231676619655e-05
29 1.467476532973967e-05
29 1.45973134765593e-05
29 1.486908933737284e-05
29 1.509941064950179e-05
29 1.489889845455367e-05
29 1.473784831943425e-05
29 1.479146177716398e-05
29 1.469693815559373e-05
29 1.452447111660048e-05
29 1.469546267422471e-05
29 1.498134171647977e-05
29 1.493621227449259e-05
29 1.490393216161535e-05
29 1.472586263509488e-05
29 1.494149321894184e-05
29 1.490317924425931e-05
29 1.486865967686219e-05
29 1.501871343410273e-05
29 1.484169051132492e-05
29 1.48104722860775e-05
29 1.508949820630199e-05
29 1.491191349136863e-05
29 1.508288236015695e-05
29 1.467826018399595e-05
29 1.49460837759306e-05
29 1.485948792955148e-05
29 1.47393153929509e-05
29 1.463403031622276e-05
29 1.495287302199095e-05
29 1.491115193776028e-05
29 1.482551571944414e-05
29 1.472878266134e-05
29 1.468483482410928e-05
29 1.476875187202731e-05
29 1.490465580265918e-05
29 1.465893590026686e-05
29 1.476821422680929e-05
29 1.47729963791741e-05
29 1.478954289615731e-05
29 1.494462715644965e-05
29 1.473362948198347e-05
29 1.464020950841619e-05
29 1.491743175171362e-05
29 1.505183807366434e-05
29 1.50383534143629e-05
29 1.498788554271882e-05
29 1.485517336683514e-05
29 1.471914189253345e-05
29 1.474615717776547e-05
29 1.489985583991311e-05
29 1.485793324851245e-05
29 1.498382333022342e-05
29 1.476966876248925e-05
29 1.49113705958979e-05
29 1.462831101995675e-05
29 1.466780254213473e-05
29 1.493308718189807e-05
29 1.474035626702952e-05
30 6.448123392775406e-06
30 6.592947722269051e-06
30 6.462061184765572e-06
30 6.558080019152739e-06
30 6.575331170869135e-06
30 6.570899584698132e-06
30 6.24347201780535e-06
30 6.59609057773701e-06
30 6.327532861836412e-06
30 6.567198398418775e-06
30 6.570620740106703e-06
30 6.280171779651117e-06
30 6.531914874355361e-06
30 6.073545036579869e-06
30 6.520187757929379e-06
30 6.817310157801325e-06
30 6.525657353248901e-06
30 6.545834102238045e-06
30 6.551332143691035e-06
30 6.692750754676271e-06
30 6.507207730324962e-06
30 6.470252210460426e-06
30 6.553410505769696e-06
30 6.349018283089142e-06
30 6.537761239013626e-06
30 6.525827240275346e-06
30 6.938058806979171e-06
30 6.57947165193965e-06
30 6.468724887871152e-06
30 6.687263125260851e-06
30 6.892965231514129e-06
30 6.562068174370506e-06
30 6.646489280235166e-06
30 6.828366946385842e-06
30 6.629335114763603e-06
30 6.29594768978712e-06
30 6.608305310742839e-06
30 6.77292256098937e-06
30 6.431611114735986e-06
30 6.638633628107706e-06
30 6.432626426249599e-06
30 6.534807256385132e-06
30 6.659034826417185e-06
30 6.733244823089355e-06
30 6.579206698682666e-06
30 6.708583276087346e-06
30 6.809977019227341e-06
30 6.70128287694385e-06
30 6.323524685185577e-06
30 6.7791114839325e-06
30 6.785821098044984e-06
30 6.963413934742292e-06
30 6.20131037147841e-06
30 6.8173719709392e-06
30 6.493298118754473e-06
30 6.704940713794847e-06
30 6.4121646188295e-06
30 6.894816989703931e-06
30 6.896107241229128e-06
30 6.764125402412616e-06
30 6.371818476953973e-06
30 6.527000043817575e-06
30 6.349987994031221e-06
30 6.386304174910322e-06
30 6.54894638611319e-06
30 6.471955030764968e-06
30 6.671247387939626e-06
30 6.714094555613533e-06
30 6.57780761188454e-06
30 6.592784790091462e-06
30 6.479626213779656e-06
30 6.505783850389382e-06
30 6.744471356215011e-06
30 6.759332532185957e-06
30 6.678078303303509e-06
30 6.670941977188427e-06
30 6.744402416340131e-06
30 6.674415391321385e-06
30 6.340384184730152e-06
30 6.530838198682464e-06
30 6.31598019467795e-06
30 6.289534219505663e-06
30 6.396097806713634e-06
30 6.810896606411523e-06
30 6.702769649806351e-06
30 6.40637209139664e-06
30 6.671587334124162e-06
30 6.57767942306756e-06
30 6.332601287636092e-06
30 6.474328096955476e-06
30 6.950955507273925e-06
30 6.478118615850437e-06
30 6.563804425837166e-06
30 6.460986568248178e-06
30 6.758415650199447e-06
30 6.82834467606568e-06
30 6.619132061625402e-06
30 6.284281361838926e-06
30 7.143325617015944e-06
30 6.569634706811851e-06
31 2.389466621490197e-05
31 2.40388340672588e-05
31 2.403979133309522e-05
31 2.412879125670655e-05
31 2.387053556904511e-05
31 2.405273650322176e-05
31 2.39978854570861e-05
31 2.384455479549965e-05
31 2.406829157729686e-05
31 2.409364459201434e-05
31 2.409501452718777e-05
31 2.411736526514798e-05
31 2.398970968509889e-05
31 2.427231442067971e-05
31 2.421796934915256e-05
31 2.417593597899006e-05
31 2.391022906040646e-05
31 2.413938523731512e-05
31 2.39854834190041e-05
31 2.38832102711612e-05
31 2.374833006910023e-05
31 2.399565656957142e-05
31 2.404780224494683e-05
31 2.436231636521549e-05
31 2.409278672776566e-05
31 2.403669368964049e-05
31 2.405720665523531e-05
31 2.409389638582596e-05
31 2.361889532292368e-05
31 2.397452407444298e-05
31 2.393322584524604e-05
31 2.389077297930129e-05
31 2.397074840697402e-05
31 2.387630514202077e-05
31 2.418219074298381e-05
31 2.404737016534537e-05
31 2.397408057088137e-05
31 2.390340447159285e-05
31 2.408986393785827e-05
31 2.414389652371143e-05
31 2.420039731033568e-05
31 2.388059170045233e-05
31 2.447062547160407e-05
31 2.398570480308799e-05
31 2.364993845352037e-05
31 2.386940776706764e-05
31 2.406091810564489e-05
31 2.401440319548501e-05
31 2.416304338158565e-05
31 2.396873957769458e-05
31 2.416561264665738e-05
31 2.397910176813637e-05
31 2.409626271533479e-05
31 2.41605033989025e-05
31 2.405146618572441e-05
31 2.386728840103251e-05
31 2.391330409457674e-05
31 2.400269830015371e-05
31 2.41070911261746e-05
31 2.406175887611816e-05
31 2.412010550471598e-05
31 2.398213502497569e-05
31 2.397943250439393e-05
31 2.407257518525956e-05
31 2.408348761279407e-05
31 2.398796967620062e-05
31 2.373956445248738e-05
31 2.418728589897906e-05
31 2.421546532973897e-05
31 2.391390728810784e-05
31 2.40392063216364e-05
31 2.387895313862139e-05
31 2.406009053016421e-05
31 2.412636674427775e-05
31 2.401191723038118e-05
31 2.408600703887895e-05
31 2.403172429291322e-05
31 2.410531702541528e-05
31 2.383643486907748e-05
31 2.406751161280572e-05
31 2.393475175184912e-05
31 2.406263878889498e-05
31 2.380172526565636e-05
31 2.423752551774201e-05
31 2.416721748705599e-05
31 2.379336379304401e-05
31 2.421454885099984e-05
31 2.388486262676983e-05
31 2.391668637135776e-05
31 2.388300091580159e-05
31 2.372882418653519e-05
31 2.416132492083055e-05
31 2.399720297117365e-05
31 2.380381659163781e-05
31 2.391378251246402e-05
31 2.401305838865268e-05
31 2.40966564373439e-05
31 2.400365033028723e-05
31 2.38934259333187e-05
31 2.382469470755707e-05
32 1.023937153186171e-05
32 1.041206447915743e-05
32 1.008731395749077e-05
32 1.050793464172823e-05
32 1.011581994381027e-05
32 1.009011628658972e-05
32 1.02319875398146e-05
32 1.006023244089697e-05
32 9.998896525205397e-06
32 1.030786846430403e-05
32 1.04063225004766e-05
32 9.946599244450423e-06
32 1.014903635482031e-05
32 1.035912042400542e-05
32 1.006359228709213e-05
32 1.016933640880494e-05
32 1.014599137267941e-05
32 9.658651627363321e-06
32 1.030174905260296e-05
32 9.884266478404474e-06
32 9.766787868483349e-06
32 9.901445874917598e-06
32 1.01766387232982e-05
32 9.678072259580053e-06
32 1.032338519040107e-05
32 9.916328781340833e-06
32 9.499718437335692e-06
32 1.011683609078289e-05
32 9.630609967275842e-06
32 1.006518116423067e-05
32 1.019802839777333e-05
32 1.012828902574498e-05
32 9.76162749195622e-06
32 1.008346747989358e-05
32 1.023875526821378e-05
32 1.004165400067323e-05
32 1.040031036214327e-05
32 1.020555474764074e-05
32 1.016924757568879e-05
32 1.00809860147393e-05
32 1.038298599889484e-05
32 9.636138458380357e-06
32 1.003680201863887e-05
32 1.011747890945442e-05
32 9.823938030648217e-06
32 1.017936248107696e-05
32 1.003074230061963e-05
32 1.030434193743186e-05
32 1.039690859793578e-05
32 1.033328515602215e-05
32 1.071098090231856e-05
32 1.028431945283106e-05
32 9.974031342395085e-06
32 1.022284194147576e-05
32 1.008271878427979e-05
32 9.998318436954043e-06
32 9.979615539294605e-06
32 9.686104436014585e-06
32 9.894231045156704e-06
32 1.004983094984114e-05
32 9.825306867867114e-06
32 9.984540347689609e-06
32 9.810516287998622e-06
32 9.946400300009731e-06
32 1.01598618011696e-05
32 1.015958722706624e-05
32 1.000414735269844e-05
32 1.022040535848282e-05
32 1.053793609861315e-05
32 9.739018685988179e-06
32 1.032224834108101e-05
32 1.016690549323222e-05
32 1.018779147099563e-05
32 1.002990500239055e-05
32 1.005901665832094e-05
32 9.977309692315392e-06
32 1.035803797169971e-05
32 1.025020123229822e-05
32 1.012810388424551e-05
32 1.013922723664585e-05
32 1.002391049510075e-05
32 1.023499572393643e-05
32 1.011444306123966e-05
32 1.037184396410938e-05
32 1.037164778778769e-05
32 1.023126505393235e-05
32 9.735129217438769e-06
32 1.015540820033011e-05
32 1.01005296281833e-05
32 1.035919799748977e-05
32 1.006520886032674e-05
32 1.013662546933465e-05
32 1.025153361184729e-05
32 1.017436866835268e-05
32 9.747714867017847e-06
32 9.888392669562929e-06
32 9.644588363958289e-06
32 1.002920633465356e-05
32 1.021806260629609e-05
32 1.031982734949873e-05
33 4.738379848673283e-05
33 4.750531703037137e-05
33 4.692553646524645e-05
33 4.805860841782225e-05
33 4.752589916450201e-05
33 4.73530487873139e-05
33 4.757332642556103e-05
33 4.749891060569805e-05
33 4.766880715611257e-05
33 4.767780659071692e-05
33 4.73218134417502e-05
33 4.749841615296553e-05
33 4.762904940525223e-05
33 4.785929624939023e-05
33 4.757028144330826e-05
33 4.726345629096767e-05
33 4.722450515899265e-05
33 4.795625712339563e-05
33 4.763032612181132e-05
33 4.762970082968763e-05
33 4.767909274052634e-05
33 4.7401638643316e-05
33 4.746668657730882e-05
33 4.755956045163958e-05
33 4.751009200320908e-05
33 4.774579234758344e-05
33 4.739742527303758e-05
33 4.732810982906276e-05
33 4.774830035554566e-05
33 4.744375381252322e-05
33 4.790984414130256e-05
33 4.755030116624181e-05
33 4.773608027219704e-05
33 4.746934524788528e-05
33 4.692872556126132e-05
33 4.814246704060879e-05
33 4.772976541906812e-05
33 4.810986913824839e-05
33 4.767910683951706e-05
33 4.790337788646154e-05
33 4.822240114375473e-05
33 4.764595888267415e-05
33 4.738696599099113e-05
33 4.770641764725085e-05
33 4.741585840856257e-05
33 4.811294307387126e-05
33 4.743749851115904e-05
33 4.78172576716608e-05
33 4.740109164040496e-05
33 4.792210582509166e-05
33 4.763474506077013e-05
33 4.76527594649299e-05
33 4.758029767534748e-05
33 4.806193206823778e-05
33 4.780000224488454e-05
33 4.770856352338882e-05
33 4.752337454167127e-05
33 4.776076687505271e-05
33 4.769724520051963e-05
33 4.734127757041637e-05
33 4.757152668461405e-05
33 4.775251817768701e-05
33 4.744725873317756e-05
33 4.719346205375629e-05
33 4.757474112708218e-05
33 4.725679866022006e-05
33 4.757325630279878e-05
33 4.8141464052887e-05
33 4.810932906004431e-05
33 4.752608007167545e-05
33 4.783226202469567e-05
33 4.741376971154111e-05
33 4.806929166185487e-05
33 4.770853574670879e-05
33 4.757545756033457e-05
33 4.778683394170086e-05
33 4.732995896511976e-05
33 4.775331398402214e-05
33 4.750959713399296e-05
33 4.76192969137498e-05
33 4.740760166120532e-05
33 4.767346213165305e-05
33 4.729480353997567e-05
33 4.761364666983383e-05
33 4.748541982057967e-05
33 4.791442935420008e-05
33 4.791801661199215e-05
33 4.795314969317753e-05
33 4.736380935285538e-05
33 4.751913588506272e-05
33 4.790224007635057e-05
33 4.744154990024783e-05
33 4.767445999936079e-05
33 4.767243361261051e-05
33 4.756907704517359e-05
33 4.773805297803298e-05
33 4.777406079862151e-05
33 4.760691447788585e-05
33 4.741173208263424e-05
33 4.784945562947554e-05
34 2.187117347140655e-05
34 2.143814227040571e-05
34 2.162837159746057e-05
34 2.166658185791228e-05
34 2.187330659289236e-05
34 2.202384098474669e-05
34 2.178521694432388e-05
34 2.142818966935002e-05
34 2.197534297360188e-05
34 2.166564229205839e-05
34 2.208235445960837e-05
34 2.177122869462939e-05
34 2.215730781549743e-05
34 2.207983895899808e-05
34 2.153608581199932e-05
34 2.179218724672891e-05
34 2.144420142804546e-05
34 2.181226078225392e-05
34 2.197501171433077e-05
34 2.149603487726563e-05
34 2.216602030812246e-05
34 2.189090100734502e-05
34 2.158018526786974e-05
34 2.17127054797428e-05
34 2.1803442515359e-05
34 2.165133134700533e-05
34 2.185092856512119e-05
34 2.179297384061166e-05
34 2.2229833152565e-05
34 2.160406286785897e-05
34 2.149352907366738e-05
34 2.182883661917664e-05
34 2.155376715626562e-05
34 2.16342172908229e-05
34 2.165430607231707e-05
34 2.225640568724017e-05
34 2.166172215708292e-05
34 2.137382474168993e-05
34 2.143936976216146e-05
34 2.167966965524256e-05
34 2.180264677559652e-05
34 2.157426159283769e-05
34 2.147559021448065e-05
34 2.181278183240855e-05
34 2.160325819652e-05
34 2.202009185670059e-05
34 2.178657467432533e-05
34 2.078107166528025e-05
34 2.147003977806013e-05
34 2.175282965488018e-05
34 2.148003212657853e-05
34 2.207688239079705e-05
34 2.209900139348849e-05
34 2.144463840653776e-05
34 2.170568150330816e-05
34 2.192757504093729e-05
34 2.207490434330082e-05
34 2.120594934665112e-05
34 2.192020570528535e-05
34 2.18553917395019e-05
34 2.177048273232685e-05
34 2.196424887389175e-05
34 2.173485796144285e-05
34 2.167252841743637e-05
34 2.153504130432526e-05
34 2.126974386105124e-05
34 2.180302622809898e-05
34 2.197750239568546e-05
34 2.167506595376282e-05
34 2.185874873364806e-05
34 2.153681565211499e-05
34 2.18066527380802e-05
34 2.119153003116683e-05
34 2.194260257008028e-05
34 2.178997307633501e-05
34 2.142818232066637e-05
34 2.136181580928438e-05
34 2.182609329660389e-05
34 2.130951203201239e-05
34 2.168160631034914e-05
34 2.161808632565391e-05
34 2.176247140947141e-05
34 2.190914274687179e-05
34 2.166312566259618e-05
34 2.220133172953685e-05
34 2.158294158432633e-05
34 2.147519050290289e-05
34 2.220086497245978e-05
34 2.112972830744295e-05
34 2.114596586761742e-05
34 2.106277501211959e-05
34 2.198661284832069e-05
34 2.218424911919155e-05
34 2.15992261821801e-05
34 2.220139115442426e-05
34 2.1170533531454e-05
34 2.160624121017133e-05
34 2.13728924766733e-05
34 2.211019016551142e-05
34 2.172088268450691e-05
35 0.000129420688863222
35 0.0001290196685393708
35 0.000129054874674636
35 0.0001294419545665732
35 0.0001293527257142124
35 0.0001289073713744021
35 0.0001288933166783459
35 0.0001291668263561801
35 0.0001287529943106521
35 0.0001288786075273181
35 0.0001296375396400146
35 0.0001292703595236584
35 0.0001290589009826262
35 0.0001291823630196887
35 0.0001290875232043524
35 0.0001290641469528827
35 0.0001290643503612392
35 0.000129198841660872
35 0.0001293063912313627
35 0.0001287573149098575
35 0.0001290306676033693
35 0.0001294096658475096
35 0.0001290855521666497
35 0.0001290799285259358
35 0.0001291621601052227
35 0.0001293003535133675
35 0.0001289836466357979
35 0.0001298457007185932
35 0.0001288639273362083
35 0.0001285915020145703
35 0.0001291638972689476
35 0.0001292560234334368
35 0.0001293253824127555
35 0.0001291303960389471
35 0.0001290401231156461
35 0.0001291877614488614
35 0.0001293387432324829
35 0.0001290390358804043
35 0.0001291635824769058
35 0.0001285731127875933
35 0.0001289450202566382
35 0.0001294105824133255
35 0.0001290815583444093
35 0.0001292517016553049
35 0.0001290311998066855
35 0.0001288637862062337
35 0.0001290108304643835
35 0.0001287673770569815
35 0.0001290379487848797
35 0.0001292227573300821
35 0.0001288698510656752
35 0.0001287108342076426
35 0.0001286093440058332
35 0.0001289132985238437
35 0.0001291442849624829
35 0.0001289402464728306
35 0.0001287251567671418
35 0.0001289752500819894
35 0.0001290828820221307
35 0.0001294391898169425
35 0.0001291285895391156
35 0.0001294143140057042
35 0.0001291318938568278
35 0.000128625416605453
35 0.0001291162773852703
35 0.0001287326463435017
35 0.0001294683232825658
35 0.0001287869232964053
35 0.0001291839610991922
35 0.0001293853179186058
35 0.0001293169638923689
35 0.0001293468061768946
35 0.0001291605276886941
35 0.0001295184182734359
35 0.0001294480587615512
35 0.0001289458185691619
35 0.0001289915631219777
35 0.0001294478144212632
35 0.0001290323807407343
35 0.000129407407422205
35 0.0001285769058930071
35 0.0001288321575253831
35 0.0001292030639661349
35 0.0001292733330483605
35 0.000128974342706568
35 0.0001285835852511424
35 0.000128940464143586
35 0.0001297084061467314
35 0.0001291462350895796
35 0.0001291838008010677
35 0.0001292394020169448
35 0.0001295287480450633
35 0.000129394116154368
35 0.0001289531861196824
35 0.0001285742202476418
35 0.0001297555377546846
35 0.0001288904023255057
35 0.0001287470013610983
35 0.0001290099040304926
35 0.0001296544147568598
36 7.996699972701902e-05
36 8.033786419320598e-05
36 8.067242515661208e-05
36 8.059721251336536e-05
36 8.039088489195451e-05
36 8.054813367158475e-05
36 8.002901913201479e-05
36 8.035127766878891e-05
36 7.985011594991013e-05
36 8.039263019832889e-05
36 8.17930676483159e-05
36 8.027610005314445e-05
36 8.032954989620892e-05
36 7.993437250842362e-05
36 7.983385419457506e-05
36 7.954921261225303e-05
36 8.029001806533379e-05
36 8.054392526705277e-05
36 8.056234849046288e-05
36 8.027902945884312e-05
36 7.987728308773945e-05
36 8.000529247118172e-05
36 7.988487907308497e-05
36 8.008863857933469e-05
36 8.039636396191624e-05
36 8.061141342718207e-05
36 8.075793494684458e-05
36 8.016919778571788e-05
36 7.999176184456162e-05
36 8.034194800284733e-05
36 8.106764639468194e-05
36 8.005674745513171e-05
36 8.053703670981588e-05
36 8.110970857105595e-05
36 8.023284845758506e-05
36 8.021185762953923e-05
36 7.970217469390844e-05
36 8.041389612288654e-05
36 8.047128712763412e-05
36 8.109357099470662e-05
36 7.997892018714927e-05
36 8.078398451249962e-05
36 8.027965855394803e-05
36 7.968013980020157e-05
36 8.070875471432693e-05
36 8.019635003372719e-05
36 8.06842874300706e-05
36 8.081879230480392e-05
36 7.994365382933281e-05
36 8.007592516655646e-05
36 8.073574773510195e-05
36 8.016002649236469e-05
36 8.029168052128726e-05
36 8.050653089467962e-05
36 8.020547987240414e-05
36 7.972328755639029e-05
36 8.000118109849243e-05
36 7.99332795316129e-05
36 8.0261932250002e-05
36 8.034259597565078e-05
36 7.977225112487555e-05
36 8.038387833616841e-05
36 8.032095860918328e-05
36 8.043436709575111e-05
36 8.04138128447579e-05
36 8.028129611265965e-05
36 8.097331653096444e-05
36 8.032017866809478e-05
36 8.109315194575152e-05
36 8.0977955229384e-05
36 7.973324836504289e-05
36 7.94393354436596e-05
36 8.036244002105705e-05
36 7.960057923973207e-05
36 8.117088094623088e-05
36 8.023551726600977e-05
36 8.077843905075185e-05
36 8.000295677027485e-05
36 8.08411423021435e-05
36 7.983661589857769e-05
36 8.017752516382115e-05
36 8.118570637531103e-05
36 8.117530321265762e-05
36 8.10694775611747e-05
36 8.013627484206279e-05
36 8.046497333649236e-05
36 8.045492339083789e-05
36 7.931025129256791e-05
36 7.968867321663747e-05
36 8.083266866383937e-05
36 8.048518329539208e-05
36 8.061312072586768e-05
36 8.135427117121714e-05
36 7.964269286476549e-05
36 8.00862142147205e-05
36 8.022653302571171e-05
36 8.100295743607036e-05
36 8.050422046759541e-05
36 8.122877219620465e-05
36 8.038215093986557e-05
37 0.0006286595668237154
37 0.0006293309114616392
37 0.0006294439230208217
37 0.0006286697221635396
37 0.0006288243828322115
37 0.0006303679137412181
37 0.000629757321069577
37 0.0006299306873924926
37 0.0006285522319634742
37 0.0006296733845838914
37 0.0006291120932130095
37 0.000629256389474427
37 0.0006299864352486373
37 0.0006294355540453595
37 0.0006280080800940554
37 0.000630025162357633
37 0.0006295816056173375
37 0.0006296464138102321
37 0.000628779424286727
37 0.0006293714640995173
37 0.0006299318567124276
37 0.000628808644351813
37 0.0006300848182872641
37 0.0006287034895541905
37 0.0006299358953249556
37 0.0006297082916820059
37 0.0006293868678844706
37 0.0006298065162755551
37 0.0006283091694487654
37 0.0006297325417218879
37 0.0006290417735089138
37 0.000630213808039411
37 0.0006297302957748617
37 0.0006299591244232247
37 0.0006292181796621705
37 0.0006293402516456133
37 0.0006285441424961138
37 0.0006294006645166659
37 0.0006291246389374709
37 0.0006297596003296777
37 0.0006291288999388323
37 0.0006289281119216488
37 0.0006302971859485871
37 0.0006297762663201124
37 0.0006298359309575647
37 0.0006288960240353294
37 0.0006299332421887883
37 0.0006294486997106806
37 0.0006301831291704343
37 0.0006286965700324473
37 0.0006294540040380476
37 0.0006293334333417067
37 0.0006301004790795286
37 0.0006296639024074607
37 0.0006304880261623778
37 0.00062879435054959
37 0.000629862985407312
37 0.0006285782660365641
37 0.0006298480914542019
37 0.0006291699658372581
37 0.0006298709708177963
37 0.0006301338834224945
37 0.0006291866634881781
37 0.0006299950350939645
37 0.0006295849498121759
37 0.0006282935426692478
37 0.0006288514490722219
37 0.0006304142545461405
37 0.0006296893704896972
37 0.0006302034640445104
37 0.0006287791501537672
37 0.0006296492064006159
37 0.0006290829638791123
37 0.0006290249726328374
37 0.000629609209112351
37 0.0006301580310178637
37 0.000629400504662826
37 0.0006299308591901584
37 0.0006286800087220785
37 0.0006302225640456536
37 0.0006303394786837585
37 0.0006281010519170891
37 0.0006288502281106042
37 0.0006288830698519822
37 0.0006289432938554085
37 0.0006295209418338682
37 0.0006287817474326367
37 0.0006301089795449748
37 0.0006285455507608509
37 0.0006294904712455035
37 0.0006304707364893894
37 0.0006292929649868865
37 0.000629402728391103
37 0.0006295354096840394
37 0.0006295718957547827
37 0.0006291905942685633
37 0.0006294105720163274
37 0.0006297291844428025
37 0.0006293010304074737
37 0.0006287707697629243
38 0.0006959926283163943
38 0.0006973796220504447
38 0.0006970186030768079
38 0.000696746978319785
38 0.0006972113410960156
38 0.000697403247489323
38 0.0006990125952231419
38 0.0006981639907889579
38 0.0006964676472609053
38 0.0006979610352664789
38 0.0006981408437801974
38 0.0006981198606030075
38 0.0006965601660896514
38 0.000696906646560429
38 0.000695738115887517
38 0.000696361388435771
38 0.000697685432943443
38 0.0006970308481993939
38 0.0006962766011725058
38 0.0006951846820111746
38 0.0006966537982223076
38 0.0006958761775575517
38 0.0006968966079792732
38 0.0006972137780078194
38 0.0006984224780141289
38 0.0006962003063887448
38 0.0006984231070786803
38 0.0006979250704345249
38 0.0006953291225227958
38 0.0006966376852323126
38 0.0006976876031585262
38 0.0006983508257913341
38 0.0006970741716141002
38 0.0006975128276167734
38 0.0006973749146513574
38 0.0006974861631583123
38 0.0006973048375918391
38 0.0006971403096459972
38 0.0006974379300780969
38 0.0006959064929050103
38 0.0006958658105713289
38 0.0006954414177848812
38 0.0006977391262281019
38 0.0006973641426577453
38 0.0006976088883497915
38 0.0006981676223035692
38 0.0006972360190296652
38 0.0006965669048662702
38 0.0006966571817168189
38 0.000696745700920965
38 0.0006966680194675625
38 0.0006969963233851716
38 0.0006973406358121242
38 0.0006977678750796751
38 0.0006970505796076198
38 0.0006969985609391552
38 0.0006965359021796202
38 0.000696633796528642
38 0.0006972770606155995
38 0.0006966751336860141
38 0.0006973230332179272
38 0.0006970021410815892
38 0.000696470361817292
38 0.0006971478778592769
38 0.0006973598386236968
38 0.0006968102961203964
38 0.0006977876515634873
38 0.0006959580445400137
38 0.0006971742169638905
38 0.0006984547527770698
38 0.0006969486393430982
38 0.0006972577697768717
38 0.0006957321119918921
38 0.0006975683136478508
38 0.0006968249051019132
38 0.0006969511465880312
38 0.0006970922652640155
38 0.0006978016169202211
38 0.0006969665994538611
38 0.0006980533600761157
38 0.0006952859244289409
38 0.0006973268245741247
38 0.0006975773853710392
38 0.0006978695551987385
38 0.0006974298381672097
38 0.0006958054459786637
38 0.0006977125225327994
38 0.0006977451223754206
38 0.0006961671274505157
38 0.0006963910206954225
38 0.0006980968119207523
38 0.0006972444734036936
38 0.0006976915163930909
38 0.0006972131072095115
38 0.0006973482543860049
38 0.000697345376654735
38 0.0006966843662158785
38 0.0006956869353029986
38 0.0006972771627506632
38 0.0006961779966870186
39 0.009146525216131533
39 0.009148945955145267
39 0.009147239991360225
39 0.009147985798592597
39 0.009147073353520589
39 0.009150214112443098
39 0.009147437961896845
39 0.009149102501130752
39 0.009148038239048282
39 0.009148537143340685
39 0.009147352749832428
39 0.009151156790112009
39 0.009148574124788087
39 0.009148593830373016
39 0.00914872094780275
39 0.009147504205068039
39 0.009147200532183005
39 0.009147966969959616
39 0.00914779872343526
39 0.009148863990928455
39 0.009150554762089343
39 0.009145746455035805
39 0.009147278893330066
39 0.009149467145350968
39 0.009150181759679405
39 0.009147914865960748
39 0.009148086298766385
39 0.009146525158635874
39 0.009148695598992057
39 0.009149549506184707
39 0.009150404751528491
39 0.009146444678824433
39 0.009146333789519021
39 0.009148307957000481
39 0.009149623491951876
39 0.009145515377202588
39 0.009146951418187531
39 0.009147859143503468
39 0.009148717422466783
39 0.009146421888076303
39 0.009149280524963592
39 0.009149820325217395
39 0.00914812616693845
39 0.009146114810777483
39 0.009149622261721413
39 0.009148802972097266
39 0.009150077952192417
39 0.009146795286120271
39 0.009145359636939738
39 0.009149411237659206
39 0.009150350132795808
39 0.009147376917585495
39 0.00914554927934459
39 0.009147919749398915
39 0.009147709958456587
39 0.009148403534718778
39 0.009148096976802997
39 0.009146868504240394
39 0.00914816094967461
39 0.009147956600848423
39 0.00914573195659568
39 0.00915216524938266
39 0.009148090194447158
39 0.009147560305392419
39 0.009147672541657312
39 0.009147826155067193
39 0.009148767490402793
39 0.009146865802634207
39 0.009148400911287533
39 0.009148794418777979
39 0.009150570029792112
39 0.009146270576464618
39 0.009146797271600997
39 0.009146237612326413
39 0.009145595368306391
39 0.009147930190554702
39 0.009146958784612489
39 0.009150708187120861
39 0.009148243426986053
39 0.009147141937711341
39 0.009146234709484552
39 0.009149560736692602
39 0.009145792667654697
39 0.009148571912060029
39 0.009149848131691683
39 0.009148749104323805
39 0.009147904546937965
39 0.00914542578464566
39 0.009146698185880444
39 0.009148191403860015
39 0.009149117377847106
39 0.009149310591088051
39 0.009149895526238234
39 0.009149213203851264
39 0.009148019977704682
39 0.009147643571719734
39 0.009149279686452393
39 0.009148503502117175
39 0.009149843716459488
39 0.009149605823094751
