0 0.0004136358474031432 1.151076883774139e-06
1 0.0009750954669084297 9.034284307833361e-07
2 -4.850041972462627e-05 6.349987582171603e-07
3 0.0002604801345804964 6.151692640615508e-07
4 -1.678315751758744e-05 4.794859138141387e-07
5 0.000130603235401614 4.703626139180694e-07
6 -7.765075376144805e-06 3.659515036959782e-07
7 8.816105841783644e-05 4.623850264180384e-07
8 -5.494838285196712e-06 4.16252077601467e-07
9 7.353803972532338e-05 4.214997623631435e-07
10 -5.16022028735395e-06 3.955971699387544e-07
11 7.369582911468818e-05 4.471513791994683e-07
12 -6.006881688168604e-06 3.768429816010619e-07
13 8.829625013935717e-05 4.358805459460538e-07
14 -8.667433357657812e-06 4.36140076093191e-07
15 0.0001304987801507773 4.780314763195887e-07
16 -1.742253621411082e-05 5.134194900010302e-07
17 0.000260411986955112 5.689206742241268e-07
18 -4.799103416371458e-05 6.714573692119845e-07
19 0.0009759412510245487 9.032790973528987e-07
