0 0.0006854029164872533 4.463752870772098e-07
1 0.0006465840210810593 2.847021069109528e-07
2 5.206876949169802e-05 1.850175615590186e-07
3 7.651011166757521e-05 1.808358865116311e-07
4 9.922748579004552e-06 1.39633199357086e-07
5 2.302087034358856e-05 1.492636335903592e-07
6 3.255426085968297e-06 1.198103850269168e-07
7 1.199477440194763e-05 1.261947292213641e-07
8 1.24679158373604e-06 1.01803487943047e-07
9 8.985032838958332e-06 1.142867284584081e-07
10 8.76564524186282e-07 1.061105740659524e-07
11 9.094920737151884e-06 1.152796009431193e-07
12 1.210303371224172e-06 1.07334843199256e-07
13 1.216350627683647e-05 1.340885671461417e-07
14 3.259307452806865e-06 1.026220925116084e-07
15 2.323797752591296e-05 1.483901515407669e-07
16 1.005162580664745e-05 1.576426149218903e-07
17 7.682013290649112e-05 1.474531626486978e-07
18 5.219016365920072e-05 1.865092094441957e-07
19 0.0006472527250337103 2.985571277925329e-07
