0 -0.0008181052332544775
0 -0.0008186292551562118
0 -0.0008187022345680625
0 -0.0008196199375223301
0 -0.0008183350373818199
0 -0.0008201463391437716
0 -0.0008187496836170257
0 -0.000818465835771114
0 -0.0008182931790668329
0 -0.0008184341289808966
0 -0.0008188679251977215
0 -0.000818009395317829
0 -0.0008191123173596287
0 -0.0008175541588634312
0 -0.0008180156096481419
0 -0.0008182622910069243
0 -0.000819045481396029
0 -0.0008188498195913001
0 -0.0008189149233657463
0 -0.0008183127904407665
0 -0.0008183044446259278
0 -0.0008191874627817267
0 -0.0008196321185148798
0 -0.0008192485458903695
0 -0.0008188797031779732
0 -0.0008181147850446232
0 -0.0008183692275535436
0 -0.0008174685143436454
0 -0.0008176976023768599
0 -0.0008185270104241009
0 -0.0008195452132036371
0 -0.0008195971889966398
0 -0.0008198382976713023
0 -0.0008190653276205509
0 -0.0008186865950495729
0 -0.000819428442743767
0 -0.000818621878815249
0 -0.0008189558157637762
0 -0.0008181451627226254
0 -0.0008182567202363573
0 -0.0008179082346438347
0 -0.0008188828823052811
0 -0.0008168186957962246
0 -0.0008181154845286831
0 -0.0008182477900575655
0 -0.0008192105675529098
0 -0.0008188304903941973
0 -0.0008181344578331209
0 -0.0008186796405222263
0 -0.0008185103401221265
0 -0.0008186792119448761
0 -0.000818173791258781
0 -0.0008193071328982393
0 -0.0008177207732403236
0 -0.00081851460956245
0 -0.0008180313072936768
0 -0.0008186731289947265
0 -0.000817889643253603
0 -0.00081943196871007
0 -0.0008179980993387962
0 -0.0008195857004566792
0 -0.000817689059954427
0 -0.0008182433769863972
0 -0.0008202556015279032
0 -0.0008186464525287518
0 -0.0008199292752228837
0 -0.0008184993736586932
0 -0.0008179457455249922
0 -0.0008188701472025911
0 -0.0008187469698547941
0 -0.0008184024841760333
0 -0.0008177675060930801
0 -0.000817793078387574
0 -0.0008173892485680839
0 -0.0008182531470052476
0 -0.000819812191596359
0 -0.0008190527084835041
0 -0.0008176694025779214
0 -0.000817601180608896
0 -0.0008180443935390598
0 -0.0008189367098379538
0 -0.0008178864498989283
0 -0.0008192149572444932
0 -0.0008187466162166723
0 -0.000817843851752844
0 -0.0008178292149458738
0 -0.0008185320618622249
0 -0.0008192009521858477
0 -0.0008186542768708455
0 -0.0008192657688458989
0 -0.0008196261306752141
0 -0.0008182559283265066
0 -0.0008191962311178363
0 -0.000818523386906459
0 -0.0008174727539936704
0 -0.0008195351571440678
0 -0.0008185895441761097
0 -0.0008185875469282717
0 -0.0008182510719985922
0 -0.0008195071529249804
1 0.0001112053753314032
1 0.0001110844799576524
1 0.000111247133550714
1 0.0001115722543170745
1 0.0001110574939791216
1 0.0001117101626507918
1 0.0001119016065861584
1 0.0001110410572761151
1 0.000111984377860196
1 0.0001113505890543824
1 0.0001116403015551194
1 0.0001118655840021512
1 0.0001119782530724888
1 0.000111430994202306
1 0.0001125517457387986
1 0.000111323790692091
1 0.0001124027618955985
1 0.0001123123956852772
1 0.000110774052612494
1 0.0001101908158968995
1 0.0001126113872283951
1 0.0001113696686941343
1 0.000111930562329525
1 0.000112439957745043
1 0.0001114554718399336
1 0.000111895560933407
1 0.000110804862623115
1 0.0001114675482056879
1 0.0001128600189092413
1 0.0001112105756397925
1 0.0001115624761150429
1 0.0001110432475157125
1 0.0001121201887500457
1 0.0001118701710088195
1 0.0001115853366183037
1 0.0001117466455024826
1 0.0001111940628570785
1 0.0001127218708655152
1 0.0001116870787186214
1 0.0001119082694005896
1 0.0001123858645445722
1 0.0001117967181676299
1 0.0001114943790362628
1 0.0001116514405999874
1 0.0001120847728180919
1 0.0001113317029572879
1 0.0001114035551251832
1 0.0001114021962538818
1 0.0001124694678854776
1 0.0001115462493368504
1 0.0001115679897730595
1 0.0001125898564071146
1 0.0001117638955310826
1 0.0001112648219067644
1 0.0001121278157580496
1 0.0001110162495753325
1 0.0001115810992571337
1 0.0001113798023398949
1 0.0001114035321654729
1 0.0001121855255154532
1 0.000111622203111368
1 0.0001120905302634219
1 0.000110905828468019
1 0.0001115723526727847
1 0.0001105172256695091
1 0.0001114761507360097
1 0.000112257755396705
1 0.0001113990519899082
1 0.0001119130314064912
1 0.0001121491922110617
1 0.0001120877417560823
1 0.0001114514670148508
1 0.0001117129375057685
1 0.0001119309547210822
1 0.000111589726303763
1 0.0001119685234112926
1 0.0001117687801930628
1 0.000111838840045022
1 0.0001124912149627958
1 0.000110841089618093
1 0.0001116149654571574
1 0.0001113419183497605
1 0.0001123687137252751
1 0.0001115248039134718
1 0.0001124512652351273
1 0.0001111642573467454
1 0.0001109777939919915
1 0.0001113194369798092
1 0.0001122178568903672
1 0.0001112014772847467
1 0.000112130591321827
1 0.0001119027830601931
1 0.0001116809901369339
1 0.0001110647558999347
1 0.0001123686958137802
1 0.0001120276836414398
1 0.0001119315715187321
1 0.0001125952248139064
1 0.00011216455124641
1 0.0001116463409476752
2 -1.918694768279601e-05
2 -1.96070495791219e-05
2 -1.937245454967412e-05
2 -1.866300253793876e-05
2 -1.888678633926969e-05
2 -1.874525358168001e-05
2 -1.902381956847382e-05
2 -1.89892942188871e-05
2 -1.94128161120245e-05
2 -1.863743289725963e-05
2 -1.891908459752097e-05
2 -1.871531628473361e-05
2 -1.91375147295916e-05
2 -1.928324468051557e-05
2 -1.90154836578931e-05
2 -1.873787103728737e-05
2 -1.890970005921541e-05
2 -2.019916136869951e-05
2 -1.887662225948243e-05
2 -1.877221900842326e-05
2 -1.924378396078391e-05
2 -1.985889695598038e-05
2 -1.819395427509463e-05
2 -1.923386921029312e-05
2 -1.947484451470491e-05
2 -1.834703197919187e-05
2 -1.91157488440403e-05
2 -1.934798324043555e-05
2 -1.886475189243999e-05
2 -1.914789763086218e-05
2 -1.896461482797961e-05
2 -1.913695459692743e-05
2 -1.970256805947904e-05
2 -1.905568123846218e-05
2 -1.930939582968878e-05
2 -1.885908304364356e-05
2 -1.850078739928405e-05
2 -1.839677023954935e-05
2 -1.902133973683052e-05
2 -1.848395892640645e-05
2 -1.911090374872128e-05
2 -1.904282860241173e-05
2 -1.91693166383616e-05
2 -1.948989493922615e-05
2 -1.919118451056243e-05
2 -1.860208349650791e-05
2 -1.932141816760046e-05
2 -1.848739516126514e-05
2 -1.926728653436401e-05
2 -1.881889998989751e-05
2 -1.914759373439414e-05
2 -1.89090387570601e-05
2 -1.878405108230697e-05
2 -1.929294659127641e-05
2 -1.850655302105141e-05
2 -1.941761236435789e-05
2 -1.845748525996415e-05
2 -1.901351483659397e-05
2 -1.908467843482619e-05
2 -1.834900638615073e-05
2 -1.905407743245865e-05
2 -1.955355138046097e-05
2 -1.916059165280328e-05
2 -1.921234634775826e-05
2 -1.899021775298479e-05
2 -1.905935098224056e-05
2 -1.955678141299598e-05
2 -1.929791642660764e-05
2 -1.938784785967564e-05
2 -1.864032206727936e-05
2 -1.87909042640126e-05
2 -1.884379893328641e-05
2 -1.856186369371333e-05
2 -1.847541996175865e-05
2 -1.921190887287747e-05
2 -1.917788723121678e-05
2 -1.938073233801697e-05
2 -1.847732310970431e-05
2 -1.899585499801263e-05
2 -1.890819394258659e-05
2 -1.857482110958437e-05
2 -1.95530752248617e-05
2 -1.940102627764097e-05
2 -1.813808378685257e-05
2 -1.922873900726921e-05
2 -1.94274678849035e-05
2 -1.925775000895896e-05
2 -1.943193088213094e-05
2 -1.887809135586276e-05
2 -1.917203485734524e-05
2 -1.869563403798603e-05
2 -1.966018991231756e-05
2 -1.922145340160542e-05
2 -1.950685911895668e-05
2 -1.870403283462985e-05
2 -1.930050962878728e-05
2 -1.926222244013107e-05
2 -1.905653979970074e-05
2 -1.894609484424835e-05
2 -1.934686707173026e-05
3 3.251993937743481e-05
3 3.369220951351461e-05
3 3.41162371706258e-05
3 3.318235896806713e-05
3 3.274321248327028e-05
3 3.357965164334017e-05
3 3.305608832237404e-05
3 3.288343628488367e-05
3 3.313358398963134e-05
3 3.318713204301728e-05
3 3.307147448631261e-05
3 3.347161248257385e-05
3 3.365028456381451e-05
3 3.312795795880539e-05
3 3.323364401054323e-05
3 3.314509483415129e-05
3 3.338684882014591e-05
3 3.337126453864758e-05
3 3.314102176701337e-05
3 3.353334126251606e-05
3 3.341898175513021e-05
3 3.34846220869118e-05
3 3.324678145137059e-05
3 3.326449655226304e-05
3 3.383541836907683e-05
3 3.361012215120048e-05
3 3.285055772629811e-05
3 3.332936340159602e-05
3 3.276736359376715e-05
3 3.363455117629349e-05
3 3.326885957695516e-05
3 3.349519820969434e-05
3 3.299976515255623e-05
3 3.301658687134123e-05
3 3.295884218941019e-05
3 3.299168243802391e-05
3 3.314702570872738e-05
3 3.306804487145084e-05
3 3.304793873571241e-05
3 3.319318116193397e-05
3 3.321754087557588e-05
3 3.351151622663874e-05
3 3.306965502238073e-05
3 3.288977510583605e-05
3 3.26670179522034e-05
3 3.320514337324809e-05
3 3.302965623898966e-05
3 3.458173351490241e-05
3 3.299168823457105e-05
3 3.325685041135446e-05
3 3.321102493312756e-05
3 3.356186845375885e-05
3 3.31542652414456e-05
3 3.247139844712436e-05
3 3.387064156791268e-05
3 3.346426533933867e-05
3 3.339238286792269e-05
3 3.339496262970066e-05
3 3.329622061374722e-05
3 3.247313019586064e-05
3 3.341634579891547e-05
3 3.301771849154699e-05
3 3.319126403194276e-05
3 3.317236103669271e-05
3 3.396387709005236e-05
3 3.302383569778816e-05
3 3.335938622311668e-05
3 3.344846184657668e-05
3 3.249082413810677e-05
3 3.331258738802664e-05
3 3.334000322004639e-05
3 3.367174092676394e-05
3 3.310253985906565e-05
3 3.322906886701188e-05
3 3.400728014035036e-05
3 3.392161953990961e-05
3 3.330494798492392e-05
3 3.302386593543664e-05
3 3.323216731252505e-05
3 3.356030963444334e-05
3 3.342918605771671e-05
3 3.329291212592622e-05
3 3.296734518984303e-05
3 3.285716870902973e-05
3 3.297419142553826e-05
3 3.379255514655481e-05
3 3.326706851917803e-05
3 3.377892697604755e-05
3 3.264803976870606e-05
3 3.329669821780575e-05
3 3.296577053122459e-05
3 3.264280831646702e-05
3 3.3578736202262e-05
3 3.312096714700664e-05
3 3.277661019371659e-05
3 3.306428663053848e-05
3 3.283867059411723e-05
3 3.325758523914145e-05
3 3.26861422457444e-05
3 3.282346451995611e-05
4 -6.54211714012167e-07
4 1.555112949043834e-07
4 -5.05073484229724e-09
4 -2.569114347511885e-07
4 2.650978227250015e-08
4 -7.513250504762695e-08
4 -5.768818891593903e-07
4 2.725890898281524e-07
4 -5.956686172298265e-07
4 1.910694515201144e-07
4 -1.072805296674278e-06
4 -2.144396849132693e-07
4 -2.642845202259526e-07
4 -1.794511841800916e-07
4 -4.686315531312475e-07
4 5.487049139711732e-09
4 -1.423559543510353e-07
4 4.722736298314875e-07
4 -8.122019814310452e-07
4 -1.177745247333641e-06
4 -3.470118535041676e-07
4 -1.804490142742121e-07
4 -4.817224470780169e-07
4 3.193291942379738e-07
4 -1.238865529424608e-06
4 -6.750394733009398e-08
4 -6.183582837537623e-07
4 -5.32477891881653e-07
4 -2.615309218831923e-07
4 -3.539958231985511e-07
4 -8.509895140404195e-07
4 8.896887411211478e-08
4 -5.480489830968103e-07
4 -8.246202137453548e-07
4 3.097275092051908e-07
4 -8.620536614181179e-08
4 1.511595796649587e-07
4 -5.991490762082162e-07
4 -7.022432994830198e-08
4 -6.675121075934058e-07
4 -2.831102486747695e-07
4 1.332272371258994e-07
4 6.910148043992495e-07
4 -6.679767494950384e-07
4 -8.085324508653267e-07
4 -2.274616757742483e-07
4 2.155622080849886e-07
4 3.106965019000726e-07
4 -2.179810576872317e-08
4 -8.031706631452027e-08
4 -6.941526365831135e-07
4 -2.610451012464125e-07
4 -7.60238681759975e-07
4 2.409564768972437e-08
4 -5.871354401448588e-07
4 -4.892954134308012e-07
4 -6.314303717886897e-07
4 -4.458007578807605e-07
4 1.233400935377803e-07
4 -3.296776356438606e-07
4 -7.140355390789095e-07
4 -2.814119307406623e-07
4 -6.812028211703818e-08
4 -7.696793451528649e-07
4 3.11571022633815e-07
4 -9.902037988863491e-07
4 -1.101193810036341e-07
4 4.755801334548321e-07
4 -6.669389869160227e-07
4 -8.857063377928223e-07
4 -4.473142330637283e-07
4 -2.419929542941433e-07
4 -5.670668647016195e-07
4 -1.241958011759405e-07
4 -8.585252943652949e-07
4 -6.912741998473122e-07
4 -4.069925403360348e-07
4 -2.865558845933708e-08
4 -9.416780110266208e-07
4 -6.355889744438628e-07
4 1.973022315739174e-07
4 -1.143835058813561e-07
4 -4.597616117295604e-07
4 -3.584258811506372e-07
4 -7.413890052482123e-07
4 1.346543625162912e-07
4 -8.168509927114544e-07
4 1.117856526438697e-07
4 -9.761593186658259e-07
4 -1.487476627514697e-07
4 -4.001573674194629e-07
4 -1.759242995514818e-07
4 -7.364283378549467e-07
4 -5.849016525260177e-07
4 -2.798561090461069e-07
4 5.343372769725129e-09
4 -3.746813834777794e-07
4 1.161527302720527e-07
4 -6.304179723670288e-07
4 -6.006803258987629e-07
5 1.435156547944455e-05
5 1.438023642318746e-05
5 1.44507528638796e-05
5 1.433300263600752e-05
5 1.453552271440006e-05
5 1.425812715448127e-05
5 1.384770164737659e-05
5 1.406999499093849e-05
5 1.479010066015929e-05
5 1.464018477994638e-05
5 1.398221485266537e-05
5 1.413377250326142e-05
5 1.410225591341296e-05
5 1.462687275254112e-05
5 1.441016037936129e-05
5 1.388414793009124e-05
5 1.392086912307481e-05
5 1.43071264983445e-05
5 1.471123227450225e-05
5 1.449968944302504e-05
5 1.457391363831485e-05
5 1.366345948836519e-05
5 1.4355873096597e-05
5 1.478051526087731e-05
5 1.43018069612101e-05
5 1.417126317793136e-05
5 1.420159123827476e-05
5 1.335368422015096e-05
5 1.470331801108656e-05
5 1.379872412317876e-05
5 1.398909225527259e-05
5 1.426543539061735e-05
5 1.36724661781628e-05
5 1.405150534119852e-05
5 1.417625153856238e-05
5 1.393920272757606e-05
5 1.483587758100786e-05
5 1.416001936657822e-05
5 1.481942244853587e-05
5 1.439507605682762e-05
5 1.476154356492498e-05
5 1.452586978332313e-05
5 1.442842195980679e-05
5 1.452004929251607e-05
5 1.425922002505108e-05
5 1.447839614097618e-05
5 1.429384861609421e-05
5 1.385730702141111e-05
5 1.430127867702588e-05
5 1.367521997676624e-05
5 1.399403274643919e-05
5 1.432832266101697e-05
5 1.375131863163354e-05
5 1.400203559161817e-05
5 1.447793051572506e-05
5 1.371759976363029e-05
5 1.371863160965172e-05
5 1.388934381324209e-05
5 1.391262554168743e-05
5 1.376824750670004e-05
5 1.447741942631678e-05
5 1.443782586181546e-05
5 1.469182672649883e-05
5 1.41188898910535e-05
5 1.433291695621776e-05
5 1.449610646704564e-05
5 1.382516725735636e-05
5 1.445425490059865e-05
5 1.431128068068715e-05
5 1.431225496580969e-05
5 1.426515946895503e-05
5 1.429289263775161e-05
5 1.341158609580546e-05
5 1.386022535894616e-05
5 1.49456960619669e-05
5 1.375356311182273e-05
5 1.441950699030852e-05
5 1.433543188811228e-05
5 1.458465858213791e-05
5 1.409552467370967e-05
5 1.477855188796431e-05
5 1.432793161929376e-05
5 1.358301279275052e-05
5 1.467799126890826e-05
5 1.468159685839958e-05
5 1.424747890105999e-05
5 1.368041476118858e-05
5 1.475864336198999e-05
5 1.442636392655992e-05
5 1.458037986214312e-05
5 1.421305490776893e-05
5 1.442714027786413e-05
5 1.400441769061951e-05
5 1.466854691880039e-05
5 1.468200710543433e-05
5 1.423175048829779e-05
5 1.462301268239812e-05
5 1.408825348956199e-05
5 1.407010932909495e-05
5 1.437212241113268e-05
6 2.8456818700917e-07
6 4.026124518326264e-07
6 -1.267979549911637e-07
6 9.256308893514239e-07
6 3.043407042685033e-07
6 7.080604758419308e-07
6 2.367826860292092e-07
6 1.776467604531194e-09
6 7.877619665672026e-07
6 4.505870425842627e-07
6 1.277181593459122e-06
6 6.836057474402114e-07
6 2.825104562732308e-07
6 4.137335613405085e-07
6 -2.063564052299543e-07
6 1.746940442611681e-08
6 3.26545293282936e-07
6 3.826789607019255e-07
6 -2.812334896221323e-07
6 4.192930822246888e-07
6 2.217366334421466e-08
6 -9.684884590476588e-08
6 5.285138283200477e-07
6 3.288490569343626e-07
6 7.565843877987355e-08
6 1.74967102880677e-07
6 9.3347193322702e-07
6 4.499207861589185e-07
6 2.915072982365526e-07
6 1.490654301141774e-07
6 -2.413073259582304e-07
6 2.812838524153687e-07
6 1.299096238057733e-07
6 1.922719517936235e-07
6 -9.091380623343774e-09
6 4.853715973555929e-07
6 1.421734999409915e-07
6 6.229830093458861e-07
6 1.536030102452291e-07
6 -1.321625252582732e-07
6 8.22588215488743e-07
6 -1.106380685797222e-07
6 1.329393153680074e-07
6 3.666819495684683e-07
6 8.863074966269862e-07
6 9.657770428450846e-07
6 5.593246911751009e-07
6 2.604454015899374e-08
6 2.295302243291034e-07
6 4.594982004164139e-07
6 4.317794782137757e-07
6 1.245728579101404e-07
6 3.279909525146474e-07
6 6.208459321114187e-07
6 3.705108780549329e-07
6 6.930457126009922e-07
6 5.004448758884548e-07
6 5.90427379932141e-07
6 1.894176149111291e-07
6 3.080982133696829e-07
6 1.674908160062355e-07
6 5.883627178900329e-07
6 3.554776695908827e-07
6 7.496820586244551e-07
6 3.07260649472945e-07
6 6.086267536673122e-07
6 3.732051918297197e-07
6 9.17183562630226e-07
6 2.276807368538736e-07
6 -4.469491747702079e-07
6 3.31990134215393e-07
6 5.923800578789526e-07
6 -2.542364693505726e-08
6 1.037692437447647e-06
6 1.890502160461444e-07
6 -4.978349964433395e-10
6 4.067832677714354e-07
6 7.296539845838689e-07
6 8.612006782147299e-08
6 9.320334689384497e-08
6 5.411903427377623e-07
6 2.199710831435957e-07
6 3.809852968641931e-07
6 6.347995477012445e-07
6 7.20079149542992e-07
6 1.083921588087352e-06
6 -3.418605281690125e-07
6 -2.767686097105103e-07
6 7.335969828932289e-07
6 5.598585704352895e-07
6 2.234926669724883e-07
6 5.853796469324432e-07
6 8.447945590472308e-07
6 4.054175323488129e-07
6 3.184594572686251e-07
6 5.677537183369617e-08
6 6.033340037561766e-07
6 1.190936947493013e-07
6 9.686726437863641e-07
6 9.115198039664157e-07
7 8.869383794719778e-06
7 8.860021788984352e-06
7 8.629898273984788e-06
7 8.638069464188713e-06
7 9.168927232006786e-06
7 8.421168828252968e-06
7 8.98237060065605e-06
7 9.128787932749275e-06
7 8.297784830470257e-06
7 8.617558677624201e-06
7 7.60736445136425e-06
7 8.737923271259704e-06
7 9.274511660462147e-06
7 9.072002531969363e-06
7 9.031181279629608e-06
7 9.051964770031335e-06
7 8.920967756990309e-06
7 8.651284261880526e-06
7 9.036627033999628e-06
7 9.351656194304223e-06
7 9.027207355276498e-06
7 8.671747426166209e-06
7 8.924946819332938e-06
7 9.215116797157344e-06
7 8.953042324663316e-06
7 9.107497578394992e-06
7 8.867065641743153e-06
7 8.981755061914385e-06
7 9.056682133615768e-06
7 9.416134588428855e-06
7 9.464546578145393e-06
7 9.112877933231064e-06
7 9.041358189390053e-06
7 8.424358938979605e-06
7 8.888417707972624e-06
7 9.364148757360503e-06
7 8.857496095771468e-06
7 9.167884556055925e-06
7 9.006478430736069e-06
7 8.750798571372994e-06
7 8.741899317523048e-06
7 8.73804674891836e-06
7 8.978363129439134e-06
7 9.167153823396668e-06
7 8.909410563665973e-06
7 9.044379945974961e-06
7 9.628461339301795e-06
7 9.230400701136282e-06
7 8.76195458229462e-06
7 9.756738356085674e-06
7 8.654681252899032e-06
7 9.443789231308088e-06
7 8.310239070845441e-06
7 9.302067109968867e-06
7 8.435447400623388e-06
7 9.324590674988415e-06
7 8.843250742424733e-06
7 9.677978108865454e-06
7 8.68647519129265e-06
7 9.152247049858582e-06
7 9.289566155633854e-06
7 9.034865532528805e-06
7 9.076353481208709e-06
7 8.418980202988325e-06
7 8.682408941997615e-06
7 8.471678929711593e-06
7 9.782758952533597e-06
7 8.823596248735618e-06
7 8.261412094716464e-06
7 9.758469149886668e-06
7 8.931173910735705e-06
7 9.354734466929449e-06
7 9.090325764982845e-06
7 9.283412098096344e-06
7 8.577627348317578e-06
7 8.52528622756683e-06
7 9.320020382941481e-06
7 9.419520647243191e-06
7 8.379958310180304e-06
7 8.646847436340737e-06
7 8.728100968239643e-06
7 8.835706512023588e-06
7 9.3019683306795e-06
7 8.790924430863847e-06
7 9.219074840513677e-06
7 9.079911932980114e-06
7 9.077558838326211e-06
7 8.870636662840653e-06
7 8.944296457293741e-06
7 8.956402209241902e-06
7 8.606348141077894e-06
7 8.983721531761849e-06
7 8.683049744473044e-06
7 9.762268223315807e-06
7 9.461291652888221e-06
7 9.057973538187356e-06
7 9.240834332236697e-06
7 9.012711967739244e-06
7 9.657788670934384e-06
7 9.053733524000842e-06
8 6.17724075477773e-07
8 5.541993308139956e-07
8 9.890100433882467e-07
8 4.663730666808407e-07
8 2.986710026575373e-07
8 1.032292576766945e-06
8 -7.61819796756811e-09
8 6.047998638607197e-07
8 8.328096105054374e-07
8 1.679083352990617e-07
8 7.279565925085019e-07
8 6.994679994175593e-07
8 9.705638826245435e-07
8 2.185505324951704e-07
8 1.200924462535974e-06
8 2.737011459196694e-07
8 3.458406234849927e-07
8 7.390720402976121e-07
8 4.813179137955267e-07
8 1.197979024103931e-07
8 7.518369603909243e-07
8 5.315791932744907e-07
8 3.930899193134813e-07
8 3.424926907779261e-07
8 9.367882912145925e-07
8 6.018544294891441e-07
8 4.511932573855699e-07
8 -1.05343478339977e-07
8 5.377889254958288e-07
8 4.88083377773872e-07
8 6.595814889636453e-07
8 6.487349219502991e-07
8 6.905330979281034e-07
8 8.508934328513035e-07
8 7.058282176442817e-07
8 5.336590955368711e-07
8 2.959991642349899e-07
8 5.573091040305328e-07
8 6.661487752209146e-07
8 4.391403342856169e-07
8 1.941745037326096e-07
8 1.189353096182558e-06
8 6.227562114155442e-07
8 -3.677255032274635e-07
8 8.447956027119279e-07
8 3.998398265277055e-07
8 6.782370656729338e-07
8 4.562660520261735e-07
8 1.144267740197581e-06
8 1.00362104554289e-06
8 7.94861154216059e-07
8 7.82028037602388e-07
8 9.209641779878979e-07
8 -4.169298053636723e-08
8 5.397477433377855e-07
8 9.721746028457534e-07
8 1.867445610666288e-07
8 5.658010862491499e-07
8 3.922320738262433e-07
8 6.644633243797491e-07
8 1.358736506281614e-07
8 8.708678463868127e-07
8 2.562791957456765e-07
8 7.68486904728023e-07
8 7.7611458830281e-07
8 8.38552045691573e-07
8 6.520361434379255e-07
8 4.781804596462185e-07
8 8.588805083982876e-07
8 7.400222843832017e-07
8 5.44589496669737e-07
8 1.06432747344207e-06
8 7.908614363257398e-07
8 6.729939914637861e-07
8 7.047879846812628e-07
8 4.27453453536842e-07
8 8.120345988686424e-07
8 1.751032856096683e-07
8 5.714318748169172e-07
8 6.9727840196604e-07
8 2.452585492460722e-07
8 3.515472137276041e-07
8 4.678069940869076e-07
8 2.90367956103e-07
8 4.471672246840427e-07
8 9.730310869866927e-07
8 3.789802235649669e-07
8 2.322278725547357e-07
8 5.778395643423579e-07
8 3.694251702079424e-07
8 1.722225192872339e-07
8 3.226689161170215e-07
8 1.098311670770824e-06
8 5.363081332531493e-07
8 4.289366049275363e-07
8 8.623767974826137e-08
8 3.491746575879776e-07
8 5.537162482454453e-07
8 8.943521245968853e-07
8 7.186856897352896e-07
9 7.645320877949695e-06
9 7.329365099299572e-06
9 7.878486418311903e-06
9 7.501735247312594e-06
9 7.813339213400049e-06
9 8.153022450042579e-06
9 7.917324985064514e-06
9 7.588702578696664e-06
9 8.702989408069632e-06
9 7.638865919175544e-06
9 8.142876505746093e-06
9 7.326715311935418e-06
9 7.671177355592185e-06
9 7.93248966681972e-06
9 7.343905543032404e-06
9 7.828146260766692e-06
9 7.403468590925605e-06
9 7.570970984520731e-06
9 7.929626719009105e-06
9 8.350944911320265e-06
9 7.903604594441056e-06
9 7.704714088680964e-06
9 7.283590408320808e-06
9 7.31257933848203e-06
9 7.926594373601567e-06
9 7.931976480348838e-06
9 7.631819845013722e-06
9 7.728603509175423e-06
9 8.260817156146407e-06
9 7.230185016053209e-06
9 7.631795688867451e-06
9 7.612849048380827e-06
9 7.670499131235786e-06
9 7.175470282649476e-06
9 7.905081262823171e-06
9 7.162739421249866e-06
9 7.761772495026066e-06
9 8.105118359934427e-06
9 7.595626928049584e-06
9 7.687817844820454e-06
9 7.704612981555074e-06
9 8.105294995735859e-06
9 7.399275902159636e-06
9 7.211869005943244e-06
9 7.412959686625446e-06
9 8.110969429746241e-06
9 7.885168980759897e-06
9 7.84636124678135e-06
9 7.517441728616403e-06
9 8.131400102778076e-06
9 7.299532551523175e-06
9 7.972650506258497e-06
9 7.616598139297253e-06
9 7.582573059471018e-06
9 8.110028776096698e-06
9 7.43338717982481e-06
9 8.690733684852173e-06
9 7.945461236484078e-06
9 7.693956688025986e-06
9 7.413006225221081e-06
9 7.47328457130941e-06
9 7.320406437971367e-06
9 7.100830492320681e-06
9 7.787230404397124e-06
9 7.798330855716627e-06
9 7.717953391535854e-06
9 7.479467669968608e-06
9 8.095551304036195e-06
9 7.873010136189018e-06
9 7.388395013489486e-06
9 7.934732107420331e-06
9 7.597530708947823e-06
9 7.563129276424735e-06
9 7.469816202580406e-06
9 7.79590878088968e-06
9 7.330415652746348e-06
9 7.00857908662946e-06
9 7.943634153387912e-06
9 7.68687492305182e-06
9 8.102962744758262e-06
9 7.454578180811622e-06
9 7.613621499754215e-06
9 7.515613513773698e-06
9 7.283498457394801e-06
9 7.994123194547839e-06
9 8.361029771280346e-06
9 7.60175048624134e-06
9 7.733746784614698e-06
9 7.794887870159801e-06
9 8.287368502027574e-06
9 7.100734568503651e-06
9 7.548160957461197e-06
9 7.705760585248857e-06
9 7.508700371629901e-06
9 7.51805311864982e-06
9 7.853883764189374e-06
9 7.276233207630576e-06
9 7.511043669269208e-06
9 7.98195722207079e-06
9 8.124778060899129e-06
10 8.135318076670253e-07
10 6.902437515526752e-07
10 8.148717029430805e-07
10 4.765200105869663e-07
10 3.551258337467513e-07
10 1.517032516295994e-07
10 7.144921677080809e-07
10 -1.007162848787436e-08
10 6.402539077678967e-07
10 5.977454803760953e-07
10 4.923725661625701e-07
10 8.415810534718247e-07
10 3.091178288008225e-07
10 6.058838570209522e-07
10 4.380135191969504e-07
10 1.488532725804852e-07
10 3.306027699727065e-07
10 5.970951824056986e-07
10 5.909599681394161e-07
10 5.412059690981991e-07
10 4.276408052652818e-07
10 1.041698625837923e-06
10 -1.302150422085816e-07
10 4.586642556774137e-07
10 5.227028304668286e-07
10 7.06504531901101e-07
10 5.999997181802821e-07
10 3.891430222719106e-07
10 4.703277048215556e-07
10 6.691100384107564e-07
10 4.744607865403599e-07
10 3.80497643751968e-07
10 9.807336008519362e-07
10 5.750763690894902e-07
10 2.707429448274185e-08
10 6.036134387091366e-07
10 1.582964927828953e-07
10 7.075610164575548e-07
10 8.89690504266504e-07
10 7.611030032533378e-07
10 5.723664614182779e-07
10 5.230262414754643e-07
10 7.68286542385772e-07
10 1.063072583920748e-06
10 4.143137330535416e-07
10 7.490050611861684e-08
10 3.716399196712742e-07
10 8.935657461191116e-07
10 5.382618368546596e-07
10 3.493413013249871e-07
10 8.414867327366865e-07
10 8.96384750860809e-07
10 3.329262119338032e-07
10 7.336981396638023e-07
10 1.745959983151382e-07
10 7.381450015634439e-07
10 3.761516452836569e-07
10 7.736489210250366e-07
10 1.128829582690375e-06
10 4.077655881977001e-07
10 5.750014701268578e-07
10 5.856116817619958e-07
10 1.367832180386077e-07
10 8.481095216021025e-07
10 2.428825679745152e-07
10 2.642461314375096e-07
10 3.168449678852275e-07
10 2.028459068131388e-07
10 5.774742334317814e-07
10 8.197721817791959e-07
10 1.606451057531206e-06
10 7.205492217843582e-07
10 1.328768170221315e-06
10 2.370070693771719e-07
10 8.553255547839919e-09
10 6.704018441943008e-07
10 -1.343001705627213e-07
10 3.939865708106015e-07
10 6.602478733660848e-07
10 7.523143023481888e-07
10 5.047959558383339e-07
10 -9.263735032340548e-08
10 4.686341955707384e-07
10 6.988792377296529e-07
10 8.39410969426146e-07
10 5.16929624677877e-07
10 4.787478973232029e-08
10 4.773607147297836e-07
10 4.916011820401228e-07
10 5.649857016966597e-07
10 3.724128158272569e-07
10 4.134160453609022e-07
10 5.985079755040914e-07
10 1.085732843976075e-06
10 1.648007250378822e-07
10 -1.254044851822547e-07
10 1.029904366912736e-06
10 8.139404792955494e-07
10 8.01664386237831e-07
10 4.180577238293637e-07
11 8.20692671617861e-06
11 8.483273444611508e-06
11 7.910747405937423e-06
11 8.262500301920881e-06
11 7.998198855202389e-06
11 8.630303581492762e-06
11 8.366636468078053e-06
11 8.369425964815652e-06
11 7.774429394524314e-06
11 8.473284925623646e-06
11 8.45423172334875e-06
11 7.93521102034716e-06
11 7.707178347936953e-06
11 8.218364217734428e-06
11 8.080213478991949e-06
11 8.02602054261264e-06
11 8.856840347719741e-06
11 7.892589709317793e-06
11 7.650330868956614e-06
11 7.950087444039468e-06
11 8.095771557138361e-06
11 8.0587465436185e-06
11 7.629103896871174e-06
11 8.148098065089623e-06
11 7.905210191968637e-06
11 8.210263657744999e-06
11 7.638605368372726e-06
11 8.131158831246514e-06
11 7.966261670822478e-06
11 8.197839373600489e-06
11 7.501596291198018e-06
11 7.825827104015747e-06
11 7.990027237877861e-06
11 7.882008487904182e-06
11 7.511425544891774e-06
11 8.018202583807767e-06
11 7.850879636012337e-06
11 7.37204784790122e-06
11 7.980495496002569e-06
11 7.743914821251086e-06
11 8.119840589314422e-06
11 7.56720862956151e-06
11 8.095344682449241e-06
11 7.737331635342371e-06
11 7.829531661111007e-06
11 7.869042543895254e-06
11 7.773089390652616e-06
11 7.243878059993637e-06
11 8.202642631678124e-06
11 7.648061449967576e-06
11 8.347934981416074e-06
11 8.21153478493236e-06
11 8.010039266665178e-06
11 7.515453409356523e-06
11 7.555181513174104e-06
11 8.005980131215056e-06
11 7.526302171429864e-06
11 8.099026334812995e-06
11 7.952153633097449e-06
11 8.148132933962688e-06
11 8.51680862856211e-06
11 8.18516205675889e-06
11 7.716834037632773e-06
11 8.076324852454081e-06
11 7.914076595653661e-06
11 8.161087914230852e-06
11 7.726737803270763e-06
11 8.359338705281785e-06
11 8.032424223293455e-06
11 8.160791973483899e-06
11 8.093331232142067e-06
11 7.675325448878114e-06
11 8.074644706390147e-06
11 8.208544055539022e-06
11 8.065567965195472e-06
11 7.668661202206549e-06
11 8.106751870006496e-06
11 8.237755319017387e-06
11 7.874962762598432e-06
11 8.249824431811212e-06
11 8.539260183136333e-06
11 8.284301474680864e-06
11 7.515143547474219e-06
11 7.613784863396627e-06
11 8.408011634580596e-06
11 7.555892623590849e-06
11 8.051900771719141e-06
11 7.962971869316692e-06
11 8.094033247785342e-06
11 8.65066700825417e-06
11 7.991302718342166e-06
11 8.271177725843077e-06
11 7.844672432202414e-06
11 7.777430117826273e-06
11 7.631316953779268e-06
11 8.375520848918675e-06
11 8.202127097952506e-06
11 7.830084466632453e-06
11 7.656577348955684e-06
11 8.048224513893763e-06
12 2.87602068331755e-07
12 2.104672348065298e-07
12 -4.638704895339078e-07
12 1.172382769162897e-07
12 6.45666116496553e-08
12 -1.755429884517366e-07
12 1.282226123914414e-08
12 3.370973326678571e-07
12 1.516251187719333e-07
12 -1.935580518219493e-07
12 2.886711317986701e-07
12 4.20412662217024e-07
12 5.190487423866202e-10
12 2.855388196290877e-07
12 -3.501397902523116e-07
12 -4.270261645592268e-07
12 5.799848930989195e-07
12 1.536688958930208e-07
12 6.791673389072169e-08
12 5.408148103366394e-07
12 -2.954763361748196e-07
12 1.806929359187944e-07
12 4.224284216850091e-08
12 1.131649175318164e-07
12 7.192665152392032e-08
12 -7.700760154475528e-07
12 -2.212398750157091e-07
12 -1.091580504470171e-07
12 -5.330439756389909e-08
12 6.610388777744882e-09
12 2.451502824601947e-07
12 -1.408276543858058e-07
12 -4.11801026532599e-07
12 2.776824275952899e-07
12 1.416815814162001e-07
12 -3.187840244446305e-07
12 1.4247889472294e-07
12 -1.147289395721108e-07
12 8.084576222989046e-08
12 1.013438406833135e-07
12 -1.146051475569144e-07
12 6.926793533476374e-08
12 -3.127747520714236e-07
12 3.393856419945038e-07
12 -5.655410346149078e-08
12 -5.516268070549482e-07
12 1.781422395884107e-07
12 -3.949682247105697e-07
12 4.671326549688121e-08
12 -5.112616958702312e-07
12 -4.361949626503326e-07
12 7.07042249570287e-08
12 2.426089106493051e-07
12 -2.428651283711039e-07
12 2.343082403294374e-07
12 1.341912487649052e-07
12 1.967639264933384e-07
12 -2.591166388878078e-07
12 6.410442922284034e-08
12 3.923504514547645e-07
12 -4.053564660240061e-07
12 2.196605717740008e-07
12 -1.213644159417807e-07
12 9.75023472901181e-08
12 -1.759364392949934e-07
12 -1.305905956959159e-07
12 2.844424602390833e-07
12 2.433547467439078e-07
12 -6.687899823007015e-08
12 -2.171344023214115e-07
12 -4.626853022434965e-07
12 8.111477665344895e-07
12 -2.323711706849001e-07
12 9.880164059182616e-08
12 2.314213949866047e-07
12 -8.697620526474268e-07
12 5.656830303768344e-08
12 2.764689030655818e-07
12 -1.749022978660541e-07
12 -1.589108846681223e-07
12 -8.513590050708205e-07
12 2.932425044899187e-08
12 -2.903642911134279e-07
12 -6.78331208920463e-09
12 2.660005535844172e-08
12 -1.584405293681547e-07
12 -5.896485716804095e-07
12 7.182572746093802e-07
12 -1.19065232035154e-07
12 9.325258663143861e-08
12 4.888698712713614e-07
12 -4.808452043086457e-07
12 3.519583570073825e-07
12 -1.799763617055933e-07
12 -1.047480392883715e-07
12 1.280708330317894e-07
12 -2.891743911136384e-07
12 -1.180767635962838e-07
12 1.577043563309996e-07
12 6.025381589136748e-07
13 9.368796330304428e-06
13 9.700819069053762e-06
13 9.301761595594128e-06
13 9.427497297563212e-06
13 9.850956076539051e-06
13 9.75099247010282e-06
13 1.008457250719366e-05
13 1.015685465956917e-05
13 9.986358839174296e-06
13 9.688003246388236e-06
13 9.684144104485218e-06
13 9.877597307212653e-06
13 9.111277757244501e-06
13 9.266223147736438e-06
13 9.821876614271149e-06
13 1.02914813369881e-05
13 9.66969521215914e-06
13 9.337981556901523e-06
13 9.486922824025653e-06
13 9.832152016872934e-06
13 9.383973628699997e-06
13 9.691247439501406e-06
13 9.555628846548834e-06
13 1.010504526909543e-05
13 9.463599897306408e-06
13 9.515911258218081e-06
13 1.024995568018358e-05
13 9.911957905306833e-06
13 9.949195292581582e-06
13 9.546584206637316e-06
13 9.976771331981057e-06
13 1.010762381019497e-05
13 1.007770161599299e-05
13 1.061631482821928e-05
13 1.011977156923794e-05
13 9.761134250182053e-06
13 9.445412109439794e-06
13 9.785455620416036e-06
13 9.188355804766894e-06
13 1.00094641307448e-05
13 1.025536717770615e-05
13 9.960567350890618e-06
13 1.048890522197575e-05
13 9.508256736938124e-06
13 1.008841536697594e-05
13 9.777264856692234e-06
13 1.067214614078321e-05
13 1.013920212272399e-05
13 9.506875378042552e-06
13 9.731916088390362e-06
13 1.026640847395251e-05
13 9.954117674823981e-06
13 1.009509933273049e-05
13 1.011611903021707e-05
13 1.003802715902209e-05
13 9.92172766680805e-06
13 9.644705870567571e-06
13 9.860976423057087e-06
13 1.010842776366129e-05
13 1.036412795947241e-05
13 9.773191311508548e-06
13 9.667091433006278e-06
13 9.301444910627432e-06
13 1.017550099998718e-05
13 9.858406158478e-06
13 1.024538783960011e-05
13 9.500484014308348e-06
13 9.584361855254339e-06
13 1.000422842098116e-05
13 9.397276134466387e-06
13 9.724543939663628e-06
13 9.472606403520085e-06
13 9.588050948321803e-06
13 9.77856452378553e-06
13 9.817341940095017e-06
13 1.047852969041806e-05
13 9.165967286922947e-06
13 1.002872069580779e-05
13 9.690930613942263e-06
13 8.784776310132265e-06
13 1.03310420011152e-05
13 1.031220741443217e-05
13 9.602452255476333e-06
13 9.287223872453701e-06
13 9.425552755671722e-06
13 9.657348417108723e-06
13 9.753808873444285e-06
13 9.200036684676875e-06
13 9.743873011841379e-06
13 9.682704373547854e-06
13 9.498668460939259e-06
13 9.366975716655544e-06
13 9.793287122013856e-06
13 9.610740282935353e-06
13 9.634410169658314e-06
13 9.562605999514739e-06
13 1.02684422305055e-05
13 9.715007442715465e-06
13 9.952171997220488e-06
13 9.532937681527627e-06
14 -5.658587018596408e-07
14 1.452140354046307e-08
14 -1.155070807058573e-06
14 -7.010109215406612e-07
14 -2.598709200440515e-07
14 -3.067164114025412e-07
14 -3.739358164504726e-07
14 -3.973244779186603e-07
14 -5.951565173263387e-08
14 -7.710822336457338e-07
14 1.413323949792414e-07
14 -3.207300247464902e-07
14 -1.31652587532148e-07
14 -4.266507803819217e-07
14 -9.791363132199843e-08
14 -2.270263795053213e-07
14 -6.090617317696675e-07
14 -1.656920585879393e-07
14 -3.000324827608874e-07
14 -8.150758095509058e-08
14 -1.554097360068575e-07
14 -1.316684726719463e-07
14 -3.713140480366081e-07
14 -5.940815928934101e-07
14 -4.948701018620991e-07
14 -2.928676214826026e-07
14 -1.294759357215965e-07
14 -2.857494651879137e-07
14 -8.131608473222366e-07
14 -6.031131177032129e-08
14 -6.59799207867038e-07
14 -6.164497463766393e-07
14 -6.735750023220984e-07
14 -9.8582434522713e-07
14 -6.105043830903014e-07
14 -1.020847568470883e-06
14 -8.446598564062175e-07
14 -2.087743244379535e-07
14 -8.247029261130393e-07
14 -2.684630486151696e-07
14 -1.102633123813549e-08
14 -5.85951087061926e-07
14 -5.787070932284175e-07
14 -4.738524045961543e-07
14 -4.576027929438714e-08
14 -3.77540570425966e-07
14 2.573618363967196e-07
14 -3.56290297347572e-07
14 -6.579687653586289e-07
14 -1.579041456409093e-07
14 -2.099735270779574e-07
14 -8.359557191615095e-07
14 -3.000973322396145e-07
14 -6.185192877865991e-07
14 -1.019604418894746e-06
14 -3.647752243295875e-07
14 -9.671761538278631e-07
14 -1.453921981614993e-07
14 -5.301445287270436e-07
14 -6.857184370618559e-07
14 -1.198054095444612e-07
14 -7.433947374318006e-07
14 -7.795805788538437e-07
14 -1.15355153085546e-06
14 -5.98394128383331e-07
14 -3.746858433600572e-07
14 -2.020128969680572e-07
14 -1.943554978706126e-07
14 -3.81165788010384e-07
14 -1.411991420717226e-07
14 -5.015532445383662e-07
14 7.556782114477282e-08
14 -8.769793081541322e-07
14 -2.237194425789808e-07
14 -4.140055445365124e-07
14 4.308229214588561e-07
14 -7.172940854624398e-07
14 -2.319347016230586e-07
14 -8.784877859348347e-07
14 -2.675529349845924e-07
14 -8.444660178199686e-07
14 -2.503106161333741e-07
14 -3.229622478653487e-07
14 -7.595297927516464e-07
14 -7.58156075792933e-08
14 -7.384698918261126e-07
14 -5.267265134161942e-07
14 -9.219497202351927e-07
14 -4.756957281104022e-07
14 -1.697918145258468e-07
14 -8.415843178738863e-07
14 -2.217842823163756e-07
14 -4.134905756805225e-07
14 -4.258211736131993e-07
14 -5.482148507493359e-07
14 -3.910360135298498e-07
14 1.636679980160399e-07
14 -4.897973488101359e-07
14 -5.44142274689597e-07
14 -4.349205952488415e-07
15 1.504947290185913e-05
15 1.452152631061791e-05
15 1.480823766661571e-05
15 1.535309865521275e-05
15 1.493212986244459e-05
15 1.493798423180709e-05
15 1.447886752720817e-05
15 1.450286111449272e-05
15 1.467482672584021e-05
15 1.469947077299079e-05
15 1.46382655780264e-05
15 1.501882469085345e-05
15 1.450141135730042e-05
15 1.464701109077508e-05
15 1.484483613811208e-05
15 1.462074126431384e-05
15 1.51893562079326e-05
15 1.49960039536846e-05
15 1.443025816427733e-05
15 1.419587098002806e-05
15 1.437067313605737e-05
15 1.460379722502972e-05
15 1.487113201245147e-05
15 1.44347993619455e-05
15 1.495229718702813e-05
15 1.459377756466899e-05
15 1.465348590600437e-05
15 1.442551446922309e-05
15 1.444720366687485e-05
15 1.42189967255514e-05
15 1.466557221880333e-05
15 1.380271380924301e-05
15 1.450571111004337e-05
15 1.47134515151013e-05
15 1.432587706692932e-05
15 1.413370378686543e-05
15 1.475293777440015e-05
15 1.372127313487639e-05
15 1.477036592069078e-05
15 1.435076520890801e-05
15 1.468296546237467e-05
15 1.425238788756267e-05
15 1.443533055281141e-05
15 1.48773343946294e-05
15 1.433451247269651e-05
15 1.531594313921751e-05
15 1.402422151984351e-05
15 1.43965431740082e-05
15 1.492488096654928e-05
15 1.427830275449434e-05
15 1.413530165923285e-05
15 1.495270206340054e-05
15 1.447295045842895e-05
15 1.508415110960767e-05
15 1.422561058333631e-05
15 1.452767531468785e-05
15 1.455940452727126e-05
15 1.481388837016279e-05
15 1.485004644861503e-05
15 1.358898687535891e-05
15 1.448343138709753e-05
15 1.441963072859188e-05
15 1.469026590811264e-05
15 1.455695151502571e-05
15 1.450687906381067e-05
15 1.443167359160621e-05
15 1.524635979135488e-05
15 1.466675570335057e-05
15 1.527927336881014e-05
15 1.453309964259624e-05
15 1.481857462921425e-05
15 1.476731401453853e-05
15 1.544547264034705e-05
15 1.441613917159131e-05
15 1.448425548262581e-05
15 1.447652417328463e-05
15 1.431713330528703e-05
15 1.455334207061116e-05
15 1.488741830043558e-05
15 1.506916173329548e-05
15 1.462155263266808e-05
15 1.460559325842802e-05
15 1.445458109383255e-05
15 1.485766755825234e-05
15 1.520152666056634e-05
15 1.495501540965053e-05
15 1.493986318764219e-05
15 1.533183780989017e-05
15 1.351037411681302e-05
15 1.509452901222771e-05
15 1.505353166420591e-05
15 1.470427261860022e-05
15 1.49614792014515e-05
15 1.493408739630925e-05
15 1.44734172700094e-05
15 1.468542079937941e-05
15 1.453794999489829e-05
15 1.502220357393625e-05
15 1.462174410394933e-05
15 1.465259212618758e-05
16 -1.241853648877748e-06
16 -1.889044678518788e-06
16 -1.334193456903546e-06
16 -1.708743781539771e-06
16 -1.823559734586066e-06
16 -2.120700472982921e-06
16 -1.205593280878907e-06
16 -9.415078402817868e-07
16 -1.326780097181395e-06
16 -1.273191880560696e-06
16 -1.924790873963554e-06
16 -1.061803646468552e-06
16 -1.571449149527335e-06
16 -1.661240688723362e-06
16 -1.457692975811472e-06
16 -7.668349637969868e-07
16 -1.59417968616374e-06
16 -1.64055854586604e-06
16 -1.694253852800565e-06
16 -2.008346713150088e-06
16 -1.514061079314162e-06
16 -2.261081558102603e-06
16 -1.80930398766391e-06
16 -2.015116861643848e-06
16 -6.01023328340112e-07
16 -2.184935308020164e-06
16 -9.733974872643028e-07
16 -1.802442318892976e-06
16 -1.777718038215998e-06
16 -8.823351983824639e-07
16 -1.237934524380655e-06
16 -2.268053033555659e-06
16 -1.541478699806771e-06
16 -1.000926040585931e-06
16 -1.213816670733584e-06
16 -1.456620686269613e-06
16 -1.511845101593095e-06
16 -1.309436830469015e-06
16 -1.310460808141329e-06
16 -9.221376153089872e-07
16 -1.44974077770824e-06
16 -2.153932602642505e-06
16 -1.463890007397826e-06
16 -1.809741061618073e-06
16 -1.138547040945592e-06
16 -1.476403949957521e-06
16 -9.447272796849212e-07
16 -1.562854056625581e-06
16 -1.318592089244639e-06
16 -1.110725739588716e-06
16 -1.781406799161442e-06
16 -1.955539931182999e-06
16 -1.409603702730155e-06
16 -1.522377643822917e-06
16 -1.509605260849721e-06
16 -1.692334682879671e-06
16 -5.930243387762386e-07
16 -2.340645045944878e-06
16 -1.422332858854114e-06
16 -1.318955055723324e-06
16 -2.012207202469162e-06
16 -1.161626703127614e-06
16 -1.567094092141398e-06
16 -1.486575559184068e-06
16 -1.12595446984752e-06
16 -1.826443499337175e-06
16 -8.381450780656002e-07
16 -1.237484651955857e-06
16 -1.88126819162164e-06
16 -1.429456095125932e-06
16 -1.550015127364427e-06
16 -1.537712205314242e-06
16 -1.12181492967467e-06
16 -1.238357420823535e-06
16 -1.816416327957065e-06
16 -2.109961681205778e-06
16 -1.26311318527986e-06
16 -1.522401704818998e-06
16 -1.414708615399647e-06
16 -1.574212370557115e-06
16 -1.65185398658587e-06
16 -1.04875826195037e-06
16 -1.519852472845165e-06
16 -9.560848319927563e-07
16 -1.245216862881594e-06
16 -1.471233039284299e-06
16 -1.503416613034306e-06
16 -1.160944757787286e-06
16 -8.877872515446919e-07
16 -1.819121740382616e-06
16 -7.262378519434557e-07
16 -1.028595340052902e-06
16 -2.373557921373711e-06
16 -1.662240561437755e-06
16 -5.98986823842619e-07
16 -1.424249904011909e-06
16 -1.067984716730316e-06
16 -1.790136553213087e-06
16 -1.391341124124418e-06
16 -1.498820038905227e-06
17 3.441870590473903e-05
17 3.3117121669616e-05
17 3.349026870040652e-05
17 3.367554462069118e-05
17 3.497242450687834e-05
17 3.405374329525348e-05
17 3.321950514662411e-05
17 3.359599973309376e-05
17 3.402694869467579e-05
17 3.343690437665709e-05
17 3.418671777900433e-05
17 3.347310338598958e-05
17 3.39630043135133e-05
17 3.330951577555937e-05
17 3.370466581509144e-05
17 3.266934447996343e-05
17 3.368285997388282e-05
17 3.312486078502755e-05
17 3.380767071529452e-05
17 3.347558287027799e-05
17 3.392614281286625e-05
17 3.315520775429122e-05
17 3.34301682874179e-05
17 3.375393164886176e-05
17 3.339101010793455e-05
17 3.381318282680507e-05
17 3.378764998822595e-05
17 3.389078803673669e-05
17 3.294306226387148e-05
17 3.416009456271206e-05
17 3.33164681040469e-05
17 3.316194368250121e-05
17 3.324980255936409e-05
17 3.324491713079703e-05
17 3.377924989183437e-05
17 3.314507840143039e-05
17 3.342792613724019e-05
17 3.399023105648758e-05
17 3.314433967096332e-05
17 3.31670942471727e-05
17 3.252318270265515e-05
17 3.362656034463107e-05
17 3.349167158672118e-05
17 3.386480952436466e-05
17 3.38615287015175e-05
17 3.359924564418741e-05
17 3.358200958895794e-05
17 3.292889540393642e-05
17 3.297435199020512e-05
17 3.347344241765193e-05
17 3.359630756609262e-05
17 3.382675060341649e-05
17 3.288362846071853e-05
17 3.383277164151206e-05
17 3.36567392040626e-05
17 3.362168940796452e-05
17 3.375311878274186e-05
17 3.360531490796965e-05
17 3.319598682903656e-05
17 3.386886140664277e-05
17 3.387508388821665e-05
17 3.36486901622686e-05
17 3.346383388197634e-05
17 3.364856800058536e-05
17 3.407544397765899e-05
17 3.327805323649559e-05
17 3.361446793431791e-05
17 3.37516412263037e-05
17 3.351797793511183e-05
17 3.326047010965929e-05
17 3.358703380782764e-05
17 3.416627869931061e-05
17 3.253427021457295e-05
17 3.330779693723219e-05
17 3.365738777558093e-05
17 3.383332770225907e-05
17 3.342694369492339e-05
17 3.374574817185487e-05
17 3.334053969208103e-05
17 3.337873837818145e-05
17 3.369466687311261e-05
17 3.354839832112566e-05
17 3.292302787836386e-05
17 3.273000111832842e-05
17 3.332227764535043e-05
17 3.347452297623145e-05
17 3.358459544877307e-05
17 3.34971665228904e-05
17 3.362292360937692e-05
17 3.370888187045038e-05
17 3.352802321152554e-05
17 3.383019485284291e-05
17 3.326212786692393e-05
17 3.364835686296538e-05
17 3.354103804528748e-05
17 3.351998227323977e-05
17 3.386259931367e-05
17 3.333711558175629e-05
17 3.459432754432112e-05
17 3.361190302923475e-05
18 -1.930915473628665e-05
18 -1.961968973980944e-05
18 -2.040160188254424e-05
18 -1.99109554409477e-05
18 -1.918654129311516e-05
18 -2.013942088753588e-05
18 -1.999317221419208e-05
18 -1.997561027086087e-05
18 -1.905501808039721e-05
18 -1.934275663060106e-05
18 -1.932098283646027e-05
18 -2.029918399451971e-05
18 -2.044765863553288e-05
18 -2.043757123447525e-05
18 -1.926339943460125e-05
18 -1.956204973643943e-05
18 -2.00280956081136e-05
18 -2.051171607806696e-05
18 -1.943765413226954e-05
18 -1.995810169351366e-05
18 -2.018209380920761e-05
18 -1.918816098219867e-05
18 -1.956428137202119e-05
18 -2.001530315969761e-05
18 -1.963749424258922e-05
18 -2.009441480138253e-05
18 -2.025584679915649e-05
18 -1.930254311791724e-05
18 -1.992260618798378e-05
18 -2.008793079946364e-05
18 -1.999261678075443e-05
18 -2.009392721606135e-05
18 -1.974712291690234e-05
18 -1.984680155975896e-05
18 -1.923984828599601e-05
18 -1.948190676391476e-05
18 -1.968112642175622e-05
18 -1.951273424378296e-05
18 -2.00769125066363e-05
18 -2.017633476354446e-05
18 -1.996568857505418e-05
18 -2.001783008687098e-05
18 -1.897164969253639e-05
18 -1.987828332354845e-05
18 -2.019370495705285e-05
18 -1.899861858760824e-05
18 -1.942035972210438e-05
18 -2.075791412794144e-05
18 -1.995107493379032e-05
18 -2.020453538166879e-05
18 -2.02200448410577e-05
18 -2.029533752528368e-05
18 -1.980090743461256e-05
18 -1.953431271971065e-05
18 -1.977899325878533e-05
18 -2.000536402993986e-05
18 -2.056991150828486e-05
18 -1.966713131689965e-05
18 -2.041204966687914e-05
18 -1.987474346019004e-05
18 -1.916117302547416e-05
18 -1.902106888817981e-05
18 -2.063079241421213e-05
18 -2.054391479389265e-05
18 -1.948497854476776e-05
18 -1.952939671384128e-05
18 -1.978259194418709e-05
18 -1.990616714769497e-05
18 -1.991701589461214e-05
18 -1.989096713134206e-05
18 -1.989573256231246e-05
18 -2.036085209674717e-05
18 -1.929380998774522e-05
18 -1.990492986859374e-05
18 -2.037210334730704e-05
18 -2.042903049680392e-05
18 -1.979246637322858e-05
18 -2.03117496378638e-05
18 -2.025544288409854e-05
18 -1.929350588555361e-05
18 -2.034961831938567e-05
18 -1.974273613030237e-05
18 -1.930076832994981e-05
18 -1.951376794040232e-05
18 -1.949624794998731e-05
18 -1.990548266041021e-05
18 -2.015220356091003e-05
18 -1.99643280127323e-05
18 -1.970823638451489e-05
18 -1.934490332568066e-05
18 -2.001477842492597e-05
18 -2.016883933281737e-05
18 -2.064563405701986e-05
18 -1.956090141784643e-05
18 -2.008025697923608e-05
18 -2.085342749472932e-05
18 -1.908521430866142e-05
18 -1.979707573153864e-05
18 -1.997205079925858e-05
18 -1.985249185705735e-05
19 0.0001118781060056162
19 0.0001102216794696452
19 0.0001112879617369693
19 0.0001105766846128692
19 0.0001119904303578018
19 0.0001114758924891197
19 0.0001106027256865153
19 0.000110911692600644
19 0.0001119072620173296
19 0.0001105453159126155
19 0.0001104458614363516
19 0.0001106322431237369
19 0.0001120673952442304
19 0.0001112762558064463
19 0.0001108899482991269
19 0.0001114719660183431
19 0.0001119336601732184
19 0.0001112429542577963
19 0.0001115116666802952
19 0.0001118756499951064
19 0.0001113082204088449
19 0.0001114084185015618
19 0.0001106550950497619
19 0.000111475975029183
19 0.0001116196963318202
19 0.0001105616853094855
19 0.0001108500302423562
19 0.000110555086577589
19 0.0001107942570832061
19 0.0001103898933822602
19 0.0001111054076552014
19 0.0001116233336997159
19 0.0001110541873280496
19 0.0001114075392653288
19 0.0001110696675390364
19 0.0001100143362732283
19 0.0001111655657928615
19 0.0001105502065036499
19 0.0001110517311214296
19 0.000110265975152654
19 0.0001119725438790497
19 0.0001111586329382463
19 0.0001107775316278537
19 0.0001104697503608516
19 0.0001112807687191599
19 0.0001112996851417008
19 0.0001113658249930816
19 0.0001121379096468658
19 0.0001122320219166365
19 0.0001109255235155522
19 0.0001118660952718864
19 0.0001103283065243109
19 0.0001114444869655049
19 0.000110141523625365
19 0.0001113757716460506
19 0.0001115377269060158
19 0.0001109489573112872
19 0.0001112702972710139
19 0.0001115758361310149
19 0.0001111957822171423
19 0.0001110441578796591
19 0.0001108923843615027
19 0.0001109878561198469
19 0.0001118567092186072
19 0.0001112512322361098
19 0.0001102387473910442
19 0.0001123773164202874
19 0.0001107826501917725
19 0.000111959311290482
19 0.0001104586328649808
19 0.0001102510784686372
19 0.0001103925535682404
19 0.0001114773136591626
19 0.0001104878908142999
19 0.0001105012269287795
19 0.000110799978300571
19 0.0001115539951685527
19 0.0001122244503451992
19 0.0001114833839181452
19 0.0001106366832247476
19 0.0001105547715863053
19 0.000111253973174358
19 0.0001117482833282161
19 0.0001111959013879594
19 0.000111805423529683
19 0.0001107683632255743
19 0.0001115489555190578
19 0.000110640167129488
19 0.0001116878434432401
19 0.0001112968027077491
19 0.0001113759187434254
19 0.0001116760952619952
19 0.000111301933349836
19 0.0001099293086461231
19 0.0001120213725571423
19 0.0001099357673422693
19 0.0001107447757934758
19 0.0001109808284098404
19 0.0001102295940290791
19 0.000110952924720188
