0 -0.001088211232211298
0 -0.001090101060478716
0 -0.001092988331937167
0 -0.001092245460906706
0 -0.001091360070380233
0 -0.001093413347954713
0 -0.001090347958382658
0 -0.001092679122471735
0 -0.001089967478066602
0 -0.001088183555936632
0 -0.001090000774540589
0 -0.001089399550826393
0 -0.001091820961773446
0 -0.001087329038344923
0 -0.001090451365767381
0 -0.001091491630921449
0 -0.001089534974078025
0 -0.001091547778434179
0 -0.001089768375856477
0 -0.001089436500419188
0 -0.001089917211065992
0 -0.00108957015419439
0 -0.001090252251694536
0 -0.001092081588452991
0 -0.00108994906919448
0 -0.001091115621615068
0 -0.001091521337694369
0 -0.001088437374272323
0 -0.001087303313581485
0 -0.001091834818275427
0 -0.001090273805467249
0 -0.00109112226892276
0 -0.001089508119630495
0 -0.001089041326476668
0 -0.001090477009320532
0 -0.001091998629246536
0 -0.001090642680691423
0 -0.001090499065032614
0 -0.001089292354466894
0 -0.001090199481860302
0 -0.001089059341058505
0 -0.001088897711637521
0 -0.00108983393501743
0 -0.001091393399209359
0 -0.001089983035362713
0 -0.001091098997778728
0 -0.001090472223842067
0 -0.001090197431031049
0 -0.001090648670463435
0 -0.001090233622745681
0 -0.00109115717763161
0 -0.001087715185615554
0 -0.001090123312113076
0 -0.001089009320157199
0 -0.001089853743796384
0 -0.001089395759906919
0 -0.001091142370714676
0 -0.001090913515460295
0 -0.001090075420408264
0 -0.001092297538942225
0 -0.001088026746837776
0 -0.001090155203452827
0 -0.001091415373388325
0 -0.001092173020481443
0 -0.001090814560730076
0 -0.001091165861724492
0 -0.001091798278700679
0 -0.001092140350188603
0 -0.001090658487094821
0 -0.001089552574844478
0 -0.001091442895816964
0 -0.001089476417361058
0 -0.001088825948485602
0 -0.001089504487606708
0 -0.001090307770396023
0 -0.001092154497327796
0 -0.001091975693091636
0 -0.001089675360173254
0 -0.001091448817508628
0 -0.001090458679892996
0 -0.00109049922944851
0 -0.001088174937387429
0 -0.001092899901280431
0 -0.001089066172448077
0 -0.001090496201138468
0 -0.001087338302190309
0 -0.001089421671970012
0 -0.001091284260182554
0 -0.001090422133380467
0 -0.001090459317137302
0 -0.00109240100828786
0 -0.001089994302660504
0 -0.001089938945408529
0 -0.001089622684063631
0 -0.001090436809632264
0 -0.001091674718991733
0 -0.001090943092419693
0 -0.001089407149398538
0 -0.001089221036255848
0 -0.001090622938152995
1 0.0004391851635637207
1 0.0004400318330431871
1 0.0004404230867445927
1 0.0004397783226642655
1 0.000438957905436093
1 0.0004401162360564353
1 0.0004396334543313285
1 0.0004411461084260967
1 0.0004397140603831867
1 0.000441004569161233
1 0.0004393494342613536
1 0.0004389787823258819
1 0.000439141987856995
1 0.0004388670581917707
1 0.0004424768099120412
1 0.0004390459706664104
1 0.0004417802399618629
1 0.0004408674556418126
1 0.000437875935985689
1 0.0004387327092079018
1 0.0004429481406832351
1 0.0004396043383035533
1 0.0004401865055144462
1 0.0004417717335176804
1 0.0004401079642849472
1 0.0004407929252599005
1 0.0004382592685747531
1 0.0004401166063734225
1 0.0004425849898543994
1 0.000440275698003609
1 0.000438500234964669
1 0.0004390735841690687
1 0.0004389442455268631
1 0.0004410136943411526
1 0.0004404640713329019
1 0.0004398841014730349
1 0.0004409434899001599
1 0.0004424017386892433
1 0.0004403353131385487
1 0.0004408475856136621
1 0.0004406147971333552
1 0.0004403217680493462
1 0.0004420749353810567
1 0.0004399584427809863
1 0.0004411150666590008
1 0.0004401474555223872
1 0.0004393122941540141
1 0.0004391066890371443
1 0.0004418257237700041
1 0.000440121294755645
1 0.0004411642503361805
1 0.0004390223970602526
1 0.0004397480142705919
1 0.0004391534700813066
1 0.0004414943773302662
1 0.0004408922872448164
1 0.0004402536672657518
1 0.0004399820046172203
1 0.0004399063398462481
1 0.000441888016499296
1 0.0004395130585557557
1 0.000440606105051997
1 0.0004402782202565636
1 0.0004412285100907914
1 0.0004376408855917656
1 0.0004398097478474314
1 0.0004395452719223819
1 0.0004393373497621536
1 0.0004396347818679952
1 0.0004404734946596045
1 0.0004416548635161169
1 0.0004412643875473672
1 0.0004393140140641419
1 0.000439104488994653
1 0.0004389859165414898
1 0.0004398069092274341
1 0.0004398562653360988
1 0.0004412486873068505
1 0.0004393060506126717
1 0.0004398033383993214
1 0.0004398873979826681
1 0.0004408949547005339
1 0.0004412535162161423
1 0.0004399914946307751
1 0.0004414112515964613
1 0.0004395517669131866
1 0.0004393858734457211
1 0.0004404153422629585
1 0.0004407593110554386
1 0.0004400234369687366
1 0.0004421060459734322
1 0.0004426693997648352
1 0.000440357314411371
1 0.0004399565158004031
1 0.0004393625409341346
1 0.0004389870315579434
1 0.000440055515636086
1 0.0004400762777813282
1 0.0004402192111945211
1 0.0004409387890260688
2 -0.0001195467266981622
2 -0.0001207550187102839
2 -0.0001193736937087748
2 -0.0001189489788210039
2 -0.0001195196556707437
2 -0.0001191976228725049
2 -0.0001201864201670608
2 -0.0001190546777239772
2 -0.0001203914468981482
2 -0.0001186992431759429
2 -0.0001200446700408465
2 -0.0001192829421884421
2 -0.0001196888108122702
2 -0.0001194019841917971
2 -0.0001189438649380089
2 -0.0001189418112541679
2 -0.0001189079389798836
2 -0.0001195901121583958
2 -0.0001201112511281297
2 -0.0001191977274361788
2 -0.0001198444848949757
2 -0.0001206921571836009
2 -0.0001197668650056544
2 -0.0001197536007077674
2 -0.0001206908104934554
2 -0.0001181325685669506
2 -0.000121123126366912
2 -0.0001198351974155484
2 -0.0001200439271170926
2 -0.0001198514515700961
2 -0.0001187573629189026
2 -0.0001189539379896814
2 -0.0001202344306995704
2 -0.0001207203755053724
2 -0.0001205842229211382
2 -0.0001201866555098399
2 -0.0001204860059084757
2 -0.0001198068277276717
2 -0.0001198216270220375
2 -0.0001178999229294169
2 -0.000119307214672686
2 -0.0001199031259143344
2 -0.000119589628888403
2 -0.0001200653011685205
2 -0.0001210114533845905
2 -0.0001192658670846125
2 -0.0001201397170986026
2 -0.0001189039180603255
2 -0.0001197902264869082
2 -0.0001200264439013844
2 -0.0001190180688287242
2 -0.0001201081407131506
2 -0.0001197384906484119
2 -0.0001207019678630819
2 -0.0001190648162650817
2 -0.0001195520169116012
2 -0.0001187882692939904
2 -0.00011853939344138
2 -0.0001189573018545908
2 -0.0001188580774575658
2 -0.0001192804972761541
2 -0.0001207303715022763
2 -0.0001190335795140782
2 -0.0001207668121430099
2 -0.0001197763927767276
2 -0.0001192192811704189
2 -0.0001201912758818194
2 -0.0001201450500466283
2 -0.000121045389553444
2 -0.0001181833003122113
2 -0.0001189971036000374
2 -0.0001200715415787896
2 -0.0001189230445810855
2 -0.0001200036304582103
2 -0.0001184488181653908
2 -0.0001195128979340129
2 -0.0001197815522776264
2 -0.0001193535341088983
2 -0.0001192404078408847
2 -0.0001196770332315674
2 -0.0001187326088667515
2 -0.0001195712755064243
2 -0.000120514623626975
2 -0.0001194439561958063
2 -0.0001199608567245579
2 -0.0001210835449537651
2 -0.0001190607405786995
2 -0.0001198765283147773
2 -0.0001195761164386256
2 -0.0001197569556766922
2 -0.0001189158116498397
2 -0.0001198004608075133
2 -0.0001189986463566287
2 -0.0001204126143370493
2 -0.0001192741553209584
2 -0.0001191835724613524
2 -0.0001183548875828946
2 -0.0001185043888759907
2 -0.0001187813486842947
2 -0.0001207497163081521
3 0.0002168621434170258
3 0.0002181680537012858
3 0.0002184407418052799
3 0.0002180598388584227
3 0.0002174497977451249
3 0.0002176143116407941
3 0.0002182573579080506
3 0.0002162443872252318
3 0.0002180240987522966
3 0.0002182536496441385
3 0.0002163891183397885
3 0.0002180917541083392
3 0.0002159114893554258
3 0.0002169704539446966
3 0.0002163784488883504
3 0.0002176746621336938
3 0.0002166462956016128
3 0.0002166449598952665
3 0.0002170112566331066
3 0.0002162304819766586
3 0.0002178933877028858
3 0.0002177628810607583
3 0.0002183113297933725
3 0.0002175462642713989
3 0.0002173274809723018
3 0.0002168251339152582
3 0.0002163558435424237
3 0.0002173774297649618
3 0.0002156068344677085
3 0.0002173183216637565
3 0.0002174244187015682
3 0.0002179838131333664
3 0.0002164925163639852
3 0.000216662490371046
3 0.0002173075435230465
3 0.0002167181644864322
3 0.0002177478341933181
3 0.0002174629863812694
3 0.0002170411892513407
3 0.0002170340649301388
3 0.0002163898025014705
3 0.0002164827575728345
3 0.0002172892841616302
3 0.0002169947386161219
3 0.0002154391475662462
3 0.0002164532212243493
3 0.0002181109684402918
3 0.000218466675833733
3 0.0002176231622469277
3 0.00021730883576985
3 0.0002177838713724816
3 0.0002171893725474701
3 0.0002177060863798922
3 0.0002162110600590209
3 0.000217695308894812
3 0.0002159233059775882
3 0.000217681537730172
3 0.0002185270045267694
3 0.0002170730062631839
3 0.0002171395185405605
3 0.0002179243569516165
3 0.0002165365534908642
3 0.0002180415168953592
3 0.0002175900608022401
3 0.0002182546717630636
3 0.0002169177681481679
3 0.0002172443480082674
3 0.0002171119873383534
3 0.0002156821927063335
3 0.0002163459328881059
3 0.0002163261395174566
3 0.0002175595511764866
3 0.0002168864253994025
3 0.0002165747128180661
3 0.0002178687454405366
3 0.0002188316926883601
3 0.0002175136656710916
3 0.000217781886148717
3 0.0002172392305380965
3 0.0002176961577828453
3 0.0002172390279981643
3 0.0002180746575442139
3 0.0002165868483230205
3 0.00021754601651945
3 0.0002159974910307902
3 0.0002180499960741931
3 0.000218063674181051
3 0.0002179859129086193
3 0.0002160213110350864
3 0.0002169859004187499
3 0.0002162692309313912
3 0.0002170128260376614
3 0.0002175066761575908
3 0.0002167410586697291
3 0.0002168753766649778
3 0.0002169609334165691
3 0.0002179072811693972
3 0.0002165746926311338
3 0.0002164712271939535
3 0.0002166085137884137
4 -2.779566558787958e-05
4 -2.708165741792386e-05
4 -2.583748518711249e-05
4 -2.750613013948268e-05
4 -2.606230616558947e-05
4 -2.73344941975526e-05
4 -2.817708890320678e-05
4 -2.655264848671588e-05
4 -2.704659325875022e-05
4 -2.582107713871845e-05
4 -2.823508985822095e-05
4 -2.691290967811953e-05
4 -2.748145568572608e-05
4 -2.704491035763246e-05
4 -2.711987162108085e-05
4 -2.658780424927849e-05
4 -2.700342131288881e-05
4 -2.650741722867613e-05
4 -2.615357310615516e-05
4 -2.647835202273152e-05
4 -2.646839341012267e-05
4 -2.652894274726261e-05
4 -2.6713780308221e-05
4 -2.612496384910323e-05
4 -2.912626497703567e-05
4 -2.626739065320788e-05
4 -2.770358050886076e-05
4 -2.668032104409431e-05
4 -2.688545612672331e-05
4 -2.606428738334135e-05
4 -2.709339111245969e-05
4 -2.657186911612926e-05
4 -2.779284976160111e-05
4 -2.753464745711316e-05
4 -2.582238560282301e-05
4 -2.658628421363915e-05
4 -2.599130638502511e-05
4 -2.74181897268499e-05
4 -2.631490060754588e-05
4 -2.771334723273187e-05
4 -2.748005131051815e-05
4 -2.636775644623342e-05
4 -2.607801177079968e-05
4 -2.759970427306812e-05
4 -2.677033505832983e-05
4 -2.704352816787834e-05
4 -2.67326352922328e-05
4 -2.558524326587453e-05
4 -2.643867624282914e-05
4 -2.739422116502371e-05
4 -2.742798337343818e-05
4 -2.649986332653669e-05
4 -2.769299791243922e-05
4 -2.72093264877683e-05
4 -2.696805850643596e-05
4 -2.788710235143263e-05
4 -2.687888352829961e-05
4 -2.6299407204241e-05
4 -2.756409254841863e-05
4 -2.66802971965087e-05
4 -2.742100905416942e-05
4 -2.658796272274002e-05
4 -2.63850405161347e-05
4 -2.738169457643573e-05
4 -2.699427676194611e-05
4 -2.832913843875768e-05
4 -2.755333648393929e-05
4 -2.66185294303402e-05
4 -2.706366844734991e-05
4 -2.774975236980681e-05
4 -2.683285915109321e-05
4 -2.719358926222893e-05
4 -2.744652980647636e-05
4 -2.660847728617673e-05
4 -2.765167002810335e-05
4 -2.755442793152417e-05
4 -2.665652199232041e-05
4 -2.78430881543616e-05
4 -2.790226640113718e-05
4 -2.699058502880771e-05
4 -2.654255747113451e-05
4 -2.70516194677529e-05
4 -2.722566754465822e-05
4 -2.784919247762801e-05
4 -2.772616905489662e-05
4 -2.621282250046129e-05
4 -2.740056517734989e-05
4 -2.7470693740984e-05
4 -2.811749403666129e-05
4 -2.760294461083453e-05
4 -2.667577195262782e-05
4 -2.717172008112237e-05
4 -2.731239423588488e-05
4 -2.625023249557481e-05
4 -2.732139087203368e-05
4 -2.687187845674474e-05
4 -2.708463510549979e-05
4 -2.707526355124384e-05
4 -2.7291158551211e-05
4 -2.732905916752662e-05
5 0.0001214188614361011
5 0.0001216168887653881
5 0.0001227019924049653
5 0.00012212237056339
5 0.0001227685292098016
5 0.0001212388018966222
5 0.000121512266393009
5 0.0001215558258170172
5 0.0001221540974097616
5 0.000122088216094734
5 0.0001215029532397403
5 0.0001216158473337576
5 0.0001223210007123112
5 0.0001217322950924725
5 0.0001217807856674976
5 0.0001213804107435271
5 0.0001223280144963335
5 0.0001220332014121564
5 0.0001219140714739029
5 0.000121921391772708
5 0.0001225202176055263
5 0.0001209523982640857
5 0.000121512201943875
5 0.0001221230731587399
5 0.0001224018476302372
5 0.0001215911888801569
5 0.0001219440157290296
5 0.0001202811023995129
5 0.0001222370159444445
5 0.0001218269156970394
5 0.0001217775505622431
5 0.0001220506860588269
5 0.0001206503036009419
5 0.0001215863874122663
5 0.0001221141440279655
5 0.0001217926268353276
5 0.0001220991259433383
5 0.0001214531130528096
5 0.0001230332885855836
5 0.0001217501310854267
5 0.0001223561924035588
5 0.0001231203579421261
5 0.0001220185433144833
5 0.0001224726457593872
5 0.0001216816447668584
5 0.000121614450492026
5 0.0001216004174439218
5 0.0001208415476135528
5 0.0001217851533460151
5 0.0001214578808014635
5 0.0001212971790169378
5 0.0001218739798866856
5 0.0001208738698380729
5 0.0001213929789508086
5 0.0001235581707606746
5 0.0001217948072282943
5 0.0001217387711870401
5 0.0001211106036367797
5 0.0001210409270267445
5 0.0001218750428026428
5 0.0001222798738451221
5 0.000122719879082083
5 0.0001215634412842856
5 0.0001203253554288337
5 0.0001216664092392822
5 0.000121476923510124
5 0.0001221806573443599
5 0.0001221891625192644
5 0.0001221203165733194
5 0.0001213711359077413
5 0.0001224884408181387
5 0.0001218403694889958
5 0.0001213485874314166
5 0.0001222734231074714
5 0.0001226885290581355
5 0.0001214630962874457
5 0.0001220392928549148
5 0.0001217227064995382
5 0.0001218694559522479
5 0.0001223146240656278
5 0.0001226134631559057
5 0.0001220837731580146
5 0.0001217866641830504
5 0.0001218592236934478
5 0.0001219235397445997
5 0.0001214635138314565
5 0.0001213784105129371
5 0.0001225338818820943
5 0.000120991869334455
5 0.0001227093043897496
5 0.0001222299985814114
5 0.0001219351664264589
5 0.0001210451558915936
5 0.000122044892023623
5 0.000121530317904626
5 0.0001215916527866135
5 0.0001219118189811111
5 0.0001209809183399779
5 0.0001216172914924259
5 0.0001228038897238124
6 -1.004155907457612e-05
6 -1.000670613502112e-05
6 -1.115256017072175e-05
6 -9.653790961668484e-06
6 -1.053790869213959e-05
6 -9.937566910021398e-06
6 -1.118792814631408e-05
6 -1.142887569866508e-05
6 -9.776888279230906e-06
6 -1.065036120633968e-05
6 -1.025879667257709e-05
6 -1.140410660089803e-05
6 -1.090365611430638e-05
6 -1.033151502933615e-05
6 -1.134743187441209e-05
6 -1.127793591130019e-05
6 -1.10447685903247e-05
6 -1.068293751389822e-05
6 -1.084856121215037e-05
6 -1.077601266402456e-05
6 -1.031051876290239e-05
6 -1.155085506084651e-05
6 -1.069788168911689e-05
6 -1.021710225263848e-05
6 -1.04674528267194e-05
6 -1.182630290516701e-05
6 -1.060304712432231e-05
6 -1.087520775182468e-05
6 -1.012264852412341e-05
6 -1.026507941552873e-05
6 -1.133384619523019e-05
6 -1.066182474045157e-05
6 -1.069889636830756e-05
6 -1.028653715827187e-05
6 -1.134186057048616e-05
6 -1.015057620666707e-05
6 -1.109789651057981e-05
6 -1.083093876494937e-05
6 -1.152295391240262e-05
6 -1.171814574153362e-05
6 -1.040524431972017e-05
6 -1.10584321270658e-05
6 -1.076900619414757e-05
6 -1.047586115389583e-05
6 -1.010357695282377e-05
6 -1.030526419195992e-05
6 -9.70536778778349e-06
6 -1.095304987077564e-05
6 -1.027202740969768e-05
6 -1.160514872721831e-05
6 -1.109666859154016e-05
6 -1.09823333077324e-05
6 -1.091020785121183e-05
6 -1.037852494994016e-05
6 -1.076834802026085e-05
6 -1.035771062838998e-05
6 -1.008108060838463e-05
6 -1.109355164233987e-05
6 -1.070242868333856e-05
6 -1.096184422795933e-05
6 -1.076804743774249e-05
6 -9.935273813616758e-06
6 -1.049392889140846e-05
6 -1.039824577564798e-05
6 -1.049063456482487e-05
6 -1.03611395333137e-05
6 -1.062013023615293e-05
6 -9.903690529610169e-06
6 -1.075250432116872e-05
6 -1.059077210178292e-05
6 -1.046413555336881e-05
6 -9.94580784858086e-06
6 -1.128481279395355e-05
6 -9.6884473263802e-06
6 -1.061440821672102e-05
6 -1.078481649423487e-05
6 -1.077656120266878e-05
6 -1.017463761436608e-05
6 -1.056508970783984e-05
6 -1.138065949331044e-05
6 -1.100080362164421e-05
6 -1.04324170684275e-05
6 -1.10133917669047e-05
6 -9.967221537955512e-06
6 -1.008443482973353e-05
6 -1.047044650774855e-05
6 -1.107625908761748e-05
6 -1.127701987201677e-05
6 -1.080315095943722e-05
6 -1.110329882426096e-05
6 -1.089954519456165e-05
6 -1.038673127732283e-05
6 -9.546269057871011e-06
6 -1.092856033813469e-05
6 -1.102526746732431e-05
6 -1.08405687768521e-05
6 -1.08720811939296e-05
6 -1.071542112583584e-05
6 -1.033669418867597e-05
6 -9.611764427017705e-06
7 8.534432449309337e-05
7 8.517159695140922e-05
7 8.572655053826189e-05
7 8.604566405300419e-05
7 8.520551558807802e-05
7 8.510981969690633e-05
7 8.559864692543704e-05
7 8.526378154679086e-05
7 8.448674108167487e-05
7 8.599550065894298e-05
7 8.369025183601008e-05
7 8.453463593978616e-05
7 8.449190246616063e-05
7 8.589473929477633e-05
7 8.435144810515713e-05
7 8.505949789132047e-05
7 8.530598189210673e-05
7 8.529613634187263e-05
7 8.579479946482176e-05
7 8.51367859326605e-05
7 8.51931930481932e-05
7 8.399901223622669e-05
7 8.521504144162083e-05
7 8.551314543473314e-05
7 8.454610621138661e-05
7 8.49047480912875e-05
7 8.481939746382247e-05
7 8.530983581901155e-05
7 8.634848910424487e-05
7 8.601538027443043e-05
7 8.563553743322085e-05
7 8.569376937630853e-05
7 8.494644589332684e-05
7 8.404971517447041e-05
7 8.49169793959887e-05
7 8.4551902567718e-05
7 8.564815547561047e-05
7 8.503183617786414e-05
7 8.59347690483232e-05
7 8.51085689066577e-05
7 8.509820857980988e-05
7 8.500509222542136e-05
7 8.560393830300186e-05
7 8.50305299804341e-05
7 8.51843497216819e-05
7 8.509933541187865e-05
7 8.629067994265476e-05
7 8.495925177383076e-05
7 8.533672639453829e-05
7 8.629268176058661e-05
7 8.441997176548816e-05
7 8.582700678015965e-05
7 8.396576426046576e-05
7 8.496586945286363e-05
7 8.440669068342597e-05
7 8.582146325516884e-05
7 8.579090757878934e-05
7 8.564087400811399e-05
7 8.442937115058972e-05
7 8.611750984193312e-05
7 8.485553569279491e-05
7 8.375778897014785e-05
7 8.46162720269976e-05
7 8.467669162734157e-05
7 8.572080469025519e-05
7 8.404905565625825e-05
7 8.553369666817828e-05
7 8.49804056848492e-05
7 8.481013228026161e-05
7 8.543793875418648e-05
7 8.523531863783084e-05
7 8.498207047133932e-05
7 8.506828242200585e-05
7 8.579370396027795e-05
7 8.454334961139146e-05
7 8.445844276140941e-05
7 8.471891771430341e-05
7 8.554908018682817e-05
7 8.461736726697214e-05
7 8.528917637787877e-05
7 8.470788957350255e-05
7 8.502353373443532e-05
7 8.569784820249351e-05
7 8.457117609644576e-05
7 8.49558016246186e-05
7 8.5226865221362e-05
7 8.496401329399966e-05
7 8.464283103244725e-05
7 8.480995850799706e-05
7 8.592551125460953e-05
7 8.508241229022406e-05
7 8.459126758897715e-05
7 8.521674533941945e-05
7 8.657840886257683e-05
7 8.553594615711184e-05
7 8.518286444187249e-05
7 8.512927741802011e-05
7 8.582376592305075e-05
7 8.493368813738345e-05
7 8.505188253821414e-05
8 -5.882255189045219e-06
8 -6.294246104296974e-06
8 -5.990281742319058e-06
8 -5.719457533853639e-06
8 -6.97712365736063e-06
8 -5.278670434903609e-06
8 -6.708337947778227e-06
8 -6.36500675239075e-06
8 -6.273853529193332e-06
8 -6.228359056550991e-06
8 -6.063150622356204e-06
8 -6.860217226804772e-06
8 -5.267756858417634e-06
8 -5.950379397754731e-06
8 -5.102193303339738e-06
8 -6.457217942819171e-06
8 -6.34998899440799e-06
8 -6.372710410287037e-06
8 -6.656445286463613e-06
8 -7.126294999064994e-06
8 -6.164413499434139e-06
8 -5.847496174433556e-06
8 -5.823534266914083e-06
8 -6.673978598257175e-06
8 -5.739797177742418e-06
8 -5.519132080905858e-06
8 -7.065638220500926e-06
8 -6.1188636748736e-06
8 -6.671708018345259e-06
8 -6.216432296714168e-06
8 -6.739318856747485e-06
8 -5.512166770906925e-06
8 -5.945000422403553e-06
8 -5.778513365618802e-06
8 -6.119956284507338e-06
8 -6.906696367702286e-06
8 -5.78714221779321e-06
8 -6.434819436983257e-06
8 -5.756219362556243e-06
8 -6.337291719673758e-06
8 -7.187809930620995e-06
8 -4.703790993531617e-06
8 -6.695956756271318e-06
8 -7.690685312561176e-06
8 -5.710141308524188e-06
8 -6.272148348717946e-06
8 -6.360959091016127e-06
8 -5.681248022052037e-06
8 -6.097140645231528e-06
8 -6.006560280931011e-06
8 -5.638611569152896e-06
8 -5.701302840278726e-06
8 -5.96307387454273e-06
8 -6.503009346441935e-06
8 -6.26762177697584e-06
8 -6.822617667426646e-06
8 -6.297941861650953e-06
8 -6.573936415649556e-06
8 -6.412052195462327e-06
8 -6.331330221454953e-06
8 -7.231384089503436e-06
8 -6.507638171043855e-06
8 -6.541792087694385e-06
8 -6.579501624970013e-06
8 -6.063735692814652e-06
8 -6.192122818110308e-06
8 -6.544210878401732e-06
8 -6.214666672129287e-06
8 -6.252477200283701e-06
8 -6.182298246936888e-06
8 -5.754011096093244e-06
8 -4.991056501658181e-06
8 -5.930404343306018e-06
8 -6.557016905538134e-06
8 -6.20183737619106e-06
8 -6.478091723635372e-06
8 -6.198744364927341e-06
8 -6.537632828218544e-06
8 -5.833702819675082e-06
8 -6.556347184778067e-06
8 -5.584547922292345e-06
8 -6.569132751426359e-06
8 -6.04616327709583e-06
8 -6.319813760955519e-06
8 -5.925925876272233e-06
8 -5.700357885612937e-06
8 -5.625122736719379e-06
8 -6.813479886597933e-06
8 -5.52066660654236e-06
8 -6.611367459138304e-06
8 -6.377648870005043e-06
8 -6.248754535486435e-06
8 -6.043297901931319e-06
8 -5.783163864783532e-06
8 -5.594221792664915e-06
8 -6.429349651395783e-06
8 -5.947225840223953e-06
8 -5.372743490290494e-06
8 -6.114040923572184e-06
8 -5.603399824785699e-06
9 7.264342029143319e-05
9 7.16796798942231e-05
9 7.261460581933136e-05
9 7.156445422475917e-05
9 7.237835745012159e-05
9 7.25661950939835e-05
9 7.227732003453539e-05
9 7.232158973517148e-05
9 7.286693362439214e-05
9 7.220976702495206e-05
9 7.192873300171974e-05
9 7.218776976548037e-05
9 7.26141275298494e-05
9 7.276529044352366e-05
9 7.169671693765769e-05
9 7.231765636265076e-05
9 7.127750617182305e-05
9 7.266098790056811e-05
9 7.323835106521624e-05
9 7.285855689544233e-05
9 7.256178997051453e-05
9 7.27500214574058e-05
9 7.154458084040006e-05
9 7.180288961128094e-05
9 7.208989343615139e-05
9 7.198893134374821e-05
9 7.26227119112697e-05
9 7.276118458380542e-05
9 7.215568496943966e-05
9 7.207019395197177e-05
9 7.254605259895171e-05
9 7.276190251529413e-05
9 7.181859580271805e-05
9 7.252126149864857e-05
9 7.158695015989314e-05
9 7.16201358471846e-05
9 7.125361402002655e-05
9 7.229297617193434e-05
9 7.137698901154766e-05
9 7.299725243967026e-05
9 7.286967626811356e-05
9 7.213545314571514e-05
9 7.203093467941106e-05
9 7.198541508762072e-05
9 7.182142995891763e-05
9 7.311965738694807e-05
9 7.223901919667053e-05
9 7.217993860891296e-05
9 7.209238900087608e-05
9 7.284797746266792e-05
9 7.246541420991443e-05
9 7.203230925936327e-05
9 7.216831580724846e-05
9 7.216678130541037e-05
9 7.21910723408187e-05
9 7.243769673031191e-05
9 7.333838121513426e-05
9 7.355351475574562e-05
9 7.310295436445561e-05
9 7.204813905147377e-05
9 7.126847926675907e-05
9 7.233338199317003e-05
9 7.189055182120167e-05
9 7.242569558048527e-05
9 7.215832001430637e-05
9 7.22355476529918e-05
9 7.196805726210754e-05
9 7.314436471182121e-05
9 7.287710177795115e-05
9 7.106049356433419e-05
9 7.266081025040301e-05
9 7.187414321430666e-05
9 7.233249165423855e-05
9 7.231939352211558e-05
9 7.200014290360572e-05
9 7.177109414579235e-05
9 7.084285488260553e-05
9 7.214268001569883e-05
9 7.17336443944937e-05
9 7.268342314351305e-05
9 7.242431151993676e-05
9 7.190135223855412e-05
9 7.205180459507069e-05
9 7.230674722147082e-05
9 7.205665269993562e-05
9 7.31060072030286e-05
9 7.236410739163068e-05
9 7.283187961992702e-05
9 7.283621510365128e-05
9 7.252582340976024e-05
9 7.230480794423982e-05
9 7.19319347455679e-05
9 7.226981271136824e-05
9 7.217785902479714e-05
9 7.129432330571997e-05
9 7.232972415304833e-05
9 7.191727677737745e-05
9 7.236256397433301e-05
9 7.208606648847217e-05
9 7.209422462027023e-05
10 -5.475532385490418e-06
10 -6.214387451627682e-06
10 -5.086076166005436e-06
10 -5.923827392259469e-06
10 -5.458532901401158e-06
10 -6.314600664262576e-06
10 -5.902874486716366e-06
10 -5.053879584021264e-06
10 -5.423830642034936e-06
10 -5.613149855682598e-06
10 -5.399181597425902e-06
10 -5.200799002547935e-06
10 -5.459237481054461e-06
10 -5.115442024717431e-06
10 -4.876594282229965e-06
10 -5.65406322137692e-06
10 -5.935490502818966e-06
10 -5.150206101427749e-06
10 -5.874957751677485e-06
10 -5.696309728545976e-06
10 -6.078037599709177e-06
10 -4.102807320328054e-06
10 -5.976651768721101e-06
10 -4.858726077314976e-06
10 -5.948050172465562e-06
10 -5.350315819408053e-06
10 -4.957392778405516e-06
10 -5.715698123588312e-06
10 -6.281079466142822e-06
10 -5.921395595977972e-06
10 -5.420437373326834e-06
10 -5.94340939820758e-06
10 -5.067288970691649e-06
10 -5.970007286503763e-06
10 -5.975218950596436e-06
10 -5.316188874240877e-06
10 -5.600875610151494e-06
10 -5.064295940123431e-06
10 -4.51378555444325e-06
10 -5.076247729111965e-06
10 -5.062023522494723e-06
10 -5.645447801283203e-06
10 -6.062880286747437e-06
10 -4.967719312448556e-06
10 -5.23344514122039e-06
10 -5.635094528804548e-06
10 -5.88390353755671e-06
10 -5.052798140763255e-06
10 -6.136972351986033e-06
10 -5.394848176730479e-06
10 -5.846419738149636e-06
10 -5.448439878362876e-06
10 -5.712990888315868e-06
10 -4.677217064877146e-06
10 -5.938469030284688e-06
10 -5.168231234329222e-06
10 -5.490106108695094e-06
10 -5.149038544968047e-06
10 -5.215499666935789e-06
10 -5.473182949525692e-06
10 -5.062855520265251e-06
10 -5.678773461118141e-06
10 -5.874599263905627e-06
10 -5.236981236045249e-06
10 -5.561480644311294e-06
10 -5.6530270732436e-06
10 -5.486661173085111e-06
10 -6.655642600817466e-06
10 -5.393725867389175e-06
10 -5.354217023845784e-06
10 -4.677386366742099e-06
10 -4.864865209548682e-06
10 -4.856503942880966e-06
10 -5.372579961890951e-06
10 -5.531737621588168e-06
10 -4.790855662801719e-06
10 -7.095469201305417e-06
10 -6.272572626981235e-06
10 -5.551068369285499e-06
10 -6.175733431343589e-06
10 -5.729902800622875e-06
10 -6.2718627878975e-06
10 -5.508665749140777e-06
10 -5.800341910821998e-06
10 -4.664699443178299e-06
10 -5.187743557929729e-06
10 -5.297169500718385e-06
10 -6.202077999150057e-06
10 -5.885932155289517e-06
10 -5.2347612901918e-06
10 -5.197187185235379e-06
10 -5.403017546866243e-06
10 -4.960465314830704e-06
10 -4.972484138064357e-06
10 -6.125314658689671e-06
10 -5.589501800487526e-06
10 -5.461368464759493e-06
10 -5.323648174629721e-06
10 -5.094978216287957e-06
10 -5.728398332423084e-06
11 7.276515195682017e-05
11 7.316201976338334e-05
11 7.271966052164035e-05
11 7.314060461054197e-05
11 7.273152660041099e-05
11 7.327198222928491e-05
11 7.211672610917105e-05
11 7.287135486171854e-05
11 7.224889552296656e-05
11 7.236256123703938e-05
11 7.222396389470586e-05
11 7.181129781401424e-05
11 7.276293131810397e-05
11 7.337166263579297e-05
11 7.261586537945157e-05
11 7.218166836711519e-05
11 7.212187402788936e-05
11 7.232765251114701e-05
11 7.225902269034158e-05
11 7.284307194553707e-05
11 7.300479210145665e-05
11 7.251082276537853e-05
11 7.223633179683057e-05
11 7.307802350270424e-05
11 7.202890776874888e-05
11 7.276659714455782e-05
11 7.263198657030275e-05
11 7.249348773707713e-05
11 7.341490466907231e-05
11 7.268140609747567e-05
11 7.290264072909185e-05
11 7.281281142252665e-05
11 7.271083420465065e-05
11 7.23502198879087e-05
11 7.17480630061236e-05
11 7.315823136806842e-05
11 7.176890665632694e-05
11 7.228945903204845e-05
11 7.298811547528173e-05
11 7.181460224057751e-05
11 7.257725285017535e-05
11 7.31663204303907e-05
11 7.266935971630527e-05
11 7.26734806874379e-05
11 7.238869247339176e-05
11 7.265700176914785e-05
11 7.161242631147113e-05
11 7.154868289534336e-05
11 7.207521343060943e-05
11 7.217405930948151e-05
11 7.279839151903702e-05
11 7.244258119436783e-05
11 7.300140846202776e-05
11 7.212606141880656e-05
11 7.284939416666234e-05
11 7.333840017584549e-05
11 7.211921213669601e-05
11 7.266932627152239e-05
11 7.311784665855844e-05
11 7.322889660161807e-05
11 7.354726100083365e-05
11 7.27718738753386e-05
11 7.265255746005006e-05
11 7.282953566228899e-05
11 7.241728675304594e-05
11 7.297194053491623e-05
11 7.312770855759812e-05
11 7.260972034869882e-05
11 7.17045506451825e-05
11 7.215305125254092e-05
11 7.265159686225786e-05
11 7.220452266567717e-05
11 7.246583034270936e-05
11 7.347374015208797e-05
11 7.254602251287048e-05
11 7.195888309749397e-05
11 7.299127983514424e-05
11 7.314773780953362e-05
11 7.224421631992807e-05
11 7.208590484136706e-05
11 7.227193888558375e-05
11 7.205152312995724e-05
11 7.258172615045567e-05
11 7.209322826371466e-05
11 7.265785279777319e-05
11 7.23441449996432e-05
11 7.347615164721725e-05
11 7.261031168704921e-05
11 7.34680421929934e-05
11 7.31165290498791e-05
11 7.202368724285153e-05
11 7.229492757425557e-05
11 7.288942944699652e-05
11 7.286777943938434e-05
11 7.282642493981538e-05
11 7.36927386829968e-05
11 7.261376882887095e-05
11 7.20354849755908e-05
11 7.165090658070799e-05
11 7.320572068959153e-05
12 -7.089764229065518e-06
12 -7.221173680985883e-06
12 -7.446226674076681e-06
12 -7.487950295683145e-06
12 -7.193583468923871e-06
12 -7.060479454800568e-06
12 -7.391994156276679e-06
12 -6.869345826987697e-06
12 -6.708079867068289e-06
12 -7.802776258328324e-06
12 -6.956484404187474e-06
12 -6.535046279639541e-06
12 -6.574976810018361e-06
12 -6.696910669468046e-06
12 -8.152655120442179e-06
12 -7.942960581698578e-06
12 -6.905748153244064e-06
12 -7.125067907069088e-06
12 -7.926702910260016e-06
12 -7.082278827759803e-06
12 -7.907008613972514e-06
12 -7.105527812982126e-06
12 -6.915209831574995e-06
12 -7.209680542496139e-06
12 -6.835503918390207e-06
12 -7.462974720358548e-06
12 -6.969515916883155e-06
12 -7.522845621443853e-06
12 -7.821690007120607e-06
12 -7.139729828534103e-06
12 -6.437715451794168e-06
12 -7.287732454343827e-06
12 -8.015195165436221e-06
12 -7.458006921618828e-06
12 -5.998617057518177e-06
12 -7.737586696196562e-06
12 -7.775498916584087e-06
12 -6.803845481348351e-06
12 -7.741754059536896e-06
12 -7.180001781010594e-06
12 -7.235202520540319e-06
12 -6.967032837003925e-06
12 -7.487579060837145e-06
12 -6.938750218461295e-06
12 -7.123221990710972e-06
12 -7.616596266595664e-06
12 -6.754902679046882e-06
12 -8.2833004108617e-06
12 -7.239522071873218e-06
12 -7.102450106068586e-06
12 -7.791522736662034e-06
12 -6.715811063268518e-06
12 -7.257666273479451e-06
12 -6.897449972578596e-06
12 -6.247483556180982e-06
12 -7.399888029850864e-06
12 -7.469809007068887e-06
12 -8.031219139493409e-06
12 -6.876767231255511e-06
12 -7.048920447839712e-06
12 -7.007781155623353e-06
12 -7.219469896922985e-06
12 -7.243133130915104e-06
12 -6.949338416624562e-06
12 -7.863266933552174e-06
12 -7.666245473627518e-06
12 -6.466823276094062e-06
12 -7.285479658384719e-06
12 -7.208243560700646e-06
12 -7.90252996298107e-06
12 -7.550645121260503e-06
12 -6.195690909213638e-06
12 -7.21266742834255e-06
12 -6.783072845371286e-06
12 -6.940603190911231e-06
12 -7.933981486768576e-06
12 -6.945106326176751e-06
12 -7.275451308845794e-06
12 -7.695644193418275e-06
12 -7.991898663885066e-06
12 -8.34054585618425e-06
12 -7.015786294469551e-06
12 -7.2365373407537e-06
12 -7.990521680022193e-06
12 -6.905357225523576e-06
12 -7.700594586158137e-06
12 -7.437299347784862e-06
12 -6.824239204362532e-06
12 -6.729400577610993e-06
12 -7.621551344166111e-06
12 -6.485474338382263e-06
12 -7.317859359472252e-06
12 -6.249359269863028e-06
12 -7.491574480452582e-06
12 -7.346214368924214e-06
12 -6.89034892045063e-06
12 -7.260710918567701e-06
12 -7.243149579008355e-06
12 -6.766949926021333e-06
12 -6.869641561328818e-06
13 8.496999712235377e-05
13 8.58625114605065e-05
13 8.552519711645408e-05
13 8.520479865776277e-05
13 8.604312637366269e-05
13 8.590575838238586e-05
13 8.545235956647224e-05
13 8.642946654992555e-05
13 8.624848369834698e-05
13 8.580396853134772e-05
13 8.57069275043191e-05
13 8.614808477756488e-05
13 8.609095893746901e-05
13 8.51113823799825e-05
13 8.589109717284699e-05
13 8.553180522663431e-05
13 8.570957793645484e-05
13 8.58411668301616e-05
13 8.591525237992243e-05
13 8.566467577459037e-05
13 8.583841364133334e-05
13 8.54179638177285e-05
13 8.571858729201769e-05
13 8.650285626043369e-05
13 8.588968000308154e-05
13 8.708858860925968e-05
13 8.721083989922468e-05
13 8.668346905694811e-05
13 8.606772648817967e-05
13 8.595231741208004e-05
13 8.649232520415185e-05
13 8.654189499902512e-05
13 8.592321348337212e-05
13 8.560174343407696e-05
13 8.582990165464704e-05
13 8.534050376003959e-05
13 8.641865485016713e-05
13 8.613935613597745e-05
13 8.569929995100572e-05
13 8.664637520451105e-05
13 8.613016853435734e-05
13 8.618802417077984e-05
13 8.701240821894312e-05
13 8.577817841811477e-05
13 8.654397930670267e-05
13 8.645063311568342e-05
13 8.647238870816676e-05
13 8.633730925875162e-05
13 8.609412619690923e-05
13 8.634510215377634e-05
13 8.53595567538765e-05
13 8.614115195472421e-05
13 8.634637649709808e-05
13 8.574889918331517e-05
13 8.643037689781185e-05
13 8.577828400512761e-05
13 8.672081697930766e-05
13 8.633045130292682e-05
13 8.545218158570173e-05
13 8.565753376391034e-05
13 8.672005170577116e-05
13 8.579559407812151e-05
13 8.500703200722627e-05
13 8.653421050821013e-05
13 8.590934057732535e-05
13 8.607270119158426e-05
13 8.571372860273125e-05
13 8.558136155267453e-05
13 8.657725382284832e-05
13 8.539037812913771e-05
13 8.568402502997712e-05
13 8.555022508831404e-05
13 8.571508386173119e-05
13 8.602094466658687e-05
13 8.562352284535612e-05
13 8.714837007222567e-05
13 8.511854307139631e-05
13 8.552668960987203e-05
13 8.556758917241806e-05
13 8.487787985898404e-05
13 8.603433534371307e-05
13 8.56706150394653e-05
13 8.533191536187132e-05
13 8.604310196744931e-05
13 8.530842465551817e-05
13 8.582597935636685e-05
13 8.664578710559229e-05
13 8.538894703630548e-05
13 8.540913433751166e-05
13 8.612774667491335e-05
13 8.612921283910364e-05
13 8.538155032468011e-05
13 8.587066634763474e-05
13 8.482034451974184e-05
13 8.559109227815409e-05
13 8.483830831385136e-05
13 8.652222388744106e-05
13 8.578911271370479e-05
13 8.642910720104831e-05
13 8.522862540745008e-05
14 -1.221497797271975e-05
14 -1.187912499189032e-05
14 -1.37749003844725e-05
14 -1.296820468393514e-05
14 -1.213128387068766e-05
14 -1.254806193120635e-05
14 -1.281001285620302e-05
14 -1.200710656060765e-05
14 -1.112165873156342e-05
14 -1.217676365336391e-05
14 -1.176300784011265e-05
14 -1.171852319245861e-05
14 -1.153522636901153e-05
14 -1.225552187480865e-05
14 -1.191424175638638e-05
14 -1.202436529463395e-05
14 -1.255625992106935e-05
14 -1.236705894884593e-05
14 -1.267055432913379e-05
14 -1.17057954455907e-05
14 -1.128100687319791e-05
14 -1.232057962288278e-05
14 -1.25751413900285e-05
14 -1.374418839607807e-05
14 -1.244645463347614e-05
14 -1.28475143647765e-05
14 -1.220505301285731e-05
14 -1.211670942769101e-05
14 -1.231169065447688e-05
14 -1.237790421765412e-05
14 -1.19373548872945e-05
14 -1.247785833408025e-05
14 -1.190139796679999e-05
14 -1.291809774936818e-05
14 -1.268492322216579e-05
14 -1.287377302938494e-05
14 -1.205391983424816e-05
14 -1.22401235728822e-05
14 -1.286869411642794e-05
14 -1.269162384693301e-05
14 -1.129430636972977e-05
14 -1.15061301945314e-05
14 -1.268130537250089e-05
14 -1.251452140569465e-05
14 -1.242342374908802e-05
14 -1.169875545566576e-05
14 -1.139890334294732e-05
14 -1.227533632550995e-05
14 -1.267823998674241e-05
14 -1.205637042311885e-05
14 -1.299033825404012e-05
14 -1.256155932115519e-05
14 -1.298668990932048e-05
14 -1.259557157660559e-05
14 -1.277951092514631e-05
14 -1.236490635787542e-05
14 -1.316574258462286e-05
14 -1.170735386372558e-05
14 -1.227688849788575e-05
14 -1.215011548516394e-05
14 -1.202710564413313e-05
14 -1.255753707823104e-05
14 -1.284710232623567e-05
14 -1.328812947446987e-05
14 -1.199809231650129e-05
14 -1.226063250452585e-05
14 -1.197894721000824e-05
14 -1.261077615360071e-05
14 -1.233655745032702e-05
14 -1.19907323837496e-05
14 -1.301285772377349e-05
14 -1.193505367922425e-05
14 -1.307510441100753e-05
14 -1.206395511303396e-05
14 -1.211281855494311e-05
14 -1.247963008967446e-05
14 -1.197470945245152e-05
14 -1.234070655063537e-05
14 -1.317693680762336e-05
14 -1.278588150520725e-05
14 -1.315938934477396e-05
14 -1.247674508698511e-05
14 -1.321575784851457e-05
14 -1.263834279376929e-05
14 -1.204104964638744e-05
14 -1.249358221877245e-05
14 -1.2892490872836e-05
14 -1.299905225110767e-05
14 -1.176649839441464e-05
14 -1.187402936079145e-05
14 -1.255566661161178e-05
14 -1.172730769436227e-05
14 -1.244781052990436e-05
14 -1.223355239100083e-05
14 -1.292017395908481e-05
14 -1.181438698150116e-05
14 -1.173483618108852e-05
14 -1.221960952284208e-05
14 -1.192401651406582e-05
14 -1.259231540177961e-05
15 0.0001214433867847081
15 0.0001219224787471405
15 0.0001219770329606391
15 0.0001223126041424567
15 0.0001226515687163178
15 0.0001220263971904088
15 0.000121570704869407
15 0.0001225257301220434
15 0.0001225655776159526
15 0.0001207372972084957
15 0.0001217095756270127
15 0.0001217740423795365
15 0.0001218354527886729
15 0.0001226733130571521
15 0.0001218249173525395
15 0.0001219526473185332
15 0.0001224221427083727
15 0.0001217331224422703
15 0.000121431185477481
15 0.000121209526776986
15 0.0001226543731276621
15 0.0001217517864589772
15 0.0001224938393991185
15 0.0001217004604097161
15 0.0001218483513828038
15 0.0001216012814374499
15 0.0001218408396261668
15 0.0001214176276415155
15 0.0001216643142293955
15 0.0001215742596242179
15 0.0001215680533886715
15 0.0001217023036129406
15 0.0001216122921336468
15 0.0001221055375868853
15 0.0001216756531661932
15 0.0001211011208888254
15 0.0001222687439403229
15 0.0001209637062372667
15 0.0001219446349946459
15 0.0001224323413651215
15 0.0001224687202335421
15 0.0001219083368850195
15 0.0001218087423181192
15 0.0001214622639727291
15 0.0001206756092174109
15 0.0001219342102271133
15 0.0001210854564458169
15 0.0001213830391619549
15 0.0001221120896685708
15 0.0001210326208565211
15 0.000120887657473465
15 0.0001223232535160405
15 0.0001226191498237684
15 0.0001225236682528294
15 0.0001217951907041599
15 0.0001206872134551834
15 0.0001218542411128583
15 0.000122118909681406
15 0.0001229581442851036
15 0.0001206784665211524
15 0.0001221817224610107
15 0.0001218789579663325
15 0.0001220000313905733
15 0.0001214050923622152
15 0.0001219610940728565
15 0.0001216420696207226
15 0.0001215019995201859
15 0.000121797196654155
15 0.0001226443078262149
15 0.0001222178179543205
15 0.0001221818213088528
15 0.0001216473461724451
15 0.0001218283468943423
15 0.0001221707615190465
15 0.0001218817788228007
15 0.0001218184219028646
15 0.0001221049000082176
15 0.0001233869215951667
15 0.0001217044684982962
15 0.0001219061911090384
15 0.0001216024377336712
15 0.0001226464076130093
15 0.0001214061895351991
15 0.0001231774616909727
15 0.0001216918489239529
15 0.0001227293318955819
15 0.0001225924401574945
15 0.0001220808482989611
15 0.0001215129386542684
15 0.0001221760793509482
15 0.000122022891157676
15 0.0001224932946156066
15 0.0001220840423687349
15 0.0001226806705491388
15 0.0001219055834235676
15 0.0001218538727314038
15 0.0001220662221663743
15 0.0001218469003947858
15 0.0001213350451681488
15 0.0001221344390867054
16 -2.878707883359619e-05
16 -2.96128217926135e-05
16 -2.892625690854072e-05
16 -2.958473438662814e-05
16 -2.93599183887859e-05
16 -2.913354079101017e-05
16 -2.915594233909214e-05
16 -2.916541036376172e-05
16 -2.878505231455151e-05
16 -2.875917047877217e-05
16 -2.855944567363153e-05
16 -2.834152755179602e-05
16 -2.898499681006869e-05
16 -2.942782098947039e-05
16 -2.824443505681796e-05
16 -2.785235230801198e-05
16 -2.855574497439581e-05
16 -2.980384870759762e-05
16 -2.848446324308592e-05
16 -2.971418598688443e-05
16 -3.01139942046866e-05
16 -2.955617590981502e-05
16 -3.030838891088231e-05
16 -2.890431187945342e-05
16 -2.831804164428388e-05
16 -2.940722051567159e-05
16 -2.890018962055786e-05
16 -2.831023639960874e-05
16 -2.99671587782072e-05
16 -2.889672973779346e-05
16 -3.018324959317888e-05
16 -2.968056629568635e-05
16 -2.854068930580878e-05
16 -2.891262457391679e-05
16 -2.926382613865501e-05
16 -2.928226474028173e-05
16 -2.913718596362452e-05
16 -2.940306231486681e-05
16 -2.933013070659753e-05
16 -2.845175326686398e-05
16 -2.851014959102331e-05
16 -2.932836859263957e-05
16 -2.848018589532295e-05
16 -2.915996930732752e-05
16 -2.877675871638122e-05
16 -2.896621333675375e-05
16 -2.763991843537137e-05
16 -2.95572820629434e-05
16 -2.90240272962227e-05
16 -2.84778274435772e-05
16 -2.899254632184631e-05
16 -2.922413670979218e-05
16 -2.944538532191563e-05
16 -2.908547815528413e-05
16 -2.995792651709141e-05
16 -2.88053485369588e-05
16 -2.733728019676935e-05
16 -2.87730744213772e-05
16 -2.942970049630388e-05
16 -2.875376124618186e-05
16 -2.910464991194753e-05
16 -2.817578664654342e-05
16 -2.913369299488816e-05
16 -2.733849952199431e-05
16 -2.882309396359527e-05
16 -2.979590971280659e-05
16 -2.835210046895114e-05
16 -2.865787434298295e-05
16 -2.884750605678502e-05
16 -2.898423018857503e-05
16 -2.909393713415984e-05
16 -2.965254728063238e-05
16 -2.840250119872649e-05
16 -2.788074787840056e-05
16 -2.933330088271841e-05
16 -2.941170205239721e-05
16 -2.933803499155991e-05
16 -2.868182775682605e-05
16 -2.815459873449746e-05
16 -2.906297677209992e-05
16 -2.896185649774107e-05
16 -2.763095320601299e-05
16 -2.883135485552638e-05
16 -2.852094501713045e-05
16 -2.869437461745612e-05
16 -2.850365500620177e-05
16 -2.810135624197128e-05
16 -2.906425399414398e-05
16 -2.801788909719187e-05
16 -2.918013145478841e-05
16 -2.918460983903039e-05
16 -2.856906929590736e-05
16 -2.968075857030961e-05
16 -2.899538254684807e-05
16 -2.800980712357672e-05
16 -2.876977270828498e-05
16 -2.888953591148304e-05
16 -3.005923272713086e-05
16 -2.877617034007656e-05
16 -2.927450236909411e-05
17 0.0002173958629214518
17 0.0002172452672988039
17 0.0002179192574002324
17 0.0002181433594190573
17 0.0002187578165465229
17 0.0002166970371220027
17 0.0002170178497356269
17 0.0002170225996103575
17 0.0002167313708242701
17 0.0002174428339968398
17 0.0002184650129026312
17 0.0002173485568129994
17 0.000217246767406722
17 0.0002169606239277495
17 0.0002184189736370533
17 0.0002157417243657296
17 0.0002176308775439809
17 0.000216799561043179
17 0.0002172655380031797
17 0.0002163485903704033
17 0.0002173905971363616
17 0.0002161503802787574
17 0.0002172986363449449
17 0.0002171813147461662
17 0.000217174272500598
17 0.0002171484912976293
17 0.0002171297280291134
17 0.0002177661062079447
17 0.0002171583647473679
17 0.0002186755527141167
17 0.0002164312268512444
17 0.0002165209173367423
17 0.00021711503465357
17 0.0002169526220020495
17 0.0002167468433403146
17 0.0002159910384967149
17 0.0002165135220696476
17 0.0002172650887501395
17 0.0002166199397394997
17 0.0002163613153405504
17 0.0002171283711597716
17 0.0002167757482227149
17 0.0002167323705726566
17 0.0002170148197285606
17 0.0002175096568585848
17 0.0002168137223279576
17 0.0002175171882139548
17 0.0002164724787402313
17 0.0002161560157916148
17 0.0002175650130718742
17 0.0002166399579501332
17 0.0002166875812662841
17 0.00021588379046919
17 0.0002175556667640045
17 0.0002164177206012465
17 0.0002155699510876619
17 0.0002182709289572558
17 0.0002175895221337185
17 0.00021675816820451
17 0.0002172410445450227
17 0.0002171461530697958
17 0.0002182992243080023
17 0.0002165137074531349
17 0.0002163873905691726
17 0.000217195554089898
17 0.0002168103799359265
17 0.0002188246602326273
17 0.0002171202061237607
17 0.0002174583745808505
17 0.0002170413577458867
17 0.0002173591142602607
17 0.000218799218286552
17 0.0002170871433351129
17 0.0002166506742400178
17 0.0002176365907990948
17 0.000217533927348554
17 0.0002170992324614953
17 0.0002176539297409451
17 0.0002169741038830496
17 0.0002168653461660041
17 0.0002170050307515513
17 0.0002170991876366773
17 0.0002163744022034779
17 0.000216684897334224
17 0.0002169732975301635
17 0.0002175990519752515
17 0.0002178242125948192
17 0.0002178447246858994
17 0.0002187189356312892
17 0.0002177423041362449
17 0.0002172736946367003
17 0.0002172701865184304
17 0.0002168004346073081
17 0.0002167391106876156
17 0.0002168155408934491
17 0.0002166964726664367
17 0.0002168782521251733
17 0.0002166721187837831
17 0.0002182238035397995
17 0.0002160073418554112
18 -0.000119875332313201
18 -0.0001193856923897589
18 -0.0001205573831815956
18 -0.0001212844382416218
18 -0.0001201007919157622
18 -0.000120312341077021
18 -0.0001209087371820252
18 -0.0001207154290620485
18 -0.0001183106683913795
18 -0.000119047642841614
18 -0.0001197952881127159
18 -0.0001209254514971007
18 -0.0001208949983173607
18 -0.0001208820091889192
18 -0.0001192854971304318
18 -0.0001201321368109276
18 -0.0001193718915753286
18 -0.0001211042448980424
18 -0.0001200598365840479
18 -0.0001188405408921876
18 -0.0001208010408263046
18 -0.0001197099506113375
18 -0.0001213698052372018
18 -0.0001206113203369452
18 -0.000119221369794995
18 -0.0001211704837337378
18 -0.0001203521981740778
18 -0.0001190279302471876
18 -0.0001192346269873588
18 -0.0001216094752590756
18 -0.0001197882360948321
18 -0.0001209247788776065
18 -0.0001208124405658897
18 -0.0001193808055779254
18 -0.0001192103724721174
18 -0.000120212664366912
18 -0.0001203812969433045
18 -0.0001199211002536727
18 -0.0001212293957925929
18 -0.0001206927603979979
18 -0.0001199128620556003
18 -0.0001192243306343086
18 -0.0001191701691669284
18 -0.0001200368328713878
18 -0.0001192365476196993
18 -0.0001188905170493377
18 -0.0001195935938181933
18 -0.0001212142918039848
18 -0.0001199497110876495
18 -0.000120498971980193
18 -0.0001199523981047726
18 -0.0001205005579041231
18 -0.0001192299036365976
18 -0.0001194923075965577
18 -0.0001197008661786093
18 -0.0001204301747505677
18 -0.0001216446569841104
18 -0.0001208942329807838
18 -0.0001191879421387776
18 -0.0001199089501283019
18 -0.0001198890820434789
18 -0.0001196208353871011
18 -0.0001210123653778776
18 -0.0001195685945685599
18 -0.0001195707019565054
18 -0.0001202010077092887
18 -0.000119553248679378
18 -0.0001194256141090456
18 -0.0001187618814765328
18 -0.0001198969531168783
18 -0.0001194633768964745
18 -0.000121089672572229
18 -0.00011886167537542
18 -0.0001207201311284575
18 -0.000121244073944379
18 -0.0001197260503623692
18 -0.0001212490643336183
18 -0.0001184267753598223
18 -0.0001203403025019062
18 -0.0001201839399895581
18 -0.0001209772877454979
18 -0.0001190326242619822
18 -0.0001201260537106993
18 -0.0001189149814428892
18 -0.0001194657086247452
18 -0.0001204449568986507
18 -0.0001214376696427929
18 -0.0001201260294852822
18 -0.0001195847672171249
18 -0.0001198458198657947
18 -0.0001203346594605236
18 -0.0001210621904242786
18 -0.0001206236986598049
18 -0.000119136951750687
18 -0.0001207392454256151
18 -0.0001209050364972063
18 -0.0001192948010964745
18 -0.0001188333149140499
18 -0.0001198039047049482
18 -0.0001186079600256072
19 0.0004410283598942038
19 0.0004396173874110995
19 0.0004395810423367236
19 0.0004394344199571819
19 0.0004407655217740109
19 0.0004407410856005522
19 0.0004395147880588338
19 0.0004396854594609487
19 0.0004436721317454635
19 0.0004397538728899305
19 0.0004371437886398944
19 0.0004412468387823627
19 0.0004407453977130863
19 0.0004389564511832892
19 0.0004393471998870182
19 0.0004401002338892193
19 0.000438993929084257
19 0.0004399898692959048
19 0.000441093094049667
19 0.0004397229432275177
19 0.0004381772369779023
19 0.0004403908124646411
19 0.000440504797798995
19 0.00043850640520364
19 0.0004412909841100895
19 0.000438254049572034
19 0.0004391974973931465
19 0.0004400576692746509
19 0.0004378532867315832
19 0.0004403079667145141
19 0.00044027849755392
19 0.0004408270249178809
19 0.0004407227603488411
19 0.000440591292227407
19 0.0004391156329778155
19 0.0004407282245889907
19 0.0004405948945572955
19 0.0004385657789257807
19 0.0004404556147514722
19 0.0004377592953461556
19 0.0004413927779030006
19 0.0004399747341928497
19 0.0004399276689973466
19 0.0004390090299529311
19 0.0004404263982085343
19 0.0004403475017201387
19 0.0004409424999449947
19 0.000440024945512098
19 0.0004407446185220535
19 0.0004392289083560835
19 0.0004387848687924471
19 0.0004389198077695575
19 0.0004412789896831668
19 0.0004381085235964778
19 0.0004413040317352951
19 0.0004402224303881609
19 0.0004393053451517933
19 0.0004394422478734258
19 0.0004383191246027449
19 0.0004397981812854714
19 0.000440451615246391
19 0.000439929725004461
19 0.0004400717306101091
19 0.0004403140873311559
19 0.000438926664168603
19 0.000438833273088299
19 0.0004416458154749809
19 0.0004415101205938833
19 0.0004419032907530825
19 0.0004403269083130113
19 0.0004383361732989841
19 0.0004394526939827021
19 0.0004406848574220983
19 0.0004382687644323594
19 0.0004407644647631823
19 0.0004376866432716332
19 0.0004399761084193641
19 0.0004402068424636931
19 0.0004413117954115586
19 0.0004386069502321616
19 0.0004392453866380879
19 0.000439730625954866
19 0.0004409379315721245
19 0.0004382459883209763
19 0.000439418774478965
19 0.0004401754106839693
19 0.0004396818065971402
19 0.0004396444069076219
19 0.0004392262731711244
19 0.0004395280264207049
19 0.0004389827937594793
19 0.0004405664641840082
19 0.0004388419999445067
19 0.0004385683712607936
19 0.0004409487113143666
19 0.0004380831546649064
19 0.0004387279078627051
19 0.0004390175972724007
19 0.0004390960938755251
19 0.0004404433714465936
