0 0.001414561853348763 3.504308100293946e-07
1 0.0005528508493205216 1.579003206223451e-07
2 5.627706001280286e-05 9.429837372176543e-08
3 4.177343630297456e-05 8.26355000428871e-08
4 5.133228937960579e-06 7.304081959622933e-08
5 6.051635813975344e-06 8.205949107854247e-08
6 9.855285838495561e-07 6.079433149069862e-08
7 1.358020317625999e-06 7.991314616395969e-08
8 2.421665880895571e-07 6.842388825205321e-08
9 5.801554200975754e-07 5.572350730812874e-08
10 1.253574506271731e-07 5.769506978465882e-08
11 4.105350247582907e-07 6.373251520889925e-08
12 1.613160150864583e-07 6.705517615384175e-08
13 3.046027242535792e-07 5.679519159295094e-08
14 3.909204461564876e-08 5.908898509952963e-08
15 2.080049349129856e-07 5.274232622039285e-08
16 5.204894988254736e-08 6.033604028971455e-08
17 2.408995507043788e-07 6.194718827549294e-08
18 7.795822441257047e-08 5.210581427621306e-08
19 1.699946770631963e-07 5.411698368419723e-08
20 3.592863141703338e-08 5.982690122446545e-08
21 1.593978924080581e-07 7.079060739978643e-08
22 3.135920297398983e-08 5.273343913567332e-08
23 2.052173183395645e-07 6.223621411070632e-08
24 1.641393474103339e-07 4.964440665495021e-08
25 1.792610504479652e-07 6.23923994330714e-08
26 1.475050136151064e-07 5.328334817030182e-08
27 1.7730259754358e-07 5.553028610315124e-08
28 1.614447881323034e-07 5.345705064455611e-08
29 2.488855488841032e-07 5.80162671342584e-08
30 1.945776938121199e-07 5.33551480533714e-08
31 5.514251688463155e-07 6.301863194163837e-08
32 3.324292351255457e-07 6.487563756858577e-08
33 1.386478968245148e-06 7.124260160728479e-08
34 9.768401545788806e-07 6.424021751534442e-08
35 6.003796410486828e-06 6.968937628573869e-08
36 5.082043717189057e-06 5.807676942919981e-08
37 4.181415751005493e-05 6.38470429620539e-08
38 5.612409943981507e-05 9.973354897999521e-08
39 0.000553236407183079 1.629967567594358e-07
