0 0.0007124305400454848 2.127479661576769e-06
1 0.000830006531787803 2.159917244895491e-06
2 -0.0002777749248633948 2.075561950045134e-06
3 0.0003140569766397362 2.103334176387083e-06
4 -0.0002145374894157058 2.119507397491049e-06
5 0.0002382609139144028 2.004672460372175e-06
6 -0.0001729560096435767 2.137022561338911e-06
7 0.0002043160187463351 1.982794116093414e-06
8 -0.0001484944016749235 2.217058456501867e-06
9 0.000183276130351696 2.106284489081761e-06
10 -0.0001332062282824874 1.885272148270787e-06
11 0.0001695879122329796 1.94762253212037e-06
12 -0.0001230585205275017 1.963993407893573e-06
13 0.0001601596323117559 1.789068006090062e-06
14 -0.0001159468417851492 1.845948145471734e-06
15 0.0001540240737674365 1.611203063372188e-06
16 -0.0001108375608732836 1.938726187567188e-06
17 0.0001501482150054998 1.943185320741201e-06
18 -0.0001076980202432108 1.643964721143954e-06
19 0.0001476434429705829 1.766852528146665e-06
20 -0.0001072249382874411 1.771413110273256e-06
21 0.0001482557706022277 1.780817308831437e-06
22 -0.000108039892146961 1.795884078721707e-06
23 0.0001498626288515465 1.958734548989502e-06
24 -0.00011089855532811 1.646452860219603e-06
25 0.0001537330608128611 1.740124815212483e-06
26 -0.000115060364932248 1.865242314529278e-06
27 0.0001601074703567158 1.987827853814164e-06
28 -0.0001218493092955559 1.960369709593765e-06
29 0.0001692043722944474 1.974234838039564e-06
30 -0.0001319813082461057 1.659639339741201e-06
31 0.000182944057984459 1.872188025143579e-06
32 -0.0001475538818855158 1.988877497955134e-06
33 0.0002039504566506493 2.021842772642088e-06
34 -0.0001721923501717989 1.970129785115536e-06
35 0.0002383428952645389 1.743970008216658e-06
36 -0.0002145210325461339 2.049716169872885e-06
37 0.0003142050488765365 1.669438632891182e-06
38 -0.0002772279623861581 1.996238448604169e-06
39 0.0008301440676981608 2.133526307813821e-06
