# Grace project file
#
@version 50122
@page size 792, 612
@page scroll 5%
@page inout 5%
@link page off
@map font 0 to "Times-Roman", "Times-Roman"
@map font 1 to "Times-Italic", "Times-Italic"
@map font 2 to "Times-Bold", "Times-Bold"
@map font 3 to "Times-BoldItalic", "Times-BoldItalic"
@map font 4 to "Helvetica", "Helvetica"
@map font 5 to "Helvetica-Oblique", "Helvetica-Oblique"
@map font 6 to "Helvetica-Bold", "Helvetica-Bold"
@map font 7 to "Helvetica-BoldOblique", "Helvetica-BoldOblique"
@map font 8 to "Courier", "Courier"
@map font 9 to "Courier-Oblique", "Courier-Oblique"
@map font 10 to "Courier-Bold", "Courier-Bold"
@map font 11 to "Courier-BoldOblique", "Courier-BoldOblique"
@map font 12 to "Symbol", "Symbol"
@map font 13 to "ZapfDingbats", "ZapfDingbats"
@map color 0 to (255, 255, 255), "white"
@map color 1 to (0, 0, 0), "black"
@map color 2 to (255, 0, 0), "red"
@map color 3 to (0, 255, 0), "green"
@map color 4 to (0, 0, 255), "blue"
@map color 5 to (255, 255, 0), "yellow"
@map color 6 to (188, 143, 143), "brown"
@map color 7 to (220, 220, 220), "grey"
@map color 8 to (148, 0, 211), "violet"
@map color 9 to (0, 255, 255), "cyan"
@map color 10 to (255, 0, 255), "magenta"
@map color 11 to (255, 165, 0), "orange"
@map color 12 to (114, 33, 188), "indigo"
@map color 13 to (103, 7, 72), "maroon"
@map color 14 to (64, 224, 208), "turquoise"
@map color 15 to (0, 139, 0), "green4"
@reference date 0
@date wrap off
@date wrap year 1950
@default linewidth 1.0
@default linestyle 1
@default color 1
@default pattern 1
@default font 0
@default char size 1.000000
@default symbol size 1.000000
@default sformat "%.8g"
@background color 0
@page background fill on
@timestamp off
@timestamp 0.03, 0.03
@timestamp color 1
@timestamp rot 0
@timestamp font 0
@timestamp char size 1.000000
@timestamp def "Mon Feb 21 18:23:11 2022"
@r0 off
@link r0 to g0
@r0 type above
@r0 linestyle 1
@r0 linewidth 1.0
@r0 color 1
@r0 line 0, 0, 0, 0
@r1 off
@link r1 to g0
@r1 type above
@r1 linestyle 1
@r1 linewidth 1.0
@r1 color 1
@r1 line 0, 0, 0, 0
@r2 off
@link r2 to g0
@r2 type above
@r2 linestyle 1
@r2 linewidth 1.0
@r2 color 1
@r2 line 0, 0, 0, 0
@r3 off
@link r3 to g0
@r3 type above
@r3 linestyle 1
@r3 linewidth 1.0
@r3 color 1
@r3 line 0, 0, 0, 0
@r4 off
@link r4 to g0
@r4 type above
@r4 linestyle 1
@r4 linewidth 1.0
@r4 color 1
@r4 line 0, 0, 0, 0
@g0 on
@g0 hidden false
@g0 type XY
@g0 stacked false
@g0 bar hgap 0.000000
@g0 fixedpoint off
@g0 fixedpoint type 0
@g0 fixedpoint xy 0.000000, 0.000000
@g0 fixedpoint format general general
@g0 fixedpoint prec 6, 6
@with g0
@    world 7.32025710717, -1.4969481426e-07, 33.8837677349, 2.04310995908e-06
@    stack world 7.32025711, 33.8837677, -1.49694814e-07, 2.04310996e-06
@    znorm 1
@    view 0.150000, 0.150000, 1.150000, 0.850000
@    title ""
@    title font 0
@    title size 1.500000
@    title color 1
@    subtitle "T40L48, \x b \f{}=4.14, b\sz\N=0"
@    subtitle font 0
@    subtitle size 1.000000
@    subtitle color 1
@    xaxes scale Normal
@    yaxes scale Normal
@    xaxes invert off
@    yaxes invert off
@    xaxis  on
@    xaxis  type zero false
@    xaxis  offset 0.000000 , 0.000000
@    xaxis  bar on
@    xaxis  bar color 1
@    xaxis  bar linestyle 1
@    xaxis  bar linewidth 1.0
@    xaxis  label "t\sE"
@    xaxis  label layout para
@    xaxis  label place auto
@    xaxis  label char size 1.000000
@    xaxis  label font 0
@    xaxis  label color 1
@    xaxis  label place normal
@    xaxis  tick on
@    xaxis  tick major 5
@    xaxis  tick minor ticks 1
@    xaxis  tick default 6
@    xaxis  tick place rounded true
@    xaxis  tick in
@    xaxis  tick major size 1.000000
@    xaxis  tick major color 1
@    xaxis  tick major linewidth 1.0
@    xaxis  tick major linestyle 1
@    xaxis  tick major grid off
@    xaxis  tick minor color 1
@    xaxis  tick minor linewidth 1.0
@    xaxis  tick minor linestyle 1
@    xaxis  tick minor grid off
@    xaxis  tick minor size 0.500000
@    xaxis  ticklabel on
@    xaxis  ticklabel format general
@    xaxis  ticklabel prec 5
@    xaxis  ticklabel formula ""
@    xaxis  ticklabel append ""
@    xaxis  ticklabel prepend ""
@    xaxis  ticklabel angle 0
@    xaxis  ticklabel skip 0
@    xaxis  ticklabel stagger 0
@    xaxis  ticklabel place normal
@    xaxis  ticklabel offset auto
@    xaxis  ticklabel offset 0.000000 , 0.010000
@    xaxis  ticklabel start type auto
@    xaxis  ticklabel start 0.000000
@    xaxis  ticklabel stop type auto
@    xaxis  ticklabel stop 0.000000
@    xaxis  ticklabel char size 1.000000
@    xaxis  ticklabel font 0
@    xaxis  ticklabel color 1
@    xaxis  tick place both
@    xaxis  tick spec type none
@    yaxis  on
@    yaxis  type zero false
@    yaxis  offset 0.000000 , 0.000000
@    yaxis  bar on
@    yaxis  bar color 1
@    yaxis  bar linestyle 1
@    yaxis  bar linewidth 1.0
@    yaxis  label "Corr\sperp"
@    yaxis  label layout para
@    yaxis  label place auto
@    yaxis  label char size 1.000000
@    yaxis  label font 0
@    yaxis  label color 1
@    yaxis  label place normal
@    yaxis  tick on
@    yaxis  tick major 5e-07
@    yaxis  tick minor ticks 1
@    yaxis  tick default 6
@    yaxis  tick place rounded true
@    yaxis  tick in
@    yaxis  tick major size 1.000000
@    yaxis  tick major color 1
@    yaxis  tick major linewidth 1.0
@    yaxis  tick major linestyle 1
@    yaxis  tick major grid off
@    yaxis  tick minor color 1
@    yaxis  tick minor linewidth 1.0
@    yaxis  tick minor linestyle 1
@    yaxis  tick minor grid off
@    yaxis  tick minor size 0.500000
@    yaxis  ticklabel on
@    yaxis  ticklabel format general
@    yaxis  ticklabel prec 5
@    yaxis  ticklabel formula ""
@    yaxis  ticklabel append ""
@    yaxis  ticklabel prepend ""
@    yaxis  ticklabel angle 0
@    yaxis  ticklabel skip 0
@    yaxis  ticklabel stagger 0
@    yaxis  ticklabel place normal
@    yaxis  ticklabel offset auto
@    yaxis  ticklabel offset 0.000000 , 0.010000
@    yaxis  ticklabel start type auto
@    yaxis  ticklabel start 0.000000
@    yaxis  ticklabel stop type auto
@    yaxis  ticklabel stop 0.000000
@    yaxis  ticklabel char size 1.000000
@    yaxis  ticklabel font 0
@    yaxis  ticklabel color 1
@    yaxis  tick place both
@    yaxis  tick spec type none
@    altxaxis  off
@    altyaxis  off
@    legend on
@    legend loctype view
@    legend 0.85, 0.8
@    legend box color 1
@    legend box pattern 1
@    legend box linewidth 1.0
@    legend box linestyle 1
@    legend box fill color 0
@    legend box fill pattern 1
@    legend font 0
@    legend char size 1.000000
@    legend color 1
@    legend length 4
@    legend vgap 1
@    legend hgap 1
@    legend invert false
@    frame type 0
@    frame linestyle 1
@    frame linewidth 1.0
@    frame color 1
@    frame pattern 1
@    frame background color 0
@    frame background pattern 0
@    s0 hidden false
@    s0 type xydy
@    s0 symbol 2
@    s0 symbol size 1.000000
@    s0 symbol color 2
@    s0 symbol pattern 1
@    s0 symbol fill color 2
@    s0 symbol fill pattern 0
@    s0 symbol linewidth 1.0
@    s0 symbol linestyle 1
@    s0 symbol char 65
@    s0 symbol char font 0
@    s0 symbol skip 0
@    s0 line type 1
@    s0 line linestyle 1
@    s0 line linewidth 1.0
@    s0 line color 2
@    s0 line pattern 1
@    s0 baseline type 0
@    s0 baseline off
@    s0 dropline off
@    s0 fill type 0
@    s0 fill rule 0
@    s0 fill color 1
@    s0 fill pattern 1
@    s0 avalue off
@    s0 avalue type 2
@    s0 avalue char size 1.000000
@    s0 avalue font 0
@    s0 avalue color 1
@    s0 avalue rot 0
@    s0 avalue format general
@    s0 avalue prec 3
@    s0 avalue prepend ""
@    s0 avalue append ""
@    s0 avalue offset 0.000000 , 0.000000
@    s0 errorbar on
@    s0 errorbar place both
@    s0 errorbar color 2
@    s0 errorbar pattern 1
@    s0 errorbar size 1.000000
@    s0 errorbar linewidth 1.0
@    s0 errorbar linestyle 1
@    s0 errorbar riser linewidth 1.0
@    s0 errorbar riser linestyle 1
@    s0 errorbar riser clip off
@    s0 errorbar riser clip length 0.100000
@    s0 comment "Means_b0_M_xy.out"
@    s0 legend  ""
#QTGRACE_ADDITIONAL_PARAMETER: PLOT_ALPHA 255 255
#QTGRACE_ADDITIONAL_PARAMETER: GRAPH_ALPHA G 0 {255;255;255;255;255;255;255}
#QTGRACE_ADDITIONAL_PARAMETER: AXIS_ALPHA G 0 A 0 {255;255;255;255;255}
#QTGRACE_ADDITIONAL_PARAMETER: AXIS_ALPHA G 0 A 1 {255;255;255;255;255}
#QTGRACE_ADDITIONAL_PARAMETER: AXIS_ALPHA G 0 A 2 {255;255;255;255;255}
#QTGRACE_ADDITIONAL_PARAMETER: AXIS_ALPHA G 0 A 3 {255;255;255;255;255}
#QTGRACE_ADDITIONAL_PARAMETER: G 0 S 0 POLYGONEBASESET -1
#QTGRACE_ADDITIONAL_PARAMETER: G 0 S 0 SHOWERRORBARINLEGEND 0
#QTGRACE_ADDITIONAL_PARAMETER: G 0 S 0 CONNECTERRORBARS 0
#QTGRACE_ADDITIONAL_PARAMETER: G 0 S 0 IGNOREINAUTOSCALE 0
#QTGRACE_ADDITIONAL_PARAMETER: G 0 S 0 ALPHA_CHANNELS {255;255;255;255;255;255}
#QTGRACE_ADDITIONAL_PARAMETER: AUTOATTACH G 0 0 0
#QTGRACE_ADDITIONAL_PARAMETER: TITLE_SHIFT G 0 0 0
#QTGRACE_ADDITIONAL_PARAMETER: SUBTITLE_SHIFT G 0 0 0
#QTGRACE_ADDITIONAL_PARAMETER: VIEWPORT_NAME 0 0 "Default"
#QTGRACE_ADDITIONAL_PARAMETER: QTFONT_RESET 1
#QTGRACE_ADDITIONAL_PARAMETER: QTFONT "Times New Roman,10,-1,5,50,0,0,0,0,0"
#QTGRACE_ADDITIONAL_PARAMETER: QTFONT "Times New Roman,10,-1,5,50,1,0,0,0,0"
#QTGRACE_ADDITIONAL_PARAMETER: QTFONT "Times New Roman,10,-1,5,75,0,0,0,0,0"
#QTGRACE_ADDITIONAL_PARAMETER: QTFONT "Times New Roman,10,-1,5,75,1,0,0,0,0"
#QTGRACE_ADDITIONAL_PARAMETER: QTFONT "Helvetica,10,-1,5,50,0,0,0,0,0"
#QTGRACE_ADDITIONAL_PARAMETER: QTFONT "Helvetica,10,-1,5,50,1,0,0,0,0"
#QTGRACE_ADDITIONAL_PARAMETER: QTFONT "Helvetica,10,-1,5,75,0,0,0,0,0"
#QTGRACE_ADDITIONAL_PARAMETER: QTFONT "Helvetica,10,-1,5,75,1,0,0,0,0"
#QTGRACE_ADDITIONAL_PARAMETER: QTFONT "Courier,10,-1,5,50,0,0,0,0,0"
#QTGRACE_ADDITIONAL_PARAMETER: QTFONT "Courier,10,-1,5,50,1,0,0,0,0"
#QTGRACE_ADDITIONAL_PARAMETER: QTFONT "Courier,10,-1,5,75,0,0,0,0,0"
#QTGRACE_ADDITIONAL_PARAMETER: QTFONT "Courier,10,-1,5,75,1,0,0,0,0"
#QTGRACE_ADDITIONAL_PARAMETER: QTFONT "Symbol,10,-1,5,50,0,0,0,0,0"
#QTGRACE_ADDITIONAL_PARAMETER: QTFONT "Zapf Dingbats,10,-1,5,50,0,0,0,0,0"
#QTGRACE_ADDITIONAL_PARAMETER: ENCODING "UTF-8"
#QTGRACE_ADDITIONAL_PARAMETER: UNIVERSAL_FONT_SIZE_FACTOR 1.0000
#QTGRACE_ADDITIONAL_PARAMETER: TIMESTAMP_PATH 0
#QTGRACE_ADDITIONAL_PARAMETER: LINESTYLES 9 {2;2;2;2;2;4;4;6;6} {{0;1},{1;0},{1;3},{5;3},{7;3},{1;3;5;3},{1;3;7;3},{1;3;5;3;1;3},{5;3;1;3;5;3}}
@target G0.S0
@type xydy
0 0.0016497609 4.1091188e-07
1 0.000832498 4.7684693e-07
2 6.8009799e-05 3.0454155e-07
3 5.4778299e-05 3.0428722e-07
4 9.4979748e-06 2.7396148e-07
5 1.0501668e-05 2.4250865e-07
6 3.0130767e-06 2.2895521e-07
7 3.5901486e-06 2.1330955e-07
8 1.3610134e-06 2.2052091e-07
9 1.5881825e-06 2.136974e-07
10 7.9940167e-07 2.3708665e-07
11 8.5094822e-07 2.0762237e-07
12 5.8376209e-07 2.5620816e-07
13 5.5545008e-07 2.194908e-07
14 4.4715655e-07 2.6260942e-07
15 4.6351332e-07 2.3362019e-07
16 3.8002036e-07 2.4976406e-07
17 3.8781271e-07 2.2979023e-07
18 4.5711271e-07 2.4444711e-07
19 2.3293916e-07 2.3106531e-07
20 3.5999201e-07 2.2280431e-07
21 1.4911802e-07 2.2244516e-07
22 3.5340678e-07 2.1007282e-07
23 2.592929e-07 2.1793818e-07
24 4.4503652e-07 2.1791183e-07
25 4.2261722e-07 2.0177271e-07
26 4.7832357e-07 2.3924413e-07
27 6.1577314e-07 1.8509126e-07
28 4.5212045e-07 2.4893771e-07
29 9.3184979e-07 1.9719533e-07
30 7.077444e-07 2.4832435e-07
31 1.7179912e-06 2.2608076e-07
32 1.2432044e-06 2.3712765e-07
33 3.8081608e-06 2.7112069e-07
34 2.8429399e-06 2.5393811e-07
35 1.0772715e-05 2.9973436e-07
36 9.4604519e-06 3.1056587e-07
37 5.51548e-05 3.4292924e-07
38 6.8078954e-05 3.6140998e-07
39 0.0008332737 4.8827684e-07
&
