0 -0.001090363136006771 1.283378391249046e-06
1 0.0004402098198014131 1.067239041050613e-06
2 -0.0001196123391918785 7.162525846812876e-07
3 0.0002172041814515792 7.371498753111651e-07
4 -2.70308833365132e-05 6.390376066944655e-07
5 0.0001218388674690636 5.666008717207448e-07
6 -1.065200207766147e-05 5.027783135166549e-07
7 8.514518290843823e-05 5.849313871599868e-07
8 -6.175791017446187e-06 5.038304342227852e-07
9 7.225514267764482e-05 5.066564121957624e-07
10 -5.49947868822873e-06 4.860841919511068e-07
11 7.259862184387073e-05 4.843402082656286e-07
12 -7.230411311139324e-06 4.797293803368404e-07
13 8.591899010706419e-05 5.164261724226593e-07
14 -1.235702509197426e-05 5.129122477132361e-07
15 0.0001219043740192629 5.274006162426423e-07
16 -2.89377301691163e-05 5.980847417838115e-07
17 0.0002171418947956306 6.727318424229314e-07
18 -0.0001200422523138818 8.002395166261643e-07
19 0.0004398113579211907 1.091017345294885e-06
