0 -0.0008185960669226606 6.728724955454729e-07
1 0.0001116983739740428 5.130540758158979e-07
2 -1.904314997555421e-05 3.734170999825215e-07
3 3.323415853865798e-05 3.692258921077959e-07
4 -3.249772399212023e-07 4.011873074842023e-07
5 1.425650241103814e-05 3.478064767956988e-07
6 3.684993844516296e-07 3.432076766658312e-07
7 8.978898892549425e-06 3.717956698598799e-07
8 5.658388514865643e-07 2.978350809608704e-07
9 7.702135791279777e-06 3.325915702591407e-07
10 5.373061233115016e-07 3.139427822770561e-07
11 7.997713466334431e-06 3.026696423664168e-07
12 -1.322625174654805e-08 3.163156026041469e-07
13 9.786246244543484e-06 3.53259065632445e-07
14 -4.302842815095855e-07 3.15462672362432e-07
15 1.464357139439864e-05 3.601322220425376e-07
16 -1.463568148358032e-06 3.978395040776429e-07
17 3.355004074700975e-05 3.943723033509562e-07
18 -1.986105449096653e-05 4.329508335463039e-07
19 0.0001111228319303523 5.797504038458807e-07
