0 0.001513301882885223
0 0.001513334933594194
0 0.001513805509229781
0 0.001513795484451693
0 0.001513351708632291
0 0.001512951729664242
0 0.001513502996641716
0 0.001513170118845179
0 0.001513387268362357
0 0.001513135053160816
0 0.001513685060956602
0 0.001512928683185328
0 0.001512595771981468
0 0.001513128800652511
0 0.001513429965266427
0 0.001513702456101341
0 0.00151328920336661
0 0.001513455832212916
0 0.001513385121659534
0 0.001513733913789869
0 0.001513282724724307
0 0.001512769192854223
0 0.001513420067149382
0 0.001513323814749679
0 0.00151289638224264
0 0.001513643563910252
0 0.00151340497944518
0 0.001512819131592582
0 0.001513216696009735
0 0.001513696544337972
0 0.001513264768165049
0 0.001512878553193691
0 0.001513341536499985
0 0.001513822452753284
0 0.001513513212789607
0 0.001513488871366421
0 0.001512962356757695
0 0.001513577893238184
0 0.001513638486071727
0 0.001513239524725344
0 0.001513323030655853
0 0.001513173706928207
0 0.001513128079230051
0 0.00151323218619024
0 0.00151353429966703
0 0.001513369428209697
0 0.00151299272966099
0 0.001512944246225983
0 0.001513113537040666
0 0.001513263446688973
0 0.001513148583403734
0 0.001513887053321816
0 0.001512903797352203
0 0.001513619714244476
0 0.001513210505546335
0 0.00151351980418064
0 0.001513526153817983
0 0.001513316360406685
0 0.001512905351406013
0 0.001513373249937092
0 0.001513646849506411
0 0.001513453351243161
0 0.001513403580064729
0 0.001513623232048653
0 0.001513091755860595
0 0.001513143896443881
0 0.001513286157149987
0 0.001513870587539345
0 0.001513827349079411
0 0.001513075990935901
0 0.001513466740099325
0 0.001513696023220637
0 0.001513549299665105
0 0.001513534230398358
0 0.001513049194638149
0 0.001513405502401879
0 0.001513828380116004
0 0.001513347423448753
0 0.001512963677317512
0 0.001513094822667648
0 0.001513772073307295
0 0.001512872988860487
0 0.001513754289071344
0 0.001513839642661838
0 0.001513067685134335
0 0.001513721342957869
0 0.001513474621143254
0 0.001513130497591679
0 0.001513211651474972
0 0.001513131088741764
0 0.001512949038075658
0 0.001512831714859386
0 0.001512946520596525
0 0.001513838636105645
0 0.001513301110088706
0 0.001513391363725772
0 0.001513585839506619
0 0.001513523304816901
0 0.001513537067680675
0 0.00151304177624092
1 0.000533157717770871
1 0.000533394006303161
1 0.0005335131880455347
1 0.0005330612976595062
1 0.0005333618196389853
1 0.0005335644240172202
1 0.0005337789927245938
1 0.0005333614693217182
1 0.0005336621037811587
1 0.0005334022164926619
1 0.0005332250358306584
1 0.0005330946156046987
1 0.0005336389315704898
1 0.0005338124430876917
1 0.0005331049293324139
1 0.0005338101229274723
1 0.0005337981768377059
1 0.0005334771096704223
1 0.0005334028528464381
1 0.0005328779580635161
1 0.0005336683039429163
1 0.0005335991292912943
1 0.0005337070632021981
1 0.0005331984017773933
1 0.0005335599775242596
1 0.000533484590709522
1 0.0005334393509000582
1 0.0005337606609813806
1 0.0005333901912744554
1 0.000534076374591403
1 0.0005334693975823118
1 0.0005333148177142011
1 0.0005331608752041146
1 0.0005334550735401622
1 0.0005332447649158072
1 0.0005334659339690958
1 0.0005336640816147135
1 0.0005333268257962911
1 0.0005332057184801478
1 0.0005335922673697261
1 0.0005336389819653742
1 0.000533497394015207
1 0.0005337241515702763
1 0.000533321794949715
1 0.0005335848830076305
1 0.0005333012262541004
1 0.0005333993838216478
1 0.0005338359883466193
1 0.0005331148543804355
1 0.000533329183687459
1 0.0005334312692945037
1 0.0005331502904168637
1 0.0005335483813653436
1 0.0005335970902340669
1 0.0005334924388850898
1 0.0005331649097017258
1 0.0005333543515371693
1 0.0005335183971899745
1 0.0005333003974799729
1 0.0005337608810119458
1 0.0005336375290131288
1 0.0005330335337789479
1 0.0005333788500116094
1 0.0005330453474381993
1 0.0005332640699515639
1 0.000533007361349165
1 0.0005334291350766819
1 0.0005335402382581277
1 0.0005335637940157607
1 0.0005335945957991996
1 0.0005335189712173312
1 0.0005337244007377681
1 0.0005333985172484823
1 0.0005335328165159276
1 0.0005331344346070822
1 0.0005335538582330699
1 0.0005334267571417906
1 0.0005334340851756078
1 0.0005335032784143335
1 0.000533247512165156
1 0.0005334097664304949
1 0.0005334969555299999
1 0.0005329064408805743
1 0.0005333778497541028
1 0.0005334847327726238
1 0.0005335982732488526
1 0.000533462126573585
1 0.0005333943507263342
1 0.0005332906369071001
1 0.0005333961592861571
1 0.0005333394464586312
1 0.0005332259117288296
1 0.0005331136626911157
1 0.0005331738199620624
1 0.0005333449542649997
1 0.0005335839548204378
1 0.0005336689860944686
1 0.000533390198539629
1 0.0005335566973013155
1 0.0005335888879854837
2 6.673806487205501e-05
2 6.670822894982861e-05
2 6.640670123246757e-05
2 6.657230374970743e-05
2 6.640229236873249e-05
2 6.648534725806104e-05
2 6.61269357340848e-05
2 6.617837544353862e-05
2 6.623282047427203e-05
2 6.638274764990689e-05
2 6.64883987116655e-05
2 6.615816270733244e-05
2 6.656174742964428e-05
2 6.618463729893321e-05
2 6.674380280536245e-05
2 6.604779546725215e-05
2 6.657504939165555e-05
2 6.662042534709173e-05
2 6.662496828397079e-05
2 6.608538740413153e-05
2 6.647147361563906e-05
2 6.670544585111748e-05
2 6.601875292179154e-05
2 6.636297266962256e-05
2 6.661261673780646e-05
2 6.67973018166696e-05
2 6.684345479522777e-05
2 6.640117877021512e-05
2 6.630061795154744e-05
2 6.582092145999627e-05
2 6.59716959430881e-05
2 6.676265491774186e-05
2 6.623268074399993e-05
2 6.656417213972783e-05
2 6.656544798335121e-05
2 6.625575149230416e-05
2 6.661610345772837e-05
2 6.618008962781663e-05
2 6.630652031391179e-05
2 6.638545813389747e-05
2 6.634730661792829e-05
2 6.631148816105476e-05
2 6.63265481708595e-05
2 6.612094662323654e-05
2 6.620493583191644e-05
2 6.651285979161189e-05
2 6.623669672604428e-05
2 6.627676312830575e-05
2 6.672175962299469e-05
2 6.592548276946381e-05
2 6.626911470519325e-05
2 6.648911217804405e-05
2 6.625809544005104e-05
2 6.6614253015345e-05
2 6.641695445924677e-05
2 6.607010543923002e-05
2 6.634604440732869e-05
2 6.640688326280059e-05
2 6.621689942665891e-05
2 6.627070844282123e-05
2 6.623001190127992e-05
2 6.655541304065187e-05
2 6.664607081275308e-05
2 6.679329879656424e-05
2 6.681322659649586e-05
2 6.629089552716674e-05
2 6.657211763090978e-05
2 6.675851772693602e-05
2 6.646712598930488e-05
2 6.657925117293169e-05
2 6.64828104249889e-05
2 6.663440923851999e-05
2 6.667342357180722e-05
2 6.60703689867583e-05
2 6.649640149379867e-05
2 6.661559251387979e-05
2 6.618549356258133e-05
2 6.634571997793272e-05
2 6.645904091586969e-05
2 6.650037928124871e-05
2 6.619880487597222e-05
2 6.656113393874652e-05
2 6.639949168409111e-05
2 6.651921943934717e-05
2 6.633613284901124e-05
2 6.637730305427807e-05
2 6.603839535392262e-05
2 6.620868697497231e-05
2 6.607986624316964e-05
2 6.617010850055706e-05
2 6.631448475563606e-05
2 6.633737969078133e-05
2 6.617064219951363e-05
2 6.635477129477476e-05
2 6.655434921936889e-05
2 6.659058130584376e-05
2 6.630172986636297e-05
2 6.631530262556795e-05
2 6.619878543204538e-05
2 6.638979358470309e-05
3 4.421732264550175e-05
3 4.397565866502328e-05
3 4.44274777717881e-05
3 4.373463876802621e-05
3 4.418531632450897e-05
3 4.414804133627544e-05
3 4.402221952227143e-05
3 4.407452285449946e-05
3 4.3804098226543e-05
3 4.395996500179171e-05
3 4.409036146130325e-05
3 4.424150923004752e-05
3 4.414348178253374e-05
3 4.386119786437035e-05
3 4.403852001466657e-05
3 4.383491767200561e-05
3 4.43026828522824e-05
3 4.40493668382329e-05
3 4.392469483849527e-05
3 4.421083855344656e-05
3 4.412839527828494e-05
3 4.433776163627235e-05
3 4.412632576885337e-05
3 4.443779710727327e-05
3 4.403231959529191e-05
3 4.403169390159417e-05
3 4.411463739193943e-05
3 4.388215714579351e-05
3 4.394025126171325e-05
3 4.411460563556236e-05
3 4.406726626866733e-05
3 4.39359061818175e-05
3 4.424801004598978e-05
3 4.385153718242266e-05
3 4.387260477466268e-05
3 4.394414692085695e-05
3 4.421405642067995e-05
3 4.393865021563777e-05
3 4.384803804266275e-05
3 4.382105410678329e-05
3 4.412980494242751e-05
3 4.403234667690216e-05
3 4.408649543993264e-05
3 4.419008102685035e-05
3 4.382039036779154e-05
3 4.426488114592102e-05
3 4.415261320928826e-05
3 4.408644737334854e-05
3 4.406097773483591e-05
3 4.395979942303304e-05
3 4.434922692512896e-05
3 4.392921320035031e-05
3 4.39744700117015e-05
3 4.420352343856774e-05
3 4.397460043119257e-05
3 4.381768640448791e-05
3 4.395997137018452e-05
3 4.405144032623648e-05
3 4.410298356968145e-05
3 4.398968106083754e-05
3 4.427020114214132e-05
3 4.386161153256687e-05
3 4.360399797908183e-05
3 4.411290609011748e-05
3 4.394464816884478e-05
3 4.394939237360275e-05
3 4.393983648321664e-05
3 4.391566298996404e-05
3 4.420822235582845e-05
3 4.409059913769158e-05
3 4.404405804957854e-05
3 4.40465726883238e-05
3 4.429748886305227e-05
3 4.394880140445437e-05
3 4.400384512379354e-05
3 4.4205746957273e-05
3 4.389577081220519e-05
3 4.391397419032665e-05
3 4.405887683064175e-05
3 4.396295502208899e-05
3 4.392534950650955e-05
3 4.40147642107179e-05
3 4.406762501019778e-05
3 4.396836118189924e-05
3 4.441689199715784e-05
3 4.428433890028875e-05
3 4.389641661153407e-05
3 4.397451574134007e-05
3 4.409108803752922e-05
3 4.417236248729124e-05
3 4.423525941877091e-05
3 4.416475191244516e-05
3 4.395920105612363e-05
3 4.418455054759561e-05
3 4.422362582715122e-05
3 4.385818085799779e-05
3 4.392980591770079e-05
3 4.369005133178405e-05
3 4.421421175847904e-05
3 4.385601576524827e-05
4 9.003865377302702e-06
4 8.831898909228362e-06
4 8.547860748349315e-06
4 8.98855781133274e-06
4 9.014196391907182e-06
4 8.889837791458233e-06
4 9.093017043643796e-06
4 9.052465929468498e-06
4 9.068558750149547e-06
4 8.789137816488627e-06
4 9.155941932553468e-06
4 8.694111712705017e-06
4 8.515742930408142e-06
4 8.804568291383095e-06
4 8.950085619155541e-06
4 9.108074427326009e-06
4 9.179520435584036e-06
4 8.978384992578101e-06
4 9.08807980925332e-06
4 9.333770507458265e-06
4 8.985568621349078e-06
4 9.271196038457838e-06
4 8.875922280466735e-06
4 9.13675105271121e-06
4 9.265758477933761e-06
4 9.253505358527525e-06
4 8.970855080448167e-06
4 9.221681664257191e-06
4 8.814503791200049e-06
4 8.945745915820377e-06
4 9.00362528721068e-06
4 9.229763033461887e-06
4 9.139558710806606e-06
4 8.611077840193008e-06
4 8.705743341825743e-06
4 9.047626934036356e-06
4 8.984218898881346e-06
4 8.924151048428772e-06
4 8.837409567976452e-06
4 8.792712104646655e-06
4 8.809775339143783e-06
4 9.154685489291896e-06
4 9.106254467917569e-06
4 8.915002984278646e-06
4 9.08176884232453e-06
4 9.142060181976074e-06
4 9.178433815736787e-06
4 8.969930279188043e-06
4 8.957521013245682e-06
4 9.223224830912808e-06
4 9.129236574506976e-06
4 8.644570383008299e-06
4 8.809427052896806e-06
4 8.924856357725427e-06
4 8.764963547087258e-06
4 8.950989439719862e-06
4 8.914980514115713e-06
4 8.799162516828591e-06
4 9.216380451302975e-06
4 8.895849108188444e-06
4 8.671812645181203e-06
4 9.38706541212244e-06
4 9.074450210608562e-06
4 8.997855941582581e-06
4 9.352176774011744e-06
4 9.081353216266814e-06
4 8.969508311636032e-06
4 9.034061674561195e-06
4 8.694764612577377e-06
4 8.495982131944899e-06
4 8.814949832374725e-06
4 8.915587872936924e-06
4 9.247680392299151e-06
4 9.052528999062217e-06
4 8.686015775407665e-06
4 9.150051148967558e-06
4 9.168682450871524e-06
4 9.157678525189875e-06
4 8.605014670603959e-06
4 8.883982621447202e-06
4 9.243753943525232e-06
4 8.815337533153651e-06
4 9.072564245669297e-06
4 9.162082893143878e-06
4 8.762018462344793e-06
4 8.985329630654158e-06
4 9.209369882316971e-06
4 9.076458436785505e-06
4 8.996650741484934e-06
4 8.844072751305653e-06
4 8.954651689684648e-06
4 8.513919317741515e-06
4 9.107494407247978e-06
4 9.234295850193963e-06
4 9.070878687014928e-06
4 9.068909786759081e-06
4 8.396678828139532e-06
4 8.733007722106711e-06
4 9.017343599954028e-06
4 9.155096981987903e-06
5 9.632266484752234e-06
5 9.353635507082091e-06
5 9.550865357841208e-06
5 9.43307091752153e-06
5 9.619095588133328e-06
5 9.581694149514353e-06
5 9.57420949404241e-06
5 9.350294476017089e-06
5 9.575160870239784e-06
5 9.475235665574427e-06
5 9.545725363486223e-06
5 9.16042638935825e-06
5 9.443075189583979e-06
5 9.350431944133053e-06
5 9.390301133058309e-06
5 9.437723194953883e-06
5 9.554572578319664e-06
5 9.456037424901418e-06
5 9.345435124963048e-06
5 9.441873468459449e-06
5 9.399383950760504e-06
5 9.567574307420699e-06
5 9.346883479515847e-06
5 9.498425013363593e-06
5 9.57053071210256e-06
5 9.170123240448489e-06
5 9.368830817867116e-06
5 9.676474326985943e-06
5 9.599212336190846e-06
5 9.61353240609616e-06
5 9.386368202694064e-06
5 9.386295297983328e-06
5 9.600153192630688e-06
5 9.851682691705637e-06
5 9.377898195999308e-06
5 9.502995357607513e-06
5 9.357924302600161e-06
5 9.676182608708641e-06
5 9.627132833851181e-06
5 9.633519879294645e-06
5 9.905191504369219e-06
5 9.521944702690047e-06
5 9.478224091974626e-06
5 9.607928976371362e-06
5 9.5782093461672e-06
5 9.687021641227677e-06
5 9.688954694453327e-06
5 9.709624963014154e-06
5 9.393603673288013e-06
5 9.537023284300795e-06
5 9.412591896534761e-06
5 9.245671412142632e-06
5 9.537047444808404e-06
5 9.272009923815209e-06
5 9.610983594753776e-06
5 9.625788151448588e-06
5 9.546269381461261e-06
5 9.577655321389657e-06
5 9.560073706811308e-06
5 9.591352910422833e-06
5 9.679567899734686e-06
5 9.640474363095363e-06
5 9.743669604569434e-06
5 9.276221116499076e-06
5 9.436131415840846e-06
5 9.431897449892658e-06
5 9.393726225236558e-06
5 9.499576018386338e-06
5 9.245997563457395e-06
5 9.452015854762711e-06
5 9.432882315066181e-06
5 9.228345734206505e-06
5 9.497521585590832e-06
5 9.675154971916682e-06
5 9.564354516360561e-06
5 9.220206943981905e-06
5 9.644383136684846e-06
5 9.533831640188427e-06
5 9.489027011664744e-06
5 9.921302218371654e-06
5 9.481587640410599e-06
5 9.738288723335765e-06
5 9.567388498893979e-06
5 9.525623316000555e-06
5 9.325809262577823e-06
5 9.611507309993816e-06
5 9.534787937046315e-06
5 9.422202540089486e-06
5 9.635707296856229e-06
5 9.450387519266705e-06
5 9.533244846635123e-06
5 9.591125074545386e-06
5 9.347335483876787e-06
5 9.530433425269272e-06
5 9.412628372182076e-06
5 9.686939921023627e-06
5 9.533781368103765e-06
5 9.756972451949428e-06
5 9.43183371495805e-06
5 9.77168868336438e-06
6 3.201136908438115e-06
6 2.917901562474392e-06
6 2.83211638074733e-06
6 2.859684101175364e-06
6 2.923628815477301e-06
6 2.718866110971819e-06
6 2.817483473395064e-06
6 2.960489325362123e-06
6 2.516188436006446e-06
6 2.718785633066941e-06
6 2.837708986844473e-06
6 2.724426919411919e-06
6 2.793007769030489e-06
6 3.101064582922608e-06
6 3.084091879822257e-06
6 2.901696810385927e-06
6 2.725247885722066e-06
6 3.017440989014432e-06
6 2.726059031656692e-06
6 2.694077507509407e-06
6 2.701403354065901e-06
6 2.993114665417783e-06
6 2.857187560939982e-06
6 2.717753634559715e-06
6 3.162262296110345e-06
6 2.846931343149173e-06
6 3.093872632108228e-06
6 2.931945317735805e-06
6 2.79787876261562e-06
6 2.803963720708533e-06
6 3.007153115545761e-06
6 2.723080747615885e-06
6 2.74816098962888e-06
6 2.817764019734453e-06
6 3.014951290096686e-06
6 3.168848905512967e-06
6 2.934462795175214e-06
6 2.715337568538376e-06
6 2.366663482134868e-06
6 2.852768681001183e-06
6 2.782462056304457e-06
6 2.463489895618271e-06
6 3.053585597842458e-06
6 2.713216118911595e-06
6 3.044121770805682e-06
6 2.853701650823869e-06
6 2.929056203661292e-06
6 2.881665122679499e-06
6 2.906795702194095e-06
6 3.095218418745515e-06
6 3.071813624257797e-06
6 2.581722240552492e-06
6 2.975962654465154e-06
6 2.761802737988576e-06
6 2.762419090207069e-06
6 2.751209753869875e-06
6 2.655578747954717e-06
6 2.981394013106348e-06
6 3.13626797025491e-06
6 3.08875382502461e-06
6 3.023743088418427e-06
6 2.918474997424161e-06
6 3.03149785945356e-06
6 2.773108275227784e-06
6 2.941774340491834e-06
6 2.89859431368631e-06
6 2.746700804624922e-06
6 3.291490187945464e-06
6 2.751656981374945e-06
6 2.912910745483802e-06
6 2.956462615790764e-06
6 3.172866785604124e-06
6 2.928000113819072e-06
6 2.972623243108308e-06
6 2.824236009011143e-06
6 2.855832137206957e-06
6 3.012278978030522e-06
6 3.173118614056142e-06
6 2.836414811605975e-06
6 2.984403150100661e-06
6 3.083014108402504e-06
6 2.837737960104578e-06
6 2.558901162982335e-06
6 2.916140450853731e-06
6 2.753805178655058e-06
6 2.799413022187764e-06
6 2.667459361524434e-06
6 2.757514707833396e-06
6 2.732377209873409e-06
6 2.938695867038892e-06
6 2.991182280848094e-06
6 2.636025894066624e-06
6 2.761467563579757e-06
6 2.933721089739958e-06
6 2.808467060781624e-06
6 3.15846289320912e-06
6 2.787796742804322e-06
6 2.950525747467778e-06
6 2.957054970588995e-06
6 2.842079010883557e-06
7 3.344832254293752e-06
7 3.262086317438952e-06
7 3.398695511499384e-06
7 3.395334705695409e-06
7 3.325529113669398e-06
7 3.527761970790862e-06
7 3.216498009426412e-06
7 3.489428194122353e-06
7 3.338633793182004e-06
7 3.473329074387771e-06
7 3.423326639245683e-06
7 3.376471591737584e-06
7 3.312683254111598e-06
7 3.472299312836784e-06
7 3.466830651503322e-06
7 3.395271339842342e-06
7 3.539421430006919e-06
7 3.235175758200629e-06
7 3.376615751428311e-06
7 3.591864742683927e-06
7 3.463899324787527e-06
7 3.264009238954989e-06
7 3.267713907335325e-06
7 3.426655818504374e-06
7 3.421319201480757e-06
7 3.336002255223672e-06
7 3.487056057782818e-06
7 3.11371541493628e-06
7 3.297328559127221e-06
7 3.20099741272978e-06
7 3.668570182059783e-06
7 3.536292748838448e-06
7 3.534178835486409e-06
7 3.280254457951304e-06
7 3.562355720363674e-06
7 3.299937214231217e-06
7 3.385697868945139e-06
7 3.403496200006273e-06
7 3.365098279151143e-06
7 3.550231477997738e-06
7 3.574582681506205e-06
7 3.460512079834124e-06
7 3.541839673697173e-06
7 3.520211910285861e-06
7 3.585741628206175e-06
7 3.57913907977917e-06
7 3.50099711499915e-06
7 3.290165355034895e-06
7 3.513137742086307e-06
7 3.536783651863555e-06
7 3.375337421019764e-06
7 3.692585219526565e-06
7 3.376388499505822e-06
7 3.523690970357267e-06
7 3.512097014923532e-06
7 3.661641553468519e-06
7 3.345453541137319e-06
7 3.505964631094222e-06
7 3.440890750284663e-06
7 3.431085845383303e-06
7 3.479276136288501e-06
7 3.619298570532813e-06
7 3.360043573158001e-06
7 3.624184377723944e-06
7 3.357094652981186e-06
7 3.521225631887765e-06
7 3.840112476929734e-06
7 3.54778682339878e-06
7 3.20723579808059e-06
7 3.358017260853475e-06
7 3.640786925294336e-06
7 3.398013279389046e-06
7 3.50593965832568e-06
7 3.157384919910787e-06
7 3.744179976643939e-06
7 3.148527356845423e-06
7 3.175552986394518e-06
7 3.335839511491194e-06
7 3.461337273110267e-06
7 3.370467735265683e-06
7 3.497154736474951e-06
7 3.550304883140167e-06
7 3.642848821538701e-06
7 3.284756197638494e-06
7 3.762395581501079e-06
7 3.301619259662328e-06
7 3.348487862567282e-06
7 3.46942961394315e-06
7 3.751750297570829e-06
7 3.350259177717052e-06
7 3.489048984182462e-06
7 3.284739670065587e-06
7 3.514828534554751e-06
7 3.328620401189022e-06
7 3.529877729539118e-06
7 3.348212416665324e-06
7 3.30072224473556e-06
7 3.391892555970284e-06
7 3.326989978188899e-06
7 3.248524725122056e-06
8 1.704732518952938e-06
8 1.108069120434172e-06
8 1.398709262093632e-06
8 1.426865216302252e-06
8 1.230966573759123e-06
8 1.372723225284622e-06
8 1.432755319972707e-06
8 1.416740726364093e-06
8 1.02817054509553e-06
8 1.360105168114608e-06
8 1.067483801084781e-06
8 1.183941769380486e-06
8 1.384987126634554e-06
8 1.419100171919625e-06
8 1.390157102664444e-06
8 1.19402894164107e-06
8 1.464675051003107e-06
8 1.373581382758641e-06
8 1.087773184713296e-06
8 1.027522095598009e-06
8 1.23767643484951e-06
8 1.360513309488276e-06
8 1.484813574786685e-06
8 1.21813944457035e-06
8 1.383974665271631e-06
8 1.546965335849188e-06
8 1.253883416480867e-06
8 1.131179474271479e-06
8 1.447220793347361e-06
8 1.377077360365227e-06
8 1.388663602457333e-06
8 1.364583107329569e-06
8 9.558060033397141e-07
8 1.262305062063328e-06
8 1.349591095996401e-06
8 1.560521682826432e-06
8 1.402797525677045e-06
8 1.40679323471316e-06
8 1.184168820892709e-06
8 8.532786595842407e-07
8 1.109220149967952e-06
8 1.339039081309519e-06
8 1.06623627706795e-06
8 1.412823914939946e-06
8 1.293678442641237e-06
8 1.175574610940328e-06
8 1.265170857267009e-06
8 1.56389873295277e-06
8 1.46276213982831e-06
8 1.396840924834433e-06
8 1.062188987112256e-06
8 1.110615310856861e-06
8 1.416976334209452e-06
8 1.216534643983097e-06
8 1.156806709448919e-06
8 1.395310808638496e-06
8 1.506718291608554e-06
8 1.454945097412811e-06
8 1.496641813937975e-06
8 1.397172752338894e-06
8 1.290779048166466e-06
8 1.279386126379416e-06
8 1.665383255714883e-06
8 1.404618347726035e-06
8 1.409698590826839e-06
8 1.349073179214445e-06
8 1.376066316951764e-06
8 1.31685682819551e-06
8 1.265851926916938e-06
8 1.142638469659827e-06
8 1.269479977527662e-06
8 1.253960746464641e-06
8 1.148809481353094e-06
8 1.19362014270349e-06
8 1.175836494842716e-06
8 1.490218420896302e-06
8 1.445276267510865e-06
8 1.523399275107163e-06
8 1.246440803399646e-06
8 1.306343680246006e-06
8 1.248086273109421e-06
8 1.213298012460581e-06
8 1.253545228728673e-06
8 1.45015036785741e-06
8 1.279870659001794e-06
8 1.368691989168302e-06
8 1.515935493154735e-06
8 1.471848078889831e-06
8 1.59892306782374e-06
8 1.397681422918674e-06
8 1.239225328273902e-06
8 1.373923205198586e-06
8 1.368515472400951e-06
8 1.379197896466963e-06
8 1.598611732815742e-06
8 1.034172972312102e-06
8 1.130742064723659e-06
8 1.356884452182898e-06
8 1.590138861937907e-06
8 1.427607011701214e-06
9 1.205506069320181e-06
9 1.579398822106774e-06
9 1.628849432290567e-06
9 1.605314850668799e-06
9 1.798072828355386e-06
9 1.578369049104872e-06
9 1.656922887580243e-06
9 1.698341089838108e-06
9 1.76728857947501e-06
9 1.268121874399866e-06
9 1.499119654051603e-06
9 1.50643338549506e-06
9 1.419082868815264e-06
9 1.195254269763009e-06
9 1.424303706142164e-06
9 1.482811020265687e-06
9 1.592655329083589e-06
9 1.622671024519844e-06
9 1.429084194969653e-06
9 1.543072819676206e-06
9 1.396562107466109e-06
9 1.434583737076317e-06
9 1.524458421045316e-06
9 1.734143473817879e-06
9 1.492491607879708e-06
9 1.573098501964189e-06
9 1.388471386302655e-06
9 1.71137246512074e-06
9 1.461340113057456e-06
9 1.68041607157482e-06
9 1.410120570160087e-06
9 1.720854063702935e-06
9 1.337205699719774e-06
9 1.596528348741575e-06
9 1.669784433994461e-06
9 1.870121273548019e-06
9 1.511059141736886e-06
9 1.710389627134913e-06
9 1.543127255033109e-06
9 1.403245206004636e-06
9 1.652897384567321e-06
9 1.68249182150922e-06
9 1.597649912695564e-06
9 1.498374168405918e-06
9 1.75940812102704e-06
9 1.671594189374058e-06
9 1.435451682268847e-06
9 1.675676643932172e-06
9 1.398465934182923e-06
9 1.452867344695516e-06
9 1.334198592425619e-06
9 1.597768699255478e-06
9 1.740599308903553e-06
9 1.666859578846155e-06
9 1.519885575365834e-06
9 1.665391918973323e-06
9 1.749593810663983e-06
9 1.627941163988897e-06
9 1.402922065173941e-06
9 1.707754101543269e-06
9 1.681696619811469e-06
9 1.563881853055148e-06
9 1.805789362113557e-06
9 1.723694826543077e-06
9 1.543274197924598e-06
9 1.64251018469151e-06
9 1.751086989360489e-06
9 1.614436681554891e-06
9 1.59123335360113e-06
9 1.512547162090482e-06
9 1.672895833144932e-06
9 1.609282964491801e-06
9 1.345049785877803e-06
9 1.34703725061225e-06
9 1.689088802710536e-06
9 1.525547821051435e-06
9 1.527504829141014e-06
9 1.413436813111221e-06
9 1.611906691278585e-06
9 1.237895432603965e-06
9 1.523862545008433e-06
9 1.662826376615039e-06
9 1.723182197268786e-06
9 1.715135181476269e-06
9 1.743823642335918e-06
9 1.737525631342558e-06
9 1.613007071893548e-06
9 1.533861293210347e-06
9 1.336097277573599e-06
9 1.480811137455492e-06
9 1.544173589837332e-06
9 1.392303110815822e-06
9 1.669389708431901e-06
9 1.536803589558944e-06
9 1.685014233590056e-06
9 1.809482311398049e-06
9 1.333339557302037e-06
9 1.415582958144559e-06
9 1.805146042934917e-06
9 1.657396244726445e-06
10 8.115406873270039e-07
10 7.552519281415856e-07
10 9.717048467494819e-07
10 8.082832323787609e-07
10 7.834186486361852e-07
10 7.163107901253969e-07
10 5.001549948426346e-07
10 9.727094059675822e-07
10 6.365459577312688e-07
10 6.528453059699471e-07
10 5.576864513629771e-07
10 5.03583252190253e-07
10 7.112596131171091e-07
10 6.090834381128672e-07
10 5.563866597846036e-07
10 6.243184564820655e-07
10 7.285067109397971e-07
10 8.019221178342289e-07
10 8.11490600330171e-07
10 9.702146523764139e-07
10 9.442067160794314e-07
10 9.920995448728155e-07
10 4.940894401424608e-07
10 7.171410433989128e-07
10 6.999739016828118e-07
10 6.7770905757584e-07
10 1.052997999729976e-06
10 1.037183147182996e-06
10 8.967006578462119e-07
10 5.549066059319275e-07
10 8.541034687471493e-07
10 6.911586503111812e-07
10 6.813318765222094e-07
10 6.078026520720988e-07
10 6.530706176767666e-07
10 6.103945786539932e-07
10 7.657391609401087e-07
10 7.552039610474454e-07
10 1.009612261875271e-06
10 5.63439379403263e-07
10 7.911546704061054e-07
10 8.437454961175475e-07
10 6.310029753023577e-07
10 9.329358552933735e-07
10 8.216543812766558e-07
10 6.451695818202066e-07
10 7.703606687670808e-07
10 8.482173613714741e-07
10 6.868819826079544e-07
10 8.04734450349342e-07
10 6.712736740847731e-07
10 1.068819067824877e-06
10 8.952855034570384e-07
10 7.534638089427121e-07
10 5.318067029334755e-07
10 8.568558247363339e-07
10 6.220949953338929e-07
10 8.464082103350357e-07
10 1.012821976739192e-06
10 6.371506173332976e-07
10 9.159650450794246e-07
10 7.112869215401192e-07
10 7.931438472119057e-07
10 4.989604255942217e-07
10 9.723261031299483e-07
10 9.846825488426862e-07
10 8.404194570959257e-07
10 7.893296319671089e-07
10 9.846551222018679e-07
10 6.002935589690602e-07
10 9.530032815532128e-07
10 8.561276524488612e-07
10 6.295253510357791e-07
10 8.125878257031787e-07
10 6.857946435226605e-07
10 6.71819119773913e-07
10 8.086176952012989e-07
10 8.760864504992486e-07
10 6.419187742856312e-07
10 8.485250968789937e-07
10 7.677833022859537e-07
10 6.753523423056482e-07
10 8.650238177662617e-07
10 5.967278869826837e-07
10 6.979231500821701e-07
10 5.422992303377605e-07
10 8.953130232915004e-07
10 5.009028400446047e-07
10 8.487282751277639e-07
10 8.745385300809744e-07
10 5.558340079363457e-07
10 9.786839149388147e-07
10 8.597361175230895e-07
10 5.385918752193669e-07
10 5.440054371439861e-07
10 6.822466155783387e-07
10 8.978454481278523e-07
10 7.192774203651037e-07
10 5.54361122604928e-07
10 8.577752803681668e-07
11 1.104612944768183e-06
11 1.045387411463898e-06
11 8.731517627466269e-07
11 6.769099863683269e-07
11 7.711731639964256e-07
11 6.193350946224699e-07
11 1.139328102628021e-06
11 7.749841318522229e-07
11 8.706350924131072e-07
11 9.143154972526779e-07
11 6.313239686277308e-07
11 8.38583076695958e-07
11 7.872127996167142e-07
11 8.175671449448888e-07
11 8.014385456748365e-07
11 7.75044383812885e-07
11 8.180774555780745e-07
11 7.905015708480793e-07
11 8.263685137160033e-07
11 8.810366319086072e-07
11 9.243724501429404e-07
11 8.830227946027369e-07
11 5.550349753474067e-07
11 9.261993907654534e-07
11 7.471787099579988e-07
11 9.255425209996713e-07
11 9.217647674498105e-07
11 7.994161035312076e-07
11 6.501871958639415e-07
11 5.714102888374262e-07
11 1.260947315941264e-06
11 9.53280446950739e-07
11 6.721194995923726e-07
11 7.971998619521012e-07
11 9.809745659539102e-07
11 7.373644436837648e-07
11 1.067446341436112e-06
11 7.868355523820523e-07
11 1.055981074747453e-06
11 7.266096380366785e-07
11 7.537421833708622e-07
11 7.18455861227878e-07
11 6.009035390587094e-07
11 1.022220737639402e-06
11 1.085143684062462e-06
11 6.887939183139579e-07
11 7.249801022597999e-07
11 8.988296299220142e-07
11 9.340821422452665e-07
11 6.915608741786504e-07
11 8.337477609974528e-07
11 9.900424045206931e-07
11 6.617105756626696e-07
11 9.836553657408294e-07
11 8.941785007285251e-07
11 6.949336196890927e-07
11 7.747839781001132e-07
11 9.45389543430418e-07
11 6.58590615240322e-07
11 8.645511995832569e-07
11 8.740591495621591e-07
11 7.893110425195278e-07
11 9.028273853104107e-07
11 6.719911490645336e-07
11 6.766068260658838e-07
11 6.790994399491612e-07
11 7.141001473570234e-07
11 8.614738241693026e-07
11 6.565210467204876e-07
11 1.112814390398403e-06
11 5.903532287661865e-07
11 8.21734712496407e-07
11 9.881976458155611e-07
11 1.002630456700932e-06
11 5.53485802342877e-07
11 1.170636587656758e-06
11 9.321078879345684e-07
11 8.597563943716877e-07
11 8.437737807277036e-07
11 8.303975786362504e-07
11 9.642262468297414e-07
11 9.914573139836678e-07
11 8.635089329699135e-07
11 1.082015599620419e-06
11 8.411910073339508e-07
11 6.078881479221205e-07
11 7.39730741945614e-07
11 1.001611342758973e-06
11 6.657472886847364e-07
11 6.297675902753628e-07
11 9.509681490657848e-07
11 9.386814708664104e-07
11 6.063069730652322e-07
11 8.072254482244629e-07
11 6.285309907262831e-07
11 1.04863513829772e-06
11 9.408423460009549e-07
11 8.740780525022896e-07
11 8.190458191807414e-07
11 9.810662909820607e-07
12 6.992756085992783e-07
12 5.469874978529436e-07
12 6.872602214624021e-07
12 8.593232532676522e-07
12 4.402792793104951e-07
12 5.236239147508359e-07
12 5.155603942799689e-07
12 5.238188761720936e-07
12 7.024981848630488e-07
12 6.581294004359181e-07
12 5.724246248551156e-07
12 3.239478857910912e-07
12 5.235925722085441e-07
12 4.192649104989885e-07
12 4.16778406321666e-07
12 5.649193456760181e-07
12 4.106457381937532e-07
12 5.600590980320943e-07
12 6.680769473836786e-07
12 4.974686767127943e-07
12 6.74325297334588e-07
12 5.523044144375007e-07
12 7.01959635219609e-07
12 8.208192490860419e-07
12 3.336727239728693e-07
12 8.5674701380399e-07
12 4.791840771164391e-07
12 5.949846611891717e-07
12 3.194199081664535e-07
12 7.828367745807263e-07
12 2.308805606394017e-07
12 1.67985770771023e-07
12 5.38257041484657e-07
12 6.104312734090697e-07
12 6.481453847040145e-07
12 7.2411732895435e-07
12 5.931641686942271e-07
12 6.571591407327271e-07
12 5.486259135158081e-07
12 3.152987818822571e-07
12 4.70921207743045e-07
12 4.548451304824179e-07
12 5.709414317809125e-07
12 6.438198896999893e-07
12 3.521555711064311e-07
12 3.884131985011281e-07
12 4.752890328067883e-07
12 6.12841334107969e-07
12 4.636517754907773e-07
12 4.367780098117093e-07
12 5.764408403190856e-07
12 5.9975167407101e-07
12 5.567568022805097e-07
12 7.806918780384958e-07
12 5.192842838720417e-07
12 4.495105581029529e-07
12 4.298770757166651e-07
12 6.16080034644151e-07
12 5.736263760755271e-07
12 6.233730668092651e-07
12 4.571392343022816e-07
12 6.937985777270038e-07
12 5.628926334465597e-07
12 4.840812802683447e-07
12 7.205594605456015e-07
12 5.942832803284043e-07
12 7.799938995119929e-07
12 4.089163248825558e-07
12 4.921337086037732e-07
12 4.09659141650057e-07
12 6.984061185904242e-07
12 6.334777090585029e-07
12 6.471695034088354e-07
12 6.882235286201708e-07
12 6.114124186686452e-07
12 5.121635200422152e-07
12 3.550665067370707e-07
12 6.558369891992081e-07
12 6.721624152274735e-07
12 7.724268078791359e-07
12 5.841463171702363e-07
12 3.123676683233207e-07
12 3.729925064952299e-07
12 6.292865775164523e-07
12 4.489861768506633e-07
12 6.765938167789714e-07
12 7.279649788794502e-07
12 5.403814696910279e-07
12 3.138672075020443e-07
12 7.899600620937961e-07
12 4.591726517857496e-07
12 4.689471250741491e-07
12 5.878050594897387e-07
12 5.615639733221911e-07
12 5.38679860519045e-07
12 7.746147836894079e-07
12 4.490668333664065e-07
12 5.327625101875162e-07
12 8.29294214348982e-07
12 3.195237596800068e-07
13 6.293128664960493e-07
13 6.91472214740243e-07
13 5.844749145466029e-07
13 6.286151405363324e-07
13 3.812472655750818e-07
13 8.984789812321609e-07
13 5.805036579972329e-07
13 2.712392334904402e-07
13 5.751833456381918e-07
13 7.215826373196771e-07
13 2.915266768554259e-07
13 5.459666691753583e-07
13 4.542159744579876e-07
13 3.490146205906925e-07
13 5.952696522789914e-07
13 5.043925150576194e-07
13 6.794970223884535e-07
13 7.250736654845612e-07
13 6.042863945967588e-07
13 5.289072128368257e-07
13 5.730367135887948e-07
13 3.288042770352067e-07
13 6.098962400641229e-07
13 6.383389930782e-07
13 4.269526155321594e-07
13 5.756134292136933e-07
13 6.086216124499404e-07
13 5.786819572945586e-07
13 4.919888158943179e-07
13 6.044093216966705e-07
13 6.733675281479912e-07
13 6.43538000789794e-07
13 6.850840474512321e-07
13 5.846649358194509e-07
13 5.313780589391207e-07
13 5.962538092295535e-07
13 4.580507179163562e-07
13 7.542897251294646e-07
13 5.222405328885439e-07
13 3.172561420950359e-07
13 5.743709112578556e-07
13 6.13505394897147e-07
13 5.48796575675498e-07
13 4.183584558933223e-07
13 4.895826381276894e-07
13 8.014974072370408e-07
13 5.746977296352662e-07
13 3.624726045344728e-07
13 4.473596679105062e-07
13 5.749476488448901e-07
13 3.3552267863607e-07
13 6.047103508942842e-07
13 6.338323208775209e-07
13 5.785410507991105e-07
13 4.01375159941652e-07
13 6.281516932429045e-07
13 5.777862893395041e-07
13 5.968185476861327e-07
13 5.681659052736817e-07
13 5.543299760826826e-07
13 4.092142153418792e-07
13 5.107117948555386e-07
13 4.196573208879539e-07
13 6.102360338297531e-07
13 5.804260230665158e-07
13 5.751158153030107e-07
13 1.918478411853936e-07
13 6.052642047540624e-07
13 5.105047840361018e-07
13 4.655251432959322e-07
13 4.516101185483524e-07
13 2.892114920696402e-07
13 3.530017647658399e-07
13 5.868727612740647e-07
13 6.680853585897875e-07
13 4.402211786338921e-07
13 2.918815767075703e-07
13 7.901968877623331e-07
13 6.735024268810317e-07
13 6.091677521629462e-07
13 6.307567628270769e-07
13 3.922495012251083e-07
13 4.716181741007784e-07
13 5.703520827087321e-07
13 7.001611520636173e-07
13 4.18234227290949e-07
13 6.098812878002171e-07
13 6.415151243728063e-07
13 4.252136674594629e-07
13 6.097244330149505e-07
13 5.319676591339762e-07
13 7.202251217546431e-07
13 2.567446546698963e-07
13 4.039351304658056e-07
13 6.688066223906016e-07
13 5.531829182425526e-07
13 6.504167186624394e-07
13 8.226816314212588e-07
13 5.779206570243784e-07
13 8.510813427605172e-07
14 5.952357263125914e-07
14 3.679213389822185e-07
14 3.809883775895374e-07
14 8.050392298129887e-07
14 3.820477359288177e-07
14 4.219275556128816e-07
14 4.296514699704766e-07
14 1.439024361180496e-07
14 1.448980201241036e-07
14 2.862313223562356e-07
14 4.111439147331104e-07
14 4.27418560257167e-07
14 4.131717557719167e-07
14 2.322276063916558e-07
14 5.472827429086036e-07
14 1.530521816860912e-07
14 1.010629512030289e-06
14 6.814908161972077e-07
14 6.249183687851398e-07
14 4.391714203452868e-07
14 4.229033381012398e-07
14 3.468954115991106e-07
14 5.333455471958455e-07
14 6.247091007790564e-07
14 2.934114861720438e-07
14 5.981857697590618e-07
14 5.656627623494894e-07
14 1.947944883120033e-07
14 4.82886678785432e-07
14 5.992509467753915e-07
14 5.315801964988332e-07
14 6.970074428040853e-07
14 5.580742862847334e-09
14 6.652397441563766e-07
14 2.743840362377285e-07
14 7.001850010703704e-07
14 6.187246538106357e-07
14 7.255619306351491e-07
14 1.521830380540226e-07
14 6.293228354896401e-07
14 6.193136485429944e-07
14 4.330986730288898e-07
14 4.461769588403987e-07
14 5.460178907687469e-07
14 5.9391992422682e-07
14 2.621824178717598e-07
14 4.012054653762864e-07
14 5.04395288639754e-07
14 4.282539307309155e-07
14 7.711599332262753e-07
14 7.653985044243243e-07
14 4.252720072718669e-07
14 2.354237639953766e-07
14 5.216209956237914e-07
14 3.578953021415387e-07
14 5.413926517611333e-07
14 4.118740819458752e-07
14 5.584800574763114e-07
14 6.749734620555275e-07
14 4.942018507914792e-07
14 4.764634058376789e-07
14 7.005394625924057e-07
14 3.464623981718393e-07
14 3.523195474140388e-07
14 4.689294085470662e-07
14 5.012679104485302e-07
14 2.740058155151285e-07
14 3.257492416828736e-07
14 9.758944449046561e-08
14 -1.889062113161161e-08
14 5.550718045812986e-07
14 8.23272280542078e-08
14 4.546932399876932e-07
14 3.185665841977724e-07
14 6.983289623238878e-07
14 2.365788736450501e-07
14 4.020910001031663e-07
14 7.080701244185423e-07
14 3.587897731959385e-07
14 5.315551693505606e-07
14 2.541282391621176e-07
14 4.285697962968812e-07
14 5.647321486613673e-07
14 4.320946471240035e-07
14 3.662600708607105e-07
14 2.293533280001074e-07
14 2.884317954418835e-07
14 2.259371132726539e-07
14 5.6047886057722e-07
14 5.310990390258403e-07
14 2.982991369475414e-07
14 5.333212745700922e-07
14 5.525855389104618e-07
14 6.180094454609953e-07
14 5.774869649566779e-07
14 2.761378959927951e-07
14 2.036240613324942e-07
14 3.348399443999529e-07
14 3.506820719262887e-07
14 4.177904720791437e-07
15 3.510255334818382e-07
15 4.694162228195069e-07
15 3.920782798932651e-07
15 5.502164263799721e-07
15 4.392676109283483e-07
15 5.543151681524798e-07
15 5.234725340549351e-07
15 4.416409694148442e-07
15 4.87360904075767e-07
15 5.844860027921398e-07
15 3.703961029022241e-07
15 6.652978439345729e-07
15 3.325338811640954e-07
15 4.597356811936485e-07
15 5.121595669552071e-07
15 4.319142026002713e-07
15 2.625201312617022e-07
15 7.031115773195607e-07
15 6.255257426281128e-07
15 4.918624778611396e-07
15 4.539378141466547e-07
15 4.986013456380573e-07
15 1.171700576800583e-07
15 5.246335135582673e-07
15 3.064994959519048e-07
15 5.989740573939139e-07
15 7.303663414068033e-07
15 4.798602241699449e-07
15 3.356371208227984e-07
15 4.609089872710701e-07
15 5.584052626508386e-07
15 4.114038842005423e-07
15 5.145073271070817e-07
15 4.898157881622334e-07
15 3.515910269293302e-07
15 5.504484920944073e-07
15 4.454085873756127e-07
15 6.985496791519001e-07
15 3.85617881088715e-07
15 4.309277068612825e-07
15 6.822872892533865e-07
15 5.362350414197761e-07
15 2.865383195327515e-07
15 2.753194477964803e-07
15 5.83615196941499e-07
15 6.359045862210519e-07
15 3.822728365684364e-07
15 4.899285867569313e-07
15 7.843480780778968e-07
15 2.692343449653075e-07
15 6.644060473502743e-07
15 4.003986801041724e-07
15 3.784677754514026e-07
15 7.001180469852831e-07
15 5.384212901572738e-07
15 6.269036585833475e-07
15 5.229263602952251e-07
15 4.495820576958798e-07
15 3.327929053109655e-07
15 4.908544827126716e-07
15 4.157835638544687e-07
15 5.849283772176639e-07
15 4.077445646481615e-07
15 7.96209915650708e-07
15 7.772745471065256e-07
15 4.387008742825899e-07
15 6.817052956128462e-07
15 6.256262971581481e-07
15 5.774375408577088e-07
15 6.701682271115354e-08
15 4.102065664733183e-07
15 3.57807772089336e-07
15 2.226703082210951e-07
15 6.809884038254861e-07
15 2.453899034737131e-07
15 5.59105000530075e-07
15 4.497517204116181e-07
15 7.067829938271621e-07
15 5.209826022909343e-07
15 5.974063070441081e-07
15 4.38509626724264e-07
15 1.515436677676391e-07
15 3.755136902599723e-07
15 6.494294299729563e-07
15 5.828865626403849e-07
15 4.796570109960769e-07
15 4.081336364408507e-07
15 5.714944238180126e-07
15 4.990648644095975e-07
15 4.302427998535359e-07
15 3.668294098301695e-07
15 5.206078990914409e-07
15 4.235760716239295e-07
15 2.260365244172694e-07
15 6.065477387391397e-07
15 3.851318119732813e-07
15 8.550491873982969e-07
15 2.700556583075987e-07
15 4.65448470547343e-07
15 4.797117797270995e-07
16 2.503866594753864e-07
16 4.830861329635521e-07
16 2.308929911414677e-07
16 3.244309029106279e-07
16 1.873119325173195e-07
16 3.168391145906822e-07
16 4.705824256751657e-07
16 2.246898505515577e-07
16 5.012205930123735e-07
16 3.028144118798657e-07
16 3.416026591077145e-07
16 4.489533670986379e-07
16 5.181661013445638e-07
16 3.701261353517277e-07
16 3.441734408183931e-07
16 4.663746294717578e-07
16 3.096152619762286e-07
16 5.058954116853452e-07
16 4.245337969839436e-07
16 2.044280937008316e-07
16 4.326008568365238e-07
16 3.434795787290951e-07
16 3.789413625863641e-07
16 5.775545216598229e-07
16 2.480607098312055e-07
16 4.445888244733733e-07
16 3.647309898331279e-07
16 1.432443977222805e-07
16 5.436772397777673e-07
16 4.984867826500389e-07
16 2.720104809994958e-07
16 3.685394258884322e-07
16 1.163100852593952e-07
16 4.210181673477781e-07
16 6.759016245301587e-07
16 2.926876133607838e-07
16 2.297032316189552e-07
16 7.288464158894971e-07
16 4.28722849511476e-07
16 8.038543767527202e-08
16 2.812631972847812e-07
16 2.361488700811351e-07
16 3.28007163429553e-07
16 5.470543284730463e-07
16 4.77184678208476e-07
16 5.267231007460185e-07
16 4.17309072972428e-07
16 3.291734982801771e-07
16 3.350338298008283e-07
16 4.318190315906824e-07
16 2.709410250721038e-07
16 3.020227461847969e-07
16 3.541753475763016e-07
16 5.760127366694849e-07
16 2.055157173350259e-07
16 2.205377889849945e-07
16 -1.547409154911718e-09
16 3.414881545778569e-07
16 2.123921731484781e-07
16 4.95188582061402e-07
16 5.00388409418631e-07
16 6.679250025817197e-07
16 2.612666645598819e-07
16 2.344777306022571e-07
16 5.096637758872636e-07
16 1.424156992529045e-07
16 4.775170953466013e-07
16 5.140923506780688e-07
16 4.155241143790679e-07
16 3.726364451025559e-07
16 2.547255416175884e-07
16 3.293781032592177e-07
16 5.26622256481609e-07
16 3.643677280554977e-07
16 2.3258231674159e-07
16 4.353533861512777e-07
16 2.611137098632468e-07
16 7.026063501699638e-07
16 3.554533551377822e-07
16 2.877847521379694e-07
16 6.814302496762821e-07
16 2.989794219815359e-07
16 3.250962838276983e-07
16 3.926464983453895e-07
16 1.04777239519075e-07
16 4.190847079741164e-07
16 2.984523658133502e-07
16 3.698335861881151e-07
16 5.078749918393538e-07
16 4.299896294430476e-07
16 4.463002989242256e-07
16 2.795657501659401e-07
16 2.217540262455368e-07
16 5.129070345108592e-07
16 6.609686385395644e-08
16 5.165737261018819e-07
16 2.038393788384445e-07
16 2.263039559396954e-07
16 1.770610470492038e-07
16 5.677975701140237e-07
17 4.825329151746333e-07
17 5.696698262152805e-07
17 2.6877601580801e-07
17 4.650778204732571e-07
17 7.255741540821531e-07
17 3.365488452440672e-07
17 6.16441987923141e-07
17 4.175099414878704e-07
17 4.313519193440241e-07
17 3.94153253440856e-07
17 4.543224568017557e-07
17 5.740990896558188e-07
17 5.281230360488633e-07
17 3.686360607145216e-07
17 5.086243788885079e-07
17 4.068215819455501e-07
17 1.852139470203569e-07
17 3.59888035321017e-07
17 4.642372005241174e-07
17 9.163946062450518e-08
17 1.44736734531831e-07
17 4.833206781901312e-07
17 3.782055023988367e-07
17 5.79833432304617e-07
17 3.940331883562169e-07
17 5.012310131862479e-07
17 4.750574118004351e-07
17 3.846379311009972e-07
17 4.125155632666986e-07
17 3.663975648191094e-07
17 5.997005590486437e-07
17 5.051805099264231e-07
17 4.929872666490485e-07
17 5.066845432861932e-07
17 3.548859198099617e-07
17 4.034374284360329e-07
17 1.612672738004702e-07
17 4.405919212491526e-07
17 4.14329806547904e-07
17 5.110077515274017e-07
17 4.850799688238025e-07
17 4.431664456258764e-07
17 4.035263368379448e-07
17 3.387795924688941e-07
17 5.318906407555115e-07
17 3.15466731406599e-07
17 4.751484801646702e-07
17 3.736950239666783e-07
17 5.165056970651879e-07
17 4.814376754793341e-07
17 4.951342449559577e-07
17 3.470474970913907e-07
17 3.983822580206187e-08
17 5.417157731265706e-07
17 6.181463091297348e-07
17 4.587853324993613e-07
17 5.563441317839037e-07
17 5.147481945203377e-07
17 6.980545366029837e-07
17 3.699205486389388e-07
17 5.218382548290588e-07
17 4.763910535509932e-07
17 4.380361874510354e-07
17 4.126344018937513e-07
17 7.343468918450314e-07
17 5.521377925748375e-07
17 2.522829390392831e-07
17 4.660001563429309e-07
17 7.064389475931105e-07
17 5.320592514235003e-07
17 2.653449831695644e-07
17 6.195080661680845e-07
17 3.295423718943979e-07
17 6.298407743786157e-07
17 1.825989699746836e-07
17 3.195540417532939e-07
17 4.950063540567777e-07
17 3.457129864218949e-07
17 6.790507864154337e-07
17 7.689382566935021e-07
17 6.127003702745855e-08
17 4.667428487061029e-07
17 5.864635903147944e-07
17 4.275822553446502e-07
17 5.118627252348351e-07
17 4.149068501014977e-07
17 3.040374868646324e-07
17 4.860073696556282e-07
17 6.791828298337611e-07
17 6.91932135877648e-07
17 3.419614881461652e-07
17 3.877184904704053e-07
17 3.389971522814185e-07
17 9.272299586781062e-07
17 4.244649777055884e-07
17 2.436447600700976e-07
17 4.285518523107135e-07
17 4.250855590973363e-07
17 6.106924920001369e-07
17 8.87097032836483e-07
18 3.594675128459796e-07
18 3.018238513707188e-07
18 2.49680030041913e-07
18 2.751086702202717e-07
18 4.059315120577412e-07
18 2.553141707153237e-07
18 4.022161521315523e-07
18 1.806311841760319e-07
18 2.507373570288646e-07
18 2.282540857831108e-07
18 6.327475463324031e-07
18 6.168410631068999e-07
18 2.586900110540631e-07
18 2.094357966634244e-07
18 3.252410771001487e-07
18 2.983763057730343e-07
18 2.902420951566377e-07
18 4.667014782673599e-07
18 5.380743320469278e-07
18 4.451660980602771e-07
18 4.466516808750586e-07
18 2.966492581762051e-07
18 6.2208316232027e-07
18 2.101071282079213e-07
18 3.804386336651216e-07
18 5.196994771502215e-07
18 1.291091892732034e-07
18 1.73240112270268e-07
18 4.662905755585958e-07
18 1.720607750471024e-07
18 2.420502979541206e-07
18 3.423788299915733e-07
18 1.626815230645629e-07
18 3.544917201856955e-07
18 3.250873536913399e-07
18 4.508159998337649e-07
18 3.292502704670789e-07
18 8.174081646726198e-07
18 3.960906697077223e-07
18 5.198449434564679e-07
18 2.997494009549122e-07
18 5.049696847883104e-07
18 4.018425969521693e-07
18 3.646165086122959e-07
18 4.881822864868969e-07
18 3.029754913369629e-07
18 5.471075194923985e-07
18 5.424608589819556e-07
18 2.835955028770062e-07
18 3.005344314573357e-07
18 5.067499022491093e-07
18 2.521900500825188e-07
18 2.035460910014025e-07
18 3.343451909740536e-07
18 3.74354991370875e-07
18 3.520941875725703e-07
18 3.847003937944137e-07
18 5.596453425735952e-08
18 4.186291835886841e-07
18 3.451520680910561e-07
18 4.535363323930534e-07
18 6.374890789969079e-07
18 4.977971924597447e-07
18 3.891973725947843e-07
18 3.168978954601064e-07
18 3.114678711132236e-07
18 3.87175978536298e-07
18 1.908287932836851e-07
18 2.939680816450038e-07
18 3.936491930229204e-07
18 1.079801980947125e-07
18 6.714560928736985e-07
18 4.595785324885317e-07
18 3.492620765492362e-07
18 4.1540900272943e-07
18 1.068815159483975e-07
18 3.068201150388858e-07
18 5.82562607877235e-07
18 3.48378335216591e-07
18 5.65690681501888e-07
18 3.245044133337461e-07
18 2.49482169352022e-07
18 3.61460452848585e-07
18 2.910932117943651e-07
18 2.651953218241467e-07
18 1.933832295779068e-07
18 2.923745422460046e-07
18 6.571519785109582e-07
18 2.027105580805677e-07
18 2.01296685104633e-07
18 4.032154336620286e-07
18 2.978499226421156e-07
18 2.794568554028962e-07
18 2.615383085845291e-07
18 4.433958288871469e-07
18 5.951385774769674e-07
18 3.844787892508246e-07
18 4.570716460953078e-07
18 1.417593995998729e-07
18 3.48979434180427e-07
19 2.640435072302786e-07
19 1.182859460117632e-07
19 4.138442757084779e-08
19 -5.79054620861611e-08
19 2.729966949409672e-07
19 1.707227709659738e-07
19 3.099599364781622e-07
19 2.3954114616739e-07
19 2.443773108556288e-07
19 4.635606576368134e-07
19 9.818466565297345e-08
19 -1.323840705921064e-08
19 2.960600317405439e-07
19 7.159101501661228e-08
19 4.805941794417118e-07
19 1.046152809972776e-07
19 2.592727319106755e-07
19 1.858972599058183e-07
19 1.499693687226118e-07
19 3.5478109809656e-07
19 7.467765804967308e-08
19 2.190926084000387e-07
19 2.093979319284845e-07
19 1.834349756334757e-07
19 3.51811327927164e-07
19 3.900477168504201e-07
19 2.040355006877639e-07
19 -5.487496732175495e-08
19 1.938981113668521e-07
19 1.351459121798103e-07
19 2.519659699554723e-07
19 2.393552586685283e-07
19 2.878641982729048e-07
19 2.863141315578634e-07
19 3.508053984589458e-07
19 4.283797070476064e-07
19 3.971617093062677e-07
19 3.299768470869427e-07
19 2.87536555044397e-07
19 1.325262782982871e-07
19 1.920166335317455e-07
19 2.655273869553209e-07
19 3.350690143447237e-07
19 1.324590805877636e-07
19 2.535532521730385e-07
19 1.842473800688289e-07
19 2.216507512884306e-07
19 4.63751231360484e-07
19 9.264671013804435e-08
19 1.42843416399048e-07
19 -3.527198871917424e-08
19 1.80927842668179e-07
19 4.192034209146408e-07
19 1.935853267741453e-07
19 3.56766067927922e-07
19 2.81217814269915e-07
19 3.290639369482752e-07
19 2.270250328395962e-07
19 7.861979706600127e-07
19 2.168794825541891e-07
19 2.039278908577243e-07
19 3.935771889792237e-07
19 -6.612061960050934e-08
19 3.749756863284902e-07
19 2.783346469120784e-07
19 -3.897491536922982e-08
19 2.734387840375585e-07
19 3.172786371263094e-07
19 1.703180769943269e-07
19 2.200980958192566e-07
19 4.058390000977606e-07
19 -1.584714607525953e-07
19 6.183671075995891e-07
19 3.316719651798591e-07
19 3.945639677988588e-07
19 2.294071734990294e-07
19 2.228762755137753e-07
19 2.259765048087559e-07
19 1.791883684378179e-07
19 2.942080643438099e-07
19 2.619512626282811e-07
19 1.452177407651702e-07
19 3.460706386479784e-07
19 -2.342326768983484e-08
19 3.040401378976904e-07
19 1.494070927486444e-07
19 2.79246145382322e-07
19 3.96234054435062e-07
19 4.434349421824978e-07
19 3.826932340930294e-07
19 4.465696286885161e-07
19 1.935575817564512e-07
19 2.384202931606198e-07
19 -1.424731523706419e-08
19 1.329754656829799e-07
19 2.939346338376125e-07
19 2.30317100558822e-07
19 3.285334457983079e-08
19 2.666180122212858e-07
19 1.676850312421127e-08
20 4.30848492938918e-07
20 8.790601408855584e-08
20 2.39376835261485e-07
20 3.871835681506752e-07
20 5.965516804738324e-08
20 3.838973243630323e-07
20 2.010647562375598e-07
20 3.462249514100699e-07
20 2.418468899704397e-07
20 1.316249716184775e-07
20 2.769223467925994e-07
20 1.862954366201098e-07
20 2.438865044381066e-07
20 5.33919825657948e-07
20 4.436071136739521e-07
20 2.042591309336304e-07
20 3.934553055647229e-07
20 3.364031607349902e-07
20 2.952154215724285e-07
20 2.416578853296676e-07
20 2.413602007806453e-07
20 2.801251860680428e-07
20 4.574735789696943e-07
20 4.406905584118739e-07
20 9.626280924228552e-09
20 3.569087697197631e-07
20 4.538656497589536e-07
20 1.728988862087699e-07
20 3.274596560082038e-07
20 4.093784325731789e-07
20 3.748840226701676e-07
20 3.491400141619262e-07
20 1.936251748464591e-07
20 2.013283208125765e-07
20 5.659951768312217e-08
20 1.598660187160885e-07
20 4.041831513125548e-07
20 5.360466848146082e-07
20 3.076009665551463e-07
20 1.749446888067966e-07
20 2.267407454302675e-07
20 3.704396962417422e-07
20 3.556359974635915e-07
20 2.587479567864525e-07
20 3.143283785735244e-07
20 2.276059137214417e-07
20 1.177614763750629e-07
20 3.855332323324684e-07
20 3.620207056594558e-07
20 3.930988764798108e-07
20 1.450179837622555e-07
20 3.050796492697655e-07
20 2.245490605834985e-07
20 6.675118436420446e-07
20 4.992271355566517e-07
20 4.216614144787251e-07
20 8.320301979128488e-08
20 4.20129494567877e-07
20 3.24174332339412e-07
20 3.443662621067477e-07
20 2.569499960568622e-07
20 3.476896206148991e-07
20 3.828802804670169e-07
20 6.857771939433681e-08
20 5.701213176745779e-07
20 5.88964612547851e-07
20 2.243724520958651e-07
20 3.685792767363083e-07
20 3.681202179112612e-07
20 7.043948590593523e-08
20 6.547676139526582e-07
20 4.764415899578867e-07
20 3.130092790117117e-07
20 1.186863440523081e-07
20 2.001101791961622e-07
20 4.77724000068001e-07
20 4.336423265204769e-07
20 2.952564320276051e-07
20 5.015329292736893e-07
20 4.08079833564441e-07
20 4.102404892005659e-07
20 2.977541136004176e-07
20 9.128752926816498e-08
20 2.736095592027997e-07
20 2.034904949393633e-07
20 5.290489661655573e-07
20 3.02055538842668e-07
20 1.140506030839092e-07
20 -6.385701467551531e-08
20 4.120219603180049e-07
20 1.931648033479363e-08
20 7.476421532596615e-07
20 3.072255346067775e-07
20 1.658174543452894e-07
20 1.880663848868869e-07
20 3.319653004240433e-07
20 9.69886323654635e-08
20 4.363346902919548e-07
20 2.988482818804846e-07
20 3.344151608563322e-07
21 -3.704163980761125e-07
21 2.899807689504473e-07
21 -1.276304099516362e-07
21 2.593457242642504e-07
21 3.461469957155145e-08
21 -1.765651069774687e-07
21 4.283068677769491e-08
21 4.499572063270968e-07
21 1.172190538460538e-07
21 -9.732244366912341e-08
21 2.794897796726536e-08
21 -7.330664138228824e-08
21 1.718044740930295e-07
21 -1.529266721175869e-07
21 -1.373349852651583e-10
21 2.692654345290379e-07
21 -6.203676076470815e-08
21 1.470165356418596e-07
21 -1.634387041037613e-07
21 2.043202674852147e-07
21 -7.687625430906147e-08
21 -6.502449343302439e-08
21 5.678139403537457e-08
21 2.178571444236546e-07
21 -3.588859761920423e-07
21 -4.105690074124315e-08
21 1.724535554938736e-08
21 1.237618605958094e-07
21 1.21191315502292e-07
21 -1.678033345847053e-07
21 -2.670170141174442e-08
21 1.456055433710679e-07
21 -1.138144270521949e-07
21 -3.29585961254815e-07
21 -4.970014459276711e-09
21 9.379110649079121e-08
21 -1.615836520128076e-08
21 -7.111870630112341e-08
21 3.293931352473656e-08
21 1.072241571146135e-07
21 2.15373914402081e-07
21 -1.461698223761121e-07
21 -1.123659142999512e-07
21 -5.728466561107189e-09
21 5.337409376396689e-08
21 2.704636177390982e-08
21 2.228174103372053e-07
21 1.939883377971548e-07
21 3.382865090356959e-08
21 1.318223347623211e-07
21 2.2843771745421e-07
21 5.400357216907315e-08
21 -1.368410447385766e-07
21 4.675911132066306e-08
21 1.901534057231691e-07
21 -1.538166411017513e-07
21 1.469887851153515e-07
21 1.101507692157285e-07
21 1.128567338471441e-07
21 -3.815059419019647e-08
21 -7.157397046646603e-08
21 -8.021641400781678e-08
21 -5.44691330945751e-08
21 2.498092930719242e-09
21 3.198776967140686e-07
21 -6.352612378252545e-08
21 1.720555865389118e-07
21 2.137454957772589e-07
21 -9.995587804212165e-08
21 7.162207533146557e-08
21 1.528993958947346e-07
21 -1.413308145215841e-07
21 3.668959394902111e-08
21 1.891843683913086e-07
21 -1.290818537444279e-07
21 6.765686817454633e-08
21 3.561661260281549e-07
21 2.887336263220738e-08
21 6.965491098186174e-08
21 2.177553600537923e-07
21 1.516271320716466e-08
21 -9.106791301996675e-08
21 1.708173303331117e-07
21 2.631683788955403e-07
21 -2.387540485459938e-11
21 1.271990835768524e-08
21 -4.190629126422467e-08
21 4.233946542149014e-08
21 -3.31511907569822e-08
21 -1.150974842609287e-08
21 1.583203451931035e-08
21 -4.983114728643056e-08
21 3.520035771172812e-07
21 -7.167564427360296e-08
21 -1.013283598328686e-07
21 -1.485828284251454e-07
21 -2.887316887173058e-08
21 -6.634531297061442e-10
21 -9.194010258364457e-08
21 -2.887840760235365e-08
22 6.717161687962692e-08
22 4.075207017610526e-07
22 4.54925089816856e-07
22 3.127593871075712e-07
22 3.42486670889794e-07
22 7.8920698832587e-07
22 3.83910671749493e-07
22 2.606783745789285e-07
22 4.589843769033574e-07
22 2.524271950200484e-07
22 3.188176279659556e-07
22 3.061881942583481e-07
22 2.971309697742953e-07
22 2.161649061893896e-07
22 2.309676463688337e-07
22 4.615065533498415e-07
22 7.602966839673794e-08
22 1.837680696721041e-07
22 2.743079969400624e-07
22 3.592792610079809e-07
22 3.093561577339102e-07
22 5.287363535997079e-07
22 3.964419637049781e-07
22 1.890075962973435e-07
22 2.717123087824916e-07
22 1.500627374491355e-07
22 4.006408620877601e-07
22 4.222656478439824e-07
22 1.53078122413072e-07
22 3.97721040617152e-07
22 2.492791184906297e-07
22 3.008176173566808e-07
22 2.250863685631403e-07
22 3.368591070730878e-07
22 5.087483098458867e-07
22 5.738502194540461e-07
22 2.329417456798029e-07
22 1.992008600501301e-07
22 5.003417383693797e-07
22 3.260679080102312e-07
22 6.97377863670398e-08
22 2.956398200722542e-07
22 3.102530156591947e-07
22 1.956235712929678e-07
22 2.436343846114712e-07
22 2.943653998495554e-07
22 6.465038059175412e-08
22 2.813313519276286e-07
22 1.716464070741472e-07
22 3.906837947194056e-07
22 2.715330802171854e-07
22 2.773660610159656e-07
22 1.464867669284297e-07
22 3.477837095783973e-07
22 2.039636949146638e-07
22 3.3403955944114e-07
22 2.873550640344973e-07
22 8.803563877719667e-08
22 1.673898878969784e-07
22 2.249747146774265e-07
22 5.594736998520226e-08
22 2.364088459489858e-07
22 1.237149498777629e-07
22 -1.096175038823585e-07
22 1.631148102506478e-07
22 6.413860079472638e-07
22 6.915857117931494e-08
22 1.885320831557764e-07
22 3.664938577445217e-07
22 3.338110434797055e-07
22 1.759889134419083e-07
22 3.470773677875001e-07
22 6.752419221641026e-07
22 -9.787586580325263e-08
22 3.545959263994322e-07
22 1.364409889791512e-07
22 3.282118195574682e-07
22 6.486787292207152e-08
22 3.579655400916214e-07
22 3.929097705973706e-07
22 1.941183006487485e-07
22 2.423710877254192e-07
22 2.028618629777442e-07
22 2.341135353579611e-07
22 4.763015104145382e-07
22 4.048960411114922e-07
22 1.133910405269014e-07
22 2.197713128369342e-07
22 5.098066395315078e-08
22 2.612811520500101e-07
22 3.118046165781158e-07
22 5.25512930827666e-07
22 3.969610423339956e-07
22 3.673901643492765e-07
22 5.923054693896142e-07
22 3.252515211781447e-07
22 2.209357200600686e-07
22 3.490717819386555e-07
22 5.088374686508558e-07
22 4.064517261957342e-07
23 7.582713314194478e-08
23 1.740636252978968e-07
23 3.818044678381872e-07
23 1.715251237167252e-07
23 1.101086456407507e-07
23 -1.810792486034517e-07
23 1.952448326089623e-09
23 -9.142414279256172e-08
23 2.951069343680533e-07
23 1.337162754046189e-07
23 -4.032855697429178e-08
23 -7.441168480252507e-08
23 1.793375440546799e-07
23 4.586045353763442e-08
23 1.021862610786261e-07
23 5.62531838414208e-08
23 1.877388207946444e-07
23 1.231692227465402e-09
23 -1.316770076531718e-07
23 -1.258917769069151e-07
23 9.443595076794781e-08
23 2.079533632898751e-07
23 -1.164573276714249e-07
23 1.950129228251886e-07
23 2.162328013991353e-07
23 1.200834893786035e-07
23 8.910280917989358e-08
23 1.95994791867032e-07
23 -1.56988248236525e-07
23 2.290403444862709e-08
23 -1.110449148830041e-07
23 1.22298634359093e-07
23 -6.712716556324681e-08
23 3.042302029466919e-07
23 -7.239483138243906e-08
23 2.85286966799714e-08
23 3.09462660358906e-07
23 -1.932954944634331e-08
23 6.935285779842675e-08
23 -3.64992137423244e-08
23 1.172134452853952e-07
23 3.484241887003171e-07
23 -2.032967703408959e-07
23 3.107033955377306e-07
23 1.25130600492249e-07
23 2.046387580605879e-07
23 2.945420720581385e-07
23 -6.816817068415542e-08
23 -5.149693432119841e-08
23 1.479773685530942e-07
23 1.186678177102797e-07
23 1.637839609046664e-07
23 1.537226958240119e-07
23 -2.369561504169086e-07
23 -9.368375391340734e-08
23 2.00644252497408e-07
23 1.076938106013724e-07
23 1.624232222854227e-07
23 8.93558274433296e-08
23 1.271048766411903e-07
23 -5.258894995786601e-08
23 2.055751474286912e-07
23 -2.077626701076079e-07
23 8.655679746083842e-08
23 -2.607444388566227e-08
23 1.00318626273173e-07
23 -2.869836792462366e-08
23 -6.392442131329632e-08
23 5.761845304933359e-09
23 7.472217579459236e-08
23 1.183657012407288e-07
23 7.078030455652191e-08
23 2.121460567680735e-07
23 1.793143390872997e-07
23 2.298464783108675e-07
23 -1.241327853209617e-07
23 1.970088648495537e-07
23 1.732329848364081e-07
23 1.279282830108318e-07
23 -1.010871050021817e-07
23 -5.597088460300281e-08
23 -8.80455933891944e-08
23 1.820701309224622e-07
23 -1.4771157327671e-07
23 2.555451555326312e-07
23 1.90216496221797e-07
23 -3.380149013922489e-07
23 -9.624168697838137e-08
23 2.633565624357665e-07
23 2.822212717957675e-07
23 1.189961278997868e-07
23 -8.375159487834195e-08
23 -6.240897291253238e-08
23 9.379772839280791e-08
23 -4.781001987530306e-08
23 -2.074166109994637e-07
23 -1.253478618192211e-07
23 2.059092120823215e-07
23 1.313514304106841e-07
23 -1.30993382549692e-08
24 5.076447073236176e-07
24 3.344412944545694e-07
24 3.075836957084706e-07
24 2.833180630935845e-07
24 1.187848396226159e-07
24 3.424348444216758e-07
24 4.123521742292031e-07
24 4.135237844879487e-07
24 5.980068322600179e-07
24 4.528284945872258e-07
24 4.206903488737918e-07
24 2.918912598123906e-07
24 3.21078884766816e-07
24 5.544707580198292e-07
24 2.368399477645159e-07
24 3.18992661769617e-07
24 1.591098174059188e-07
24 4.164698517525862e-07
24 2.277671955680962e-07
24 2.600158281076901e-07
24 5.522250868135065e-07
24 4.117399761761911e-07
24 4.294111217236419e-07
24 1.725606010281511e-07
24 6.488613480772027e-07
24 3.50726181129084e-07
24 3.382606054065216e-07
24 6.728110841470061e-07
24 4.316797865628625e-07
24 1.964608160436636e-07
24 4.02117608929171e-07
24 3.867820392751127e-07
24 5.760312964039403e-07
24 3.456193605400095e-07
24 5.008686964064317e-07
24 5.151372365539705e-07
24 5.408344765260433e-07
24 3.028451981415523e-07
24 3.459980185348703e-07
24 2.620258170716799e-07
24 3.415472460416961e-07
24 3.355023330061718e-07
24 4.729062116016001e-07
24 1.149749724024839e-07
24 1.083403811797539e-07
24 1.949323214515347e-07
24 5.711647926803366e-07
24 -6.861970615430697e-08
24 4.415604967321494e-07
24 5.023221907304251e-07
24 3.772027849031238e-07
24 4.122306568470279e-07
24 3.525761101566841e-07
24 4.858994421357187e-07
24 4.896567926549067e-07
24 5.35076695370787e-07
24 4.506903323831977e-07
24 6.260265793682109e-07
24 2.151213806177257e-07
24 2.453249170870211e-07
24 5.494816640581457e-07
24 4.868053479164027e-07
24 5.712450426718797e-07
24 3.567239200452487e-07
24 2.70468813012881e-07
24 5.479415192137179e-07
24 4.364935554857239e-07
24 1.941037626463174e-07
24 6.434748494371864e-07
24 7.636927579200833e-07
24 5.66762262950518e-07
24 4.980020884859335e-07
24 3.112240466395028e-07
24 2.414481420444026e-07
24 4.293091236836379e-07
24 2.406858096252964e-07
24 4.158090089119164e-07
24 2.608894481485715e-07
24 7.637832540799617e-07
24 6.506218091290917e-07
24 3.870020696433936e-07
24 6.157756094953818e-07
24 4.309652462192769e-07
24 2.151365822641256e-07
24 1.962883069723299e-07
24 4.496982359643792e-07
24 2.065472597015448e-08
24 2.542458485514832e-07
24 2.188301836601602e-07
24 2.686833695831098e-07
24 3.445073002432194e-07
24 3.821876682868625e-07
24 2.638773077828791e-07
24 2.210932589463343e-07
24 4.775864238311267e-07
24 5.520976718574046e-07
24 5.544033824494706e-07
24 6.588620509930646e-07
24 3.165543830647862e-07
24 3.270340372941136e-07
25 2.336552722608469e-07
25 1.859536338560108e-07
25 4.279739098859749e-07
25 1.20332581012788e-07
25 4.1406448625477e-07
25 5.659407764127585e-07
25 1.487291196989472e-07
25 2.732849065866045e-07
25 1.939630154732681e-07
25 4.811438186241202e-07
25 -1.342599948179375e-08
25 1.737120576071998e-07
25 3.741051646832709e-07
25 1.414872695423675e-07
25 1.57899718950407e-07
25 5.025370996541793e-07
25 3.194069917948908e-07
25 2.382444712285213e-07
25 3.827982406916359e-08
25 1.616932009808706e-07
25 8.343307785414545e-08
25 3.443209295132506e-07
25 1.521846132161923e-07
25 2.794760379228154e-07
25 1.247612764213187e-07
25 4.502908049202418e-07
25 -1.903374853486384e-08
25 1.840658770268818e-07
25 1.463860131781202e-07
25 2.492850494675557e-07
25 -8.759029080600153e-08
25 2.214534810431399e-07
25 1.714635773296476e-07
25 1.860279348591942e-07
25 2.08333261927224e-07
25 3.071256205836072e-07
25 2.289462874962721e-07
25 1.861063150813325e-07
25 6.38105903048681e-07
25 3.824389628383008e-07
25 6.409992539713386e-07
25 2.640218755202211e-07
25 3.296004168600897e-08
25 1.178183037638383e-07
25 2.824497089416255e-07
25 2.824214023331382e-07
25 2.754213277134033e-07
25 -4.993883255216029e-08
25 5.978950352495871e-08
25 4.350862070140343e-07
25 1.505528435899694e-07
25 1.107412271212105e-07
25 1.641065573757145e-07
25 1.341510653768143e-07
25 1.616727157662342e-07
25 4.26340620715788e-07
25 9.399803262131738e-08
25 2.282989038711725e-07
25 2.985214444172837e-07
25 3.285758556410472e-07
25 -8.283875052646799e-09
25 1.515246250289426e-07
25 3.309284298367406e-07
25 3.061043665650507e-07
25 3.267859061290619e-07
25 -5.306377869358665e-08
25 7.327468276052082e-08
25 5.99232990786379e-08
25 3.247883957356436e-07
25 3.892888598951084e-07
25 2.456143984733169e-07
25 2.525037262993432e-07
25 2.727951532221119e-07
25 1.338316812144262e-07
25 3.741129840930246e-07
25 1.66484113880236e-07
25 3.548605895315999e-07
25 3.453207720134056e-07
25 6.909594204285511e-07
25 -3.625925879189348e-08
25 6.54035050019518e-07
25 1.194892988663264e-07
25 3.779675415291276e-07
25 1.718285421523807e-07
25 5.286031913854442e-07
25 5.656780799584012e-08
25 8.486587265765865e-08
25 4.14481025140246e-07
25 2.07330479747124e-07
25 4.272256616955644e-07
25 2.03871525533931e-07
25 1.597820835410824e-07
25 3.333785358236027e-07
25 1.283203808967656e-07
25 1.190997674013327e-07
25 2.451626909028758e-07
25 1.798185154146247e-07
25 3.437778925135563e-07
25 2.77023196865152e-07
25 2.13404241927709e-07
26 6.940602299837208e-08
26 3.277834316035423e-07
26 7.729346078053903e-07
26 2.866651401212145e-07
26 6.298177044788377e-07
26 3.969448667239265e-07
26 3.258762801758032e-07
26 4.063402527977255e-07
26 3.544379360898847e-07
26 9.931544950920756e-08
26 4.441857370234851e-07
26 3.009643360885925e-07
26 3.252219887278808e-07
26 5.913245937581328e-07
26 4.13553248640786e-07
26 8.81349425429251e-07
26 5.135214631603939e-07
26 3.571066860831962e-07
26 3.857203707410896e-07
26 4.631643238042507e-07
26 6.108662913850735e-07
26 2.488573330646006e-07
26 3.227255572083103e-07
26 5.658613799859114e-07
26 4.325699287545252e-07
26 2.797486385568238e-07
26 5.680712381535795e-07
26 6.804807299519434e-07
26 4.094093922575339e-07
26 5.15216760164805e-07
26 3.926655263031749e-07
26 5.477946838583023e-07
26 4.120492868789371e-07
26 2.229116230731682e-07
26 6.700327733628811e-07
26 4.01256654005355e-07
26 5.798390747359162e-07
26 2.427131960062349e-07
26 6.854280725829619e-07
26 2.292279956452362e-07
26 4.150291314432209e-07
26 7.375185410411072e-07
26 4.004698701969657e-07
26 4.498468965209289e-07
26 1.682567880823754e-07
26 8.118472174783227e-07
26 5.578527898015897e-07
26 1.131346003522863e-07
26 4.594922850473091e-07
26 6.549430933010664e-07
26 2.925450873719535e-07
26 2.317419911223089e-07
26 6.21102405441336e-07
26 5.599441477168064e-07
26 1.61492449206562e-07
26 4.717993319961056e-07
26 6.350941841969414e-07
26 4.776507074923319e-07
26 4.230579474888467e-07
26 7.597363999927178e-07
26 1.914805297620302e-07
26 1.36526666973436e-07
26 3.867251446681275e-07
26 4.761234105235535e-07
26 2.304775849741882e-07
26 6.817653029078428e-07
26 2.786941736076505e-07
26 4.761592270852413e-07
26 4.824890660532894e-07
26 2.734517350503568e-07
26 1.834978345865344e-07
26 4.506582428501476e-07
26 4.032556513789193e-07
26 6.460880602758058e-07
26 4.942561402784575e-07
26 1.611335862107241e-07
26 2.353159095386974e-07
26 2.589417511171225e-07
26 6.109399206964193e-07
26 4.675938575105232e-07
26 3.132003013987088e-07
26 4.538406351706765e-07
26 4.20998157650093e-07
26 2.965793493846413e-07
26 4.480773563464409e-07
26 4.889818453137711e-07
26 3.512675472234245e-07
26 2.908401276040647e-07
26 5.883052102588756e-07
26 3.7056181799828e-07
26 7.212975887828012e-07
26 2.414517051161517e-07
26 5.660703260084527e-07
26 5.627376263591228e-07
26 1.822945088811663e-07
26 1.713600602326382e-07
26 2.787284885321303e-07
26 3.666102638821573e-07
26 5.008299104741126e-07
26 2.48015894951535e-08
27 3.681166541664887e-07
27 4.655155106899474e-07
27 6.032967131554959e-07
27 5.681197708534083e-07
27 4.809851882082034e-07
27 5.317041560511184e-07
27 4.647005795559067e-07
27 3.707258429612879e-07
27 5.647917778704536e-07
27 4.066876609648778e-07
27 5.640098574138643e-07
27 1.987887369566816e-07
27 6.323470879837055e-07
27 6.924981735375451e-07
27 5.805572493245954e-07
27 3.395040576648999e-07
27 3.653589677449392e-07
27 5.370949301644068e-07
27 5.309878020645476e-07
27 6.522174453198915e-07
27 7.221934328944168e-07
27 1.242890770887257e-07
27 3.640487999052982e-07
27 3.147557499364446e-07
27 5.74525810406165e-07
27 2.794651428530356e-07
27 5.975597966788533e-07
27 3.39406229394728e-07
27 5.066481016613741e-07
27 5.598805328369026e-07
27 7.423194189623661e-07
27 5.893294554954174e-07
27 7.628286040934509e-07
27 3.413934307955434e-07
27 6.691590030221801e-07
27 2.768875803245148e-07
27 3.640183959806165e-07
27 5.580356771151808e-07
27 5.460939246723333e-07
27 6.515223085610582e-07
27 4.806453212958385e-07
27 3.268431106287966e-07
27 2.554346516472984e-07
27 3.002236524828429e-07
27 3.246316842719334e-07
27 5.382736421794094e-07
27 4.402425396636895e-07
27 4.208727157953591e-07
27 1.794144814127208e-07
27 4.691375875135806e-07
27 5.677620148716686e-07
27 6.64777326029028e-07
27 5.962447697520689e-07
27 5.156347932422709e-07
27 7.141100793579867e-07
27 5.387788086813855e-07
27 3.880665370620309e-07
27 3.32382174641638e-07
27 4.247228312151016e-07
27 3.825491448668427e-07
27 3.85401689156452e-07
27 6.547309241998603e-07
27 7.61587821221462e-07
27 5.25594652829615e-07
27 4.153047245098815e-08
27 5.841513295025772e-07
27 6.945636986815173e-07
27 7.475598166362927e-07
27 5.711045477024596e-07
27 2.535659563078556e-07
27 5.799524823004363e-07
27 5.630439117057646e-07
27 3.903229518282546e-07
27 8.039094703596129e-07
27 5.078500812561758e-07
27 5.55708867796212e-07
27 2.417579830320481e-07
27 5.567992814900014e-07
27 3.518270965967361e-07
27 4.688312386264177e-07
27 6.122104287819673e-07
27 4.332356106767242e-07
27 5.675577173923919e-07
27 3.452080230530625e-07
27 6.152101779825666e-07
27 2.801184264569587e-07
27 4.977696208503995e-07
27 6.924133641488253e-07
27 2.503651878766972e-07
27 3.859784038055584e-07
27 6.427423793277176e-07
27 5.496796189890542e-07
27 3.544986972537158e-07
27 5.716982113988199e-07
27 4.971148500491826e-07
27 3.412146672196213e-07
27 4.430824926341437e-07
27 5.121810642250754e-07
27 8.108613723220732e-07
27 6.960568332796052e-07
28 2.035338776363089e-07
28 6.530481722482623e-07
28 4.997544751622882e-07
28 5.981607736412239e-07
28 4.249020808915857e-07
28 6.433573236225314e-07
28 9.527046186484031e-07
28 5.890908043304204e-07
28 4.965789165509088e-07
28 3.674512806017668e-07
28 3.542982418425294e-07
28 5.758968169114969e-07
28 3.638749182767143e-07
28 6.153356508940981e-07
28 6.001887190676952e-07
28 2.98643512519049e-07
28 7.599859625592222e-07
28 5.272146211540417e-07
28 5.761295608618141e-07
28 4.60232893168047e-07
28 6.102905485125876e-07
28 4.947568188170835e-07
28 6.324881389198688e-07
28 3.69735031610939e-07
28 2.998995907884781e-07
28 9.348287025996991e-08
28 4.927155186967667e-07
28 6.02039331350739e-07
28 2.741882423961579e-07
28 5.526077785641764e-07
28 2.507930199035067e-07
28 2.411941665856749e-07
28 5.23633200123355e-07
28 4.080645542439636e-07
28 3.757333475225141e-07
28 5.54039599918966e-07
28 4.734787948528028e-07
28 5.077280803597712e-07
28 3.845304479017009e-07
28 3.790398152136552e-07
28 1.544160362841957e-07
28 4.838040852599663e-07
28 5.508985768392976e-07
28 2.705995352103446e-07
28 4.960193599578039e-07
28 6.530433689729199e-07
28 4.476307867193986e-07
28 2.702639008732433e-07
28 2.443508856721911e-07
28 3.950285744884295e-07
28 8.00369996222892e-07
28 4.129509226906447e-07
28 4.18057119423066e-07
28 5.788030311408382e-07
28 5.715014759365325e-07
28 6.327257190454339e-07
28 7.968294880589073e-07
28 5.769124209475297e-07
28 5.440966247489653e-07
28 8.380627092033521e-07
28 3.671110084242524e-07
28 3.533111759898332e-07
28 2.647519460872104e-07
28 3.846428670633646e-07
28 2.385444711321531e-07
28 8.524164180568298e-07
28 8.228088535552006e-07
28 6.424743334647518e-07
28 3.882533107660649e-07
28 6.146722089405176e-07
28 1.242447844865148e-07
28 4.258892914889829e-07
28 6.746322729674055e-07
28 3.228912731184795e-07
28 1.892133273974618e-07
28 2.810377305171349e-07
28 4.253204107059263e-07
28 3.994249438671864e-07
28 3.756076556750043e-07
28 2.526073235774488e-07
28 5.120385321607617e-07
28 4.361545439573716e-07
28 6.67055390964155e-07
28 2.085047741638864e-07
28 4.455505658967069e-07
28 4.707293593211867e-07
28 3.156754422476141e-07
28 5.248315626731817e-07
28 2.536597720572943e-07
28 6.24267243018843e-07
28 5.182134768974329e-07
28 3.48104471414783e-07
28 6.435336727299395e-07
28 5.673412651819008e-07
28 4.526411801884809e-07
28 2.921861088789606e-07
28 3.323916868633095e-07
28 6.557804563523114e-07
28 5.668534248568569e-07
28 5.793919363841806e-07
29 7.388085670275369e-07
29 1.033408966178802e-06
29 9.692525406484827e-07
29 6.820535756513979e-07
29 6.792251124113477e-07
29 8.560293891214975e-07
29 8.820408969386047e-07
29 6.554297837172045e-07
29 6.955494377235369e-07
29 5.972947782884837e-07
29 6.092742179819396e-07
29 9.172219758151201e-07
29 6.187498309550636e-07
29 9.509891907238369e-07
29 6.599142051711616e-07
29 9.943715293099912e-07
29 9.252597151048142e-07
29 8.00973866191302e-07
29 7.632324062885265e-07
29 6.378121136166774e-07
29 9.813890386856799e-07
29 7.14240857162435e-07
29 9.044989179898639e-07
29 5.975267703583748e-07
29 9.055871091378928e-07
29 8.958264820378516e-07
29 7.268245217071426e-07
29 1.019343337940502e-06
29 7.543146396170172e-07
29 1.098060712027495e-06
29 6.157931378006975e-07
29 6.41527991716541e-07
29 7.496823029502051e-07
29 9.25961022927154e-07
29 8.345792663858539e-07
29 1.005863671238176e-06
29 7.546808523238203e-07
29 9.197813070861236e-07
29 8.21118987939614e-07
29 8.885991840911563e-07
29 1.292329759651011e-06
29 7.450065136649419e-07
29 6.756202389800781e-07
29 1.140538587621044e-06
29 8.86976594835701e-07
29 7.526517181167553e-07
29 6.004493743546786e-07
29 5.493321340553308e-07
29 6.549568462479593e-07
29 6.761295312960305e-07
29 7.519626238288264e-07
29 9.569568933429936e-07
29 5.957634997271834e-07
29 8.020902935951487e-07
29 7.717533448414641e-07
29 9.657181543961602e-07
29 7.792405696575325e-07
29 8.039388017067903e-07
29 5.340205726110763e-07
29 8.391931231436104e-07
29 8.280723815668012e-07
29 7.990375888637867e-07
29 8.171236640637487e-07
29 6.506851497346747e-07
29 5.036854164462846e-07
29 9.643255654719902e-07
29 5.763123038604827e-07
29 8.753894887266724e-07
29 5.59486198755516e-07
29 7.986323457414682e-07
29 8.277999987829848e-07
29 9.803415770595336e-07
29 9.468302360030106e-07
29 8.418618420973151e-07
29 8.552365565624048e-07
29 1.091905098416189e-06
29 7.759839868759782e-07
29 8.308799089208067e-07
29 8.702753468156346e-07
29 8.634307584301872e-07
29 9.65546981641758e-07
29 8.598570909616548e-07
29 1.00262001715479e-06
29 8.314331618379799e-07
29 7.786404105140034e-07
29 8.465607082131868e-07
29 4.944739853319666e-07
29 7.659795026125589e-07
29 7.410895630314828e-07
29 6.653141287761555e-07
29 6.219469961015076e-07
29 8.531839517686773e-07
29 7.451638512371935e-07
29 8.30541246301577e-07
29 6.728771732689165e-07
29 6.493088657164118e-07
29 8.093595932690379e-07
29 7.078232283054301e-07
29 6.655627718207142e-07
29 6.881131314545076e-07
30 7.403362676775354e-07
30 6.129228091607324e-07
30 7.185869477614517e-07
30 7.669184028716632e-07
30 5.920641074092684e-07
30 9.662082525531689e-07
30 5.4541950988508e-07
30 9.403277868716062e-07
30 5.695306130955853e-07
30 8.484409314216201e-07
30 7.387489974196033e-07
30 8.071731976529764e-07
30 8.655681264884786e-07
30 2.674460257967288e-07
30 6.303461702384856e-07
30 3.231208330612919e-07
30 7.078413366689277e-07
30 7.55156144480551e-07
30 8.516840501902507e-07
30 8.394383563136282e-07
30 5.865034866512142e-07
30 6.611633125636606e-07
30 6.462138467532137e-07
30 7.352856077956695e-07
30 8.815321126085262e-07
30 9.208438654164587e-07
30 5.883231367465939e-07
30 8.411794618196145e-07
30 1.025749625820905e-06
30 6.750980738023367e-07
30 8.003038104098249e-07
30 7.659288528000515e-07
30 9.38195180738448e-07
30 6.059098801437936e-07
30 7.559686280646542e-07
30 9.296484938451191e-07
30 9.194686074902585e-07
30 5.910829778891692e-07
30 4.556898575883428e-07
30 8.187842774960361e-07
30 8.389653781841601e-07
30 6.150030726063254e-07
30 5.452624526775998e-07
30 7.891110680288567e-07
30 5.827774743699894e-07
30 7.5793885931764e-07
30 9.352003860693e-07
30 7.302922193973501e-07
30 8.324034370095667e-07
30 7.439959940867308e-07
30 7.826672794071186e-07
30 5.517176055738617e-07
30 7.916934561164722e-07
30 7.16921950159961e-07
30 7.007362874103904e-07
30 8.288499881228306e-07
30 5.777420491536082e-07
30 8.755364356565766e-07
30 7.633765496185458e-07
30 5.086862363228524e-07
30 5.931767507217056e-07
30 7.296166317304833e-07
30 6.422502687989209e-07
30 8.023271357884427e-07
30 8.835006714436019e-07
30 4.219508503713946e-07
30 1.007056474893318e-06
30 4.135867769142525e-07
30 6.967591808237572e-07
30 5.876277283500593e-07
30 7.47431136208257e-07
30 7.712528739797591e-07
30 5.766647284379299e-07
30 8.314720466620877e-07
30 7.145671613801278e-07
30 5.313357521739811e-07
30 7.484981270558648e-07
30 1.127599405282177e-06
30 5.214285049827813e-07
30 1.02730433851623e-06
30 5.869516030929303e-07
30 6.291942336000967e-07
30 9.502407838196711e-07
30 3.954582406716995e-07
30 4.347624546706385e-07
30 8.32863408820642e-07
30 7.380691970992302e-07
30 8.511870756603143e-07
30 5.894674873471129e-07
30 5.043956986160224e-07
30 5.93167031001387e-07
30 7.328051081007246e-07
30 9.427144248703342e-07
30 6.261785978356773e-07
30 5.665135112726602e-07
30 8.257884415816017e-07
30 5.823441710213433e-07
30 1.102809970991629e-06
30 7.592210588323746e-07
30 7.071687087827165e-07
31 1.56329963211317e-06
31 9.120875253354828e-07
31 1.820191339453826e-06
31 1.582809382982691e-06
31 1.669899252648374e-06
31 1.59739086403889e-06
31 1.128854471522454e-06
31 1.331224954184481e-06
31 1.226639531847911e-06
31 1.286294625612241e-06
31 1.38397623274859e-06
31 1.438408397680205e-06
31 1.377501896069463e-06
31 1.509144795993583e-06
31 1.357378633463397e-06
31 1.280666739976554e-06
31 1.276608773338782e-06
31 1.445910039951399e-06
31 1.387682415944921e-06
31 1.266407020998654e-06
31 1.617074640312896e-06
31 1.613406609974172e-06
31 1.507500181874073e-06
31 1.606227875694076e-06
31 1.599097248690866e-06
31 1.211708732677662e-06
31 1.331177328604043e-06
31 1.452549647480836e-06
31 1.178356287524191e-06
31 1.209859391426667e-06
31 1.413462155631162e-06
31 1.153910381187027e-06
31 1.656251557174642e-06
31 1.280248096603118e-06
31 1.444075180142238e-06
31 1.517718920707366e-06
31 1.687916984888246e-06
31 1.689110296348741e-06
31 1.335200055458444e-06
31 1.341327573518533e-06
31 1.443320601456168e-06
31 1.377351539790798e-06
31 1.481561747480304e-06
31 1.531414851984927e-06
31 1.484603580289099e-06
31 1.850261677689166e-06
31 1.714409919384375e-06
31 1.770814408404244e-06
31 1.695018984727293e-06
31 1.302959820156378e-06
31 1.1733705730306e-06
31 1.22797996349687e-06
31 1.385046821780717e-06
31 1.475081506327479e-06
31 1.412866603736166e-06
31 1.351377017658702e-06
31 1.360765220173919e-06
31 1.42355461827493e-06
31 1.531836187541587e-06
31 1.354758454107553e-06
31 1.267328422168715e-06
31 1.495549269722581e-06
31 1.241367400408093e-06
31 1.25806660782206e-06
31 1.490245141255434e-06
31 1.53141291255597e-06
31 1.647218067676943e-06
31 1.118977534553733e-06
31 1.127619527719146e-06
31 1.520246483537718e-06
31 1.553756438947028e-06
31 1.237525259219019e-06
31 1.494111875852523e-06
31 1.168940050374096e-06
31 1.353697809436362e-06
31 1.565259764917285e-06
31 1.435237599149405e-06
31 1.660746546351354e-06
31 1.521286177761879e-06
31 1.452026528443957e-06
31 1.271154109488085e-06
31 1.264860472894242e-06
31 1.31987742284695e-06
31 1.415608648991574e-06
31 1.688935542040545e-06
31 1.469439317818218e-06
31 1.433563742772595e-06
31 1.320812238712183e-06
31 1.343322161914392e-06
31 1.168313210540599e-06
31 1.22104842954955e-06
31 1.770512583248617e-06
31 1.331079207538961e-06
31 1.312109616113951e-06
31 1.499698073025564e-06
31 1.630384366803842e-06
31 1.468896903880734e-06
31 1.54594597503079e-06
31 1.339329025476223e-06
31 1.721191938609517e-06
32 1.120173421634154e-06
32 1.401314757165972e-06
32 1.280214547027898e-06
32 1.085850295252081e-06
32 1.10244674167477e-06
32 1.296254259463291e-06
32 1.215338194434812e-06
32 1.292884107980096e-06
32 1.062148678186893e-06
32 1.15800521483769e-06
32 8.801753093007785e-07
32 1.330416617898124e-06
32 1.241196651569314e-06
32 1.305222733412268e-06
32 1.069895434733971e-06
32 1.573035662194647e-06
32 9.377223839890748e-07
32 1.390094826631163e-06
32 1.349391473567121e-06
32 1.313618530788175e-06
32 1.405159710734695e-06
32 1.179985829652239e-06
32 1.267749978613342e-06
32 1.55600182784356e-06
32 1.204732425748236e-06
32 1.341028261501149e-06
32 1.165278968870607e-06
32 1.17255575272039e-06
32 1.070701559706105e-06
32 1.013832959722961e-06
32 1.591757150680584e-06
32 1.23355326409484e-06
32 1.225612005422532e-06
32 1.340980392093858e-06
32 1.220221250248869e-06
32 1.377229976023723e-06
32 1.377909668239625e-06
32 1.093794649499314e-06
32 1.25299738420847e-06
32 1.387371207653398e-06
32 1.451748794633789e-06
32 1.610059087742811e-06
32 1.292279232919587e-06
32 1.205432061200073e-06
32 1.280672356213892e-06
32 1.349140296596498e-06
32 1.417303663380408e-06
32 1.579127079479568e-06
32 1.258123665356347e-06
32 1.064138679282363e-06
32 9.792068849316373e-07
32 1.22943205099433e-06
32 1.153371575978684e-06
32 1.234340521414563e-06
32 1.004598694408535e-06
32 1.191364719137624e-06
32 1.068089917492493e-06
32 9.497776986787731e-07
32 1.305340330572462e-06
32 1.376097734910504e-06
32 1.134092244582464e-06
32 1.391203546278443e-06
32 1.282712677813563e-06
32 1.425557654531656e-06
32 1.516790985836997e-06
32 1.190568950432299e-06
32 1.540507937224549e-06
32 1.733762544875825e-06
32 1.225787719941947e-06
32 1.215446912927077e-06
32 1.483106059321533e-06
32 1.128350197436575e-06
32 1.264697547083528e-06
32 1.31369842082839e-06
32 1.163452056170523e-06
32 1.232192875539388e-06
32 1.170003141412464e-06
32 1.431620194432407e-06
32 1.297853440237332e-06
32 1.213583982965363e-06
32 1.807284976738496e-06
32 1.231990037671356e-06
32 9.90247346387217e-07
32 1.14295070005963e-06
32 1.103972894376166e-06
32 1.552752986341249e-06
32 1.391808822156352e-06
32 1.551241355775806e-06
32 1.256341243553403e-06
32 1.099891497006849e-06
32 1.237074007777582e-06
32 1.336628754397538e-06
32 1.098578177829624e-06
32 1.386719031322271e-06
32 1.160593859390345e-06
32 1.211367279005413e-06
32 1.055044437698675e-06
32 9.344272057503128e-07
32 1.204109407306495e-06
32 1.414328602925543e-06
33 3.095793484165146e-06
33 3.271455444954634e-06
33 3.309268758934358e-06
33 3.147356124082873e-06
33 3.074880207977837e-06
33 3.0948237229905e-06
33 3.300554958417712e-06
33 3.243186717972383e-06
33 3.556000174974938e-06
33 3.225839664613822e-06
33 3.081845133087755e-06
33 3.509788728680859e-06
33 3.404500015879851e-06
33 3.490026645161213e-06
33 3.204434263725116e-06
33 3.192263799169366e-06
33 3.385579835606156e-06
33 3.583924451629364e-06
33 3.189302206908531e-06
33 3.496774508357594e-06
33 3.481861861151002e-06
33 3.63188802266782e-06
33 2.950228995585704e-06
33 3.03511327323732e-06
33 3.800954815617691e-06
33 3.304341753735866e-06
33 3.374045119048793e-06
33 3.344134124614874e-06
33 3.504230993032207e-06
33 2.966293629858539e-06
33 3.410469061248808e-06
33 3.357390428595364e-06
33 3.372512325308013e-06
33 3.280658330294945e-06
33 3.383043328781339e-06
33 3.295691660046571e-06
33 3.261516483206553e-06
33 3.424915552659364e-06
33 3.382083718808864e-06
33 3.234776336270643e-06
33 3.333095695911969e-06
33 3.365459856042777e-06
33 3.111516743959458e-06
33 3.265909672934592e-06
33 3.296821354430136e-06
33 3.272612578200943e-06
33 3.202515858702257e-06
33 3.30683792809509e-06
33 3.166990915448487e-06
33 3.450137513618282e-06
33 3.236155462991495e-06
33 3.206942007906044e-06
33 3.066127505366093e-06
33 3.286506074915578e-06
33 3.581565298001505e-06
33 3.309662702164129e-06
33 3.648892376586697e-06
33 3.007122708994628e-06
33 3.302269842111078e-06
33 3.094802022793507e-06
33 3.383568105286573e-06
33 3.28670642049014e-06
33 3.352788993290087e-06
33 3.180385624582331e-06
33 3.319600559362978e-06
33 3.310182023026687e-06
33 3.413267656216405e-06
33 3.160564858405805e-06
33 3.431586778926762e-06
33 3.157007446644756e-06
33 3.444658757101705e-06
33 3.214181561009133e-06
33 3.220988836396914e-06
33 3.435666044505011e-06
33 3.375099121496798e-06
33 3.288614213178059e-06
33 3.25084082217453e-06
33 3.113521179459806e-06
33 3.110752524489746e-06
33 3.11569478773309e-06
33 3.023279632860683e-06
33 3.33002534908033e-06
33 3.381485094915591e-06
33 3.223135519378523e-06
33 3.338921907824282e-06
33 3.151418653211779e-06
33 3.396259778571562e-06
33 3.358963473781805e-06
33 3.254354763949243e-06
33 3.064612801563968e-06
33 3.217405739209199e-06
33 3.398250982881791e-06
33 3.047653331583575e-06
33 3.044462169183391e-06
33 3.065423726677637e-06
33 3.080725287458359e-06
33 3.183065892125185e-06
33 3.56721633522873e-06
33 3.342163597841077e-06
33 3.412983616646694e-06
34 2.485288814339306e-06
34 2.897778026999167e-06
34 2.982213732054984e-06
34 2.899908244222558e-06
34 2.709081770351761e-06
34 2.438587827949794e-06
34 2.880725837733338e-06
34 2.298965185867225e-06
34 2.750853607498482e-06
34 2.653030074802861e-06
34 2.679872594430288e-06
34 2.542603760962024e-06
34 2.708433059859339e-06
34 2.514184389786252e-06
34 2.886764141676275e-06
34 2.604686381471274e-06
34 2.914579740205425e-06
34 2.756446229330098e-06
34 2.308266736959075e-06
34 2.626766371933815e-06
34 2.526968928014114e-06
34 2.384862182850541e-06
34 2.669606944088562e-06
34 2.504815244100092e-06
34 2.778209793272574e-06
34 2.643029301854172e-06
34 2.866766238657523e-06
34 2.756137744145679e-06
34 2.645730224983358e-06
34 2.826409951174774e-06
34 2.763658108126438e-06
34 2.622410663215509e-06
34 2.412450769490218e-06
34 2.638696832794612e-06
34 2.621436482516487e-06
34 2.684444838648209e-06
34 2.823111560349863e-06
34 2.34689976534461e-06
34 2.646606341015185e-06
34 2.542099565356213e-06
34 2.589670814448805e-06
34 2.885708780862645e-06
34 2.692755402504489e-06
34 2.711304029470779e-06
34 2.352926059336705e-06
34 2.690548102343725e-06
34 2.600671045706152e-06
34 2.992669629557121e-06
34 2.4541882264841e-06
34 2.642979466048942e-06
34 3.107999197071534e-06
34 2.865851685998593e-06
34 2.826335558201314e-06
34 2.817225744510446e-06
34 2.554973042201686e-06
34 2.473016407561226e-06
34 2.41575786053859e-06
34 3.258885347069593e-06
34 2.926826659587127e-06
34 2.552300700911889e-06
34 2.784563830221856e-06
34 2.631778351022529e-06
34 2.775760196036567e-06
34 2.669288909422442e-06
34 2.468249036619579e-06
34 2.381503156566315e-06
34 2.679276045490932e-06
34 2.713943606334489e-06
34 2.474733562536251e-06
34 2.926302704534583e-06
34 2.639485356442391e-06
34 2.834542928674191e-06
34 2.798751625329946e-06
34 2.525659716959316e-06
34 2.680760568129898e-06
34 2.89090597235949e-06
34 2.737757927465726e-06
34 2.375572646282034e-06
34 2.68531865931639e-06
34 2.975825569567919e-06
34 2.720320051306576e-06
34 2.510411813905906e-06
34 2.78181240759561e-06
34 2.775347887505011e-06
34 2.753845589750144e-06
34 2.506631112335581e-06
34 2.403198155634504e-06
34 2.572015691739197e-06
34 2.82186966936994e-06
34 2.52706007122287e-06
34 2.381820323604931e-06
34 2.760812302893911e-06
34 2.447924891620515e-06
34 2.643986954955631e-06
34 2.441475923829319e-06
34 2.841102611531834e-06
34 2.59770293053843e-06
34 2.884378869726249e-06
34 2.861455880826596e-06
34 2.901383393264145e-06
35 9.774353548138905e-06
35 9.598633618524508e-06
35 9.423773571699025e-06
35 9.583756663482739e-06
35 9.606247495806511e-06
35 9.719441061677445e-06
35 9.181465254283011e-06
35 9.729865914357043e-06
35 9.247477283345727e-06
35 9.255207544992351e-06
35 9.600845061648098e-06
35 9.763316073514066e-06
35 9.376395397862924e-06
35 9.732865274114675e-06
35 9.829264306455488e-06
35 9.288388964891228e-06
35 9.465605445616318e-06
35 9.630915615838141e-06
35 9.566458177233476e-06
35 9.552515165086357e-06
35 9.538034216421759e-06
35 9.374149544319186e-06
35 9.794202105324363e-06
35 9.569844000532936e-06
35 9.304171291619487e-06
35 9.544267303652951e-06
35 9.365617968322882e-06
35 9.464255792582949e-06
35 9.231988192748841e-06
35 9.749866849725772e-06
35 9.567828034773069e-06
35 9.562458328717037e-06
35 9.271730948853329e-06
35 9.400227862878612e-06
35 9.393571649786124e-06
35 9.749867723924732e-06
35 9.484660356982312e-06
35 9.437584929418385e-06
35 9.500165062839512e-06
35 9.766792493158987e-06
35 9.690225076722406e-06
35 9.253011331824979e-06
35 9.476483025343356e-06
35 9.366610293267131e-06
35 9.275041278966241e-06
35 9.363008985591264e-06
35 9.740283642425537e-06
35 9.356426328858576e-06
35 9.452674879097227e-06
35 9.216167468867089e-06
35 9.522160228771607e-06
35 9.541837828626547e-06
35 9.606060647832404e-06
35 9.321625127737449e-06
35 9.51772054815998e-06
35 9.818142170321125e-06
35 9.48121496439965e-06
35 9.375633156892548e-06
35 9.547754221341608e-06
35 9.584257484884543e-06
35 9.446149047878795e-06
35 9.103486333873806e-06
35 9.900807986972298e-06
35 9.436794274972887e-06
35 9.587281677070005e-06
35 9.66563571170584e-06
35 9.551185983595223e-06
35 9.344818056250699e-06
35 9.767661549999717e-06
35 9.203671920906046e-06
35 9.598149834479647e-06
35 9.300968091035913e-06
35 9.51053176113083e-06
35 9.557872645130416e-06
35 9.486456580418976e-06
35 9.424614469813592e-06
35 9.714701602233985e-06
35 9.187293309446975e-06
35 9.727633472587772e-06
35 9.539461510502325e-06
35 9.212859226005979e-06
35 9.121124187876713e-06
35 9.529309903523461e-06
35 9.380582351759059e-06
35 9.59489553999149e-06
35 9.458787037345688e-06
35 9.592208880951823e-06
35 9.613301144645867e-06
35 9.302863450302397e-06
35 9.522059989547533e-06
35 9.620402837492596e-06
35 9.39370451705811e-06
35 9.54318433864845e-06
35 9.635755175182999e-06
35 9.577643930072042e-06
35 9.410327162460206e-06
35 9.442052102110254e-06
35 9.416697518326783e-06
35 9.545381835822368e-06
35 9.433886041356698e-06
36 8.804408808468815e-06
36 9.043708339625749e-06
36 9.108126820393897e-06
36 8.669069779570679e-06
36 8.682911974039706e-06
36 9.151331540641975e-06
36 8.931045365649129e-06
36 9.225111576665098e-06
36 8.893858759898218e-06
36 8.832444163180064e-06
36 8.810288607339938e-06
36 8.753488799469467e-06
36 8.656253481723843e-06
36 9.054686727267673e-06
36 8.869677484437185e-06
36 8.950336351219466e-06
36 8.818269606874763e-06
36 8.982140940410528e-06
36 8.832635784821313e-06
36 8.746590540936318e-06
36 8.892224179093253e-06
36 9.068997395660121e-06
36 9.105500087602139e-06
36 8.944075382901506e-06
36 8.879746722887052e-06
36 9.096022300900643e-06
36 8.920449652639703e-06
36 9.011092113501065e-06
36 9.040152067369334e-06
36 8.718667912667569e-06
36 8.74614914153753e-06
36 9.098794168291532e-06
36 9.099366217329796e-06
36 8.627451544809128e-06
36 8.607109385182099e-06
36 9.14543152186569e-06
36 8.803356852077305e-06
36 8.670430357628364e-06
36 8.617015140645814e-06
36 8.991718862800867e-06
36 9.052258847256285e-06
36 8.961081316887223e-06
36 9.122161939822803e-06
36 9.270043563842546e-06
36 8.819343077582345e-06
36 9.066622134656141e-06
36 8.862319910499819e-06
36 9.272890451245926e-06
36 8.699875033962908e-06
36 8.583502347313642e-06
36 8.99073702869475e-06
36 8.949500959269818e-06
36 8.590380158623138e-06
36 9.027927857225755e-06
36 8.679131411544993e-06
36 8.739662496026364e-06
36 8.854784912501383e-06
36 8.913893445474178e-06
36 8.949330252435687e-06
36 9.084345305388133e-06
36 9.121214284083759e-06
36 9.143346170327769e-06
36 8.83933693927586e-06
36 8.859597495988633e-06
36 8.924218682456715e-06
36 8.974160828389213e-06
36 8.907475936665457e-06
36 9.117125250479156e-06
36 8.517135597889587e-06
36 8.731850971678257e-06
36 8.921908677999881e-06
36 8.971087638178302e-06
36 9.078353947123057e-06
36 8.942238452200314e-06
36 8.930629598723918e-06
36 9.171448924145692e-06
36 8.896896037422016e-06
36 9.220352061930065e-06
36 8.875038044385777e-06
36 8.62731771474504e-06
36 8.848149745274213e-06
36 8.913747426839115e-06
36 8.841122375785819e-06
36 9.190615045843675e-06
36 8.983399566538866e-06
36 9.025959314580576e-06
36 8.980983942652226e-06
36 8.670696958556083e-06
36 9.100742608710157e-06
36 9.163527048966406e-06
36 8.865527027751669e-06
36 8.80859961035052e-06
36 8.966694263347683e-06
36 8.883039786101762e-06
36 8.968653268897571e-06
36 9.229895746116041e-06
36 8.555955443433599e-06
36 8.90647271589442e-06
36 8.768097334113281e-06
36 8.971773742404007e-06
37 4.417639349436098e-05
37 4.411030354051651e-05
37 4.45132121237519e-05
37 4.393228659636319e-05
37 4.407879066920901e-05
37 4.410770506464831e-05
37 4.397277743432367e-05
37 4.403627225824115e-05
37 4.444952019897998e-05
37 4.398035650410406e-05
37 4.427023581723115e-05
37 4.389162734758957e-05
37 4.412391961501194e-05
37 4.453664718324098e-05
37 4.426563468094357e-05
37 4.431411306140898e-05
37 4.416586690252059e-05
37 4.405535929754698e-05
37 4.416566505648852e-05
37 4.410269516701945e-05
37 4.436366100938691e-05
37 4.438460178217506e-05
37 4.396127877998301e-05
37 4.444755759602883e-05
37 4.407625959013902e-05
37 4.448195663054031e-05
37 4.410499243329119e-05
37 4.463983778478067e-05
37 4.398890736008206e-05
37 4.365772157964342e-05
37 4.421861241618968e-05
37 4.424240367275951e-05
37 4.418643964446135e-05
37 4.41209459122339e-05
37 4.431349774125623e-05
37 4.395533461649589e-05
37 4.429205918861899e-05
37 4.398439196309299e-05
37 4.428431651157684e-05
37 4.402568399933074e-05
37 4.40275331756039e-05
37 4.431640205478192e-05
37 4.386645269719715e-05
37 4.421522808863307e-05
37 4.402236726406527e-05
37 4.436662816985648e-05
37 4.412209118400342e-05
37 4.389096199421817e-05
37 4.415482225498475e-05
37 4.404846022373814e-05
37 4.420599665719283e-05
37 4.437265802319303e-05
37 4.444761459826018e-05
37 4.441989098319274e-05
37 4.409418158506587e-05
37 4.406641895826198e-05
37 4.423611647505731e-05
37 4.378313740878825e-05
37 4.431619079027779e-05
37 4.429293311405195e-05
37 4.389939596771633e-05
37 4.411056773782255e-05
37 4.439707100215121e-05
37 4.43944125524561e-05
37 4.448726853020463e-05
37 4.455870370836883e-05
37 4.416589055261346e-05
37 4.418728604977527e-05
37 4.388240223365115e-05
37 4.449623723949956e-05
37 4.39056473124534e-05
37 4.410844114833523e-05
37 4.41407661016585e-05
37 4.436198571696877e-05
37 4.440913083694866e-05
37 4.426692905873743e-05
37 4.421878987515174e-05
37 4.42401618480891e-05
37 4.448632030704964e-05
37 4.447749566386165e-05
37 4.428962680408631e-05
37 4.431548300180894e-05
37 4.422006766742527e-05
37 4.445025361714457e-05
37 4.406929353240068e-05
37 4.417315751819432e-05
37 4.41519786711496e-05
37 4.397136270613734e-05
37 4.443331460269281e-05
37 4.40618832441231e-05
37 4.446570287445502e-05
37 4.430969748230184e-05
37 4.406040702455056e-05
37 4.402063841929154e-05
37 4.357003089724588e-05
37 4.394583243914253e-05
37 4.359769965500965e-05
37 4.412826968918399e-05
37 4.454664353247554e-05
37 4.408854616074446e-05
38 6.644770950774391e-05
38 6.643159032570854e-05
38 6.673164204861658e-05
38 6.6548412729762e-05
38 6.631246415359297e-05
38 6.649996087920697e-05
38 6.649572026024742e-05
38 6.634577472723408e-05
38 6.663736852543296e-05
38 6.629292285674647e-05
38 6.640499802505728e-05
38 6.688890591037185e-05
38 6.644612576236957e-05
38 6.658618460641242e-05
38 6.672204798684288e-05
38 6.633057943373645e-05
38 6.599738010572886e-05
38 6.635773299736428e-05
38 6.63623000349127e-05
38 6.641677821442815e-05
38 6.632452554836345e-05
38 6.645531520646895e-05
38 6.655607611973817e-05
38 6.66218643406307e-05
38 6.633101028330815e-05
38 6.676079401191652e-05
38 6.614802904432099e-05
38 6.65204716055858e-05
38 6.6334593707645e-05
38 6.62965975459866e-05
38 6.669563973050915e-05
38 6.67527081124832e-05
38 6.639195759253811e-05
38 6.627352983501677e-05
38 6.65754079251794e-05
38 6.633321601596044e-05
38 6.639766517329217e-05
38 6.650536226798822e-05
38 6.641400690219529e-05
38 6.627386448101511e-05
38 6.631977688233408e-05
38 6.609270370459301e-05
38 6.655375416622391e-05
38 6.657236301604643e-05
38 6.661759433095204e-05
38 6.650923975411118e-05
38 6.667264652346433e-05
38 6.635484473571207e-05
38 6.643829787275209e-05
38 6.643323348720386e-05
38 6.651943674770454e-05
38 6.650242676050656e-05
38 6.614298022886597e-05
38 6.636090029441604e-05
38 6.657810908992718e-05
38 6.612130056929706e-05
38 6.675295799284474e-05
38 6.650616466333786e-05
38 6.646957390329687e-05
38 6.626158938625734e-05
38 6.683438360969551e-05
38 6.601249147837858e-05
38 6.641113883378701e-05
38 6.631647522801461e-05
38 6.663144548714293e-05
38 6.620190716953398e-05
38 6.6132945688029e-05
38 6.664007728904684e-05
38 6.650913790842854e-05
38 6.615055823245307e-05
38 6.656857746898222e-05
38 6.677827249402816e-05
38 6.597783310427943e-05
38 6.740014994087238e-05
38 6.638589188089728e-05
38 6.640632848359884e-05
38 6.641883715146911e-05
38 6.588047416504297e-05
38 6.667777598791977e-05
38 6.595987485900914e-05
38 6.640007132028807e-05
38 6.683449919796231e-05
38 6.628981610841592e-05
38 6.619867763293079e-05
38 6.596254236655272e-05
38 6.650970074271609e-05
38 6.623278448661299e-05
38 6.660144017907433e-05
38 6.658284911550544e-05
38 6.66890294029371e-05
38 6.624266995621843e-05
38 6.653500236682827e-05
38 6.664832779836173e-05
38 6.63545836122361e-05
38 6.631340145174231e-05
38 6.610581895096316e-05
38 6.641896335094917e-05
38 6.638918557837039e-05
38 6.642449122550424e-05
38 6.656048782994651e-05
39 0.0005344420407580865
39 0.0005343060593148756
39 0.0005342609345090688
39 0.000533501071647495
39 0.0005340746301049054
39 0.0005339906959692094
39 0.0005341279332498934
39 0.0005338165822884162
39 0.000534315827784863
39 0.0005340722757924364
39 0.0005343505503052255
39 0.000534257983991224
39 0.0005341907348771696
39 0.0005338828448706546
39 0.0005340600119298977
39 0.0005345478463483827
39 0.0005340670435799295
39 0.0005342561158836844
39 0.0005340234761846919
39 0.0005337766184718416
39 0.0005341721424669827
39 0.0005338755640087128
39 0.000533771180794712
39 0.0005345205832659919
39 0.000534230328727059
39 0.0005339564608758382
39 0.0005343441894345422
39 0.0005340000450956135
39 0.0005342326676008357
39 0.000534135178285578
39 0.0005340667539282102
39 0.0005340336142103619
39 0.0005342525271022007
39 0.0005340666474351713
39 0.0005344371458812122
39 0.0005340119557392224
39 0.0005339901829768711
39 0.0005342699055013685
39 0.0005339961568260352
39 0.0005339418616663141
39 0.0005343365334819417
39 0.0005340539984094535
39 0.0005337794360831697
39 0.0005340863764995558
39 0.0005343789164070006
39 0.0005340287681476831
39 0.0005344960943284785
39 0.0005336805366129528
39 0.000533899769562377
39 0.0005340604848284188
39 0.00053415631143708
39 0.0005343522530030765
39 0.0005338906952809217
39 0.0005344544929197723
39 0.0005341040554320926
39 0.0005340687286780365
39 0.0005337861432556544
39 0.000534225281345466
39 0.0005337113613635471
39 0.0005338901874605998
39 0.0005336881326047164
39 0.000534275313735263
39 0.0005338017412334638
39 0.0005346999635434915
39 0.0005341859875510271
39 0.0005338007465586946
39 0.0005340213080036976
39 0.0005343260151323712
39 0.0005342170967962859
39 0.0005341056166971026
39 0.000534030609449635
39 0.0005340597628951635
39 0.0005340108530318399
39 0.0005337731641257047
39 0.0005337087719699972
39 0.0005338851454706584
39 0.0005339767500997397
39 0.0005343163743039624
39 0.0005345305847863284
39 0.0005343429947014751
39 0.0005340645719906515
39 0.0005343537441129359
39 0.0005337500986158761
39 0.0005344763433830169
39 0.0005341580450493782
39 0.0005337911899013121
39 0.0005341279556593757
39 0.0005343172424631762
39 0.0005338934146373251
39 0.0005339881389940848
39 0.0005341619987717617
39 0.0005341368582480611
39 0.0005343622081107667
39 0.000534198923538761
39 0.0005336970871122897
39 0.0005336920215521343
39 0.0005338636850055638
39 0.0005342787695893949
39 0.0005346914274473887
39 0.0005338735673237773
