0 -0.000295810555479655 1.133158873568508e-06
1 3.640633477383822e-05 9.86082575094602e-07
2 -1.210230193910288e-05 9.403109895194699e-07
3 2.386317825949175e-08 8.371892451667096e-07
4 -2.650881436860353e-06 8.771389216744154e-07
5 -2.791968858661853e-06 8.302797202176665e-07
6 -1.881057915233602e-06 9.001701228103187e-07
7 -2.222874811286418e-06 9.041195383870651e-07
8 -3.93765209558102e-07 7.713745071158654e-07
9 -7.629639621711659e-07 7.715837303740168e-07
10 -1.006749908928396e-06 8.476976380890848e-07
11 -2.06425051890389e-07 7.904815237599601e-07
12 1.318096625426743e-07 9.069163561257534e-07
13 -1.088161160760457e-06 8.196925769385656e-07
14 -1.087448448140672e-06 7.787829675226834e-07
15 -1.790878700562359e-06 8.202406786414142e-07
16 -3.06698764413869e-06 8.305710782262404e-07
17 7.257921199044197e-07 8.655281503941654e-07
18 -1.429537486386392e-05 7.696983099565531e-07
19 3.409021254081245e-05 1.048062817023817e-06
