0 -0.0008745332892033771 3.903851135961222e-06
1 0.0002551174658935169 3.724026583843568e-06
2 -0.0001027624432380164 4.812542113082999e-06
3 0.0001636214309586832 3.975181596498967e-06
4 3.599824856487226e-06 3.629922022638222e-06
5 9.412133157940374e-05 3.204851894763218e-06
6 1.624082744394103e-05 3.718127286005813e-06
7 6.187713668319438e-05 3.689340200077536e-06
8 1.458876014521194e-05 3.636898271744732e-06
9 4.720484610499734e-05 3.309681558559559e-06
10 1.799969126740388e-05 3.33641064333316e-06
11 4.658236764780824e-05 3.074123641552431e-06
12 1.771859674041219e-05 3.48487541836092e-06
13 5.73300321071442e-05 3.507747654519181e-06
14 1.913697994201312e-05 3.203678024807862e-06
15 8.934717116290125e-05 3.521899100781422e-06
16 6.638672954207686e-06 3.217305020488622e-06
17 0.0001601921445941518 4.277147329918946e-06
18 -0.0001023401686398331 4.018421208786386e-06
19 0.0002512093240434 3.70640783701185e-06
