0 0.001351163726742065  4.666686884033381e-06
1 0.000895310388835763  4.690663561969115e-06
2 -4.10574239968048e-05  4.594847450672994e-06
3 0.0001161080071087408  4.6390754140634e-06
4 -4.432624513455687e-05  4.45862840978893e-06
5 6.149635677400306e-05  4.530132786792079e-06
6 -2.977398096967098e-05  4.314920508154267e-06
7 4.651825226077509e-05  4.351592963259108e-06
8 -2.151903134261166e-05  4.174853680653225e-06
9 3.855041807769249e-05  4.238132060287933e-06
10 -1.661340137452629e-05  4.137965922691889e-06
11 3.352800631566209e-05  4.181843621518914e-06
12 -1.316959333480141e-05  4.135279207027945e-06
13 3.033265730700929e-05  4.113523274213572e-06
14 -1.151373128423428e-05  4.136308182246737e-06
15 2.815605574903924e-05  4.197790181101381e-06
16 -1.031807226966825e-05  4.239000007619063e-06
17 2.686396406574197e-05  4.350671329729592e-06
18 -9.574808321968741e-06  4.32317480107869e-06
19 2.629225268530746e-05  4.379839309868519e-06
20 -9.127908719738907e-06  4.316467699375094e-06
21 2.650121189998857e-05  4.389259279806555e-06
22 -9.377033401839737e-06  4.307654622166822e-06
23 2.665227630611547e-05  4.445880520723601e-06
24 -9.665286633379046e-06  4.379196833168e-06
25 2.699016286837047e-05  4.564869371627995e-06
26 -1.008724065233447e-05  4.464690431816362e-06
27 2.793517327436567e-05  4.640058058732811e-06
28 -1.14695519698142e-05  4.529566525052591e-06
29 3.054889553728587e-05  4.718592980746556e-06
30 -1.457911869203716e-05  4.606446431755711e-06
31 3.524700017108384e-05  4.7556253867473e-06
32 -1.975503255018684e-05  4.634305819448344e-06
33 4.337480704527814e-05  4.795889571687803e-06
34 -2.829184921234794e-05  4.620862743212628e-06
35 5.866423246009909e-05  4.778792968304773e-06
36 -4.341242132514946e-05  4.63319175077989e-06
37 0.0001137354264965119  4.746755422856351e-06
38 -4.084564572128158e-05  4.635714562202706e-06
39 0.0008934102015816688  4.720568936163323e-06
