0 -8.520660416672113e-05
0 -9.047817955753709e-05
0 -8.834629097945758e-05
0 -8.667751463279763e-05
0 -8.782775249993615e-05
0 -9.243618022010956e-05
0 -8.563355836001202e-05
0 -9.232362677826238e-05
0 -8.217027833368752e-05
0 -7.477720758401407e-05
0 -9.70324176416757e-05
0 -8.552375337090661e-05
0 -8.848553971650781e-05
0 -7.510424739644065e-05
0 -7.751250218501413e-05
0 -0.0001048053460971929
0 -7.952910317502319e-05
0 -0.0001005350476656471
0 -7.571064734981577e-05
0 -8.398497060819278e-05
0 -8.895423389094457e-05
0 -9.492153490221696e-05
0 -9.157914352132761e-05
0 -8.287999171303348e-05
0 -8.062669266869552e-05
0 -8.498557657045032e-05
0 -0.0001028128452317867
0 -8.995985897181371e-05
0 -7.900702613695869e-05
0 -8.775433547935663e-05
0 -8.968472797387418e-05
0 -8.617416274419447e-05
0 -9.069138065013506e-05
0 -9.035385723667778e-05
0 -9.768681307938725e-05
0 -9.720134187220089e-05
0 -8.85140019055839e-05
0 -9.098106398410612e-05
0 -8.969917691610651e-05
0 -9.062966355874959e-05
0 -8.226648427653614e-05
0 -8.633174055292725e-05
0 -9.838540421227558e-05
0 -0.0001014670673066667
0 -8.637932401891727e-05
0 -8.079444723198563e-05
0 -8.384108366961695e-05
0 -9.052382952916056e-05
0 -7.188339962331131e-05
0 -8.063502852414098e-05
0 -8.431382548685803e-05
0 -7.647039435434532e-05
0 -9.083182997117842e-05
0 -7.231414249363874e-05
0 -8.961771114092508e-05
0 -8.43161697567556e-05
0 -0.0001007082338415664
0 -9.458204818013543e-05
0 -0.00010313030219152
0 -7.757953513031971e-05
0 -8.666907057975148e-05
0 -9.079105739942775e-05
0 -8.815243712469026e-05
0 -8.504254950065926e-05
0 -8.744662589173533e-05
0 -9.266154197681166e-05
0 -7.568483893661263e-05
0 -8.344526940613583e-05
0 -8.103800676729524e-05
0 -8.608580022824216e-05
0 -8.69579450259966e-05
0 -0.0001004647301747436
0 -8.990373834357057e-05
0 -9.380646845328717e-05
0 -8.017924024697403e-05
0 -9.464243657891352e-05
0 -9.029782558179486e-05
0 -8.662848577136735e-05
0 -9.059775134094153e-05
0 -7.708675230286883e-05
0 -8.821024077029948e-05
0 -8.246728178966875e-05
0 -7.590737040244179e-05
0 -8.456965106444673e-05
0 -8.034747385871709e-05
0 -9.484860853405496e-05
0 -9.350727683042846e-05
0 -8.584606535163731e-05
0 -8.690559603412558e-05
0 -7.975810305128687e-05
0 -9.076114895662132e-05
0 -9.04189507827598e-05
0 -7.857782347384049e-05
0 -8.214326904438721e-05
0 -8.356720702437077e-05
0 -8.965553884158505e-05
0 -8.93420886348495e-05
0 -8.76421251519507e-05
0 -9.221643747579228e-05
0 -0.0001060007708247043
1 7.846044598581484e-05
1 8.304566715797291e-05
1 7.823420566401265e-05
1 8.065908930908528e-05
1 8.043985512232542e-05
1 7.78211355211242e-05
1 7.950811906239796e-05
1 7.739626279528441e-05
1 7.542381766677736e-05
1 7.62607728289306e-05
1 7.996015607082152e-05
1 7.881528272532252e-05
1 8.118602927106525e-05
1 8.229403435241425e-05
1 7.81305724055943e-05
1 8.034188309728534e-05
1 8.133300068043394e-05
1 8.014373795529781e-05
1 7.829713040221212e-05
1 7.851802768107447e-05
1 7.488322226749732e-05
1 7.464869489456117e-05
1 8.117895201886854e-05
1 8.236431206611422e-05
1 7.812888036759096e-05
1 8.07774525001017e-05
1 7.872744171242996e-05
1 7.805495000254767e-05
1 7.473702675095316e-05
1 7.709890525195199e-05
1 7.746829743021208e-05
1 7.631097623669482e-05
1 7.488784395303391e-05
1 8.12277444146161e-05
1 7.425963859475907e-05
1 7.519944405893997e-05
1 7.789477381817876e-05
1 7.495803494989234e-05
1 7.863140407376861e-05
1 8.003953896245885e-05
1 7.952656052249561e-05
1 7.079130743064529e-05
1 8.057272575425774e-05
1 7.683028732606612e-05
1 7.478191817925289e-05
1 7.686924531671702e-05
1 7.619562481104696e-05
1 7.746218360789409e-05
1 7.950709547582586e-05
1 7.887241797973779e-05
1 7.464308240709711e-05
1 8.115713851541408e-05
1 8.258638091681306e-05
1 7.587995449658647e-05
1 7.437499508911336e-05
1 7.978436806714891e-05
1 7.56685838672815e-05
1 7.914817270977337e-05
1 7.716011505087334e-05
1 7.663092746380943e-05
1 8.026285076082058e-05
1 7.713045708918978e-05
1 7.54257628165507e-05
1 7.828347061739218e-05
1 7.594720240025891e-05
1 7.998657431788584e-05
1 8.022987175921402e-05
1 7.386486786833073e-05
1 7.493424006626475e-05
1 7.751469399931937e-05
1 7.640591887213043e-05
1 7.875093749493433e-05
1 8.088071503037828e-05
1 7.842631236069269e-05
1 8.101118192624109e-05
1 7.545575893832655e-05
1 7.985641917905143e-05
1 7.883879508277138e-05
1 7.702736954245358e-05
1 7.79908310657774e-05
1 7.625899841872127e-05
1 7.765365730465827e-05
1 7.786602712961154e-05
1 7.818234289042496e-05
1 7.764433577997935e-05
1 7.961514760681666e-05
1 8.02648944288523e-05
1 7.646928192154618e-05
1 8.070470743914151e-05
1 8.087742410091244e-05
1 7.570172364826455e-05
1 7.682742481261873e-05
1 8.121028796486444e-05
1 7.835108432726515e-05
1 7.7014457728015e-05
1 8.05362831182501e-05
1 7.769188663576852e-05
1 7.675268255552384e-05
1 7.315821464423045e-05
1 8.07371272997093e-05
2 -5.553027847674616e-05
2 -5.373861187448077e-05
2 -5.633807789421027e-05
2 -5.118485271702565e-05
2 -5.470687935117837e-05
2 -5.425950333952829e-05
2 -5.631321141430902e-05
2 -5.655561260618778e-05
2 -5.548495714662664e-05
2 -5.73451144882223e-05
2 -5.466158587072938e-05
2 -5.575725711372478e-05
2 -5.286911663114032e-05
2 -5.173228339189703e-05
2 -5.490193106284082e-05
2 -5.591369905344898e-05
2 -5.703525440238954e-05
2 -5.508161503050897e-05
2 -5.359539448724719e-05
2 -5.767156352976984e-05
2 -5.519188571540374e-05
2 -5.341451113003738e-05
2 -5.607907221091709e-05
2 -5.688730035544161e-05
2 -5.434402187321629e-05
2 -5.588587544042205e-05
2 -5.567555640508916e-05
2 -5.523019766596572e-05
2 -5.409133379560669e-05
2 -5.55737356108073e-05
2 -5.453348879618419e-05
2 -5.633459060948984e-05
2 -5.433299379841836e-05
2 -5.441244310593546e-05
2 -5.545876489634742e-05
2 -5.37954346456068e-05
2 -5.454426245342792e-05
2 -5.324924345662427e-05
2 -5.405549533653717e-05
2 -5.620772251046969e-05
2 -5.780958671682755e-05
2 -5.574557916003522e-05
2 -5.534744432090745e-05
2 -5.515188382665012e-05
2 -5.565824570458159e-05
2 -5.619477106262002e-05
2 -5.627522044129792e-05
2 -5.509748783995096e-05
2 -5.429047030397465e-05
2 -5.482274522405683e-05
2 -5.420200686890185e-05
2 -5.297628504026072e-05
2 -5.721602524056921e-05
2 -5.558919879742638e-05
2 -5.80738525480317e-05
2 -5.405655853372157e-05
2 -5.659896144785006e-05
2 -5.641403113348387e-05
2 -5.655749380064403e-05
2 -5.41758755839004e-05
2 -5.710683985227426e-05
2 -5.470586734979474e-05
2 -5.599951469215202e-05
2 -5.649725053382435e-05
2 -5.559652024281147e-05
2 -5.563892480552622e-05
2 -5.495837059755131e-05
2 -5.304020535281967e-05
2 -5.363691293202314e-05
2 -5.487131232190015e-05
2 -5.633493048099875e-05
2 -5.370309113670996e-05
2 -5.5130892570957e-05
2 -5.362875063812594e-05
2 -5.423846668098477e-05
2 -5.53414944922474e-05
2 -5.297137253751738e-05
2 -5.536928112595142e-05
2 -5.652269912346149e-05
2 -5.516031989761004e-05
2 -5.649163190680801e-05
2 -5.734880243283417e-05
2 -5.485525905976623e-05
2 -5.52062971807265e-05
2 -5.584052278714578e-05
2 -5.381563355517045e-05
2 -5.595076877515628e-05
2 -5.458385848344054e-05
2 -5.507908988914064e-05
2 -5.360936215578236e-05
2 -5.585227433683921e-05
2 -5.494165297291987e-05
2 -5.539230665437754e-05
2 -5.563443154572631e-05
2 -5.53273356215032e-05
2 -5.671180502920866e-05
2 -5.385380110912011e-05
2 -5.608192136176746e-05
2 -5.514450161416424e-05
2 -5.458739546325734e-05
3 3.695965608839671e-05
3 3.680217319174835e-05
3 3.74206765527639e-05
3 3.807131215914896e-05
3 3.709657019858974e-05
3 3.456078540878679e-05
3 3.488645990346465e-05
3 3.750594161332781e-05
3 3.699312669791368e-05
3 3.704122132857521e-05
3 3.804765278508912e-05
3 3.631485370608016e-05
3 3.754491998485935e-05
3 3.587282018010562e-05
3 3.679482420871116e-05
3 3.642412897149549e-05
3 3.756732806486745e-05
3 3.631779625313843e-05
3 3.71421355947836e-05
3 3.481126066327794e-05
3 3.756775792374758e-05
3 3.787140581952611e-05
3 3.75316373287552e-05
3 3.808843996192926e-05
3 3.721598641963834e-05
3 3.687330190741748e-05
3 3.760077674537484e-05
3 3.695809256820989e-05
3 3.651835023019754e-05
3 3.69859542175597e-05
3 3.643018556575239e-05
3 3.649167343632028e-05
3 3.455887757297897e-05
3 3.630260034363538e-05
3 3.704441748367189e-05
3 3.682191971885245e-05
3 3.801258908613291e-05
3 3.69406694359606e-05
3 3.704157980928662e-05
3 3.635965428655177e-05
3 3.878809972244809e-05
3 3.671062591083464e-05
3 3.684201991406252e-05
3 3.661117223838276e-05
3 3.749939216552459e-05
3 3.770122773589411e-05
3 3.663458830406035e-05
3 3.578679508962555e-05
3 3.414822388815423e-05
3 3.581280387730309e-05
3 3.672171476817389e-05
3 3.665617919616352e-05
3 3.56281766376592e-05
3 3.643464865083845e-05
3 3.820051482640099e-05
3 3.784497708186983e-05
3 3.600657707896227e-05
3 3.694907530979655e-05
3 3.764707968302032e-05
3 3.709506966391578e-05
3 3.766264070593576e-05
3 3.735887707297193e-05
3 3.611689847562178e-05
3 3.702326106657836e-05
3 3.767964877803525e-05
3 3.511394055849774e-05
3 3.825967377700887e-05
3 3.755129021716117e-05
3 3.98120658818648e-05
3 3.624226922407106e-05
3 3.719616837581964e-05
3 3.788763094830889e-05
3 3.599966338242827e-05
3 3.539144973727066e-05
3 3.652818549797138e-05
3 3.575732784042548e-05
3 3.818690571919079e-05
3 3.814497151541653e-05
3 3.699128503055536e-05
3 3.705650674151956e-05
3 3.618263680408062e-05
3 3.641699431473167e-05
3 3.535904931056705e-05
3 3.876543567178542e-05
3 3.53728563090874e-05
3 3.562728543360153e-05
3 3.856034849083276e-05
3 3.5849907518849e-05
3 3.602742721373628e-05
3 3.601759126005836e-05
3 3.758412026341894e-05
3 3.608964050371887e-05
3 3.677350929131245e-05
3 3.731999599470031e-05
3 3.657173924172174e-05
3 3.607301042910663e-05
3 3.601127382674597e-05
3 3.667037552015008e-05
3 3.630098972465902e-05
3 3.645875185083012e-05
4 -2.769867471438352e-05
4 -2.816327317181057e-05
4 -2.722820913113349e-05
4 -2.690726345686734e-05
4 -2.762182225475089e-05
4 -2.77625890334902e-05
4 -2.69479143397202e-05
4 -2.808369456192139e-05
4 -2.730858271133446e-05
4 -2.726261340589363e-05
4 -2.767611892906576e-05
4 -2.727872462572689e-05
4 -2.764186443723104e-05
4 -2.839233036791677e-05
4 -2.675765177157179e-05
4 -2.678541444484786e-05
4 -2.804469873193394e-05
4 -2.621436488844917e-05
4 -2.750567255101451e-05
4 -2.751854366897591e-05
4 -2.836605808632401e-05
4 -2.68417577580193e-05
4 -2.706005911214673e-05
4 -2.797817834818852e-05
4 -2.710186029570383e-05
4 -2.805579382971974e-05
4 -2.761576706927806e-05
4 -2.66150597490502e-05
4 -2.689220837068287e-05
4 -2.830533695795396e-05
4 -2.78640118615943e-05
4 -2.775574952385262e-05
4 -2.801232645273073e-05
4 -2.784465370202142e-05
4 -2.859871701874192e-05
4 -2.668462097223506e-05
4 -2.825299156951321e-05
4 -2.672745095234652e-05
4 -2.711648161589194e-05
4 -2.625422257740301e-05
4 -2.795625951222328e-05
4 -2.667683120895568e-05
4 -2.633157633338624e-05
4 -2.674890874267902e-05
4 -2.672921752816958e-05
4 -2.707293221044191e-05
4 -2.635318596372181e-05
4 -2.701697771306791e-05
4 -2.710759929881518e-05
4 -2.858825005814521e-05
4 -2.7381751661304e-05
4 -2.80785045027058e-05
4 -2.720950327492245e-05
4 -2.619304289936206e-05
4 -2.645745389493846e-05
4 -2.749227299204791e-05
4 -2.768597620858424e-05
4 -2.781369333410001e-05
4 -2.819459687680633e-05
4 -2.836244786329723e-05
4 -2.746843238803648e-05
4 -2.67091710127271e-05
4 -2.756552346806309e-05
4 -2.72623186272798e-05
4 -2.72427847489931e-05
4 -2.80859533219158e-05
4 -2.725242050835541e-05
4 -2.772335331624808e-05
4 -2.850919780870777e-05
4 -2.767395035850761e-05
4 -2.666260181845792e-05
4 -2.754017852784411e-05
4 -2.776941991304344e-05
4 -2.748798879759648e-05
4 -2.723812473565359e-05
4 -2.77971286145458e-05
4 -2.72275081474977e-05
4 -2.778460276920993e-05
4 -2.78984750631882e-05
4 -2.669671533810288e-05
4 -2.757803135649118e-05
4 -2.822968745456994e-05
4 -2.731474358876616e-05
4 -2.760849433723941e-05
4 -2.723521609451321e-05
4 -2.723638794011059e-05
4 -2.703459495549032e-05
4 -2.618937899437457e-05
4 -2.775315660487969e-05
4 -2.714490225366417e-05
4 -2.774246963351714e-05
4 -2.667862281507666e-05
4 -2.678926899114936e-05
4 -2.647865003035753e-05
4 -2.750607956558116e-05
4 -2.668055787760284e-05
4 -2.720814975206857e-05
4 -2.831246110385702e-05
4 -2.674851432914867e-05
4 -2.794173819122471e-05
5 1.617066351853523e-05
5 1.778037983284086e-05
5 1.663710196709086e-05
5 1.834999844798934e-05
5 1.830799105609212e-05
5 1.796200151914966e-05
5 1.765183914292215e-05
5 1.882413672169591e-05
5 1.662591791887928e-05
5 1.549252608497122e-05
5 1.765662711657104e-05
5 1.740882161185366e-05
5 1.75711310686627e-05
5 1.778349710668973e-05
5 1.698322998032961e-05
5 1.808101564135445e-05
5 1.645081325427604e-05
5 1.655484256989923e-05
5 1.760196524699768e-05
5 1.787088843392461e-05
5 1.692346483055841e-05
5 1.855395754141057e-05
5 1.805196775214947e-05
5 1.732686464138051e-05
5 1.735773765344298e-05
5 1.689662217989211e-05
5 1.720692574898421e-05
5 1.675956585064886e-05
5 1.763376824673324e-05
5 1.711772661871877e-05
5 1.710035837877571e-05
5 1.741485334188022e-05
5 1.753114959311442e-05
5 1.786359157184367e-05
5 1.895883071735514e-05
5 1.643757272231054e-05
5 1.736697354039219e-05
5 1.668980592221635e-05
5 1.825221048307123e-05
5 1.664978099153025e-05
5 1.842138318441884e-05
5 1.679385875645468e-05
5 1.77668267481534e-05
5 1.752934833531917e-05
5 1.703669281176782e-05
5 1.851412810704383e-05
5 1.779766654497363e-05
5 1.680551083300662e-05
5 1.706849068858615e-05
5 1.750186671128569e-05
5 1.743632445547669e-05
5 1.799250564411688e-05
5 1.872127402789745e-05
5 1.772474464549061e-05
5 1.788205039481704e-05
5 1.72568917213729e-05
5 1.808552410150247e-05
5 1.705134355887244e-05
5 1.694702389286585e-05
5 1.791534465606094e-05
5 1.712798940438223e-05
5 1.712965209782293e-05
5 1.80953074492622e-05
5 1.76727379531132e-05
5 1.796774030494433e-05
5 1.737261910867919e-05
5 1.742451958500614e-05
5 1.784973891582233e-05
5 1.879822663411109e-05
5 1.796597595831533e-05
5 1.731002812589307e-05
5 1.703176228805088e-05
5 1.814951580086455e-05
5 1.7807770853073e-05
5 1.71925902985773e-05
5 1.689692050509953e-05
5 1.735810672128195e-05
5 1.770118533982024e-05
5 1.892971939300957e-05
5 1.79921881345015e-05
5 1.720077252767617e-05
5 1.668683345356799e-05
5 1.78083381822788e-05
5 1.751311453425202e-05
5 1.829383846662237e-05
5 1.743781839263864e-05
5 1.806465923159554e-05
5 1.788836187504457e-05
5 1.712902970628576e-05
5 1.783933782308875e-05
5 1.767985925015068e-05
5 1.738536495646623e-05
5 1.767003025595663e-05
5 1.756166785729223e-05
5 1.779637906779981e-05
5 1.816153829122484e-05
5 1.683503840480427e-05
5 1.798796940136683e-05
5 1.764696384958054e-05
5 1.738875436467821e-05
6 -1.254664536297265e-05
6 -1.291922119647022e-05
6 -1.255902663145743e-05
6 -1.228336269404825e-05
6 -1.255020100885887e-05
6 -1.301347638720187e-05
6 -1.265334162155061e-05
6 -1.312311836484238e-05
6 -1.258389124104023e-05
6 -1.314309835336901e-05
6 -1.199074622050046e-05
6 -1.247834432949059e-05
6 -1.334114751161674e-05
6 -1.225833095910637e-05
6 -1.227737166156138e-05
6 -1.349934765683915e-05
6 -1.272602309818924e-05
6 -1.292912208092992e-05
6 -1.215202954505037e-05
6 -1.263865483491849e-05
6 -1.219650764556049e-05
6 -1.295973601565444e-05
6 -1.259706035619423e-05
6 -1.226042525818116e-05
6 -1.27990585859324e-05
6 -1.272238530111772e-05
6 -1.323535985532604e-05
6 -1.272931993278799e-05
6 -1.228418133492783e-05
6 -1.19283665126772e-05
6 -1.273526720056699e-05
6 -1.17307179001573e-05
6 -1.271843221251066e-05
6 -1.279769104586587e-05
6 -1.221398111951231e-05
6 -1.233136058832384e-05
6 -1.271172706777848e-05
6 -1.287631327380248e-05
6 -1.294206108942298e-05
6 -1.234556495905842e-05
6 -1.198944194071685e-05
6 -1.293351814235042e-05
6 -1.255685438986819e-05
6 -1.224628286027273e-05
6 -1.249769359303472e-05
6 -1.312589799546757e-05
6 -1.273208450937092e-05
6 -1.259469216806252e-05
6 -1.288747920746288e-05
6 -1.279473828709787e-05
6 -1.269207204996864e-05
6 -1.249414753503153e-05
6 -1.235288287044913e-05
6 -1.265683955888436e-05
6 -1.229216101535839e-05
6 -1.254462692826347e-05
6 -1.301606102242349e-05
6 -1.216744524778638e-05
6 -1.297241053589167e-05
6 -1.33358049611551e-05
6 -1.260260785297833e-05
6 -1.244359420452997e-05
6 -1.251672255614701e-05
6 -1.306348835971142e-05
6 -1.237506023381915e-05
6 -1.292339513601683e-05
6 -1.271761334478251e-05
6 -1.209850401009518e-05
6 -1.271480803436712e-05
6 -1.288898634424194e-05
6 -1.263256753554049e-05
6 -1.222398809443656e-05
6 -1.277269825973744e-05
6 -1.214628882227447e-05
6 -1.237263305135394e-05
6 -1.252693623007374e-05
6 -1.247939178949052e-05
6 -1.283497930131303e-05
6 -1.26063780337066e-05
6 -1.23398403427485e-05
6 -1.295324647120996e-05
6 -1.269031216477949e-05
6 -1.215510866319808e-05
6 -1.348394960542796e-05
6 -1.240010190581907e-05
6 -1.285988754040506e-05
6 -1.314643292315611e-05
6 -1.187358241106329e-05
6 -1.267653403047726e-05
6 -1.243353428615056e-05
6 -1.250639695429226e-05
6 -1.232433261827434e-05
6 -1.244786111890123e-05
6 -1.199984459068991e-05
6 -1.294356311186675e-05
6 -1.384487969980993e-05
6 -1.269821561772052e-05
6 -1.278811424753353e-05
6 -1.275609329712885e-05
6 -1.217690075532947e-05
7 1.082790649273246e-05
7 1.094116530454773e-05
7 1.099618742305114e-05
7 1.095455889226548e-05
7 1.04263377416023e-05
7 1.145072200884177e-05
7 1.169973815240512e-05
7 1.042683740478694e-05
7 1.105661766655176e-05
7 1.10178226566139e-05
7 1.063741228914239e-05
7 1.102040344950075e-05
7 1.076838381794474e-05
7 9.864282395275698e-06
7 1.038534860114032e-05
7 1.058674222733006e-05
7 1.09816490461162e-05
7 1.096507895375162e-05
7 1.094771298567066e-05
7 1.005220646816317e-05
7 1.072132443523966e-05
7 1.132996684362543e-05
7 1.166469008897998e-05
7 1.087636144756656e-05
7 1.039933155966201e-05
7 1.214109718055309e-05
7 1.11261288790076e-05
7 1.090156978888729e-05
7 1.072828181613842e-05
7 1.139566110513376e-05
7 1.088052819903787e-05
7 1.126796520578421e-05
7 1.028190237780478e-05
7 1.030137939192276e-05
7 1.090801542961784e-05
7 1.028335833819549e-05
7 1.133609251218141e-05
7 1.097994524853523e-05
7 1.087351495208232e-05
7 1.06737079482731e-05
7 1.073976355328939e-05
7 1.104248654526986e-05
7 1.137663517016297e-05
7 1.094253754756613e-05
7 1.079189774241955e-05
7 1.105895098701225e-05
7 1.118441216652783e-05
7 1.124700247315413e-05
7 1.081858331497002e-05
7 1.08469444283945e-05
7 1.079799593306509e-05
7 1.108289144052045e-05
7 1.098026926542411e-05
7 1.117853494762498e-05
7 1.058089066166374e-05
7 1.062069044420868e-05
7 1.072566992926282e-05
7 1.065503870162869e-05
7 1.119274041070379e-05
7 1.079483932610341e-05
7 1.100613522903674e-05
7 1.060694295150258e-05
7 1.054298981840174e-05
7 1.101564884652578e-05
7 1.01605620058882e-05
7 1.048060322497217e-05
7 1.093262309410478e-05
7 1.160093730038491e-05
7 1.114115711353528e-05
7 1.103077671441821e-05
7 1.104245275686732e-05
7 1.040535382682408e-05
7 1.095329218116422e-05
7 1.123980586029251e-05
7 1.160531170787884e-05
7 1.096389131251316e-05
7 1.082490640615215e-05
7 1.038047008142123e-05
7 1.067658492916732e-05
7 1.056348798375764e-05
7 1.088753249709883e-05
7 1.077001414677257e-05
7 1.080808298169551e-05
7 1.055615826618547e-05
7 1.082952907762558e-05
7 1.082785178077869e-05
7 1.119911305271677e-05
7 1.08440457422517e-05
7 1.107462703782413e-05
7 1.131853454926449e-05
7 1.090269910810042e-05
7 1.115414025204042e-05
7 1.076589675208362e-05
7 1.108130483849026e-05
7 1.147146410242515e-05
7 1.099430104607679e-05
7 1.09237171594655e-05
7 1.16315245033216e-05
7 1.161691922079523e-05
7 1.055184754171055e-05
8 -4.651581478204041e-06
8 -4.627414988920347e-06
8 -4.119687665232005e-06
8 -4.646492307057926e-06
8 -5.239943053249173e-06
8 -4.800603710743256e-06
8 -4.910842881559983e-06
8 -5.681561243890514e-06
8 -4.415862779645646e-06
8 -4.722299317382673e-06
8 -5.07405390151675e-06
8 -4.919133961610809e-06
8 -5.022716605612851e-06
8 -4.699933585520527e-06
8 -4.685598868956899e-06
8 -4.462986572619995e-06
8 -4.967563585930399e-06
8 -4.723507947165734e-06
8 -4.759145669628652e-06
8 -5.300561947788009e-06
8 -5.27822188001534e-06
8 -4.728353464560003e-06
8 -5.058528052234004e-06
8 -4.683428952515544e-06
8 -4.749735279903738e-06
8 -4.992502530998518e-06
8 -4.231258826731934e-06
8 -4.994856310487351e-06
8 -5.019479670106493e-06
8 -4.497473889924551e-06
8 -4.824317857153762e-06
8 -4.661541785250033e-06
8 -4.3711875495302e-06
8 -5.140830076876443e-06
8 -4.833569239018722e-06
8 -4.544634725429746e-06
8 -4.9680366428653e-06
8 -5.061772541042603e-06
8 -4.835282452338615e-06
8 -4.954888991572321e-06
8 -5.523841542021453e-06
8 -4.643495068497654e-06
8 -4.567167760864138e-06
8 -4.472838362679099e-06
8 -4.998377950657945e-06
8 -4.725182407078635e-06
8 -4.354897173046277e-06
8 -4.903252481821993e-06
8 -5.196196479338687e-06
8 -5.03060848329625e-06
8 -4.68760631931605e-06
8 -4.708398212053539e-06
8 -4.718168601369292e-06
8 -4.477389798574414e-06
8 -4.708213069138761e-06
8 -4.926374883606582e-06
8 -4.607819542668462e-06
8 -4.539408240806073e-06
8 -5.249544981052741e-06
8 -4.909124387851703e-06
8 -4.751297135843821e-06
8 -5.189838158675053e-06
8 -5.011685539979443e-06
8 -4.707140079255359e-06
8 -4.677410313233625e-06
8 -4.895776132605371e-06
8 -5.221928687748101e-06
8 -5.180106750202317e-06
8 -5.100749110321138e-06
8 -5.328375793217154e-06
8 -5.124094249227058e-06
8 -4.609100188865356e-06
8 -4.729751944562358e-06
8 -4.505617777304203e-06
8 -4.89573735522629e-06
8 -4.624988335341266e-06
8 -5.096997129050716e-06
8 -5.109037645772569e-06
8 -4.83672406610121e-06
8 -4.82468471880596e-06
8 -4.860396295820171e-06
8 -4.646390512588429e-06
8 -4.766635929765211e-06
8 -4.715670698467527e-06
8 -4.618537527242891e-06
8 -4.477167845581377e-06
8 -4.626072933526287e-06
8 -4.769702745012969e-06
8 -5.307689925192507e-06
8 -4.530317523927495e-06
8 -4.586411567053776e-06
8 -4.968202997934587e-06
8 -5.396760828486913e-06
8 -5.321097706936669e-06
8 -4.675019636921856e-06
8 -4.555331081778135e-06
8 -5.393257870241506e-06
8 -4.803440244289141e-06
8 -4.532589525504988e-06
8 -4.537150018116136e-06
9 8.600217060552493e-06
9 8.48516816828434e-06
9 8.742038268654495e-06
9 9.280550634367983e-06
9 9.799247373756651e-06
9 8.794257876307198e-06
9 9.207792454850162e-06
9 8.708039834914162e-06
9 9.068319578155858e-06
9 8.605875368188279e-06
9 8.839055786564378e-06
9 8.304899662986431e-06
9 8.492394774444066e-06
9 8.939327538680142e-06
9 8.974495377153439e-06
9 8.94158431284707e-06
9 8.788615759878986e-06
9 8.971156516101497e-06
9 9.004258005649605e-06
9 9.005987755263965e-06
9 9.090958556783088e-06
9 9.734227365177915e-06
9 8.961251809919204e-06
9 8.769000204192625e-06
9 8.789209323413613e-06
9 8.931524941705694e-06
9 8.760599716251895e-06
9 8.932160753408606e-06
9 9.137035241631178e-06
9 9.159364755007416e-06
9 9.151363618478862e-06
9 9.029501890823239e-06
9 8.709233709453953e-06
9 8.62781494363255e-06
9 8.704497017447183e-06
9 8.782788852684838e-06
9 9.463006825722607e-06
9 8.852617009703864e-06
9 9.004213954020972e-06
9 9.091711310102993e-06
9 9.118005703723973e-06
9 9.073865900499632e-06
9 8.719432445651973e-06
9 9.34391132650656e-06
9 9.193825982807525e-06
9 9.056848639186106e-06
9 9.146983406019565e-06
9 9.006063655440201e-06
9 8.89078653089848e-06
9 8.754162153217999e-06
9 8.994210310036971e-06
9 8.928742915067011e-06
9 8.983470625847074e-06
9 8.230138312253784e-06
9 8.280743462527787e-06
9 8.636719053278719e-06
9 8.869478670659972e-06
9 9.12455818903242e-06
9 9.121669684687102e-06
9 8.758003366442266e-06
9 9.104588331323205e-06
9 8.627446032545085e-06
9 8.67582196675559e-06
9 9.240240570993233e-06
9 8.874632556460288e-06
9 8.680404478821808e-06
9 8.262498527107998e-06
9 8.491023305315789e-06
9 9.144943371189678e-06
9 8.479856233794748e-06
9 9.026613134676484e-06
9 9.063096001357062e-06
9 9.246494977805632e-06
9 8.844719083455466e-06
9 8.733512780950461e-06
9 8.905658564475888e-06
9 8.857798676729257e-06
9 9.170714064990976e-06
9 9.192370937849835e-06
9 9.09410377501976e-06
9 8.914210852044161e-06
9 8.244872530615433e-06
9 8.748762001755933e-06
9 8.264500377153345e-06
9 9.051008611047543e-06
9 9.42400756958519e-06
9 8.78476692689333e-06
9 8.594563779357978e-06
9 8.882178170110128e-06
9 8.43850350413636e-06
9 8.884317185838219e-06
9 8.838613184871692e-06
9 9.08368885634304e-06
9 8.888359345389261e-06
9 8.400228441547248e-06
9 8.658042285985422e-06
9 9.307224146484204e-06
9 8.7490570486664e-06
9 8.863078796615487e-06
9 8.842038131332803e-06
10 -8.349032580436215e-07
10 -8.707809031464508e-07
10 -8.479583256268439e-07
10 -7.614673753132575e-07
10 -7.340304884419867e-07
10 -3.664427505446472e-07
10 -1.066083120737471e-06
10 -1.010578923119006e-06
10 -8.875623162235533e-07
10 -6.984303432121395e-07
10 -8.619151492038797e-07
10 -1.035897908111688e-06
10 -1.169094599945513e-06
10 -7.199460713803461e-07
10 -5.004256852352629e-07
10 -7.679894616194827e-07
10 -7.7986003991839e-07
10 -5.572504945897363e-07
10 -7.210859151397996e-07
10 -6.725060090523948e-07
10 -1.064883404182667e-06
10 -7.951626072580706e-07
10 -4.739677683647296e-07
10 -7.774024406557433e-07
10 -9.177435250516103e-07
10 -1.271344066642512e-06
10 -3.303488366163745e-07
10 -7.735882637604733e-07
10 -5.955659792458043e-07
10 -8.978372052255057e-07
10 -7.134896382965182e-07
10 -8.208358455413779e-07
10 -9.944082778164855e-07
10 -1.057521578769157e-06
10 -6.258223986603527e-07
10 -7.554730478762943e-07
10 -4.8285059947251e-07
10 -8.66817468620036e-07
10 -3.275458068679112e-07
10 -5.982525009538466e-07
10 -7.897474321852739e-07
10 -1.102873871432531e-06
10 -5.737652881168596e-07
10 -8.477038436419785e-07
10 -5.698397677635368e-07
10 -8.74092374333402e-07
10 -1.263418274504241e-06
10 -8.380713225586282e-07
10 -8.734390003350477e-07
10 -6.839109158577321e-07
10 -1.301057097517644e-06
10 -5.092753262432319e-07
10 -9.989484085601671e-07
10 -6.07667384841542e-07
10 -9.757534784944761e-07
10 -1.01255651957816e-06
10 -8.391301837279727e-07
10 -8.877338827628979e-07
10 -5.91573326513655e-07
10 -1.164734742943444e-06
10 -8.513903307146367e-07
10 -9.356191713833476e-07
10 -1.060409742346968e-06
10 -6.368055343730431e-07
10 -7.380143087966362e-07
10 -3.914370180295534e-07
10 -7.875418103851326e-07
10 -6.646503953252222e-07
10 -4.538442191231674e-07
10 -6.752905271986984e-07
10 -1.070346720696829e-06
10 -5.777242779513946e-07
10 -9.653022298575015e-07
10 -9.046492790297654e-07
10 -7.34995062342346e-07
10 -8.109233030033201e-07
10 -9.058952381091233e-07
10 -8.848108812665774e-07
10 -6.527106914188784e-07
10 -1.03157344825673e-06
10 -9.804451967321037e-07
10 -4.642011547967868e-07
10 -8.695506313296124e-07
10 -1.114872061514695e-06
10 -7.699849791495028e-07
10 -1.028191141703519e-06
10 -5.515170030978637e-07
10 -8.434905394842247e-07
10 -7.14309509614753e-07
10 -6.326116716527619e-07
10 -8.472392954497241e-07
10 -9.740171651641292e-07
10 -7.566106439132357e-07
10 -1.346510832617715e-06
10 -7.324683103431502e-07
10 -5.646153170155239e-07
10 -6.891431796166691e-07
10 -9.503800651876402e-07
10 -6.700793245309715e-07
10 -6.397351196878229e-07
11 7.829441389621582e-06
11 7.830638933201199e-06
11 7.63874407809819e-06
11 7.898901772528574e-06
11 7.592458543982494e-06
11 8.041535811744642e-06
11 7.551445946229715e-06
11 7.992841209596996e-06
11 7.92466163882223e-06
11 7.796569569572484e-06
11 7.726820745580868e-06
11 8.00751088916931e-06
11 7.905954585651144e-06
11 8.048541928028549e-06
11 7.781970727096619e-06
11 7.993966690852751e-06
11 8.102100436117224e-06
11 7.982084022524718e-06
11 8.066183841243404e-06
11 7.667943633050337e-06
11 8.193972625246102e-06
11 7.993975914318829e-06
11 7.907171649666542e-06
11 8.139649351171988e-06
11 7.870167770688269e-06
11 7.291639346631641e-06
11 7.942369932009221e-06
11 7.646716595647524e-06
11 8.217063469847832e-06
11 8.005004081977425e-06
11 7.908255517869612e-06
11 7.908028396809794e-06
11 7.758673775158875e-06
11 7.978092928883806e-06
11 7.709511830747518e-06
11 8.162830512336193e-06
11 7.951764401052277e-06
11 7.986137591748901e-06
11 7.877698510112512e-06
11 7.768903774219603e-06
11 7.67939175016875e-06
11 7.775015175404237e-06
11 7.728740581725899e-06
11 7.770726608621245e-06
11 7.889768142258855e-06
11 7.738677449917086e-06
11 8.043526466520253e-06
11 7.865242684261479e-06
11 7.887566870272329e-06
11 7.678829530856472e-06
11 8.32995775837992e-06
11 7.602823406671037e-06
11 7.778921243508536e-06
11 7.791049609935184e-06
11 7.981781426941554e-06
11 7.451262265884319e-06
11 7.898837425916249e-06
11 7.79284388470093e-06
11 7.528026292381467e-06
11 7.912581430617117e-06
11 7.625762308364676e-06
11 7.841518045212297e-06
11 7.773228513037768e-06
11 7.496487587858498e-06
11 7.828668568020329e-06
11 7.737116062476467e-06
11 8.327820077119452e-06
11 7.992487655895055e-06
11 7.970408844339153e-06
11 8.033856315501096e-06
11 7.837022957060784e-06
11 8.114103730341472e-06
11 7.981741591347126e-06
11 8.092503841976649e-06
11 7.529702192328599e-06
11 7.811905538242648e-06
11 7.924684708038208e-06
11 7.707226135219484e-06
11 7.740751320248019e-06
11 7.566942759712726e-06
11 7.786043945225165e-06
11 7.449318521677997e-06
11 7.618755004941604e-06
11 7.692202231452827e-06
11 7.834905924459071e-06
11 7.875328446423712e-06
11 7.96392427466188e-06
11 7.763616816521981e-06
11 7.971459052774543e-06
11 7.804720764318675e-06
11 7.587289565153984e-06
11 7.938714601963946e-06
11 7.572878836483482e-06
11 7.957939057433351e-06
11 8.262033794996053e-06
11 7.62926841776279e-06
11 7.798284288068327e-06
11 7.415679141040256e-06
11 7.976855169150158e-06
11 8.228943782033872e-06
12 1.167190521415886e-06
12 9.890016252701912e-07
12 1.112798082930436e-06
12 7.054420641875645e-07
12 6.944099239965479e-07
12 1.268761901025948e-06
12 1.241772895925236e-06
12 1.016684636760385e-06
12 6.738012271964785e-07
12 9.936850888305191e-07
12 8.768644017673145e-07
12 7.063909334512746e-07
12 6.733494977258138e-07
12 1.167567035995095e-06
12 7.945047635298792e-07
12 9.091556584160775e-07
12 4.706852104501389e-07
12 1.232167767014324e-06
12 9.21941784637703e-07
12 1.132035954901251e-06
12 9.79713219714604e-07
12 1.067116349694634e-06
12 9.37405944966719e-07
12 9.844769614488283e-07
12 1.110558739903858e-06
12 1.010676958881686e-06
12 1.049847675301361e-06
12 9.054128893529766e-07
12 8.724851834454165e-07
12 7.62298043526214e-07
12 7.853295125571169e-07
12 7.970232375485043e-07
12 8.873552832796082e-07
12 8.965113347439824e-07
12 1.030423652697391e-06
12 9.197452804970566e-07
12 1.034055074484325e-06
12 7.628879076097305e-07
12 1.101235904926304e-06
12 6.687528290168886e-07
12 1.407218724524825e-06
12 1.133045072639388e-06
12 7.809472861333876e-07
12 8.23709027651062e-07
12 9.500525605215784e-07
12 1.058326822813409e-06
12 1.034853094163848e-06
12 8.274594418989494e-07
12 1.242358952468529e-06
12 7.033487257414287e-07
12 9.672534056734948e-07
12 8.999166432013193e-07
12 9.701606082476573e-07
12 9.963503767167697e-07
12 7.518216309314962e-07
12 1.02457857186517e-06
12 8.75380653445132e-07
12 1.008277571633304e-06
12 9.076660458561868e-07
12 9.132215370751118e-07
12 1.23544720260787e-06
12 9.783028336856489e-07
12 9.792820611836329e-07
12 8.313812742843332e-07
12 1.023043376730295e-06
12 1.112161247610247e-06
12 7.615473640898467e-07
12 6.210834651467446e-07
12 9.755919949822216e-07
12 1.233895282040565e-06
12 5.120818992260246e-07
12 9.951121882456088e-07
12 1.161029206890801e-06
12 7.141833310678279e-07
12 1.184982740206562e-06
12 8.201257752390528e-07
12 1.053336671347921e-06
12 8.047697410228905e-07
12 1.004749774992517e-06
12 1.202657064598338e-06
12 8.946694877404283e-07
12 1.084122875298223e-06
12 8.249186735354122e-07
12 8.256250837257775e-07
12 1.17411508560068e-06
12 9.855387785202831e-07
12 7.751650567006142e-07
12 9.977505585013631e-07
12 1.136677972161529e-06
12 9.153268395352676e-07
12 6.904943748232279e-07
12 6.854842702381354e-07
12 8.015279031574802e-07
12 9.08952097090898e-07
12 9.149349072808039e-07
12 8.80122208485917e-07
12 1.035581487456842e-06
12 8.20845885759216e-07
12 9.570350217003138e-07
12 8.362045294616543e-07
13 7.033098180916889e-06
13 6.782589882152052e-06
13 6.991588176414958e-06
13 6.891249414537777e-06
13 6.974342593943665e-06
13 6.658791933283702e-06
13 7.015491623136791e-06
13 6.978096267138718e-06
13 6.845331700065819e-06
13 7.06034723009552e-06
13 7.0851422746414e-06
13 6.988106750681563e-06
13 7.009097626144649e-06
13 6.866643543743604e-06
13 6.653950199682969e-06
13 6.781160130350907e-06
13 7.197230610075996e-06
13 7.019344672438264e-06
13 6.948442065908007e-06
13 7.108671025052837e-06
13 7.047959143191775e-06
13 6.946584014394484e-06
13 6.877316461264712e-06
13 6.812356274439022e-06
13 6.912339441761443e-06
13 6.879551185219562e-06
13 7.094021740580871e-06
13 6.634627665325969e-06
13 7.190311898373079e-06
13 6.61218775484456e-06
13 7.02317075263927e-06
13 6.8785460759925e-06
13 6.853063959528754e-06
13 7.046105668138427e-06
13 7.080276276686145e-06
13 6.4694623976774e-06
13 7.101419524063394e-06
13 6.736288205854234e-06
13 6.92968478457516e-06
13 6.982693915779638e-06
13 6.778007106074552e-06
13 6.692717923041962e-06
13 6.975681352354725e-06
13 6.926529389281205e-06
13 7.139048979843282e-06
13 7.067406821760961e-06
13 6.7889872221392e-06
13 6.574019249195895e-06
13 6.669633834923977e-06
13 6.82038453709311e-06
13 6.994560844998557e-06
13 7.268767336111568e-06
13 6.759930844675084e-06
13 6.817388042343421e-06
13 6.861786124330015e-06
13 7.395411403091555e-06
13 6.938941097881806e-06
13 6.728235999607217e-06
13 7.057310289126312e-06
13 6.889377366516897e-06
13 6.905362215354585e-06
13 6.900170892539394e-06
13 6.71178275096055e-06
13 6.62380286327579e-06
13 7.093670089234186e-06
13 7.115237258262664e-06
13 7.041615993960803e-06
13 6.833885974004366e-06
13 7.083420625506658e-06
13 6.942157856969161e-06
13 7.063837225052193e-06
13 6.842385007323384e-06
13 7.109362596638931e-06
13 6.903569684670814e-06
13 6.777478922731671e-06
13 6.880653252079917e-06
13 6.889326159207304e-06
13 6.971766617659709e-06
13 6.727697365191294e-06
13 7.090300419986958e-06
13 6.955170208679383e-06
13 6.844849631147835e-06
13 6.982209453667474e-06
13 6.861013822421269e-06
13 6.916727514470203e-06
13 6.930869726948672e-06
13 6.729783064896455e-06
13 6.807790704957561e-06
13 6.930474420563318e-06
13 7.092944576266601e-06
13 6.933274949473165e-06
13 6.954554122683607e-06
13 6.970822613522375e-06
13 6.968351145762201e-06
13 7.246863871321827e-06
13 7.130835523025642e-06
13 7.105580704644123e-06
13 6.891240338190852e-06
13 6.99862960218787e-06
13 7.093024605060757e-06
14 1.810342624923464e-06
14 1.825768488846453e-06
14 1.964366758580248e-06
14 1.637784026781652e-06
14 1.825832365505655e-06
14 1.785549066826269e-06
14 1.66178686231466e-06
14 1.851462662349752e-06
14 1.85786528149916e-06
14 1.726619449237778e-06
14 1.745067175687391e-06
14 1.882456926194998e-06
14 1.815023313843482e-06
14 1.600522398388643e-06
14 1.819562600249288e-06
14 1.877252378411784e-06
14 1.503614486009159e-06
14 1.915866502270699e-06
14 1.556788347329477e-06
14 1.782088059929893e-06
14 1.555261459842365e-06
14 1.88212611216972e-06
14 1.978796669487059e-06
14 1.661712949253869e-06
14 1.690350602089458e-06
14 1.619369353211841e-06
14 1.888188192186007e-06
14 1.947675612403118e-06
14 1.990517997125374e-06
14 1.725157050068202e-06
14 1.553036529614396e-06
14 1.812275525526527e-06
14 1.604146880937569e-06
14 1.769714194254774e-06
14 1.534892057894113e-06
14 2.034017726521433e-06
14 1.71447672553451e-06
14 1.821465502078728e-06
14 1.683906937854228e-06
14 1.89550121435105e-06
14 1.872459017149763e-06
14 1.812917967721578e-06
14 1.807027432295085e-06
14 1.438822890952366e-06
14 1.812389384187532e-06
14 2.139604172636691e-06
14 1.649808468644462e-06
14 1.841901310980373e-06
14 1.830478571120686e-06
14 1.783311144232953e-06
14 1.762727129405287e-06
14 1.858207538249045e-06
14 1.766204911470565e-06
14 1.568207761993654e-06
14 1.753036856314914e-06
14 1.58066474598739e-06
14 1.651661005411322e-06
14 1.70768142072914e-06
14 1.773441054792818e-06
14 1.581639056557998e-06
14 1.835005499584634e-06
14 1.615115245682145e-06
14 1.851896683762789e-06
14 1.860800660091427e-06
14 1.79976780453246e-06
14 1.820561372631666e-06
14 2.00389266588043e-06
14 1.878411756788192e-06
14 1.956409590991197e-06
14 1.651100565257475e-06
14 1.810974515836265e-06
14 1.917459215050824e-06
14 1.84426545851256e-06
14 1.79871642498265e-06
14 1.738288800155512e-06
14 2.038084312399565e-06
14 1.810302489924184e-06
14 1.531823149694252e-06
14 1.819662992169188e-06
14 1.756636224608381e-06
14 1.803981144503776e-06
14 1.885827009196489e-06
14 1.731678182058115e-06
14 1.846490681888901e-06
14 1.912640303133575e-06
14 1.810094124922286e-06
14 1.651561077739826e-06
14 1.80976046514678e-06
14 1.569673960140932e-06
14 2.086713968115949e-06
14 1.747822406055196e-06
14 1.732656196946169e-06
14 1.709960261132611e-06
14 1.616873156141649e-06
14 1.635917173930948e-06
14 1.760857728787224e-06
14 1.94575902985703e-06
14 1.820823532230268e-06
14 1.85729696015556e-06
14 1.567327897867529e-06
15 6.229276513231009e-06
15 6.220703048758691e-06
15 6.293438101507445e-06
15 6.200760853930489e-06
15 6.28968353494735e-06
15 6.066166112203618e-06
15 6.33866591905954e-06
15 6.164879539251941e-06
15 6.065638072077451e-06
15 6.214764500710303e-06
15 6.310536948439776e-06
15 6.09981094440523e-06
15 5.983804434906046e-06
15 6.042295328552608e-06
15 6.120822756035527e-06
15 6.234759403727467e-06
15 6.193738425046341e-06
15 6.011145082063622e-06
15 6.29320071457023e-06
15 6.155310450311637e-06
15 6.250226626364495e-06
15 5.997635322498308e-06
15 5.940673736121422e-06
15 6.268509141633016e-06
15 6.23825271133714e-06
15 6.137702832655787e-06
15 6.114984817743514e-06
15 6.241695664030622e-06
15 6.15518429871256e-06
15 6.307198041667336e-06
15 6.092255016664307e-06
15 6.143776713690984e-06
15 6.230456001151488e-06
15 6.000372584089234e-06
15 6.166852642558478e-06
15 6.162359772661852e-06
15 6.163204980260622e-06
15 6.173275742251944e-06
15 6.094795208468622e-06
15 6.146884522282544e-06
15 6.203147253363637e-06
15 6.270884691381503e-06
15 6.205869782071811e-06
15 6.331461277020806e-06
15 6.082913771547179e-06
15 5.86150924835605e-06
15 6.020277666803238e-06
15 6.120214008692163e-06
15 6.307541245007556e-06
15 6.193691035179449e-06
15 6.108051201143443e-06
15 6.374745580642548e-06
15 6.335367530205431e-06
15 6.314510078115074e-06
15 6.103981556382439e-06
15 6.425555550641132e-06
15 6.308676114943809e-06
15 6.148532971223236e-06
15 6.191117052770168e-06
15 6.245143312414829e-06
15 6.222623710601878e-06
15 6.227864664177521e-06
15 6.258019736039812e-06
15 6.168303702268289e-06
15 6.241511816896861e-06
15 6.19835467480324e-06
15 6.118149644801718e-06
15 6.00180942578091e-06
15 5.960351494390513e-06
15 6.212522661178911e-06
15 6.25225001417346e-06
15 6.158034168225208e-06
15 6.2740249949313e-06
15 6.191140832729981e-06
15 6.141886771181854e-06
15 6.225554027293068e-06
15 6.243027223675584e-06
15 6.236192655454095e-06
15 6.131539218228716e-06
15 6.154978995284611e-06
15 6.30777209231045e-06
15 6.236791726226669e-06
15 6.210008915804322e-06
15 6.136785225041644e-06
15 6.205259043146676e-06
15 6.39708316784241e-06
15 6.146402589201661e-06
15 6.139821259852673e-06
15 6.102018699923022e-06
15 6.234028673699243e-06
15 6.110987930922822e-06
15 6.130320860972578e-06
15 6.251990189842379e-06
15 6.087065485638131e-06
15 6.473110713025088e-06
15 6.269163537361813e-06
15 6.23676417745075e-06
15 6.269370421592245e-06
15 6.281363232726478e-06
15 6.262207995167938e-06
16 2.171699664978534e-06
16 1.950675059256892e-06
16 2.123937524822083e-06
16 2.215030195273819e-06
16 2.222343777995073e-06
16 2.442996540412984e-06
16 2.173399689863031e-06
16 2.216187603577317e-06
16 2.170296945264323e-06
16 2.290284561706482e-06
16 2.035986240708898e-06
16 2.086100152400015e-06
16 2.191468116600195e-06
16 2.022342750907844e-06
16 2.127815219100173e-06
16 2.161098329642602e-06
16 2.317886018309663e-06
16 2.328174932277931e-06
16 2.157924235762926e-06
16 1.991622642593585e-06
16 2.221658324668014e-06
16 2.170873464480927e-06
16 2.132781345441093e-06
16 2.007960497335583e-06
16 2.111738753445111e-06
16 2.084895907161211e-06
16 2.084828751764264e-06
16 2.278840942804761e-06
16 2.237669694266244e-06
16 2.167340422188009e-06
16 1.99695898098462e-06
16 2.176855234957173e-06
16 2.06590954153496e-06
16 2.164198408338587e-06
16 2.20626794911215e-06
16 2.178886275110113e-06
16 2.219299098847044e-06
16 2.502383226998604e-06
16 2.337441786629681e-06
16 2.272413192187976e-06
16 2.10506154572819e-06
16 2.260668171931336e-06
16 1.970290925921429e-06
16 2.138811414821147e-06
16 1.954078503708e-06
16 2.288052864660679e-06
16 2.253941716439944e-06
16 2.203386006375959e-06
16 2.197731260919073e-06
16 2.153355633846419e-06
16 2.25601169072644e-06
16 2.198071438514758e-06
16 2.339189235805102e-06
16 2.318813361173672e-06
16 2.213722500498435e-06
16 2.109826270772665e-06
16 2.407537294751766e-06
16 2.170755428978936e-06
16 2.154811862650081e-06
16 2.369032170447545e-06
16 2.015478736361844e-06
16 2.28679065153537e-06
16 2.286337873262124e-06
16 2.184678640002432e-06
16 2.184689120778376e-06
16 2.106307841932285e-06
16 2.274023140083509e-06
16 2.206414455447176e-06
16 2.230866823059439e-06
16 2.176421162812961e-06
16 2.104206036784628e-06
16 2.074097807577179e-06
16 1.974184375218545e-06
16 2.253562149491235e-06
16 2.23877275067028e-06
16 2.217741259449504e-06
16 2.078298401191091e-06
16 2.085793756754571e-06
16 2.216827266171931e-06
16 2.205251124297083e-06
16 2.28652256458168e-06
16 2.090811135404366e-06
16 2.20240625705978e-06
16 2.176175462783778e-06
16 2.104879679888929e-06
16 2.177300284019581e-06
16 2.048577678314143e-06
16 2.316654451808717e-06
16 2.085019197225559e-06
16 2.471855547941848e-06
16 2.281306869730431e-06
16 2.272059559606597e-06
16 2.121141957241107e-06
16 1.887106565654921e-06
16 2.300165577432557e-06
16 2.205181091040668e-06
16 2.068390519770373e-06
16 2.141877689609797e-06
16 2.366950481718067e-06
16 2.09436031198265e-06
17 5.862390014054546e-06
17 5.727160561517575e-06
17 5.779269147008935e-06
17 5.711652932680537e-06
17 5.703840973134364e-06
17 5.491978338231066e-06
17 5.778666575079025e-06
17 5.872285791635068e-06
17 5.773266096818704e-06
17 5.920310426010533e-06
17 5.655224609664434e-06
17 5.719833819065296e-06
17 5.693525854998947e-06
17 5.71794862179102e-06
17 5.616040898312344e-06
17 5.583660809659719e-06
17 5.69373506539399e-06
17 5.532568875385272e-06
17 5.75114847866263e-06
17 5.705344923823903e-06
17 5.643976059298524e-06
17 5.757216459151837e-06
17 5.875978958604225e-06
17 5.680998912352363e-06
17 5.625256509117349e-06
17 5.737160574961971e-06
17 5.785996793750567e-06
17 5.738397369250597e-06
17 5.675916815219063e-06
17 5.660215657271806e-06
17 5.861602699347826e-06
17 5.634159770629259e-06
17 5.680295146260598e-06
17 5.708548184269062e-06
17 5.654173476347193e-06
17 5.886153018517404e-06
17 5.74353832895965e-06
17 5.787762900667212e-06
17 5.691717335678361e-06
17 5.941351013572668e-06
17 5.735815075525955e-06
17 5.655270068016307e-06
17 5.681889257836648e-06
17 5.585779178604422e-06
17 5.528510841481417e-06
17 5.721696939105607e-06
17 5.749787137458193e-06
17 5.764222035243482e-06
17 5.579082181412278e-06
17 5.685177306050089e-06
17 5.818287204406848e-06
17 5.776981476879417e-06
17 5.652718503895749e-06
17 5.813665083058512e-06
17 5.715916637464417e-06
17 5.761135356134088e-06
17 5.751605819612062e-06
17 5.77837046256404e-06
17 5.842913310475134e-06
17 5.88402515038912e-06
17 5.939173413945583e-06
17 5.461011139338793e-06
17 5.754922489597397e-06
17 5.767174718874443e-06
17 5.693696656312021e-06
17 5.65496465734315e-06
17 5.907814749659302e-06
17 5.916713323579436e-06
17 5.671578876293772e-06
17 5.552071884903039e-06
17 5.755636556111124e-06
17 5.764126087366228e-06
17 5.694433727186944e-06
17 5.766410443535097e-06
17 5.80108574670581e-06
17 5.698710498379534e-06
17 5.687909447552189e-06
17 5.569788869281015e-06
17 5.740655573715464e-06
17 5.92590973237689e-06
17 5.893570847864517e-06
17 5.679296111993916e-06
17 5.720236129318928e-06
17 5.831751856057841e-06
17 5.94642282850812e-06
17 5.880901783309834e-06
17 5.845294950525433e-06
17 5.742993759596814e-06
17 5.549330807125906e-06
17 5.881154080848426e-06
17 5.739698768694483e-06
17 5.758589281221692e-06
17 5.587791064059632e-06
17 5.871427863560963e-06
17 5.687612310631263e-06
17 5.560658321782282e-06
17 5.739796298410622e-06
17 5.635186822540298e-06
17 5.912743904136777e-06
17 5.677972578246288e-06
18 2.215935459302619e-06
18 2.143046785761128e-06
18 2.349286825795437e-06
18 2.1422161087367e-06
18 2.174875445352808e-06
18 2.430821676244534e-06
18 2.496414193752129e-06
18 2.252776708070203e-06
18 2.323024525502216e-06
18 2.413139839593385e-06
18 2.329907075094434e-06
18 2.386666610122357e-06
18 2.316569216442036e-06
18 2.260213633999648e-06
18 2.356708983783751e-06
18 2.244318651076111e-06
18 2.445112183118871e-06
18 2.29670696908237e-06
18 2.363083043426957e-06
18 2.390171641421148e-06
18 2.448955012732214e-06
18 2.291924045856107e-06
18 2.180022218998838e-06
18 2.12825463886722e-06
18 2.256803904728672e-06
18 2.350602323229677e-06
18 2.435407880835522e-06
18 2.34409136911698e-06
18 2.322601803012849e-06
18 2.267648525126304e-06
18 2.335495805797381e-06
18 2.210891523051896e-06
18 2.32411106604091e-06
18 2.48544362219416e-06
18 2.227201464808381e-06
18 2.328179203290395e-06
18 2.30831509823829e-06
18 2.332878184777012e-06
18 2.317277868682373e-06
18 2.192150010775343e-06
18 2.332138027587986e-06
18 2.331832376410997e-06
18 2.479295634736856e-06
18 2.510066628182639e-06
18 2.466951598896622e-06
18 2.580664530021761e-06
18 2.389480108641862e-06
18 2.354043371774065e-06
18 2.412843407023856e-06
18 2.34699970727016e-06
18 2.179175421170755e-06
18 2.367754847383247e-06
18 2.402301750911411e-06
18 2.393396918565588e-06
18 2.377319232117108e-06
18 2.383937019496083e-06
18 2.379026371288243e-06
18 2.353324107654411e-06
18 2.31645217171019e-06
18 2.296868301794803e-06
18 2.060695136655708e-06
18 2.297094462593002e-06
18 2.288066320602501e-06
18 2.28521991054236e-06
18 2.190628351208856e-06
18 2.477723220963679e-06
18 2.433947093033693e-06
18 2.352609534006897e-06
18 2.392771735902906e-06
18 2.255100089770097e-06
18 2.347436943490615e-06
18 2.294838470789223e-06
18 2.191347348364695e-06
18 2.279061869283992e-06
18 2.517981589296376e-06
18 2.25252216009376e-06
18 2.486953747612501e-06
18 2.26984241675837e-06
18 2.375108035356634e-06
18 2.251225733641266e-06
18 2.38737658022823e-06
18 2.415718970601768e-06
18 2.181557774716194e-06
18 2.360743100237073e-06
18 2.268326173445103e-06
18 2.380783094471466e-06
18 2.314289257912575e-06
18 2.366264713587593e-06
18 2.202401474304546e-06
18 2.164788581043572e-06
18 2.333499096407101e-06
18 2.302043729170376e-06
18 2.306065958437184e-06
18 2.175300332157156e-06
18 2.341977303126477e-06
18 2.289240749487584e-06
18 2.43554619782348e-06
18 2.457885309261794e-06
18 2.100979311776438e-06
18 2.233616068453179e-06
19 5.697570101237358e-06
19 5.428066375810039e-06
19 5.57833687462678e-06
19 5.90987637192166e-06
19 5.511661596058954e-06
19 5.437680796984517e-06
19 5.678368536138892e-06
19 5.672560140495063e-06
19 5.605179963207614e-06
19 5.631109851841202e-06
19 5.816047505950725e-06
19 5.704919197773581e-06
19 5.69300797086499e-06
19 5.646564321196872e-06
19 5.555126244027385e-06
19 5.658602345280264e-06
19 5.726436906531879e-06
19 5.787481274004481e-06
19 5.604984101033868e-06
19 5.659670086064713e-06
19 5.649548131359534e-06
19 5.511376931482676e-06
19 5.666150020593502e-06
19 5.734147040203403e-06
19 5.568394914183273e-06
19 5.746920392907085e-06
19 5.511426696130124e-06
19 5.712509417399913e-06
19 5.607311916639622e-06
19 5.695302899481925e-06
19 5.725759024094957e-06
19 5.720894186676668e-06
19 5.679626275046648e-06
19 5.712365407880461e-06
19 5.829284679917827e-06
19 5.579851923884717e-06
19 5.733244022815088e-06
19 5.628903876842041e-06
19 5.598768835635858e-06
19 5.727285941230995e-06
19 5.641659455950295e-06
19 5.626440468761187e-06
19 5.575885903869043e-06
19 5.773570943331094e-06
19 5.483841206165484e-06
19 5.724333261906027e-06
19 5.717152585716186e-06
19 5.555681098995952e-06
19 5.60750307491348e-06
19 5.584599060724092e-06
19 5.685955189684574e-06
19 5.496266425953261e-06
19 5.676105182160286e-06
19 5.513012003444663e-06
19 5.766947451326936e-06
19 5.786946760734229e-06
19 5.778770638520849e-06
19 5.497165112147431e-06
19 5.778353246025245e-06
19 5.521236393369329e-06
19 5.592426784442687e-06
19 5.518940616754757e-06
19 5.588263430300303e-06
19 5.783633557553577e-06
19 5.714686685359605e-06
19 5.657295744502443e-06
19 5.660929944780013e-06
19 5.649426052191188e-06
19 5.506146291164919e-06
19 5.694590630658134e-06
19 5.559682538852451e-06
19 5.706773591381382e-06
19 5.629066104882559e-06
19 5.604599810247749e-06
19 5.613732497555529e-06
19 5.433571509266761e-06
19 5.634327693107944e-06
19 5.660151562001409e-06
19 5.658446106826049e-06
19 5.724197269468277e-06
19 5.738498934894333e-06
19 5.48524708777162e-06
19 5.609235115473388e-06
19 5.604316843544845e-06
19 5.637767256951881e-06
19 5.723874808824776e-06
19 5.601011344439392e-06
19 5.54812728383889e-06
19 5.748517879272615e-06
19 5.897781674213833e-06
19 5.525114426809496e-06
19 5.780324407882717e-06
19 5.478433437999457e-06
19 5.530581205362941e-06
19 5.540290849968312e-06
19 5.511949591899977e-06
19 5.662616716007757e-06
19 5.540489060358795e-06
19 5.639968935436509e-06
19 5.925463596854558e-06
20 2.283494063933397e-06
20 2.296644500822428e-06
20 2.35615036503289e-06
20 2.366221081539989e-06
20 2.392972831009466e-06
20 2.473345891854844e-06
20 2.419780978558123e-06
20 2.405533858771309e-06
20 2.265406990794826e-06
20 2.34863614215746e-06
20 2.487459697971497e-06
20 2.290961659047926e-06
20 2.422767874272599e-06
20 2.432948772819442e-06
20 2.411521501085807e-06
20 2.43015003354323e-06
20 2.419412625513874e-06
20 2.189489428422704e-06
20 2.462941435787443e-06
20 2.346970133108947e-06
20 2.441176952596938e-06
20 2.383581592098205e-06
20 2.253364026206469e-06
20 2.260111330325705e-06
20 2.269235323121297e-06
20 2.36688246956139e-06
20 2.258682356599541e-06
20 2.412876413522358e-06
20 2.453665954342825e-06
20 2.411485679072478e-06
20 2.31010313534439e-06
20 2.346460815305071e-06
20 2.378894674729551e-06
20 2.280838491173784e-06
20 2.50980138561722e-06
20 2.384484205648592e-06
20 2.356889525036307e-06
20 2.363076695338366e-06
20 2.240663011643541e-06
20 2.289899340728116e-06
20 2.423151618277813e-06
20 2.308859974116682e-06
20 2.408878570062073e-06
20 2.300565305877459e-06
20 2.364009218601582e-06
20 2.368663217188125e-06
20 2.295599942211675e-06
20 2.258425386592952e-06
20 2.39236727552167e-06
20 2.553655022999898e-06
20 2.438923298353372e-06
20 2.180996688380698e-06
20 2.404934931890506e-06
20 2.354845370487563e-06
20 2.382548445845124e-06
20 2.454037270464839e-06
20 2.452377542422277e-06
20 2.368038702109106e-06
20 2.395526613706956e-06
20 2.357177974445437e-06
20 2.3624046665294e-06
20 2.381870565660286e-06
20 2.276537237783654e-06
20 2.401159470216267e-06
20 2.240516916265314e-06
20 2.404379558097428e-06
20 2.452766158012612e-06
20 2.204570286497839e-06
20 2.396474834089249e-06
20 2.461980974623459e-06
20 2.418292616188107e-06
20 2.264576253987938e-06
20 2.390941007991262e-06
20 2.273252877850204e-06
20 2.231278678182413e-06
20 2.290319934116356e-06
20 2.271299585825871e-06
20 2.26202939732469e-06
20 2.381643614333589e-06
20 2.298942532322212e-06
20 2.227587496820624e-06
20 2.41506376925733e-06
20 2.320447597040071e-06
20 2.197056597501366e-06
20 2.365599684057725e-06
20 2.304764654386605e-06
20 2.453207332339531e-06
20 2.369404576378068e-06
20 2.395063159276346e-06
20 2.468510716887261e-06
20 2.291334711076894e-06
20 2.409847282800104e-06
20 2.404453604247492e-06
20 2.492437047770918e-06
20 2.471894670995459e-06
20 2.554676864352095e-06
20 2.485318148704951e-06
20 2.230692188977796e-06
20 2.347260003888378e-06
20 2.417874055254573e-06
21 5.68007371861142e-06
21 5.667203156569456e-06
21 5.802338814611699e-06
21 5.632766860915072e-06
21 5.745841656467768e-06
21 5.817660699413777e-06
21 5.510613485404571e-06
21 5.645330748381126e-06
21 5.648866357501036e-06
21 5.76635565827658e-06
21 5.493798793211251e-06
21 5.560062128807471e-06
21 5.832172050886348e-06
21 5.64941472707593e-06
21 5.796020207621566e-06
21 5.587639143509625e-06
21 5.693903712838873e-06
21 5.696239970838071e-06
21 5.710864948907295e-06
21 5.744678901249585e-06
21 5.697357572893914e-06
21 5.762515303276235e-06
21 5.738612414846308e-06
21 5.720346077126994e-06
21 5.774305489005943e-06
21 5.595768366863792e-06
21 5.643640611859209e-06
21 5.838416334002308e-06
21 5.606986192378161e-06
21 5.633660619484549e-06
21 5.732768324410917e-06
21 5.599921250084096e-06
21 5.867250344195887e-06
21 5.672013242206902e-06
21 5.624854232809817e-06
21 5.755260055555814e-06
21 5.714358635496216e-06
21 5.846147898884824e-06
21 5.663862140551474e-06
21 5.629131877868471e-06
21 5.850322884264749e-06
21 5.592197857624558e-06
21 5.694141780314649e-06
21 5.83310913954598e-06
21 5.818592312891783e-06
21 5.686277195671233e-06
21 5.420704169455294e-06
21 5.637668351919983e-06
21 5.784911390009102e-06
21 5.696962744816273e-06
21 5.613869635966965e-06
21 5.806953987071865e-06
21 5.629179378967148e-06
21 5.777223679611859e-06
21 5.587048423212018e-06
21 5.666852577199374e-06
21 5.564765830899608e-06
21 5.629553278999988e-06
21 5.731942202350163e-06
21 5.611768339223095e-06
21 5.582539699662273e-06
21 5.389237694568648e-06
21 5.624211405461135e-06
21 5.648801944487101e-06
21 5.743038893588404e-06
21 5.721956540135471e-06
21 5.759372853869264e-06
21 5.627008237061138e-06
21 5.64634916972231e-06
21 5.683588343263428e-06
21 5.471084383074703e-06
21 5.870542084679075e-06
21 5.754085275696843e-06
21 5.813146025665032e-06
21 5.80855746112608e-06
21 5.70782929354777e-06
21 5.77246458339894e-06
21 5.499302521076256e-06
21 5.808046207421839e-06
21 5.761095462213771e-06
21 5.709883554243403e-06
21 5.61288580494452e-06
21 5.687852764785143e-06
21 5.773148264475105e-06
21 5.657158358294674e-06
21 5.632238341887438e-06
21 5.594149313347365e-06
21 5.455001983940352e-06
21 5.653698178003298e-06
21 5.803827218658297e-06
21 5.645607000737933e-06
21 5.693763371424829e-06
21 5.632075672386505e-06
21 5.736830908660583e-06
21 5.479983209503164e-06
21 5.617691238844558e-06
21 5.613515989160663e-06
21 5.479680129595092e-06
21 5.70494884218775e-06
21 5.654688421515073e-06
22 2.289670861064602e-06
22 2.324587294599554e-06
22 2.325535210415959e-06
22 2.448894941920729e-06
22 2.282024686934624e-06
22 2.219515027547186e-06
22 2.274625627838968e-06
22 2.292540809433807e-06
22 2.375674436943641e-06
22 2.418889247627996e-06
22 2.288803912929966e-06
22 2.273131298908589e-06
22 2.332506971367145e-06
22 2.476146284341066e-06
22 2.234836017248909e-06
22 2.369208579801472e-06
22 2.512923551861109e-06
22 2.309948707159481e-06
22 2.377167218172918e-06
22 2.321089656115177e-06
22 2.187804851978431e-06
22 2.230325347780995e-06
22 2.283685972898316e-06
22 2.460947203315248e-06
22 2.267689761089986e-06
22 2.382071480793717e-06
22 2.301303079101838e-06
22 2.482560905577288e-06
22 2.307470509761839e-06
22 2.26576526338755e-06
22 2.489017295077265e-06
22 2.429056898904194e-06
22 2.197896527214809e-06
22 2.379891995342945e-06
22 2.301112554858231e-06
22 2.430215197885101e-06
22 2.435790088977382e-06
22 2.350729463622258e-06
22 2.280908244544915e-06
22 2.13358028430644e-06
22 2.454226915804095e-06
22 2.374936315611393e-06
22 2.273339517394003e-06
22 2.398616236792237e-06
22 2.388463695496619e-06
22 2.454716748793787e-06
22 2.366341669440683e-06
22 2.292406793550561e-06
22 2.420586955673658e-06
22 2.331326259121059e-06
22 2.417168773600845e-06
22 2.314453873442633e-06
22 2.444430396736358e-06
22 2.38204554073229e-06
22 2.433062849353817e-06
22 2.409556512327125e-06
22 2.429442927359847e-06
22 2.318473517540546e-06
22 2.303241948341378e-06
22 2.489164781687144e-06
22 2.59812679545263e-06
22 2.487390523352566e-06
22 2.539333300939227e-06
22 2.379890762396787e-06
22 2.266619709552963e-06
22 2.57608030460406e-06
22 2.296161063021488e-06
22 2.490555435368664e-06
22 2.223797663430635e-06
22 2.228997866874676e-06
22 2.24243888255727e-06
22 2.345370034262961e-06
22 2.284688847386237e-06
22 2.439388890646974e-06
22 2.398413818502726e-06
22 2.3741612617555e-06
22 2.293158915313331e-06
22 2.384663399570843e-06
22 2.432847624052568e-06
22 2.374535895501407e-06
22 2.373068770361598e-06
22 2.301791636877663e-06
22 2.409142939979307e-06
22 2.482489758270887e-06
22 2.220344206029109e-06
22 2.358132014146288e-06
22 2.372268942762214e-06
22 2.305253259661782e-06
22 2.264544618264729e-06
22 2.317168906333383e-06
22 2.396805608311493e-06
22 2.346491993380921e-06
22 2.296405377067408e-06
22 2.325703945646148e-06
22 2.423158364521817e-06
22 2.257830578150107e-06
22 2.388253279671031e-06
22 2.370123495515258e-06
22 2.37433036305689e-06
22 2.416936441726871e-06
23 5.963818141184332e-06
23 5.73175791827638e-06
23 5.584748202143224e-06
23 5.753379820160394e-06
23 5.916274232462984e-06
23 5.735002450961676e-06
23 5.824552579912369e-06
23 6.001851112369431e-06
23 5.847093041171671e-06
23 5.686157445512382e-06
23 5.92466115889978e-06
23 6.034977907369447e-06
23 5.856813692901111e-06
23 6.060339106949453e-06
23 5.985513492362547e-06
23 5.934794189750594e-06
23 5.858241241505076e-06
23 5.74279451384183e-06
23 5.762873663804387e-06
23 5.901608067451992e-06
23 5.733941081743987e-06
23 5.914053598508177e-06
23 5.889436707974087e-06
23 5.833483499229129e-06
23 5.766903752074084e-06
23 5.792687445268026e-06
23 5.736651550476055e-06
23 5.749577062702208e-06
23 6.001867764065109e-06
23 5.847819413445743e-06
23 5.735444147249091e-06
23 5.875880248487249e-06
23 5.834437300058991e-06
23 6.083253218709588e-06
23 5.723424373558482e-06
23 5.828344835216286e-06
23 5.774012156587149e-06
23 5.898154953641743e-06
23 5.983397988341478e-06
23 5.936063240539378e-06
23 5.790849758447557e-06
23 5.877116125039463e-06
23 5.786407418934869e-06
23 5.647276636970392e-06
23 5.717398551729892e-06
23 6.018047441212962e-06
23 5.851442463941109e-06
23 5.941848164693276e-06
23 5.816695984405112e-06
23 5.858433836348795e-06
23 5.747417233515288e-06
23 5.780706859656175e-06
23 5.86025592580409e-06
23 5.897103773933449e-06
23 5.897784734572184e-06
23 5.795592171770622e-06
23 5.802511451925744e-06
23 5.879014356548857e-06
23 5.711914636905076e-06
23 6.039165144369441e-06
23 6.075840838980436e-06
23 5.515162196747343e-06
23 5.990990594787919e-06
23 5.888424113976942e-06
23 5.785371326165839e-06
23 5.696174599356148e-06
23 5.675347364374329e-06
23 5.934304699147168e-06
23 5.778423928583597e-06
23 5.833054392654999e-06
23 5.780477269307337e-06
23 6.018604953101533e-06
23 5.783747704451411e-06
23 5.826776265582804e-06
23 5.945410761096928e-06
23 5.813267826045314e-06
23 5.871850247123167e-06
23 5.785078739844821e-06
23 5.900434468172993e-06
23 5.832111159803179e-06
23 5.87566884409177e-06
23 5.655317443616726e-06
23 5.81784275133756e-06
23 6.151473460681864e-06
23 5.834819903100271e-06
23 5.943603798092204e-06
23 5.714867298213007e-06
23 5.937977777140339e-06
23 5.981692375824303e-06
23 5.753970835677463e-06
23 5.88211006202746e-06
23 5.925752441941647e-06
23 5.896298160261144e-06
23 5.792905582239343e-06
23 5.992246611318141e-06
23 5.854709494059101e-06
23 5.781993803354703e-06
23 6.070255780987958e-06
23 5.833286396091238e-06
23 5.868056946282992e-06
24 2.205424041748063e-06
24 2.116197447723061e-06
24 2.239366591102911e-06
24 2.248383526173306e-06
24 2.346152322886217e-06
24 2.175574917894645e-06
24 2.352329379030075e-06
24 2.25606292443077e-06
24 2.337804845893705e-06
24 2.239374127791731e-06
24 2.358779846625966e-06
24 2.40110813187975e-06
24 2.288529537893527e-06
24 2.329710281989647e-06
24 2.278410485159235e-06
24 2.328595354956668e-06
24 2.327887369998731e-06
24 2.14988892489209e-06
24 2.396471953216353e-06
24 2.265324760915348e-06
24 2.407941675324509e-06
24 2.195762671803946e-06
24 2.27568595922875e-06
24 2.471153022362959e-06
24 2.357143927094297e-06
24 2.283328164489314e-06
24 2.382443843680436e-06
24 2.186337284660254e-06
24 2.165062142627964e-06
24 2.396588690439794e-06
24 2.340397966177527e-06
24 2.438091053224243e-06
24 2.286300985892155e-06
24 2.196151190132461e-06
24 2.310036926893189e-06
24 2.393379401421037e-06
24 2.212026708838185e-06
24 2.31730152771957e-06
24 2.211390810124227e-06
24 2.23344825351659e-06
24 2.432005685620907e-06
24 2.230455100507447e-06
24 2.340581339262263e-06
24 2.331189983425555e-06
24 2.500643508876815e-06
24 2.357222900425695e-06
24 2.356628948502124e-06
24 2.641743803563506e-06
24 2.248974825890006e-06
24 2.459088776280604e-06
24 2.240188617301171e-06
24 2.176632189872197e-06
24 2.383655347549408e-06
24 2.42604071591333e-06
24 2.389260125975218e-06
24 2.428461092412502e-06
24 2.161332533110931e-06
24 2.189968861281921e-06
24 2.338297292314659e-06
24 2.308382230672884e-06
24 2.37650346567415e-06
24 2.505001084276851e-06
24 2.342841668172881e-06
24 2.535175726689462e-06
24 2.214128135218488e-06
24 2.18480983905588e-06
24 2.364552403631181e-06
24 2.287124035435223e-06
24 2.268755430038653e-06
24 2.296649920894118e-06
24 2.20797966083498e-06
24 2.179504123411572e-06
24 2.224689128947832e-06
24 2.225424644119076e-06
24 2.313821148039266e-06
24 2.390973734877796e-06
24 2.413095902534021e-06
24 2.369877691128452e-06
24 2.363827194770374e-06
24 2.111450701999304e-06
24 2.219186309157206e-06
24 2.379984729306619e-06
24 2.353752286954554e-06
24 2.310307589983461e-06
24 2.274603820265819e-06
24 2.228877592861205e-06
24 2.439245065108355e-06
24 2.295044760529317e-06
24 2.262183559623104e-06
24 2.34468310104449e-06
24 2.361616060255395e-06
24 2.326812723344932e-06
24 2.487890278491402e-06
24 2.240157527328468e-06
24 2.334778355424448e-06
24 2.342378262642454e-06
24 2.274381563117626e-06
24 2.135337634221221e-06
24 2.393124905297783e-06
24 2.226421206977058e-06
25 6.233741146027631e-06
25 6.29551366281197e-06
25 6.29980000164007e-06
25 6.30466186725581e-06
25 6.473718185698247e-06
25 6.362674077333271e-06
25 6.281045604439863e-06
25 6.295378251145702e-06
25 6.008860002629447e-06
25 6.107754072347693e-06
25 6.343847338839228e-06
25 6.258988087689436e-06
25 6.189245587318729e-06
25 6.088985371365968e-06
25 6.225552654700971e-06
25 6.406676204559446e-06
25 6.302781850317217e-06
25 6.296390458425457e-06
25 6.182105318587142e-06
25 6.336290516570162e-06
25 6.245779454468211e-06
25 6.445353240475516e-06
25 6.349665947252749e-06
25 6.243673269102832e-06
25 6.529642079558055e-06
25 6.41823152952123e-06
25 6.210364203739947e-06
25 6.514551421648778e-06
25 6.301515950913749e-06
25 6.373327155386781e-06
25 6.28383741624261e-06
25 6.161297680725654e-06
25 6.278701850351272e-06
25 6.287628425354867e-06
25 6.3792624968039e-06
25 6.291617827614286e-06
25 6.22633792611664e-06
25 6.255828560181017e-06
25 6.377661004477788e-06
25 5.95042881724564e-06
25 6.153377875416721e-06
25 6.543156383488058e-06
25 6.426435778229592e-06
25 6.247168847261469e-06
25 6.260814073414081e-06
25 6.272781782416019e-06
25 6.238754781682027e-06
25 6.198136650749623e-06
25 6.176408506593188e-06
25 6.385641479629034e-06
25 6.235077339256049e-06
25 6.271276601724053e-06
25 6.327915246804971e-06
25 6.383299920282269e-06
25 6.304995811162915e-06
25 6.141225676615857e-06
25 6.543123309166916e-06
25 6.013697556490986e-06
25 6.540383774502517e-06
25 6.122530192850577e-06
25 6.356919437545057e-06
25 6.294471608335129e-06
25 6.474145048565952e-06
25 6.191281149311384e-06
25 6.250669846718968e-06
25 6.290155043893107e-06
25 6.550004330594695e-06
25 6.283223431625131e-06
25 6.413662197402169e-06
25 6.339251968842925e-06
25 6.247155076984212e-06
25 6.30878367475173e-06
25 6.319708825814474e-06
25 6.41506450392716e-06
25 6.0636315546551e-06
25 6.058920111341655e-06
25 6.058062678978778e-06
25 6.494767751775998e-06
25 6.280402293913441e-06
25 6.151955373761412e-06
25 6.379040159781863e-06
25 6.124554871454174e-06
25 6.38494077101317e-06
25 6.357966038129727e-06
25 6.299468596329589e-06
25 6.222971440134732e-06
25 6.201753647463729e-06
25 6.293917064006821e-06
25 6.205352338563966e-06
25 6.215985922988549e-06
25 6.204024663474803e-06
25 6.493006912327006e-06
25 6.169902912749478e-06
25 6.285468593788247e-06
25 6.384539818371726e-06
25 6.265164536335656e-06
25 6.302577672555426e-06
25 6.375076837746426e-06
25 6.210201056229979e-06
25 6.005811710908449e-06
26 1.95478269361606e-06
26 1.997118488650964e-06
26 1.95376288584879e-06
26 2.074601774550427e-06
26 2.155663683502108e-06
26 2.077766993826074e-06
26 2.054084496394185e-06
26 2.113020820241512e-06
26 1.909283244835392e-06
26 1.965920847808023e-06
26 2.14481728767832e-06
26 2.103164389297109e-06
26 2.086670526674412e-06
26 1.87056008782827e-06
26 1.756574887228961e-06
26 1.985282911717323e-06
26 2.221126511179016e-06
26 1.94455612999766e-06
26 2.03957632150444e-06
26 2.063779783185638e-06
26 1.976603856670951e-06
26 2.126824967711375e-06
26 2.020815104336571e-06
26 2.014374622029455e-06
26 2.044891308605898e-06
26 2.085392796400662e-06
26 1.836873271917135e-06
26 2.100428041333061e-06
26 1.926360588061798e-06
26 2.171443978326519e-06
26 1.700531056467844e-06
26 2.303303782634983e-06
26 2.068444261179151e-06
26 2.130142934014049e-06
26 2.074675687272212e-06
26 2.187689199980053e-06
26 2.050299128505124e-06
26 1.961973168732431e-06
26 2.114666458203117e-06
26 1.936218423746167e-06
26 1.987741020368366e-06
26 2.001819971584092e-06
26 1.925412333810796e-06
26 1.942096507984121e-06
26 2.087526794048315e-06
26 2.041663829859929e-06
26 1.930049974244951e-06
26 2.161613491697897e-06
26 1.979841103661671e-06
26 2.000555158820401e-06
26 2.017725306887815e-06
26 1.828334450714354e-06
26 2.030537976622276e-06
26 1.977031173504663e-06
26 2.167638824529378e-06
26 2.238526260706081e-06
26 1.932461942126535e-06
26 1.868977754211583e-06
26 2.073949218484539e-06
26 2.23144300145114e-06
26 1.971161728781732e-06
26 1.937366995269765e-06
26 2.102194241478284e-06
26 2.184371538133874e-06
26 1.919910963639757e-06
26 1.957443345488494e-06
26 2.041574337325804e-06
26 1.89846975056355e-06
26 2.232002621298795e-06
26 1.949858252417525e-06
26 1.901505640564029e-06
26 2.185789666922399e-06
26 1.783118186317507e-06
26 1.976874882029026e-06
26 2.151912200566535e-06
26 2.2609744180319e-06
26 2.242107727106273e-06
26 2.012072946913212e-06
26 2.066595888911339e-06
26 1.867061543172321e-06
26 2.068609700769714e-06
26 2.061548096440494e-06
26 1.926567779034586e-06
26 1.892963348056685e-06
26 2.024968471841883e-06
26 1.835314577884989e-06
26 1.888211712212788e-06
26 2.287504368830678e-06
26 2.114582753616766e-06
26 2.107165138137882e-06
26 2.050087427427229e-06
26 2.188008181665263e-06
26 1.947485908779718e-06
26 2.065715158315409e-06
26 1.897063275859647e-06
26 2.166472924380121e-06
26 1.900048509387767e-06
26 1.947843922000013e-06
26 2.059410126210398e-06
26 2.164146955190397e-06
27 7.079130883879503e-06
27 6.954388639009207e-06
27 6.90223739886697e-06
27 7.164651949281987e-06
27 6.743802509285621e-06
27 6.730139834542482e-06
27 6.923910805458656e-06
27 7.157886653019105e-06
27 6.923537870689015e-06
27 6.923027441066114e-06
27 6.935343348012832e-06
27 6.989585762985818e-06
27 6.809233472382996e-06
27 6.885181711787686e-06
27 7.183392756797811e-06
27 7.001886782432584e-06
27 6.938326164676165e-06
27 7.137092383697252e-06
27 6.850138089335144e-06
27 6.86196215163226e-06
27 6.882531224998846e-06
27 6.770536521385297e-06
27 6.749545727033299e-06
27 6.877981815710421e-06
27 7.235845231387002e-06
27 6.693915853683676e-06
27 6.929712838781905e-06
27 6.887227389151993e-06
27 6.761108982352162e-06
27 6.579525855871703e-06
27 7.020971852430621e-06
27 6.83073343341904e-06
27 6.985929604582949e-06
27 7.121078960888854e-06
27 6.862041149944692e-06
27 6.767146878824483e-06
27 6.99969245551417e-06
27 7.072213685980161e-06
27 6.530399925247138e-06
27 7.174928106016836e-06
27 6.945900929345993e-06
27 6.795301368447349e-06
27 6.876429092754955e-06
27 6.776671130168011e-06
27 6.779111774105633e-06
27 6.911666129350477e-06
27 6.753135537792755e-06
27 6.830529907458849e-06
27 7.019368726539529e-06
27 7.140874775515581e-06
27 6.982817236120646e-06
27 6.752580421564626e-06
27 6.90604704976319e-06
27 6.871288708944205e-06
27 6.964053571550827e-06
27 6.684340839537199e-06
27 6.930889193370251e-06
27 6.899507805996226e-06
27 7.129034936468924e-06
27 6.850823805000232e-06
27 6.892079173007725e-06
27 7.111205265857935e-06
27 7.109304230146496e-06
27 6.894644871167618e-06
27 6.846706397870714e-06
27 6.924904425551736e-06
27 7.167313764113941e-06
27 7.043672784672829e-06
27 7.051451624909988e-06
27 7.106841687881148e-06
27 7.156707579120192e-06
27 6.757947863946436e-06
27 7.136560968330998e-06
27 6.909871534415625e-06
27 6.856774962488945e-06
27 7.006846756183565e-06
27 6.933403065771713e-06
27 7.018863704313825e-06
27 6.897102488210881e-06
27 6.864800928189219e-06
27 6.754435838127136e-06
27 7.000421681038067e-06
27 6.804963258433777e-06
27 6.937877997217775e-06
27 6.810010847374585e-06
27 6.969785308406144e-06
27 7.200879943575731e-06
27 6.799729425609076e-06
27 6.989186752919843e-06
27 6.667361681806711e-06
27 6.820418649675406e-06
27 6.930119183579756e-06
27 6.90673187683152e-06
27 7.283360955326482e-06
27 7.01199144049375e-06
27 6.732581378607123e-06
27 7.170680482189713e-06
27 7.079723998499826e-06
27 6.801407350787505e-06
27 6.818381113582096e-06
28 1.313631564259312e-06
28 1.094700067817385e-06
28 1.246695485413298e-06
28 1.19700928163304e-06
28 7.778475226522267e-07
28 1.002449882265294e-06
28 1.040022254843421e-06
28 1.145062254548352e-06
28 1.228148480353161e-06
28 1.300620956707054e-06
28 1.084979784920729e-06
28 1.150081863655022e-06
28 1.091241655381888e-06
28 1.074022203332074e-06
28 1.044895881095582e-06
28 1.124427185755017e-06
28 1.208563689274932e-06
28 1.273693620657951e-06
28 1.174413763379339e-06
28 1.453912218468624e-06
28 1.054804035463108e-06
28 1.131180855672989e-06
28 1.282725173241745e-06
28 1.08899463226242e-06
28 1.094456207266185e-06
28 1.080123774502875e-06
28 1.399720947683013e-06
28 1.062942898192576e-06
28 1.377065767868139e-06
28 1.232119251269898e-06
28 1.254293397509666e-06
28 1.193306050768765e-06
28 1.434513834255223e-06
28 1.394835646869076e-06
28 1.007530739721748e-06
28 1.26477347992524e-06
28 1.2832218403131e-06
28 8.933777842690399e-07
28 1.34704654616098e-06
28 1.182140539646318e-06
28 1.351547694957106e-06
28 1.231622338078202e-06
28 1.282520856083796e-06
28 1.165156924685584e-06
28 1.17930722315179e-06
28 1.208230749769831e-06
28 1.607878592532612e-06
28 1.26624032941245e-06
28 1.036709219866874e-06
28 1.409953338695789e-06
28 1.561948948123062e-06
28 1.312079084309454e-06
28 1.15273516396177e-06
28 1.248623921143844e-06
28 1.37168862318027e-06
28 1.459829663246565e-06
28 1.496601042623291e-06
28 1.014112760944782e-06
28 1.281648528265923e-06
28 1.432089566744581e-06
28 1.129112479929666e-06
28 1.051463865203059e-06
28 1.421837434328559e-06
28 1.09479110315969e-06
28 1.405679014776987e-06
28 1.457440400997105e-06
28 1.158195861380556e-06
28 1.144804736382984e-06
28 1.161874937413612e-06
28 1.325855120063446e-06
28 1.437996987665699e-06
28 1.061932181989798e-06
28 1.289644986596985e-06
28 1.297435899148523e-06
28 9.356332675711034e-07
28 9.658932634630472e-07
28 1.499236789295656e-06
28 1.080048578128072e-06
28 1.43388565485992e-06
28 1.20809593710748e-06
28 1.01289556586872e-06
28 1.129975185652138e-06
28 1.276867481188196e-06
28 9.925670251842339e-07
28 1.079491293224061e-06
28 1.174489115159694e-06
28 1.047472146030909e-06
28 9.494513308439558e-07
28 1.309912365998742e-06
28 1.367562724878106e-06
28 1.12993549211694e-06
28 7.377487541920126e-07
28 1.434252083228038e-06
28 1.058409718276678e-06
28 1.204677385393384e-06
28 1.069290696526009e-06
28 9.108065474803217e-07
28 9.9108089561299e-07
28 1.180263810700592e-06
28 1.545138496489002e-06
29 8.127581493403295e-06
29 7.712946180454627e-06
29 8.062806286919581e-06
29 7.80879075221016e-06
29 8.036465530290377e-06
29 7.921454953575484e-06
29 7.738856506541715e-06
29 7.525777392092006e-06
29 7.62827155529388e-06
29 7.772211521515544e-06
29 7.713128039332643e-06
29 7.653948310192739e-06
29 7.985481874050389e-06
29 7.868401127766721e-06
29 7.773833631783405e-06
29 7.554242767482191e-06
29 7.968371757099105e-06
29 7.89472254780171e-06
29 7.934252973476623e-06
29 7.735993860010855e-06
29 7.926483018568378e-06
29 7.851219925711221e-06
29 8.039675778325155e-06
29 7.601325479401824e-06
29 7.952997127747898e-06
29 7.795749498057907e-06
29 7.706840880205258e-06
29 8.29090079719554e-06
29 7.889274965256577e-06
29 7.804967628265198e-06
29 7.903145420221814e-06
29 7.832989401647368e-06
29 7.714801366511737e-06
29 7.795926335984273e-06
29 7.692704152493628e-06
29 7.691393102453114e-06
29 7.933705153857533e-06
29 7.514036719801568e-06
29 7.54557355114408e-06
29 7.960966713426749e-06
29 7.958561099248221e-06
29 7.782949088999711e-06
29 7.662713346740551e-06
29 7.654628373985265e-06
29 7.796101352231618e-06
29 7.919873650527562e-06
29 7.937841871864117e-06
29 7.667930741841431e-06
29 7.719795314288675e-06
29 7.717232469544937e-06
29 7.419455979600141e-06
29 7.728128022673268e-06
29 8.020991694356713e-06
29 7.806544780225375e-06
29 8.041767627219274e-06
29 7.746733517823632e-06
29 7.991986897886136e-06
29 8.060404843802277e-06
29 7.813385867132926e-06
29 8.031461303620476e-06
29 7.798084156569497e-06
29 7.717094974449664e-06
29 8.109212181332997e-06
29 8.041388098022257e-06
29 7.994034029348478e-06
29 7.661657817758412e-06
29 7.903797593377084e-06
29 7.890099057374062e-06
29 7.733589729648468e-06
29 7.420799623463729e-06
29 7.983506035575593e-06
29 7.816814390182686e-06
29 7.830061738579256e-06
29 7.922610854214299e-06
29 7.636106773433449e-06
29 7.880172033779634e-06
29 7.61534293495726e-06
29 7.83519656075952e-06
29 7.70362415625855e-06
29 7.956695358551615e-06
29 7.756132214671838e-06
29 7.888755475296658e-06
29 7.705539098769504e-06
29 7.639659921871674e-06
29 7.740025615751314e-06
29 8.234304201369068e-06
29 8.037836537963404e-06
29 7.877239116695571e-06
29 8.047906198217449e-06
29 7.9260336202348e-06
29 7.656505032569885e-06
29 7.814286409713961e-06
29 7.835539160766862e-06
29 8.05329604596501e-06
29 7.565590464022874e-06
29 7.971998308582381e-06
29 7.616453223531295e-06
29 7.74850707535573e-06
29 7.832748821998307e-06
29 7.805507550571766e-06
30 -1.132676740282433e-06
30 -8.287253186614152e-07
30 -8.115840938396154e-07
30 -1.247675279240542e-06
30 -7.941107120129427e-07
30 -8.353148749808577e-07
30 -1.326912389358574e-06
30 -7.285580544344998e-07
30 -1.207018458783172e-06
30 -9.086894384427379e-07
30 -7.697902896547134e-07
30 -1.102678133124301e-06
30 -6.413980054564732e-07
30 -1.230685401182298e-06
30 -7.957455371673967e-07
30 -6.558031299794988e-07
30 -7.376739303445502e-07
30 -9.564707153534315e-07
30 -7.45282045262816e-07
30 -9.503576484668191e-07
30 -8.231143829631163e-07
30 -8.014280923897504e-07
30 -7.153647531513092e-07
30 -1.336606148132339e-06
30 -9.731400446464714e-07
30 -1.040464962278133e-06
30 -5.272131406187583e-07
30 -1.059525063327847e-06
30 -1.360059768420568e-06
30 -7.284745234769412e-07
30 -6.537270670335361e-07
30 -7.168264905013614e-07
30 -6.527104226744884e-07
30 -6.534798348813714e-07
30 -7.727620365205781e-07
30 -1.182481405230348e-06
30 -3.841874053314861e-07
30 -6.599900080521702e-07
30 -1.159326026741065e-06
30 -7.822883360458911e-07
30 -9.046634005636725e-07
30 -1.105128679341667e-06
30 -7.39262359620842e-07
30 -7.634218076893473e-07
30 -7.507713537861265e-07
30 -7.746034622710659e-07
30 -3.777904613758907e-07
30 -6.287573142941525e-07
30 -7.940424555425664e-07
30 -3.384662378253535e-07
30 -4.429422139837534e-07
30 -1.439465869192347e-07
30 -1.109057496942723e-06
30 -7.402392215842319e-07
30 -5.398978112560624e-07
30 -6.892174262064295e-07
30 -1.089798961331285e-06
30 -7.020616919580075e-07
30 -4.013866651095572e-07
30 -5.997294307287742e-07
30 -1.098498267374154e-06
30 -8.825476870332236e-07
30 -9.828055809457059e-07
30 -9.986903865036804e-07
30 -8.575658239577391e-07
30 -9.446573766307546e-07
30 -7.859317005657737e-07
30 -8.05653582292501e-07
30 -9.023544602670093e-07
30 -8.937557126193802e-07
30 -9.7104509865451e-07
30 -1.294869000441515e-06
30 -6.124290126468328e-07
30 -3.19460954193866e-07
30 -7.576091885535299e-07
30 -4.383408513004091e-07
30 -9.611170129433109e-07
30 -1.118800987071823e-06
30 -9.920933430769803e-07
30 -8.358728277256212e-07
30 -1.094518317749527e-06
30 -9.631985750589175e-07
30 -1.25137356275039e-06
30 -6.928071302037052e-07
30 -7.927366656328774e-07
30 -8.174697731255398e-07
30 -8.734128084414694e-07
30 -8.51451009664349e-07
30 -1.011543980434801e-06
30 -7.445495323855517e-07
30 -3.648291404551872e-07
30 -9.684285373392344e-07
30 -1.090009652055012e-06
30 -1.018481872126208e-06
30 -6.46454994659668e-07
30 -9.269163485068749e-07
30 -8.791049422434467e-07
30 -1.303025826958675e-06
30 -1.096063772065193e-07
30 -9.757428491584574e-07
31 8.639913388306355e-06
31 8.956597994670868e-06
31 8.849317409669915e-06
31 9.155504683936053e-06
31 8.743377680657678e-06
31 8.752948413656295e-06
31 8.76721355050042e-06
31 8.644764654177948e-06
31 9.362071168219382e-06
31 9.171625634376843e-06
31 9.086156642920739e-06
31 9.397790792034305e-06
31 9.153119771592832e-06
31 9.456075991501449e-06
31 9.007823647675318e-06
31 9.021180110039238e-06
31 8.664549899171507e-06
31 9.313063675356349e-06
31 9.056168694821086e-06
31 9.187997023877314e-06
31 8.710051579052048e-06
31 9.027075861889956e-06
31 9.212615722769542e-06
31 9.363307820062612e-06
31 9.277634487421587e-06
31 8.618499232426403e-06
31 9.003154280717845e-06
31 9.352473851496927e-06
31 8.617873267977804e-06
31 8.979635359698336e-06
31 8.401393241516956e-06
31 9.088997474795485e-06
31 8.90628737754628e-06
31 8.844525087655702e-06
31 9.233029788518387e-06
31 8.612649612047508e-06
31 9.02742273800049e-06
31 9.010890520167862e-06
31 8.865301522514001e-06
31 8.584645690480515e-06
31 9.162026249027416e-06
31 8.900203277921078e-06
31 9.11293110370179e-06
31 8.964802788944653e-06
31 8.725872883369405e-06
31 8.531154808021094e-06
31 8.696946270314759e-06
31 9.119462270689988e-06
31 9.10766749509245e-06
31 8.810699040818255e-06
31 8.845101779024809e-06
31 8.925506330281821e-06
31 8.883318260053258e-06
31 9.213702737381402e-06
31 8.876874928989075e-06
31 8.999869838073324e-06
31 8.752142834464014e-06
31 9.082675165932219e-06
31 9.098074066521979e-06
31 9.440042806503486e-06
31 8.855053723738566e-06
31 8.940206436948796e-06
31 8.960968131605639e-06
31 8.989633488134269e-06
31 9.047875763274695e-06
31 8.826188403310921e-06
31 8.525340172401948e-06
31 9.061707913206433e-06
31 9.155951141952422e-06
31 8.59782071191386e-06
31 8.944190713154661e-06
31 8.8850498862023e-06
31 9.120883530367438e-06
31 8.770053037469453e-06
31 8.71099947084929e-06
31 9.007031288646218e-06
31 9.019671187637551e-06
31 8.790576046202097e-06
31 8.809276163890115e-06
31 8.903670456406496e-06
31 8.731242929286296e-06
31 8.919393338585262e-06
31 8.61678818921864e-06
31 8.793343864817389e-06
31 9.066289949378514e-06
31 9.144108797069275e-06
31 9.125441616863458e-06
31 8.872984788225744e-06
31 9.05553921726235e-06
31 8.487777256972095e-06
31 8.878478675874974e-06
31 9.261918259000019e-06
31 9.29479066984952e-06
31 8.851335766442723e-06
31 8.593047197787239e-06
31 9.083941847681897e-06
31 9.448538292467202e-06
31 9.015415900119977e-06
31 9.217718089347499e-06
31 8.574762645047783e-06
32 -4.992821478866127e-06
32 -4.618806013847156e-06
32 -5.266348874826453e-06
32 -4.501343557754662e-06
32 -4.852400239680051e-06
32 -5.060661105075061e-06
32 -4.892299380659461e-06
32 -4.752731439047861e-06
32 -5.153437944071539e-06
32 -4.722218697246611e-06
32 -4.291687970667394e-06
32 -4.449621528461679e-06
32 -4.821953405702652e-06
32 -4.71059904923117e-06
32 -5.078911300390729e-06
32 -5.108969725710826e-06
32 -4.807952001354738e-06
32 -5.679050884853269e-06
32 -4.712790024759603e-06
32 -4.897460462933531e-06
32 -5.324250987593215e-06
32 -5.445979564127507e-06
32 -4.592150763178793e-06
32 -5.560033887578198e-06
32 -4.750452770840355e-06
32 -4.934622314171715e-06
32 -5.651839765269573e-06
32 -4.585511992396457e-06
32 -5.226452066565563e-06
32 -4.820581961760511e-06
32 -4.830616139698556e-06
32 -5.221013988885411e-06
32 -5.495743617722763e-06
32 -5.523500121112436e-06
32 -4.552695467721786e-06
32 -5.018523237307892e-06
32 -4.637487663998286e-06
32 -4.974508290696809e-06
32 -4.434213451820334e-06
32 -4.957658088915409e-06
32 -4.843123047184896e-06
32 -5.351197234173209e-06
32 -4.979814489805039e-06
32 -4.957858612226893e-06
32 -4.965715135657051e-06
32 -4.748244662650705e-06
32 -5.506866966618033e-06
32 -4.903695954058744e-06
32 -4.106881111699996e-06
32 -4.808434150325674e-06
32 -3.953441916226609e-06
32 -4.635031976832359e-06
32 -4.842437548619529e-06
32 -4.662416439023629e-06
32 -4.503755195262983e-06
32 -4.554240339589414e-06
32 -4.945685326451779e-06
32 -5.746123669273781e-06
32 -5.002226322519672e-06
32 -5.208870674629541e-06
32 -5.484889244997325e-06
32 -4.744078846224695e-06
32 -4.878696400821849e-06
32 -5.216889370723055e-06
32 -5.38187521893219e-06
32 -4.984155929687813e-06
32 -5.232212253570193e-06
32 -4.566867617684033e-06
32 -4.146071438127304e-06
32 -5.628926599963502e-06
32 -4.552284069673538e-06
32 -4.918904401479023e-06
32 -4.574222033243963e-06
32 -4.981368937969544e-06
32 -5.189737858547806e-06
32 -5.00314791375741e-06
32 -4.515029032042452e-06
32 -4.212540733033738e-06
32 -5.079893030268493e-06
32 -4.932358382399796e-06
32 -5.250805189157789e-06
32 -4.520487294366391e-06
32 -4.82071829514859e-06
32 -4.90891411088285e-06
32 -4.629945568297878e-06
32 -4.879853971942201e-06
32 -5.181101175253581e-06
32 -4.955558259222281e-06
32 -5.451234910743726e-06
32 -4.572285254930628e-06
32 -5.12658525166497e-06
32 -4.729204937554698e-06
32 -5.066257810840362e-06
32 -5.189573368455457e-06
32 -5.407627106283462e-06
32 -5.20719645244018e-06
32 -5.657526710357754e-06
32 -4.66137254129684e-06
32 -4.747593186243255e-06
32 -4.721567319872562e-06
33 1.140384295696827e-05
33 1.07491833496544e-05
33 1.07618247777705e-05
33 1.134112470909178e-05
33 1.037954189184019e-05
33 1.078661217174077e-05
33 1.132999348614221e-05
33 1.091383794840929e-05
33 1.120414731754225e-05
33 1.096654815205368e-05
33 1.035387176314597e-05
33 1.155470562342875e-05
33 1.118539087890768e-05
33 1.144572908358757e-05
33 1.102570601160441e-05
33 1.079048237336975e-05
33 1.060920368559475e-05
33 1.188119450164177e-05
33 1.068031246212272e-05
33 1.102806992868217e-05
33 1.081643873771395e-05
33 1.059729220415239e-05
33 1.12502264196838e-05
33 1.080517313943213e-05
33 1.146510859707956e-05
33 1.080331076563939e-05
33 1.149768984782592e-05
33 1.063713056251979e-05
33 1.155495494784094e-05
33 1.14990492129539e-05
33 1.130772660059071e-05
33 1.102423423392156e-05
33 1.103613767979836e-05
33 1.161253848081983e-05
33 1.063083556882703e-05
33 1.167174151705647e-05
33 1.200832972070157e-05
33 1.131963789752898e-05
33 1.082327102378481e-05
33 1.090814583621312e-05
33 1.174861833128135e-05
33 1.12209887507642e-05
33 1.078780822272202e-05
33 1.095894794281981e-05
33 1.070502001262475e-05
33 1.205268144650363e-05
33 1.09412362940537e-05
33 1.137541961495446e-05
33 1.074250353355705e-05
33 1.194578931894121e-05
33 1.117061128244956e-05
33 1.098484487936677e-05
33 1.086632723585239e-05
33 1.110863012398206e-05
33 1.127660223565969e-05
33 1.100749777917151e-05
33 1.052033352290644e-05
33 1.11739171190929e-05
33 1.112093076699933e-05
33 1.092886956801125e-05
33 1.070903981319557e-05
33 1.131401952470981e-05
33 1.109850551630566e-05
33 1.104839926988238e-05
33 1.16439442109861e-05
33 1.073334542119131e-05
33 1.04686912743894e-05
33 1.128449053783044e-05
33 1.161313594632838e-05
33 1.100940418496527e-05
33 1.147838508365436e-05
33 1.063703715841756e-05
33 1.178476164101596e-05
33 1.112107350997659e-05
33 1.142814222466603e-05
33 1.157774460778772e-05
33 1.075713379856417e-05
33 1.10345479486625e-05
33 1.112571919330231e-05
33 1.111996607963147e-05
33 1.117278053186853e-05
33 1.13840334035164e-05
33 1.046370107817531e-05
33 1.075511027968695e-05
33 1.08628537040201e-05
33 1.110531891049173e-05
33 1.180308609902045e-05
33 1.156710951914712e-05
33 1.080699275992459e-05
33 1.094060626608974e-05
33 1.220824657413097e-05
33 1.101996106551721e-05
33 1.075424796708778e-05
33 1.132230953483054e-05
33 1.041486534618951e-05
33 1.108561005914119e-05
33 1.148343116601179e-05
33 1.11904228243586e-05
33 1.111397693664564e-05
33 1.168971538979959e-05
34 -1.252052854926775e-05
34 -1.293885686259284e-05
34 -1.346443854117531e-05
34 -1.287269161764135e-05
34 -1.254419342641517e-05
34 -1.239765220961894e-05
34 -1.26195316475564e-05
34 -1.366556536225374e-05
34 -1.278641687805176e-05
34 -1.342924564751389e-05
34 -1.268269059181574e-05
34 -1.24376917647212e-05
34 -1.269732722023422e-05
34 -1.253619022171105e-05
34 -1.303710720525959e-05
34 -1.260605051538836e-05
34 -1.28716377474269e-05
34 -1.297914534741351e-05
34 -1.301486260164586e-05
34 -1.386095528078296e-05
34 -1.218444440836539e-05
34 -1.230873540702024e-05
34 -1.296874036829675e-05
34 -1.293653393643096e-05
34 -1.240707138979268e-05
34 -1.335099734620214e-05
34 -1.295639920965485e-05
34 -1.244118101997263e-05
34 -1.217019012711414e-05
34 -1.323527758445812e-05
34 -1.304951644137188e-05
34 -1.303225636424395e-05
34 -1.228178308984044e-05
34 -1.293262125606226e-05
34 -1.300362178669589e-05
34 -1.248594518268228e-05
34 -1.273125822850592e-05
34 -1.321796300049096e-05
34 -1.374698504369997e-05
34 -1.28716255582827e-05
34 -1.275749010741323e-05
34 -1.246243980897844e-05
34 -1.316660787749223e-05
34 -1.270434847203247e-05
34 -1.279653800613831e-05
34 -1.243870742584331e-05
34 -1.301533411971087e-05
34 -1.384817763539086e-05
34 -1.373845119917584e-05
34 -1.287811570428352e-05
34 -1.338540027746746e-05
34 -1.208695050153131e-05
34 -1.298221252581758e-05
34 -1.344030839250168e-05
34 -1.245559836972981e-05
34 -1.305599566673674e-05
34 -1.254745435483261e-05
34 -1.345413065087133e-05
34 -1.277047704393884e-05
34 -1.274213426166544e-05
34 -1.317965543343606e-05
34 -1.314744838497991e-05
34 -1.322597719697431e-05
34 -1.348922655041839e-05
34 -1.305740683837428e-05
34 -1.343932988504023e-05
34 -1.261208600874511e-05
34 -1.28654159834076e-05
34 -1.329913018518588e-05
34 -1.274097142571714e-05
34 -1.287661983138679e-05
34 -1.288436096144155e-05
34 -1.341263973304389e-05
34 -1.243734347369089e-05
34 -1.260085369418855e-05
34 -1.329616174703181e-05
34 -1.351358240867987e-05
34 -1.299717519542844e-05
34 -1.372704638337862e-05
34 -1.340369429142671e-05
34 -1.2871366025836e-05
34 -1.353309119003453e-05
34 -1.265330826193938e-05
34 -1.283267840588413e-05
34 -1.258563459328516e-05
34 -1.245977760680998e-05
34 -1.235848534483113e-05
34 -1.253455114321546e-05
34 -1.365453983917927e-05
34 -1.336904835874458e-05
34 -1.361543767027685e-05
34 -1.184975541477712e-05
34 -1.275672054440375e-05
34 -1.299721665000101e-05
34 -1.264826857255596e-05
34 -1.344132296680866e-05
34 -1.334300683097993e-05
34 -1.307953326335643e-05
34 -1.230426550983396e-05
34 -1.28542151787564e-05
35 1.769055066840228e-05
35 1.647464975876289e-05
35 1.639383119531219e-05
35 1.797080409163465e-05
35 1.798384449785509e-05
35 1.627393068628946e-05
35 1.704469656276195e-05
35 1.737441454706926e-05
35 1.685650308299643e-05
35 1.694636741679573e-05
35 1.792114536491234e-05
35 1.759506953013764e-05
35 1.705658576055189e-05
35 1.731500317667228e-05
35 1.68299283410539e-05
35 1.75563455580272e-05
35 1.77929632384418e-05
35 1.818183423667231e-05
35 1.72579278248281e-05
35 1.675403923454817e-05
35 1.712309591452837e-05
35 1.803349892270541e-05
35 1.821049410770891e-05
35 1.714329282830118e-05
35 1.76130339710592e-05
35 1.687809275746268e-05
35 1.75663259399642e-05
35 1.801095188130687e-05
35 1.693728970040415e-05
35 1.575281601107211e-05
35 1.781534205360648e-05
35 1.73563679710568e-05
35 1.750768677722303e-05
35 1.787941535894614e-05
35 1.841199683496404e-05
35 1.716567753440737e-05
35 1.664412675194629e-05
35 1.704367283136326e-05
35 1.723092396871904e-05
35 1.638678642615944e-05
35 1.747307140410913e-05
35 1.807806559806825e-05
35 1.759046469891556e-05
35 1.724473807671932e-05
35 1.695484043429827e-05
35 1.662028843801175e-05
35 1.766770330959684e-05
35 1.687588875187962e-05
35 1.797785747580922e-05
35 1.707613296542205e-05
35 1.657650891919325e-05
35 1.710017991712034e-05
35 1.70592833955275e-05
35 1.716897356437208e-05
35 1.665712114717758e-05
35 1.732728583251124e-05
35 1.703414866450645e-05
35 1.667641062328726e-05
35 1.72042849835821e-05
35 1.794015383731357e-05
35 1.731961371604721e-05
35 1.783866360112249e-05
35 1.751078399349211e-05
35 1.680030474896395e-05
35 1.794181968027724e-05
35 1.69637878531603e-05
35 1.720453026671711e-05
35 1.625029993974705e-05
35 1.693774759748528e-05
35 1.800269362401555e-05
35 1.755480506935702e-05
35 1.748539683325534e-05
35 1.688135350358722e-05
35 1.739644459548765e-05
35 1.703545714731333e-05
35 1.650845414902404e-05
35 1.754947677965554e-05
35 1.706165246932246e-05
35 1.667518727514297e-05
35 1.760354372169807e-05
35 1.699906487062271e-05
35 1.751418241602141e-05
35 1.773129233478718e-05
35 1.672796291415739e-05
35 1.676662660118295e-05
35 1.695470254564754e-05
35 1.703904133237943e-05
35 1.786010865216642e-05
35 1.649698910885811e-05
35 1.678851404013949e-05
35 1.728711589567826e-05
35 1.786508712425786e-05
35 1.77038527093616e-05
35 1.721727929219397e-05
35 1.586860026288871e-05
35 1.775600413474219e-05
35 1.675293622197559e-05
35 1.748625471315427e-05
35 1.649438323684008e-05
35 1.673897009718722e-05
36 -2.817278064119285e-05
36 -2.732500675589739e-05
36 -2.864590508436758e-05
36 -2.7116814953427e-05
36 -2.786800343087444e-05
36 -2.745305902911408e-05
36 -2.92129419263857e-05
36 -2.829282007449913e-05
36 -2.900192346767243e-05
36 -2.788982674798864e-05
36 -2.628892366464335e-05
36 -2.850210644630103e-05
36 -2.738546757371775e-05
36 -2.85829284943695e-05
36 -2.911490655756621e-05
36 -2.864143138569197e-05
36 -2.825031784024395e-05
36 -2.795286339570511e-05
36 -2.826514648989107e-05
36 -2.831377192883441e-05
36 -2.878121642175176e-05
36 -2.794646455568659e-05
36 -2.83541541207122e-05
36 -2.831821300905768e-05
36 -2.766978425758063e-05
36 -2.782939520924164e-05
36 -2.757315734318614e-05
36 -2.747678419057739e-05
36 -2.845322588149412e-05
36 -2.863488872068433e-05
36 -2.737217707954726e-05
36 -2.854565072433694e-05
36 -2.729325760601103e-05
36 -2.647117782072801e-05
36 -2.741807709372468e-05
36 -2.821735231301984e-05
36 -2.890998303424915e-05
36 -2.728167677481862e-05
36 -2.786520701092327e-05
36 -2.797255205092383e-05
36 -2.826850627204498e-05
36 -2.79229645965255e-05
36 -2.854917086072513e-05
36 -2.826713295188329e-05
36 -2.706547310466616e-05
36 -2.751271633103771e-05
36 -2.759924449732554e-05
36 -2.7764767476968e-05
36 -2.852091914746634e-05
36 -2.81120109307236e-05
36 -2.702654244510379e-05
36 -2.807214040035574e-05
36 -2.821578773355438e-05
36 -2.760720840764389e-05
36 -2.775495598530173e-05
36 -2.776794432238536e-05
36 -2.793818333710633e-05
36 -2.841827867162243e-05
36 -2.864378601619329e-05
36 -2.785999540621843e-05
36 -2.846103094144162e-05
36 -2.758769213390861e-05
36 -2.832840603539875e-05
36 -2.765634205587943e-05
36 -2.817371048375099e-05
36 -2.85505149937497e-05
36 -2.737688788105807e-05
36 -2.867343737338566e-05
36 -2.736607336140409e-05
36 -2.745701113968248e-05
36 -2.939062995141994e-05
36 -2.836955245450318e-05
36 -2.834621025732567e-05
36 -2.820258833362897e-05
36 -2.654846164231678e-05
36 -2.869866532496126e-05
36 -2.69663404300853e-05
36 -2.803444986203595e-05
36 -2.77852376823801e-05
36 -2.887435716391708e-05
36 -2.870469516115591e-05
36 -2.697944103522471e-05
36 -2.654660513714154e-05
36 -2.666691093496207e-05
36 -2.805823083956935e-05
36 -2.792905203302471e-05
36 -2.740448792783056e-05
36 -2.831079687153149e-05
36 -2.846500220211695e-05
36 -2.706094589169446e-05
36 -2.784037259105224e-05
36 -2.724652046678819e-05
36 -2.711772660517502e-05
36 -2.862187193385114e-05
36 -2.833667952168109e-05
36 -2.86013788333782e-05
36 -2.796124290539644e-05
36 -2.746510850502859e-05
36 -2.696354275329282e-05
36 -2.712495791396973e-05
37 3.37651945106999e-05
37 3.363955485112071e-05
37 3.370374967053802e-05
37 3.381526474801269e-05
37 3.644504269577088e-05
37 3.669945489437814e-05
37 3.667963260336635e-05
37 3.57934384524388e-05
37 3.42255067068079e-05
37 3.480213953823728e-05
37 3.548733956645525e-05
37 3.460210153164469e-05
37 3.538236292000166e-05
37 3.54097405084682e-05
37 3.327045377940065e-05
37 3.574513637916002e-05
37 3.542491287661043e-05
37 3.463241100016358e-05
37 3.494051002725273e-05
37 3.471372321819206e-05
37 3.654689810225674e-05
37 3.510430547073812e-05
37 3.599799309616342e-05
37 3.371073458087529e-05
37 3.484866046403692e-05
37 3.478158553480367e-05
37 3.514777706427964e-05
37 3.413163393430299e-05
37 3.332889462170355e-05
37 3.478834914802033e-05
37 3.446280391923093e-05
37 3.487679379583179e-05
37 3.54075549960768e-05
37 3.672275864968466e-05
37 3.463790324711294e-05
37 3.325952246432579e-05
37 3.403343527123861e-05
37 3.364647689374353e-05
37 3.442001404288254e-05
37 3.696900283934217e-05
37 3.322987660451125e-05
37 3.441390746811387e-05
37 3.598874163073711e-05
37 3.645967666615252e-05
37 3.521929622110829e-05
37 3.427241396890659e-05
37 3.497483479586425e-05
37 3.427532021380828e-05
37 3.579715526056206e-05
37 3.57381523184246e-05
37 3.457325701697584e-05
37 3.560047119224909e-05
37 3.435621867001697e-05
37 3.326134338720535e-05
37 3.639271416273321e-05
37 3.541248268746227e-05
37 3.530464026696924e-05
37 3.516711765024933e-05
37 3.521716929222308e-05
37 3.500185471805616e-05
37 3.588551904805452e-05
37 3.577415667872104e-05
37 3.527796733561812e-05
37 3.494532081713485e-05
37 3.512176319799467e-05
37 3.378163950162389e-05
37 3.389350701241731e-05
37 3.523271901047651e-05
37 3.597242001609928e-05
37 3.434165049963435e-05
37 3.391261598216211e-05
37 3.476883732533851e-05
37 3.376159950905476e-05
37 3.316816360398658e-05
37 3.414217501715143e-05
37 3.493274999646494e-05
37 3.37326652836036e-05
37 3.601218978337778e-05
37 3.423369260504172e-05
37 3.627226818028947e-05
37 3.682995266706878e-05
37 3.225962176591765e-05
37 3.501713892253842e-05
37 3.524628011610421e-05
37 3.461191657184097e-05
37 3.532310387607846e-05
37 3.408484920487118e-05
37 3.679542544220288e-05
37 3.349982570650972e-05
37 3.283498352947332e-05
37 3.560542208363034e-05
37 3.43808240397786e-05
37 3.516258115728886e-05
37 3.423791634188727e-05
37 3.573168831857721e-05
37 3.495697198943323e-05
37 3.439748167653247e-05
37 3.480321556414381e-05
37 3.458719632912887e-05
37 3.444955302654587e-05
38 -5.882535479247172e-05
38 -5.616111390150807e-05
38 -5.724804083454344e-05
38 -5.610891199624696e-05
38 -5.717225103986431e-05
38 -5.614937376126743e-05
38 -5.409600728095224e-05
38 -5.456644003893655e-05
38 -5.603719872851979e-05
38 -5.431790438457783e-05
38 -5.519056250019697e-05
38 -5.59327764555671e-05
38 -5.628132979092298e-05
38 -5.757036870152871e-05
38 -5.833556445630028e-05
38 -5.55172524321112e-05
38 -5.535262242470766e-05
38 -5.571833672026602e-05
38 -5.832541752271497e-05
38 -5.843425764065749e-05
38 -5.58172498570049e-05
38 -5.663009468159062e-05
38 -5.942570961213809e-05
38 -5.609609782216851e-05
38 -5.6857525300232e-05
38 -5.854748718236162e-05
38 -5.42801128461252e-05
38 -5.547910108495094e-05
38 -5.893674784587997e-05
38 -5.764326776067123e-05
38 -5.286358841496599e-05
38 -5.384811663840612e-05
38 -5.711018370041129e-05
38 -5.636491853517996e-05
38 -5.529262719532374e-05
38 -5.546612384015172e-05
38 -5.773441916054399e-05
38 -5.635282791647257e-05
38 -5.603566261159286e-05
38 -5.802761843936493e-05
38 -5.738335146983209e-05
38 -5.842695298418565e-05
38 -5.458824088060515e-05
38 -5.550709192882053e-05
38 -5.460689673806336e-05
38 -5.530439422225864e-05
38 -5.573969782853237e-05
38 -5.777876207690882e-05
38 -5.538621706727049e-05
38 -5.748813903105045e-05
38 -5.584202485517313e-05
38 -5.654915159272261e-05
38 -5.463811834882756e-05
38 -5.439493867676052e-05
38 -5.738036389776205e-05
38 -5.766748164546714e-05
38 -5.61625614830921e-05
38 -5.409997335712261e-05
38 -5.645977092314281e-05
38 -5.674587247762708e-05
38 -5.510046111766042e-05
38 -5.711932575858965e-05
38 -5.759830813559876e-05
38 -5.486684935980576e-05
38 -5.503193170964106e-05
38 -5.721493140125043e-05
38 -5.605244163859358e-05
38 -5.670666464779782e-05
38 -5.53005053670286e-05
38 -5.567401651509897e-05
38 -5.827859464096112e-05
38 -5.662500813803284e-05
38 -5.981908916838091e-05
38 -5.669937806683643e-05
38 -5.645772818593596e-05
38 -5.699265965195315e-05
38 -5.78896370476813e-05
38 -5.614098518880068e-05
38 -5.525984651407262e-05
38 -5.585718439728069e-05
38 -5.784159477242328e-05
38 -5.525799544744044e-05
38 -5.698580456918681e-05
38 -5.467841068564716e-05
38 -5.541818851719391e-05
38 -5.682268555470371e-05
38 -5.420229524009265e-05
38 -5.568068571050399e-05
38 -5.820800937546549e-05
38 -5.505628942453273e-05
38 -5.373213435166249e-05
38 -5.881266624942742e-05
38 -5.494455807377953e-05
38 -5.778495049160595e-05
38 -5.655459160322738e-05
38 -5.567683078345776e-05
38 -5.833959775093675e-05
38 -5.753232796150131e-05
38 -5.656184438833059e-05
38 -5.661339610456968e-05
39 6.871799025992243e-05
39 7.342198667012077e-05
39 7.482751834694256e-05
39 6.814410914635009e-05
39 7.364213450385949e-05
39 7.553664886410837e-05
39 6.860082975512977e-05
39 6.750529530678087e-05
39 7.358978865805966e-05
39 6.877340592765589e-05
39 6.901185922775816e-05
39 7.099933662323008e-05
39 7.660342928203938e-05
39 7.086703687117765e-05
39 7.197961063434181e-05
39 6.621858252745357e-05
39 6.937419713175797e-05
39 6.943603250882383e-05
39 7.148363310785495e-05
39 7.144391256224941e-05
39 7.473176962206351e-05
39 7.430556153643508e-05
39 6.7750429086108e-05
39 7.532277538166361e-05
39 7.085268611055525e-05
39 7.179006682015374e-05
39 6.939370043591386e-05
39 6.919128144829201e-05
39 7.189364563603829e-05
39 7.02090981685606e-05
39 7.43618114105062e-05
39 7.438477849738437e-05
39 7.021630154389779e-05
39 7.161245426843337e-05
39 7.4268291426756e-05
39 6.634559083262738e-05
39 7.024868494213544e-05
39 7.155332536756442e-05
39 7.436380703556196e-05
39 7.071767801393531e-05
39 7.068550323461931e-05
39 7.606012750078544e-05
39 7.319185526448495e-05
39 6.582810263448246e-05
39 7.221495762111403e-05
39 7.419163326815608e-05
39 7.588970943095878e-05
39 6.810975043933101e-05
39 6.768833614637873e-05
39 7.191327523893701e-05
39 7.540562363040459e-05
39 7.230227023230546e-05
39 7.030906481781883e-05
39 7.383902177225818e-05
39 6.88868493265736e-05
39 6.96023284765012e-05
39 6.915876938785188e-05
39 6.982399635119413e-05
39 7.052471311282257e-05
39 7.113333799201795e-05
39 6.87385034062082e-05
39 7.829983633746721e-05
39 7.05074913256587e-05
39 6.706889733074364e-05
39 7.559710124363356e-05
39 6.994026474127944e-05
39 7.214569845940347e-05
39 6.837768824594799e-05
39 6.960053972021415e-05
39 7.077916719207018e-05
39 7.585154350703689e-05
39 7.135341952914518e-05
39 7.243357282782242e-05
39 6.839247294543325e-05
39 6.742462079447251e-05
39 7.246649136707863e-05
39 7.070533574585993e-05
39 7.180045676775809e-05
39 7.09473751241508e-05
39 6.765064988286265e-05
39 6.612592525810339e-05
39 7.297166322953015e-05
39 7.25792329117924e-05
39 7.298267846652926e-05
39 7.566957115679123e-05
39 6.773564888968298e-05
39 7.374622219423331e-05
39 6.914953979307963e-05
39 7.229905736876013e-05
39 7.120839452373173e-05
39 7.051830985791479e-05
39 7.395892394171747e-05
39 7.511915440900686e-05
39 7.347583570408088e-05
39 7.115384978363802e-05
39 7.294499315360638e-05
39 7.35126088275615e-05
39 7.331386520039595e-05
39 7.207322912510641e-05
39 7.323418225805373e-05
