0 -0.000293793750945077
0 -0.0002954156885713359
0 -0.000294883006797168
0 -0.0002966245795843849
0 -0.0002959057190845517
0 -0.0002979044398561373
0 -0.0002958150718372731
0 -0.0002969280647870345
0 -0.0002965220407138581
0 -0.0002950353115340934
0 -0.0002946299457345683
0 -0.0002952727532026919
0 -0.0002982360811904516
0 -0.0002949236714067652
0 -0.0002957629819754888
0 -0.0002958929694852775
0 -0.0002945580615316799
0 -0.0002959260662101334
0 -0.0002948749352601737
0 -0.0002941630895340144
0 -0.0002960462770615124
0 -0.0002958082262590587
0 -0.0002968199927219089
0 -0.0002960255029110995
0 -0.0002941037203692221
0 -0.0002955916298040176
0 -0.0002960940674446399
0 -0.0002956403102866462
0 -0.0002960023583233959
0 -0.0002937923929982657
0 -0.0002960891942459014
0 -0.0002968310828769815
0 -0.0002963464218945954
0 -0.0002955172108638415
0 -0.0002950403147345001
0 -0.0002969886036698843
0 -0.0002982647103816501
0 -0.0002945367264906928
0 -0.0002955683386428517
0 -0.0002957072034023877
0 -0.0002966742758913284
0 -0.0002977868299119841
0 -0.0002955897623592058
0 -0.0002955030239965453
0 -0.0002949999719561897
0 -0.0002961451022290538
0 -0.0002945264713465697
0 -0.0002952554203694136
0 -0.0002959851906571257
0 -0.0002949557629342615
0 -0.0002953852186021404
0 -0.0002953305739512706
0 -0.0002965980522592634
0 -0.0002948303608176986
0 -0.0002963693237882888
0 -0.0002958324402029365
0 -0.0002965156923713425
0 -0.0002961279295403228
0 -0.0002948235844585925
0 -0.0002940161180265338
0 -0.0002966792589397008
0 -0.0002952021403336453
0 -0.0002969768198972437
0 -0.0002969326004439318
0 -0.000295303450939109
0 -0.0002975371604693592
0 -0.0002956099672468391
0 -0.0002948762932127788
0 -0.0002962507488594526
0 -0.0002977234905134917
0 -0.000293861925239369
0 -0.0002954665893599313
0 -0.0002953978021003146
0 -0.0002935986537689527
0 -0.0002962069491234566
0 -0.0002977943819646667
0 -0.0002974727435385355
0 -0.000294266580978456
0 -0.0002960463074216565
0 -0.0002967337440156466
0 -0.0002967711316516029
0 -0.0002945641393986956
0 -0.0002951247125990596
0 -0.0002967802764136727
0 -0.0002979764268574053
0 -0.0002952897571003362
0 -0.0002958244605532418
0 -0.0002956038861568583
0 -0.000296057325819172
0 -0.0002961670931816096
0 -0.000298888798097529
0 -0.0002949223176015414
0 -0.0002981479082762571
0 -0.0002941926426375404
0 -0.0002951824288751553
0 -0.0002961512042841577
0 -0.0002963998124728555
0 -0.0002932312655247174
0 -0.0002961545665541841
0 -0.0002945541652480933
1 3.428716258062407e-05
1 3.540246789544112e-05
1 3.606129534813261e-05
1 3.547943118841862e-05
1 3.778210873083313e-05
1 3.820319500216418e-05
1 3.57883225065045e-05
1 3.527309592626576e-05
1 3.543193736206167e-05
1 3.650279776617442e-05
1 3.657958468934966e-05
1 3.56921172592556e-05
1 3.695719750568352e-05
1 3.668606796484798e-05
1 3.696310124806512e-05
1 3.352352443512836e-05
1 3.81971860457593e-05
1 3.861043599140758e-05
1 3.461787263413965e-05
1 3.484606119990973e-05
1 3.708197394967648e-05
1 3.421134878249595e-05
1 3.575008905660602e-05
1 3.708201501192159e-05
1 3.619445432402444e-05
1 3.628101168469113e-05
1 3.624845626684984e-05
1 3.735209703534708e-05
1 3.774538055352396e-05
1 3.761751973412833e-05
1 3.732844328596663e-05
1 3.456105828537915e-05
1 3.725518054449674e-05
1 3.726899737700268e-05
1 3.687666420584917e-05
1 3.717164639428098e-05
1 3.543043157672234e-05
1 3.652711397681675e-05
1 3.626850090235228e-05
1 3.637613165324169e-05
1 3.632493530512178e-05
1 3.780681954700006e-05
1 3.672657066102034e-05
1 3.656015144406623e-05
1 3.705880844641457e-05
1 3.788234304386252e-05
1 3.585304906867728e-05
1 3.632085390192274e-05
1 3.841157142520229e-05
1 3.604397718875884e-05
1 3.619557829368261e-05
1 3.77696044203998e-05
1 3.757178371997988e-05
1 3.723349805821822e-05
1 3.60813095746117e-05
1 3.525450557230943e-05
1 3.621508466825758e-05
1 3.588203678785218e-05
1 3.599894638426955e-05
1 3.699495772327651e-05
1 3.467515535812951e-05
1 3.686809497878941e-05
1 3.697022019234827e-05
1 3.654936547109724e-05
1 3.507264870633237e-05
1 3.748602326230718e-05
1 3.510768052183507e-05
1 3.584336782401906e-05
1 3.730273441409564e-05
1 3.642407843150811e-05
1 3.743002043758826e-05
1 3.554271007153316e-05
1 3.571961117322644e-05
1 3.611075323326768e-05
1 3.721816613330639e-05
1 3.515871675532811e-05
1 3.701528183810551e-05
1 3.699295698203328e-05
1 3.667023516982555e-05
1 3.664958423133433e-05
1 3.643496257263422e-05
1 3.586630880519759e-05
1 3.596671810794547e-05
1 3.47545264712334e-05
1 3.753387217527674e-05
1 3.699330310822479e-05
1 3.654047542906823e-05
1 3.618544604033575e-05
1 3.727137387935028e-05
1 3.691534220226471e-05
1 3.617761985807146e-05
1 3.711461928674084e-05
1 3.504768941967287e-05
1 3.536111314991714e-05
1 3.745415343571538e-05
1 3.59216918122827e-05
1 3.618303405164475e-05
1 3.567695304033318e-05
1 3.588225742900292e-05
1 3.684474880645466e-05
2 -1.180089184293461e-05
2 -1.07556171408238e-05
2 -1.191953193088562e-05
2 -1.217645479575748e-05
2 -1.255207058847671e-05
2 -1.138079041898896e-05
2 -1.208546945222337e-05
2 -1.135865482830506e-05
2 -1.22452245105727e-05
2 -1.175271770315927e-05
2 -1.199778455380014e-05
2 -1.066774074728333e-05
2 -1.244246080359999e-05
2 -1.300205998371842e-05
2 -1.237401854164342e-05
2 -1.124444927384819e-05
2 -1.394966409527392e-05
2 -1.242787748061133e-05
2 -1.073177659413099e-05
2 -1.07710728126177e-05
2 -1.280485260577344e-05
2 -1.236478298362304e-05
2 -1.132174917272756e-05
2 -1.206924838719162e-05
2 -1.164426326426028e-05
2 -1.142954861994352e-05
2 -1.250156483762551e-05
2 -1.201336203467129e-05
2 -1.031615909773298e-05
2 -1.25681730229543e-05
2 -1.259204987866081e-05
2 -1.30011019278382e-05
2 -1.323297323686377e-05
2 -1.286710807840513e-05
2 -1.247029890815044e-05
2 -1.153493632088938e-05
2 -1.130300825423904e-05
2 -1.11262293923177e-05
2 -1.201836708394284e-05
2 -1.125329207175173e-05
2 -1.161296625635583e-05
2 -1.186258544609058e-05
2 -1.149907452235302e-05
2 -9.273145468938406e-06
2 -1.241136511763918e-05
2 -1.159973997900187e-05
2 -1.194036126994357e-05
2 -1.131089283249966e-05
2 -1.369529804422485e-05
2 -1.200755991188089e-05
2 -1.358999753370987e-05
2 -1.18167883362372e-05
2 -1.204538530868896e-05
2 -1.334188227234919e-05
2 -1.3028167874894e-05
2 -1.264973045713936e-05
2 -1.062262141299158e-05
2 -1.300912982084988e-05
2 -1.374068354963926e-05
2 -1.027581837511305e-05
2 -1.25254588053651e-05
2 -1.315436123254623e-05
2 -1.058294392364304e-05
2 -1.064803786230117e-05
2 -1.122004513367062e-05
2 -1.215237464920176e-05
2 -1.198059026296162e-05
2 -1.370043650802574e-05
2 -1.322864976421783e-05
2 -1.255520382829567e-05
2 -1.167795579075179e-05
2 -1.130107197874512e-05
2 -1.142369517967461e-05
2 -1.167828685646928e-05
2 -1.206792809432015e-05
2 -1.281915331106634e-05
2 -1.324451465130924e-05
2 -1.169329654132005e-05
2 -1.137189653841537e-05
2 -1.224193760442986e-05
2 -1.254738232792319e-05
2 -1.185294381606214e-05
2 -1.242127502932426e-05
2 -1.18021511006831e-05
2 -1.451383444976359e-05
2 -1.401561880116253e-05
2 -1.147084433732463e-05
2 -1.19785452097291e-05
2 -1.193597504273034e-05
2 -1.156122943290145e-05
2 -1.109693910297755e-05
2 -1.143914430474683e-05
2 -1.156079032085075e-05
2 -1.233814914076296e-05
2 -1.28722667821127e-05
2 -1.379007520217898e-05
2 -1.408818455488266e-05
2 -1.193603097896449e-05
2 -1.2991544004508e-05
2 -1.33468403852101e-05
3 6.615033948485042e-07
3 1.27364645271401e-06
3 1.144764263372373e-06
3 2.722637917079995e-07
3 5.612037336425117e-07
3 8.486280184853782e-07
3 9.396030583603968e-07
3 -8.224710097545068e-07
3 -1.579658270650209e-06
3 -7.567954796007417e-07
3 -9.867070656561262e-07
3 3.588211222222621e-07
3 7.721111163291967e-07
3 -5.608299387715962e-07
3 1.379010264887836e-07
3 5.194809084050725e-07
3 -1.678852706408974e-07
3 2.193730260689571e-07
3 8.552034075607126e-07
3 -4.775711341872583e-07
3 1.449732379172409e-07
3 -7.580182382598172e-07
3 -1.013272790688917e-07
3 -1.056648849944851e-06
3 2.794970793142917e-07
3 4.656182419150167e-07
3 -1.821404669962325e-06
3 2.949869934459327e-08
3 -7.875669590208268e-07
3 -7.327747906190732e-07
3 4.506878563375508e-07
3 7.7136742055351e-07
3 -3.415875631871948e-07
3 5.254101360749095e-08
3 -4.535876932282315e-07
3 4.032415810732503e-08
3 -3.748932724885158e-07
3 3.917566123154983e-07
3 4.325666687378744e-07
3 -2.245317579691076e-07
3 1.76301382737074e-06
3 8.638339202504882e-07
3 -1.936390843593586e-07
3 -1.309598405182803e-06
3 2.502354336953052e-07
3 -4.559352336448827e-07
3 4.263114919346877e-07
3 5.356555393989121e-07
3 8.483456671752742e-08
3 -3.048382202615541e-07
3 -3.714441227794074e-07
3 6.519537232727384e-07
3 -1.295932656435102e-06
3 1.98657357043381e-07
3 5.969633142733617e-07
3 5.172747404724877e-07
3 4.109468776692519e-07
3 4.760045637113976e-07
3 -6.954465221596394e-07
3 -6.065871332037659e-07
3 7.403528942760789e-07
3 1.14299108869561e-06
3 1.10974930354045e-07
3 1.939617896747842e-07
3 2.628156732287248e-06
3 -9.911057309557311e-07
3 7.450159653442829e-08
3 1.795261396467862e-06
3 -7.978656299065264e-07
3 -7.927566924436926e-07
3 5.141362462775136e-07
3 -3.514021524275485e-07
3 -1.26119156319786e-06
3 1.658963384547081e-07
3 8.583237345604777e-07
3 1.104119294813692e-06
3 -1.2432393428496e-07
3 1.20847765271525e-07
3 -1.321966664006809e-06
3 1.693703718444834e-06
3 1.074766142171348e-06
3 1.914766066423356e-07
3 -1.156510773670835e-06
3 2.857600965866763e-07
3 -9.574060429561461e-07
3 6.000576126220386e-07
3 -5.442156916402844e-07
3 -6.362960931177186e-07
3 -4.615112104834033e-07
3 8.060639882170422e-07
3 3.695530026762902e-07
3 -1.501986137575474e-06
3 6.788468307110951e-07
3 -1.718736851893974e-06
3 -1.490928232655503e-06
3 -1.276495943983935e-06
3 4.305734118438383e-07
3 5.816715056369094e-07
3 -1.772494791821349e-07
3 6.249308839811871e-07
4 -4.398622238607131e-06
4 -2.047447260649181e-06
4 -3.080716118784779e-06
4 -1.809257181672697e-06
4 -1.667544128427391e-06
4 -1.926723726750766e-06
4 -2.952614478007188e-06
4 -2.960911657226947e-06
4 -3.199561515345137e-06
4 -8.907165865476894e-07
4 -4.601587805371452e-06
4 -2.69064670647015e-06
4 -2.899665779032369e-06
4 -1.772110254319273e-06
4 -1.425458189583187e-06
4 -2.388376183506492e-06
4 -3.250153052266496e-06
4 -2.508503531352644e-06
4 -2.995718725356121e-06
4 -3.416454868045881e-06
4 -3.056047912424249e-06
4 -4.068384084627963e-06
4 -3.033750528857038e-06
4 -1.147266890662514e-06
4 -3.505957239636412e-06
4 -2.42637835496201e-06
4 -2.838202201684531e-06
4 -4.018788096688852e-06
4 -1.434478425054e-06
4 -2.794108931984487e-06
4 -3.099732503793783e-06
4 -2.239927886233961e-06
4 -3.652877063086349e-06
4 -3.462748009434068e-06
4 6.562847147751034e-08
4 -2.514375728945786e-06
4 -3.085480256720887e-06
4 -3.221464507815407e-06
4 -2.816066414894232e-06
4 -3.850628974487777e-06
4 -2.653332324482348e-06
4 -2.838904319036153e-06
4 -2.785963188642993e-06
4 -2.683323304689383e-06
4 -2.419843433162603e-06
4 -3.790554906178001e-06
4 -2.007739175992221e-06
4 -2.871977489569336e-06
4 -2.730337115516051e-06
4 -2.326665232670452e-06
4 -2.098060929632137e-06
4 -1.425266156445745e-06
4 -2.007429788969289e-06
4 -2.362347632399226e-06
4 -3.071840639828145e-06
4 -3.114929622237104e-06
4 -2.18531473029937e-06
4 -3.396252576927918e-06
4 -2.228593916375776e-06
4 -3.610407361120325e-06
4 -2.903780037768752e-06
4 -3.637819341694808e-06
4 -3.205745519924309e-06
4 -2.392992776307153e-06
4 -2.319907082769893e-06
4 -2.828648186096456e-06
4 -3.342667828878156e-06
4 -4.849859685997506e-07
4 -2.282051077311981e-06
4 -2.67386269651577e-06
4 -2.175685003501774e-06
4 -2.851403074883645e-06
4 -3.107832616231453e-07
4 -2.73966328383753e-06
4 -3.743941684348649e-06
4 -2.427674590032609e-06
4 -9.900326237282821e-07
4 -3.022076568003939e-06
4 -2.743035492287506e-06
4 -1.924490772634688e-06
4 -3.681187260864087e-06
4 -1.106426122637157e-06
4 -1.219990982454172e-06
4 -2.667613559541335e-06
4 -4.232141159492146e-06
4 -3.535199094419293e-06
4 -3.035078345958594e-06
4 -2.77840763789046e-06
4 -2.982442359335994e-06
4 -2.602762185408387e-06
4 -6.909806560756858e-07
4 -2.399164458867059e-06
4 -2.326623295568418e-06
4 -2.581789509800051e-06
4 -3.594000780111909e-06
4 -2.237540242005926e-06
4 -2.964318927955222e-06
4 -2.902681519124603e-06
4 -2.820803396287048e-06
4 -4.034835949474604e-06
5 -2.462485350966299e-06
5 -2.095219527796218e-06
5 -2.424202703964709e-06
5 -2.698415373786854e-06
5 -2.75652138657549e-06
5 -2.894851959770617e-06
5 -3.595384783404259e-06
5 -3.75737651644504e-06
5 -1.410220882439864e-06
5 -3.012036502562564e-06
5 -4.308698732775242e-06
5 -3.040412399912845e-06
5 -3.71662103958733e-06
5 -3.699945308733336e-06
5 -1.462260832653749e-06
5 -3.165369164559845e-06
5 -4.125000286377772e-06
5 -2.329851720613849e-06
5 -1.278315850794413e-06
5 -2.891149348112294e-06
5 -1.576401130263464e-06
5 -3.353505144128287e-06
5 -2.711975387464668e-06
5 -2.039616622249936e-06
5 -2.432309698759584e-06
5 -3.700829527227109e-06
5 -2.945146363909681e-06
5 -4.091763335560348e-06
5 -1.288292974256303e-06
5 -2.659745097251067e-06
5 -2.964723967800899e-06
5 -1.873903092733237e-06
5 -4.168592936445635e-06
5 -3.212762960701445e-06
5 -3.058366332521628e-06
5 -4.459953201902177e-06
5 -1.851106718077672e-06
5 -2.69956602901881e-06
5 -3.128763213933216e-06
5 -3.388890706261401e-06
5 -3.357569126617922e-06
5 -2.637639562113073e-06
5 -3.59785516537866e-06
5 -2.031774176267987e-06
5 -3.28770630945486e-06
5 -2.920522958974454e-06
5 -1.187482912525113e-06
5 -3.228332897964253e-06
5 -2.764795429391991e-06
5 -2.88548123332807e-06
5 -4.401483760234465e-06
5 -1.905345124594561e-06
5 -3.54581522667415e-06
5 -2.732308907971023e-06
5 -2.223410662551545e-06
5 -3.993123040904494e-06
5 -2.314365895244525e-06
5 -2.27365072422688e-06
5 -3.098456679654467e-06
5 -3.557689720270441e-06
5 -2.603174802667387e-06
5 -1.341954706713684e-06
5 -2.809619960148046e-06
5 -3.668224459156055e-06
5 -2.892705195728188e-06
5 -3.016568668490849e-06
5 -4.89380143542299e-06
5 -2.200773196403771e-06
5 -2.323749322583369e-06
5 -2.710751591642781e-06
5 -2.348659643359826e-06
5 -4.151922656968836e-06
5 -3.17150760759626e-06
5 -2.905811884346117e-06
5 -2.551874042353359e-06
5 -4.258768985042751e-06
5 -1.958808923252726e-06
5 -2.370437430295871e-06
5 -2.621007665666442e-06
5 -3.97056142047991e-06
5 -1.90202915482519e-06
5 -1.626598132384582e-06
5 -4.441590599115105e-06
5 -1.852109116588919e-06
5 -1.894279598872652e-06
5 -2.13930895710201e-06
5 -2.271492458834047e-06
5 -1.871629883393453e-06
5 -2.810756506366621e-06
5 -2.511743151374214e-06
5 -2.735124904232611e-06
5 -1.711867553370574e-06
5 -3.051409190074094e-06
5 -1.930386371991548e-06
5 -3.149126051396214e-06
5 -3.018651851380018e-06
5 -1.252991654688578e-06
5 -2.652657599801856e-06
5 -1.819194221761904e-06
5 -3.107891683669815e-06
6 -1.397770984479322e-06
6 -1.326063618058678e-06
6 -3.414594696101798e-06
6 -7.256765475533059e-07
6 -1.833089647200283e-06
6 -1.149044141236628e-06
6 -1.717575603540203e-06
6 -2.19986035225793e-06
6 -2.779878329709585e-06
6 -1.615405890977128e-06
6 -2.261178477921188e-06
6 -2.572411528404031e-06
6 -7.325967551188737e-07
6 -1.660487105592981e-06
6 -2.056812263521371e-06
6 -2.125529975069444e-06
6 -1.958778683356907e-06
6 -9.759347998676057e-07
6 -3.373255950202377e-06
6 -1.764924934377833e-06
6 -2.317029378941238e-06
6 -3.082918395193094e-06
6 -1.49062228651258e-06
6 -1.985591405056985e-06
6 -2.95345870115134e-06
6 -5.13477328698143e-07
6 -2.408872410402672e-06
6 -9.275516600078967e-07
6 -1.329038624464661e-06
6 -1.470571995057871e-06
6 -2.725671515357896e-06
6 -1.764846457528178e-06
6 -2.187438375746746e-06
6 -8.930327187358751e-07
6 -1.015085680823473e-06
6 -8.995622046681891e-07
6 -2.005071474658734e-06
6 -7.975730822267703e-07
6 -2.732093414935486e-06
6 -1.785855257951437e-06
6 -1.699690793815196e-06
6 -2.206071568663792e-06
6 -2.950211312025238e-06
6 -1.694475765163322e-06
6 4.724572195290799e-07
6 4.368961736300564e-07
6 -1.317717161891447e-06
6 -1.944675483802617e-06
6 -2.712371506800934e-06
6 -1.728992945684025e-06
6 -2.207743847169448e-06
6 -2.013694351458821e-06
6 -3.59536299035897e-06
6 -1.671310521482965e-06
6 -2.047302344913746e-06
6 -8.811251325859735e-07
6 -2.749139015712895e-06
6 -2.528580212468685e-06
6 -2.126266547670365e-06
6 -1.866431696297267e-06
6 -1.464140161975533e-06
6 -2.712910176764533e-06
6 -2.352319578726757e-06
6 -1.581306780791591e-06
6 -1.935944311840255e-06
6 -1.214074323580423e-06
6 -1.402844691721401e-06
6 -1.844693289174871e-06
6 -2.183181914003903e-06
6 -3.827143265863962e-06
6 -4.57529311148495e-06
6 -8.68495141922989e-07
6 -2.957290829557418e-06
6 -2.061186026194408e-06
6 -1.029627794340252e-06
6 -2.809038966583722e-06
6 -1.463920698459132e-06
6 -1.470076491112928e-06
6 -2.62613917756149e-06
6 -3.642627917107508e-06
6 -1.100485835148136e-06
6 -1.8430419261288e-06
6 -2.008544831742878e-06
6 -8.7575367082852e-07
6 -1.394897515933026e-06
6 1.582539262051851e-07
6 -1.968088489288298e-06
6 -2.049422878754964e-06
6 -8.307014175322323e-07
6 -2.310898867428834e-06
6 -2.901895457603852e-06
6 -3.184561569785667e-06
6 -1.776132678390091e-06
6 -2.800372868804136e-06
6 -2.314709604063086e-06
6 -3.386371498514765e-06
6 -1.781414111792189e-06
6 -1.040958214041498e-06
6 -4.140383302971707e-07
6 -3.01458577245892e-07
7 -1.502779715582438e-06
7 -2.860575390820124e-06
7 -3.328182615697791e-06
7 -2.692112743337516e-06
7 -7.126382558257288e-07
7 -3.112452498758299e-06
7 -1.052162998416472e-06
7 -1.622722965680188e-06
7 -2.254285497814295e-06
7 -2.547108615964329e-06
7 -4.177279562899078e-06
7 -2.146936642911645e-06
7 -2.249388903502623e-06
7 -9.701325861259182e-07
7 -1.00625690970244e-06
7 -3.171282070710417e-06
7 -2.194885338237893e-06
7 -3.609758193546328e-06
7 -2.539453158130426e-06
7 -1.9727336363948e-06
7 -1.97835066688168e-06
7 -2.751372525576636e-06
7 -1.954350079464078e-06
7 -1.029440502860699e-06
7 -2.614598234266204e-06
7 -2.001256312794302e-06
7 -2.782943694770324e-06
7 -3.200334589704696e-06
7 -1.295525372051605e-06
7 -1.451758025156106e-06
7 -3.201476953689515e-06
7 -2.120359699598471e-07
7 -1.100323805678803e-06
7 -2.21725335073425e-06
7 -3.85619787993721e-06
7 -2.636359927710613e-06
7 -2.546133177495829e-06
7 -5.63328989096738e-07
7 -3.037547164606403e-06
7 -6.637473843957771e-07
7 -2.929410416425555e-06
7 -1.488039460989225e-06
7 -2.259204087990025e-06
7 -7.348455096156973e-07
7 -1.452347728709691e-06
7 -7.818437571163499e-07
7 -1.038352338090513e-06
7 -2.905067563912844e-06
7 -1.537937268743405e-06
7 -5.19655493099533e-07
7 -2.857037179798667e-06
7 -1.539812142915471e-06
7 -4.357787511725062e-06
7 -1.530169951451511e-06
7 -4.155132508311753e-06
7 -1.949564023248199e-06
7 -3.218759159383144e-06
7 -2.578538536439473e-06
7 -1.93908963424382e-06
7 -2.224049992911891e-06
7 -1.593797139056575e-06
7 -2.512635422115381e-06
7 -3.039758375746093e-06
7 -1.837931345324799e-06
7 -3.242329083141652e-06
7 -3.281102540371989e-06
7 -2.856657219202901e-06
7 -2.535141548508524e-06
7 -3.159393524789257e-06
7 -1.416750894725167e-06
7 -2.87833207474765e-06
7 -2.449360080755156e-06
7 -2.262377633876135e-06
7 -3.558921317787895e-06
7 -3.315521603141926e-06
7 -2.784809719559453e-06
7 -2.234758547900225e-06
7 -2.374101018676509e-06
7 -1.471059251586759e-06
7 -2.287731896781454e-06
7 -2.752504896620737e-06
7 -3.178184361848186e-06
7 -1.344421359195034e-06
7 -1.361297919057613e-06
7 -2.468703634957684e-06
7 -2.578806939127368e-06
7 -2.423282730031887e-06
7 -3.442969879653689e-06
7 -1.118945463222585e-06
7 -1.532496108938018e-06
7 -3.123077006352248e-06
7 -1.477251237059732e-06
7 -1.828099491550963e-06
7 -1.212776174204903e-06
7 -1.933534929820201e-06
7 -2.145061626384139e-06
7 -2.015876671670328e-06
7 -3.615577746640235e-06
7 -2.054846345291352e-06
7 -7.73189197207515e-07
8 -9.102249902478566e-07
8 -1.489488150780524e-06
8 -5.236233302073822e-07
8 -5.804357663634533e-07
8 -1.32751780213714e-06
8 -6.867830440071297e-07
8 5.380281199594239e-07
8 -7.337755169401351e-07
8 -2.882657375355248e-09
8 -9.52513751815909e-07
8 2.941448635793099e-07
8 2.453670971252474e-07
8 1.562096725980195e-06
8 -6.398402103568665e-07
8 2.630381038446294e-07
8 -1.770265113888933e-06
8 -5.966541594757294e-07
8 -4.497534418822499e-07
8 -5.232160902085176e-07
8 -8.542563751471363e-07
8 -3.983464753520871e-07
8 -9.48351838143991e-07
8 -1.30728693763259e-06
8 3.238082404955979e-08
8 -6.889425168528017e-07
8 -4.846578056204277e-07
8 -1.081682457361962e-06
8 -5.589738015439762e-07
8 -1.397698877727917e-07
8 -4.36950575709459e-07
8 -4.550915193453065e-07
8 -1.989393785747775e-06
8 -2.540569513796328e-07
8 -9.957653575342879e-08
8 -2.485258357461134e-07
8 -1.658676150326013e-06
8 1.226172038449861e-06
8 2.788168614483522e-07
8 -1.147625705271323e-07
8 -8.737784301892752e-07
8 -5.338754283251673e-07
8 2.845756324129112e-07
8 -3.174405766910236e-07
8 -1.420279935461715e-06
8 -2.275506603508077e-07
8 -7.499320791115574e-07
8 -6.099169421557803e-07
8 3.582834139413271e-07
8 2.291625055684915e-07
8 -5.83895035997766e-07
8 -9.029550495916805e-07
8 -1.664858851267902e-06
8 1.006037515922736e-06
8 -1.315754599201587e-06
8 -1.199619753545205e-06
8 1.18312651368771e-06
8 -1.600994134862901e-06
8 -1.638274142644727e-06
8 -4.716075782267614e-07
8 -3.379158898980003e-07
8 -1.589847941334654e-06
8 -5.037118142703917e-07
8 -1.148868925958999e-06
8 -5.803407814069987e-07
8 2.982611416802721e-09
8 -2.255392502125934e-07
8 -3.215096274640017e-07
8 -5.564587490795474e-07
8 6.682975288021616e-07
8 -5.79157774446609e-07
8 3.602888739749456e-07
8 6.378697762272604e-07
8 4.051629637549111e-07
8 2.536355933304976e-07
8 7.660181329019283e-07
8 -2.223574650453108e-06
8 2.022033810161102e-07
8 -9.790442378560864e-07
8 9.565763915797147e-07
8 7.674544975671332e-08
8 7.431868703371151e-07
8 -4.206427290086267e-07
8 -1.571608307667528e-06
8 -9.981652622224763e-07
8 -1.520617972195493e-06
8 1.961896714909192e-07
8 4.178392244352088e-07
8 -2.573415274658836e-07
8 -2.685178865675467e-07
8 -2.620427287140698e-07
8 -7.532958776713001e-07
8 -3.880732794274635e-07
8 7.161195917888117e-07
8 -3.741860671439855e-08
8 -7.327197399820306e-07
8 -2.840716875205714e-07
8 9.673169233143065e-07
8 9.798595543488797e-07
8 -1.237368848784255e-06
8 -4.331803706599452e-07
9 -4.922328224069514e-07
9 -1.461870028636179e-06
9 -5.376117914194789e-07
9 -2.065871705561032e-06
9 9.076197435940296e-08
9 -2.077425989510981e-07
9 -1.786635261398875e-06
9 -1.418905469504109e-07
9 8.461669391070709e-07
9 1.324982529787106e-08
9 2.789461537322591e-07
9 -8.220530537460057e-07
9 -1.681096878357743e-06
9 -3.381988701798566e-07
9 -8.017699002222353e-07
9 -6.415027166846307e-07
9 -1.591934291234879e-06
9 -1.654326727131105e-07
9 -1.613564638545828e-06
9 -3.624129187606062e-07
9 -4.491235018225994e-07
9 2.037157461638493e-07
9 -2.330261703358504e-06
9 -1.229926951182996e-06
9 -1.11405491261809e-06
9 -1.948527871991018e-06
9 -2.037547960479805e-06
9 4.716438311372607e-07
9 -8.126918382908792e-07
9 -1.445944163218589e-06
9 -5.182933448463617e-07
9 -6.157180031846719e-07
9 -6.227581785601629e-07
9 -8.434738971454667e-07
9 3.772607522515205e-07
9 -8.825080393814516e-07
9 9.509828588556757e-08
9 -9.131700601988599e-07
9 -9.595826550262756e-07
9 -2.363228520993661e-07
9 -7.123721550544685e-07
9 2.69173505286847e-07
9 -7.200002891103177e-07
9 -1.016839587793246e-06
9 -1.672161206121492e-06
9 -9.709704127629357e-07
9 8.09595448283519e-09
9 -1.394025052799335e-06
9 -4.670225119341219e-07
9 -5.301276459675291e-08
9 -3.580225948104804e-07
9 -8.987990880420562e-07
9 -1.392144745225868e-06
9 -3.647975806120647e-07
9 -1.825568589342843e-06
9 -6.547538258209864e-07
9 -1.353293873807338e-06
9 -9.91107472394836e-07
9 -8.71054199141718e-07
9 -1.390906508173693e-06
9 3.937915417743291e-07
9 -5.635169548050277e-07
9 -7.693141368555623e-07
9 -7.559063128948857e-07
9 -6.928843625036292e-07
9 -2.545150582117499e-06
9 -9.691251245292018e-07
9 -2.452883810768026e-07
9 -2.208744599546754e-07
9 -8.5293681160949e-07
9 -5.790221344367087e-07
9 1.200034679592905e-06
9 -7.187100677331098e-07
9 -1.203660712922886e-08
9 -1.763162455898384e-06
9 1.136742831218223e-08
9 -3.09158806722344e-06
9 -4.132256363580259e-07
9 -9.972803096324641e-07
9 -9.28799180552002e-07
9 -2.574950423172612e-06
9 -5.19998250413605e-07
9 -2.255188867717697e-07
9 -1.830943225938249e-06
9 -1.499834668981886e-06
9 -8.369112290052087e-08
9 -1.190659075424795e-06
9 -2.312324057568088e-07
9 -2.48610782752131e-07
9 -5.213149446943558e-07
9 -1.466024425353729e-06
9 4.991110252775199e-08
9 -1.656962880421217e-06
9 3.538784130492656e-07
9 -1.478746472900295e-06
9 6.017639140359125e-07
9 -4.477933161700264e-07
9 -1.341185758232497e-06
9 -1.141262686196213e-06
9 -2.051262660039991e-07
10 -1.84095025966051e-07
10 -8.906833816637824e-07
10 -1.228776505884002e-06
10 -1.33921817216002e-06
10 -7.757186019460145e-07
10 -1.429805152130924e-06
10 -3.855199391852371e-07
10 -2.893902605023467e-06
10 -7.040544415027836e-08
10 2.344815178142796e-07
10 -7.224658118478629e-07
10 -1.90661823848473e-06
10 -2.163616394564895e-06
10 -1.089131881168907e-06
10 -1.868399682424783e-06
10 -1.44630867755661e-06
10 -1.763882138384816e-06
10 -1.048315698150385e-06
10 -5.156501244186124e-07
10 -2.067971459507246e-07
10 -2.887828668470584e-07
10 8.546763776183316e-08
10 -2.10828693189694e-06
10 -1.0024736918716e-06
10 -2.106199965111669e-06
10 -2.367403476118965e-07
10 -3.597053491937654e-07
10 -1.273261381638146e-06
10 -8.44775553990851e-07
10 -1.449484081690673e-06
10 -1.243548225986819e-07
10 -1.29549215843219e-06
10 9.406365158311592e-07
10 -2.685159239912651e-06
10 -1.667620084391127e-06
10 -2.611907849037796e-07
10 -1.129340234671927e-06
10 -1.951273471261454e-06
10 -1.032506761733564e-06
10 -1.415825281392116e-06
10 -1.452663710170528e-06
10 -1.058240812421783e-06
10 1.07175203960198e-06
10 2.496181687567685e-07
10 -1.838010686698301e-06
10 -2.320030769966615e-06
10 -1.138895249611553e-06
10 -1.184617067332056e-06
10 -6.263176314155236e-07
10 -1.053916030893343e-06
10 -1.914377088396821e-06
10 -1.29792499153521e-06
10 2.345389377484555e-08
10 -2.470176140945114e-06
10 -5.452880315309384e-07
10 -2.609092926351002e-06
10 -2.490020210577686e-07
10 1.013761829183284e-06
10 1.701812969864993e-06
10 -3.492707965544238e-07
10 -1.186429005013298e-06
10 -7.341007793521402e-07
10 -1.930374533021635e-06
10 1.71417451530851e-07
10 -2.554376855760022e-06
10 -7.788675151086664e-07
10 -1.20409713250787e-06
10 -1.283973513321499e-06
10 -1.211821035995252e-07
10 -5.072061251852205e-07
10 -8.859833840868235e-07
10 -5.337770203471467e-07
10 -5.176522602353278e-07
10 -1.483924703087091e-06
10 -1.997756207107642e-06
10 -1.685093220654696e-07
10 -7.807604960636881e-07
10 -2.066248783989684e-06
10 -3.155002676577111e-07
10 -1.184951603080053e-06
10 -2.833220607639484e-07
10 -9.784974553864866e-07
10 -1.013359591221808e-06
10 -1.182649247509489e-06
10 -2.508413148512239e-06
10 -1.097945440627925e-06
10 -2.12356669319413e-06
10 -9.920113170286753e-07
10 -1.073181129170933e-06
10 -1.889667625426359e-07
10 -1.065785231815244e-06
10 -1.216497771887864e-06
10 -3.286673962333332e-07
10 -1.398841420265686e-06
10 -1.596441768719732e-06
10 -1.62377235322582e-06
10 -6.029862658203772e-07
10 -1.209610730715379e-06
10 -6.321035957318007e-07
10 -1.545494340902373e-06
11 -4.744734461001171e-07
11 1.040512096439625e-06
11 -1.324058721329976e-07
11 -4.339269853435447e-08
11 -2.078782447074858e-07
11 -4.430580903669615e-07
11 -5.087269609162719e-07
11 -4.837943871643964e-07
11 -4.438736127731841e-07
11 3.767271649078429e-07
11 9.16061479051468e-07
11 -6.446537228529923e-07
11 -3.531050173916569e-07
11 4.814812620212489e-07
11 8.296908491265558e-07
11 -2.10065210008464e-07
11 -1.68879564012882e-07
11 1.140237950915888e-06
11 -4.494991494742634e-07
11 -3.798233953989165e-07
11 -7.709748326192302e-07
11 6.756193258658564e-07
11 -6.331425882887777e-07
11 1.037665268256747e-07
11 -1.929135834184567e-06
11 2.144465814089278e-07
11 -4.465819869934093e-07
11 -4.663568013081827e-07
11 7.595128250140504e-07
11 1.785644037301741e-06
11 -4.847879142714781e-07
11 -3.820710480685799e-07
11 -1.088930732250674e-06
11 -1.168264652286557e-06
11 -5.838950026928816e-07
11 -1.09653853349082e-06
11 -1.313455126935627e-06
11 7.912512711948713e-08
11 -6.303568541067576e-08
11 6.742046241111137e-07
11 7.057567845675942e-08
11 -2.683203543680191e-07
11 -6.483052476033449e-07
11 -1.165357938814216e-06
11 -5.128819270786272e-07
11 -5.943247662887368e-07
11 3.35852658362562e-07
11 -1.235520934031635e-06
11 4.069838660639456e-07
11 -1.352641890320612e-06
11 -3.627624213318363e-07
11 -8.363333025248855e-07
11 -6.577578093780967e-08
11 -9.885804627527645e-07
11 -1.259379201660829e-06
11 5.359417305985169e-07
11 -1.461614178666186e-06
11 5.27857059616336e-07
11 7.113967899230985e-08
11 -9.273165851852695e-07
11 7.336893538446221e-07
11 -2.732622590307969e-08
11 -1.207884176168088e-06
11 1.497727770671325e-06
11 2.637720723828663e-07
11 -1.855753520591018e-06
11 -1.893816223526999e-06
11 -2.62717085336085e-07
11 6.66736268264778e-07
11 9.228644113660309e-07
11 -1.551318241535075e-07
11 -1.503538226936298e-06
11 -3.526858170385461e-07
11 2.389877967407229e-07
11 -7.430352558856694e-07
11 2.327045447650095e-07
11 1.292055734692541e-06
11 -4.377558021780081e-07
11 -4.301394364211028e-07
11 1.184225910153399e-06
11 -2.941395976166735e-07
11 8.939358567097412e-07
11 -1.081378603305038e-06
11 3.801703951821808e-07
11 -7.620451547636723e-07
11 -8.620228033263777e-07
11 1.453072125281115e-06
11 -5.389675544494198e-08
11 9.688316244289568e-08
11 1.37082970418359e-07
11 -1.287866978568617e-06
11 -3.081297784120556e-07
11 -3.79449845358961e-07
11 -8.261123112534155e-07
11 -3.964549263908434e-07
11 4.654256208046512e-07
11 3.013994722672902e-07
11 1.37914737557486e-06
11 -8.47106009505334e-07
11 -7.894650925156878e-07
12 -2.431790324887504e-07
12 7.361188638403342e-07
12 -9.163252811628107e-07
12 -4.604930149013279e-07
12 -5.644870768733844e-07
12 9.804466689740975e-07
12 7.171719767305545e-07
12 -8.600968427852363e-08
12 4.402670003457529e-08
12 4.534002400370591e-07
12 -6.311921873530232e-07
12 1.154307356726635e-06
12 6.845580526004516e-07
12 -5.815235774174585e-07
12 7.171082983039886e-07
12 -7.313343722224903e-07
12 -6.97629648299767e-07
12 6.708146561961925e-07
12 2.317163172922986e-06
12 1.541044519708205e-06
12 -1.285939585555337e-07
12 -1.498230667683682e-07
12 6.757450562035841e-07
12 1.063631650192558e-06
12 -3.306117743502992e-07
12 -4.792150562045687e-07
12 -3.825904070340024e-07
12 -3.254650970388194e-07
12 -1.659227092344773e-07
12 1.086743780946024e-06
12 -1.466072221616425e-06
12 4.253404990125617e-07
12 -1.352708728100986e-06
12 8.329452806096304e-07
12 -1.848948560365317e-08
12 1.183804081048003e-07
12 -3.557368770136466e-07
12 -8.741050835398515e-07
12 -1.657171859638695e-08
12 2.157801211027138e-07
12 7.624711648047527e-07
12 -1.328487829443984e-06
12 6.485315151277941e-07
12 2.199280576579996e-07
12 -2.029860835846129e-07
12 -4.195237240932493e-07
12 9.123357374383937e-07
12 1.642099623293855e-06
12 6.387465291126324e-07
12 -6.110842800949897e-07
12 -5.645637798206344e-07
12 1.18394051993126e-07
12 9.086781457064717e-08
12 -1.275996954979251e-07
12 8.755574507278127e-07
12 1.534739893149483e-06
12 2.475309635699363e-07
12 -1.329316425272468e-06
12 -7.511702183136775e-07
12 3.804982397220787e-07
12 2.578258868151387e-07
12 1.041886432191167e-06
12 -4.633788492451815e-07
12 -4.928282354648669e-07
12 -5.865613794381014e-08
12 -5.195663258421003e-07
12 3.682025796258625e-07
12 -1.239775771398747e-07
12 8.422548653689164e-07
12 -1.302767795396692e-07
12 5.610995423415998e-07
12 2.586897606305686e-06
12 -4.000414826142542e-07
12 4.800336021720585e-07
12 1.615413879181341e-07
12 -1.361725669947255e-06
12 3.938081925202351e-07
12 -4.37951600917258e-07
12 -1.159076995782022e-06
12 -1.41346069162674e-07
12 -5.869534358287728e-07
12 1.390214553714967e-07
12 -3.398244331301609e-07
12 1.479052154525324e-06
12 -2.426818633769295e-07
12 1.174157080488569e-06
12 -6.031285379537262e-08
12 1.634001950164593e-06
12 -7.730303483217007e-07
12 4.151618930034552e-07
12 -6.506497451982017e-07
12 -2.287527552580039e-06
12 1.765771433141853e-06
12 4.387905717906053e-07
12 -1.888132044840112e-07
12 1.480635443962769e-06
12 -1.759372570910265e-06
12 -3.25988502865768e-07
12 2.73268389026413e-06
12 1.518504271746656e-06
13 -5.994193397058047e-07
13 5.616590851744518e-08
13 -1.324182169940806e-06
13 -1.390329418777944e-06
13 -7.48302394703026e-07
13 -1.882074159567177e-06
13 -1.097161893773723e-06
13 -8.465533092300739e-07
13 -3.004134180398528e-07
13 -1.052920580452823e-06
13 -2.332685299215475e-06
13 -1.392768535894431e-06
13 -2.254832786791307e-06
13 -1.162049451585834e-06
13 -4.53231353118455e-07
13 -9.832309484968135e-07
13 -1.390287989783477e-06
13 -2.119422658562233e-06
13 -1.230496194956469e-06
13 -1.219466751466659e-06
13 -1.140411163195457e-06
13 -1.575188265912337e-06
13 -1.063882646393824e-06
13 -5.030673519363044e-07
13 -1.757175769888219e-06
13 -1.744201954395956e-06
13 6.924063964670123e-08
13 3.783978503017663e-07
13 -9.079688741438104e-07
13 -9.224137997748037e-07
13 1.014501188389509e-06
13 -1.051676810139978e-06
13 -9.745721234107736e-07
13 -8.646653220034315e-07
13 4.888131389002736e-07
13 -1.223104302862047e-06
13 -2.964314733718597e-06
13 -1.866422306296799e-06
13 -7.255822244561595e-07
13 -2.477188447854259e-08
13 -7.976107936463316e-07
13 -1.074098771111545e-06
13 -9.884050899158489e-07
13 -8.240802773520689e-07
13 -1.961574520575641e-06
13 -2.382473815976149e-06
13 2.071145033415801e-07
13 -9.476415300728303e-07
13 -2.163022556800092e-06
13 7.773792852175526e-08
13 -9.104474354081966e-07
13 -9.789387067234098e-07
13 -3.016446333649794e-07
13 9.798802239807493e-08
13 -2.045784752824186e-06
13 -7.420987079738963e-07
13 -9.27115869661492e-07
13 -9.328641769380166e-07
13 2.069531664185231e-07
13 -6.833138062657083e-07
13 -6.076908928977043e-07
13 -7.457196413334502e-07
13 -8.876489545385491e-07
13 -4.687449915375961e-07
13 -2.343361506213929e-06
13 -1.349705990001736e-06
13 -1.103587725920802e-06
13 -1.421024283292707e-06
13 1.653397636294658e-07
13 -3.069416703728807e-06
13 -1.768733749922672e-06
13 -2.819308072256755e-08
13 -2.338678096904446e-06
13 -2.199885347499126e-06
13 1.206000411331727e-07
13 -1.508972294967285e-06
13 -1.363808238262555e-06
13 -1.163667376208882e-06
13 -4.983365924016019e-07
13 -1.804004193792173e-06
13 2.523635470471798e-07
13 1.99958304086598e-07
13 -2.081773920039721e-06
13 -3.043099361188804e-06
13 -1.880749761144384e-06
13 -1.318511843827681e-06
13 -3.612670713241476e-07
13 -1.202792374863244e-06
13 -1.342858880419662e-06
13 -1.842737110968835e-06
13 -1.122079152750519e-06
13 -1.412814922826067e-06
13 -1.275153950584814e-06
13 -2.828515957110051e-06
13 -1.564494007949998e-06
13 -3.205943883802743e-07
13 -1.421921728193016e-06
13 -1.586132015457694e-06
13 -2.152672562370865e-07
13 -9.089830832853531e-07
14 -3.366271366239655e-07
14 -3.399792692873958e-08
14 -1.489263109327302e-06
14 -1.115006843174237e-06
14 -1.076250075063788e-06
14 -4.855311208055465e-07
14 -1.715677411837267e-06
14 -1.718000285459642e-06
14 -3.379082999464712e-07
14 -1.694515880096891e-06
14 -6.538989949562326e-07
14 -4.769268086748315e-07
14 -7.779093952879681e-07
14 -1.56853072541527e-06
14 -3.488641796797645e-07
14 -3.639821926140682e-07
14 -2.146818911718696e-06
14 -5.400992862944205e-07
14 -2.016218318956454e-06
14 -9.596261573659017e-07
14 -5.563859425030513e-07
14 -5.56818157571675e-07
14 6.695480569785822e-08
14 -7.210422695673668e-07
14 -1.940388802667222e-06
14 -1.313314075895681e-07
14 -8.41173551821127e-07
14 -1.327677417963872e-06
14 -2.142342435203353e-06
14 -4.12734379693794e-07
14 -2.175125587332984e-06
14 -8.997810253036285e-07
14 -8.469268741898067e-07
14 -2.904291936101624e-06
14 -1.4563803485207e-06
14 -1.653266855655453e-06
14 -3.012280635639159e-06
14 -2.271220493116726e-06
14 -1.316957211786621e-06
14 -5.717356602802551e-07
14 -6.81758481368503e-07
14 -1.314648511295209e-06
14 -3.59281194800594e-07
14 -7.997788174428054e-07
14 -1.126702017964375e-06
14 -1.388909080961359e-06
14 -1.395904583577804e-06
14 -1.496451252507524e-06
14 -6.195812119525952e-07
14 -1.172860272332725e-06
14 -1.210002172754892e-06
14 -1.947905054401515e-06
14 -1.256478434725036e-06
14 -1.91888418273059e-06
14 -2.159786280946146e-06
14 3.026405175858619e-08
14 -4.965973040238737e-07
14 -7.506371276950559e-08
14 -5.953328405850606e-07
14 -1.100779654050065e-06
14 -1.459841860447518e-07
14 -2.194009267714543e-06
14 2.535475130059033e-07
14 -2.094728976942868e-06
14 -1.289299642511429e-06
14 -1.582309249916672e-06
14 -2.012420582754911e-06
14 -1.357804425671326e-06
14 -7.403445376971611e-07
14 -6.339269219805953e-07
14 -1.68660623985377e-06
14 -9.149650644031465e-07
14 -2.3964130009501e-06
14 -5.645616561185149e-07
14 -2.201721260364905e-06
14 -5.677149335428906e-07
14 -3.98724344108132e-07
14 -9.067719026640954e-07
14 -1.988107305542035e-06
14 -3.642423878983762e-07
14 -2.265501417536434e-06
14 5.768003840071118e-07
14 -9.646775661244533e-07
14 -2.024107807797017e-06
14 -1.580853625130813e-06
14 -1.222924221236309e-06
14 -2.10965347938759e-06
14 -1.469059992002169e-06
14 -1.974096487573184e-06
14 5.895330632967084e-07
14 -1.218935220585847e-06
14 -1.456876884111226e-08
14 -2.097809994722803e-07
14 -4.253769384801983e-07
14 -1.239196498185712e-06
14 3.810963269277314e-07
14 1.035270138683358e-07
14 -1.78695934963825e-06
14 -1.362159830459781e-06
14 -1.278407695724478e-07
15 -1.314841035759922e-06
15 -2.51996250896802e-06
15 -1.763302858405798e-06
15 -1.594765482237289e-06
15 -1.343776028259396e-06
15 -1.435672912495588e-06
15 -1.04577434485433e-06
15 -2.200743038873115e-06
15 -2.25284009014654e-06
15 -1.333582693752891e-06
15 -1.628825295826506e-06
15 -1.986630741090094e-06
15 -9.888454399274093e-07
15 -1.576373392694851e-06
15 -1.349608634128857e-06
15 -2.920557564681431e-06
15 -4.880145735101911e-07
15 -2.323332515662495e-06
15 -2.791650666917966e-06
15 -1.910189786772376e-06
15 -3.109634998113616e-06
15 -2.413793717926185e-06
15 -1.107546774273108e-06
15 -7.042061566545022e-07
15 -1.791432563473355e-06
15 -2.035833440822514e-06
15 -1.880977302260999e-06
15 -1.752027738727736e-06
15 -1.784451593463586e-06
15 -1.971281328968334e-06
15 -1.430304458370792e-06
15 -1.676797046285154e-06
15 -1.476543040157919e-06
15 -2.328632056737568e-06
15 -1.511236084740921e-06
15 -2.27994651943211e-06
15 -9.701325141221493e-08
15 -2.779174982883179e-06
15 -2.837902627641343e-06
15 -7.449859019600823e-07
15 -3.357467843545156e-06
15 -7.350630917282971e-07
15 -1.894506925495244e-06
15 -3.048418112176766e-06
15 -4.361010128265867e-07
15 -2.170223010339871e-06
15 -1.752434537585686e-06
15 -1.880136781254772e-06
15 -2.661111000958058e-06
15 -2.451127746106734e-06
15 -2.270624952288166e-06
15 2.45989782926777e-07
15 -1.831448452892586e-06
15 -6.981549667138872e-07
15 -1.438313009543632e-06
15 -1.176788896131078e-06
15 -3.074194641653226e-06
15 -6.323315129664109e-07
15 -1.011410470164101e-06
15 -3.873751740680755e-06
15 -1.492086994571338e-06
15 -2.566504693456876e-06
15 -1.700419373312493e-06
15 -2.080311464375778e-06
15 -2.262851480389966e-06
15 -1.420135102134487e-06
15 -9.955865319626056e-07
15 -1.824378443983024e-06
15 -9.880033557928757e-07
15 -1.704386839315332e-06
15 -2.079174281067744e-06
15 -1.369858870934712e-06
15 -1.70032701668209e-06
15 -1.371586372731853e-06
15 -1.366091899959065e-06
15 -2.940647325400137e-06
15 -2.298746876807244e-06
15 -2.060662087200769e-06
15 -3.665908102929289e-06
15 -1.878367357156426e-06
15 -1.450832291597884e-06
15 -8.851251245719479e-08
15 -2.153285138047647e-06
15 -1.323298962226606e-06
15 -1.386541738226873e-06
15 -2.726595499835911e-06
15 -1.409427907874438e-06
15 -2.939037791548085e-06
15 -3.338183985431798e-06
15 -5.358459575143795e-07
15 2.71558308950912e-07
15 -1.184102452529337e-06
15 -1.433995854282917e-06
15 -2.200442573963344e-06
15 -2.88928001206405e-06
15 -1.722982678745638e-06
15 -9.479570689807754e-07
15 -1.770072083200579e-06
15 -2.742655689755972e-06
15 -2.719713585344782e-06
16 -3.949041900111155e-06
16 -3.319597008576113e-06
16 -3.727907378160408e-06
16 -3.071997551087894e-06
16 -3.446444159649432e-06
16 -3.458951603885808e-06
16 -1.206328982219426e-06
16 -4.016568813598651e-06
16 -2.273537567137485e-06
16 -2.287081848881917e-06
16 -3.643773316467699e-06
16 -2.928476115432125e-06
16 -3.15525107308617e-06
16 -1.870028216709852e-06
16 -2.917838472352295e-06
16 -3.387394411419225e-06
16 -3.238944918653464e-06
16 -4.263092702070974e-06
16 -3.956371046525907e-06
16 -3.980292929342258e-06
16 -3.893643100357012e-06
16 -3.036371987416115e-06
16 -3.965866582611042e-06
16 -4.255607625150519e-06
16 -3.026829996365373e-06
16 -4.051079977112884e-06
16 -3.30703037884825e-06
16 -3.430852565815103e-06
16 -3.78618489260932e-06
16 -3.754302643125696e-06
16 -3.091764341251144e-06
16 -2.937642025438045e-06
16 -2.712063497009261e-06
16 -1.28644820011693e-06
16 -2.724900927316531e-06
16 -3.538929442700669e-06
16 -2.443169080420175e-06
16 -2.65451211996139e-06
16 -2.850503292191272e-06
16 -2.846570840544951e-06
16 -3.33025550225555e-06
16 -3.852309171192971e-06
16 -8.034796007962663e-07
16 -3.597226007841224e-06
16 -1.921900705942469e-06
16 -2.855104978253328e-06
16 -1.442113965216929e-06
16 -3.407077783168001e-06
16 -3.586306252050553e-06
16 -2.797345214568797e-06
16 -2.711659617306025e-06
16 -4.62170729922501e-06
16 -3.40415081177602e-06
16 -3.001352238832239e-06
16 -2.421973492062164e-06
16 -3.820643555330565e-06
16 -3.494626396217913e-06
16 -4.04913277471608e-06
16 -3.932451276981096e-06
16 -1.121152938000837e-06
16 -3.943519508160161e-06
16 -3.667006137336343e-06
16 -5.008956788954664e-06
16 -3.250687170100647e-06
16 -3.859805621173999e-06
16 -3.178559926043347e-06
16 -2.027553168494471e-06
16 -1.590809250241938e-06
16 -3.327517751228994e-06
16 -2.043293050306189e-06
16 -3.133435840929229e-06
16 -2.045715683261983e-06
16 -3.843571388942007e-06
16 -2.792965003059181e-06
16 -4.38437284691248e-06
16 -3.065028604146287e-06
16 -2.758561492178173e-06
16 -4.050865561932831e-06
16 -2.664084217519541e-06
16 -2.616128509800573e-06
16 -3.073508978890872e-06
16 -2.01456973001014e-06
16 -1.521130991406325e-06
16 -2.360991194441819e-06
16 -2.454677274567213e-06
16 -3.312526816431915e-06
16 -2.587514867959269e-06
16 -2.582439558680492e-06
16 -3.714403428123749e-06
16 -2.107099867461621e-06
16 -3.375374612824191e-06
16 -3.058849345503791e-06
16 -3.728254389800002e-06
16 -1.377640929848065e-06
16 -3.882254243744423e-06
16 -3.17379361623339e-06
16 -2.991666749729371e-06
16 -3.499734346162159e-06
16 -1.576240065267936e-06
16 -3.188492772595243e-06
17 1.468876564348983e-06
17 9.595798977786301e-07
17 1.226208587153834e-06
17 -8.761254222237317e-07
17 1.552784436648873e-06
17 9.095550843489863e-07
17 -1.148891343722519e-07
17 2.014320526035126e-06
17 1.356931549512877e-06
17 8.411803920035034e-07
17 1.539076478282689e-06
17 -5.283081596496253e-07
17 5.474864048831822e-07
17 5.76662596938693e-07
17 8.953654834757789e-07
17 -2.257493468055902e-07
17 1.379759043405259e-06
17 6.969424096221373e-07
17 1.072102372071104e-06
17 2.829159118019797e-06
17 1.146578591955689e-06
17 6.142621835388517e-07
17 -3.390334980000017e-07
17 1.192812009316872e-06
17 1.540382157170146e-06
17 1.194630840023298e-06
17 4.876405548801077e-07
17 1.614678441946323e-06
17 -2.814887359725798e-07
17 3.026151864690375e-06
17 7.060436951395065e-08
17 8.650754974075549e-07
17 2.128104274804411e-06
17 -3.38122648806933e-07
17 5.619767826948227e-07
17 8.888831921782533e-07
17 2.819511120821453e-07
17 1.860749053282809e-06
17 1.559160145605485e-07
17 -6.697130576730628e-07
17 -2.256468424939091e-06
17 3.683881409934195e-07
17 1.01926305704556e-06
17 6.856195650707777e-07
17 3.350293477179826e-08
17 1.30403076030907e-07
17 1.255263919810808e-06
17 4.076220024515159e-08
17 -2.979274407067856e-07
17 1.178696507440334e-06
17 5.862094660572053e-07
17 1.191707195396825e-06
17 2.609460234388796e-08
17 -1.024561202671799e-06
17 3.453901749629532e-07
17 6.053917183306357e-07
17 2.306249602611795e-07
17 2.891166796712531e-07
17 4.602101048202781e-07
17 2.348735767269325e-06
17 1.802215651255916e-07
17 2.379147868744787e-06
17 4.448149344887055e-07
17 -2.423017520857121e-07
17 1.75584126787047e-07
17 3.516228839722722e-07
17 6.797185098858247e-07
17 1.864206007557873e-06
17 1.076364587564394e-06
17 1.65867035817887e-06
17 3.691070276938679e-07
17 1.391063632299533e-06
17 3.551754402015235e-07
17 -3.76465971059309e-07
17 -4.755592397563116e-07
17 1.876642623303572e-06
17 3.643803331188203e-07
17 1.622043773919173e-06
17 1.759252266315426e-06
17 5.038687830255139e-07
17 5.249458557204502e-07
17 -1.995488651089038e-07
17 7.048731805257234e-07
17 -6.47906559450169e-07
17 -9.553343955301445e-07
17 4.720759642735158e-07
17 1.144742107852703e-06
17 1.216024343061896e-06
17 9.461368544450166e-07
17 2.386311509285518e-07
17 9.478986837827344e-07
17 2.02823868215998e-06
17 3.016162660484197e-07
17 1.059603148036266e-06
17 9.869652850281175e-07
17 1.098128694187352e-06
17 1.104441612753246e-06
17 1.410890959290004e-06
17 1.559373279160552e-06
17 1.340477100718732e-06
18 -1.314131185743877e-05
18 -1.450807275874312e-05
18 -1.489882963727239e-05
18 -1.451448981843621e-05
18 -1.281879668939342e-05
18 -1.511328858400535e-05
18 -1.442578896796271e-05
18 -1.476914754472537e-05
18 -1.341865290995254e-05
18 -1.310792521370727e-05
18 -1.299760297279861e-05
18 -1.374862761793781e-05
18 -1.612228131473253e-05
18 -1.318857672360417e-05
18 -1.278437373571541e-05
18 -1.443066789760968e-05
18 -1.37861150397679e-05
18 -1.385445305315506e-05
18 -1.357904203855057e-05
18 -1.426991997340472e-05
18 -1.471120492346397e-05
18 -1.532574244775022e-05
18 -1.500294189993989e-05
18 -1.330516603966878e-05
18 -1.531000002044776e-05
18 -1.445520752756134e-05
18 -1.477388089738568e-05
18 -1.476013727171347e-05
18 -1.281190637659377e-05
18 -1.424453179213467e-05
18 -1.292817854402194e-05
18 -1.492385269380409e-05
18 -1.496056494745642e-05
18 -1.41921098743807e-05
18 -1.427655462584478e-05
18 -1.407861514867413e-05
18 -1.373958940211689e-05
18 -1.328840162977981e-05
18 -1.501794581957633e-05
18 -1.528532721703651e-05
18 -1.489544230031335e-05
18 -1.374855361867143e-05
18 -1.282285800141185e-05
18 -1.35498095785353e-05
18 -1.482847296565555e-05
18 -1.352020322689892e-05
18 -1.336465549957211e-05
18 -1.432331030927299e-05
18 -1.461479661174085e-05
18 -1.452310934485237e-05
18 -1.422284192125344e-05
18 -1.54256566068734e-05
18 -1.492335251917967e-05
18 -1.419668424410407e-05
18 -1.413403593457438e-05
18 -1.392885829587717e-05
18 -1.501783148279053e-05
18 -1.349119335884505e-05
18 -1.418684841788808e-05
18 -1.371930606190579e-05
18 -1.421223788193518e-05
18 -1.324644925648147e-05
18 -1.521194377840145e-05
18 -1.52962931000585e-05
18 -1.293220649416156e-05
18 -1.46638450259739e-05
18 -1.401291333275809e-05
18 -1.539282569701213e-05
18 -1.425866071385189e-05
18 -1.513989368732931e-05
18 -1.351394620745722e-05
18 -1.432671988138041e-05
18 -1.487561570620521e-05
18 -1.461538637091771e-05
18 -1.470035549383243e-05
18 -1.46404763464469e-05
18 -1.475157327810668e-05
18 -1.474178789163598e-05
18 -1.541623461507811e-05
18 -1.316225524439616e-05
18 -1.407218288429728e-05
18 -1.456363531608632e-05
18 -1.399942002853145e-05
18 -1.329505778364992e-05
18 -1.412087412413894e-05
18 -1.487005883651538e-05
18 -1.38292559615155e-05
18 -1.484065919121774e-05
18 -1.558323358631457e-05
18 -1.484261209776138e-05
18 -1.393470782094092e-05
18 -1.354374410985091e-05
18 -1.557459957596981e-05
18 -1.55705236636646e-05
18 -1.494865695328576e-05
18 -1.434459067986344e-05
18 -1.472213706105967e-05
18 -1.38188776911256e-05
18 -1.408138378920376e-05
18 -1.556201147949797e-05
19 3.394517458293304e-05
19 3.38907458553417e-05
19 3.401042050464179e-05
19 3.390925460979186e-05
19 3.374283891995801e-05
19 3.396486607718659e-05
19 3.383854246254288e-05
19 3.310091076815507e-05
19 3.591099861773178e-05
19 3.45003243613647e-05
19 3.417321695107475e-05
19 3.322929458752556e-05
19 3.562278373005918e-05
19 3.354046676002498e-05
19 3.497444262551703e-05
19 3.394969283784534e-05
19 3.545979360670832e-05
19 3.261512276697318e-05
19 3.550439103784804e-05
19 3.586701263185103e-05
19 3.37009749818318e-05
19 3.452808218886576e-05
19 3.42375082552657e-05
19 3.278316810135074e-05
19 3.443951592242057e-05
19 3.546639169017256e-05
19 3.285766922972603e-05
19 3.333125642530832e-05
19 3.358100484220028e-05
19 3.477189546983623e-05
19 3.421555496748627e-05
19 3.695615018579933e-05
19 3.330237224725747e-05
19 3.460066469031682e-05
19 3.35568534504016e-05
19 3.263482553871046e-05
19 3.346536486187513e-05
19 3.144608819914412e-05
19 3.287375540997894e-05
19 3.233850028996714e-05
19 3.452237798584317e-05
19 3.564479999365094e-05
19 3.504698560227246e-05
19 3.360296701149461e-05
19 3.472249477708012e-05
19 3.517407997288974e-05
19 3.551501647607862e-05
19 3.5571860542936e-05
19 3.453658919145041e-05
19 3.374853118663948e-05
19 3.458918774117317e-05
19 3.233174890089592e-05
19 3.360271985580136e-05
19 3.316484065881527e-05
19 3.464588834509508e-05
19 3.510653368678689e-05
19 3.366968373526577e-05
19 3.264508454604239e-05
19 3.473447089613364e-05
19 3.489835685842928e-05
19 3.359702723895135e-05
19 3.394976388815357e-05
19 3.297556666452047e-05
19 3.311558451713015e-05
19 3.407363771078856e-05
19 3.330778261845546e-05
19 3.331671653316429e-05
19 3.362409414944027e-05
19 3.480837249338251e-05
19 3.411536303237047e-05
19 3.412452572990211e-05
19 3.340320120904196e-05
19 3.502815101664651e-05
19 3.427065433832406e-05
19 3.402853091466613e-05
19 3.293626755636383e-05
19 3.547018383451429e-05
19 3.626946282132355e-05
19 3.425848235837484e-05
19 3.421651921498675e-05
19 3.099506443142001e-05
19 3.449888811129174e-05
19 3.592136447782639e-05
19 3.408566676381754e-05
19 3.403440921624655e-05
19 3.426737515181126e-05
19 3.502107252248972e-05
19 3.381711778371099e-05
19 3.367541630790284e-05
19 3.52066051027238e-05
19 3.483560388620021e-05
19 3.427889134235235e-05
19 3.329543290452109e-05
19 3.226708080261101e-05
19 3.604622475450561e-05
19 3.422319808974296e-05
19 3.336018729047822e-05
19 3.318171812347916e-05
19 3.232332680382718e-05
19 3.448461316602116e-05
