0 0.001414480517191332
0 0.001414568895949574
0 0.001414031064325688
0 0.001414061516996458
0 0.001414218183794021
0 0.001414008727234064
0 0.001414888188809348
0 0.001414396047638478
0 0.001414421373534342
0 0.00141472656977293
0 0.001415007155852804
0 0.001414256449911667
0 0.001414607353639909
0 0.001415290488695147
0 0.001414056964409703
0 0.001414945278057038
0 0.001415299392043337
0 0.001414692348332175
0 0.001414392565898909
0 0.001414770750584187
0 0.001414678211656928
0 0.001415172359976385
0 0.001414640375400881
0 0.001414140671875959
0 0.001414155787129185
0 0.001414494745029069
0 0.00141468369081839
0 0.001414977261696202
0 0.001414395697264552
0 0.001415105792690487
0 0.001414548770858636
0 0.001414732160978636
0 0.001415073962697302
0 0.001414980147683093
0 0.00141404867543542
0 0.00141501489723066
0 0.001414343389769881
0 0.001414284660147391
0 0.001415127119393466
0 0.001414719561984548
0 0.001414681360749055
0 0.001414496494814662
0 0.001414542735476793
0 0.001414624297473595
0 0.001414521712176392
0 0.001414461289108171
0 0.001414597429240938
0 0.001414676903379125
0 0.001414465294465013
0 0.001414705308696563
0 0.001414477127694109
0 0.001414856054407633
0 0.001414909719179067
0 0.001414496624670419
0 0.001414617333771218
0 0.001414612323757816
0 0.001414698284933377
0 0.001414872461430361
0 0.001414625976724711
0 0.001414407458896422
0 0.001414614269083524
0 0.001414824652934445
0 0.001414236449168088
0 0.001414347202387681
0 0.001414033940409585
0 0.001414619529659063
0 0.001414545253195277
0 0.001414507659387668
0 0.001414345264332827
0 0.001414777563877091
0 0.001414538401905983
0 0.001415449303830403
0 0.001414616029032268
0 0.001414435844720965
0 0.001414998096582675
0 0.001414203654401704
0 0.001414774325058871
0 0.001414062166091352
0 0.001415187233359278
0 0.001414824556353679
0 0.00141483858870492
0 0.001414953958322752
0 0.001414489219606994
0 0.001414075937588299
0 0.001414720034425774
0 0.001413942218955645
0 0.001413694580303482
0 0.001414824827714169
0 0.001414849117588724
0 0.001414340155856648
0 0.001414767087239215
0 0.001414309304683929
0 0.001413798044548334
0 0.001414452124150341
0 0.001414433819058507
0 0.001414264183125589
0 0.001414734638224599
0 0.001414054508386231
0 0.00141381994740329
0 0.001414097679782849
1 0.0005527782778801729
1 0.000553018017306957
1 0.0005529240610477126
1 0.0005528830430752421
1 0.0005528660307041877
1 0.0005526925478421396
1 0.000552919505535549
1 0.0005529017212940449
1 0.0005524598965870072
1 0.0005529653141215359
1 0.0005530769493079304
1 0.0005525133260419005
1 0.0005529309507251347
1 0.0005528074341228113
1 0.0005527588592396861
1 0.0005526864885711698
1 0.0005528559198087995
1 0.0005532572828914781
1 0.0005529296397270835
1 0.0005527890398331617
1 0.0005527427372587961
1 0.0005528431566938052
1 0.0005527320977022932
1 0.0005527374024270516
1 0.0005529040375596275
1 0.0005526919177094236
1 0.0005526836688940299
1 0.0005527960210592835
1 0.0005527996228881785
1 0.000552539155086719
1 0.0005528155607453928
1 0.0005526494427808466
1 0.0005528508096058988
1 0.0005531089188955215
1 0.0005529986020938446
1 0.00055291633939381
1 0.0005529429175477483
1 0.0005527784602279635
1 0.0005528665771243593
1 0.0005524556777682886
1 0.0005528248560018116
1 0.0005527615535544585
1 0.0005530744254294958
1 0.0005528323233162302
1 0.000552966402165342
1 0.0005527436043295136
1 0.0005525554729272335
1 0.0005528874779977496
1 0.0005527033335487238
1 0.0005528883609302272
1 0.0005527611664386164
1 0.0005529212743306334
1 0.0005528696889561585
1 0.0005530336199329632
1 0.0005528914821042306
1 0.0005529573302393685
1 0.000552924167471211
1 0.0005530379990019394
1 0.0005528933661852347
1 0.0005529706740191398
1 0.0005529798936582543
1 0.000552928747670192
1 0.0005526887396269277
1 0.0005526759026619234
1 0.0005527409924360486
1 0.0005529679094830152
1 0.0005530609567034668
1 0.0005530248510293023
1 0.0005529285678413304
1 0.0005528323320442016
1 0.0005528529255315605
1 0.0005530261123226876
1 0.0005528347363768232
1 0.0005527554347969231
1 0.0005530099540247838
1 0.0005525953114885214
1 0.0005527562587987245
1 0.000553069475651967
1 0.0005527288263883521
1 0.0005528820160847757
1 0.000553103115085751
1 0.0005525433573627752
1 0.0005527231179728414
1 0.0005531931065200878
1 0.0005527320045740352
1 0.0005525055947651914
1 0.0005528296570255323
1 0.0005529161826583011
1 0.0005530656049788209
1 0.0005527127461001004
1 0.0005530778336592597
1 0.0005529255617868659
1 0.0005528041619957164
1 0.0005528561804676574
1 0.0005528405542139848
1 0.0005530146928163701
1 0.0005528484840768622
1 0.0005530500138206899
1 0.0005529677448682081
1 0.000552669264676463
2 5.632449499797483e-05
2 5.621338700461087e-05
2 5.621277210665063e-05
2 5.628813513936049e-05
2 5.635947115651668e-05
2 5.627764331243717e-05
2 5.628578046027459e-05
2 5.625694797780721e-05
2 5.631585158051255e-05
2 5.63238805837795e-05
2 5.623009064370114e-05
2 5.626953317037529e-05
2 5.641876443545679e-05
2 5.62885992277116e-05
2 5.623603548079655e-05
2 5.643899564303045e-05
2 5.635478020953766e-05
2 5.610058857784501e-05
2 5.614319454874778e-05
2 5.639203593531797e-05
2 5.639148747334791e-05
2 5.635237115293169e-05
2 5.616489174897027e-05
2 5.639835919606403e-05
2 5.638061583123244e-05
2 5.623280905662562e-05
2 5.625676221151306e-05
2 5.638806508949373e-05
2 5.614744970565095e-05
2 5.626058866535708e-05
2 5.623879631384423e-05
2 5.61288913479119e-05
2 5.61648960936526e-05
2 5.61976178598279e-05
2 5.630729903906044e-05
2 5.632259318593805e-05
2 5.632741685241483e-05
2 5.637166571421181e-05
2 5.633867593710559e-05
2 5.636137865021915e-05
2 5.634915116403424e-05
2 5.622985131146992e-05
2 5.635040844651226e-05
2 5.618061239272925e-05
2 5.61665743163188e-05
2 5.619250685579971e-05
2 5.616132825168027e-05
2 5.628406033401551e-05
2 5.629589698947707e-05
2 5.617198560004858e-05
2 5.632636992318316e-05
2 5.606199956897393e-05
2 5.630744286843668e-05
2 5.650018734816983e-05
2 5.635507511285354e-05
2 5.622443043292884e-05
2 5.631071580252231e-05
2 5.620175486938702e-05
2 5.605783736531919e-05
2 5.626242939455336e-05
2 5.632666966375956e-05
2 5.631567363291652e-05
2 5.639784973349235e-05
2 5.643832552746519e-05
2 5.634737038419398e-05
2 5.644711866152367e-05
2 5.633052826200132e-05
2 5.608831834378466e-05
2 5.633775720059732e-05
2 5.628970105034374e-05
2 5.62342228498618e-05
2 5.632185086509482e-05
2 5.628908690820715e-05
2 5.634673349448382e-05
2 5.624270330992543e-05
2 5.639571835604015e-05
2 5.607799717419886e-05
2 5.624616333506228e-05
2 5.624235060853235e-05
2 5.628515402567963e-05
2 5.627885908760128e-05
2 5.619982618828813e-05
2 5.633365865496113e-05
2 5.630317720721515e-05
2 5.629626702375336e-05
2 5.620770251161222e-05
2 5.625211786049248e-05
2 5.616968383224746e-05
2 5.644345746395947e-05
2 5.621762468102148e-05
2 5.611113449979169e-05
2 5.626736096224404e-05
2 5.642193844271822e-05
2 5.633989335372674e-05
2 5.634327318441107e-05
2 5.611813393393468e-05
2 5.635345747902833e-05
2 5.616518773758328e-05
2 5.614500892713289e-05
2 5.628271319516715e-05
3 4.174881890313705e-05
3 4.180291503108942e-05
3 4.187974234937132e-05
3 4.177508318031844e-05
3 4.165534459626251e-05
3 4.182818372776874e-05
3 4.181962360830797e-05
3 4.186497042226259e-05
3 4.182731728853253e-05
3 4.178830035778502e-05
3 4.184622967014875e-05
3 4.181085673437728e-05
3 4.172951047798699e-05
3 4.171544132414182e-05
3 4.187736897829854e-05
3 4.159542402073424e-05
3 4.174250747652597e-05
3 4.176908101778052e-05
3 4.166988974460711e-05
3 4.171082948056169e-05
3 4.175886698098906e-05
3 4.172590519559818e-05
3 4.190147542108615e-05
3 4.195139589071623e-05
3 4.170660622718047e-05
3 4.176725711202996e-05
3 4.173066868265489e-05
3 4.203659930285569e-05
3 4.176473295388949e-05
3 4.158356103107547e-05
3 4.173923909903465e-05
3 4.180285044895674e-05
3 4.174772337995444e-05
3 4.160399688961343e-05
3 4.170999769922171e-05
3 4.192509048471415e-05
3 4.202170438553284e-05
3 4.162327843808405e-05
3 4.173803325828121e-05
3 4.179521352230771e-05
3 4.190249043845939e-05
3 4.17111067021808e-05
3 4.179684215056549e-05
3 4.180327125775069e-05
3 4.163376899277414e-05
3 4.173290604668942e-05
3 4.18060182026935e-05
3 4.188130374879411e-05
3 4.18486347545409e-05
3 4.187401873599191e-05
3 4.171390335193766e-05
3 4.177996629629576e-05
3 4.181448137915997e-05
3 4.186182111554141e-05
3 4.181097818959901e-05
3 4.179019906939808e-05
3 4.170242615310263e-05
3 4.16688451500123e-05
3 4.166830772944841e-05
3 4.17424330901897e-05
3 4.176335907296425e-05
3 4.176269934245714e-05
3 4.17818426638902e-05
3 4.168621504380934e-05
3 4.166584364618181e-05
3 4.175151458127484e-05
3 4.186584817354662e-05
3 4.168330708361685e-05
3 4.183188459114762e-05
3 4.190965863279445e-05
3 4.173043724600435e-05
3 4.18137814706181e-05
3 4.174066492207665e-05
3 4.187357876227689e-05
3 4.186666755337742e-05
3 4.173514649485469e-05
3 4.166601917535268e-05
3 4.173237238862871e-05
3 4.180224106366103e-05
3 4.172989860319211e-05
3 4.178626988790074e-05
3 4.178661596282295e-05
3 4.187059603256353e-05
3 4.169009105970645e-05
3 4.182226101905141e-05
3 4.179180201633431e-05
3 4.171259633411313e-05
3 4.181874137063928e-05
3 4.172512429629531e-05
3 4.171239092197573e-05
3 4.169581910286763e-05
3 4.17948970950856e-05
3 4.176291436591521e-05
3 4.174155425234163e-05
3 4.179985451203745e-05
3 4.173183548219719e-05
3 4.177303621057176e-05
3 4.169508241366535e-05
3 4.180936073212441e-05
3 4.179444936862089e-05
4 5.056385942285164e-06
4 5.094233939746629e-06
4 5.149208437375213e-06
4 5.060565090228323e-06
4 5.101158843609182e-06
4 5.052833310678662e-06
4 5.172439537116261e-06
4 5.056779976536505e-06
4 5.063600481843624e-06
4 5.085346234951245e-06
4 5.233286719094345e-06
4 5.055483617141287e-06
4 5.11000490546528e-06
4 5.14467120759621e-06
4 5.24520719299597e-06
4 5.004007901541825e-06
4 5.117587881729198e-06
4 5.207171364406683e-06
4 5.13025787349227e-06
4 5.14748319461929e-06
4 5.135728202813456e-06
4 5.218480121252633e-06
4 5.157837895615906e-06
4 5.102542599885881e-06
4 5.086073390961763e-06
4 5.107925969561185e-06
4 5.15800815954179e-06
4 5.25055341882256e-06
4 5.299588983739324e-06
4 5.249937211337571e-06
4 5.125977458129322e-06
4 5.142268919330732e-06
4 5.121725699578918e-06
4 5.153454990929115e-06
4 5.167204930777298e-06
4 5.150452038446149e-06
4 5.155310609243531e-06
4 5.030980999630515e-06
4 5.054203470927641e-06
4 5.083000221616885e-06
4 5.148485473664523e-06
4 5.104942525446844e-06
4 5.232976866328226e-06
4 5.09384714150671e-06
4 5.149734433057122e-06
4 5.057465558003889e-06
4 5.172589520431302e-06
4 5.156632458290457e-06
4 5.025348089227594e-06
4 5.170762252769835e-06
4 5.21752141318491e-06
4 4.946867760548976e-06
4 5.055090385810266e-06
4 5.142055821818656e-06
4 5.139874735710571e-06
4 5.191823951434338e-06
4 5.127367533001461e-06
4 5.083965404426275e-06
4 5.149318045445724e-06
4 5.104164418756783e-06
4 5.146426180893026e-06
4 5.142464281319055e-06
4 5.108026932377575e-06
4 5.139057478357228e-06
4 5.108526978885567e-06
4 5.166677921463136e-06
4 5.206862310232997e-06
4 5.272432870828604e-06
4 5.094039955527578e-06
4 5.078264973006697e-06
4 5.02959739031962e-06
4 5.149130961457422e-06
4 5.120718936512541e-06
4 5.048046529307965e-06
4 4.996823344241021e-06
4 5.263484301826063e-06
4 5.167690046373504e-06
4 5.142642866390366e-06
4 5.158342428564137e-06
4 5.237565138662413e-06
4 5.009618484569734e-06
4 5.130052651107695e-06
4 5.162312541942897e-06
4 5.121309589628111e-06
4 5.144254973966856e-06
4 5.249291981620405e-06
4 5.307168707918724e-06
4 4.969452324843214e-06
4 5.113611757607048e-06
4 5.115173368806199e-06
4 5.143492655718749e-06
4 5.212360394146979e-06
4 4.992060077362461e-06
4 5.270318738810222e-06
4 5.23050684521932e-06
4 5.161131036328021e-06
4 4.989152215274609e-06
4 5.138284114529551e-06
4 5.193232080871484e-06
4 5.183484695779289e-06
5 6.014561563739752e-06
5 6.09302579450198e-06
5 6.044795626350592e-06
5 6.151722644720031e-06
5 6.039505771715385e-06
5 6.145260188209361e-06
5 5.823164997977041e-06
5 6.068852703325745e-06
5 6.045845813633274e-06
5 5.950707111943958e-06
5 6.239434458657166e-06
5 6.058573515600211e-06
5 6.131989169721486e-06
5 6.020440382756583e-06
5 5.993856209088075e-06
5 5.929200177266497e-06
5 6.117013875656384e-06
5 5.935772942760575e-06
5 5.96762980393986e-06
5 6.03419515907415e-06
5 6.280353753717309e-06
5 6.084473573522639e-06
5 6.024908743124578e-06
5 6.008329438936797e-06
5 6.191662391445711e-06
5 6.087166693835907e-06
5 5.983184763226538e-06
5 5.890180878752845e-06
5 5.998361353839041e-06
5 6.105335385548818e-06
5 6.079859319752862e-06
5 6.045227653374161e-06
5 6.001068202429716e-06
5 6.106021091411779e-06
5 6.043554091991919e-06
5 6.008969805496105e-06
5 6.054600685073814e-06
5 6.162329375294121e-06
5 5.998316385589073e-06
5 6.072841701574431e-06
5 6.084046528273368e-06
5 6.027024048391285e-06
5 6.171555658624617e-06
5 6.040968151708735e-06
5 6.082491945723679e-06
5 6.003012540099374e-06
5 6.057141684083271e-06
5 5.860144879164618e-06
5 5.929559773620914e-06
5 6.106193507533361e-06
5 6.058906510160877e-06
5 5.890508261543737e-06
5 6.007975705767769e-06
5 6.05934909805125e-06
5 6.266121092605514e-06
5 5.992092891758879e-06
5 6.1058427736101e-06
5 6.063355654614146e-06
5 6.078602693056198e-06
5 6.046527500494396e-06
5 5.999943157870215e-06
5 6.161150731612571e-06
5 5.995088064198023e-06
5 5.999056859456659e-06
5 6.162910451135694e-06
5 6.095171814738653e-06
5 6.203527295419346e-06
5 6.056516310557366e-06
5 6.008410859354514e-06
5 6.113469906493744e-06
5 6.007362497350629e-06
5 5.957910005168451e-06
5 6.068043249182456e-06
5 6.076059401229377e-06
5 6.153046027555594e-06
5 5.991725894408323e-06
5 6.06471393710536e-06
5 6.089563265162388e-06
5 6.247513327696421e-06
5 5.991759956261269e-06
5 5.99862383492163e-06
5 6.095457721785544e-06
5 6.029565356619084e-06
5 6.042683414720239e-06
5 6.108988698044414e-06
5 6.085819509192288e-06
5 5.959718138266824e-06
5 6.056806930877221e-06
5 5.955436908099328e-06
5 6.084547560799437e-06
5 6.010516729565745e-06
5 6.103063398475412e-06
5 5.950233051365976e-06
5 6.081872515663311e-06
5 6.061114443697907e-06
5 5.936549092254018e-06
5 6.012979731260506e-06
5 6.024653946148512e-06
5 5.989622557281971e-06
5 6.168670749075616e-06
6 9.65002311337794e-07
6 9.312534212497839e-07
6 9.125332464140973e-07
6 9.337913626498338e-07
6 9.427859070962338e-07
6 9.198447645675128e-07
6 9.304774203904635e-07
6 1.054187952858438e-06
6 1.038521017576068e-06
6 9.555171119987455e-07
6 9.526146277777039e-07
6 1.001752768796845e-06
6 8.762146305235155e-07
6 1.02257169863388e-06
6 9.953483279502107e-07
6 1.134070020783849e-06
6 1.068924767257775e-06
6 1.091921255837102e-06
6 9.100920291958239e-07
6 1.067231956614553e-06
6 1.110314544307002e-06
6 1.020057246824142e-06
6 9.308227933071501e-07
6 9.090201172463673e-07
6 9.780688117977506e-07
6 9.856059727188758e-07
6 1.024415104090529e-06
6 1.044077033312593e-06
6 1.071352294589464e-06
6 1.01541030649747e-06
6 9.721915940104943e-07
6 1.02190232796538e-06
6 9.026551142394058e-07
6 9.705515515476962e-07
6 1.017889441537029e-06
6 9.115457647300783e-07
6 9.434538253175123e-07
6 9.695530700488947e-07
6 1.032194292961471e-06
6 1.024081139918754e-06
6 9.32338483133468e-07
6 1.078663253482374e-06
6 9.425348587364535e-07
6 9.205002598289592e-07
6 1.019591497297854e-06
6 1.016519416442981e-06
6 9.314353642229807e-07
6 1.042489106446636e-06
6 9.329020070957537e-07
6 9.21776737232981e-07
6 9.535936371096945e-07
6 9.301475796988592e-07
6 9.410114846321016e-07
6 9.73876567045698e-07
6 1.086455623355221e-06
6 1.028295026546681e-06
6 9.091172289608867e-07
6 9.857440404820534e-07
6 9.632505201027449e-07
6 9.197049072021783e-07
6 1.006570874672241e-06
6 9.367680905127029e-07
6 1.174222475836217e-06
6 1.002811028224451e-06
6 1.035827823774745e-06
6 8.664407802166679e-07
6 1.038519288443439e-06
6 9.557281470731898e-07
6 1.005830580712093e-06
6 9.187074215769362e-07
6 9.672322074267326e-07
6 9.807383286308325e-07
6 1.04320929198152e-06
6 9.525413595477206e-07
6 8.999642464379868e-07
6 1.016881396503695e-06
6 1.039411732739804e-06
6 9.590783581234975e-07
6 9.73183758379385e-07
6 8.866856693387295e-07
6 1.097604965658795e-06
6 9.743826918327817e-07
6 9.37556151244043e-07
6 1.027740979443259e-06
6 9.384929861579577e-07
6 9.207055855184384e-07
6 9.59194570553475e-07
6 9.32054704648701e-07
6 1.040516707495818e-06
6 9.949656592155797e-07
6 8.900500616965905e-07
6 1.074718904332053e-06
6 1.044964915548358e-06
6 1.044674691929942e-06
6 1.03112033630857e-06
6 1.039472330457286e-06
6 1.030088993482808e-06
6 9.718933366649436e-07
6 9.750306930570993e-07
6 9.775097140216783e-07
7 1.413714023763251e-06
7 1.347469127987808e-06
7 1.373914694720866e-06
7 1.527094044192483e-06
7 1.38237176614723e-06
7 1.405849482465072e-06
7 1.36355462669685e-06
7 1.356864818428331e-06
7 1.364353356965892e-06
7 1.316770424656142e-06
7 1.250562535072473e-06
7 1.402989261989009e-06
7 1.276576468153986e-06
7 1.311494467482759e-06
7 1.372465554064872e-06
7 1.431489908300061e-06
7 1.34897979213115e-06
7 1.326491389923337e-06
7 1.364831737939595e-06
7 1.379251224387677e-06
7 1.249030364726247e-06
7 1.363596618393757e-06
7 1.099632903659136e-06
7 1.406204083632703e-06
7 1.337013039599322e-06
7 1.359164063626407e-06
7 1.299098848197893e-06
7 1.419661493007479e-06
7 1.445792154080871e-06
7 1.344633059118012e-06
7 1.319424791817831e-06
7 1.450827617434497e-06
7 1.25301451627991e-06
7 1.45836357695574e-06
7 1.44038057991007e-06
7 1.20996948422885e-06
7 1.440160308114779e-06
7 1.557645980669821e-06
7 1.353131811866131e-06
7 1.385058996854555e-06
7 1.214805283961472e-06
7 1.426545303670796e-06
7 1.33352664573686e-06
7 1.240951830285254e-06
7 1.433396543132068e-06
7 1.469366202390255e-06
7 1.333340119187742e-06
7 1.368254748205242e-06
7 1.433453735826866e-06
7 1.234949204678242e-06
7 1.234630715271044e-06
7 1.412143569899757e-06
7 1.415873754953308e-06
7 1.201392773691789e-06
7 1.293638312328058e-06
7 1.427401089863014e-06
7 1.331948688671877e-06
7 1.410409504428571e-06
7 1.411920303203016e-06
7 1.36811608367514e-06
7 1.389121561838329e-06
7 1.348012224345483e-06
7 1.343297822883357e-06
7 1.42651441091554e-06
7 1.206256622668817e-06
7 1.348989603850543e-06
7 1.315670576254451e-06
7 1.420518751992588e-06
7 1.41338718533256e-06
7 1.447886174702309e-06
7 1.370550849832084e-06
7 1.355049884239526e-06
7 1.384330710821091e-06
7 1.406959057841768e-06
7 1.396687696983734e-06
7 1.308554731656658e-06
7 1.379552052948152e-06
7 1.257861853669079e-06
7 1.405770075516741e-06
7 1.327954876201496e-06
7 1.359449518771617e-06
7 1.532491975426281e-06
7 1.39236711011569e-06
7 1.169276897403082e-06
7 1.403543797025164e-06
7 1.375742882127795e-06
7 1.483328571595019e-06
7 1.339118585036169e-06
7 1.224684218958266e-06
7 1.457925002410847e-06
7 1.453129806042362e-06
7 1.23109533265364e-06
7 1.345573936470679e-06
7 1.249497170163299e-06
7 1.328762979527448e-06
7 1.353312532761868e-06
7 1.41143936119909e-06
7 1.317618698716986e-06
7 1.297525087439068e-06
7 1.318264163558026e-06
8 1.644327535582061e-07
8 2.607715126538559e-07
8 2.704041280016051e-07
8 2.29952930519577e-07
8 2.694433775325633e-07
8 2.354304213292474e-07
8 2.507575174034354e-07
8 2.416075766854222e-07
8 2.602327164604998e-07
8 2.427327454561988e-07
8 2.97562933677538e-07
8 2.369582336272126e-07
8 7.870939002211848e-08
8 2.22038456033263e-07
8 2.053438167678286e-07
8 2.90947727833595e-07
8 2.347738072933473e-07
8 2.230151673318206e-07
8 2.708889507431785e-07
8 1.42471898728219e-07
8 3.02181388993143e-07
8 2.326913135464185e-07
8 1.844785306835431e-07
8 3.582112851259632e-07
8 1.94162019135159e-07
8 2.585710193991743e-07
8 1.517388207543791e-07
8 2.699736325082985e-07
8 1.528276601017796e-07
8 2.729419210827057e-07
8 1.879216561580464e-07
8 1.48295236225306e-07
8 3.019617086658059e-07
8 2.052864380518034e-07
8 2.282268408723601e-07
8 1.780866955949552e-07
8 3.890231516668287e-07
8 1.682408094208781e-07
8 1.230610815239814e-07
8 1.914284969069019e-07
8 3.166912723296031e-07
8 3.382833200574089e-07
8 1.072357605388277e-07
8 2.64542684461187e-07
8 2.110508458794652e-07
8 2.406877417985944e-07
8 2.020601992672194e-07
8 2.360972382494839e-07
8 2.369495155552421e-07
8 2.087700377127611e-07
8 3.373781761695578e-07
8 3.283813537047675e-07
8 3.149477445411568e-07
8 2.10408066263196e-07
8 1.938256421566344e-07
8 3.425023828821941e-07
8 2.970861327192537e-07
8 2.220768142443551e-07
8 2.28041369778982e-07
8 3.743810533345595e-07
8 2.928999417651712e-07
8 4.031898047776392e-07
8 2.189403627200606e-07
8 2.807733712010586e-07
8 3.136398992593564e-07
8 3.819562172443046e-07
8 2.755307214871542e-07
8 1.877377210108152e-07
8 2.996160948004656e-07
8 1.450018958432059e-07
8 3.203839653481783e-07
8 2.249547761473329e-07
8 2.993968194900106e-07
8 2.047069413403499e-07
8 3.35738056836317e-07
8 2.471122806995939e-07
8 1.917525964341805e-07
8 1.914304554322019e-07
8 1.492337189711784e-07
8 2.853407863315447e-07
8 2.163222093707985e-07
8 2.486151898755945e-07
8 1.182423423064698e-07
8 2.404670592243313e-07
8 2.2734802482907e-07
8 3.989666413127765e-08
8 2.237702676930522e-07
8 2.299914453067737e-07
8 1.72254652582257e-07
8 3.176396830559693e-07
8 2.015582945399036e-07
8 2.0409924435803e-07
8 3.300956010140937e-07
8 2.44068736142095e-07
8 3.448299953130735e-07
8 2.994327195091644e-07
8 2.524263369790081e-07
8 3.379096459366301e-07
8 1.923646105586714e-07
8 1.868065393687162e-07
9 5.206875170510809e-07
9 5.892650985154295e-07
9 5.155211288277488e-07
9 6.919691879923735e-07
9 6.040207768145578e-07
9 5.07140972441822e-07
9 5.710841837406221e-07
9 6.323880599672795e-07
9 5.697603456289714e-07
9 6.356060742619192e-07
9 6.089068126381418e-07
9 5.163948591624794e-07
9 5.815938853816898e-07
9 4.539471149693927e-07
9 5.495473046333361e-07
9 6.162603997717434e-07
9 6.226325098196174e-07
9 5.285967747445178e-07
9 5.027688851500203e-07
9 6.368013997976825e-07
9 5.292086910404814e-07
9 6.168898043003018e-07
9 6.206951549833632e-07
9 5.275689274692773e-07
9 5.924250672461273e-07
9 6.076119545741246e-07
9 6.30523426498731e-07
9 6.038689090300826e-07
9 5.795952937143111e-07
9 6.21009495874655e-07
9 6.550311630836018e-07
9 5.98451266527942e-07
9 5.50884609150702e-07
9 5.711277958240091e-07
9 6.451973886118452e-07
9 5.628468274582683e-07
9 5.590243925656559e-07
9 5.251798126475732e-07
9 4.410544462159977e-07
9 5.05891896534e-07
9 6.037497331169508e-07
9 6.041113862313121e-07
9 5.666777227545312e-07
9 5.881383180492823e-07
9 6.164109809210306e-07
9 6.731576080078958e-07
9 5.314357210579958e-07
9 5.268236605498439e-07
9 5.393967028471033e-07
9 6.236654049665889e-07
9 5.889124542778338e-07
9 5.732501360934365e-07
9 5.670301393316113e-07
9 6.534478957328766e-07
9 5.4865592403636e-07
9 6.19529269865019e-07
9 5.204328302028842e-07
9 6.842312358037505e-07
9 5.947312049369087e-07
9 5.729404265672499e-07
9 5.478371806990999e-07
9 4.490494211832939e-07
9 5.71309762725707e-07
9 6.207257456779095e-07
9 4.513994588383135e-07
9 6.215278424468827e-07
9 5.092943694154474e-07
9 5.946117743818731e-07
9 5.558757714148578e-07
9 5.6894291884945e-07
9 6.508932325280538e-07
9 5.043480864568601e-07
9 6.177429252768939e-07
9 6.326859797867053e-07
9 5.138236817321585e-07
9 5.327805922065424e-07
9 4.817813786716626e-07
9 6.45310859433112e-07
9 5.766126091645298e-07
9 7.095604732930211e-07
9 6.563292606362749e-07
9 5.586022134589658e-07
9 5.70796151342467e-07
9 5.496262583608266e-07
9 6.323578191020263e-07
9 5.353151185772362e-07
9 5.851413816013883e-07
9 5.968129798611631e-07
9 5.992783318082689e-07
9 6.593715763302075e-07
9 5.909344235379597e-07
9 5.803304681686402e-07
9 6.573667211103024e-07
9 6.491287044402719e-07
9 5.310641533419498e-07
9 4.702662698348404e-07
9 6.293690005761852e-07
9 6.027757864523285e-07
9 6.041214550832453e-07
9 6.047315019386752e-07
10 1.678683970367839e-07
10 1.267035670194674e-07
10 2.105501619365734e-07
10 1.216452147468718e-07
10 1.241963036808695e-07
10 8.562441609646169e-08
10 4.884354009019911e-08
10 5.902211740058237e-08
10 1.364602611798406e-07
10 1.686306674971356e-07
10 7.24333612257465e-08
10 2.228753414652081e-07
10 5.668055769143451e-08
10 1.590299996605694e-07
10 2.338472682493936e-07
10 1.49440936669263e-07
10 1.405181580024083e-07
10 1.036368979439572e-07
10 2.1416470841962e-07
10 6.720745522875403e-08
10 1.299176414270165e-07
10 9.129234645528742e-08
10 2.275008997259391e-07
10 4.749323596162385e-08
10 1.410661346454025e-07
10 1.592707710756355e-07
10 1.502319840619794e-07
10 2.413123101597317e-07
10 1.756831604145843e-07
10 7.976059752382035e-08
10 9.028895283864096e-08
10 8.476567673243591e-08
10 1.137288785939785e-07
10 8.871181552486725e-08
10 1.410840047202138e-07
10 6.056565345584683e-08
10 1.101407185710821e-07
10 2.023666083333695e-07
10 1.553589770502959e-07
10 8.098217686678792e-08
10 7.907274918115116e-08
10 1.66819307383347e-07
10 9.524478619360908e-08
10 4.29535875875953e-08
10 8.834255508295468e-08
10 5.043058131955183e-08
10 2.903879223985266e-07
10 1.064422457034722e-07
10 9.889472430725549e-08
10 1.84173799438384e-07
10 9.503993938015928e-08
10 1.471118405334069e-07
10 2.754495524018772e-07
10 1.675390830516165e-07
10 1.008022563436842e-07
10 7.969225342181273e-08
10 1.118182639800285e-07
10 1.122693309563244e-07
10 1.413008209888608e-07
10 1.195570565556319e-07
10 5.586916721101261e-08
10 5.567989025344238e-08
10 1.013380082751536e-07
10 1.614547171209336e-07
10 7.907776433897899e-08
10 1.267725730055962e-07
10 2.438365369861996e-07
10 5.520430004899732e-08
10 1.629757147323222e-07
10 9.172324543467593e-08
10 6.08966453612485e-08
10 4.750354871758556e-08
10 1.516836142227277e-07
10 1.573985556456927e-07
10 1.315704649356728e-07
10 1.08521871410818e-07
10 2.768959370970381e-08
10 1.74326829073321e-07
10 2.797223683795071e-08
10 1.376451698807033e-07
10 1.379519896385039e-07
10 2.588383339746952e-07
10 1.496197090547034e-08
10 1.005750695367411e-07
10 1.504099243868224e-07
10 1.289520831404408e-07
10 9.313771126734653e-08
10 1.127830776821364e-07
10 1.378087239800354e-07
10 8.485296788289475e-08
10 1.368172815433045e-07
10 1.106006518184395e-07
10 2.613737550624856e-07
10 1.275093035327838e-07
10 1.269180238452867e-07
10 1.75668429471174e-07
10 1.675238967555222e-07
10 9.005381825528079e-08
10 5.94887243382797e-08
10 1.061343469080035e-07
11 3.610801543878591e-07
11 3.60796926869836e-07
11 3.44335932167981e-07
11 4.536474696342582e-07
11 2.677830669094049e-07
11 4.516927471059357e-07
11 3.54015890839288e-07
11 4.328313616640034e-07
11 4.550717598294926e-07
11 3.286242606725603e-07
11 3.764851918733628e-07
11 4.964892222644477e-07
11 4.491475528091125e-07
11 4.716294754265115e-07
11 3.79668920730839e-07
11 3.477521300590003e-07
11 3.913802266759292e-07
11 4.086733048960583e-07
11 3.638258709512664e-07
11 4.908790352765316e-07
11 4.358539255593798e-07
11 5.414053799066139e-07
11 4.33989177770374e-07
11 5.042578304870279e-07
11 4.01419623126328e-07
11 4.382007828595564e-07
11 3.36665305074658e-07
11 4.095761137618434e-07
11 3.873521008498776e-07
11 3.638948553804907e-07
11 4.111955029608039e-07
11 4.143435105312813e-07
11 3.044844906030704e-07
11 4.534793514212594e-07
11 5.023222347525438e-07
11 4.011762111366455e-07
11 3.827736747979479e-07
11 5.133280552493491e-07
11 3.321609657312937e-07
11 4.005951905003477e-07
11 3.33439443366789e-07
11 4.244236588492409e-07
11 4.299045173750396e-07
11 4.780472891645452e-07
11 5.260801707727169e-07
11 3.737131511450244e-07
11 3.055340915689922e-07
11 4.162203714250784e-07
11 3.78944597686217e-07
11 3.370823541200964e-07
11 4.998414554414036e-07
11 5.098949534224157e-07
11 4.406794891009378e-07
11 3.759337463506627e-07
11 4.299133330487126e-07
11 4.574366985126098e-07
11 3.030435441298269e-07
11 3.105283838682063e-07
11 5.995490719198587e-07
11 4.210589243099036e-07
11 4.267990310297311e-07
11 4.390302402853122e-07
11 4.095214234269029e-07
11 4.781355582629545e-07
11 3.339829610130686e-07
11 3.061756209188973e-07
11 4.315230690889172e-07
11 4.306394311176191e-07
11 4.038328238879665e-07
11 3.215566656601569e-07
11 3.970728075019668e-07
11 3.218171699086572e-07
11 3.128951653886164e-07
11 4.204418228782271e-07
11 4.682773162013324e-07
11 4.150491919329084e-07
11 3.892986229481816e-07
11 3.424314132040059e-07
11 3.856382009332837e-07
11 4.365317925725008e-07
11 4.06236978877325e-07
11 4.357798038376329e-07
11 5.816361463171604e-07
11 3.533459709227772e-07
11 3.614429969758855e-07
11 4.564829212287609e-07
11 3.190601687812987e-07
11 4.034832052812861e-07
11 4.287019044112552e-07
11 4.386029109529777e-07
11 4.063438940858513e-07
11 4.919982345132616e-07
11 3.996458564849259e-07
11 4.137540891715766e-07
11 3.577559554970257e-07
11 4.089347058883111e-07
11 5.021619914004597e-07
11 4.821598635176418e-07
11 4.66873294486328e-07
11 3.628972259534718e-07
12 2.091930364268362e-07
12 1.035335917292586e-07
12 1.418562232748383e-07
12 1.729869040699999e-07
12 1.835263352618459e-07
12 1.38748723250414e-07
12 1.908215552025383e-07
12 1.128986165151238e-07
12 6.352174739136181e-08
12 1.673894476413155e-07
12 2.280350457083395e-07
12 1.699065544191012e-07
12 1.932686788238336e-07
12 9.275104270580391e-08
12 7.279226487241175e-08
12 2.049518063496686e-07
12 2.111410697917956e-07
12 1.206523090727061e-07
12 3.651830046923539e-08
12 3.693355768868988e-07
12 7.782224359662594e-09
12 1.962507037083781e-07
12 2.556563354882711e-07
12 1.073303364837481e-07
12 1.469697987527024e-07
12 2.096782866229631e-07
12 1.695663274862345e-07
12 2.314660827178988e-07
12 2.44159289131201e-07
12 1.681627535595678e-07
12 9.711226933395926e-08
12 1.528522340323883e-07
12 2.097514393805075e-07
12 1.26721256725125e-07
12 -4.075110429996857e-08
12 2.146112353772529e-07
12 1.153690626389868e-07
12 1.265185362785571e-07
12 2.432445625336616e-07
12 6.002400123226006e-08
12 5.828349777313878e-08
12 2.748880009191134e-07
12 1.583154826428684e-07
12 1.687391814508933e-07
12 1.306504303657078e-07
12 1.366434026597472e-07
12 2.431270316697528e-07
12 5.348749040363166e-09
12 1.799717755981099e-07
12 1.79018308329305e-07
12 1.885076031891145e-07
12 1.772920555300383e-07
12 8.207469896559502e-08
12 1.387209117642511e-07
12 1.117336922134061e-07
12 2.138765656688173e-07
12 1.499553407431513e-07
12 3.27563349012964e-08
12 2.02955576893519e-07
12 1.772655762891304e-07
12 1.998416214374351e-07
12 2.095274983221514e-07
12 1.09092656056387e-07
12 1.809052805980057e-07
12 1.336999257898445e-07
12 2.48025156472338e-07
12 1.74311404530652e-07
12 2.430310437228761e-07
12 2.287365685320144e-07
12 2.419962454954774e-07
12 1.638847147357582e-07
12 8.026758102216693e-08
12 1.715470630262991e-07
12 9.425453078249805e-08
12 2.275672910151594e-07
12 1.764232532279366e-07
12 1.945467555197724e-07
12 1.231525420772069e-07
12 1.409836232608331e-07
12 1.168660900006554e-07
12 1.161665207764769e-07
12 1.91581429493696e-07
12 2.315811380003323e-07
12 1.377565729323296e-07
12 2.864987420097556e-07
12 4.4840669412835e-08
12 1.094819481061986e-07
12 1.99798544232863e-07
12 1.452693579062269e-07
12 1.085737500275642e-07
12 2.418067661283457e-07
12 2.222062822285537e-07
12 9.528105329924646e-08
12 2.417645815903736e-07
12 2.122760929039572e-07
12 1.246293596204064e-07
12 1.059082973868266e-07
12 1.665945327594354e-07
12 2.283181131857971e-07
12 2.261782330051362e-07
13 3.26659528560553e-07
13 2.685098659908437e-07
13 2.60967064601817e-07
13 3.569738859250268e-07
13 3.69836254709706e-07
13 2.347863542757011e-07
13 2.608490886254219e-07
13 3.148094133243688e-07
13 3.167474188775752e-07
13 3.032765319792103e-07
13 3.634228730327926e-07
13 3.813901370245074e-07
13 3.689325280371137e-07
13 2.873370097425e-07
13 2.840668169583507e-07
13 3.034230083398766e-07
13 3.964015088264325e-07
13 3.432344000258158e-07
13 3.501608898344165e-07
13 2.326309757611975e-07
13 4.411031929775778e-07
13 2.957720506828546e-07
13 4.71694264681289e-07
13 2.402602677000736e-07
13 3.240976450318041e-07
13 2.497898280912841e-07
13 4.013236625044005e-07
13 4.048777114162675e-07
13 3.43617861893904e-07
13 3.105179032993998e-07
13 3.468950542825095e-07
13 3.169402686449886e-07
13 2.258114916247456e-07
13 3.281441506084246e-07
13 3.298707513706405e-07
13 3.278098959437556e-07
13 3.104654299825395e-07
13 3.979999657632553e-07
13 3.254054688670327e-07
13 3.103289421173803e-07
13 3.647095921811027e-07
13 3.446396134128662e-07
13 3.080819286870173e-07
13 3.880546829934211e-07
13 2.426059705860033e-07
13 2.404166678242928e-07
13 2.821662396087975e-07
13 2.795319396863615e-07
13 2.949443123385674e-07
13 3.547961322472406e-07
13 3.20822065156655e-07
13 3.341383964351264e-07
13 3.064034144258665e-07
13 3.114533513007757e-07
13 2.298866786635837e-07
13 3.32169590388452e-07
13 2.663400713478687e-07
13 2.870667196201273e-07
13 2.755730781239341e-07
13 1.962432491235797e-07
13 2.878026440079247e-07
13 3.751743995562327e-07
13 2.6068260476097e-07
13 2.342457413135204e-07
13 2.951017333554332e-07
13 3.919600835547067e-07
13 2.87246276802005e-07
13 2.237321602175721e-07
13 2.862947778054437e-07
13 3.273126920357857e-07
13 1.783510394792989e-07
13 3.025852872691859e-07
13 1.825654298171537e-07
13 3.381424774871315e-07
13 3.029573012776173e-07
13 2.787976038817017e-07
13 3.552729473522505e-07
13 1.960057867042013e-07
13 2.033528594356015e-07
13 3.354002680116651e-07
13 2.924110587833442e-07
13 3.261523957635054e-07
13 2.387355073493508e-07
13 3.327742928004729e-07
13 2.860995477278711e-07
13 2.579301017513244e-07
13 2.411008815694378e-07
13 2.058368501117862e-07
13 2.330721632577248e-07
13 3.137268445275002e-07
13 2.895696839613072e-07
13 3.604941592457258e-07
13 3.369183179199124e-07
13 3.421109956221068e-07
13 2.780874395787839e-07
13 2.515483784815254e-07
13 2.548427297189911e-07
13 3.53484901942254e-07
13 3.719844166141373e-07
13 2.63222588416463e-07
14 -8.624953037852283e-08
14 -4.401035714931332e-08
14 -9.45587926545751e-08
14 1.445180674750365e-07
14 1.262414933699651e-07
14 1.221930618395849e-07
14 5.4825697620241e-08
14 6.490060031975929e-08
14 -5.496370611130798e-08
14 4.169790092802775e-08
14 -2.228279879108995e-09
14 9.975499904409126e-09
14 9.958540011051059e-08
14 -2.00765737288467e-09
14 2.605774992029712e-09
14 -1.867319008216202e-08
14 2.010672313656181e-09
14 7.730802492954633e-08
14 2.832467882950251e-08
14 1.664606242356407e-07
14 7.717584685786376e-09
14 -2.502474458497915e-09
14 8.06868353543568e-08
14 -8.047369063764137e-09
14 9.188667353262334e-08
14 -6.247470251010115e-11
14 -9.764935983152097e-08
14 -6.065010356138854e-10
14 1.072237927627687e-07
14 1.664463773024388e-07
14 9.172159629049687e-08
14 7.678531129247379e-08
14 4.009388102561041e-08
14 1.117756684567426e-07
14 2.900962394176965e-08
14 5.944036969651979e-08
14 6.858490903745576e-08
14 5.78187898668239e-08
14 -2.319465559708149e-08
14 -4.178758187157468e-08
14 9.820063807958051e-08
14 4.02230747830162e-09
14 6.91892180864577e-08
14 -1.824400135246081e-08
14 1.069359767238004e-08
14 2.29143597462304e-08
14 -3.630283932886932e-08
14 -6.628540168264739e-08
14 1.162398604894909e-07
14 3.91871142376323e-08
14 9.025395764122153e-08
14 1.922442933011303e-07
14 -3.108358080973711e-08
14 3.046341556791324e-08
14 6.20985551199237e-08
14 1.424443763549131e-07
14 3.160609187326694e-08
14 5.765662346432716e-08
14 -9.561220164131823e-09
14 4.388805515339948e-08
14 -2.230309605302154e-08
14 -1.848240868945434e-08
14 3.842740471410489e-09
14 3.75144214130535e-08
14 9.672625355365252e-08
14 6.143337292268995e-08
14 -3.384978193387155e-08
14 6.392720569126902e-09
14 2.634793746004623e-08
14 1.203128219826794e-07
14 1.171947485281851e-07
14 -2.007604825852504e-08
14 8.808494629912424e-09
14 2.133885614706734e-08
14 7.617920104737391e-08
14 7.128170171103045e-08
14 -4.027657212815658e-08
14 3.483768757370869e-08
14 5.882512218716817e-08
14 4.566827854427683e-08
14 6.262092152200555e-08
14 4.359000829834814e-08
14 3.007564141272178e-08
14 -4.528217583440956e-08
14 9.113088059101731e-08
14 1.136494019267932e-07
14 2.416868067811924e-08
14 -3.122117145742564e-08
14 5.742239017482885e-08
14 8.711402259570282e-08
14 6.13954462847192e-08
14 1.299984857249479e-08
14 1.074625097593454e-07
14 1.349375733109072e-07
14 7.557272185519471e-08
14 -1.455499976990247e-08
14 1.933331566935333e-08
14 2.340915442502252e-08
14 6.917088291638876e-08
14 3.157055610163753e-08
15 1.329886383951276e-07
15 2.616112636256979e-07
15 2.108250766573277e-07
15 2.257756511834177e-07
15 1.385792085676965e-07
15 2.346468326285996e-07
15 1.718000577460071e-07
15 1.936137616503373e-07
15 1.228959613897195e-07
15 2.115379257183363e-07
15 2.242140221164115e-07
15 2.038579660581531e-07
15 1.303007664162014e-07
15 2.764975925171507e-07
15 2.161284063983129e-07
15 1.699263639786756e-07
15 1.442161075281533e-07
15 2.512114617619626e-07
15 1.537462782448484e-07
15 1.052108599151773e-07
15 1.254543727553926e-07
15 2.90514159294412e-07
15 2.471635323043906e-07
15 1.438724806246143e-07
15 2.037572608810991e-07
15 2.659906136531127e-07
15 1.722942290559371e-07
15 2.265984444402065e-07
15 2.587137220753407e-07
15 1.6826267295807e-07
15 2.814651031410684e-07
15 2.740927064581031e-07
15 1.645415988759574e-07
15 2.183073146017636e-07
15 1.990038870308867e-07
15 1.88193979010871e-07
15 1.452753653593543e-07
15 2.606488336122591e-07
15 1.668073935533488e-07
15 2.216355277074271e-07
15 1.550047011327416e-07
15 1.993008994930729e-07
15 2.187653112924336e-07
15 1.655114920413886e-07
15 2.676597127364037e-07
15 2.225617283117198e-07
15 1.885692750299141e-07
15 2.947959258950414e-07
15 3.238433547726027e-07
15 2.754018236252473e-07
15 1.524615473190399e-07
15 2.265230796436402e-07
15 1.951407236588994e-07
15 1.340147597912781e-07
15 1.833229187292565e-07
15 2.627032345819893e-07
15 3.532929016716367e-07
15 2.153167494634524e-07
15 2.159931657630993e-07
15 2.01644652552119e-07
15 1.85411085670689e-07
15 2.724743330622866e-07
15 2.263269216196753e-07
15 7.194580355349762e-08
15 3.2436134931239e-07
15 2.31236124244194e-07
15 2.307894479915867e-07
15 2.813830024165936e-07
15 1.528231371414785e-07
15 1.73287540016179e-07
15 2.196065726815141e-07
15 1.760200656302279e-07
15 2.360655998950091e-07
15 2.280935661415126e-07
15 1.629211999917964e-07
15 2.216094021883276e-07
15 1.727823789003997e-07
15 2.34970865787647e-07
15 2.963561051075202e-07
15 1.296701744048694e-07
15 1.915851866348309e-07
15 1.683869929436588e-07
15 2.08025871685218e-07
15 2.405649357311023e-07
15 2.770179110163543e-07
15 1.911036538936966e-07
15 2.354409250700969e-07
15 1.264696632996565e-07
15 1.430216428488397e-07
15 1.69099407354877e-07
15 1.582499922806777e-07
15 1.959693291988792e-07
15 2.570280974151981e-07
15 1.364567935502396e-07
15 2.390489767998908e-07
15 2.09223141427147e-07
15 2.346313177731654e-07
15 2.521669189094149e-07
15 2.412235309707529e-07
15 2.436391693415625e-07
16 1.381853653806064e-07
16 9.62587132198984e-09
16 7.411660165764495e-08
16 -9.346928977409983e-09
16 1.305594560937907e-07
16 1.435922914256658e-07
16 6.380676613771779e-08
16 6.982820105084502e-08
16 1.302746692802331e-07
16 1.157602565481683e-08
16 1.090171224601803e-08
16 1.669763753765413e-07
16 3.697844702521076e-09
16 1.022317660037524e-07
16 3.578046901825542e-08
16 -2.902320144636632e-08
16 5.718624466506745e-08
16 1.094793655422928e-07
16 -3.086572985555083e-08
16 -8.615784258436486e-09
16 1.402742354479384e-08
16 9.229228099646592e-09
16 2.489976960325144e-08
16 2.462358175959357e-08
16 1.038920097393984e-07
16 1.505379327315478e-07
16 6.467397071720898e-08
16 1.251923634157892e-07
16 1.1905676372009e-07
16 -7.448092846599545e-08
16 6.138354226763174e-08
16 -2.875932650743315e-08
16 7.597209834500264e-08
16 1.323552937321454e-07
16 -4.260183686506994e-09
16 5.580517241217373e-08
16 9.929664294786324e-08
16 -6.403193542686167e-08
16 3.313556441307013e-08
16 6.161412470072682e-08
16 -1.671620290332986e-08
16 8.121612179041044e-08
16 7.81415937087629e-08
16 1.151016457006055e-07
16 1.581320881002821e-07
16 4.245126168682965e-08
16 1.566549122966571e-07
16 -4.088816931318549e-08
16 2.757988817878039e-08
16 8.861053054190775e-08
16 1.678733060215239e-07
16 3.513910327103945e-08
16 9.770359075184793e-08
16 9.02129295204972e-08
16 6.205888590129577e-08
16 -4.070821894132709e-08
16 -3.903032268870814e-08
16 1.165433531297194e-07
16 5.408301304318825e-08
16 3.228839184318959e-08
16 8.120866604498599e-08
16 6.656796023237473e-08
16 3.222608989449995e-08
16 8.280678254634262e-08
16 1.051782163060495e-07
16 1.105493451419277e-07
16 -6.502945765422626e-08
16 1.15477839882414e-07
16 2.492612379343632e-08
16 -1.25411820902839e-08
16 7.968329662219101e-08
16 6.744524667635095e-09
16 -5.142425201641989e-09
16 1.876434388967956e-09
16 -8.512589761532183e-09
16 1.245402607919813e-07
16 5.657306585372855e-09
16 6.592503756916227e-08
16 3.303727746906858e-08
16 6.196549952289068e-08
16 1.02869068773305e-07
16 4.055770621729679e-08
16 9.746723434032158e-08
16 8.2368315921824e-08
16 9.350119255715612e-08
16 1.167577845529151e-07
16 4.421726843053698e-08
16 5.581911854143576e-08
16 6.984687939296219e-08
16 8.494021535833101e-08
16 -5.099997833195357e-10
16 6.331068899441466e-08
16 -2.106241331634339e-08
16 5.748629513720972e-08
16 -3.606740444272552e-08
16 -8.847025245951817e-08
16 1.425369492607374e-07
16 -5.929061372253348e-08
16 5.937908931371262e-08
16 -3.848533228771732e-08
17 2.669532908892749e-07
17 2.756162865078285e-07
17 2.365610381733568e-07
17 2.397592535683561e-07
17 2.978446880757181e-07
17 9.175710719908723e-08
17 1.868839551335154e-07
17 1.750741574870093e-07
17 3.266994024259981e-07
17 3.16642791263664e-07
17 3.227972673215505e-07
17 2.488633415656027e-07
17 2.686809889746208e-07
17 1.878066045164435e-07
17 2.233266044096956e-07
17 2.567435184508472e-07
17 1.86822264106884e-07
17 2.778384653712649e-07
17 2.673967222184802e-07
17 2.038990495717092e-07
17 2.394279955770337e-07
17 2.654760662924968e-07
17 2.42117257383594e-07
17 2.719279362675948e-07
17 2.423052689796355e-07
17 2.810757079020982e-07
17 1.340107175346381e-07
17 2.414791131779281e-07
17 2.850701797769429e-07
17 1.596905263124018e-07
17 2.547296396465536e-07
17 1.768856049622715e-07
17 2.357892541652172e-07
17 2.032575404846518e-07
17 1.985409523639748e-07
17 3.531412498769667e-07
17 2.102930815079912e-07
17 3.987486840620334e-07
17 2.354006641894377e-07
17 1.394639103566431e-07
17 3.11495524113388e-07
17 2.360589138361682e-07
17 3.142643018768301e-07
17 2.577029379902843e-07
17 2.812249930806528e-07
17 3.264094472106739e-07
17 1.747176713062242e-07
17 2.254702250561765e-07
17 2.313095563919996e-07
17 2.683269741536878e-07
17 2.603605417363242e-07
17 1.886307473085571e-07
17 1.949835185449699e-07
17 2.662910673698856e-07
17 2.572894217948572e-07
17 1.659748404634524e-07
17 2.916643950278747e-07
17 2.361623497236444e-07
17 3.782097971723968e-07
17 2.206867123014507e-07
17 8.649465690274966e-08
17 1.108948371159115e-07
17 1.941037397962922e-07
17 3.129632366793025e-07
17 2.832707877616023e-07
17 3.225362624183258e-07
17 2.14257989095169e-07
17 2.554292038095089e-07
17 2.213416029961286e-07
17 2.711182074725801e-07
17 2.444221827802329e-07
17 2.349642157027506e-07
17 2.381277663288458e-07
17 2.466013377401675e-07
17 3.094541958401386e-07
17 2.852641525857473e-07
17 2.869294504428387e-07
17 2.089616247612314e-07
17 2.450569898100232e-07
17 2.641031908626324e-07
17 3.42137244272544e-07
17 2.818844065670029e-07
17 3.126501633256079e-07
17 6.482661129652547e-08
17 2.55763017548938e-07
17 2.752345968451772e-07
17 2.140641806857096e-07
17 1.959912242503928e-07
17 1.962290855807632e-07
17 1.373189001255597e-07
17 1.601782364520666e-07
17 2.535888379346602e-07
17 1.650819540317348e-07
17 1.921404984540883e-07
17 2.522866191281829e-07
17 2.275494027211698e-07
17 3.961807631134982e-07
17 2.139497021583469e-07
17 1.606067946514974e-07
17 2.419651158817236e-07
18 8.449568522303262e-08
18 5.792638391661373e-08
18 3.951643229350538e-08
18 1.307536597704318e-07
18 4.840905979753427e-08
18 3.409231954852504e-08
18 3.621022855604343e-09
18 3.349844151362499e-08
18 6.295409898252006e-08
18 9.756433468241178e-08
18 4.679642895811058e-08
18 4.181013627420599e-09
18 -1.885564603721909e-08
18 -1.901925344569092e-08
18 1.820726115414287e-07
18 -1.191469274424696e-09
18 1.481861658053583e-07
18 1.002903217440464e-07
18 9.548008358491151e-08
18 9.71582058866662e-08
18 4.98487005121831e-08
18 1.300177326700926e-07
18 1.03529496611841e-07
18 5.073328198571143e-08
18 6.108805595038227e-08
18 1.145510998909613e-07
18 1.494004776607895e-07
18 9.419978209268206e-08
18 2.259001751169912e-08
18 1.417804227763209e-07
18 1.429122719365092e-07
18 1.084919248719629e-07
18 -2.096115251967957e-08
18 2.305158369864954e-07
18 4.477984057116057e-08
18 5.003236344472988e-08
18 6.47737002459374e-08
18 1.405650056961592e-07
18 1.104849105594437e-07
18 1.942363125811615e-08
18 7.280735554885138e-08
18 1.164364672641063e-07
18 7.544826895063166e-08
18 1.131880608379226e-07
18 6.266607928332884e-08
18 1.172039049725096e-07
18 7.906522776961328e-08
18 9.784205469236448e-08
18 1.172486373007277e-07
18 1.077153594201068e-07
18 7.786154532107134e-08
18 9.938219049841793e-08
18 1.253290494065265e-07
18 8.302775739680799e-08
18 2.374165112671227e-08
18 1.090847104535103e-07
18 6.024498799682927e-08
18 7.698631586012764e-08
18 -3.285853934744051e-08
18 1.301099336977074e-07
18 4.654657547701209e-08
18 8.418099415863163e-08
18 2.090374370397443e-07
18 -6.5857852807137e-10
18 1.437727114309705e-08
18 4.376850358241032e-08
18 1.005411309737766e-07
18 1.251192049164158e-07
18 9.050802852808765e-08
18 6.186418335543036e-08
18 4.143827773753441e-08
18 1.347623427343528e-07
18 2.93768836509722e-08
18 1.031354015801607e-07
18 -3.931473699556156e-10
18 2.571949363475928e-08
18 -2.109348395633973e-08
18 4.92983968374974e-08
18 6.005276594472791e-08
18 1.572962812267162e-07
18 8.815426870283515e-08
18 1.210838512419541e-07
18 7.42191396850863e-08
18 1.098537313067312e-07
18 1.987374790134043e-08
18 1.619615268098335e-08
18 8.932620194544083e-08
18 1.003279727231388e-07
18 1.502842115442393e-07
18 4.235908192245215e-08
18 1.094206364847093e-07
18 1.002570406895066e-07
18 6.841610924385584e-08
18 1.131856657476053e-07
18 1.369635150861249e-07
18 1.543239698703628e-07
18 9.959293230452634e-08
18 -3.39329409617834e-08
18 4.004678466432248e-08
18 9.177408566831341e-08
19 2.368173496483045e-07
19 1.813227868935188e-07
19 2.220197824633062e-07
19 1.111904723489116e-07
19 1.811078622774639e-07
19 2.70872359213994e-07
19 1.986802159717975e-07
19 1.284006566144696e-07
19 1.737816534044401e-07
19 1.114411012632809e-07
19 1.629031513614027e-07
19 8.050126429496604e-08
19 1.021205877949016e-07
19 1.951385811765468e-07
19 1.380019465664848e-07
19 2.17289982544713e-07
19 1.258354588961538e-07
19 2.206378240473353e-07
19 2.004491114423022e-07
19 1.810783144215417e-07
19 2.053264930790945e-07
19 9.853569207131696e-08
19 2.149120674608125e-07
19 2.910429014783227e-07
19 1.177282405037866e-07
19 9.729996608878188e-08
19 2.735322028993826e-07
19 1.804231760239881e-07
19 1.597589760518133e-07
19 1.988613324861173e-07
19 2.605179605643902e-07
19 1.926017108989311e-07
19 2.052569156362282e-07
19 2.162158498196111e-07
19 1.865267461564153e-07
19 7.763573439372148e-08
19 2.061033310497343e-07
19 1.270827746338039e-07
19 1.895073107064427e-07
19 1.449084039703686e-07
19 1.549827522311062e-07
19 1.608533452755999e-07
19 1.854947789892658e-07
19 1.541382570991731e-07
19 1.0721810662243e-07
19 2.399636352156018e-07
19 2.596973057530817e-07
19 1.592867373845044e-07
19 1.655780862945203e-07
19 7.156786197641587e-08
19 1.881086303068285e-07
19 1.917934938594156e-07
19 2.326895266084786e-07
19 7.324652997696894e-08
19 1.131288441450116e-07
19 1.93638658745827e-07
19 1.654318422317559e-07
19 1.348674333986127e-07
19 -2.953091012895081e-08
19 2.015678806849815e-07
19 1.279635213842976e-07
19 9.188289964618508e-08
19 1.236688208852459e-07
19 2.037076470760439e-07
19 2.287949850120857e-07
19 1.628265582975022e-07
19 2.074904674260295e-07
19 1.437730953774828e-07
19 1.915557962977988e-07
19 1.688069000071126e-07
19 2.028817317146217e-07
19 5.694235412152781e-08
19 1.562019526462605e-07
19 1.270807472628404e-07
19 1.739687835415001e-07
19 2.432302575893093e-07
19 2.301158953962352e-07
19 1.419218377454936e-07
19 1.479177591276406e-07
19 1.975654052362631e-07
19 1.589860578349073e-07
19 9.1119310199638e-08
19 2.274166326742697e-07
19 1.30601784831258e-07
19 2.481215454217108e-07
19 2.040719955021365e-07
19 1.786212120859612e-07
19 1.682614718073671e-07
19 1.784755512036784e-07
19 1.554784303508458e-07
19 9.644139549232556e-08
19 2.331249037147355e-07
19 7.261227103518185e-08
19 1.891251730251015e-07
19 1.552680344443652e-07
19 1.748299942029008e-07
19 2.071206347578488e-07
19 1.835782376163727e-07
19 2.359380541482636e-07
19 1.748865548897621e-07
20 4.736928076281449e-08
20 4.850166859887248e-08
20 -1.298021878236745e-08
20 1.24266849358587e-07
20 6.532984989219389e-08
20 7.850343394951351e-08
20 7.92477090026186e-08
20 3.181860439611257e-09
20 -1.939221721545923e-08
20 -5.100897809522489e-09
20 -8.548008447717137e-08
20 8.021541552560405e-08
20 -9.96971310338092e-09
20 -5.409237448747716e-08
20 1.046842211448078e-07
20 4.961871813928533e-09
20 5.165830297425452e-08
20 -1.18644383817465e-07
20 6.135294124287889e-08
20 4.770168256948813e-08
20 7.060983593394615e-08
20 3.144069151329778e-08
20 2.007225640737706e-08
20 3.399157513546511e-08
20 1.318639809879602e-08
20 -9.364234796292764e-08
20 3.194866099003785e-08
20 1.573150995214406e-07
20 8.443222365099081e-08
20 -2.693507769218262e-08
20 2.44067373155816e-08
20 -2.216275015170915e-09
20 -1.392611352269583e-08
20 -3.856977116686625e-08
20 -1.464878633064696e-08
20 -2.469836679135714e-08
20 6.102229265908869e-08
20 1.303694471287331e-07
20 9.569738693467338e-08
20 2.413610099502047e-08
20 3.176120374873919e-08
20 2.677440363125139e-09
20 -3.763947603040042e-08
20 6.482124806567365e-09
20 1.52139428075646e-08
20 -4.8631770048473e-08
20 2.610024421456924e-08
20 5.667614007260385e-08
20 -8.020160236329308e-09
20 6.493415881638215e-08
20 6.264030188767894e-08
20 7.383790184802586e-08
20 6.081449420646777e-09
20 -5.331531293826096e-08
20 6.816850424894505e-08
20 7.567848124325536e-08
20 1.719122486158352e-07
20 6.568384000646226e-08
20 1.393295618746494e-08
20 -6.524037882172409e-08
20 1.777330272047323e-07
20 -1.237134428896834e-08
20 -3.734736805287778e-08
20 -3.239547144352291e-08
20 -3.577929168710984e-09
20 1.098979180248526e-07
20 2.400915426653691e-08
20 4.678707365752025e-08
20 1.214641472911295e-07
20 9.599838252981666e-08
20 1.839764381143304e-07
20 4.345572478042772e-08
20 3.69983074630786e-09
20 -6.782838774884595e-09
20 -6.660647546456493e-09
20 1.713536257368758e-08
20 1.744838761349028e-07
20 2.108119114266285e-08
20 1.501071221442029e-07
20 8.89193810859787e-08
20 6.170720262178319e-08
20 1.869718153905791e-08
20 -7.556651630507653e-09
20 -2.52023768611357e-08
20 2.814950245106943e-08
20 -4.496077932743279e-09
20 4.861408918105607e-08
20 9.74205665156395e-08
20 1.069445170768683e-07
20 4.045827563938458e-09
20 4.171920741409116e-08
20 7.990575352118573e-08
20 2.373651827395578e-08
20 6.011644631097268e-08
20 -2.857335744688274e-09
20 1.16492555678609e-07
20 -7.685338024446199e-09
20 6.282877844726055e-08
20 9.808458932797405e-08
20 4.83441499541204e-08
21 2.58600229473137e-07
21 8.465006967866442e-08
21 2.468065286592377e-07
21 8.754244639189302e-08
21 6.029369041855125e-08
21 2.662688133281463e-07
21 7.83806193694402e-08
21 1.341550258368628e-07
21 1.765335557920378e-07
21 1.76227816428081e-07
21 1.369545837530519e-07
21 2.0533069537211e-07
21 2.086116976434583e-07
21 1.294972985195625e-07
21 1.365280264304118e-07
21 1.840211554817871e-07
21 4.261953921725897e-08
21 9.862100292723556e-08
21 3.612379526694454e-07
21 2.318903943880169e-07
21 2.047165581072557e-07
21 5.299514057155738e-08
21 2.276222940178082e-07
21 1.298745505024261e-07
21 2.341752724198187e-07
21 2.764280471306034e-07
21 8.374645360687227e-08
21 1.633776247974069e-07
21 1.685049319028118e-07
21 1.572179331478169e-07
21 1.697136856874653e-07
21 2.288764511708019e-07
21 1.065734389076946e-07
21 1.884638840430372e-07
21 1.668210625222517e-07
21 5.468315477555179e-08
21 2.655471857706037e-07
21 1.094240530158571e-07
21 9.473885402553513e-08
21 1.900871914686838e-07
21 8.770772376450872e-08
21 7.405526360976293e-08
21 9.488776746821038e-08
21 9.916724342373056e-08
21 1.812929479848931e-07
21 5.347500166905412e-08
21 6.090585084587227e-08
21 1.515575852425509e-07
21 1.91178139166898e-07
21 7.995572244965667e-08
21 1.820438959419104e-07
21 2.638273897513694e-07
21 1.050705573299704e-07
21 1.299212258100832e-07
21 2.424276197874097e-07
21 2.146924072479363e-07
21 1.267569800271975e-07
21 4.702271036971569e-08
21 2.132077793810929e-07
21 8.000882661558084e-08
21 9.54696908700774e-08
21 1.072851704072454e-07
21 2.802579665039489e-07
21 1.108318025497376e-07
21 2.507374615409361e-07
21 1.308215217713295e-07
21 2.407561145002597e-07
21 2.380140407617277e-07
21 1.647745624029054e-07
21 1.699433963906433e-07
21 2.708833061848382e-07
21 2.013938212295424e-07
21 1.932698346353113e-07
21 2.8979025640285e-07
21 1.320241792735528e-07
21 1.623576311533527e-07
21 1.413828204008511e-07
21 1.25572469383846e-07
21 1.873473172287262e-07
21 1.790118246304289e-07
21 4.042278409349799e-08
21 2.31814131149757e-07
21 2.40032114898654e-07
21 2.564585901777232e-07
21 1.565781975982458e-07
21 2.729645183335813e-07
21 8.14972710661184e-08
21 7.747379148767572e-08
21 8.333710669859752e-08
21 2.528451373433296e-07
21 1.13324459533181e-07
21 1.348101429885129e-07
21 1.734367096177313e-07
21 1.914061782688831e-07
21 1.766439170585003e-07
21 1.16099289013984e-07
21 4.575557514821245e-08
21 9.949284821629699e-08
21 2.129021457578785e-07
21 5.304759687568892e-08
22 1.050496342560664e-07
22 4.465498518080015e-08
22 -3.78750039068042e-08
22 8.846737242678821e-08
22 -5.145518993076176e-10
22 4.507311750508245e-08
22 3.314376236851462e-08
22 7.641265452132354e-08
22 8.482372288389552e-08
22 2.512379157723699e-08
22 -3.087112703110589e-08
22 -4.020042941083434e-08
22 -1.610764536803041e-08
22 -2.158434170768648e-08
22 7.276137528598685e-09
22 -9.250807797092368e-09
22 2.286745824523096e-08
22 -2.887381168909636e-10
22 -2.056622866849972e-08
22 3.82624562610754e-08
22 1.492171056226442e-07
22 4.044960996968153e-08
22 6.95228966860166e-08
22 -1.135139134927374e-08
22 5.669557267333536e-08
22 6.538136833097683e-08
22 -3.633174148361957e-08
22 6.91419339960002e-08
22 3.206200186073854e-08
22 -1.073855446745941e-07
22 6.813169530885552e-08
22 -4.054711684752152e-08
22 5.952691536166536e-08
22 2.575621301035375e-08
22 3.044222840587543e-08
22 -7.696000851334131e-09
22 3.378070502733278e-08
22 1.947198408377184e-08
22 1.302453292923044e-07
22 -5.790629772906165e-08
22 1.029052609696518e-07
22 6.245147988880787e-08
22 6.714024228486913e-08
22 8.518048306125016e-08
22 2.454949543937831e-08
22 6.603844120887731e-08
22 1.038996442594221e-08
22 3.217051276280626e-09
22 2.420091458049146e-09
22 -4.996908478608525e-09
22 4.786039567337488e-08
22 1.203713673793095e-07
22 1.172488822253976e-07
22 -3.732837348492616e-08
22 7.22827341692004e-08
22 -3.937977119528806e-09
22 6.095873250202819e-08
22 3.071400928103608e-09
22 3.557026544773118e-08
22 -6.100938276934905e-08
22 1.386597540608369e-07
22 2.911518402482468e-08
22 1.361203421627292e-08
22 1.181537332358948e-07
22 5.981420312659727e-08
22 -1.786858693110137e-08
22 5.115237056759396e-08
22 7.901927391763248e-08
22 -9.352935876330594e-08
22 2.646385127078804e-08
22 4.200174053007129e-08
22 1.959467903618095e-08
22 -1.669434567228169e-09
22 3.426684661643781e-08
22 -8.358930869855987e-08
22 -5.90488288012853e-08
22 3.09886479625059e-09
22 7.842707407269132e-08
22 -3.222889025252211e-09
22 4.303949211238091e-08
22 6.461580333504847e-08
22 9.38280534028662e-08
22 -1.205668397783674e-08
22 4.796609062532467e-08
22 3.107745542517926e-08
22 9.299568045505198e-08
22 4.957146841617572e-08
22 -9.020295005174973e-08
22 7.338774268617651e-08
22 1.013950949721279e-07
22 4.433707415327456e-10
22 4.160181487961213e-08
22 -3.919176265193241e-08
22 7.635305074850969e-08
22 1.010315183513958e-07
22 3.998188014367256e-08
22 6.400078251177388e-08
22 9.34175768963049e-08
22 2.836577633461368e-08
22 4.296050732906662e-08
23 1.373053756083733e-07
23 2.260885432636659e-07
23 1.411428430883038e-07
23 1.997257714334179e-07
23 1.009627098106071e-07
23 3.205948939391105e-07
23 2.132439173598086e-07
23 1.95016956002721e-07
23 2.438540005530439e-07
23 1.853704939664555e-07
23 1.533693929978225e-07
23 1.744864784661359e-07
23 1.865743910636781e-07
23 2.386557105317881e-07
23 3.344588311869147e-07
23 2.667235575863214e-07
23 9.019336052039713e-08
23 2.331104235918205e-07
23 1.455939732360384e-07
23 2.367760537379576e-07
23 2.902244309891266e-07
23 1.670426196885849e-07
23 1.862536409147072e-07
23 2.8801664140307e-07
23 2.352155496100299e-07
23 1.464539538285341e-07
23 1.71974322053011e-07
23 2.219420765737597e-07
23 1.638974617696597e-07
23 2.835688391347981e-07
23 1.182870781681886e-07
23 1.645033221623194e-07
23 1.128878472004324e-07
23 2.399455531037162e-07
23 1.376607048022014e-07
23 2.970615582436139e-07
23 1.657929299242911e-07
23 2.448327140893357e-07
23 2.064630333011393e-07
23 1.813785575594034e-07
23 3.67011516751956e-07
23 2.161848167725026e-07
23 2.905460994490925e-07
23 2.439233627408865e-07
23 2.426960204007745e-07
23 1.295920142710565e-07
23 1.840900359490963e-07
23 1.344952788835886e-07
23 1.184288596921941e-07
23 2.587644178318782e-07
23 2.385388249978059e-07
23 1.143986002371164e-07
23 1.388786514917957e-07
23 2.145000816658852e-07
23 1.884266485277801e-07
23 2.334982994518918e-07
23 2.121925925680534e-07
23 2.162384023297387e-07
23 1.607344426966705e-07
23 1.676585554606711e-07
23 1.909394885560942e-07
23 2.325626105166551e-07
23 2.73511654249904e-07
23 2.719924975630899e-07
23 1.689017763618431e-07
23 1.979700408005373e-07
23 3.878861655698653e-07
23 2.646091559873888e-07
23 1.980982948429186e-07
23 1.375030860107449e-07
23 1.215270913516902e-07
23 1.810491148634918e-07
23 1.355933251768698e-07
23 1.528758444160962e-07
23 1.582278640288131e-07
23 2.88654947035842e-07
23 1.208029618649918e-07
23 2.478828459675993e-07
23 2.420293762773491e-07
23 9.833567758810294e-08
23 2.766617226722015e-07
23 1.927408865590469e-07
23 3.224928203474672e-07
23 3.137117014587249e-07
23 1.529806520612484e-07
23 1.93044390071467e-07
23 1.863475656033955e-07
23 1.782979419290652e-07
23 2.204064302702095e-07
23 8.863385662530204e-08
23 1.891015961372484e-07
23 2.467607325092647e-07
23 2.911883362653623e-07
23 1.71274000064517e-07
23 2.286565241842867e-07
23 2.872402697895464e-07
23 1.817434516315942e-07
23 2.136494765914876e-07
23 1.979762297302531e-07
23 2.004213957901364e-07
24 1.707608330392065e-07
24 2.191367042971541e-07
24 1.867588984763043e-07
24 8.943804434849352e-08
24 2.213009291790746e-07
24 1.977486966463234e-07
24 2.023592501613066e-07
24 1.206635213218917e-07
24 9.382610078528863e-08
24 1.067881048359863e-07
24 2.452681593609419e-07
24 1.19316942921507e-07
24 1.602892204313754e-07
24 1.531143774835918e-07
24 1.344049386629914e-07
24 1.765239430083946e-07
24 1.43597751781685e-07
24 1.147343842734624e-07
24 1.807272854139614e-07
24 1.004403196873176e-07
24 1.66446131803665e-07
24 1.493279353724413e-07
24 1.170941540232907e-07
24 1.748130536994923e-07
24 1.517696693197689e-07
24 1.622578704224843e-07
24 1.964124390634026e-07
24 1.761234684653589e-07
24 1.106743101136718e-07
24 2.535153120785383e-07
24 9.840434023953772e-08
24 1.854612531976459e-07
24 1.522714019337679e-07
24 1.081542182444763e-07
24 1.792526106766184e-07
24 1.79022675464186e-07
24 1.133593025662114e-07
24 7.20088630299467e-08
24 9.435212023710234e-08
24 2.20661105084512e-07
24 2.608326094964008e-07
24 1.567074724331087e-07
24 5.192979927541836e-08
24 1.43217922778531e-07
24 7.604897419425659e-08
24 1.966084786328537e-07
24 1.773339984831278e-07
24 1.983464112712237e-07
24 1.933780936356302e-07
24 1.539350494217939e-07
24 1.815968161369534e-07
24 1.895814626206682e-07
24 1.350177729384975e-07
24 2.564158633719905e-07
24 1.875617656158954e-07
24 2.084527878816405e-07
24 2.087365644752401e-07
24 1.765087805890874e-07
24 1.632606519435315e-07
24 2.086180433319456e-07
24 2.080391074879595e-07
24 2.044698359064363e-07
24 2.393191757786916e-07
24 1.415303367633674e-07
24 1.624891050989666e-07
24 1.96660913464039e-07
24 1.16650739283844e-07
24 2.358001165366345e-07
24 1.880421987682717e-07
24 1.80766758077149e-07
24 2.143200445509231e-07
24 2.434589112607122e-07
24 5.862929197340706e-08
24 1.433763836646051e-07
24 4.205577855211127e-08
24 1.77239824682266e-07
24 1.289139929929726e-07
24 2.18977631307803e-07
24 1.218901318285397e-07
24 1.241165131387061e-07
24 2.358808473302337e-07
24 1.522784182730049e-07
24 1.874794346156209e-07
24 1.037584271758991e-07
24 1.825703623681785e-07
24 1.674279679064657e-07
24 2.128115211803087e-07
24 1.761215594013168e-07
24 1.267462910612066e-07
24 1.920233308494977e-07
24 9.573704483517578e-08
24 2.058178960174099e-07
24 7.989912390784646e-08
24 2.382522827659654e-07
24 1.552768526678001e-07
24 2.61195948672716e-07
24 1.798512503680627e-07
24 1.663877498222612e-07
24 1.322196429278083e-07
24 9.27820380890306e-08
25 2.116566511032931e-07
25 1.888719406680018e-07
25 1.934364217697959e-07
25 2.195576398607151e-07
25 2.255442703314612e-07
25 2.161434568212229e-07
25 2.020861021395733e-07
25 1.726076867170633e-07
25 4.739445278050129e-08
25 1.688805889581793e-07
25 1.466564469939754e-07
25 3.313183104132978e-07
25 2.313468432605196e-07
25 2.583218326370654e-07
25 3.829915959733784e-08
25 2.596057908474578e-07
25 2.221949740019173e-07
25 1.031144840972861e-07
25 2.255720526389158e-07
25 1.958571039526678e-07
25 1.863046468922869e-07
25 2.441614165578601e-07
25 1.626876944715822e-07
25 1.602360148848668e-07
25 1.528525033483659e-07
25 1.487851154600954e-07
25 1.838496524870533e-07
25 1.711962275051466e-07
25 2.095073774376238e-07
25 1.655318451686957e-07
25 1.919040869815255e-07
25 1.196841210449312e-07
25 2.976534066336765e-07
25 1.879937253081852e-07
25 6.696682937130079e-08
25 1.301620230522541e-07
25 1.914301455640284e-07
25 1.676861768915389e-07
25 2.082867158900304e-07
25 2.075217090803271e-07
25 1.692982380692461e-07
25 1.072431655291743e-07
25 7.01302798146202e-08
25 1.073506260048578e-07
25 1.83366457917513e-07
25 1.757520672337379e-07
25 2.06134701013131e-07
25 3.918068614721568e-08
25 1.016046121140764e-07
25 1.975450270070483e-07
25 9.161519301562214e-08
25 1.543108458498895e-07
25 3.196889253910453e-07
25 2.398960129055598e-07
25 1.763429024006213e-07
25 3.002545294078433e-07
25 1.949709528182023e-07
25 2.220745475229802e-07
25 1.995276336024936e-07
25 1.80066931929603e-07
25 2.045053544132321e-07
25 1.81959645143145e-07
25 1.780406853022191e-07
25 1.996857741399908e-07
25 1.054656232941443e-07
25 9.802439401201496e-08
25 2.063567678499787e-07
25 4.743207676801999e-09
25 2.418721678500687e-07
25 1.192978292766539e-07
25 1.899149208987406e-07
25 2.200718782210963e-07
25 1.569103920569633e-07
25 2.718040823434943e-07
25 5.682826698430768e-08
25 2.623411996347885e-07
25 1.886030554085211e-07
25 8.145837005832928e-08
25 2.16605174492597e-07
25 1.3948534770901e-07
25 2.504846296347299e-07
25 1.652326097181265e-07
25 2.262653616164419e-07
25 2.448911502130596e-07
25 2.374282771706781e-07
25 2.131603455954034e-07
25 2.151052168203461e-07
25 2.285118973606002e-07
25 1.99581562814734e-07
25 1.746882299777996e-07
25 2.048931081518965e-07
25 1.044222202676068e-07
25 2.36392490615126e-07
25 1.929542896670117e-07
25 1.749126124297129e-07
25 7.594870795901711e-08
25 6.527386209336351e-08
25 2.131299712605675e-07
25 1.980452471590073e-07
25 1.315871381890874e-07
26 1.609388182647485e-07
26 1.703188951824405e-07
26 1.05201337966043e-07
26 5.123942729937863e-09
26 1.86876821802008e-07
26 1.992365716145787e-07
26 1.643923607259164e-07
26 1.418539493400523e-07
26 2.580844701660596e-07
26 9.768054591365034e-08
26 1.287519096320469e-07
26 1.977558670050069e-07
26 1.550839405255667e-07
26 1.48568923630393e-07
26 1.389590231495372e-07
26 1.946931888828772e-07
26 1.395025383153336e-07
26 8.727475772620758e-08
26 1.880428734042874e-07
26 1.212501397265747e-07
26 2.117802840290772e-07
26 2.639712181077304e-07
26 2.33008436300044e-07
26 2.372716511396739e-07
26 5.651505075935557e-08
26 2.40950149515253e-07
26 1.915518698643868e-07
26 9.736680527055241e-08
26 1.631906357341811e-07
26 5.221196936291532e-08
26 1.507520733165905e-07
26 1.630877712385481e-07
26 1.368280193851176e-07
26 2.697485840023561e-07
26 1.539725524463024e-07
26 8.186488173240903e-08
26 1.895944591653749e-07
26 2.174440867623446e-07
26 2.16487306788369e-07
26 8.693408283395868e-08
26 1.508268995638984e-07
26 1.655692851097081e-07
26 1.269532646947994e-07
26 1.760327289797653e-07
26 1.416767861495406e-07
26 8.622882107741836e-08
26 1.039755312757449e-07
26 1.420916631662907e-07
26 1.484543614968225e-07
26 1.596710603276151e-07
26 1.637300229064309e-07
26 1.822324591768035e-07
26 8.923942799451302e-08
26 1.72913005676365e-07
26 1.884513308569057e-07
26 8.245106394746594e-08
26 1.309592352108179e-07
26 1.81050209729091e-07
26 1.338831554090471e-07
26 1.996925457150723e-07
26 1.599692988398558e-07
26 1.307793473740188e-07
26 1.632216770987598e-07
26 9.660621222208858e-08
26 7.307440491682666e-08
26 1.184104347772441e-07
26 1.532165830462317e-07
26 1.34059227706172e-07
26 1.502401046655375e-07
26 1.273018650005591e-07
26 2.496318308343286e-07
26 3.155388126770644e-08
26 1.464942732059015e-07
26 1.634499608393479e-07
26 1.776852440258623e-07
26 1.291149358146097e-07
26 1.181707316282288e-07
26 2.26271601217035e-07
26 1.507720805000788e-07
26 9.818964602820865e-08
26 5.829492726059042e-08
26 1.058126178479189e-07
26 1.782216784776239e-07
26 1.50012299661239e-07
26 1.315858763977328e-07
26 3.659675491744737e-08
26 1.502330432724359e-07
26 2.307373364483371e-07
26 1.432518408133009e-07
26 8.363801422107138e-08
26 8.873778468725473e-08
26 5.406834575031741e-08
26 2.557195313992118e-07
26 1.487266757163797e-07
26 9.006034443127727e-08
26 1.543930247573927e-07
26 1.045687599677501e-07
26 1.574463414712673e-07
26 1.613973636566753e-07
26 1.385798374248919e-07
27 2.669471893599146e-07
27 3.086952616781855e-07
27 1.892160284474684e-07
27 1.602619111109129e-07
27 1.537041906860898e-07
27 1.474354509620454e-07
27 8.01632725737538e-08
27 1.353052443668429e-07
27 5.819185520524398e-08
27 2.108362414479496e-07
27 2.246371454981874e-07
27 1.967942504673327e-07
27 1.187064709920105e-07
27 6.834272795187131e-08
27 1.071999133779885e-07
27 2.293389700396948e-07
27 2.000404679841231e-07
27 1.430721954232419e-07
27 1.161446163488883e-07
27 5.332414393755653e-08
27 9.525106490082009e-08
27 1.92975147925034e-07
27 1.527193702168852e-07
27 1.449441725045276e-07
27 9.960046712476555e-08
27 1.18261963169232e-07
27 2.675058260507515e-07
27 2.000838165935519e-07
27 1.354466067664453e-07
27 1.586086755926498e-07
27 1.25085584662767e-07
27 2.027547753353399e-07
27 1.619463776804248e-07
27 3.070985721559494e-07
27 1.856823594456047e-07
27 1.884552462733561e-07
27 2.121019728458722e-07
27 1.62942113915469e-07
27 1.730271158701927e-07
27 1.636900175431577e-07
27 2.926623646376149e-07
27 1.521909593658465e-07
27 2.096342111617153e-07
27 1.939049003555507e-07
27 1.188965523541613e-07
27 2.12036529114842e-07
27 1.698985133421363e-07
27 2.055671264539131e-07
27 2.841854470681201e-07
27 1.602302288264342e-07
27 9.801787260257538e-08
27 1.35599335039832e-07
27 1.29016951613638e-07
27 1.244243767739785e-07
27 1.46135501977048e-07
27 1.812533206340485e-07
27 2.172146495175524e-07
27 2.367026670881625e-07
27 2.377761668753459e-07
27 2.230717492921742e-07
27 1.332521561363836e-07
27 1.940491491991816e-07
27 1.877648389423741e-07
27 2.382562273442739e-07
27 2.029514342431752e-07
27 1.124932233621281e-07
27 2.02842970865299e-07
27 1.777375343261648e-07
27 1.855524724095326e-07
27 1.099171234572273e-07
27 1.947541914644066e-07
27 2.412786573347833e-07
27 1.489797906757364e-07
27 1.90070304511725e-07
27 2.924597879219981e-07
27 1.785494188501098e-07
27 1.177963393217941e-07
27 1.661280575648959e-07
27 2.065188982740468e-07
27 1.071481133459584e-07
27 2.489379385568597e-07
27 1.865962707467372e-07
27 1.116719579231003e-07
27 2.290511124504656e-07
27 1.258971575914217e-07
27 2.032196775681524e-07
27 1.428387986098035e-07
27 2.208098208644941e-07
27 2.735468761125416e-07
27 1.525394323146181e-07
27 1.443828934143244e-07
27 2.287424048365678e-07
27 1.029866887125559e-07
27 1.499273952635341e-07
27 1.922640876227504e-07
27 1.795710472066839e-07
27 1.700320476315962e-07
27 2.322031136576048e-07
27 2.886931252790016e-07
27 2.128889999172009e-07
28 1.853809213702872e-07
28 8.607547796722514e-08
28 2.292748558472875e-07
28 1.43708004350907e-07
28 9.423386977254322e-08
28 1.85954754132433e-07
28 2.572210973842696e-07
28 1.399905038483958e-07
28 1.175861992092165e-07
28 8.535208803705246e-08
28 2.478782244861877e-07
28 1.891565137787421e-07
28 1.757864802462378e-07
28 1.23034078984612e-07
28 1.656491084340234e-07
28 9.246033817111771e-08
28 2.106727143593674e-07
28 9.589875535731171e-08
28 1.115598198330188e-07
28 9.528531635679496e-08
28 2.009649339820173e-07
28 1.214995248345789e-07
28 1.787374873493866e-07
28 9.016342059742077e-08
28 4.533381825922945e-08
28 1.398226507709271e-07
28 1.510746039163602e-07
28 1.906698806416121e-07
28 1.682476299238723e-07
28 1.697733401872621e-07
28 1.784882385765693e-07
28 1.001853439136056e-07
28 2.41220227407198e-07
28 2.904189921227503e-07
28 8.258744760468366e-08
28 2.154126466625293e-07
28 2.245999348830211e-07
28 1.783520392108987e-07
28 1.147057087008704e-07
28 1.875742532704019e-07
28 1.319978055366405e-07
28 1.713520539364683e-07
28 1.742381239278129e-07
28 1.105296763116482e-07
28 1.425743887358318e-07
28 2.317785441308602e-07
28 1.756916702935121e-07
28 1.236765045461615e-07
28 1.294708541710933e-07
28 1.307152870432551e-07
28 2.512347806306394e-07
28 2.287837157389085e-07
28 8.59230241964168e-08
28 1.063495628120472e-07
28 1.358328195678352e-07
28 1.773023061013657e-07
28 2.096088876741177e-07
28 2.327206125866763e-07
28 1.399813373240809e-07
28 1.808975746003282e-07
28 1.721834006982765e-07
28 9.052479178119521e-08
28 2.331480759709061e-07
28 2.031497746164877e-07
28 1.377922701257346e-07
28 5.720460636673197e-08
28 1.422096804117101e-07
28 1.081193925620776e-07
28 1.002776278038957e-07
28 4.482385803255722e-08
28 1.995323160026028e-07
28 2.171440635445994e-07
28 9.309416411092673e-08
28 2.512811911829884e-07
28 1.513041579436867e-07
28 2.064037136801277e-07
28 1.936039339069962e-07
28 1.706910020453238e-07
28 1.545598901315708e-07
28 2.1711730236959e-07
28 3.234014575150278e-08
28 2.167485315198379e-07
28 2.081799492609773e-07
28 2.364859384417188e-07
28 1.734361931252013e-07
28 2.091860515935442e-07
28 1.701281634425235e-07
28 1.072159847563688e-07
28 1.959331703808348e-07
28 1.632559433294494e-07
28 1.581922391587146e-07
28 2.03680583144556e-07
28 1.045687200790658e-07
28 1.837768581405331e-07
28 1.638914751426004e-07
28 1.851191949163678e-07
28 1.201457526315826e-07
28 2.062931541549032e-07
28 1.946886554718745e-07
28 1.943961208922769e-07
29 2.649089273541226e-07
29 2.791315173470478e-07
29 1.512663842382227e-07
29 3.364428444160234e-07
29 3.024553023318834e-07
29 3.251520451396324e-07
29 1.672687984639452e-07
29 1.849472181504208e-07
29 3.038707673099567e-07
29 2.890387853695039e-07
29 2.206598161050739e-07
29 2.516693484548574e-07
29 3.311557226822753e-07
29 2.954249605828277e-07
29 2.267483537347212e-07
29 2.198542653917838e-07
29 2.437578628767099e-07
29 2.859780703008357e-07
29 3.64132720091595e-07
29 2.388661626258394e-07
29 2.421161546082797e-07
29 2.453604342859386e-07
29 2.611043860746206e-07
29 2.492232697589868e-07
29 2.789313554846965e-07
29 2.712758557694379e-07
29 3.101847868386136e-07
29 2.394602583327444e-07
29 1.348010098531619e-07
29 3.189055900373665e-07
29 1.894530534950245e-07
29 3.203369948106008e-07
29 1.900937868575098e-07
29 1.972377620408527e-07
29 2.906638663694752e-07
29 2.124066811385083e-07
29 1.505482067183766e-07
29 2.329490171142163e-07
29 2.723786915378493e-07
29 2.421444408664639e-07
29 2.275950577724394e-07
29 2.00631848635221e-07
29 2.504344116567778e-07
29 3.706687289979997e-07
29 3.335063426205333e-07
29 3.020323963020465e-07
29 2.734930865704393e-07
29 2.249258562154208e-07
29 2.197800906616207e-07
29 2.997043241790162e-07
29 3.056633688249865e-07
29 2.261520654961734e-07
29 1.988496255010265e-07
29 2.379070186819101e-07
29 1.604185697052993e-07
29 1.678046068467589e-07
29 2.513965283207733e-07
29 2.984208637133209e-07
29 2.414972769240049e-07
29 1.969977923831847e-07
29 2.13664027052264e-07
29 2.404128029787651e-07
29 3.053264302604426e-07
29 2.297903263102941e-07
29 1.630888707222781e-07
29 2.284411155526446e-07
29 2.653975436816309e-07
29 2.878983253731642e-07
29 3.286559139515919e-07
29 2.499327774467441e-07
29 1.749355219640441e-07
29 2.16801460509352e-07
29 2.512818943518561e-07
29 1.38553520244014e-07
29 2.798802898663842e-07
29 2.453230287667181e-07
29 3.627979670489966e-07
29 2.17435297174414e-07
29 3.020479600060465e-07
29 3.221041477214213e-07
29 1.877173108534921e-07
29 2.848061300724814e-07
29 2.102238750286615e-07
29 1.398815591895358e-07
29 2.662370005877435e-07
29 3.102238420556594e-07
29 3.775780980439135e-07
29 1.971028089051717e-07
29 1.366325522922754e-07
29 2.100387852719465e-07
29 2.328781371505501e-07
29 2.789410347812046e-07
29 2.142383144346599e-07
29 2.291091699108613e-07
29 3.099260336492957e-07
29 1.27108199855942e-07
29 2.684844974424091e-07
29 2.643118959498424e-07
29 1.546633839682457e-07
29 3.444977030144074e-07
30 2.434327445595523e-07
30 1.46347526021089e-07
30 1.739899661955719e-07
30 2.161326076873276e-07
30 2.111840890660555e-07
30 2.439131632076057e-07
30 1.887720401691491e-07
30 1.662390315311421e-07
30 1.655673961609055e-07
30 1.323723272215145e-07
30 2.563280190753757e-07
30 1.580001119748034e-07
30 2.134122649886808e-07
30 1.476556386674005e-07
30 1.559699946095703e-07
30 1.768369088893356e-07
30 1.814347782368401e-07
30 1.508776014656359e-07
30 2.406947688784145e-07
30 2.158252579656878e-07
30 2.272869798345229e-07
30 3.303595548770712e-07
30 1.531969750891727e-07
30 1.925806815630504e-07
30 2.421508791448895e-07
30 1.572811366014761e-07
30 2.206683563514486e-07
30 2.388565210506567e-07
30 1.255037448816574e-07
30 1.556303747932146e-07
30 2.602436134480847e-07
30 2.608273158904893e-07
30 9.660248341246023e-08
30 2.177541825937349e-07
30 2.083187079301858e-07
30 1.113432142319398e-07
30 8.459503412849169e-08
30 2.926042935047993e-07
30 1.909612264616037e-07
30 1.311751233409529e-07
30 1.545434460898241e-07
30 1.749023576115921e-07
30 2.5980745233352e-07
30 1.706419999700542e-07
30 1.0127563957499e-07
30 1.610046511079746e-07
30 1.356478845167357e-07
30 1.788717907186596e-07
30 1.508171164913181e-07
30 1.553739803083721e-07
30 1.989792662456468e-07
30 6.625669369571516e-08
30 2.03882964367643e-07
30 2.264122890912141e-07
30 1.137065627719606e-07
30 1.79120410596171e-07
30 2.830183658306211e-07
30 2.106016367452804e-07
30 2.470651010791234e-07
30 2.56127567994201e-07
30 1.523446762027774e-07
30 1.550706334944065e-07
30 8.232611761953434e-08
30 2.011567860725449e-07
30 2.103192207332394e-07
30 2.514059864208601e-07
30 2.852978672226388e-07
30 2.590549629372952e-07
30 2.351980559657554e-07
30 2.420517417245395e-07
30 2.423948427322575e-07
30 8.746635903195306e-08
30 2.327619533664506e-07
30 1.569754661651035e-07
30 1.737995744299188e-07
30 1.405446688052753e-07
30 1.705505631307056e-07
30 2.617104571691421e-07
30 1.767490964262072e-07
30 2.197535199865296e-07
30 2.972099720306965e-07
30 1.522501425432695e-07
30 2.087258217663758e-07
30 2.307875607148366e-07
30 1.669067492465775e-07
30 1.981976067814096e-07
30 2.714202320722852e-07
30 2.545023917795569e-07
30 2.454783558735305e-07
30 1.96083077027455e-07
30 1.06687820010837e-07
30 1.84762079005182e-07
30 2.149402223053473e-07
30 2.02461675790041e-07
30 2.290049841605783e-07
30 2.182410041484167e-07
30 1.845838778834888e-07
30 1.444254412481345e-07
30 2.328948271694287e-07
30 2.702891771752341e-07
31 5.072487798545326e-07
31 4.982834604672226e-07
31 6.101757182394891e-07
31 5.265325494073541e-07
31 5.481606290403648e-07
31 5.498278993755982e-07
31 6.297114732545648e-07
31 5.861886598748542e-07
31 5.194203736829791e-07
31 4.873043927275572e-07
31 6.163801064322235e-07
31 5.26091407576528e-07
31 5.154235262847322e-07
31 4.727977654731514e-07
31 4.076189470961465e-07
31 6.438893431006949e-07
31 6.209842768719699e-07
31 5.56087704085099e-07
31 4.888275104699508e-07
31 5.511641295911444e-07
31 5.650056326851722e-07
31 4.55073810568075e-07
31 4.636114869628442e-07
31 5.203898053340159e-07
31 5.573061208972125e-07
31 5.419257117432704e-07
31 6.0929671224691e-07
31 5.331513847680955e-07
31 5.50779862710071e-07
31 4.602743837769819e-07
31 5.225827898899214e-07
31 6.519748056155069e-07
31 4.93269749508515e-07
31 5.486064543049541e-07
31 6.333695924686426e-07
31 4.869134204668755e-07
31 6.525528518033251e-07
31 7.076282097233309e-07
31 4.486541826322022e-07
31 5.536489964197512e-07
31 5.433594867201639e-07
31 4.724288683176728e-07
31 5.584843091067053e-07
31 4.844954252663296e-07
31 5.526334875872191e-07
31 5.601224168217023e-07
31 6.666888395355754e-07
31 5.759587174441266e-07
31 6.040186000972001e-07
31 4.179900542610565e-07
31 7.055247233334251e-07
31 6.025020542967184e-07
31 6.421728771962008e-07
31 6.025828697574647e-07
31 5.894431843246122e-07
31 5.231570389981589e-07
31 6.27380254116162e-07
31 5.60528980806953e-07
31 5.316798053271813e-07
31 5.727085863083804e-07
31 5.328774017965279e-07
31 5.806645528811841e-07
31 4.411207775209316e-07
31 5.583236570137752e-07
31 4.93306450096696e-07
31 6.002660133017778e-07
31 4.870720204833885e-07
31 4.86082339543472e-07
31 4.483588024683941e-07
31 5.689694096212745e-07
31 6.028046933767656e-07
31 5.377027478596558e-07
31 4.923590071025225e-07
31 5.771669369555835e-07
31 6.10166956872952e-07
31 5.217632733620342e-07
31 5.318522406586258e-07
31 6.100839476229577e-07
31 5.859489711137114e-07
31 4.938606955942563e-07
31 6.369590698521588e-07
31 4.972715290066721e-07
31 5.908401946764645e-07
31 5.6497470182346e-07
31 4.729106486150817e-07
31 6.287002797670368e-07
31 6.083151375671326e-07
31 5.278265634004677e-07
31 7.128880872986815e-07
31 5.920142727017769e-07
31 6.097749966816365e-07
31 5.23024443292098e-07
31 5.493995659059487e-07
31 5.10296178681081e-07
31 5.363462554667134e-07
31 4.698236946279651e-07
31 4.766943076752649e-07
31 5.783197230658287e-07
31 5.318528041106408e-07
31 5.515383381141139e-07
32 3.166790340065784e-07
32 3.562775096177854e-07
32 3.36628609015167e-07
32 2.811431574966356e-07
32 2.736360331738382e-07
32 3.503102399838383e-07
32 2.338382201339839e-07
32 2.874295730176024e-07
32 2.936963590821062e-07
32 2.026583515992095e-07
32 3.632256767512527e-07
32 2.466959829976304e-07
32 3.968364398013159e-07
32 4.382879425104192e-07
32 1.925619108726672e-07
32 3.559391102297953e-07
32 2.91895993192604e-07
32 2.304103031192594e-07
32 3.248858774847192e-07
32 3.04580243811586e-07
32 2.95779546123717e-07
32 2.784003781198952e-07
32 4.15150881415497e-07
32 3.412584447113643e-07
32 4.380947854597186e-07
32 2.928774220756422e-07
32 3.464667085482447e-07
32 3.70433398014844e-07
32 3.056084890178367e-07
32 3.704382266130025e-07
32 3.748443563745874e-07
32 2.882423406679853e-07
32 3.602227840337302e-07
32 3.241252061003287e-07
32 3.998743432386382e-07
32 3.808000458998237e-07
32 4.163570568548272e-07
32 2.869075374946939e-07
32 2.680184088901576e-07
32 3.073207790339617e-07
32 2.775658119306727e-07
32 4.039001830280439e-07
32 4.012458444440919e-07
32 2.296425952965491e-07
32 2.916981061727526e-07
32 2.740692551660103e-07
32 3.311821582123482e-07
32 3.290009013000345e-07
32 3.089415984912538e-07
32 2.864778819688113e-07
32 2.857179925100084e-07
32 4.041412897910395e-07
32 4.40119529961795e-07
32 3.314501340837902e-07
32 3.52193105093617e-07
32 3.74781976956827e-07
32 2.639648054910862e-07
32 4.586260630080347e-07
32 3.3754382473818e-07
32 3.935282664433503e-07
32 2.974730825380332e-07
32 2.931809387082155e-07
32 2.418188092887426e-07
32 4.146501571887369e-07
32 2.53751598748589e-07
32 3.696731931150405e-07
32 4.216282366348909e-07
32 3.491862675490541e-07
32 4.2263777693128e-07
32 2.277945302542927e-07
32 3.679422185483079e-07
32 2.602095198905621e-07
32 3.556239419789776e-07
32 2.510215865498719e-07
32 3.660254970166213e-07
32 4.955687195259585e-07
32 2.546496130295081e-07
32 4.024826087603281e-07
32 3.452595744965952e-07
32 3.409534188636053e-07
32 2.297409507948035e-07
32 4.514029992751296e-07
32 4.004229822072359e-07
32 3.27511501329572e-07
32 3.525748674250147e-07
32 2.876199644055929e-07
32 2.814995129184929e-07
32 4.745030420150936e-07
32 3.417343569924589e-07
32 2.773455051248755e-07
32 3.254910029385651e-07
32 3.008933860367224e-07
32 3.563816797403518e-07
32 3.229130936872318e-07
32 3.551931479890834e-07
32 3.096229450139787e-07
32 4.162717063840605e-07
32 4.011539290889621e-07
32 2.012204464439005e-07
32 3.832661724514507e-07
33 1.384998951676535e-06
33 1.431651226530513e-06
33 1.321647822247085e-06
33 1.405501223174033e-06
33 1.414040484936444e-06
33 1.366967619168728e-06
33 1.559651331340516e-06
33 1.305971300998727e-06
33 1.406925052694607e-06
33 1.344980300167433e-06
33 1.360660036677566e-06
33 1.270517919168704e-06
33 1.413384450119101e-06
33 1.34278864063744e-06
33 1.354049113173303e-06
33 1.33533913026428e-06
33 1.451191344038247e-06
33 1.167727289386218e-06
33 1.324672799612358e-06
33 1.370564823464741e-06
33 1.426798074915897e-06
33 1.429249099581578e-06
33 1.317976011206466e-06
33 1.381272916030984e-06
33 1.25701053858459e-06
33 1.431340159422548e-06
33 1.375519519454684e-06
33 1.527229441614227e-06
33 1.510333692729055e-06
33 1.403379251384021e-06
33 1.333699996885818e-06
33 1.425899589818759e-06
33 1.292733362756061e-06
33 1.310610396247333e-06
33 1.358904883550098e-06
33 1.283663177426424e-06
33 1.333087173606833e-06
33 1.383463461510213e-06
33 1.552797095657104e-06
33 1.459995000066498e-06
33 1.386079411864352e-06
33 1.427007665585924e-06
33 1.362629922444261e-06
33 1.587962528761526e-06
33 1.422768349622664e-06
33 1.335914477318738e-06
33 1.390243264609434e-06
33 1.363518698089343e-06
33 1.355939770106485e-06
33 1.384587431345622e-06
33 1.424686710443359e-06
33 1.251274654511621e-06
33 1.435735878205661e-06
33 1.488953789857685e-06
33 1.322958176882474e-06
33 1.414987472190135e-06
33 1.420848401063742e-06
33 1.403882214643335e-06
33 1.466456309512224e-06
33 1.412780207891898e-06
33 1.283750401471724e-06
33 1.361616019065767e-06
33 1.409103801963158e-06
33 1.297115094099839e-06
33 1.379919994194888e-06
33 1.369814112737609e-06
33 1.461717298204152e-06
33 1.246993998241035e-06
33 1.233169987613712e-06
33 1.35487229113779e-06
33 1.433947300118079e-06
33 1.412657584780711e-06
33 1.479347701030609e-06
33 1.413968477418169e-06
33 1.367349772651097e-06
33 1.337192195802075e-06
33 1.388477247094093e-06
33 1.357945831244275e-06
33 1.384034113278316e-06
33 1.442770861952596e-06
33 1.445568316943137e-06
33 1.342694898087112e-06
33 1.297101593761865e-06
33 1.441599853634818e-06
33 1.409870192868064e-06
33 1.452812037314049e-06
33 1.420194560742995e-06
33 1.318678569353755e-06
33 1.455806325114877e-06
33 1.465388085598562e-06
33 1.478312510885724e-06
33 1.295165773346292e-06
33 1.408097646361975e-06
33 1.426715441557256e-06
33 1.437043811004549e-06
33 1.358782384013195e-06
33 1.421437286616939e-06
33 1.324979393322931e-06
33 1.371420907087173e-06
33 1.47305411592361e-06
34 1.009142704193708e-06
34 1.027536404971085e-06
34 9.383657990830017e-07
34 8.887318749135158e-07
34 9.289439982682988e-07
34 9.848809775271555e-07
34 9.809492114008273e-07
34 1.034036029026184e-06
34 9.700553507783549e-07
34 9.047016510908088e-07
34 9.684136299137404e-07
34 8.872007125305175e-07
34 9.230544841728753e-07
34 9.854711353267508e-07
34 1.055850244328242e-06
34 1.059034694938038e-06
34 8.972158074555984e-07
34 9.439040646610242e-07
34 9.434776498291587e-07
34 1.013145281136451e-06
34 9.498062372791092e-07
34 9.61761717625396e-07
34 1.018640208631054e-06
34 1.047823280539084e-06
34 8.775007213120826e-07
34 1.015281550052857e-06
34 1.020786352325471e-06
34 1.059645217666067e-06
34 9.356203985417356e-07
34 1.108106507627442e-06
34 9.702771050030274e-07
34 1.005160007865563e-06
34 9.011710274538236e-07
34 9.880837551165287e-07
34 8.539395252117035e-07
34 1.037479303920916e-06
34 1.011502810214339e-06
34 8.253967840802565e-07
34 1.013090811012104e-06
34 9.392390623214666e-07
34 8.753922657962427e-07
34 9.746353723238361e-07
34 8.597662214159397e-07
34 1.053031310521147e-06
34 1.024617269476237e-06
34 1.050184164920508e-06
34 9.527641659490583e-07
34 1.030354851478225e-06
34 1.066963500746453e-06
34 9.953459239734858e-07
34 9.810902064552411e-07
34 9.968415448471881e-07
34 1.044099967312757e-06
34 1.00808683807929e-06
34 9.714586835584424e-07
34 8.737115868723485e-07
34 8.966020309512719e-07
34 8.947206982933245e-07
34 9.146622862060179e-07
34 9.918724409424009e-07
34 1.005986405572672e-06
34 9.836298702096289e-07
34 9.864509531275013e-07
34 1.022303067341295e-06
34 1.077013476906347e-06
34 1.105813230158313e-06
34 9.284158807511854e-07
34 9.588319592371471e-07
34 1.054147005200768e-06
34 9.506353796482866e-07
34 9.734401997624028e-07
34 9.607550286159481e-07
34 9.74310182306784e-07
34 1.076415211921355e-06
34 1.02344206507479e-06
34 8.541979768927975e-07
34 9.482591793407526e-07
34 9.786779299370173e-07
34 1.030286174504791e-06
34 1.18427981465571e-06
34 9.855220865561931e-07
34 9.303513509407947e-07
34 1.094069491372875e-06
34 8.697523486939042e-07
34 9.718382267990844e-07
34 9.300211589651579e-07
34 9.322387118567504e-07
34 9.192032175898335e-07
34 9.456678461013393e-07
34 9.577627994028813e-07
34 1.038467720934249e-06
34 8.642508754239411e-07
34 1.017088845267282e-06
34 9.784241819866576e-07
34 9.614771095945814e-07
34 1.022251951302848e-06
34 9.779308263237748e-07
34 9.579337495519434e-07
34 9.833463377654414e-07
34 9.285002108282585e-07
35 6.011739026016665e-06
35 5.965728786243631e-06
35 6.030937664454467e-06
35 6.021105125168002e-06
35 6.135346519880978e-06
35 5.968586422252208e-06
35 6.075181704260319e-06
35 5.954359412920071e-06
35 6.052828021825491e-06
35 5.992383265347853e-06
35 6.015672882143128e-06
35 6.067245612028981e-06
35 5.922690807885658e-06
35 6.030885353205446e-06
35 6.09369444866854e-06
35 6.01475816178426e-06
35 5.991917703592273e-06
35 6.00440733176227e-06
35 6.057909345278686e-06
35 6.03666360008329e-06
35 5.986544294860521e-06
35 5.989599394922348e-06
35 6.060336815491764e-06
35 5.980161013000847e-06
35 6.053148940394987e-06
35 6.084413673500473e-06
35 6.04416746484079e-06
35 5.98874168411769e-06
35 6.158393439886345e-06
35 6.147945877302922e-06
35 6.107645358180963e-06
35 5.917465326630176e-06
35 6.052505386167537e-06
35 6.094300201489129e-06
35 6.037688924484908e-06
35 5.959768042684661e-06
35 5.827988685810498e-06
35 5.996166599138259e-06
35 6.022254387147248e-06
35 5.903182102505165e-06
35 6.103975401434363e-06
35 5.935251932809256e-06
35 5.996162338338227e-06
35 5.997769122734863e-06
35 5.995074169301553e-06
35 6.012976783372793e-06
35 5.962610241712809e-06
35 5.937722529483001e-06
35 5.981138606870744e-06
35 5.979624083591981e-06
35 5.984492614774261e-06
35 6.065033558216629e-06
35 5.879774136588801e-06
35 6.009025741651552e-06
35 6.053467443385295e-06
35 6.085127847002864e-06
35 6.055470641078294e-06
35 6.00955557688989e-06
35 5.913640363662008e-06
35 5.989277883006325e-06
35 6.14250225995428e-06
35 6.005452831952733e-06
35 5.998478226665505e-06
35 5.929786681431379e-06
35 6.017151741247227e-06
35 5.979449725975587e-06
35 6.167363395733041e-06
35 6.108474578831461e-06
35 5.889757239741485e-06
35 6.085939502405227e-06
35 6.042250578851593e-06
35 6.006879615131532e-06
35 5.975337299484677e-06
35 5.958694746894354e-06
35 5.902010587043162e-06
35 5.94085173578283e-06
35 6.058816125633524e-06
35 6.06901412694081e-06
35 5.977371891398441e-06
35 6.037703547825521e-06
35 6.102914576086012e-06
35 5.951770581999781e-06
35 5.987465599733977e-06
35 5.904847588248252e-06
35 6.013793499505458e-06
35 6.032724695953311e-06
35 5.955488398360614e-06
35 5.958952429501096e-06
35 5.998244617412961e-06
35 5.949997183321905e-06
35 5.876004175646871e-06
35 5.879332536155716e-06
35 6.097202846217385e-06
35 5.909398096026147e-06
35 5.966206893855712e-06
35 5.990831501166178e-06
35 5.808846120295979e-06
35 5.962075354010066e-06
35 5.99009758098442e-06
35 5.946530512011633e-06
36 5.018042989616555e-06
36 5.071862688957026e-06
36 5.039023262872504e-06
36 5.025080691369956e-06
36 5.076975437049282e-06
36 5.069975673331388e-06
36 5.085701226946387e-06
36 5.072348698560514e-06
36 5.029039675011956e-06
36 5.093762432088893e-06
36 5.006425776551154e-06
36 5.046295197292583e-06
36 5.17059465852512e-06
36 5.000901001904654e-06
36 4.947892149130476e-06
36 5.09812374904609e-06
36 5.209372666220028e-06
36 5.110780985303084e-06
36 5.065645861848341e-06
36 5.007688873053736e-06
36 5.115609578416825e-06
36 5.07779621349893e-06
36 5.073434962729402e-06
36 5.038911203785797e-06
36 5.067951520145811e-06
36 5.105650910437839e-06
36 5.036581793918522e-06
36 5.112402406187168e-06
36 5.115343023763072e-06
36 5.123204557415383e-06
36 5.070863495516484e-06
36 5.047529726921721e-06
36 5.053941116381115e-06
36 5.032975681189461e-06
36 5.025749570817827e-06
36 5.135961249829529e-06
36 5.097382330923106e-06
36 5.098609456537212e-06
36 5.168869915286063e-06
36 5.188962701263735e-06
36 5.06264378235984e-06
36 5.054095674533539e-06
36 5.095152111777645e-06
36 5.115875226835156e-06
36 5.137371899206966e-06
36 5.030844845455597e-06
36 5.056431262273304e-06
36 5.128188812608062e-06
36 5.07579488331101e-06
36 5.106155720869131e-06
36 4.988284968782379e-06
36 5.043575061050233e-06
36 5.079768462197022e-06
36 5.072078039673374e-06
36 5.132074783281956e-06
36 5.038240485388221e-06
36 5.159437790381518e-06
36 5.129045525515231e-06
36 5.060323138372283e-06
36 5.015805829339847e-06
36 5.030443519728162e-06
36 5.168425423061987e-06
36 5.185528317552798e-06
36 5.131411007373113e-06
36 4.999256291070911e-06
36 5.154444950045216e-06
36 5.11038356882358e-06
36 5.062797927425353e-06
36 5.252175880668304e-06
36 5.126027012962884e-06
36 5.089063950717998e-06
36 5.063065231769057e-06
36 5.102073089802668e-06
36 5.03464310509665e-06
36 5.121766624747188e-06
36 5.230231867274058e-06
36 5.112430985597101e-06
36 5.046639782203035e-06
36 5.081609957363665e-06
36 5.065851544506963e-06
36 5.013544077326576e-06
36 5.119571684110663e-06
36 5.028429159473956e-06
36 5.161583042077954e-06
36 4.980506472941978e-06
36 4.984809687880497e-06
36 5.125275253116115e-06
36 5.0617387891453e-06
36 5.088173216574332e-06
36 4.979575645696558e-06
36 5.059121146503568e-06
36 5.119384375583745e-06
36 5.075695120114245e-06
36 5.006967958642132e-06
36 5.021182534183908e-06
36 5.162802691859034e-06
36 5.036005369566134e-06
36 5.18446489588217e-06
36 5.046465192819054e-06
36 5.166351954760016e-06
37 4.187139917955885e-05
37 4.196752251287528e-05
37 4.181089191063265e-05
37 4.18960099567019e-05
37 4.173641976651506e-05
37 4.182886034626439e-05
37 4.188813340567969e-05
37 4.184179262037637e-05
37 4.191451845709058e-05
37 4.18083367296855e-05
37 4.189590014108421e-05
37 4.182895496624393e-05
37 4.179456088245413e-05
37 4.185388907101548e-05
37 4.17819334240758e-05
37 4.179323216654782e-05
37 4.177910077944977e-05
37 4.176486956275441e-05
37 4.182072234159303e-05
37 4.191216018236112e-05
37 4.175482200897823e-05
37 4.172635823831333e-05
37 4.18064208370947e-05
37 4.180430868501975e-05
37 4.179178797448034e-05
37 4.176167486415541e-05
37 4.179187619735532e-05
37 4.182158892891781e-05
37 4.178612470407458e-05
37 4.184000519723842e-05
37 4.186156235582272e-05
37 4.173474620690672e-05
37 4.181714804529524e-05
37 4.178192436225742e-05
37 4.17239415225001e-05
37 4.176482165994611e-05
37 4.186284100253246e-05
37 4.181628988863318e-05
37 4.173817126660841e-05
37 4.176357964091573e-05
37 4.191727703704579e-05
37 4.181937996973244e-05
37 4.184230705248082e-05
37 4.169687018354711e-05
37 4.178211395282711e-05
37 4.173825243254289e-05
37 4.171491063543614e-05
37 4.176462755545152e-05
37 4.182099201598749e-05
37 4.167163088139963e-05
37 4.173138689454581e-05
37 4.187264841761554e-05
37 4.185071424200413e-05
37 4.180424414989253e-05
37 4.18421147342087e-05
37 4.183313921042767e-05
37 4.183377862441445e-05
37 4.175648139164331e-05
37 4.182809251170145e-05
37 4.181684246555516e-05
37 4.1817062905492e-05
37 4.17323014354504e-05
37 4.188273237304506e-05
37 4.181977676964231e-05
37 4.191484245223606e-05
37 4.19867856150458e-05
37 4.17551538358336e-05
37 4.180081753811258e-05
37 4.180745107779515e-05
37 4.183921254881383e-05
37 4.177323209924481e-05
37 4.178467344198337e-05
37 4.174875500138468e-05
37 4.182693180251806e-05
37 4.185157392990722e-05
37 4.178068139465241e-05
37 4.173913401386005e-05
37 4.177699507797824e-05
37 4.171642504963668e-05
37 4.190222727679096e-05
37 4.185552312962589e-05
37 4.183928633081617e-05
37 4.191082011282685e-05
37 4.179590185842453e-05
37 4.183887362015005e-05
37 4.160846934064979e-05
37 4.187757815299542e-05
37 4.173253904640553e-05
37 4.191702883687326e-05
37 4.18467345676185e-05
37 4.182303138516203e-05
37 4.177627247084705e-05
37 4.192862008897814e-05
37 4.184961908064399e-05
37 4.188901103639402e-05
37 4.189707879021778e-05
37 4.187254021731711e-05
37 4.180620732258698e-05
37 4.179730786215226e-05
37 4.181953576691849e-05
38 5.608391364810895e-05
38 5.606685051986767e-05
38 5.601629727295466e-05
38 5.620661589803964e-05
38 5.61726045131199e-05
38 5.606905560757703e-05
38 5.621938558668863e-05
38 5.600792049193615e-05
38 5.61058367294677e-05
38 5.603544103842629e-05
38 5.627836463709967e-05
38 5.620732528815103e-05
38 5.613374808618582e-05
38 5.606284289845225e-05
38 5.601629091053587e-05
38 5.622363486272256e-05
38 5.597299694993146e-05
38 5.610104460007334e-05
38 5.603338666181809e-05
38 5.626983566298941e-05
38 5.60517839083783e-05
38 5.604264740430157e-05
38 5.613837614353221e-05
38 5.6186995887868e-05
38 5.614064101833489e-05
38 5.631021700038661e-05
38 5.638167910921692e-05
38 5.615740329512562e-05
38 5.608494136735817e-05
38 5.607313196409471e-05
38 5.610562997039828e-05
38 5.592249798547103e-05
38 5.617131665501544e-05
38 5.610987983433687e-05
38 5.610906881082646e-05
38 5.624670870821315e-05
38 5.605181990124247e-05
38 5.590149157787417e-05
38 5.604984319175033e-05
38 5.619490289130449e-05
38 5.616466473837588e-05
38 5.596514541301794e-05
38 5.613921525880466e-05
38 5.612738820953358e-05
38 5.631885774512218e-05
38 5.602200195427958e-05
38 5.605667959698426e-05
38 5.623429122341587e-05
38 5.601586362523178e-05
38 5.615494278216062e-05
38 5.599488701732295e-05
38 5.614551836832749e-05
38 5.60948483398517e-05
38 5.603357118407057e-05
38 5.615777044783978e-05
38 5.614325872382509e-05
38 5.607635634350366e-05
38 5.615783286293221e-05
38 5.625437863767119e-05
38 5.613378281064093e-05
38 5.598063326249061e-05
38 5.59435971813229e-05
38 5.612774634816963e-05
38 5.606429847978671e-05
38 5.614418295247007e-05
38 5.614827726598665e-05
38 5.609432232787754e-05
38 5.622682603872898e-05
38 5.623529260210325e-05
38 5.611352820275555e-05
38 5.62557837278014e-05
38 5.622264236457826e-05
38 5.590960710073158e-05
38 5.609235966900977e-05
38 5.597044667741651e-05
38 5.609677208207787e-05
38 5.603949123019759e-05
38 5.623581724042212e-05
38 5.613604312133535e-05
38 5.61151741687324e-05
38 5.625541339067054e-05
38 5.601965308879578e-05
38 5.615416087640849e-05
38 5.629178355545834e-05
38 5.599875021926765e-05
38 5.611364981706727e-05
38 5.629017621737215e-05
38 5.596691055035225e-05
38 5.606330900498737e-05
38 5.616081615796113e-05
38 5.622408965087539e-05
38 5.633336946533091e-05
38 5.609752930905623e-05
38 5.611391313524178e-05
38 5.629483360897096e-05
38 5.615751940862982e-05
38 5.612213092442337e-05
38 5.609784540772543e-05
38 5.61948177881781e-05
38 5.620080658865119e-05
39 0.0005535098950033517
39 0.0005534836934903045
39 0.0005534831601999718
39 0.0005531641366088542
39 0.0005533022136580947
39 0.0005534814735608213
39 0.0005531769973537986
39 0.0005531909228146859
39 0.000553218839911839
39 0.0005534581247676644
39 0.0005533873000859834
39 0.0005533544201434038
39 0.000553540320999311
39 0.0005528919378575481
39 0.0005531075242134608
39 0.0005530641710169564
39 0.0005531998682266423
39 0.0005532488149222315
39 0.0005532903164075623
39 0.0005534907338243442
39 0.000553183990041356
39 0.0005531495198141513
39 0.0005532946722777705
39 0.0005530673225930508
39 0.0005532522945509997
39 0.0005533830695769182
39 0.0005536245107670615
39 0.0005535857345148486
39 0.0005533338336782344
39 0.000553134594715901
39 0.0005530899835968222
39 0.0005534974002495399
39 0.0005532011980239589
39 0.0005531513542210883
39 0.0005533772721421264
39 0.0005533332328178641
39 0.0005531682097276714
39 0.0005530747523181222
39 0.0005531146222894025
39 0.0005532378055466238
39 0.0005532636517531051
39 0.0005532916366440008
39 0.0005531503263172386
39 0.0005530166842880214
39 0.0005532421667678016
39 0.0005532171340346191
39 0.0005533332567803744
39 0.0005532506590028884
39 0.0005531196398638285
39 0.0005532861168290094
39 0.0005531693417589623
39 0.0005530872400357186
39 0.0005529975669533714
39 0.000553100805110218
39 0.0005530635262104341
39 0.000552973099227978
39 0.0005532568026545796
39 0.0005534473522332515
39 0.0005531189836923565
39 0.0005532893066144652
39 0.0005533613469760091
39 0.0005532413761246111
39 0.0005531653980227178
39 0.0005532390404898645
39 0.0005530226728081172
39 0.0005533265306531827
39 0.0005531325142502393
39 0.0005530920122291635
39 0.0005532744982469944
39 0.0005533954230663338
39 0.0005533299098475452
39 0.0005529914553381973
39 0.000553303767010698
39 0.0005532486971980125
39 0.0005531129537428323
39 0.0005529187600470721
39 0.0005532068769998613
39 0.0005532971060620798
39 0.0005530189356620553
39 0.0005530360699160191
39 0.0005531223149934748
39 0.000553474419481725
39 0.00055315728302845
39 0.0005529563185850975
39 0.0005530130196199285
39 0.0005534003906883217
39 0.0005530789626261959
39 0.0005535394160839951
39 0.0005533627235364776
39 0.0005533824861738086
39 0.000553431191518449
39 0.0005531418211257904
39 0.0005532400209816213
39 0.0005531907415638681
39 0.0005533299470289834
39 0.0005533979733285244
39 0.0005528024038707515
39 0.0005533251993723717
39 0.0005533574544373741
39 0.0005532457502685205
