0 0.001208188427930259 9.666330680650279e-07
1 0.0005712919818808548 8.650935384420843e-07
2 5.900961752814935e-05 8.743034554746337e-07
3 4.329981630717671e-05 7.213505928445081e-07
4 7.596844382065401e-06 8.37626367422948e-07
5 5.972399073888564e-06 7.11864397812274e-07
6 1.005868786283065e-06 7.960824278062244e-07
7 7.930006981117859e-07 8.097231064642745e-07
8 2.871875226913735e-07 7.144826631160354e-07
9 5.199330855073892e-07 7.550309758120727e-07
10 -6.674915080536153e-07 7.624428451439474e-07
11 8.907822189270635e-07 7.424710134568548e-07
12 1.355339285513394e-06 8.03951211017587e-07
13 1.289098871532526e-06 7.227678758589428e-07
14 2.602143286175778e-06 6.961171611285024e-07
15 6.803527430951958e-06 7.739740563025955e-07
16 8.448206310866794e-06 7.916918163228631e-07
17 4.399588427938578e-05 7.51696999966357e-07
18 5.775584328630332e-05 6.949524738165971e-07
19 0.0005702201056441705 8.840237138572987e-07
