0 0.0006294656942065369 3.907764440183597e-06
1 0.0007900031130005335 3.74419480771309e-06
2 -3.165052377076413e-05 4.781975721111482e-06
3 0.0002068973840876004 3.93888001738523e-06
4 1.384755067541298e-05 3.598754259076927e-06
5 0.0001028856995119542 3.191235023513954e-06
6 1.91277541454577e-05 3.797794153594198e-06
7 6.489301219259259e-05 3.651930025653188e-06
8 1.526971287746142e-05 3.619647045063295e-06
9 4.84877431526759e-05 3.261433267771244e-06
10 1.833894966827866e-05 3.292596163190823e-06
11 4.767957491862569e-05 3.023041539524193e-06
12 1.894212636338291e-05 3.444649722337259e-06
13 5.970729213943719e-05 3.474098647533096e-06
14 2.282657167632957e-05 3.216030731189062e-06
15 9.794157729441557e-05 3.483856917940502e-06
16 1.815386690921317e-05 3.154579409998598e-06
17 0.0002034622367536332 4.222984460973071e-06
18 -3.028895048966582e-05 3.9618117850038e-06
19 0.000787339217146758 3.658646187844651e-06
