# Grace project file
#
@version 50125
@page size 792, 612
@page scroll 5%
@page inout 5%
@link page off
@map font 0 to "Times-Roman", "Times-Roman"
@map font 1 to "Times-Italic", "Times-Italic"
@map font 2 to "Times-Bold", "Times-Bold"
@map font 3 to "Times-BoldItalic", "Times-BoldItalic"
@map font 4 to "Helvetica", "Helvetica"
@map font 5 to "Helvetica-Oblique", "Helvetica-Oblique"
@map font 6 to "Helvetica-Bold", "Helvetica-Bold"
@map font 7 to "Helvetica-BoldOblique", "Helvetica-BoldOblique"
@map font 8 to "Courier", "Courier"
@map font 9 to "Courier-Oblique", "Courier-Oblique"
@map font 10 to "Courier-Bold", "Courier-Bold"
@map font 11 to "Courier-BoldOblique", "Courier-BoldOblique"
@map font 12 to "Symbol", "Symbol"
@map font 13 to "ZapfDingbats", "ZapfDingbats"
@map color 0 to (255, 255, 255), "white"
@map color 1 to (0, 0, 0), "black"
@map color 2 to (255, 0, 0), "red"
@map color 3 to (0, 255, 0), "green"
@map color 4 to (0, 0, 255), "blue"
@map color 5 to (255, 255, 0), "yellow"
@map color 6 to (188, 143, 143), "brown"
@map color 7 to (220, 220, 220), "grey"
@map color 8 to (148, 0, 211), "violet"
@map color 9 to (0, 255, 255), "cyan"
@map color 10 to (255, 0, 255), "magenta"
@map color 11 to (255, 165, 0), "orange"
@map color 12 to (114, 33, 188), "indigo"
@map color 13 to (103, 7, 72), "maroon"
@map color 14 to (64, 224, 208), "turquoise"
@map color 15 to (0, 139, 0), "green4"
@reference date 0
@date wrap off
@date wrap year 1950
@default linewidth 1.0
@default linestyle 1
@default color 1
@default pattern 1
@default font 0
@default char size 1.000000
@default symbol size 1.000000
@default sformat "%.8g"
@background color 0
@page background fill on
@timestamp off
@timestamp 0.03, 0.03
@timestamp color 1
@timestamp rot 0
@timestamp font 0
@timestamp char size 1.000000
@timestamp def "Thu Feb 10 10:39:39 2022"
@r0 off
@link r0 to g0
@r0 type above
@r0 linestyle 1
@r0 linewidth 1.0
@r0 color 1
@r0 line 0, 0, 0, 0
@r1 off
@link r1 to g0
@r1 type above
@r1 linestyle 1
@r1 linewidth 1.0
@r1 color 1
@r1 line 0, 0, 0, 0
@r2 off
@link r2 to g0
@r2 type above
@r2 linestyle 1
@r2 linewidth 1.0
@r2 color 1
@r2 line 0, 0, 0, 0
@r3 off
@link r3 to g0
@r3 type above
@r3 linestyle 1
@r3 linewidth 1.0
@r3 color 1
@r3 line 0, 0, 0, 0
@r4 off
@link r4 to g0
@r4 type above
@r4 linestyle 1
@r4 linewidth 1.0
@r4 color 1
@r4 line 0, 0, 0, 0
@g0 on
@g0 hidden false
@g0 type XY
@g0 stacked false
@g0 bar hgap 0.000000
@g0 fixedpoint off
@g0 fixedpoint type 0
@g0 fixedpoint xy 0.000000, 0.000000
@g0 fixedpoint format general general
@g0 fixedpoint prec 6, 6
@with g0
@    world 0, -0.0003, 40, 0.0003
@    stack world 0, 0, 0, 0
@    znorm 1
@    view 0.150000, 0.150000, 1.150000, 0.850000
@    title ""
@    title font 0
@    title size 1.500000
@    title color 1
@    subtitle ""
@    subtitle font 0
@    subtitle size 1.000000
@    subtitle color 1
@    xaxes scale Normal
@    yaxes scale Normal
@    xaxes invert off
@    yaxes invert off
@    xaxis  on
@    xaxis  type zero false
@    xaxis  offset 0.000000 , 0.000000
@    xaxis  bar on
@    xaxis  bar color 1
@    xaxis  bar linestyle 1
@    xaxis  bar linewidth 1.0
@    xaxis  label ""
@    xaxis  label layout para
@    xaxis  label place auto
@    xaxis  label char size 1.000000
@    xaxis  label font 0
@    xaxis  label color 1
@    xaxis  label place normal
@    xaxis  tick on
@    xaxis  tick major 10
@    xaxis  tick minor ticks 1
@    xaxis  tick default 6
@    xaxis  tick place rounded true
@    xaxis  tick in
@    xaxis  tick major size 1.000000
@    xaxis  tick major color 1
@    xaxis  tick major linewidth 1.0
@    xaxis  tick major linestyle 1
@    xaxis  tick major grid off
@    xaxis  tick minor color 1
@    xaxis  tick minor linewidth 1.0
@    xaxis  tick minor linestyle 1
@    xaxis  tick minor grid off
@    xaxis  tick minor size 0.500000
@    xaxis  ticklabel on
@    xaxis  ticklabel format general
@    xaxis  ticklabel prec 5
@    xaxis  ticklabel formula ""
@    xaxis  ticklabel append ""
@    xaxis  ticklabel prepend ""
@    xaxis  ticklabel angle 0
@    xaxis  ticklabel skip 0
@    xaxis  ticklabel stagger 0
@    xaxis  ticklabel place normal
@    xaxis  ticklabel offset auto
@    xaxis  ticklabel offset 0.000000 , 0.010000
@    xaxis  ticklabel start type auto
@    xaxis  ticklabel start 0.000000
@    xaxis  ticklabel stop type auto
@    xaxis  ticklabel stop 0.000000
@    xaxis  ticklabel char size 1.000000
@    xaxis  ticklabel font 0
@    xaxis  ticklabel color 1
@    xaxis  tick place both
@    xaxis  tick spec type none
@    yaxis  on
@    yaxis  type zero false
@    yaxis  offset 0.000000 , 0.000000
@    yaxis  bar on
@    yaxis  bar color 1
@    yaxis  bar linestyle 1
@    yaxis  bar linewidth 1.0
@    yaxis  label ""
@    yaxis  label layout para
@    yaxis  label place auto
@    yaxis  label char size 1.000000
@    yaxis  label font 0
@    yaxis  label color 1
@    yaxis  label place normal
@    yaxis  tick on
@    yaxis  tick major 0.0001
@    yaxis  tick minor ticks 1
@    yaxis  tick default 6
@    yaxis  tick place rounded true
@    yaxis  tick in
@    yaxis  tick major size 1.000000
@    yaxis  tick major color 1
@    yaxis  tick major linewidth 1.0
@    yaxis  tick major linestyle 1
@    yaxis  tick major grid off
@    yaxis  tick minor color 1
@    yaxis  tick minor linewidth 1.0
@    yaxis  tick minor linestyle 1
@    yaxis  tick minor grid off
@    yaxis  tick minor size 0.500000
@    yaxis  ticklabel on
@    yaxis  ticklabel format general
@    yaxis  ticklabel prec 5
@    yaxis  ticklabel formula ""
@    yaxis  ticklabel append ""
@    yaxis  ticklabel prepend ""
@    yaxis  ticklabel angle 0
@    yaxis  ticklabel skip 0
@    yaxis  ticklabel stagger 0
@    yaxis  ticklabel place normal
@    yaxis  ticklabel offset auto
@    yaxis  ticklabel offset 0.000000 , 0.010000
@    yaxis  ticklabel start type auto
@    yaxis  ticklabel start 0.000000
@    yaxis  ticklabel stop type auto
@    yaxis  ticklabel stop 0.000000
@    yaxis  ticklabel char size 1.000000
@    yaxis  ticklabel font 0
@    yaxis  ticklabel color 1
@    yaxis  tick place both
@    yaxis  tick spec type none
@    altxaxis  off
@    altyaxis  off
@    legend on
@    legend loctype view
@    legend 0.85, 0.8
@    legend box color 1
@    legend box pattern 1
@    legend box linewidth 1.0
@    legend box linestyle 1
@    legend box fill color 0
@    legend box fill pattern 1
@    legend font 0
@    legend char size 1.000000
@    legend color 1
@    legend length 4
@    legend vgap 1
@    legend hgap 1
@    legend invert false
@    frame type 0
@    frame linestyle 1
@    frame linewidth 1.0
@    frame color 1
@    frame pattern 1
@    frame background color 0
@    frame background pattern 0
@    s0 hidden false
@    s0 type xydy
@    s0 symbol 0
@    s0 symbol size 1.000000
@    s0 symbol color 1
@    s0 symbol pattern 1
@    s0 symbol fill color 1
@    s0 symbol fill pattern 0
@    s0 symbol linewidth 1.0
@    s0 symbol linestyle 1
@    s0 symbol char 65
@    s0 symbol char font 0
@    s0 symbol skip 0
@    s0 line type 1
@    s0 line linestyle 1
@    s0 line linewidth 1.0
@    s0 line color 1
@    s0 line pattern 1
@    s0 baseline type 0
@    s0 baseline off
@    s0 dropline off
@    s0 fill type 0
@    s0 fill rule 0
@    s0 fill color 1
@    s0 fill pattern 1
@    s0 avalue off
@    s0 avalue type 2
@    s0 avalue char size 1.000000
@    s0 avalue font 0
@    s0 avalue color 1
@    s0 avalue rot 0
@    s0 avalue format general
@    s0 avalue prec 3
@    s0 avalue prepend ""
@    s0 avalue append ""
@    s0 avalue offset 0.000000 , 0.000000
@    s0 errorbar on
@    s0 errorbar place both
@    s0 errorbar color 1
@    s0 errorbar pattern 1
@    s0 errorbar size 1.000000
@    s0 errorbar linewidth 1.0
@    s0 errorbar linestyle 1
@    s0 errorbar riser linewidth 1.0
@    s0 errorbar riser linestyle 1
@    s0 errorbar riser clip off
@    s0 errorbar riser clip length 0.100000
@    s0 comment "mu_sigma_correlators_xy.out"
@    s0 legend  ""
@    s1 hidden false
@    s1 type xydy
@    s1 symbol 0
@    s1 symbol size 1.000000
@    s1 symbol color 2
@    s1 symbol pattern 1
@    s1 symbol fill color 2
@    s1 symbol fill pattern 0
@    s1 symbol linewidth 1.0
@    s1 symbol linestyle 1
@    s1 symbol char 65
@    s1 symbol char font 0
@    s1 symbol skip 0
@    s1 line type 1
@    s1 line linestyle 1
@    s1 line linewidth 1.0
@    s1 line color 2
@    s1 line pattern 1
@    s1 baseline type 0
@    s1 baseline off
@    s1 dropline off
@    s1 fill type 0
@    s1 fill rule 0
@    s1 fill color 1
@    s1 fill pattern 1
@    s1 avalue off
@    s1 avalue type 2
@    s1 avalue char size 1.000000
@    s1 avalue font 0
@    s1 avalue color 1
@    s1 avalue rot 0
@    s1 avalue format general
@    s1 avalue prec 3
@    s1 avalue prepend ""
@    s1 avalue append ""
@    s1 avalue offset 0.000000 , 0.000000
@    s1 errorbar on
@    s1 errorbar place both
@    s1 errorbar color 2
@    s1 errorbar pattern 1
@    s1 errorbar size 1.000000
@    s1 errorbar linewidth 1.0
@    s1 errorbar linestyle 1
@    s1 errorbar riser linewidth 1.0
@    s1 errorbar riser linestyle 1
@    s1 errorbar riser clip off
@    s1 errorbar riser clip length 0.100000
@    s1 comment "mu_sigma_correlators_z.out"
@    s1 legend  ""
@target G0.S0
@type xydy
0 -0.00027891527 9.3894867e-11
1 0.0002129938 8.2027138e-11
2 -0.00016745298 6.0379903e-11
3 0.00011521248 6.2202147e-11
4 -9.4326412e-05 6.4061559e-11
5 7.3643006e-05 6.6451671e-11
6 -5.7855167e-05 7.0574617e-11
7 6.2379242e-05 6.4869807e-11
8 -4.1457704e-05 5.5654869e-11
9 5.4203125e-05 4.7400043e-11
10 -3.3108759e-05 6.1332655e-11
11 4.9037745e-05 5.7677128e-11
12 -3.0058767e-05 5.6776955e-11
13 4.2494257e-05 6.5653089e-11
14 -2.5856639e-05 7.2460443e-11
15 3.9665768e-05 7.1315424e-11
16 -2.1931153e-05 5.8681159e-11
17 4.337877e-05 6.6247698e-11
18 -2.2460091e-05 5.4249066e-11
19 4.0799982e-05 7.1123056e-11
20 -2.2419937e-05 4.4374729e-11
21 4.2180238e-05 5.949945e-11
22 -2.3601643e-05 5.3199794e-11
23 3.7910241e-05 4.9514586e-11
24 -2.2434343e-05 5.0689515e-11
25 3.9356293e-05 6.8282832e-11
26 -1.9994445e-05 6.4374569e-11
27 3.8693827e-05 8.7401035e-11
28 -2.5286482e-05 7.867596e-11
29 4.5737539e-05 9.0394082e-11
30 -3.2978788e-05 5.2850117e-11
31 5.1699784e-05 6.8148054e-11
32 -4.7339257e-05 7.1295023e-11
33 5.3545941e-05 7.9908529e-11
34 -6.3258238e-05 5.9910526e-11
35 6.3262182e-05 7.0382861e-11
36 -0.00010197967 9.125968e-11
37 9.8703871e-05 8.1726086e-11
38 -0.00017453141 8.4563126e-11
39 0.00019066861 1.0613e-10
&
@target G0.S1
@type xydy
0 -8.7558458e-05 5.2378158e-11
1 7.8079321e-05 5.5749975e-12
2 -5.5189901e-05 1.6281232e-12
3 3.6811041e-05 9.650612e-13
4 -2.7392013e-05 3.6191601e-13
5 1.7538579e-05 3.8404704e-13
6 -1.2621045e-05 1.4009158e-13
7 1.0911199e-05 1.4072171e-13
8 -4.8331818e-06 8.3246815e-14
9 8.8904554e-06 8.6776536e-14
10 -8.018427e-07 4.592274e-14
11 7.8478561e-06 4.0725452e-14
12 9.3937327e-07 3.0482503e-14
13 6.929933e-06 2.5660541e-14
14 1.7764329e-06 1.8304259e-14
15 6.1881534e-06 1.1060151e-14
16 2.1817911e-06 1.2974253e-14
17 5.7340934e-06 1.1399782e-14
18 2.323917e-06 9.9112263e-15
19 5.6445425e-06 1.0803458e-14
20 2.362263e-06 6.7780234e-15
21 5.6796395e-06 1.0371671e-14
22 2.3569841e-06 7.6780643e-15
23 5.8505877e-06 1.2754395e-14
24 2.3104906e-06 9.5830125e-15
25 6.2842888e-06 1.5791149e-14
26 2.029651e-06 1.4493605e-14
27 6.9280535e-06 2.216884e-14
28 1.2031926e-06 2.931867e-14
29 7.8254446e-06 2.7866799e-14
30 -8.3855266e-07 6.541661e-14
31 8.9532881e-06 5.6159532e-14
32 -4.9304552e-06 1.3321258e-13
33 1.1124297e-05 1.5870348e-13
34 -1.2929511e-05 1.8661676e-13
35 1.7228557e-05 2.8557162e-13
36 -2.7938022e-05 4.1768656e-13
37 3.486637e-05 9.8112639e-13
38 -5.635691e-05 1.9590282e-12
39 7.1443043e-05 7.1947671e-12
& 
