0 2.532335865585015e-05 6.016845211857973e-07
1 1.454893173070934e-05 4.663583082713269e-07
2 1.063090210224562e-06 3.577354987513118e-07
3 1.837301114237236e-06 3.000979789592804e-07
4 -1.316980329206898e-06 3.270350965198738e-07
5 -1.260580204545937e-06 2.961109302363938e-07
6 -8.946665608400324e-07 2.944133926184029e-07
7 -1.238046100711209e-06 2.884942576285105e-07
8 -5.006267415677755e-07 2.527496514039364e-07
9 -1.086237358014982e-06 2.702095913929949e-07
10 -4.731676011502589e-07 2.794385816523176e-07
11 -7.512419556327585e-07 2.493066743537275e-07
12 -4.497874595261795e-07 2.589523240237086e-07
13 -7.469291969055375e-07 2.733378368435855e-07
14 -2.610331470801317e-07 2.704900942258844e-07
15 -4.91569256087097e-07 2.927918518641037e-07
16 -2.821129506909874e-07 2.315792393281816e-07
17 -1.886550226623996e-07 2.376282307734584e-07
18 -4.800457145630799e-07 2.539051386140974e-07
19 -2.607640505898414e-07 2.719505198658595e-07
20 -5.861679748128293e-07 2.647315357087923e-07
21 -2.078003850162252e-07 2.860100614454683e-07
22 -5.76756964412566e-07 2.591047189372261e-07
23 -4.604378587928288e-07 3.017659639649269e-07
24 -5.431285024499484e-07 2.653084020608996e-07
25 -3.959771981434408e-07 2.877217570937166e-07
26 -4.168978499026736e-07 2.689291266510073e-07
27 -5.171725363244417e-07 2.672888289659973e-07
28 -5.215945654778102e-07 2.604266729772035e-07
29 -6.608625859762447e-07 2.80141529972141e-07
30 -7.977507125323214e-07 3.103079555652712e-07
31 -8.474069316511363e-07 2.945198093771691e-07
32 -1.092580488173087e-06 3.12105729054896e-07
33 -1.598386505505628e-06 2.859472334777601e-07
34 -1.358137571138575e-06 2.973322137078397e-07
35 -1.828126166535958e-06 3.44961064127468e-07
36 -1.738323725145438e-06 3.350113319808485e-07
37 8.707680173849451e-07 3.311064324861764e-07
38 2.798717589767111e-07 3.842738419970315e-07
39 1.219724332862666e-05 4.409268093494502e-07
