0 -0.0002265998043124 4.113873177294263e-06
1 4.75022707910826e-05 4.14058566831836e-06
2 -8.693691375398871e-05 3.920259551923229e-06
3 4.89832863785646e-05 3.812496891868735e-06
4 -4.120929411646148e-05 3.901231547919375e-06
5 4.072488142317089e-05 3.313449778692585e-06
6 -2.265396181647402e-05 3.713975803229423e-06
7 3.312592734227996e-05 4.25722789371657e-06
8 -1.328303406494766e-05 3.678505302124061e-06
9 2.811974756012885e-05 3.622494224376118e-06
10 -8.909279371309111e-06 3.867161871771732e-06
11 2.397685448037606e-05 3.884449085059957e-06
12 -6.144511469293048e-06 3.478618752629069e-06
13 2.217058117205839e-05 3.991284423828146e-06
14 -3.592703456463591e-06 4.127962360639187e-06
15 1.940757942495038e-05 4.173267343828134e-06
16 -3.25848993683948e-06 3.774291576086732e-06
17 1.76168117682387e-05 4.273443493373047e-06
18 -1.572161226369178e-06 4.459635437779185e-06
19 1.751456638681706e-05 3.991694996790856e-06
20 -4.641603421559166e-07 3.506403599762031e-06
21 1.786553538706854e-05 3.97592453622958e-06
22 -1.317507860670362e-06 3.96057079585848e-06
23 1.826866921975259e-05 3.81206659157394e-06
24 -1.822113515564171e-06 3.671992012915092e-06
25 1.91272313425799e-05 4.266728028197455e-06
26 -3.092085246962016e-06 3.777938986776256e-06
27 2.032625649850853e-05 4.036665102063842e-06
28 -4.748377386130536e-06 4.32412155997159e-06
29 2.249417061311103e-05 4.100218756909673e-06
30 -7.554688556584776e-06 3.624383959704483e-06
31 2.569761868292617e-05 4.198168170479115e-06
32 -1.254179130265352e-05 3.859448211006885e-06
33 3.122666502515706e-05 3.933693958739556e-06
34 -2.139344063385249e-05 3.671814824214363e-06
35 3.870014473892191e-05 4.760889837297076e-06
36 -4.101670356000177e-05 4.29287994354924e-06
37 4.751630071412288e-05 3.894099598930261e-06
38 -8.73680101313068e-05 4.096361494202266e-06
39 4.611055233672095e-05 4.133362458278818e-06
