0 0.01803031675791065
0 0.01802959509910549
0 0.01802942544793782
0 0.01803253449487451
0 0.01803547184422568
0 0.01804239928351758
0 0.01803224136788824
0 0.01802937749488815
0 0.01802736186997646
0 0.0180247075322319
0 0.01804102188424216
0 0.01802976064775168
0 0.01803338998357416
0 0.01802336631980459
0 0.01802479620299539
0 0.01804377131071167
0 0.01802660868528075
0 0.01803236833841955
0 0.01803247917493188
0 0.0180336494884013
0 0.01803624740577449
0 0.01803755083030173
0 0.0180344869943287
0 0.01803102773216784
0 0.01802751951898911
0 0.01803130142763494
0 0.0180423343329523
0 0.0180376864488029
0 0.01802807953400859
0 0.01803366095153849
0 0.01803145002843474
0 0.01803485901891433
0 0.01803294488813775
0 0.01803544888794971
0 0.01803655834769985
0 0.01803672274861116
0 0.01803390237412848
0 0.01803482802658381
0 0.01803934087679824
0 0.01804074193081705
0 0.01802750879276724
0 0.01803611624994159
0 0.01803908383828674
0 0.01804100614816955
0 0.01803434496778123
0 0.01802626063606499
0 0.01803043393557177
0 0.01803432509428047
0 0.01802381166371799
0 0.01803004655891251
0 0.01803513813481818
0 0.01802890030892805
0 0.01803914124216958
0 0.01802277377052048
0 0.01804074697719922
0 0.01803523015887443
0 0.01804752546057754
0 0.01803966792720191
0 0.01804773223905476
0 0.01802163885314445
0 0.01803632006384701
0 0.01803178879002283
0 0.01803671124805743
0 0.0180337343875045
0 0.01803417420651164
0 0.01803689571841823
0 0.01801779224654627
0 0.0180287433116765
0 0.01802316127703997
0 0.0180358271836432
0 0.01803230859401289
0 0.01804102467879035
0 0.01803522591670036
0 0.01803754139537485
0 0.01803410335154055
0 0.01803551329593882
0 0.0180300542375754
0 0.01802434680962487
0 0.01803142396944054
0 0.0180268684062839
0 0.01802843179398341
0 0.01803165811643216
0 0.01801754768084867
0 0.01803630500800957
0 0.01802942179326578
0 0.01803859822670198
0 0.01803658905527632
0 0.01802441037820817
0 0.01802667116332149
0 0.01802729889689786
0 0.01803445232625451
0 0.01803394561797824
0 0.01802709186745181
0 0.01803160536517196
0 0.0180352838604488
0 0.01803583169815468
0 0.01803139946707864
0 0.01803895060882222
0 0.01803149738343685
0 0.01804432500314415
1 0.009073042477378987
1 0.009068153740349419
1 0.009069997827279105
1 0.009070087794305667
1 0.009072677114061103
1 0.009070419989883481
1 0.009070336383186429
1 0.00907382304959775
1 0.009072046001473087
1 0.009072835958610387
1 0.009071516654852521
1 0.009072573662847926
1 0.009069661751150245
1 0.00906903661606382
1 0.009071709093371921
1 0.009072781904498189
1 0.009071613947026379
1 0.009071088154161297
1 0.009071869979234736
1 0.009072647359309353
1 0.009075357973116141
1 0.00907627470000757
1 0.009068856513059365
1 0.009069547705436458
1 0.00907043060270444
1 0.009070281701155996
1 0.009074489222507405
1 0.009071007589646706
1 0.009073699840088648
1 0.00907237649114189
1 0.009072488979129677
1 0.009071968412165752
1 0.009073174613500555
1 0.009070047276487793
1 0.009075199285254388
1 0.009076600439519809
1 0.009072912112538525
1 0.009074173204082901
1 0.009070896556363262
1 0.009067212446795021
1 0.009071278672024132
1 0.009076321852772385
1 0.009069487253797686
1 0.00907447843951388
1 0.009075005415931633
1 0.009073976231418692
1 0.009072923470759558
1 0.009072094379522119
1 0.009070650408442321
1 0.009071630993287005
1 0.009074769222687718
1 0.009069441858108983
1 0.00906764611939614
1 0.009074156580760868
1 0.009074474674561254
1 0.009071749364315421
1 0.009076828853162587
1 0.009072696122686267
1 0.009072483161277226
1 0.009071799857474902
1 0.009071406630134393
1 0.009074429896426337
1 0.009073262352237797
1 0.009071032127496537
1 0.00907294089924032
1 0.00907011603504224
1 0.009069600808852949
1 0.009074481866807747
1 0.009073844219498476
1 0.009072415041263253
1 0.009073073649921585
1 0.009070697956327065
1 0.009071242727180246
1 0.009073824608683632
1 0.009070667124656249
1 0.0090739425059934
1 0.009071096975825882
1 0.009072404848791446
1 0.009071716382782946
1 0.009072900635821654
1 0.009071385856601191
1 0.00907150135855541
1 0.009073135131821262
1 0.00907168446526554
1 0.009071177432013047
1 0.009071666464604293
1 0.009070197403842951
1 0.009073734221329263
1 0.009071911796148664
1 0.009070696873632653
1 0.009074298914800902
1 0.009073280396581269
1 0.009069095442176926
1 0.009070638853026393
1 0.009073861428229995
1 0.00906952197289087
1 0.009071540421975078
1 0.009073179712049991
1 0.009075726354515308
1 0.009069878562715998
2 0.0007520328494027061
2 0.0007516784199460075
2 0.0007532949698870174
2 0.000749158478673669
2 0.0007516656072612054
2 0.0007514225423860612
2 0.000752092453001398
2 0.000753641305879365
2 0.0007521444396523381
2 0.0007545403146087543
2 0.0007512128878106544
2 0.0007522770276066457
2 0.0007513448941235955
2 0.0007497324306003118
2 0.000750972879766172
2 0.0007526880837601817
2 0.0007541006356952011
2 0.0007521610324531004
2 0.0007516493309114198
2 0.0007539889503250958
2 0.0007520902231448873
2 0.0007509718496282088
2 0.0007529523261322642
2 0.0007544291890169649
2 0.0007523876661066436
2 0.0007526811197603454
2 0.0007523583895913719
2 0.0007523291192335567
2 0.000752152672284098
2 0.0007523957838597316
2 0.0007521134979228619
2 0.0007530445204586766
2 0.0007522790603084754
2 0.0007512405151369702
2 0.0007532727638318347
2 0.0007506910386263317
2 0.0007527799480538848
2 0.0007516692965626346
2 0.0007509505559407616
2 0.000751840924716955
2 0.0007540335080039676
2 0.0007519404896114733
2 0.0007529930453555753
2 0.0007514688343332381
2 0.0007516341315468083
2 0.0007528206498137623
2 0.0007531365705923045
2 0.0007522849374289175
2 0.0007519723616174377
2 0.0007520034342471262
2 0.00075142200909216
2 0.0007507982319343967
2 0.0007533711143746172
2 0.0007525264640429463
2 0.0007537725665627581
2 0.0007511271835813367
2 0.0007533012560646052
2 0.0007533662245866555
2 0.000753348832568296
2 0.000750889099310988
2 0.000753407498506031
2 0.000750948427313938
2 0.0007521781210915385
2 0.0007531505989894392
2 0.0007520142976240127
2 0.0007529343153418597
2 0.0007526090912850424
2 0.0007507329908133719
2 0.0007501120786918997
2 0.0007520694699886183
2 0.0007524234910718321
2 0.0007518166354962289
2 0.0007529436217920803
2 0.0007513014233396379
2 0.0007519095682405945
2 0.0007513718227406944
2 0.0007506695955045832
2 0.000752507036067041
2 0.0007533147958631673
2 0.000753293290480428
2 0.0007524426383166428
2 0.0007528801671789798
2 0.000751682456153296
2 0.0007518738692067371
2 0.0007530726273775373
2 0.0007526058144686031
2 0.0007530097588146317
2 0.0007518380224442053
2 0.000752585632114827
2 0.0007509573435986229
2 0.0007516633881436678
2 0.0007507960454784432
2 0.0007517458508876975
2 0.0007523812178661206
2 0.0007525787626751162
2 0.0007533711881334304
2 0.0007516818078744758
2 0.0007540310598381649
2 0.0007518255951964849
2 0.0007509593498247851
3 0.0005919273081760353
3 0.0005929330848076602
3 0.0005925374852277739
3 0.0005922979633767908
3 0.0005920944224219347
3 0.0005942726450805215
3 0.0005936656438412404
3 0.0005917656434600668
3 0.0005929113975937701
3 0.0005926486634788545
3 0.0005919467383345466
3 0.0005934417877097447
3 0.0005927852157162233
3 0.0005938580017632198
3 0.0005935213822087232
3 0.0005927187939840967
3 0.0005924363730852277
3 0.0005928151337719135
3 0.0005920519325305571
3 0.0005940442484493805
3 0.0005929713845337269
3 0.0005918395545277473
3 0.0005923789760054454
3 0.0005922175902397353
3 0.0005921172785545282
3 0.0005927845197212663
3 0.0005919215995736916
3 0.0005922989687922381
3 0.0005929809252552587
3 0.0005921370225260313
3 0.0005930944533474533
3 0.0005931083001341494
3 0.0005939838442841473
3 0.0005927701143412041
3 0.0005925868699762495
3 0.0005922973642008281
3 0.0005920557267394891
3 0.0005931789411966407
3 0.0005920358515764359
3 0.0005932846844998707
3 0.0005909981705116708
3 0.0005919977299727654
3 0.0005922207488419165
3 0.0005926391290525555
3 0.0005926449005232167
3 0.0005924414682266948
3 0.0005932811399961154
3 0.0005928253917085172
3 0.0005948527317178052
3 0.0005936047783204054
3 0.0005933800073454127
3 0.0005939808497970527
3 0.0005932241562767815
3 0.0005920533652067451
3 0.0005918452837449559
3 0.0005919479055267057
3 0.0005930826591269353
3 0.0005928974630836595
3 0.0005922690844097231
3 0.000592853601426307
3 0.0005922087186060869
3 0.0005920844885686691
3 0.0005923629138398181
3 0.000591681236800669
3 0.0005923817517031641
3 0.0005941714566670145
3 0.0005923532684529847
3 0.000592236724126706
3 0.0005913404679001155
3 0.000593580731135928
3 0.0005922467816998645
3 0.0005923345908142784
3 0.0005933334925399273
3 0.0005929645249641362
3 0.0005935700505885178
3 0.0005932764264668983
3 0.0005912258400998756
3 0.0005914449271634334
3 0.0005930191547989628
3 0.0005930134997851189
3 0.0005926351856567942
3 0.000593519239565729
3 0.0005936726926764956
3 0.0005908303024827534
3 0.0005931336037815849
3 0.0005935809756548073
3 0.0005913184452228426
3 0.0005931683893222868
3 0.0005934155913971402
3 0.000593577679387416
3 0.0005926857122771562
3 0.0005935936553439181
3 0.0005933770662431379
3 0.0005920669823108557
3 0.0005929726211814818
3 0.0005931053918085907
3 0.0005937448789913925
3 0.0005928913210362458
3 0.0005927988323638827
3 0.0005921037973708252
4 0.000107055182613786
4 0.0001079547438064783
4 0.0001072790695458279
4 0.0001065706061156201
4 0.0001071800483311902
4 0.0001079162039618172
4 0.0001073985465486558
4 0.0001073186145368709
4 0.0001070493395623691
4 0.0001068127245441183
4 0.0001074473358233589
4 0.0001071035016783245
4 0.0001072652608972472
4 0.0001078166368505277
4 0.0001069062634973098
4 0.0001067080964931021
4 0.0001075449778345785
4 0.0001068325065377402
4 0.0001072417127573406
4 0.0001066863680826693
4 0.0001079993072562075
4 0.0001070983342396176
4 0.0001067531315527551
4 0.0001077032010766573
4 0.0001071447777070245
4 0.0001076221389186883
4 0.0001068962746493439
4 0.0001067898173955894
4 0.000107204702065793
4 0.0001077455650678785
4 0.0001070376412659226
4 0.0001072412852554827
4 0.0001074943189971456
4 0.0001072266805184669
4 0.0001075929010451052
4 0.0001063817600931022
4 0.0001076999202165467
4 0.0001068029766112611
4 0.0001068948373999505
4 0.0001063863350236667
4 0.0001080193131616515
4 0.0001069547416806194
4 0.0001065970327365632
4 0.0001066837153073635
4 0.0001063929828401786
4 0.0001067233179189718
4 0.000106297569608534
4 0.0001068917010249467
4 0.0001070090166187459
4 0.0001073474370957091
4 0.0001071907243789588
4 0.000107770221840692
4 0.0001067118527604526
4 0.0001067067546202773
4 0.0001075119626389943
4 0.0001078722578455358
4 0.0001071797319193834
4 0.0001077215975793587
4 0.0001080651572368581
4 0.0001080654210835722
4 0.0001075126667980883
4 0.0001067008294137479
4 0.0001071475912860325
4 0.0001069001239872742
4 0.0001073318015213113
4 0.0001076136609352274
4 0.0001067084353496814
4 0.0001067776997754338
4 0.0001077949803810617
4 0.0001069149383051429
4 0.0001072421291936474
4 0.0001072945109356822
4 0.000107961964629916
4 0.0001070171135298534
4 0.0001069410764791598
4 0.0001072683267939533
4 0.0001069005059229882
4 0.0001070187362934818
4 0.0001070233357730211
4 0.0001067934300741746
4 0.0001074718140496045
4 0.0001080762835827463
4 0.0001070881439021337
4 0.0001072433285215238
4 0.0001077177626603994
4 0.000107419922303997
4 0.0001075322885369666
4 0.0001062551929321037
4 0.0001071443949069603
4 0.0001067511121248895
4 0.00010707987810448
4 0.0001067026580898396
4 0.0001068279639174697
4 0.0001068110397907537
4 0.0001075173802907554
4 0.0001070097752915509
4 0.0001066707159756678
4 0.0001076337714497337
4 0.0001068211377990595
4 0.0001075879873825709
5 0.0001111214106869517
5 0.000111378450280188
5 0.0001121546385848261
5 0.0001104712761118064
5 0.0001108455373656133
5 0.0001108687288405915
5 0.0001118719792894076
5 0.0001102753803200269
5 0.000111947402884726
5 0.0001122206254584266
5 0.0001116278560174472
5 0.0001110975956437255
5 0.0001107787813383207
5 0.0001109850996651626
5 0.0001111554113295709
5 0.0001105903884040695
5 0.0001119768548262982
5 0.0001115366996427316
5 0.0001112093982837658
5 0.0001111157013483867
5 0.0001116278453625042
5 0.0001109890622442453
5 0.0001108714109620892
5 0.0001113965728708254
5 0.0001114770852504803
5 0.0001115913414970199
5 0.0001118573060923451
5 0.0001119984352852858
5 0.0001108053793943517
5 0.0001114658331701964
5 0.000111482950412761
5 0.0001109554842868759
5 0.0001113625294087126
5 0.0001114025286424341
5 0.0001106405284102632
5 0.0001119751298836531
5 0.0001112793027545921
5 0.0001119413188353829
5 0.0001105859813324756
5 0.0001113160928231199
5 0.0001110158645271435
5 0.0001114626151375995
5 0.0001107351567772624
5 0.000110796392491325
5 0.0001110860000178035
5 0.0001104390560917934
5 0.0001112030424198735
5 0.0001112772384742097
5 0.0001120075761507874
5 0.0001113285373706456
5 0.0001107327264132964
5 0.0001108310261299154
5 0.0001105062873935964
5 0.0001112919916385822
5 0.0001113660172804571
5 0.0001115576797255331
5 0.0001107524612159365
5 0.0001110639951486197
5 0.0001117431548216435
5 0.000110650485926485
5 0.0001115289685960293
5 0.0001112890952036455
5 0.0001108748736115126
5 0.0001106544775171138
5 0.000111083371246448
5 0.0001110368991325488
5 0.0001111892719829015
5 0.0001117838548542837
5 0.0001104522421502678
5 0.0001106272416105795
5 0.0001113732135830199
5 0.0001114990395876859
5 0.0001106799959326479
5 0.0001112751734716103
5 0.0001110014855615182
5 0.0001116856901487313
5 0.0001112802239992611
5 0.0001107090769223641
5 0.0001102472796418213
5 0.0001106978576564187
5 0.0001107935745333819
5 0.0001118756488534201
5 0.0001110049300050156
5 0.0001114551780483469
5 0.0001107630271379879
5 0.000111055997723645
5 0.0001108970259583241
5 0.0001110280706537188
5 0.0001114217303162554
5 0.0001106752458911727
5 0.0001108668471156441
5 0.0001109902097027617
5 0.0001115571029714986
5 0.0001109029817482316
5 0.0001114611564677615
5 0.0001101790645013133
5 0.0001118739776165947
5 0.0001107088512968356
5 0.0001110757519657236
5 0.0001117326006071978
6 3.416466528857021e-05
6 3.450173843521767e-05
6 3.4137992370154e-05
6 3.439852568636485e-05
6 3.411452511332298e-05
6 3.437005553428932e-05
6 3.381077377551848e-05
6 3.430061409773725e-05
6 3.431772027368407e-05
6 3.446220109997919e-05
6 3.398978845910965e-05
6 3.383908078131579e-05
6 3.469726044091413e-05
6 3.405051681975932e-05
6 3.402158758760721e-05
6 3.507124193000408e-05
6 3.442185449898451e-05
6 3.392565887515159e-05
6 3.390312545854229e-05
6 3.4463270403468e-05
6 3.351093450825729e-05
6 3.411062561713839e-05
6 3.409411791975419e-05
6 3.400612579910346e-05
6 3.433769957409732e-05
6 3.403427188160559e-05
6 3.420070757597085e-05
6 3.395044458963303e-05
6 3.398669955526765e-05
6 3.378674777413923e-05
6 3.421088194482097e-05
6 3.364963016391726e-05
6 3.431352744076989e-05
6 3.401560720221315e-05
6 3.382926420583268e-05
6 3.387804806165725e-05
6 3.417674865558463e-05
6 3.435965167896808e-05
6 3.433653330343628e-05
6 3.418890866661395e-05
6 3.384146372588627e-05
6 3.432064461875768e-05
6 3.405660804008144e-05
6 3.390776882631845e-05
6 3.443961792385207e-05
6 3.425584250379899e-05
6 3.472312642382808e-05
6 3.397367607973872e-05
6 3.406274215760621e-05
6 3.43758359548271e-05
6 3.468073172291581e-05
6 3.382750711932307e-05
6 3.427982364866624e-05
6 3.430539272232393e-05
6 3.41766382011614e-05
6 3.4029786472191e-05
6 3.481371650718196e-05
6 3.41134242654738e-05
6 3.440161848590073e-05
6 3.470891783132596e-05
6 3.398333405788647e-05
6 3.374858598084401e-05
6 3.422568147185391e-05
6 3.419432510033279e-05
6 3.459954833054758e-05
6 3.412703421247098e-05
6 3.428376342186419e-05
6 3.393596922404402e-05
6 3.463214679673493e-05
6 3.420017195704473e-05
6 3.415107646172151e-05
6 3.40930839155338e-05
6 3.440600724988285e-05
6 3.341382772419281e-05
6 3.375206611544463e-05
6 3.407161494056314e-05
6 3.417483057286362e-05
6 3.421600190713915e-05
6 3.405243558147094e-05
6 3.405922592532772e-05
6 3.447311741850609e-05
6 3.423272823836381e-05
6 3.401222131371824e-05
6 3.464323109268303e-05
6 3.381701897115624e-05
6 3.413873398913355e-05
6 3.438786416293611e-05
6 3.363070066870933e-05
6 3.442366565065513e-05
6 3.419276231361983e-05
6 3.391209768460663e-05
6 3.402425775985472e-05
6 3.377906579937772e-05
6 3.389593900353938e-05
6 3.439015982795941e-05
6 3.478601901665646e-05
6 3.441723520180571e-05
6 3.408510885633055e-05
6 3.436824188959664e-05
6 3.366128809955842e-05
7 3.643254305409533e-05
7 3.642542903885338e-05
7 3.633771405913147e-05
7 3.643937997869853e-05
7 3.664937218588287e-05
7 3.593378016223342e-05
7 3.588630178717631e-05
7 3.682129264762702e-05
7 3.64961287548995e-05
7 3.642534967444056e-05
7 3.677868573794066e-05
7 3.649531384410942e-05
7 3.680678405562132e-05
7 3.678286253586313e-05
7 3.673347443861939e-05
7 3.628666282192896e-05
7 3.627347302104008e-05
7 3.666406211179152e-05
7 3.647316903450112e-05
7 3.686874652107383e-05
7 3.628919257291302e-05
7 3.607858263407699e-05
7 3.59323408014808e-05
7 3.643112834787768e-05
7 3.641335301533154e-05
7 3.574620102054976e-05
7 3.620440714292188e-05
7 3.64219374860813e-05
7 3.666936503550264e-05
7 3.623847686349528e-05
7 3.634895245178096e-05
7 3.601296973328853e-05
7 3.680292357551641e-05
7 3.654259697291574e-05
7 3.647175127627815e-05
7 3.685596271453252e-05
7 3.643269066601538e-05
7 3.645095394098057e-05
7 3.652638272403212e-05
7 3.660787400423356e-05
7 3.67862263362056e-05
7 3.658525682139841e-05
7 3.606925706651062e-05
7 3.632207570772851e-05
7 3.638672185582086e-05
7 3.618925872592223e-05
7 3.635851914779946e-05
7 3.618650326387301e-05
7 3.648250141563903e-05
7 3.646981941622287e-05
7 3.648753046513304e-05
7 3.645974300638264e-05
7 3.619737475305247e-05
7 3.637518035430125e-05
7 3.663361479748474e-05
7 3.652249580150546e-05
7 3.633377788609482e-05
7 3.639786036373251e-05
7 3.676283910183826e-05
7 3.636431275519111e-05
7 3.633807137442525e-05
7 3.656276791596315e-05
7 3.650123012179301e-05
7 3.62022675064067e-05
7 3.718319184300692e-05
7 3.655721432380784e-05
7 3.619458253965725e-05
7 3.593101499426113e-05
7 3.594700023522708e-05
7 3.634750950806746e-05
7 3.640211853890684e-05
7 3.653050043670628e-05
7 3.645615680217947e-05
7 3.652065025902403e-05
7 3.580718416913766e-05
7 3.658160708163378e-05
7 3.64077116907903e-05
7 3.640019339627959e-05
7 3.690836299750116e-05
7 3.642249536869874e-05
7 3.625602673316384e-05
7 3.685775178748542e-05
7 3.658655070061753e-05
7 3.636319021301425e-05
7 3.62863603494177e-05
7 3.628935660438023e-05
7 3.627462511412183e-05
7 3.626208608551573e-05
7 3.621615195613787e-05
7 3.641946093314853e-05
7 3.643585862955297e-05
7 3.636220357012752e-05
7 3.685915365158398e-05
7 3.621523773165518e-05
7 3.615515538526002e-05
7 3.65533380137371e-05
7 3.62225242299705e-05
7 3.624555292447936e-05
7 3.620095713054647e-05
7 3.637124455859588e-05
8 1.515691844931042e-05
8 1.486223954504163e-05
8 1.481795689738257e-05
8 1.497125824018553e-05
8 1.501989282853017e-05
8 1.506214936021422e-05
8 1.503897813239176e-05
8 1.508008372994139e-05
8 1.46720582026103e-05
8 1.507878528537559e-05
8 1.525769309104308e-05
8 1.515284633113433e-05
8 1.490840851768799e-05
8 1.486495177458258e-05
8 1.488214780297207e-05
8 1.490608229801944e-05
8 1.514175099388356e-05
8 1.49216216148221e-05
8 1.498124087933306e-05
8 1.515258729333031e-05
8 1.515016334979325e-05
8 1.478255904668649e-05
8 1.546084800091106e-05
8 1.488962377350488e-05
8 1.493600772770873e-05
8 1.507086696499677e-05
8 1.473967382305925e-05
8 1.520325546908922e-05
8 1.49211395397717e-05
8 1.488047201707484e-05
8 1.48366406257865e-05
8 1.492823082165339e-05
8 1.455617501223697e-05
8 1.525108199833388e-05
8 1.525067598057066e-05
8 1.485409121132607e-05
8 1.472095258751047e-05
8 1.484780931388111e-05
8 1.509912437718185e-05
8 1.477179059030957e-05
8 1.554619591799615e-05
8 1.507766995240212e-05
8 1.479470758082351e-05
8 1.499854220673064e-05
8 1.536252461917168e-05
8 1.476449409347676e-05
8 1.462166174545655e-05
8 1.491410100185864e-05
8 1.506081914045913e-05
8 1.500628720895529e-05
8 1.495039056296065e-05
8 1.484074761175816e-05
8 1.454919879769569e-05
8 1.480505539708105e-05
8 1.522945277305749e-05
8 1.515317658037055e-05
8 1.502928767544383e-05
8 1.491616389654295e-05
8 1.487737492686065e-05
8 1.48270337581882e-05
8 1.480961310705335e-05
8 1.514144880680642e-05
8 1.520439573339156e-05
8 1.493196005896935e-05
8 1.493492380772366e-05
8 1.503309448550122e-05
8 1.523011970569607e-05
8 1.54852298500969e-05
8 1.489702268704684e-05
8 1.522049945188449e-05
8 1.485642138301209e-05
8 1.474761435395878e-05
8 1.522073789063791e-05
8 1.491651856146237e-05
8 1.509149148705923e-05
8 1.499379706925268e-05
8 1.505414355198306e-05
8 1.517809647934402e-05
8 1.495004012568592e-05
8 1.502408103922891e-05
8 1.505057413520586e-05
8 1.515764830575412e-05
8 1.476429775093419e-05
8 1.495186495262284e-05
8 1.478672125126506e-05
8 1.466423886673884e-05
8 1.475151159114021e-05
8 1.499366306998846e-05
8 1.500363094363833e-05
8 1.488680982534959e-05
8 1.49332735567535e-05
8 1.48261145235579e-05
8 1.506796687618799e-05
8 1.535557044042464e-05
8 1.508558262275397e-05
8 1.490965711508472e-05
8 1.520835743267767e-05
8 1.525832899655308e-05
8 1.463907977534173e-05
8 1.486227180858094e-05
9 1.520492232809344e-05
9 1.546583560878053e-05
9 1.503388596070634e-05
9 1.487081810042279e-05
9 1.493834795233846e-05
9 1.505890926872932e-05
9 1.494529637589564e-05
9 1.522660960010252e-05
9 1.492104149333881e-05
9 1.515897145464772e-05
9 1.482047936567915e-05
9 1.535651764756493e-05
9 1.525568405181905e-05
9 1.527785045259127e-05
9 1.49470396536726e-05
9 1.497317899787295e-05
9 1.520075723197473e-05
9 1.517553914092007e-05
9 1.513066598477329e-05
9 1.494727417641453e-05
9 1.480833631064556e-05
9 1.488645041732596e-05
9 1.496524676538649e-05
9 1.498398829628505e-05
9 1.4965859263876e-05
9 1.481251784654597e-05
9 1.537941956498625e-05
9 1.518532775678484e-05
9 1.48173383953131e-05
9 1.487479106006051e-05
9 1.494356375191505e-05
9 1.501623620561823e-05
9 1.514542608052038e-05
9 1.526955086995347e-05
9 1.502360699059326e-05
9 1.504996755399159e-05
9 1.487091277371778e-05
9 1.519270797329197e-05
9 1.512691277843428e-05
9 1.49864317502916e-05
9 1.487106097502159e-05
9 1.504933320825135e-05
9 1.525588778889474e-05
9 1.475714478871069e-05
9 1.489713028901042e-05
9 1.489126254178344e-05
9 1.475308062934148e-05
9 1.495184407460405e-05
9 1.491315284342635e-05
9 1.496148491267325e-05
9 1.532244565451881e-05
9 1.513810919131037e-05
9 1.480131331717789e-05
9 1.53767018738984e-05
9 1.554795170385694e-05
9 1.502051017195356e-05
9 1.511963111572728e-05
9 1.472455643782882e-05
9 1.502368144101567e-05
9 1.493177958765263e-05
9 1.479281920619109e-05
9 1.509612645772713e-05
9 1.524439723885287e-05
9 1.517461703181657e-05
9 1.50410757652988e-05
9 1.523382842926936e-05
9 1.506484020429557e-05
9 1.530395560877281e-05
9 1.496431298622916e-05
9 1.520442892886343e-05
9 1.509172245816981e-05
9 1.493599959999198e-05
9 1.491089956528409e-05
9 1.49648953057585e-05
9 1.480872356414657e-05
9 1.487988345797201e-05
9 1.519415914162844e-05
9 1.489830057362436e-05
9 1.475013974325108e-05
9 1.47136216254281e-05
9 1.506017310111073e-05
9 1.518178069502125e-05
9 1.512868274539608e-05
9 1.556397999057145e-05
9 1.528642347812566e-05
9 1.477157949400226e-05
9 1.509615576872707e-05
9 1.507738114235409e-05
9 1.502372709350206e-05
9 1.532357515122281e-05
9 1.51187664689605e-05
9 1.497759563116807e-05
9 1.50170096476682e-05
9 1.527740914274426e-05
9 1.511389744291953e-05
9 1.542300820086905e-05
9 1.489716491731218e-05
9 1.513113992393253e-05
9 1.515012211584311e-05
9 1.498474611298333e-05
10 7.635443317193287e-06
10 7.378819778378384e-06
10 7.609764672166241e-06
10 7.352373534391057e-06
10 7.457077369452487e-06
10 7.324194282092338e-06
10 7.787268331420282e-06
10 7.492137361803313e-06
10 7.365515180249097e-06
10 7.312208812033626e-06
10 7.489652449553844e-06
10 7.681149384537594e-06
10 7.666268788349883e-06
10 7.627858333615304e-06
10 7.469623951441114e-06
10 7.480785274622605e-06
10 7.53673976835858e-06
10 7.285240764712236e-06
10 7.546315221408881e-06
10 7.562414591819857e-06
10 7.575158039268571e-06
10 7.657918954553135e-06
10 7.450611648542946e-06
10 7.428964325941038e-06
10 7.829640092545515e-06
10 7.698791158784279e-06
10 7.268623376950862e-06
10 7.540937965700052e-06
10 7.459904872717808e-06
10 7.70317225460867e-06
10 7.30358691275855e-06
10 7.336993947657087e-06
10 7.585405302422964e-06
10 7.665459278376067e-06
10 7.550255512131371e-06
10 7.605567034955874e-06
10 7.246905983925783e-06
10 7.463154392685015e-06
10 6.978838729128194e-06
10 7.393391151901742e-06
10 7.433740417454824e-06
10 7.559506112721064e-06
10 7.584895555282134e-06
10 7.527325026042268e-06
10 7.265383606395306e-06
10 7.387508352155701e-06
10 7.807956363911438e-06
10 7.449801282346959e-06
10 7.309487672363009e-06
10 7.417076537581951e-06
10 7.66092311094232e-06
10 7.32051361613274e-06
10 7.573052425976313e-06
10 7.476143989083838e-06
10 7.533385610607273e-06
10 7.458368089612944e-06
10 7.306555504071173e-06
10 7.426361688434736e-06
10 7.377448288931791e-06
10 7.814582310372046e-06
10 7.586507493028122e-06
10 7.698242229835487e-06
10 7.642568407095661e-06
10 7.498279741246554e-06
10 7.308683345002184e-06
10 7.437419925776731e-06
10 7.49590942170141e-06
10 7.504613331677584e-06
10 7.294171611570852e-06
10 7.287559732571859e-06
10 7.64924090957285e-06
10 7.450870864204848e-06
10 7.459401730595578e-06
10 7.517264081848938e-06
10 7.457192366723743e-06
10 7.465074431777875e-06
10 7.513547497857688e-06
10 7.393726296518692e-06
10 7.502894787073013e-06
10 7.519726513373572e-06
10 7.588115277097538e-06
10 7.35341245788655e-06
10 7.581818414594253e-06
10 7.775182553176007e-06
10 7.640239654939485e-06
10 7.63161008026047e-06
10 7.231954591524153e-06
10 7.546926455808007e-06
10 7.377149426863595e-06
10 7.237031556314584e-06
10 7.52322859053676e-06
10 7.517877125740903e-06
10 7.474604413169404e-06
10 7.624192130622249e-06
10 7.375309329808412e-06
10 7.585134240323811e-06
10 7.348349082300614e-06
10 7.312429339359396e-06
10 7.557137389284315e-06
10 7.486610943814796e-06
11 7.041373824332598e-06
11 6.979094097471691e-06
11 7.084431266619769e-06
11 6.76096798701439e-06
11 7.036216609242954e-06
11 7.111295225924833e-06
11 7.228180891854463e-06
11 7.04133383655999e-06
11 6.98472088336754e-06
11 7.046688338923008e-06
11 7.08645910958716e-06
11 7.049612930337508e-06
11 6.960952531651875e-06
11 7.02949438429183e-06
11 7.081822971268977e-06
11 6.940749990787967e-06
11 6.908105420382806e-06
11 7.058992746020771e-06
11 6.874357905570142e-06
11 7.100692332663335e-06
11 6.808926009151973e-06
11 6.997753982019077e-06
11 7.026488376511166e-06
11 6.859861330969661e-06
11 7.049644084574877e-06
11 7.147629802981997e-06
11 6.924143415066223e-06
11 6.991275863937457e-06
11 6.875689899549434e-06
11 7.034777238799129e-06
11 7.070449609689621e-06
11 6.988005003464002e-06
11 7.099384653691299e-06
11 6.927766530217627e-06
11 7.059197053778794e-06
11 6.920029808719918e-06
11 7.1006506452243e-06
11 7.108217638555091e-06
11 7.134027545411851e-06
11 7.182855151759289e-06
11 7.057727771547483e-06
11 6.93156608610843e-06
11 7.005302979494278e-06
11 7.090791134759656e-06
11 7.05261763842347e-06
11 7.058881646268611e-06
11 6.917239766001121e-06
11 6.87935783249592e-06
11 7.101521721147438e-06
11 7.281063303580551e-06
11 6.924714042176027e-06
11 7.115747022361179e-06
11 6.953340605378526e-06
11 7.054026608552231e-06
11 7.035149608034655e-06
11 7.199734668492619e-06
11 7.158309963818365e-06
11 7.107786420994101e-06
11 7.157197261858431e-06
11 7.132637166422352e-06
11 7.093538777207625e-06
11 7.054105490072809e-06
11 7.08871931150627e-06
11 7.035783913709396e-06
11 7.078284981869795e-06
11 7.051930569455957e-06
11 6.934216160601422e-06
11 7.034497194845998e-06
11 7.132640534250509e-06
11 7.011980548646126e-06
11 6.938167116112968e-06
11 7.109920247080883e-06
11 7.07502731350841e-06
11 6.956229548151566e-06
11 7.251170015311377e-06
11 6.909321398867205e-06
11 6.85527142174775e-06
11 7.10260002434585e-06
11 7.184969108175715e-06
11 7.333369473983888e-06
11 7.205163337974947e-06
11 7.245487121719425e-06
11 7.08994647368727e-06
11 7.145440778441895e-06
11 6.970701938794407e-06
11 7.125647332122811e-06
11 7.089241781737592e-06
11 7.048579787760254e-06
11 6.950755045582716e-06
11 7.170747696868365e-06
11 7.212741538038724e-06
11 6.777254697587335e-06
11 7.127500453730464e-06
11 7.151041377498953e-06
11 6.886849850238367e-06
11 7.11457442709193e-06
11 7.068670641054577e-06
11 7.435549381826624e-06
11 6.806163714633228e-06
11 6.787598462678324e-06
12 4.062758365532791e-06
12 4.066718989536321e-06
12 3.819271921908898e-06
12 4.074087860508503e-06
12 4.11047196282848e-06
12 3.801569198624516e-06
12 3.898458585201921e-06
12 3.881300015094432e-06
12 4.090837021751906e-06
12 3.92876448950381e-06
12 4.092097955974292e-06
12 4.09804579781714e-06
12 4.161225239949557e-06
12 4.007544430555937e-06
12 4.021628117243519e-06
12 4.026472372363705e-06
12 4.123084967614174e-06
12 3.809710889211468e-06
12 3.9548254925425e-06
12 3.932246848520005e-06
12 4.023908235168505e-06
12 3.792946786387717e-06
12 3.956517148280777e-06
12 3.975086702720499e-06
12 3.934500174183184e-06
12 3.909648059463247e-06
12 3.880604934797435e-06
12 3.989139784864349e-06
12 4.086455786300303e-06
12 3.94632774663034e-06
12 4.0295787787599e-06
12 4.03367890072053e-06
12 4.110277772696529e-06
12 4.076494933688081e-06
12 3.985252852088199e-06
12 3.977599111963706e-06
12 3.911487135856574e-06
12 3.94275080334805e-06
12 3.909699681299439e-06
12 4.029630719325981e-06
12 3.673094565316921e-06
12 3.85008933051625e-06
12 4.202378823864078e-06
12 4.189403842110166e-06
12 3.882821138758835e-06
12 4.039772686741228e-06
12 3.94335161005322e-06
12 4.296102876048128e-06
12 4.032872903290831e-06
12 4.059184842371839e-06
12 4.06975479606452e-06
12 3.94210027872724e-06
12 3.939118257014939e-06
12 3.925557305866618e-06
12 4.112500171044916e-06
12 4.030461544621284e-06
12 3.989878288029543e-06
12 4.036818798900534e-06
12 3.996489056327136e-06
12 4.080858519786376e-06
12 3.942825886653999e-06
12 3.916119239759724e-06
12 3.984561329941051e-06
12 4.096671607158798e-06
12 3.817123962760676e-06
12 3.85251691089295e-06
12 4.070968984543953e-06
12 4.320499782776219e-06
12 3.82408071913668e-06
12 3.865861890414397e-06
12 4.310995764299389e-06
12 4.038875981967893e-06
12 3.911464648609245e-06
12 4.097752621357704e-06
12 3.787554551968287e-06
12 4.0478553114269e-06
12 3.733235390688491e-06
12 4.035234629058102e-06
12 3.941825842084263e-06
12 3.950508448113086e-06
12 3.992961310668681e-06
12 3.845511883853238e-06
12 4.104883847669485e-06
12 3.973687149389635e-06
12 3.780722886838106e-06
12 4.002301172525717e-06
12 4.090029259942932e-06
12 4.06712240047854e-06
12 3.855084464466386e-06
12 4.11727977329558e-06
12 4.067884787342743e-06
12 4.146043253740714e-06
12 3.868441352256516e-06
12 4.110558039587954e-06
12 4.004993252317513e-06
12 4.036052140221902e-06
12 3.94684420798439e-06
12 3.95250556318328e-06
12 4.015626796841225e-06
12 3.92481563537449e-06
13 3.587274848062446e-06
13 3.563490498348278e-06
13 3.471643461469113e-06
13 3.584917456314883e-06
13 3.590523655551468e-06
13 3.692978532919612e-06
13 3.49858052297672e-06
13 3.567693471314493e-06
13 3.70698641381398e-06
13 3.518900436964666e-06
13 3.481689417642145e-06
13 3.556814350034596e-06
13 3.546171422775263e-06
13 3.741779372180732e-06
13 3.70895662727599e-06
13 3.606846279372646e-06
13 3.410738797528677e-06
13 3.490946420494059e-06
13 3.571449018400108e-06
13 3.435762737376401e-06
13 3.463219260258959e-06
13 3.610745856668627e-06
13 3.626806262869014e-06
13 3.752923599198436e-06
13 3.566347709919447e-06
13 3.726491732174496e-06
13 3.473045808984897e-06
13 3.705368624151005e-06
13 3.605747344192015e-06
13 3.77918347415983e-06
13 3.53248919561003e-06
13 3.687201699202439e-06
13 3.598392632058037e-06
13 3.582621809061697e-06
13 3.546641825725694e-06
13 3.678257161524319e-06
13 3.565725190566833e-06
13 3.618475772694064e-06
13 3.740529043758208e-06
13 3.555435265830103e-06
13 3.544382606521651e-06
13 3.731571706456558e-06
13 3.563675051085122e-06
13 3.53623656590223e-06
13 3.514627559738963e-06
13 3.598869997281086e-06
13 3.667537323728909e-06
13 3.714282434553316e-06
13 3.634632719675915e-06
13 3.558027182604436e-06
13 3.555018030448478e-06
13 3.471274248728032e-06
13 3.678656346515316e-06
13 3.559917991651872e-06
13 3.689815706911647e-06
13 3.480343742943779e-06
13 3.706443824210816e-06
13 3.727327704182249e-06
13 3.502760480121253e-06
13 3.678657191141524e-06
13 3.578210213734085e-06
13 3.53868749198397e-06
13 3.656546758107913e-06
13 3.599079012650075e-06
13 3.610707103074677e-06
13 3.519659244370114e-06
13 3.472957953978858e-06
13 3.648541007598683e-06
13 3.556337400617507e-06
13 3.49332818319032e-06
13 3.522129105978063e-06
13 3.539200326540491e-06
13 3.506107529595968e-06
13 3.600450161627592e-06
13 3.53518879003038e-06
13 3.638268609838195e-06
13 3.584577461470387e-06
13 3.53056338244295e-06
13 3.779011884695555e-06
13 3.436783168936008e-06
13 3.564979750517913e-06
13 3.651156463685629e-06
13 3.629677643759843e-06
13 3.632253701866143e-06
13 3.536917832062327e-06
13 3.600408685517331e-06
13 3.70670594899247e-06
13 3.735455580471407e-06
13 3.559626064383201e-06
13 3.563294475106509e-06
13 3.574657271109656e-06
13 3.714506381384138e-06
13 3.521910426904873e-06
13 3.518093502808654e-06
13 3.300014965081983e-06
13 3.456054629618426e-06
13 3.582286645523522e-06
13 3.674611267784045e-06
13 3.579283392189996e-06
13 3.563886069627636e-06
14 2.340520437921608e-06
14 2.294958487717616e-06
14 2.203717409927332e-06
14 2.395655141817172e-06
14 2.164431316497005e-06
14 2.24699887887005e-06
14 2.312582845326548e-06
14 2.052741162674722e-06
14 2.227513840140473e-06
14 2.269019720383278e-06
14 2.208944058034044e-06
14 2.239581811545075e-06
14 2.207884930638697e-06
14 2.266687990034077e-06
14 2.251479648504169e-06
14 2.21962895205912e-06
14 2.218718743611678e-06
14 2.249465859418601e-06
14 2.375298347524381e-06
14 2.2731160230712e-06
14 2.312986005849109e-06
14 2.248599330523575e-06
14 2.104169723176343e-06
14 2.255012781325244e-06
14 2.342838218451766e-06
14 2.230437409548012e-06
14 2.220337596686164e-06
14 2.068844650339063e-06
14 2.061431873784802e-06
14 2.289690405004478e-06
14 2.301205194576971e-06
14 2.254298537380573e-06
14 2.343893164926071e-06
14 2.284475260546123e-06
14 2.329710944912838e-06
14 2.1994509221451e-06
14 2.111968819727896e-06
14 2.293169536021896e-06
14 2.34280621943203e-06
14 2.177770108998811e-06
14 2.140778933264253e-06
14 2.180103860893509e-06
14 2.287040039762026e-06
14 2.487198642121522e-06
14 2.13483528651755e-06
14 2.068212352251143e-06
14 2.263894952624544e-06
14 2.247633916772264e-06
14 2.135511408892453e-06
14 2.152208299961078e-06
14 2.184555983272883e-06
14 2.325636211385802e-06
14 2.259277909865761e-06
14 2.322621408521403e-06
14 2.239879344321192e-06
14 2.310524031232975e-06
14 2.310902843439426e-06
14 2.345078572496148e-06
14 2.256302631045941e-06
14 2.379822140382691e-06
14 2.213278530193552e-06
14 2.352431335052114e-06
14 2.351237333163084e-06
14 2.141276485538891e-06
14 2.159794320809326e-06
14 2.1169580051099e-06
14 2.160454130279654e-06
14 2.129538727248865e-06
14 2.247903725248814e-06
14 2.379966494300336e-06
14 2.210847132727336e-06
14 2.314367919859139e-06
14 2.26571358862377e-06
14 2.306040753902394e-06
14 2.185034537719676e-06
14 2.210094229565552e-06
14 2.329417037203482e-06
14 2.252463479832418e-06
14 2.310779842726031e-06
14 2.316774678206082e-06
14 2.202282847092955e-06
14 2.17195109783541e-06
14 2.291395803954916e-06
14 2.259565708908517e-06
14 2.20345313013898e-06
14 2.314272825505622e-06
14 2.306574147066495e-06
14 2.274790855565118e-06
14 2.422540003271257e-06
14 1.991720937146226e-06
14 2.269328736813649e-06
14 2.289640422118192e-06
14 2.153145091198189e-06
14 2.219507200855224e-06
14 2.313925701651323e-06
14 2.274356889763776e-06
14 2.239702863173724e-06
14 2.244284671114298e-06
14 2.186928615690363e-06
14 2.337449501766161e-06
15 1.940387819907928e-06
15 1.89118258526368e-06
15 2.010479117336133e-06
15 1.877108875935821e-06
15 1.804778361015463e-06
15 1.918661813268334e-06
15 1.931288198988739e-06
15 1.953966571106933e-06
15 2.032348801645761e-06
15 1.832406924420945e-06
15 1.962943169425198e-06
15 1.952826054775974e-06
15 2.038811241906451e-06
15 2.093705708531773e-06
15 1.968638641325616e-06
15 1.97256583940313e-06
15 1.977860669280296e-06
15 2.062415906190565e-06
15 1.94084555491819e-06
15 1.854185932594594e-06
15 1.93591041597019e-06
15 1.962397739932422e-06
15 2.033388323774068e-06
15 1.883306164863017e-06
15 2.026837375678506e-06
15 1.947086148877595e-06
15 1.94553897570907e-06
15 1.926482439391434e-06
15 1.989627413894253e-06
15 1.795627755271284e-06
15 1.954378757162791e-06
15 2.008624766275735e-06
15 1.854922571107699e-06
15 1.996398941556522e-06
15 1.959523456677397e-06
15 1.935438003462448e-06
15 1.922961638246937e-06
15 1.962568651417688e-06
15 1.954261914053477e-06
15 1.892935394268114e-06
15 1.929189048042883e-06
15 1.906765748512536e-06
15 1.816640863580662e-06
15 1.956878079087565e-06
15 2.016203441188839e-06
15 2.112171344005255e-06
15 2.028638501626583e-06
15 2.063809571994614e-06
15 2.023855577364314e-06
15 1.762152017765323e-06
15 1.99979727286804e-06
15 1.907347651629939e-06
15 1.894210965364638e-06
15 1.858671999002269e-06
15 1.970643854230492e-06
15 2.008312893241112e-06
15 1.936225728595061e-06
15 1.932122430786697e-06
15 1.994057530746724e-06
15 1.913619012482189e-06
15 1.932952597207607e-06
15 1.785719060831316e-06
15 1.922192710233997e-06
15 1.964049430647299e-06
15 1.96813275985162e-06
15 1.957204155477772e-06
15 1.981892913719228e-06
15 2.055154754904422e-06
15 2.085788406637731e-06
15 1.938220100614347e-06
15 1.873340303984996e-06
15 1.984653948427639e-06
15 1.863840476949003e-06
15 1.949186499192523e-06
15 1.880588557683288e-06
15 1.789454355364681e-06
15 1.95174116170763e-06
15 2.007485228850523e-06
15 1.990878801970219e-06
15 1.939941114486364e-06
15 1.922852772664732e-06
15 2.011908185846758e-06
15 1.949381411298243e-06
15 2.005819703772992e-06
15 1.942345471515369e-06
15 1.811829918342132e-06
15 2.002222763493666e-06
15 2.007888214892566e-06
15 1.90098225988722e-06
15 1.893564774617584e-06
15 1.906542989412015e-06
15 1.946633388904863e-06
15 1.967254973288922e-06
15 2.114971883665425e-06
15 1.794552324737457e-06
15 1.902699787228871e-06
15 1.879487983185692e-06
15 1.831342145942718e-06
15 1.89097471042931e-06
15 1.849496694566413e-06
16 1.301741549770469e-06
16 1.420951516141148e-06
16 1.336792921512343e-06
16 1.404057700422479e-06
16 1.299658814732547e-06
16 1.226968490911521e-06
16 1.303448968742716e-06
16 1.343052042524433e-06
16 1.335733040669716e-06
16 1.23645736596236e-06
16 1.301534611883752e-06
16 1.396442113063571e-06
16 1.371584920548039e-06
16 1.458431927169462e-06
16 1.322313996233597e-06
16 1.209148222422998e-06
16 1.267388037835926e-06
16 1.29903902910024e-06
16 1.309697553832951e-06
16 1.366249282747696e-06
16 1.280940987267705e-06
16 1.283940973170397e-06
16 1.354226104725504e-06
16 1.453303485790022e-06
16 1.358106774386954e-06
16 1.323891830126299e-06
16 1.41274461848031e-06
16 1.238235294550753e-06
16 1.33985213749652e-06
16 1.288024872426289e-06
16 1.420411169378244e-06
16 1.310610060976904e-06
16 1.3720795514004e-06
16 1.34418986531943e-06
16 1.296546593835777e-06
16 1.414533084917802e-06
16 1.259332668157891e-06
16 1.227100740412887e-06
16 1.267972099960457e-06
16 1.222120878946801e-06
16 1.290208741200723e-06
16 1.325528438772301e-06
16 1.411076161027513e-06
16 1.302185738636385e-06
16 1.368949274711537e-06
16 1.296703920422369e-06
16 1.271587892363594e-06
16 1.209151241855837e-06
16 1.338469285505613e-06
16 1.323615101996071e-06
16 1.277318474601292e-06
16 1.36861515886792e-06
16 1.241275375094856e-06
16 1.284984009216764e-06
16 1.29730274879575e-06
16 1.36192213593935e-06
16 1.207056745954738e-06
16 1.330983594039893e-06
16 1.246222924628688e-06
16 1.233224403146987e-06
16 1.366804375835992e-06
16 1.390857975673681e-06
16 1.268499169316414e-06
16 1.344828913137815e-06
16 1.309066351549883e-06
16 1.269560090653101e-06
16 1.252802323355333e-06
16 1.384666333415566e-06
16 1.214370697044487e-06
16 1.258123436829415e-06
16 1.391337658240848e-06
16 1.33378275690295e-06
16 1.335729975438116e-06
16 1.310587840179375e-06
16 1.241203859056388e-06
16 1.324927565301877e-06
16 1.349212034765962e-06
16 1.339589086417404e-06
16 1.335093120598941e-06
16 1.30609549309733e-06
16 1.317658894056487e-06
16 1.350246345553208e-06
16 1.361860791193943e-06
16 1.180997646416445e-06
16 1.330295994468018e-06
16 1.367430874950738e-06
16 1.447360926935356e-06
16 1.289175599964007e-06
16 1.444621400240183e-06
16 1.151618866481895e-06
16 1.191085475274565e-06
16 1.34676769146036e-06
16 1.344448539077686e-06
16 1.405870144214692e-06
16 1.289209923428531e-06
16 1.345734329080273e-06
16 1.312070843112707e-06
16 1.351334575637586e-06
16 1.279589596708325e-06
16 1.330648033605316e-06
17 1.086370078297215e-06
17 1.11122690228789e-06
17 1.100540270221994e-06
17 1.135098474244334e-06
17 1.257018669543288e-06
17 1.241603758670449e-06
17 1.175131398021733e-06
17 1.161401369136744e-06
17 1.046124369652194e-06
17 1.080903076142473e-06
17 1.250187237285884e-06
17 1.178400825448108e-06
17 1.172862546164479e-06
17 1.123514683427012e-06
17 1.111426199000851e-06
17 1.20242827529797e-06
17 1.064769628496963e-06
17 1.175538469144654e-06
17 1.122501663655623e-06
17 1.166204617778035e-06
17 1.169657330540036e-06
17 1.113124745764766e-06
17 1.101428436010927e-06
17 1.180042966517846e-06
17 1.156869973833547e-06
17 1.119283895299324e-06
17 1.062162873361664e-06
17 1.133163214657933e-06
17 1.060962044428004e-06
17 1.163031088885439e-06
17 1.078172602265521e-06
17 1.13244483456016e-06
17 1.160875953078525e-06
17 1.14838676578959e-06
17 1.192669091422011e-06
17 1.129747648072046e-06
17 1.102440629828788e-06
17 1.238210867337257e-06
17 9.86709931316762e-07
17 1.098742452370672e-06
17 1.081739040517564e-06
17 1.154535573429019e-06
17 1.146747908913287e-06
17 1.13100813562119e-06
17 1.146150749139193e-06
17 1.091005704276102e-06
17 1.149081451919997e-06
17 1.16022618260528e-06
17 1.081573909577753e-06
17 1.155545254113403e-06
17 1.145371709154925e-06
17 1.210818284783605e-06
17 1.171129455470154e-06
17 1.151997040476518e-06
17 1.109996549252181e-06
17 1.117884357476933e-06
17 1.149479139022042e-06
17 1.163081173086068e-06
17 1.077053343451738e-06
17 1.101573878573232e-06
17 1.112456524537608e-06
17 1.130935145032466e-06
17 1.112694369699393e-06
17 1.132455527873961e-06
17 1.060806864252187e-06
17 1.202566071480185e-06
17 1.094913647598951e-06
17 1.15157108682228e-06
17 1.112453052043469e-06
17 1.238500514959034e-06
17 1.112683637235299e-06
17 1.019863577418375e-06
17 1.101324788692151e-06
17 1.057996729271462e-06
17 1.130037881935237e-06
17 1.030977652613581e-06
17 1.169320510103152e-06
17 1.153465458431994e-06
17 1.129464491370322e-06
17 1.045336850049332e-06
17 1.116636057666336e-06
17 1.190780360388378e-06
17 1.084990928912444e-06
17 1.062963430963267e-06
17 1.001771834976741e-06
17 1.053284224362059e-06
17 1.219928403231317e-06
17 1.14107709790464e-06
17 1.209842305486887e-06
17 1.194445737573658e-06
17 1.130209153446793e-06
17 1.124034240856196e-06
17 1.151152464086978e-06
17 1.144121516440626e-06
17 1.237631941017535e-06
17 1.247174946624794e-06
17 1.13298063974379e-06
17 1.21035387729924e-06
17 1.096663358201173e-06
17 1.189741507689745e-06
18 9.37577811080717e-07
18 8.930949516630597e-07
18 9.131114132014839e-07
18 9.384980312857416e-07
18 8.610552545847207e-07
18 7.770013528347575e-07
18 8.114205182716871e-07
18 8.56952802696284e-07
18 9.306013104839622e-07
18 8.215917967053561e-07
18 8.953256487773774e-07
18 9.087734940971505e-07
18 9.163224526674673e-07
18 1.008210995938819e-06
18 8.850753063088138e-07
18 8.595872947096115e-07
18 8.383554071279787e-07
18 8.806996815406537e-07
18 9.278554318597836e-07
18 7.934828062210807e-07
18 8.062412640687843e-07
18 8.8247739698978e-07
18 8.319690477426066e-07
18 8.739165689366781e-07
18 9.585682791974119e-07
18 9.026081253402281e-07
18 8.813289142839824e-07
18 9.09209892949943e-07
18 8.59093755460709e-07
18 9.100677169843718e-07
18 8.346127917571763e-07
18 8.534068504756943e-07
18 9.074978151150624e-07
18 8.93357453764023e-07
18 8.945499818294164e-07
18 8.805415211525605e-07
18 8.830322198942272e-07
18 8.997966982198367e-07
18 8.785011926776749e-07
18 9.233905287153955e-07
18 9.305049121760724e-07
18 9.068141205605498e-07
18 8.52874113065566e-07
18 8.326743885619771e-07
18 8.732210662649426e-07
18 8.059424555845504e-07
18 9.158750692688602e-07
18 8.211427725508699e-07
18 8.402991168549453e-07
18 8.615020775562184e-07
18 9.814355116586882e-07
18 8.694930430436395e-07
18 8.506832136144776e-07
18 8.395624991337494e-07
18 8.547723029999021e-07
18 8.267567626831868e-07
18 8.51029017703346e-07
18 8.821438756375201e-07
18 8.708594562738272e-07
18 8.739114038530713e-07
18 9.24871569399339e-07
18 9.318511188495139e-07
18 9.177653174059439e-07
18 9.21124756659819e-07
18 9.175886678683535e-07
18 8.453364696347442e-07
18 8.522783798391884e-07
18 8.500817850698641e-07
18 8.132767258917613e-07
18 8.137209666533615e-07
18 8.376845087560251e-07
18 8.78777123185638e-07
18 8.962812798873271e-07
18 8.506955744985713e-07
18 7.29208870586881e-07
18 9.034369024007713e-07
18 8.465367768006754e-07
18 9.327445391749721e-07
18 8.729628963491701e-07
18 9.065217413753524e-07
18 8.958689437685718e-07
18 8.096241497744451e-07
18 8.882682288139765e-07
18 9.259420267744444e-07
18 9.471106042256339e-07
18 8.647887081682965e-07
18 8.943522448091448e-07
18 9.2549521000638e-07
18 8.526352958907081e-07
18 9.094996952372571e-07
18 8.504442795737889e-07
18 9.689619125384728e-07
18 8.835532982734198e-07
18 9.10887164467442e-07
18 8.856396545148005e-07
18 8.913071614552777e-07
18 8.595146993457141e-07
18 8.901992976245859e-07
18 8.669998784239467e-07
18 9.459103128082681e-07
19 6.741848499808585e-07
19 7.338506794027058e-07
19 7.880215816901685e-07
19 6.821842889889181e-07
19 8.11998628426591e-07
19 8.074478423817002e-07
19 8.249791075208279e-07
19 7.289425291367582e-07
19 7.099906993866411e-07
19 7.788193697467135e-07
19 7.311175764889116e-07
19 7.01486189491531e-07
19 7.352674699298452e-07
19 7.803277992322149e-07
19 7.86913118299809e-07
19 8.038295886466006e-07
19 7.223566350211826e-07
19 7.434978659985637e-07
19 7.063263557600685e-07
19 7.640904273120485e-07
19 7.135832260275337e-07
19 8.041396828095426e-07
19 7.014199005145041e-07
19 7.613356253764272e-07
19 7.201411371841256e-07
19 7.313062935723521e-07
19 7.802872821615646e-07
19 7.185943853807458e-07
19 7.981718188171971e-07
19 7.40745037146969e-07
19 7.333355801700593e-07
19 7.519358452926004e-07
19 7.563456283085119e-07
19 7.466151435059838e-07
19 8.028492706068854e-07
19 8.081942762550209e-07
19 7.825696100708931e-07
19 7.339018521989002e-07
19 7.553346014458412e-07
19 8.037563816856294e-07
19 8.377754059155341e-07
19 8.303002368567376e-07
19 8.077222343310736e-07
19 7.150308947587908e-07
19 8.766950763433423e-07
19 7.038262027712884e-07
19 7.974657146893511e-07
19 7.8238307274324e-07
19 8.060791569755419e-07
19 7.793704403993983e-07
19 7.76638776149062e-07
19 7.39694830876966e-07
19 8.342620574923448e-07
19 7.636796591660851e-07
19 7.114651669637285e-07
19 7.529297652583089e-07
19 7.335996086395201e-07
19 7.767683844336903e-07
19 7.299687605189544e-07
19 8.716808512890721e-07
19 8.001114915180791e-07
19 6.733303903797247e-07
19 7.033333262379607e-07
19 7.455102950828895e-07
19 7.4965018509055e-07
19 7.343788358647455e-07
19 6.873603861375156e-07
19 7.774552444136752e-07
19 7.335776411165141e-07
19 7.901039913131766e-07
19 8.089125847462976e-07
19 8.112652421600006e-07
19 7.951203625446696e-07
19 7.476663142272324e-07
19 7.367273857066389e-07
19 8.450045372577028e-07
19 7.464948278607122e-07
19 7.222384926940755e-07
19 7.775537476922532e-07
19 7.179998062617437e-07
19 7.167901580115971e-07
19 7.975778098808185e-07
19 8.32821594996009e-07
19 8.244764961021668e-07
19 7.888692322269117e-07
19 8.001131234452116e-07
19 7.562136944142176e-07
19 7.55935643586684e-07
19 7.322983897079732e-07
19 7.259541184827612e-07
19 7.777554011618924e-07
19 6.996130886721648e-07
19 8.009358821782777e-07
19 7.956368318416947e-07
19 7.736934939647112e-07
19 7.529846507657512e-07
19 6.708812668124993e-07
19 7.949836448659697e-07
19 7.686299148318373e-07
19 6.925459117397651e-07
20 7.007406539779867e-07
20 7.711313338518078e-07
20 7.232970005152013e-07
20 7.903785824441974e-07
20 7.177735936154715e-07
20 7.107063799821151e-07
20 7.404845019328003e-07
20 6.506778364120298e-07
20 7.185608921558378e-07
20 6.624110626434315e-07
20 6.929580915763325e-07
20 7.263530480288545e-07
20 7.009276564736812e-07
20 7.323749757727406e-07
20 6.501228310347239e-07
20 7.395135704574399e-07
20 6.967837645891689e-07
20 7.322755531424913e-07
20 7.216234982424121e-07
20 7.374148537927792e-07
20 7.094463270276197e-07
20 7.128852412592922e-07
20 7.478208771503444e-07
20 7.412786402067718e-07
20 7.259798718431414e-07
20 6.720597084231578e-07
20 6.857445910391744e-07
20 6.724591468622083e-07
20 6.99429869992149e-07
20 6.811070435810432e-07
20 7.37754594041473e-07
20 6.994821719182368e-07
20 7.804316232866322e-07
20 7.395944249960285e-07
20 7.895866964876724e-07
20 6.965103065179379e-07
20 6.813705259857114e-07
20 7.137677507679022e-07
20 7.606455567932222e-07
20 7.600428692140548e-07
20 7.032654251867259e-07
20 7.341523615479661e-07
20 6.795695472865439e-07
20 7.280309511136115e-07
20 6.856048787949129e-07
20 7.301109522146275e-07
20 7.380382668067476e-07
20 7.582108799587976e-07
20 7.317986221482705e-07
20 6.946790522442102e-07
20 7.46925506430543e-07
20 7.320922655478609e-07
20 7.014681211884725e-07
20 7.641613578660806e-07
20 7.205789565009749e-07
20 7.396773890680175e-07
20 7.130111927006706e-07
20 7.253536498003612e-07
20 7.072879979669138e-07
20 6.593545294378156e-07
20 7.899632425533456e-07
20 7.13815088604218e-07
20 6.784689280637907e-07
20 7.213291213325429e-07
20 7.24650516369587e-07
20 7.508820979396977e-07
20 7.18373869758801e-07
20 7.467724844560813e-07
20 7.552052284040627e-07
20 7.146142195544439e-07
20 7.42087129433854e-07
20 7.280605452334971e-07
20 6.90809201535722e-07
20 7.326168969657579e-07
20 7.462482647990932e-07
20 7.436437840374716e-07
20 7.714902164203762e-07
20 7.782466455520238e-07
20 7.42991276701763e-07
20 7.412260706669149e-07
20 7.193982260094144e-07
20 7.063282508564267e-07
20 7.125928856775996e-07
20 7.019248972425233e-07
20 7.935572323049109e-07
20 7.482128907347947e-07
20 6.654057373077718e-07
20 7.45142038400429e-07
20 7.212254841948777e-07
20 7.443158126565665e-07
20 7.566499961709861e-07
20 6.865723083879797e-07
20 6.744199401489818e-07
20 6.495444250376109e-07
20 7.399879041960092e-07
20 6.596671537591183e-07
20 7.112052987416716e-07
20 6.714846049615528e-07
20 7.970696088117863e-07
20 6.242738585604496e-07
21 7.367407894170633e-07
21 6.813961298968608e-07
21 6.696712005994463e-07
21 7.029650003611283e-07
21 7.213173320821117e-07
21 7.266597710891522e-07
21 7.552315160170947e-07
21 6.808304034536951e-07
21 7.261115785226863e-07
21 6.666733804797031e-07
21 7.908806817279742e-07
21 7.437357833259808e-07
21 6.925979360483452e-07
21 7.076701758750712e-07
21 6.595316859395943e-07
21 7.920919383436672e-07
21 7.70995254781006e-07
21 7.359686324740519e-07
21 7.411942937420462e-07
21 6.652695069653014e-07
21 7.175742355688964e-07
21 6.868153478122434e-07
21 7.538095243897831e-07
21 7.020167052080088e-07
21 7.345865780385155e-07
21 7.139395348140379e-07
21 7.121194273713034e-07
21 7.456064709119861e-07
21 6.757555831583588e-07
21 7.031848689427412e-07
21 7.560451548619686e-07
21 7.04467309566561e-07
21 6.145853290822142e-07
21 7.682342852338265e-07
21 6.728627630369012e-07
21 7.725467703842307e-07
21 7.316286786553568e-07
21 7.362421010908145e-07
21 7.010750319815029e-07
21 7.964536466212313e-07
21 6.742500221759983e-07
21 7.044164580922124e-07
21 7.48846963328372e-07
21 5.8723231339736e-07
21 6.056301620591647e-07
21 7.206893111075523e-07
21 8.571262480710874e-07
21 7.391564750043301e-07
21 7.68523322713581e-07
21 7.133002768916345e-07
21 7.556747775988539e-07
21 7.219268165103951e-07
21 7.294193055700865e-07
21 6.773410889802463e-07
21 8.015486607505331e-07
21 6.861267214139311e-07
21 6.875212909679324e-07
21 7.597195968993597e-07
21 7.304102814526402e-07
21 8.066146435411045e-07
21 7.229431076310184e-07
21 7.901427064379395e-07
21 7.863848451477813e-07
21 7.305740201763506e-07
21 7.477703333794571e-07
21 7.217179108901151e-07
21 6.744718908666079e-07
21 7.364616084881441e-07
21 7.529060365797521e-07
21 7.054395971386159e-07
21 8.247178534780063e-07
21 6.826376340349413e-07
21 6.845019873107115e-07
21 7.580036715031666e-07
21 6.882205096886008e-07
21 6.954818930274495e-07
21 7.393913732676979e-07
21 7.802816969727763e-07
21 7.29526819242086e-07
21 6.663573548020635e-07
21 7.360779360937117e-07
21 7.419180175356752e-07
21 7.95846884549997e-07
21 6.409525115726102e-07
21 7.316155382738255e-07
21 6.861767036330612e-07
21 7.492119222171031e-07
21 7.532990807294166e-07
21 7.116869924894119e-07
21 6.84981297819991e-07
21 7.862934884370309e-07
21 7.418592791702672e-07
21 6.855313295545438e-07
21 6.566690422788023e-07
21 8.416395854201638e-07
21 6.666446537459109e-07
21 8.274524998632813e-07
21 6.706039279801584e-07
21 7.079577515706959e-07
21 7.036041991772505e-07
22 9.053586658254026e-07
22 8.496572792774661e-07
22 8.602867104650745e-07
22 8.06972677957379e-07
22 8.814015672351867e-07
22 8.547433374302651e-07
22 7.747647230240171e-07
22 9.305887291111121e-07
22 8.375954202142584e-07
22 8.703909241271433e-07
22 8.850121652976028e-07
22 8.187819251805535e-07
22 8.439568451893513e-07
22 7.763121476350611e-07
22 8.728371506574594e-07
22 7.513449703278325e-07
22 8.374431994861822e-07
22 8.152598262312993e-07
22 7.566104448474172e-07
22 8.170287591395031e-07
22 8.171580281815981e-07
22 9.195024890055864e-07
22 8.791001111545365e-07
22 8.039547419677339e-07
22 8.841210433012128e-07
22 8.108217161382408e-07
22 7.761747331662284e-07
22 8.25317552308442e-07
22 8.274858200290557e-07
22 8.06290461875187e-07
22 7.310942190636729e-07
22 7.997835874225353e-07
22 8.6003020280311e-07
22 8.796974518792974e-07
22 8.186304730577957e-07
22 7.601395601195448e-07
22 8.503597490057035e-07
22 8.500119494134995e-07
22 8.880160807521206e-07
22 9.04845502192221e-07
22 7.92108525743695e-07
22 9.014296491510865e-07
22 8.962316436690654e-07
22 8.314448980621276e-07
22 8.633431007623958e-07
22 8.196314008688407e-07
22 8.579867211871483e-07
22 8.403315911167008e-07
22 7.826774422233511e-07
22 8.415368552430624e-07
22 8.64320915134599e-07
22 8.275332818425863e-07
22 7.279170230313076e-07
22 7.88140739126077e-07
22 8.405882083609299e-07
22 8.545168035174041e-07
22 8.30478407651701e-07
22 7.694521881620009e-07
22 8.370793957408935e-07
22 8.163240475254398e-07
22 7.675527546482359e-07
22 7.946729715336365e-07
22 7.223486162450556e-07
22 8.331063025071119e-07
22 8.546210947622689e-07
22 7.091107819308464e-07
22 8.819365712207741e-07
22 7.856034319098449e-07
22 8.816013037033919e-07
22 9.260974091577488e-07
22 8.608493647005946e-07
22 8.421707681543497e-07
22 8.191364765746034e-07
22 8.05664963458859e-07
22 8.675783674874911e-07
22 8.50091602122086e-07
22 8.606242054032205e-07
22 8.074450564431983e-07
22 7.807072199709252e-07
22 7.899096184619621e-07
22 8.307214547140069e-07
22 8.229113327761074e-07
22 7.984047104870162e-07
22 7.886095171112165e-07
22 8.64196694108996e-07
22 9.363073975281054e-07
22 8.551454324726171e-07
22 8.73014023590791e-07
22 8.952099632788543e-07
22 8.129968323627625e-07
22 7.889892109276784e-07
22 8.419540502126887e-07
22 8.146449743533203e-07
22 7.845540073698183e-07
22 8.114050632731559e-07
22 7.781241211258347e-07
22 7.592059784125506e-07
22 8.447661679515014e-07
22 7.707244657531348e-07
22 7.742654118309761e-07
23 1.033574919602567e-06
23 1.156835182376834e-06
23 1.079902857240785e-06
23 1.09691655061428e-06
23 1.06352413553486e-06
23 1.094823143380097e-06
23 1.058839056794593e-06
23 1.004082568219736e-06
23 9.946013772473682e-07
23 1.055515532342007e-06
23 9.190673379587332e-07
23 1.008964960429153e-06
23 1.031969617713329e-06
23 9.437700851946066e-07
23 1.107970462177094e-06
23 1.090530574274793e-06
23 1.138166068081878e-06
23 1.056325483593274e-06
23 1.115056219711253e-06
23 1.027985981532217e-06
23 1.027319447176666e-06
23 9.790710122466811e-07
23 9.992975174471272e-07
23 1.027652663591667e-06
23 1.052062511737841e-06
23 1.047587222775368e-06
23 1.051402953159849e-06
23 1.066024541080939e-06
23 1.053121745009082e-06
23 1.050213280021885e-06
23 1.063279034470352e-06
23 1.016242307909477e-06
23 9.933211768120608e-07
23 1.011560773899821e-06
23 1.090539091128637e-06
23 1.064788083495158e-06
23 9.649930106438071e-07
23 1.049708488134528e-06
23 1.064766121236601e-06
23 9.964417697712394e-07
23 1.071899327988871e-06
23 1.026892158356556e-06
23 1.066312299199637e-06
23 1.029232823890422e-06
23 1.157327782599166e-06
23 9.847874234301793e-07
23 1.022449698913031e-06
23 9.037015309695515e-07
23 1.008310332331338e-06
23 1.013338339953379e-06
23 1.102776486101405e-06
23 1.024362108108587e-06
23 1.070159515957688e-06
23 1.001302531153781e-06
23 1.048544328969313e-06
23 1.070518004793846e-06
23 1.065186342839558e-06
23 1.064722640852121e-06
23 9.899589220250938e-07
23 9.610730377260407e-07
23 9.043302335383257e-07
23 1.06855204314645e-06
23 1.059777752452704e-06
23 1.050066633894425e-06
23 1.088680089651589e-06
23 1.002990713781311e-06
23 1.075523874809899e-06
23 1.07951392806509e-06
23 1.079910499907118e-06
23 1.059959557135209e-06
23 1.063792606440236e-06
23 1.007713200462333e-06
23 1.119740418956263e-06
23 1.058315788738073e-06
23 9.690220803205173e-07
23 1.001921242540238e-06
23 9.504996308740962e-07
23 1.068557649953812e-06
23 1.106338294197775e-06
23 1.008267832400479e-06
23 1.068028242435512e-06
23 1.092309158756074e-06
23 1.021951281631388e-06
23 1.011237400634108e-06
23 1.029158175764784e-06
23 1.002396841421293e-06
23 1.023718557742644e-06
23 9.801886474882202e-07
23 9.897460968305976e-07
23 1.082074616391588e-06
23 1.007965555772285e-06
23 1.074836860355214e-06
23 9.810760749629714e-07
23 1.012472197005135e-06
23 9.50249647258321e-07
23 1.007883799928732e-06
23 1.080991217154759e-06
23 9.734418163033362e-07
23 1.112303482453727e-06
23 1.029542488250359e-06
24 1.2893640318756e-06
24 1.291476952768548e-06
24 1.222162783374868e-06
24 1.201906877386351e-06
24 1.291406084151586e-06
24 1.197870283414421e-06
24 1.217868688287354e-06
24 1.232728354290153e-06
24 1.277859246479985e-06
24 1.246965556782429e-06
24 1.250853844846299e-06
24 1.138226166920235e-06
24 1.186009986443116e-06
24 1.244467294542597e-06
24 1.257709700009283e-06
24 1.255700555362205e-06
24 1.272304840930464e-06
24 1.267180886011352e-06
24 1.181574347322754e-06
24 1.319459758338753e-06
24 1.19789109067297e-06
24 1.246578208526087e-06
24 1.230948958079144e-06
24 1.147706672450012e-06
24 1.19357390861263e-06
24 1.2508806493946e-06
24 1.267618850558313e-06
24 1.289666357456522e-06
24 1.274389809123017e-06
24 1.16867553801569e-06
24 1.163321067885951e-06
24 1.208941876296275e-06
24 1.205608861168688e-06
24 1.275519389064241e-06
24 1.261321627691123e-06
24 1.271696961353283e-06
24 1.301893378946972e-06
24 1.345155916161233e-06
24 1.292819044262201e-06
24 1.270134533006065e-06
24 1.176267700512811e-06
24 1.409938860656996e-06
24 1.249585951763826e-06
24 1.235786016127933e-06
24 1.215657299477734e-06
24 1.269251666495719e-06
24 1.285338956514498e-06
24 1.158919410079402e-06
24 1.245876637714663e-06
24 1.097757532771014e-06
24 1.334029924141853e-06
24 1.269997701964441e-06
24 1.375134673774444e-06
24 1.209921199536264e-06
24 1.211901636484944e-06
24 1.093324038231656e-06
24 1.194700538726382e-06
24 1.278046301545782e-06
24 1.210098586970988e-06
24 1.243967086444379e-06
24 1.1175252156403e-06
24 1.194863768524148e-06
24 1.216561555790848e-06
24 1.285305184599908e-06
24 1.164746231440739e-06
24 1.2849378752829e-06
24 1.246973762812672e-06
24 1.188909905040201e-06
24 1.250459979138934e-06
24 1.262413965708478e-06
24 1.302533024411659e-06
24 1.186703615926175e-06
24 1.199375281849148e-06
24 1.155576183191163e-06
24 1.27443312765653e-06
24 1.202775127323572e-06
24 1.208026384508775e-06
24 1.165182613843293e-06
24 1.248073916275877e-06
24 1.185698429778195e-06
24 1.263206401687957e-06
24 1.240248416329261e-06
24 1.246638513533935e-06
24 1.304076477973326e-06
24 1.317070308140814e-06
24 1.274533015919816e-06
24 1.182739321571857e-06
24 1.193121323019609e-06
24 1.295545593325423e-06
24 1.282134300749207e-06
24 1.199855423023575e-06
24 1.19065588154805e-06
24 1.121473592082048e-06
24 1.27151369812707e-06
24 1.314135866208812e-06
24 1.165788709461588e-06
24 1.289150909220182e-06
24 1.317002617403396e-06
24 1.223334335000117e-06
24 1.283698911636866e-06
25 1.836711111257072e-06
25 1.733193532704464e-06
25 1.749352732109195e-06
25 1.739882394813196e-06
25 1.710263963326753e-06
25 1.82189316421083e-06
25 1.926010205021199e-06
25 1.791085477954771e-06
25 1.853606019570969e-06
25 1.844534359007704e-06
25 1.88846890522271e-06
25 1.814607877326541e-06
25 1.883943862475955e-06
25 1.854879796674292e-06
25 1.810214542392062e-06
25 1.799474028550938e-06
25 1.836039022855194e-06
25 1.836814282988038e-06
25 1.868828232612181e-06
25 1.81240753398743e-06
25 1.84080072432187e-06
25 1.773204399128574e-06
25 1.838059607159907e-06
25 1.882463182829241e-06
25 1.802419575091002e-06
25 1.816068261762919e-06
25 1.871500298261115e-06
25 1.763865704868082e-06
25 1.848278014967691e-06
25 1.836206084529436e-06
25 1.826430056417375e-06
25 1.826411094043362e-06
25 1.911561398420114e-06
25 1.778503375036677e-06
25 1.75299015964031e-06
25 1.772479399487097e-06
25 1.819441454990348e-06
25 1.785454245185861e-06
25 1.836309924363507e-06
25 1.959021455975713e-06
25 1.955342537657448e-06
25 1.744991498504363e-06
25 1.794965973633877e-06
25 1.852935017560633e-06
25 1.85646963234821e-06
25 1.870916709542727e-06
25 1.927639078083149e-06
25 1.761979161724463e-06
25 1.805752348551759e-06
25 1.803167299489488e-06
25 1.964066411698002e-06
25 1.812191223177275e-06
25 1.810642290545688e-06
25 1.733504426519557e-06
25 1.782876206082036e-06
25 1.882607347841581e-06
25 1.833334043726229e-06
25 1.956607181474603e-06
25 1.780537273526859e-06
25 1.84499925424057e-06
25 1.83387603748052e-06
25 1.869677701472534e-06
25 1.774467645130488e-06
25 1.839652524169282e-06
25 1.779822061267258e-06
25 1.803198037074852e-06
25 1.820336059080449e-06
25 1.804975900189696e-06
25 1.869513771024116e-06
25 1.894764766382391e-06
25 1.820764165654593e-06
25 1.909714076760899e-06
25 1.736585312051664e-06
25 1.732892730596819e-06
25 1.914463364315664e-06
25 1.826730958344801e-06
25 1.881030105243244e-06
25 1.730452091994448e-06
25 1.767914833596159e-06
25 1.880365463199935e-06
25 1.821903762932394e-06
25 1.978000917983383e-06
25 1.869148215993291e-06
25 1.887113544800669e-06
25 1.799470842901456e-06
25 1.834452937107987e-06
25 1.801765870424692e-06
25 1.814251314409943e-06
25 1.953314684969167e-06
25 1.843147993952299e-06
25 1.909598047772273e-06
25 1.75626162632202e-06
25 1.852051325302821e-06
25 1.848892421814514e-06
25 1.79459233082238e-06
25 1.82533035903457e-06
25 1.825502960837826e-06
25 1.764447576366792e-06
25 1.81269865797025e-06
25 1.830996863277113e-06
26 2.100517131602588e-06
26 2.040339459870479e-06
26 2.191546850476988e-06
26 2.097519467588793e-06
26 2.184269745332131e-06
26 2.108006873928593e-06
26 2.176315576217417e-06
26 2.109753840331061e-06
26 2.085871314138363e-06
26 2.082740324477853e-06
26 1.932053615191788e-06
26 2.145512156118456e-06
26 2.077250426074029e-06
26 2.177888274732639e-06
26 2.078308424854623e-06
26 2.139040783173226e-06
26 1.944423079675646e-06
26 2.186801456728678e-06
26 2.107475911908116e-06
26 2.071272712607164e-06
26 2.290035918501187e-06
26 2.029014838033443e-06
26 2.112369199432679e-06
26 2.142544815953548e-06
26 2.237676957295752e-06
26 2.014214429558777e-06
26 2.170911024846403e-06
26 2.123922381533987e-06
26 2.264704890424394e-06
26 2.04101270215924e-06
26 2.326464966041667e-06
26 2.014696699571003e-06
26 2.051532495401268e-06
26 2.166855942811759e-06
26 2.139171845867602e-06
26 2.013056743183033e-06
26 1.957620918872026e-06
26 2.158598704686583e-06
26 2.101317087451242e-06
26 2.118529251368593e-06
26 2.142592720878932e-06
26 2.177455403085107e-06
26 2.085340628549723e-06
26 2.303999037749441e-06
26 2.238976080917759e-06
26 2.233566164367493e-06
26 2.145672570031934e-06
26 2.129463614750352e-06
26 2.118311515354324e-06
26 2.098885996368403e-06
26 2.247173394372129e-06
26 2.148675841371905e-06
26 2.090499966537198e-06
26 2.187902073011082e-06
26 2.013876468458175e-06
26 2.077604283286302e-06
26 2.052156308014932e-06
26 2.08206408028054e-06
26 2.008473010285222e-06
26 1.971528308746676e-06
26 2.108058625606841e-06
26 2.188249361626886e-06
26 2.049217172288848e-06
26 2.025823408513356e-06
26 2.192483363351009e-06
26 2.13993016393378e-06
26 2.106057909438748e-06
26 2.093607198049054e-06
26 2.114733885200167e-06
26 2.073618994132063e-06
26 2.105776245162097e-06
26 1.892734082124973e-06
26 2.131603699022241e-06
26 2.129551173759647e-06
26 1.994694060859494e-06
26 2.072129321447455e-06
26 2.038824388368791e-06
26 2.188711395786587e-06
26 2.063777577643238e-06
26 2.155437688067853e-06
26 2.069595403988237e-06
26 2.070894847710773e-06
26 2.200457933188832e-06
26 2.207617506303513e-06
26 2.10493687797907e-06
26 2.137659975978757e-06
26 2.130880050862903e-06
26 2.110814352024449e-06
26 2.142369863007235e-06
26 2.125973914968606e-06
26 2.116267331070282e-06
26 2.144123660401769e-06
26 2.185907655001235e-06
26 2.06101721701797e-06
26 2.183061102070697e-06
26 2.01841521188019e-06
26 2.101684552607011e-06
26 2.018440795450653e-06
26 2.115316899924803e-06
26 2.10378446127761e-06
27 3.462220203304717e-06
27 3.497829772739861e-06
27 3.589156989419456e-06
27 3.338272230380406e-06
27 3.579665812735674e-06
27 3.486073326422744e-06
27 3.574577017840708e-06
27 3.436380023046504e-06
27 3.587832152837256e-06
27 3.418187605169551e-06
27 3.492985199946793e-06
27 3.618218882836418e-06
27 3.512426426159132e-06
27 3.545321388725557e-06
27 3.408416656672572e-06
27 3.361370960549797e-06
27 3.506275146414692e-06
27 3.385128997003418e-06
27 3.527634222829417e-06
27 3.481829452880531e-06
27 3.531461512270768e-06
27 3.702166146047275e-06
27 3.561545280127297e-06
27 3.507627638193226e-06
27 3.431376593061177e-06
27 3.450584970465517e-06
27 3.476600813770265e-06
27 3.445888205809413e-06
27 3.555530157792601e-06
27 3.487326435151727e-06
27 3.428987977509577e-06
27 3.426026502736548e-06
27 3.413650400843869e-06
27 3.450863946703808e-06
27 3.500103127099191e-06
27 3.490331447925581e-06
27 3.439222983145671e-06
27 3.478732139383905e-06
27 3.63941254881546e-06
27 3.441108459271233e-06
27 3.436108241946234e-06
27 3.519041991736244e-06
27 3.404340896096959e-06
27 3.555526362150668e-06
27 3.475853337053531e-06
27 3.433197772068217e-06
27 3.561860137821423e-06
27 3.400321835829224e-06
27 3.518392766026383e-06
27 3.385232703486909e-06
27 3.520772988249607e-06
27 3.457104879409885e-06
27 3.633416891862077e-06
27 3.438576300409495e-06
27 3.503886957354086e-06
27 3.565605485387757e-06
27 3.504820408573673e-06
27 3.493646637336191e-06
27 3.452840529657064e-06
27 3.573395341841124e-06
27 3.554199628991265e-06
27 3.525058120751734e-06
27 3.490257204403849e-06
27 3.528944933121437e-06
27 3.503438830585474e-06
27 3.626127689937404e-06
27 3.324851592438831e-06
27 3.579579669863903e-06
27 3.384761365275786e-06
27 3.44438345086995e-06
27 3.388455961162814e-06
27 3.502477412060132e-06
27 3.51100250036285e-06
27 3.518686212659901e-06
27 3.564234936316174e-06
27 3.424879471094452e-06
27 3.470572928256794e-06
27 3.437154726040007e-06
27 3.514735036047949e-06
27 3.379028192364188e-06
27 3.563629018526282e-06
27 3.350721945331774e-06
27 3.711466930131114e-06
27 3.546085283949512e-06
27 3.492003969555519e-06
27 3.480461933718742e-06
27 3.463227957688957e-06
27 3.714323290655763e-06
27 3.445821169107919e-06
27 3.524347682922988e-06
27 3.502594198168914e-06
27 3.399829542163982e-06
27 3.580495540796323e-06
27 3.230695165179778e-06
27 3.460871538302877e-06
27 3.55328900060078e-06
27 3.398297260983123e-06
27 3.454624914891311e-06
27 3.61698721314341e-06
27 3.44092457612229e-06
28 3.947257089850839e-06
28 3.937138624506703e-06
28 3.856702720730122e-06
28 3.992628110217563e-06
28 3.999011596143283e-06
28 3.915503793632926e-06
28 3.785331571436489e-06
28 3.807614564107617e-06
28 3.761668100200999e-06
28 3.718806322744133e-06
28 3.779527084848289e-06
28 3.754006952590399e-06
28 3.836408819194972e-06
28 3.869337056279048e-06
28 3.752444190809242e-06
28 3.809142120337952e-06
28 3.829000592094774e-06
28 3.906783729864703e-06
28 3.764579451757471e-06
28 3.493873324980344e-06
28 3.694033318355572e-06
28 3.875932772528115e-06
28 3.806757469845388e-06
28 3.95214623437603e-06
28 3.878904824636222e-06
28 3.858964469629696e-06
28 3.781038771683672e-06
28 3.896599531814583e-06
28 3.834203415228966e-06
28 3.839400013092476e-06
28 3.752085081539142e-06
28 3.83575363178229e-06
28 3.795100712488715e-06
28 3.893336760337393e-06
28 3.828343967789994e-06
28 3.869859872111237e-06
28 3.941851585039023e-06
28 3.963597911658378e-06
28 3.763983383278195e-06
28 3.725983754340762e-06
28 3.8749223399642e-06
28 3.737724598022696e-06
28 3.897233609121802e-06
28 3.939183062982038e-06
28 3.952084344805337e-06
28 3.849219133361467e-06
28 3.772717552258631e-06
28 3.838308843962514e-06
28 3.880414931249517e-06
28 3.8280208138804e-06
28 3.709540643816785e-06
28 3.810892204759652e-06
28 3.833606729346341e-06
28 3.759093623249986e-06
28 3.748655739475467e-06
28 3.569014081027983e-06
28 3.812668201884552e-06
28 3.950065908307556e-06
28 3.800344716248698e-06
28 3.665073189686938e-06
28 3.845224959350103e-06
28 3.621540210028589e-06
28 3.746949821874209e-06
28 3.960661727845286e-06
28 3.849089763549412e-06
28 3.767602100559588e-06
28 3.942120896415729e-06
28 3.712026478238657e-06
28 3.759356306967893e-06
28 3.746625059489179e-06
28 3.684175817490424e-06
28 3.955984292176084e-06
28 3.922509265815986e-06
28 3.557478129316174e-06
28 4.001412895724205e-06
28 3.816803115058682e-06
28 3.741349722564516e-06
28 3.832376383115523e-06
28 3.909432817358543e-06
28 3.977588349211037e-06
28 3.99118518030651e-06
28 3.818210201708465e-06
28 3.926601159585564e-06
28 3.97594780344526e-06
28 3.936408165696858e-06
28 3.914533954689941e-06
28 3.906053589189262e-06
28 4.036594375412201e-06
28 3.746159680525601e-06
28 3.691559792576201e-06
28 3.823983737922591e-06
28 3.949183691518078e-06
28 3.779999419649576e-06
28 3.801996617375358e-06
28 3.803156381814935e-06
28 3.9800806187276e-06
28 3.948267013057691e-06
28 3.986153468047969e-06
28 3.862877619934213e-06
28 3.738025684539073e-06
29 6.76951433318367e-06
29 6.942171492929755e-06
29 6.961973576868154e-06
29 6.907727026700942e-06
29 6.801811314129102e-06
29 6.914578711273979e-06
29 7.11003867882876e-06
29 7.107182280251635e-06
29 7.006165207455026e-06
29 7.094008038460114e-06
29 7.125288874223524e-06
29 7.03123676982825e-06
29 7.145473912650791e-06
29 6.949880947538537e-06
29 7.151688059915211e-06
29 7.030391229210286e-06
29 6.780154989860147e-06
29 6.961344812658071e-06
29 6.943729105471142e-06
29 7.067171702361e-06
29 6.927172648297788e-06
29 7.010327164933153e-06
29 6.72968732203874e-06
29 7.157631134196824e-06
29 7.008115710355651e-06
29 7.099627336180511e-06
29 7.074544531458894e-06
29 6.69539852725305e-06
29 6.826430462340137e-06
29 7.013975016750555e-06
29 7.036556697632135e-06
29 6.926282373228873e-06
29 7.224470624715458e-06
29 6.956392892445055e-06
29 7.195868826596544e-06
29 6.939997595811444e-06
29 7.146874463479638e-06
29 7.04506102307948e-06
29 7.324933820029265e-06
29 6.861148098920855e-06
29 6.916225690805464e-06
29 7.04936767719684e-06
29 7.012051982999116e-06
29 6.942685102574032e-06
29 7.072987985141219e-06
29 7.179536998974226e-06
29 6.961056582689551e-06
29 7.069917577592817e-06
29 7.071666462875301e-06
29 6.979705686048794e-06
29 7.10501513700034e-06
29 6.967334651551445e-06
29 6.960350022123053e-06
29 7.129667494267216e-06
29 6.862164534396075e-06
29 6.979129117271246e-06
29 6.949506321055701e-06
29 6.84277440045703e-06
29 7.05527380972926e-06
29 6.987252130482256e-06
29 7.043606354755423e-06
29 7.093377311627833e-06
29 6.980286024968991e-06
29 6.870525393346374e-06
29 7.088848330808468e-06
29 7.016602366237539e-06
29 7.04228618255352e-06
29 6.969388872177419e-06
29 7.005725663302428e-06
29 7.213230692759027e-06
29 6.969366986415358e-06
29 7.094337547577594e-06
29 6.995453980864879e-06
29 6.806171807125704e-06
29 7.048728050675827e-06
29 6.888579838247674e-06
29 7.289312867701924e-06
29 6.823739339507337e-06
29 7.06459007055074e-06
29 6.816301020622486e-06
29 7.033410681485468e-06
29 7.055871681152995e-06
29 7.028090383213962e-06
29 7.000549586544515e-06
29 7.177406135962303e-06
29 6.817533872295267e-06
29 7.000516876399497e-06
29 7.110646426023253e-06
29 6.807267168617689e-06
29 6.793108272298652e-06
29 7.089652145195585e-06
29 7.085569430199144e-06
29 7.022394087745586e-06
29 6.930527284258409e-06
29 7.204078298466372e-06
29 6.939372287315519e-06
29 7.011857796425451e-06
29 6.919295466779004e-06
29 7.10033835989976e-06
29 6.934848716457751e-06
30 7.580800133057838e-06
30 7.421673040930466e-06
30 7.273645278605187e-06
30 7.805755298393281e-06
30 7.369441882882077e-06
30 7.406214459678989e-06
30 7.570384407163923e-06
30 7.324648632171509e-06
30 7.534551320619584e-06
30 7.475887836861513e-06
30 7.340411029761416e-06
30 7.382849912775418e-06
30 7.173312879811834e-06
30 7.304230437762167e-06
30 7.315933295096776e-06
30 7.473113287780824e-06
30 7.263331283593451e-06
30 7.502304817591477e-06
30 7.296614188953851e-06
30 7.64310840314309e-06
30 7.330322113288078e-06
30 7.271680302850176e-06
30 7.268775258921005e-06
30 7.685624431221481e-06
30 7.510901283660097e-06
30 7.566292202553479e-06
30 7.465271947597929e-06
30 7.638996715267497e-06
30 7.82878465629172e-06
30 7.415737648737792e-06
30 7.546692298547665e-06
30 7.278894664871868e-06
30 7.299199702909655e-06
30 7.481846781267214e-06
30 7.402097151284181e-06
30 7.478429095017468e-06
30 6.992492716074325e-06
30 7.43291256904154e-06
30 7.590937141477051e-06
30 7.420921964153597e-06
30 7.337289826813271e-06
30 7.639935935726799e-06
30 7.398297186038027e-06
30 7.496666630778703e-06
30 7.329978052468793e-06
30 7.483186738358412e-06
30 7.187767480603231e-06
30 7.330040191238003e-06
30 7.117567140728143e-06
30 7.117577721757854e-06
30 7.228763312028737e-06
30 7.107360521661527e-06
30 7.310367868421133e-06
30 7.557611192523432e-06
30 7.033195930010535e-06
30 7.394158140001277e-06
30 7.501963580160784e-06
30 7.596878681661938e-06
30 7.297493906338685e-06
30 7.36385483314139e-06
30 7.470316744328128e-06
30 7.409547730850799e-06
30 7.332793574976927e-06
30 7.384994561414002e-06
30 7.406512210070929e-06
30 7.416612407395723e-06
30 7.4571790885054e-06
30 7.519748137906034e-06
30 7.48016207215155e-06
30 7.486540502710842e-06
30 7.450671312434166e-06
30 7.800652850830897e-06
30 7.356900368861844e-06
30 7.078793486379823e-06
30 7.435687491857039e-06
30 7.109282828488836e-06
30 7.705519429283442e-06
30 7.793216378393208e-06
30 7.332477527807132e-06
30 7.366711026408085e-06
30 7.410498512427477e-06
30 7.252732794564581e-06
30 7.647471369464024e-06
30 7.503703736615228e-06
30 7.495506315439228e-06
30 7.22384186452218e-06
30 7.545000142565632e-06
30 7.429130432731909e-06
30 7.344145268070893e-06
30 7.218877629341028e-06
30 7.315784647729112e-06
30 7.446547153189671e-06
30 7.653814077892178e-06
30 7.479468440374386e-06
30 7.404870644859115e-06
30 7.755261024572555e-06
30 7.498237003868849e-06
30 7.587307188797601e-06
30 7.252931994222464e-06
30 7.545377555970308e-06
31 1.525475282659561e-05
31 1.508223607258793e-05
31 1.519047392342531e-05
31 1.49732865727705e-05
31 1.512715788838743e-05
31 1.529978808956546e-05
31 1.523067190658568e-05
31 1.519979014132171e-05
31 1.470622040907748e-05
31 1.492201895763749e-05
31 1.500885788426703e-05
31 1.471957447311368e-05
31 1.483658991350606e-05
31 1.481623842917826e-05
31 1.521014570147724e-05
31 1.515475586895082e-05
31 1.524567916123496e-05
31 1.482632156195877e-05
31 1.492931472418301e-05
31 1.469521324728388e-05
31 1.503827849004818e-05
31 1.496858070768147e-05
31 1.483518652217729e-05
31 1.499900854515288e-05
31 1.481515224034408e-05
31 1.541819445721409e-05
31 1.505405237451746e-05
31 1.474142253432903e-05
31 1.500102205494588e-05
31 1.499488871474465e-05
31 1.553183260372908e-05
31 1.480177550450581e-05
31 1.506446102942774e-05
31 1.503178005436507e-05
31 1.494916095446542e-05
31 1.543472055329786e-05
31 1.494665783288088e-05
31 1.489251395142498e-05
31 1.522456241534427e-05
31 1.555925083323091e-05
31 1.503837106130826e-05
31 1.498038842253125e-05
31 1.535769436790228e-05
31 1.502090201414334e-05
31 1.492406557015096e-05
31 1.533825295904654e-05
31 1.536397183533014e-05
31 1.489494092479503e-05
31 1.50553758864932e-05
31 1.515804053687632e-05
31 1.532051086763257e-05
31 1.505359543785454e-05
31 1.521294445528153e-05
31 1.494680066152109e-05
31 1.517459125673533e-05
31 1.486741856295918e-05
31 1.516116126011272e-05
31 1.49200231342215e-05
31 1.500901705965262e-05
31 1.462171606961467e-05
31 1.526505178097741e-05
31 1.504192858802689e-05
31 1.501846437278829e-05
31 1.508294169712529e-05
31 1.503561184951938e-05
31 1.51617812728897e-05
31 1.521422428008543e-05
31 1.512557798577262e-05
31 1.505951418778655e-05
31 1.531608657619398e-05
31 1.509501560848174e-05
31 1.499390325241909e-05
31 1.493920699979677e-05
31 1.53563137068083e-05
31 1.530091775953189e-05
31 1.507897575023273e-05
31 1.501205310527567e-05
31 1.531474097921318e-05
31 1.502715870518737e-05
31 1.516384115639923e-05
31 1.520350882256283e-05
31 1.514324545030972e-05
31 1.518493707643772e-05
31 1.544418165292462e-05
31 1.510092753767748e-05
31 1.464925499597474e-05
31 1.508910723413639e-05
31 1.501187783854408e-05
31 1.48611471540954e-05
31 1.539522365882949e-05
31 1.485034551066021e-05
31 1.489940666183053e-05
31 1.470241230132413e-05
31 1.495248082519508e-05
31 1.532073531467678e-05
31 1.492911654097078e-05
31 1.464811814487669e-05
31 1.498823443016725e-05
31 1.46757078439712e-05
31 1.524993206250928e-05
32 1.523219301072783e-05
32 1.503087049300459e-05
32 1.535366283231722e-05
32 1.500927819948289e-05
32 1.496822018349032e-05
32 1.515077739166478e-05
32 1.512428692047407e-05
32 1.481296387994484e-05
32 1.515233446927694e-05
32 1.503008716155064e-05
32 1.469801047114399e-05
32 1.43962207729121e-05
32 1.497098976052296e-05
32 1.506971947323659e-05
32 1.514250358748286e-05
32 1.527830613451577e-05
32 1.495394337403415e-05
32 1.533770251221659e-05
32 1.501453907736256e-05
32 1.4781726941338e-05
32 1.509103885607656e-05
32 1.534742543904511e-05
32 1.476878948647699e-05
32 1.523810614715825e-05
32 1.507383796124143e-05
32 1.485095109551255e-05
32 1.515155820260526e-05
32 1.470234808317935e-05
32 1.485706203384141e-05
32 1.488576312599119e-05
32 1.502864453747189e-05
32 1.534930301463039e-05
32 1.525737110967898e-05
32 1.560696760100602e-05
32 1.479145073593557e-05
32 1.506017723798112e-05
32 1.503779802614156e-05
32 1.518006303833755e-05
32 1.460346102750913e-05
32 1.503864410365471e-05
32 1.522610904607973e-05
32 1.498733569255357e-05
32 1.501661650844391e-05
32 1.507533752168131e-05
32 1.478965316630527e-05
32 1.492760714372766e-05
32 1.553760926723767e-05
32 1.52080378914906e-05
32 1.450378970963578e-05
32 1.514171930634783e-05
32 1.466442281854517e-05
32 1.491935142966342e-05
32 1.481646889101461e-05
32 1.488525838049938e-05
32 1.458647397954277e-05
32 1.455255877654346e-05
32 1.492530086574638e-05
32 1.543222810528837e-05
32 1.489645736767638e-05
32 1.525870162447068e-05
32 1.531019611286444e-05
32 1.47286191939143e-05
32 1.468921268882047e-05
32 1.516328967073279e-05
32 1.554173702010179e-05
32 1.514374315675405e-05
32 1.523635960626863e-05
32 1.478727297616685e-05
32 1.468400753674046e-05
32 1.536794528595168e-05
32 1.487453241075454e-05
32 1.508580989471124e-05
32 1.476201350423959e-05
32 1.501127394036009e-05
32 1.524875451686874e-05
32 1.49804576060728e-05
32 1.487306700374216e-05
32 1.446274196533196e-05
32 1.5207996914514e-05
32 1.507158561904564e-05
32 1.527471568425854e-05
32 1.475548301830283e-05
32 1.493516135638825e-05
32 1.528075807499223e-05
32 1.500159335608557e-05
32 1.511111902587455e-05
32 1.491623039269235e-05
32 1.51109664595524e-05
32 1.555176453892702e-05
32 1.49314832524204e-05
32 1.519179411199171e-05
32 1.486583040688935e-05
32 1.531779142268765e-05
32 1.536394203680813e-05
32 1.515534197330131e-05
32 1.509558912200311e-05
32 1.530211507431604e-05
32 1.46905788759504e-05
32 1.496565579253934e-05
32 1.504139466937129e-05
33 3.597995552976456e-05
33 3.675613368071697e-05
33 3.616371168747595e-05
33 3.671748370873047e-05
33 3.714635727266181e-05
33 3.656643661557313e-05
33 3.624333293941882e-05
33 3.658507265728876e-05
33 3.646465983857033e-05
33 3.671125843866324e-05
33 3.696794167860423e-05
33 3.594371052953678e-05
33 3.644365852634455e-05
33 3.641356716580266e-05
33 3.654457543170385e-05
33 3.647297391759792e-05
33 3.66153014733979e-05
33 3.607506262175386e-05
33 3.69500136596886e-05
33 3.660163090100546e-05
33 3.68626540028124e-05
33 3.680434643916361e-05
33 3.621646015762502e-05
33 3.675438731220745e-05
33 3.604498340612952e-05
33 3.694248158194404e-05
33 3.589973542521166e-05
33 3.669097926654297e-05
33 3.619334540770472e-05
33 3.594470459956932e-05
33 3.660211754071185e-05
33 3.652606693232025e-05
33 3.669994259239868e-05
33 3.585680676706545e-05
33 3.629788999243429e-05
33 3.647072552355231e-05
33 3.572143569836655e-05
33 3.679023124071941e-05
33 3.685583581573225e-05
33 3.699523205024843e-05
33 3.647378281247338e-05
33 3.642497013190995e-05
33 3.659915776826911e-05
33 3.674746970443104e-05
33 3.671083839593783e-05
33 3.606026162736762e-05
33 3.649626221710534e-05
33 3.644183805670634e-05
33 3.66585881068479e-05
33 3.597631650615044e-05
33 3.646413377832057e-05
33 3.666791458556313e-05
33 3.671397043949509e-05
33 3.695330194425572e-05
33 3.652340000922485e-05
33 3.670106574421731e-05
33 3.700304101876483e-05
33 3.658684975595981e-05
33 3.65763144335203e-05
33 3.641240800240512e-05
33 3.686248687141848e-05
33 3.643849865297719e-05
33 3.634875321687189e-05
33 3.614506278387391e-05
33 3.593079691609609e-05
33 3.652345323902875e-05
33 3.710456502840938e-05
33 3.685697351505656e-05
33 3.649619311371593e-05
33 3.651667588671018e-05
33 3.635387694104131e-05
33 3.677673255312355e-05
33 3.628453002083891e-05
33 3.65874622367322e-05
33 3.614731533566854e-05
33 3.620908933391315e-05
33 3.657282516655559e-05
33 3.671876603535963e-05
33 3.638387794069065e-05
33 3.649933083411833e-05
33 3.623482112933679e-05
33 3.628942872813665e-05
33 3.683110246180036e-05
33 3.685853639014689e-05
33 3.662256611655957e-05
33 3.680911044370835e-05
33 3.61149305129717e-05
33 3.638604017403041e-05
33 3.655681659293079e-05
33 3.657852961897298e-05
33 3.569399350221961e-05
33 3.642158883473062e-05
33 3.692021203227301e-05
33 3.635012407777998e-05
33 3.715421169898408e-05
33 3.66524429188918e-05
33 3.629062963260972e-05
33 3.641649165352725e-05
33 3.629775514598861e-05
33 3.615974023967595e-05
34 3.439170202067431e-05
34 3.437699913299855e-05
34 3.509281013863587e-05
34 3.453927347555363e-05
34 3.441750001930753e-05
34 3.442149319436563e-05
34 3.440474859188028e-05
34 3.509375503160375e-05
34 3.476175985165364e-05
34 3.509488793957228e-05
34 3.476504505142411e-05
34 3.42089204593506e-05
34 3.485463503573165e-05
34 3.461602918070913e-05
34 3.457319301725891e-05
34 3.439823776211726e-05
34 3.431583917547236e-05
34 3.479140612966744e-05
34 3.498987431597663e-05
34 3.535699015804859e-05
34 3.435046471648786e-05
34 3.419963641436525e-05
34 3.454892563616649e-05
34 3.464923941617376e-05
34 3.421051390515168e-05
34 3.500232869320747e-05
34 3.480732777477604e-05
34 3.423415486058429e-05
34 3.440002327967914e-05
34 3.483934045231709e-05
34 3.454304551503926e-05
34 3.48610929834206e-05
34 3.383555024610606e-05
34 3.456683854688516e-05
34 3.465792785901296e-05
34 3.474235086992245e-05
34 3.439298038558884e-05
34 3.459178774218089e-05
34 3.518635480586143e-05
34 3.455129521352526e-05
34 3.456013688300975e-05
34 3.403670140181612e-05
34 3.464219809197288e-05
34 3.451713030444102e-05
34 3.439979620265831e-05
34 3.44587992825439e-05
34 3.48019087940362e-05
34 3.462924930067111e-05
34 3.520849097723597e-05
34 3.46309453591637e-05
34 3.4865432404046e-05
34 3.416383289232836e-05
34 3.508121391930608e-05
34 3.488494679903943e-05
34 3.416127987303797e-05
34 3.498357070767402e-05
34 3.462235869813343e-05
34 3.466007999752245e-05
34 3.469068274922419e-05
34 3.459752600116733e-05
34 3.495013816576292e-05
34 3.511169725887166e-05
34 3.496083515841716e-05
34 3.516175496785476e-05
34 3.459244814269954e-05
34 3.470907374609147e-05
34 3.44151122368441e-05
34 3.484291837909306e-05
34 3.49741961389487e-05
34 3.45997201593652e-05
34 3.441343548350178e-05
34 3.469101369952175e-05
34 3.460416976421072e-05
34 3.437994604377117e-05
34 3.439082677052355e-05
34 3.472434406769819e-05
34 3.487539821796426e-05
34 3.482326849203234e-05
34 3.503655841539101e-05
34 3.508530060177585e-05
34 3.448945235148991e-05
34 3.529556259950594e-05
34 3.456245100881117e-05
34 3.44958040684803e-05
34 3.478696632282201e-05
34 3.404271919113632e-05
34 3.383367584773401e-05
34 3.473541611567523e-05
34 3.478426814662222e-05
34 3.451501422636199e-05
34 3.467821268239643e-05
34 3.383636826309781e-05
34 3.49409696635953e-05
34 3.459644283218111e-05
34 3.484965972698022e-05
34 3.461185649826266e-05
34 3.494924804115126e-05
34 3.445242574002973e-05
34 3.441445567534538e-05
34 3.457509786326331e-05
35 0.0001117301381948197
35 0.0001125450187806079
35 0.0001126610434793238
35 0.0001114711504749386
35 0.0001113688812163574
35 0.0001126334406881127
35 0.000111848620115584
35 0.0001117924118091108
35 0.0001118964912276557
35 0.0001119322401105223
35 0.0001117163942751023
35 0.0001116752899935207
35 0.0001120023152220743
35 0.0001118673598430164
35 0.0001122575948632985
35 0.0001115078013948555
35 0.0001112713871227974
35 0.0001110170074241997
35 0.0001120484634065346
35 0.0001120032756753094
35 0.0001119075716888409
35 0.0001113761669248042
35 0.0001108750580589408
35 0.0001119366356976346
35 0.0001115491261341635
35 0.0001124222607559048
35 0.0001114173206958337
35 0.0001118347488372863
35 0.0001119266376358041
35 0.0001128386860034982
35 0.0001113485552153411
35 0.00011189965546238
35 0.0001118176956355325
35 0.0001112509806800009
35 0.0001106281262806821
35 0.000112022083914454
35 0.0001126946164805366
35 0.0001119953630490411
35 0.0001119326585081867
35 0.0001121863263614338
35 0.000111471948852529
35 0.0001113325168152572
35 0.0001114910936454938
35 0.0001120069635785856
35 0.0001120763593723873
35 0.000112243497768222
35 0.0001113431271547867
35 0.0001118914883051018
35 0.0001110600913090704
35 0.00011214662436466
35 0.000112293342146482
35 0.0001116106542905222
35 0.0001115500606103057
35 0.0001117443249594716
35 0.0001124871638153054
35 0.0001116129606403194
35 0.0001116910081026353
35 0.0001122988394587021
35 0.0001118785970385486
35 0.0001114990359796289
35 0.0001118089758230683
35 0.0001115756504045818
35 0.0001116211098633357
35 0.0001118251118564891
35 0.0001111744577049931
35 0.0001117688584903414
35 0.0001122637930158487
35 0.0001125366233566583
35 0.000112246213501707
35 0.0001113826242945902
35 0.0001117621588230118
35 0.0001118614093436393
35 0.0001122791741851069
35 0.0001121219736779482
35 0.0001124126016142379
35 0.0001124373644201378
35 0.0001114420863423221
35 0.0001123861619519408
35 0.0001123571934655914
35 0.0001118038637005069
35 0.0001115778410223844
35 0.0001113179751093616
35 0.0001114717716313477
35 0.0001125453701342031
35 0.000112207716105385
35 0.0001116288827054949
35 0.0001119014228112065
35 0.000111848297494565
35 0.0001126492459807215
35 0.0001123952867609282
35 0.0001119522861212666
35 0.0001116636609208054
35 0.0001116902634450064
35 0.0001117359068274885
35 0.0001127056199847531
35 0.0001119995336199424
35 0.0001121374661035301
35 0.000111260746647944
35 0.0001125155207936525
35 0.0001129154446596726
36 0.0001081397803682119
36 0.0001076628709491034
36 0.0001093183302409797
36 0.0001077140274667924
36 0.0001082588883228289
36 0.0001080011927006988
36 0.0001092419610584005
36 0.000108644097743288
36 0.0001088520394175826
36 0.0001082824569463175
36 0.0001080819913129592
36 0.0001087782064994455
36 0.0001077150174699267
36 0.0001085173010027931
36 0.0001089487607521413
36 0.000108190643997945
36 0.0001085403359055777
36 0.0001084967886627579
36 0.0001088274949803539
36 0.0001085928013876775
36 0.0001086584995094912
36 0.0001079517570268683
36 0.0001082390331937972
36 0.0001084068515883924
36 0.0001080661482194969
36 0.0001084408086364237
36 0.0001083310922900307
36 0.0001076459819762953
36 0.0001084449877260557
36 0.0001089768367235317
36 0.0001084398234742292
36 0.0001086023981794686
36 0.0001078302943158269
36 0.000107580886391784
36 0.0001076509255513097
36 0.0001084292099425591
36 0.0001086121577281576
36 0.0001076955728977052
36 0.0001083364941385574
36 0.0001090661230456305
36 0.0001082474264591943
36 0.0001087069491090251
36 0.0001088288294146732
36 0.0001079472727520849
36 0.0001077742278189931
36 0.0001077090663647649
36 0.0001082835319273961
36 0.0001085835597817719
36 0.0001084645729767992
36 0.0001081879360972801
36 0.0001077622901802057
36 0.0001082321668927204
36 0.0001085074682548416
36 0.0001081137393023235
36 0.0001079604358577059
36 0.0001074912318787756
36 0.0001079393644355988
36 0.0001083515582032353
36 0.0001089057182661953
36 0.0001082025913818692
36 0.0001082332820663172
36 0.000107971570470077
36 0.000108649364644582
36 0.0001080907091516305
36 0.0001085875233285089
36 0.0001088318111064094
36 0.0001083502044120225
36 0.0001089936160414804
36 0.0001084592253071556
36 0.0001084349663690665
36 0.0001091238783164628
36 0.0001078088878981628
36 0.0001087086502783827
36 0.000107803167573361
36 0.0001077193425885477
36 0.000108934182590971
36 0.0001077447794808371
36 0.0001080374066323108
36 0.0001086263799845236
36 0.0001087109730624948
36 0.0001088822203249771
36 0.0001081651474105357
36 0.0001077219083497992
36 0.0001077363884961368
36 0.0001081945056816321
36 0.0001083940253695171
36 0.0001078594113186684
36 0.0001076210481640994
36 0.0001081536754187544
36 0.0001078936145555338
36 0.0001083255558864443
36 0.0001078596411926559
36 0.0001084719977763922
36 0.0001082645647986166
36 0.0001084228937364016
36 0.0001088279118590899
36 0.0001089642003414668
36 0.000107969328972624
36 0.0001081923149494975
36 0.0001075071088538353
37 0.0005948943723130155
37 0.0005956913566105185
37 0.0005957401733502837
37 0.0005948544574155269
37 0.0005923793401364406
37 0.00059366845884684
37 0.0005930776884662107
37 0.0005941372489400538
37 0.0005943267252566663
37 0.0005948712450456541
37 0.0005936247536465542
37 0.0005946542879427823
37 0.0005946040723286357
37 0.0005940258135368913
37 0.0005947376263146547
37 0.000594280025978473
37 0.0005941566927407271
37 0.0005950140028100685
37 0.0005938389142594743
37 0.0005946577408813253
37 0.0005933849586101709
37 0.0005937043388810749
37 0.0005940868251911007
37 0.0005949927549733152
37 0.0005950872348609187
37 0.0005949267061472022
37 0.000594239090820191
37 0.0005956748823412521
37 0.0005949802748270618
37 0.0005949441925738676
37 0.0005945789695896829
37 0.0005953370142435792
37 0.0005943227407787849
37 0.0005932363657735401
37 0.0005945802764150576
37 0.0005960807291812875
37 0.0005945107072248752
37 0.0005957541876229224
37 0.0005947046248945883
37 0.0005927905974903355
37 0.0005958990233343211
37 0.0005945142044535349
37 0.00059430844431785
37 0.0005933165896539599
37 0.0005946166347364564
37 0.0005946236100664228
37 0.0005949584073929241
37 0.0005951733794968723
37 0.0005943859739098723
37 0.0005929584177140227
37 0.0005948807470210718
37 0.0005937329621494577
37 0.0005957442604095116
37 0.0005964025590202553
37 0.0005940953119996446
37 0.0005933818678621277
37 0.0005945583451403427
37 0.0005934111483863148
37 0.0005946309221619788
37 0.0005941681111192019
37 0.0005939854517697418
37 0.0005943597267437735
37 0.00059390869615256
37 0.0005950497142768297
37 0.0005944631866141812
37 0.000594511903167624
37 0.0005949579420598046
37 0.000595181535535664
37 0.000593716950473598
37 0.000595861813544876
37 0.0005948665341716051
37 0.0005948803690752774
37 0.0005953213643700575
37 0.0005958568090288508
37 0.0005954670340951996
37 0.0005952252810213987
37 0.0005956678393792224
37 0.0005939186694067806
37 0.0005944463161170368
37 0.0005939502958653641
37 0.0005935095260166897
37 0.0005958414301511714
37 0.0005938330891880657
37 0.000593636789735878
37 0.0005943313772835675
37 0.0005941978379577897
37 0.0005946968982277656
37 0.0005933135541027719
37 0.0005950457250543412
37 0.0005966554877160302
37 0.000594865314405759
37 0.0005949121409471079
37 0.0005942401472338141
37 0.0005952974933421521
37 0.0005938402074362055
37 0.0005942336222791301
37 0.0005950130903397949
37 0.0005949259688786587
37 0.0005947138340783449
37 0.0005943212167363784
38 0.0007548179831088661
38 0.0007535407359519528
38 0.0007542666439113513
38 0.000752855890316032
38 0.0007543835921358799
38 0.0007535526212505904
38 0.0007531086025040942
38 0.0007527304308278945
38 0.0007525048459894251
38 0.0007522789396510568
38 0.0007533314062803944
38 0.0007540526370585746
38 0.0007528414958805744
38 0.0007544770152619577
38 0.0007540736803438173
38 0.0007518786408678822
38 0.0007530380553681506
38 0.0007527491849196599
38 0.0007546020186952207
38 0.0007536189396518321
38 0.0007524710480793125
38 0.0007525062722391424
38 0.0007563223175914113
38 0.0007533098758299879
38 0.0007552800033143609
38 0.0007547477935711064
38 0.0007527032199248055
38 0.0007534041715194759
38 0.0007542658703686758
38 0.0007542809529929839
38 0.0007505511915734922
38 0.0007521989424297402
38 0.0007541843553145115
38 0.0007538777461519533
38 0.0007526675418466811
38 0.0007529522869984641
38 0.0007550392567523831
38 0.0007534931375624698
38 0.0007534735926896898
38 0.0007539341113443752
38 0.000753249162041161
38 0.0007538683707690669
38 0.0007523273671087071
38 0.0007528712345865659
38 0.0007522157850878549
38 0.0007534720165258278
38 0.0007529757168581976
38 0.000754345666943179
38 0.0007520433987840894
38 0.0007542338399520154
38 0.0007525100443227356
38 0.0007535454749778942
38 0.0007519787541609518
38 0.0007521628137564356
38 0.0007544309435053818
38 0.0007546660425846224
38 0.0007526984636627123
38 0.0007507337698857646
38 0.0007537368315387423
38 0.0007534210061636412
38 0.0007524234943355876
38 0.0007541214668401788
38 0.0007540686699528908
38 0.0007520147272190827
38 0.0007523917703333379
38 0.0007540252275216468
38 0.0007538400932020809
38 0.0007526647091878115
38 0.0007524747223309191
38 0.0007541287692921688
38 0.0007552272339840594
38 0.0007538827779149045
38 0.000755551201160273
38 0.0007542676917146872
38 0.0007532826332878491
38 0.0007539438062399843
38 0.0007549819023116968
38 0.0007539426021090217
38 0.0007522264459679337
38 0.0007539105444733964
38 0.0007531275192013642
38 0.0007525848200215651
38 0.000754563189940226
38 0.0007525479658843857
38 0.0007528480266844036
38 0.0007526281315333674
38 0.000751914817772892
38 0.0007534258080859246
38 0.0007543751368259812
38 0.0007514473101199552
38 0.0007518289462724148
38 0.000756057139653121
38 0.0007526360744668704
38 0.0007549980577011175
38 0.0007539028459892323
38 0.0007530222074381927
38 0.0007550239639668153
38 0.0007532192632644999
38 0.0007538390071389938
38 0.0007527913927915883
39 0.009077807225871611
39 0.009075523968475146
39 0.009072412473013283
39 0.009079841689446247
39 0.009073431219016729
39 0.00907467746357899
39 0.009078837132141715
39 0.009081597205823971
39 0.009074448450390223
39 0.009079763737413029
39 0.00907834089060467
39 0.009080157453488779
39 0.009071970695506048
39 0.009077726793501839
39 0.009076741337168408
39 0.009081285622540586
39 0.009077826335051247
39 0.009078530937450792
39 0.009076315090327405
39 0.009077420078366205
39 0.009075822992467279
39 0.00907144089349937
39 0.009079528464243958
39 0.009074144369969304
39 0.00907932907356885
39 0.009076124799140594
39 0.009078692598330472
39 0.009077333877187582
39 0.009076801953356018
39 0.009079340408016146
39 0.009076042940117985
39 0.009072059900327049
39 0.009076117487975123
39 0.009076695502732048
39 0.00907535520052512
39 0.009079169786369961
39 0.009076702733245395
39 0.009076305818135904
39 0.009074353615431221
39 0.009075704210062368
39 0.009078595021728973
39 0.009073760197716609
39 0.009074934311673965
39 0.009080286708143001
39 0.009077407304100299
39 0.00907461133882911
39 0.009074188242761458
39 0.00907868553568094
39 0.009077671300793359
39 0.009077497962420269
39 0.009074944509165403
39 0.009075074647353189
39 0.009075240214526772
39 0.009074080727626656
39 0.009078823109130014
39 0.009078801206242277
39 0.009078938207415145
39 0.0090770445078892
39 0.009077636236561787
39 0.009076823262856405
39 0.009076993453189472
39 0.009073865413045193
39 0.009077582703121499
39 0.009080491408061675
39 0.009072075440413679
39 0.009077885890325913
39 0.00907662179194339
39 0.009078488114388259
39 0.009078800371567319
39 0.009078015251585909
39 0.009074718486285075
39 0.009074917156935472
39 0.009074363698773175
39 0.009077845139380979
39 0.009078170747511918
39 0.009075463699187624
39 0.009076253448866629
39 0.009078907730353103
39 0.009077296051861902
39 0.009079491287828479
39 0.009080108784226449
39 0.009076589073463072
39 0.009073213434742905
39 0.0090755892335935
39 0.009074178560534892
39 0.009081013455434122
39 0.009074158324743732
39 0.00907627624485258
39 0.009074399128511684
39 0.009076983009336284
39 0.009078599067989191
39 0.009075351667146334
39 0.009074776371829227
39 0.009075737368147183
39 0.009076866127921044
39 0.009074698578566128
39 0.009075767077624831
39 0.009075189636916779
39 0.009077770487334381
39 0.009076371640836697
