0 0.01798657831964117
0 0.01798438620418305
0 0.0179849514828639
0 0.01798863358466223
0 0.01798854506481712
0 0.01797896803087151
0 0.01798047644871785
0 0.01797717126921917
0 0.01798366599138246
0 0.01798312871677912
0 0.01798937793870184
0 0.0179846164114521
0 0.0179842641835316
0 0.01798415389710469
0 0.01798586421221991
0 0.01797425132129177
0 0.01798390959568346
0 0.01799373833454127
0 0.01798211243251291
0 0.01798222403073543
0 0.01798787253370962
0 0.01798998972033556
0 0.01797647252225894
0 0.01798231523222064
0 0.01798673008953989
0 0.01799406059219465
0 0.01797696866506791
0 0.01797870979093958
0 0.01797943332335193
0 0.01798161542868335
0 0.01798036380420894
0 0.01798131054818078
0 0.017989846403916
0 0.01798808326771845
0 0.01798665581323983
0 0.0179738518223029
0 0.01798231403221609
0 0.01798078372377606
0 0.01798683207721715
0 0.01798488789185141
0 0.01797793483451091
0 0.01798587119745869
0 0.01797678919126662
0 0.01798599123497797
0 0.01798692106936057
0 0.01797321825379523
0 0.0179845908686999
0 0.01798117089176251
0 0.01798750883643851
0 0.0179815709234363
0 0.01798498706320345
0 0.01798389205482193
0 0.01799048366092489
0 0.01798758860634917
0 0.01798553507246156
0 0.01797677955745127
0 0.01797736738553548
0 0.01798174445003695
0 0.01798704968392244
0 0.01798287355059869
0 0.01798998893557696
0 0.01798830745431901
0 0.01798667189154466
0 0.01798747425009277
0 0.01798133859615642
0 0.01798648483904825
0 0.01798222641672011
0 0.01798525656124715
0 0.01798555556862199
0 0.01797474368301685
0 0.01798855662115032
0 0.01797804169427089
0 0.01797974490327525
0 0.01798009058214916
0 0.01799730254164747
0 0.01798263508210191
0 0.01799324538461415
0 0.01798575171816989
0 0.01798061611541813
0 0.01798413965425932
0 0.01798221284951419
0 0.01797872942494713
0 0.01798930644769961
0 0.01798267677314174
0 0.01798532890591055
0 0.0179853640775061
0 0.01799068796612396
0 0.01798097990026963
0 0.01798752841447547
0 0.01798094438126976
0 0.01797932541287825
0 0.01798362843750022
0 0.01797801966621457
0 0.01797890389127525
0 0.01798256632464386
0 0.01798388244227387
0 0.01799118898698305
0 0.017979710210393
0 0.01798908965690112
0 0.01798253648285697
1 0.009086026679142062
1 0.00908179657861792
1 0.009085365585518476
1 0.009085641712636951
1 0.009081668703402368
1 0.00907712991116184
1 0.009084875538738933
1 0.00907652087179986
1 0.009082473245153499
1 0.00908084665361329
1 0.009086740606028222
1 0.009082512588830222
1 0.00908703203861337
1 0.009086341384561087
1 0.009088362221449613
1 0.009078415330847972
1 0.009089738171641141
1 0.009082880181930351
1 0.009080981620412068
1 0.009081993166051661
1 0.009086163665362667
1 0.009077693779447137
1 0.009085026533124518
1 0.009082681761694751
1 0.009084065853391714
1 0.009082257960364285
1 0.00908365508876966
1 0.009088990331116205
1 0.009085014321390102
1 0.009075250455737212
1 0.009076762532960186
1 0.009081353453167799
1 0.009078871519066336
1 0.009082410063641561
1 0.009080231885801744
1 0.009089445595580872
1 0.009084811972986632
1 0.009088009592338731
1 0.009078685117435849
1 0.009083327323432493
1 0.009081692483395439
1 0.00908108685556426
1 0.009084536927037065
1 0.009078233947582207
1 0.009085350683516904
1 0.0090823832597129
1 0.009078747909361465
1 0.009088993380852011
1 0.009085637665618025
1 0.009087783512546759
1 0.009080614328558514
1 0.00908685451189393
1 0.009078209557871895
1 0.009081302013430127
1 0.009083185085522085
1 0.009086669806246611
1 0.009072759878601152
1 0.009083938507419413
1 0.009075245562736608
1 0.009088234495664514
1 0.009080948081060937
1 0.009087199001730841
1 0.009083840355816638
1 0.009078948680560507
1 0.009083649400968655
1 0.009088532184767131
1 0.009081181455976559
1 0.009085728798261426
1 0.009085791029921071
1 0.009083710508142567
1 0.009085378028761581
1 0.00908478420771447
1 0.009081164281376872
1 0.009076204208098056
1 0.009082637861947682
1 0.009087864330301946
1 0.009088907443062048
1 0.009080420842639222
1 0.009081531618794257
1 0.009082118955603226
1 0.009082210351520119
1 0.009081594531647944
1 0.009082884163537535
1 0.00908018504988763
1 0.009085654886043293
1 0.009085266969464936
1 0.009078445280267974
1 0.009085392980463515
1 0.009081986351793906
1 0.009081327303948988
1 0.009079277632051895
1 0.009085383273935312
1 0.009082561434330574
1 0.009083372592704477
1 0.009083229151895767
1 0.009084396054859022
1 0.009083321392068463
1 0.009084251102419303
1 0.009080546487338205
1 0.009082820492770951
2 0.0007353878846386745
2 0.0007384944076564224
2 0.0007325105811329237
2 0.0007397432254286318
2 0.0007432854693184164
2 0.0007440821484119552
2 0.0007369639322232573
2 0.0007415835253469773
2 0.0007354984824737348
2 0.0007362556166433762
2 0.0007358192982157475
2 0.0007333871260646345
2 0.0007387936915053684
2 0.000734796716767739
2 0.0007388252526947199
2 0.000735916892352862
2 0.0007392173859387859
2 0.0007356291538335958
2 0.0007400275884533502
2 0.0007369823158545135
2 0.0007393683484634553
2 0.0007435506673899881
2 0.0007375153939005586
2 0.0007342729005817285
2 0.0007319849101961009
2 0.0007379150705980084
2 0.0007367667404440389
2 0.0007343260614714808
2 0.000737201864367767
2 0.0007403196161833816
2 0.000737363169125119
2 0.0007409352521685654
2 0.0007372283419948847
2 0.0007372835641872761
2 0.0007343804632815267
2 0.0007394765100348967
2 0.0007394323430114461
2 0.0007397857062719695
2 0.0007418871613330352
2 0.0007366957534076052
2 0.0007335052709300054
2 0.000739542990839352
2 0.0007405414316323872
2 0.0007397266605893767
2 0.0007383815110923249
2 0.0007316776949858564
2 0.0007373678344868351
2 0.0007410827119156235
2 0.0007403562937752305
2 0.0007409887709013111
2 0.0007343444566825064
2 0.0007403414943317731
2 0.0007364568549124114
2 0.0007360526447791256
2 0.0007367114064825606
2 0.0007344010696742875
2 0.0007424686970066007
2 0.0007414105400765603
2 0.0007297010146736893
2 0.0007388003072467977
2 0.0007337104732330074
2 0.0007338981242261842
2 0.0007370173712811533
2 0.0007378674477246525
2 0.0007340250673711056
2 0.0007360691533640554
2 0.000737377725139978
2 0.0007342868638512646
2 0.0007417008279412693
2 0.0007308173607994335
2 0.0007389746399761378
2 0.0007418614872537006
2 0.0007375213024377288
2 0.0007332207603288277
2 0.0007402730997136258
2 0.0007314003096168257
2 0.0007426836221185258
2 0.0007347468744022208
2 0.0007344296229702014
2 0.0007363392288453291
2 0.0007381911247578441
2 0.000739862865271966
2 0.0007361904909970938
2 0.0007360212022568431
2 0.0007385834735030875
2 0.0007425957274248653
2 0.0007372125562451292
2 0.0007358997988309595
2 0.0007395826164942205
2 0.000742401318436575
2 0.0007340496039269362
2 0.0007418619116642345
2 0.0007333031640343967
2 0.0007361926176203013
2 0.0007353777222255447
2 0.0007402864900365688
2 0.0007339793244362121
2 0.0007411675935275598
2 0.0007441650862274779
2 0.0007352513585145318
3 0.0005977376661911421
3 0.0005983655099657534
3 0.0006009958221145219
3 0.0005993108152757218
3 0.0006048545797904525
3 0.0006023763490782035
3 0.0006017261338667534
3 0.0005977011299851543
3 0.0006031276672891689
3 0.0005970024412456533
3 0.0006024383918723282
3 0.0006043800820488666
3 0.0005988004004507274
3 0.0005957525146603621
3 0.0006026252516307744
3 0.0005960276871054958
3 0.0006016411719947303
3 0.000599473835488703
3 0.0006022859697636888
3 0.0005974065216048405
3 0.0005999790277966285
3 0.00059888230849345
3 0.0006033294425842435
3 0.0005992495178315656
3 0.0005983138078495408
3 0.0006047619641132723
3 0.000597055360256323
3 0.0006044386271515769
3 0.0005990831396006052
3 0.0006012656997021594
3 0.0006001312156132858
3 0.0006042293472442795
3 0.0006041510597961104
3 0.0006022850904513688
3 0.0005996183128917641
3 0.0005990241318970076
3 0.0005986561432546804
3 0.0005999826142386273
3 0.000600068712400075
3 0.0006033769966580589
3 0.0005956166021995094
3 0.0005994498834316214
3 0.0005973296218902205
3 0.0005978455098439372
3 0.0006032289981757201
3 0.0006021669780177877
3 0.0006006661852262927
3 0.0006018787287739001
3 0.0006049451817319642
3 0.0006053433707222441
3 0.0006014133609652647
3 0.0005967187973935504
3 0.0006012311517651938
3 0.0006040697169763296
3 0.0006021946524672362
3 0.0005987077483194467
3 0.0006025032743092783
3 0.0006051989935898488
3 0.0006010074221141507
3 0.0005975735213850279
3 0.0005937082121782852
3 0.0005971409227863515
3 0.0005981053723309653
3 0.000602805928949911
3 0.0005977289162504336
3 0.0005992542753191655
3 0.0006026463318411007
3 0.0005981874832918623
3 0.0006047328131342326
3 0.0006036023925426805
3 0.0005979022531815585
3 0.0005956913323947544
3 0.0006011799618556653
3 0.0006000341313454267
3 0.0005954326714379626
3 0.0006036544202251281
3 0.0006034287812019755
3 0.0006010376358104417
3 0.0006021323420341629
3 0.0006033832111424882
3 0.0005979118565086967
3 0.0006011472642222181
3 0.0006033409242283868
3 0.0005989516658989253
3 0.0005971130371355106
3 0.0005999984707657206
3 0.0005982444605264669
3 0.0005991000428795995
3 0.0005994382238932204
3 0.000593585410421268
3 0.000600403635583555
3 0.0005976903213443677
3 0.0005984398646835963
3 0.0005975842017309825
3 0.0006023075641878908
3 0.0005990340958044086
3 0.0005986231728062581
3 0.0006024715658655809
3 0.0005997420200040635
3 0.0005997193892572932
4 0.0001005605308763602
4 0.0001005549455544693
4 9.572397107617695e-05
4 9.990508094986966e-05
4 0.0001014477613339475
4 0.0001004198179286658
4 9.691493982610476e-05
4 9.685371462764372e-05
4 0.0001001929107088722
4 9.840381281389679e-05
4 0.0001025344730124859
4 9.491507720446562e-05
4 0.0001075062187988147
4 0.0001014546970406138
4 9.967896443763551e-05
4 0.0001012132366958414
4 0.0001011539976003822
4 0.0001017385902347525
4 9.975052825615678e-05
4 0.0001023680921545103
4 9.784537814632428e-05
4 9.633804408499025e-05
4 9.861889495028916e-05
4 9.858442468097715e-05
4 9.963275423820003e-05
4 9.694610037966484e-05
4 0.0001001680433463722
4 9.884569380563221e-05
4 9.587311678290402e-05
4 0.0001011106277165779
4 9.764361255813253e-05
4 9.539968380922132e-05
4 9.64717735462681e-05
4 9.615766857442557e-05
4 0.0001039603232792264
4 0.0001005115864185099
4 0.0001006910963863375
4 9.588934503360944e-05
4 9.611926621824455e-05
4 9.695842890406824e-05
4 0.0001030593859687601
4 0.00010075818274918
4 0.0001010144337927696
4 9.825499859434135e-05
4 0.0001003619051801659
4 0.0001005882402074249
4 0.0001022728059751113
4 9.858190585893283e-05
4 0.0001024502493035893
4 0.0001012285022934857
4 0.0001006317342640901
4 0.0001014748243794119
4 9.651823165833818e-05
4 0.0001041353712394959
4 0.0001014388551372515
4 9.721386483538947e-05
4 9.577005429706034e-05
4 0.0001015822122019445
4 9.829232657989091e-05
4 9.924192067882441e-05
4 0.0001001160352433001
4 9.810726250490147e-05
4 0.0001012180424730333
4 9.962580011232736e-05
4 0.0001005538803863825
4 9.654002703086328e-05
4 0.0001006099160429837
4 9.726243800165618e-05
4 0.000102049063395217
4 9.378680234124555e-05
4 0.0001013515380000937
4 0.0001062749028004848
4 0.0001041169973443293
4 0.0001004568456882936
4 9.910244877306611e-05
4 9.949677298195935e-05
4 0.0001010293541016783
4 9.663639772381922e-05
4 0.0001032585692082934
4 9.458112280849545e-05
4 9.352333428686871e-05
4 0.0001009280179978497
4 0.0001040676851316664
4 0.0001061575310958548
4 9.977120812620824e-05
4 9.968854354638921e-05
4 0.0001017490803726025
4 9.383210262949699e-05
4 0.0001013655782473368
4 0.0001026169071969129
4 0.0001010260617534223
4 0.0001003427122743895
4 9.625964689989223e-05
4 9.97500085847564e-05
4 0.0001010176016272194
4 0.000104103287921249
4 0.0001037241736705282
4 9.663441598279023e-05
4 0.0001009298901836391
4 9.847619540205502e-05
5 0.0001180207305192764
5 0.0001172069469904744
5 0.0001172868389464904
5 0.0001152756287504656
5 0.000115854529086918
5 0.0001151072288253139
5 0.0001199561019209747
5 0.0001190357201773578
5 0.0001129409049062636
5 0.0001218654182955288
5 0.0001191721160093393
5 0.000116769143545811
5 0.0001146648220188153
5 0.0001181127962920653
5 0.0001183948127867889
5 0.0001167920296983598
5 0.0001158920504658564
5 0.0001178441247126032
5 0.0001145362426960383
5 0.0001172310644591742
5 0.0001187569807357154
5 0.0001141799818398051
5 0.0001095138979543893
5 0.0001162543365826934
5 0.0001202280524930535
5 0.0001178329115220644
5 0.0001201637695678058
5 0.0001171016423506002
5 0.0001176597442198205
5 0.0001174417404035887
5 0.0001215118100302535
5 0.0001210373219237678
5 0.0001125194269288676
5 0.0001179174910187683
5 0.0001159125505863517
5 0.0001150138837279544
5 0.0001132747643902421
5 0.0001143501649485498
5 0.0001147591639651917
5 0.0001190645302458088
5 0.0001194458064086478
5 0.0001224091950129933
5 0.0001129618835614096
5 0.0001159198759132135
5 0.0001153896376585386
5 0.0001156624407910225
5 0.000116483878433672
5 0.0001202514260738049
5 0.0001155826294796598
5 0.0001165728984134264
5 0.0001168073941334
5 0.000113693018223111
5 0.0001165733941365173
5 0.0001175385895048426
5 0.0001198034640169802
5 0.0001187460679840265
5 0.0001161688411466379
5 0.0001182070544616577
5 0.0001199951314541998
5 0.0001187395565796402
5 0.0001149557413653315
5 0.0001193333699062265
5 0.000115216886506448
5 0.0001149384014495275
5 0.0001145732712396215
5 0.000118957053229279
5 0.0001186465007328491
5 0.0001155218266390141
5 0.0001184808776489285
5 0.0001173911824951955
5 0.0001172092171972829
5 0.0001154704394723226
5 0.0001156592264958394
5 0.0001154389354016606
5 0.0001180999736833775
5 0.0001161870951431149
5 0.000114520906650642
5 0.0001137523542875673
5 0.0001208217861334039
5 0.0001165509930839706
5 0.0001146990156268068
5 0.0001171134578934663
5 0.0001198692685700138
5 0.0001178414211265001
5 0.0001193540875766674
5 0.0001194768239064654
5 0.0001179059144338224
5 0.000113908196756533
5 0.0001179194963352669
5 0.0001170368193758679
5 0.0001177395894857324
5 0.0001176722909520669
5 0.0001184689952673537
5 0.0001179546627065898
5 0.0001169444021607515
5 0.0001149493176491536
5 0.0001176541091112574
5 0.0001169607747065836
5 0.0001181474780939557
5 0.0001184718063464385
6 2.92222098204052e-05
6 2.952684675285054e-05
6 2.580485853560531e-05
6 3.03508788153534e-05
6 2.688565333374803e-05
6 2.628970700076708e-05
6 3.042989274242419e-05
6 2.840080148537946e-05
6 3.355384570294164e-05
6 2.779920164683863e-05
6 2.835462710791515e-05
6 3.004898301150517e-05
6 3.162369959915823e-05
6 3.285248652898786e-05
6 3.120848236807951e-05
6 2.793322672242213e-05
6 2.937266550155111e-05
6 2.920529090797429e-05
6 3.163039659363637e-05
6 2.572165940701927e-05
6 3.191065718123422e-05
6 3.384838917971596e-05
6 2.657541008525291e-05
6 2.989447205531134e-05
6 3.129997927439786e-05
6 3.002918517438221e-05
6 3.369379828558515e-05
6 3.020028627477042e-05
6 2.780846903712467e-05
6 2.740022482285344e-05
6 3.095145504729212e-05
6 2.90222553364716e-05
6 3.354326827932527e-05
6 3.110176027578898e-05
6 3.203590679608298e-05
6 3.016056041409788e-05
6 2.825746785789697e-05
6 2.707841860783834e-05
6 2.970414761484359e-05
6 2.65640545157373e-05
6 2.959023776042209e-05
6 2.979615348886701e-05
6 3.105505477377896e-05
6 3.362544063248143e-05
6 3.256134019116887e-05
6 3.36222520812949e-05
6 3.189708028682998e-05
6 3.336373528828119e-05
6 3.140889671018734e-05
6 3.158125782313317e-05
6 2.829304284285353e-05
6 3.41733344933717e-05
6 2.948461755104714e-05
6 2.756214780945826e-05
6 3.23968775875469e-05
6 3.431710132445869e-05
6 2.621069134493079e-05
6 2.710585460267244e-05
6 2.835673170572009e-05
6 2.819340979843969e-05
6 3.038149003934429e-05
6 3.465741065976213e-05
6 3.226458510844843e-05
6 2.566242595363556e-05
6 3.275184716741174e-05
6 3.198323843791523e-05
6 2.963289658606057e-05
6 2.847797542771099e-05
6 3.207509714334763e-05
6 2.991282857094775e-05
6 2.928652755806968e-05
6 3.049670380019547e-05
6 2.495012985772288e-05
6 2.929980235309685e-05
6 3.319397089304571e-05
6 3.212759838214919e-05
6 2.82620117456533e-05
6 2.92911919222359e-05
6 3.138702043192257e-05
6 2.694034920120652e-05
6 2.922884967960735e-05
6 2.682840842023869e-05
6 3.448519125618249e-05
6 3.317890405729633e-05
6 2.689572935451202e-05
6 3.115809080060369e-05
6 2.831071125582643e-05
6 2.908591991912003e-05
6 3.341950030646935e-05
6 2.657358014166007e-05
6 3.149048948931504e-05
6 2.817036018418223e-05
6 3.183980532056794e-05
6 3.120024603333053e-05
6 2.8775650306486e-05
6 2.822177632299158e-05
6 2.490467084667208e-05
6 3.06016510836198e-05
6 2.643820051949686e-05
6 3.217241321949306e-05
7 4.177922812396629e-05
7 3.886483409625175e-05
7 3.575501192252224e-05
7 3.794998252293387e-05
7 4.314362048557314e-05
7 3.824608381637027e-05
7 4.062140518552675e-05
7 3.900725457819557e-05
7 4.387611344469605e-05
7 4.030378304929591e-05
7 4.384870645021566e-05
7 4.26563935664424e-05
7 4.383265027487817e-05
7 4.104326830535952e-05
7 3.759259158219957e-05
7 4.568044416913771e-05
7 4.352711178039663e-05
7 4.250585990990655e-05
7 4.173584934886337e-05
7 3.937806026953944e-05
7 4.031748702149385e-05
7 4.051508173357837e-05
7 4.222248415070346e-05
7 4.271999371617344e-05
7 3.989919857020743e-05
7 4.032489857530798e-05
7 4.330086795373853e-05
7 4.206824426657606e-05
7 3.669318162941518e-05
7 3.855822643143118e-05
7 3.70449080388095e-05
7 4.34349049750659e-05
7 4.322560754028853e-05
7 4.341289308520661e-05
7 3.735479958219082e-05
7 4.093108137129191e-05
7 3.889326581428588e-05
7 4.216496227334216e-05
7 4.154145681532701e-05
7 4.14410745467753e-05
7 4.132218176394618e-05
7 4.225659238895279e-05
7 4.224492109143716e-05
7 4.157255686604612e-05
7 4.000245127224577e-05
7 4.131490212092313e-05
7 3.869060802086176e-05
7 4.260197038268276e-05
7 4.132702838982748e-05
7 4.28910161721039e-05
7 4.003711188452213e-05
7 3.888891967848072e-05
7 3.942221186443472e-05
7 3.967488480515897e-05
7 4.154021761211052e-05
7 4.516881211559816e-05
7 4.365413685854681e-05
7 4.228257422537931e-05
7 4.236832655075246e-05
7 4.070097850206948e-05
7 4.002722238187805e-05
7 4.003213862329201e-05
7 4.411215583499644e-05
7 4.143522482849735e-05
7 4.134350490485051e-05
7 4.304277004627851e-05
7 4.073356629575276e-05
7 3.867822212553914e-05
7 3.763399815682223e-05
7 3.872901326422341e-05
7 4.25453612316708e-05
7 4.266650554791308e-05
7 4.363372641093945e-05
7 3.962403890354822e-05
7 4.086754028301242e-05
7 4.17440824607583e-05
7 4.37884774240175e-05
7 4.156389625570365e-05
7 4.128902235239449e-05
7 4.137659689171017e-05
7 4.211219411798287e-05
7 4.290884482796962e-05
7 4.302879137526992e-05
7 4.477967215500531e-05
7 4.255135534306422e-05
7 3.876768091095036e-05
7 4.457219516260505e-05
7 4.30748472075246e-05
7 4.301776090025958e-05
7 3.77825884751355e-05
7 3.98279782248066e-05
7 3.868654289229602e-05
7 4.244087112222723e-05
7 4.37676989213053e-05
7 3.948449790164619e-05
7 4.294713290821663e-05
7 3.964683715659983e-05
7 3.951394806898573e-05
7 4.078139720476454e-05
7 3.994201511576034e-05
8 9.729144014888611e-06
8 1.306421822712737e-05
8 1.250158459804837e-05
8 1.197528638092955e-05
8 1.132591704132573e-05
8 2.306414665746304e-05
8 1.243167119545205e-05
8 1.169721010082958e-05
8 1.600491092064152e-05
8 1.804444904875952e-05
8 1.729006460322359e-05
8 1.382774863288686e-05
8 7.056527264389607e-06
8 1.217996064655339e-05
8 1.461324590218051e-05
8 1.624858967330419e-05
8 1.204215012721858e-05
8 1.581033765815633e-05
8 1.517369606261377e-05
8 1.487727655470595e-05
8 1.332786112776943e-05
8 1.380831600437952e-05
8 1.688150029343153e-05
8 1.168850833776379e-05
8 1.919664443405257e-05
8 1.235434650608087e-05
8 1.202648160586629e-05
8 1.361484020843795e-05
8 1.134891163397672e-05
8 1.607686068192557e-05
8 8.068670384482957e-06
8 1.304585873138055e-05
8 1.268609684603896e-05
8 1.896524192148259e-05
8 1.420166352067255e-05
8 1.078963657820553e-05
8 1.271178908413718e-05
8 1.539557670562244e-05
8 1.531125278691594e-05
8 1.348216165256166e-05
8 1.678085688197785e-05
8 1.259927547851159e-05
8 1.342355397425348e-05
8 1.520010423551915e-05
8 1.251079418284305e-05
8 1.413403088661845e-05
8 1.521977517612064e-05
8 1.131883160610089e-05
8 1.411003377650803e-05
8 1.153435359156886e-05
8 1.627286117242243e-05
8 1.34778838882889e-05
8 1.124799427516749e-05
8 1.388362154109683e-05
8 1.412800610917304e-05
8 9.96174750506914e-06
8 1.115757784635975e-05
8 1.264578747212418e-05
8 1.310306218330724e-05
8 1.646627997347349e-05
8 1.28262527446813e-05
8 1.159073342434568e-05
8 1.109976962429737e-05
8 1.832102137675673e-05
8 1.221346243515304e-05
8 1.674895628721921e-05
8 1.437719890291786e-05
8 1.435385074259987e-05
8 1.363905154186365e-05
8 1.391369220143171e-05
8 1.336928545643064e-05
8 1.335384269497752e-05
8 1.442901355324408e-05
8 1.424783467095354e-05
8 1.409451061238871e-05
8 1.708118523999288e-05
8 1.597774322040776e-05
8 1.67693559383721e-05
8 1.595438669200861e-05
8 1.017427141516612e-05
8 1.356715865431536e-05
8 1.469079128904082e-05
8 1.101420921655556e-05
8 1.386559984650534e-05
8 1.397340397831333e-05
8 1.227210397437052e-05
8 1.320591907296695e-05
8 1.64422128225354e-05
8 1.590630263697836e-05
8 1.64915732462456e-05
8 1.422475860768443e-05
8 1.217779282492256e-05
8 1.385506264501205e-05
8 1.600028633247911e-05
8 8.986207748554544e-06
8 1.24494318729901e-05
8 1.393341292001612e-05
8 1.737396840918728e-05
8 1.3845478946921e-05
8 1.34179011025377e-05
9 1.9918608102152e-05
9 1.89012237121195e-05
9 1.480333630429827e-05
9 1.791624640989346e-05
9 1.95401122623705e-05
9 1.894742928298267e-05
9 2.330606925469628e-05
9 1.725895525270433e-05
9 1.732001527250808e-05
9 1.893356164636423e-05
9 1.746634042141446e-05
9 1.701570621066842e-05
9 1.992811223975575e-05
9 1.855565396186915e-05
9 1.763138346457639e-05
9 1.906925415907231e-05
9 2.083477793412867e-05
9 1.922116029630286e-05
9 1.852121359884595e-05
9 2.044998896787776e-05
9 1.970574559667255e-05
9 2.004693846275955e-05
9 1.482962320669134e-05
9 1.852572221630303e-05
9 2.073307336893669e-05
9 1.946027702565945e-05
9 1.68030275412825e-05
9 1.922408897437969e-05
9 1.835268676032579e-05
9 1.703628366532507e-05
9 1.796769360602701e-05
9 1.911441443116726e-05
9 1.681853996708294e-05
9 1.718951346939238e-05
9 1.619964518526718e-05
9 1.745076685903684e-05
9 2.012764967724442e-05
9 1.807675396553706e-05
9 1.681432760694003e-05
9 2.304582136579135e-05
9 1.636232820285812e-05
9 1.726947756656723e-05
9 1.740948373835515e-05
9 2.050837845841891e-05
9 2.146668405305131e-05
9 1.977533757049754e-05
9 1.972679266469369e-05
9 1.993739938773054e-05
9 1.871910764234428e-05
9 1.925600617341278e-05
9 1.328405205670089e-05
9 2.137774363052609e-05
9 2.114093425286e-05
9 1.767964010380004e-05
9 1.781408118660998e-05
9 2.251942058154809e-05
9 1.386370286244311e-05
9 1.928682176528474e-05
9 1.840435160290171e-05
9 1.38105525447058e-05
9 2.210635793852556e-05
9 1.732957582879851e-05
9 1.829436013042113e-05
9 1.681104232614585e-05
9 1.767893865183698e-05
9 1.992603405090844e-05
9 1.759031815362526e-05
9 1.825838389380904e-05
9 1.703777166561173e-05
9 1.734289608267387e-05
9 2.095596410531917e-05
9 1.682322732381144e-05
9 2.129408338202791e-05
9 1.988084714453231e-05
9 2.036602553463093e-05
9 1.681606036773798e-05
9 2.05173427402271e-05
9 1.840119448170548e-05
9 1.924659025945553e-05
9 1.638066785955159e-05
9 1.788901811277511e-05
9 1.982168843361122e-05
9 1.920013644119446e-05
9 1.959890617073446e-05
9 1.947390500538254e-05
9 1.771220577976857e-05
9 1.923206636764658e-05
9 2.055053643435149e-05
9 1.978510713608109e-05
9 2.230699307331824e-05
9 1.949331339591782e-05
9 1.993497691893782e-05
9 1.71759926664196e-05
9 1.891433699326176e-05
9 2.402711636727559e-05
9 1.582299292647871e-05
9 1.752725318906776e-05
9 1.714776095855399e-05
9 1.893459018657223e-05
9 2.481647455334426e-05
10 7.927487237406634e-06
10 1.070278093183072e-05
10 9.878538581371943e-06
10 8.08216061934686e-06
10 1.249139726025906e-05
10 7.062270960097764e-06
10 5.511413166036594e-06
10 1.012204674408775e-05
10 1.003153894190688e-05
10 8.735627861717864e-06
10 7.827129027433648e-06
10 8.600637160786329e-06
10 5.554820363257903e-06
10 3.923167800906829e-06
10 7.765404802960706e-06
10 1.350009823160836e-05
10 8.378219491096965e-06
10 7.035184175392919e-06
10 6.027768283633333e-06
10 9.287471367387554e-06
10 9.367135783273727e-06
10 9.667588288964143e-06
10 1.000748755296509e-05
10 8.651727775443078e-06
10 6.716858031392797e-06
10 8.821855268323611e-06
10 1.738421489770914e-05
10 8.045003679583443e-06
10 1.079945860788933e-05
10 6.622798170533759e-06
10 1.043779239725571e-05
10 1.193292766939247e-05
10 6.566688048912375e-06
10 9.640831313245537e-06
10 1.110159278701747e-05
10 9.494445033236217e-06
10 9.503516824819193e-06
10 1.053913261880913e-05
10 1.18495531542453e-05
10 8.586959534142808e-06
10 7.961537322942782e-06
10 8.197122267356146e-06
10 7.682106631451076e-06
10 1.064297527972367e-05
10 1.112455195665521e-05
10 8.580284486773992e-06
10 1.002217846894641e-05
10 7.926424022953246e-06
10 8.120046967299623e-06
10 1.03771993452523e-05
10 9.839417864766902e-06
10 2.84179071832821e-06
10 1.372956026176847e-05
10 1.09838511639507e-05
10 8.089351601281475e-06
10 1.073934606414584e-05
10 1.071034689262511e-05
10 2.655180302701107e-06
10 1.129748560893397e-05
10 5.652273441400648e-06
10 7.458989052885209e-06
10 1.079540263010662e-05
10 5.627536441945933e-06
10 1.019148499854439e-05
10 1.291709506425225e-05
10 9.725954980072674e-06
10 6.90506601259984e-06
10 1.09697710887615e-05
10 1.127171205489948e-05
10 4.772595427933946e-06
10 1.309246055856392e-05
10 9.25692278603935e-06
10 8.492095224959387e-06
10 9.295921696410593e-06
10 8.608022459835238e-06
10 1.172885295304186e-05
10 1.153017654521072e-05
10 1.147250349847549e-05
10 7.06328890845349e-06
10 1.037134694011411e-05
10 1.242155945577854e-05
10 9.222237101506834e-06
10 1.052988768199372e-05
10 7.119173605287234e-06
10 9.564726334890764e-06
10 1.504812057432296e-05
10 1.19760365314917e-05
10 9.490696254536683e-06
10 1.014943804275039e-05
10 1.048989729881815e-05
10 1.279317634392137e-05
10 9.156273024209095e-06
10 1.021494746740268e-05
10 8.653514169371435e-06
10 9.965126424891086e-06
10 8.5482695676385e-06
10 1.050833879970593e-05
10 7.886459047083592e-06
10 7.026047014245199e-06
10 8.057859197060472e-06
11 9.339296100614457e-06
11 1.310307713283096e-05
11 6.06128044639117e-06
11 1.534573956410116e-05
11 1.077550511792157e-05
11 1.108058529496745e-05
11 9.088504437261549e-06
11 1.123647460191349e-05
11 1.070170031082583e-05
11 1.253750539433459e-05
11 1.396457488205407e-05
11 1.118872998961044e-05
11 1.174780966278365e-05
11 1.479824677692186e-05
11 1.043172519827517e-05
11 8.695731486662243e-06
11 1.184903893860421e-05
11 1.165679871148094e-05
11 1.241535227491171e-05
11 1.072914303821239e-05
11 1.2881257845386e-05
11 1.476068021396406e-05
11 1.340264804989676e-05
11 9.973450362455699e-06
11 9.165004908520088e-06
11 1.026881190360884e-05
11 1.261249107618289e-05
11 9.171628619026013e-06
11 1.471991817474282e-05
11 9.183647052346733e-06
11 1.196442167781161e-05
11 1.124068656686496e-05
11 1.43617243115017e-05
11 1.001956713776971e-05
11 1.613748320774219e-05
11 1.216335551606303e-05
11 1.26244115068297e-05
11 1.152238290980693e-05
11 1.461204223374928e-05
11 1.400305397031222e-05
11 1.585612466564014e-05
11 1.571323280718139e-05
11 9.811698369104969e-06
11 1.111408656615225e-05
11 9.543048959785618e-06
11 1.602823416124072e-05
11 1.276213943938156e-05
11 1.004397905997324e-05
11 1.045655127185463e-05
11 1.363517593441059e-05
11 1.224397100503619e-05
11 9.169291500262145e-06
11 1.257585820712188e-05
11 1.218776947089603e-05
11 1.46416777038747e-05
11 9.590810728555211e-06
11 1.509846217003302e-05
11 1.161114484156846e-05
11 1.466748997991894e-05
11 1.350831032909496e-05
11 7.601075623507005e-06
11 1.282340398544211e-05
11 1.411167174291098e-05
11 1.291638380196382e-05
11 1.458292014381078e-05
11 1.193984490295445e-05
11 1.174230635244402e-05
11 1.045217343943026e-05
11 1.306235792697562e-05
11 1.202567913540994e-05
11 1.260192444714136e-05
11 1.094190617108512e-05
11 1.228112780391896e-05
11 1.186766468528649e-05
11 9.862570133483729e-06
11 1.073623713004643e-05
11 7.408666787957539e-06
11 1.198153474831293e-05
11 1.167446827286192e-05
11 1.06684789049564e-05
11 8.478890957565115e-06
11 1.383709569666454e-05
11 1.41003462261308e-05
11 1.380138870233865e-05
11 1.847196054225303e-05
11 5.647887700867557e-06
11 1.289365958664956e-05
11 1.345712605691007e-05
11 1.578368754232802e-05
11 1.360228693839039e-05
11 1.262408682297932e-05
11 1.334351873133916e-05
11 1.339716015202164e-05
11 1.56813750594952e-05
11 1.263105700974801e-05
11 1.159872044780095e-05
11 1.504403319675863e-05
11 1.246893390188369e-05
11 1.297683361915925e-05
11 1.343612840156468e-05
12 1.018223012740727e-05
12 1.188245026666364e-05
12 7.897638001174881e-06
12 7.63864108471157e-06
12 6.674213597967799e-06
12 8.192634238317425e-06
12 7.309526385929267e-06
12 1.070001371590093e-05
12 7.793222833053859e-06
12 9.237977220438575e-06
12 8.210998453162142e-06
12 6.137669566700329e-06
12 8.491210891759873e-06
12 9.134727402057271e-06
12 5.351130692075414e-06
12 5.711703190727581e-06
12 5.133705301437327e-06
12 9.775235482560145e-06
12 8.070979555636858e-06
12 8.216422290668834e-06
12 1.242937541164378e-05
12 5.107626997039545e-06
12 7.781603386519599e-06
12 4.020994581166303e-06
12 2.261958027179795e-06
12 7.090378979914449e-06
12 5.56594314738972e-06
12 6.996642433913472e-06
12 1.112337617545259e-05
12 6.061216312858685e-06
12 7.152148495158673e-06
12 8.225850498098769e-06
12 5.804988621131921e-06
12 8.425510148107967e-06
12 6.487839800026439e-06
12 5.312886458601446e-06
12 6.561995866052473e-06
12 5.446224030457042e-06
12 5.012590785050806e-06
12 9.45211623243224e-06
12 4.495193277047976e-06
12 5.178820597028016e-06
12 4.519174130599846e-06
12 2.671674865950333e-06
12 5.968149684646427e-06
12 4.130872882257748e-06
12 6.407689957334396e-06
12 5.49079069868531e-06
12 7.112943871138284e-06
12 1.051412494070504e-05
12 8.601573521698242e-06
12 1.157645578992358e-05
12 6.3530660617386e-06
12 9.749066713912664e-06
12 6.321038812909429e-06
12 6.640931869586108e-06
12 1.197655371755653e-05
12 4.203471404442392e-06
12 8.252673459760563e-06
12 4.90657521116761e-06
12 7.352662296982326e-06
12 4.863090075692118e-06
12 5.424506993024102e-06
12 6.27808757768019e-06
12 5.839431655241469e-06
12 1.140837573343914e-05
12 5.907177463491313e-06
12 1.041380323318675e-05
12 1.068185409146367e-05
12 6.438411913390443e-06
12 5.407662357898492e-06
12 9.536438803224655e-06
12 1.699879754708602e-06
12 3.085958308393717e-06
12 6.640511885076988e-06
12 5.072844562794936e-06
12 8.341835545659305e-06
12 9.377205179171905e-06
12 6.268011169691347e-06
12 6.493848965264472e-06
12 4.642188827696183e-06
12 8.640447311381325e-06
12 5.633114763574624e-06
12 3.234239111970533e-06
12 8.718672533295467e-06
12 5.551667747782797e-06
12 5.324196529906356e-06
12 7.346529710019024e-06
12 9.140768260208165e-06
12 7.481434329007049e-06
12 5.596889397494291e-06
12 7.464341149568047e-06
12 4.267878622503415e-06
12 3.434023308215747e-06
12 6.287052246907839e-06
12 5.846561016554048e-06
12 8.041147414981088e-06
12 6.880984291492608e-06
12 7.966379524787268e-06
12 3.707457174426627e-06
13 2.577069530644391e-06
13 7.915721235795149e-06
13 1.063155561467009e-05
13 7.123719440367495e-06
13 8.500140405518097e-06
13 6.902335909270806e-06
13 1.604990485953035e-05
13 8.799640277915521e-06
13 1.086027550077457e-05
13 8.965921627060288e-06
13 1.608744446401054e-05
13 8.630121208672707e-06
13 6.445630274195845e-06
13 1.177094154427564e-05
13 1.227130513929995e-05
13 9.584299749221523e-06
13 1.063436405688082e-05
13 1.053982594153071e-05
13 1.377773495145947e-05
13 1.120223182778477e-05
13 1.075186531964397e-05
13 7.468689250498899e-06
13 6.254947411963087e-06
13 8.878784625916689e-06
13 6.179688859296536e-06
13 6.743693081824992e-06
13 1.503205371505221e-05
13 7.091180234007583e-06
13 6.632213720614457e-06
13 8.131036566465931e-06
13 1.033138393419595e-05
13 9.822138276668407e-06
13 8.529938879748393e-06
13 8.397653485040207e-06
13 9.294436616795191e-06
13 1.171781815693391e-05
13 1.176149622604912e-05
13 5.704894122557188e-06
13 8.242179168486457e-06
13 8.486635851688194e-06
13 8.176443325654847e-06
13 1.212469937706491e-05
13 7.946944215243226e-06
13 1.436250782943806e-05
13 6.786892631323242e-06
13 8.731122016668203e-06
13 5.975309665660868e-06
13 9.477149981623887e-06
13 1.030811743098732e-05
13 9.079937881312977e-06
13 8.905176456851275e-06
13 1.018893867331982e-05
13 7.332377294704215e-06
13 9.944454512906337e-06
13 1.08436054945508e-05
13 9.497964007692465e-06
13 8.618056680225104e-06
13 4.396550783045771e-06
13 1.369967362506914e-05
13 5.737838255703321e-06
13 8.084521578487696e-06
13 6.936876133530945e-06
13 7.581942781004707e-06
13 9.085420485233433e-06
13 1.285924206135305e-05
13 7.889948691011074e-06
13 7.724232287115547e-06
13 1.441311147174175e-05
13 6.384830681239085e-06
13 7.435656275587559e-06
13 8.143403858311097e-06
13 4.912861241491553e-06
13 6.91673760597621e-06
13 9.753288278025232e-06
13 9.17594613603846e-06
13 7.179260095086592e-06
13 1.0787024958376e-05
13 6.359957294346773e-06
13 3.268216514070926e-06
13 7.055242940876012e-06
13 8.906747160219611e-06
13 1.029388007989208e-05
13 5.155537654032686e-06
13 1.032254542459334e-05
13 9.70238828812381e-06
13 1.157613054532668e-05
13 1.139007904855793e-05
13 9.174719324159419e-06
13 9.395965388701632e-06
13 9.460385227553424e-06
13 9.646271077950171e-06
13 8.156547824052993e-06
13 1.397456022885476e-05
13 9.519520512305105e-06
13 1.163388521502501e-05
13 1.200639995800881e-05
13 1.392621505546743e-05
13 1.084554790788771e-05
13 1.06727437377991e-05
13 5.644344877240717e-06
14 3.845640046153935e-06
14 6.659472113750435e-06
14 2.820558453477743e-06
14 2.850528567439737e-06
14 3.317599053337752e-06
14 5.656787403926414e-06
14 3.720502157095537e-06
14 1.395108894872349e-05
14 5.484407723799126e-06
14 6.9474645083783e-06
14 1.017859972428786e-05
14 8.754538065931881e-06
14 4.298512163991282e-06
14 3.215586139080116e-06
14 5.991891546372236e-06
14 1.235735223031662e-05
14 7.739429593831616e-06
14 2.924633690688188e-06
14 6.554810121321486e-06
14 6.200253200826273e-06
14 3.842250717013952e-06
14 8.492762297171221e-06
14 3.751534067072877e-07
14 5.879047570093053e-06
14 3.824887418846613e-06
14 3.93531573911461e-06
14 4.697463869958015e-06
14 8.539803619795633e-06
14 7.598464852201852e-06
14 4.873873898242484e-06
14 7.313723137646544e-06
14 6.211367798310443e-06
14 8.042912042558049e-06
14 4.269583403631575e-06
14 4.464228603866186e-06
14 5.202635364359939e-06
14 6.628139970479068e-06
14 6.377073163635836e-06
14 7.481329074470539e-06
14 7.383673668540828e-06
14 4.023465198933291e-06
14 1.072651964298452e-05
14 -3.096712225805605e-08
14 7.162539750078564e-06
14 6.887390975698728e-06
14 6.581650407694098e-06
14 8.000902667469594e-06
14 5.905955312549573e-06
14 4.62169469609689e-06
14 2.467907036963697e-06
14 7.387787084259683e-06
14 6.074623788614567e-06
14 7.733290522113679e-06
14 6.741755456274554e-06
14 7.773752837108097e-06
14 8.700425760199895e-06
14 5.29849496480679e-06
14 3.691612414543854e-06
14 7.341892325608825e-06
14 9.021367311335104e-06
14 4.211762810321547e-06
14 3.641915915391825e-06
14 7.27877077390392e-06
14 6.342568651786895e-07
14 1.091231745399602e-05
14 5.574319726064893e-06
14 6.395386787367358e-06
14 3.942730454707667e-06
14 2.161846667603658e-06
14 -2.859742582502689e-07
14 5.491977634765466e-06
14 1.215100301309681e-05
14 6.500451509279469e-06
14 6.502348280930662e-06
14 3.162024995684017e-06
14 1.393449989057154e-06
14 3.528062137184133e-06
14 7.45300502928709e-06
14 7.692660172508237e-06
14 4.915217172291264e-06
14 7.343047123532986e-06
14 7.405359435508569e-06
14 6.577323083565174e-06
14 5.277494938086048e-07
14 3.813287593310783e-06
14 7.871516572821692e-06
14 1.643749159560853e-06
14 3.945034938245959e-06
14 3.657842610576352e-06
14 4.908584721375504e-06
14 4.020034080126817e-06
14 3.048744552296237e-06
14 5.36431047734892e-06
14 6.923264399274605e-06
14 5.878070738880398e-06
14 4.871909716393352e-06
14 8.126675666166187e-06
14 8.513572756004183e-06
14 4.861898827934274e-06
14 6.185050579758423e-06
15 1.206771583689198e-05
15 7.493511270318826e-06
15 1.278488725564699e-05
15 9.303364125728502e-06
15 1.059607063110577e-05
15 1.040968093061882e-05
15 8.36975568786636e-06
15 1.037283558476429e-05
15 1.075324973913144e-05
15 8.858441199622474e-06
15 6.648933724791459e-06
15 4.888946106805618e-06
15 8.758808508422032e-06
15 1.049728014774143e-05
15 3.9195211659313e-06
15 1.341689197743408e-05
15 9.915982344310253e-06
15 3.912495131912517e-06
15 9.394852317028935e-06
15 6.978092626229101e-06
15 1.236704008315938e-05
15 3.615025905608955e-06
15 8.465890125235658e-06
15 8.043332251959659e-06
15 6.37396648965384e-06
15 5.507704967620593e-06
15 5.663091978655921e-06
15 9.241370617378721e-06
15 7.137698522631454e-06
15 1.100114636152454e-05
15 1.093555201679088e-05
15 7.835755626511943e-06
15 9.762583749067692e-06
15 6.921056243369254e-06
15 1.062122549290043e-05
15 9.859672683122973e-06
15 9.315640777479813e-06
15 8.654055755112305e-06
15 9.456045166832346e-06
15 4.433259321835865e-06
15 1.089876128175688e-05
15 5.7296876985768e-06
15 5.510016375226131e-06
15 1.073213749768846e-05
15 6.254162374965012e-06
15 8.274221658923065e-06
15 9.957502765135961e-06
15 7.869934197117313e-06
15 8.572652126405652e-06
15 1.231901008049463e-05
15 9.016930694241216e-06
15 5.60769332057189e-06
15 1.031786263965383e-05
15 1.173263391121398e-05
15 7.244848178080297e-06
15 8.539075366743397e-06
15 1.034584971777225e-05
15 1.037107476406846e-05
15 8.800067167651135e-06
15 7.34817794063017e-06
15 9.042546069954554e-06
15 9.71261771761445e-06
15 5.898817117878378e-06
15 6.920289645028445e-06
15 1.115557188674358e-05
15 1.322989990984199e-05
15 1.222589170985596e-05
15 5.464894555536552e-06
15 1.333959747551318e-05
15 9.01285128985896e-06
15 1.360620640245797e-05
15 1.020608868095991e-05
15 1.285409523063982e-05
15 6.970389143139391e-06
15 7.510035321433849e-06
15 1.220893914824283e-05
15 7.771754846636665e-06
15 7.528662553444855e-06
15 8.879255731585387e-06
15 8.204999907986319e-06
15 7.804750710336438e-06
15 6.766327430975583e-06
15 8.394741951001352e-06
15 5.26663323838721e-06
15 5.522310197652179e-06
15 1.090036791185628e-05
15 8.595251848213043e-06
15 8.102530672151267e-06
15 1.113952239522545e-05
15 9.093013581839195e-06
15 7.708467403949637e-06
15 1.190933617416231e-05
15 8.885945724481842e-06
15 8.053487395802271e-06
15 9.30095722944522e-06
15 6.984053506222294e-06
15 6.956977547894271e-06
15 8.34544362614783e-06
15 7.152017879159347e-06
15 1.192440265338354e-05
16 1.391841045247988e-06
16 5.26825821502293e-06
16 5.710880546719929e-06
16 3.650448849607822e-06
16 1.253124150560601e-06
16 1.201843244362899e-06
16 4.27182986928591e-06
16 8.185551077669341e-06
16 7.946940485862591e-07
16 1.688106523701018e-06
16 3.273618852598569e-06
16 4.230638551360732e-06
16 7.326408120112883e-06
16 4.964164298712594e-06
16 4.649677769015619e-06
16 6.339424858987354e-06
16 5.309395667575978e-06
16 4.979461323026744e-06
16 3.00040838894318e-06
16 3.414533230442452e-06
16 2.473402745939815e-06
16 4.830329797862236e-06
16 6.202189342030226e-06
16 5.636441412641236e-06
16 4.291103523288976e-06
16 4.765613311196526e-06
16 4.549152289146858e-06
16 -4.601178984235009e-07
16 4.879752788239954e-06
16 5.869104585273282e-06
16 5.097117453121566e-06
16 1.349023805232004e-06
16 1.439490926906308e-06
16 3.310796788973249e-06
16 4.002274782985719e-06
16 4.238026006378506e-06
16 1.422138531883097e-06
16 1.677423094622064e-06
16 4.405298899236957e-06
16 5.364251965749751e-06
16 5.370455561436651e-06
16 -1.472870981493494e-06
16 5.62543991417677e-06
16 5.013485556071187e-06
16 2.646199048406955e-06
16 6.188650274894137e-06
16 -2.148598272527256e-07
16 4.704302584093419e-06
16 1.273726330394734e-06
16 6.872915705800303e-06
16 3.52367541282546e-06
16 4.959770712794255e-06
16 2.708620491900045e-07
16 5.022347820434066e-06
16 1.113421855508328e-06
16 4.156562966618759e-06
16 1.350981518761244e-06
16 6.434378603674723e-06
16 5.881393538545574e-06
16 6.86003318828434e-06
16 3.507609407446624e-06
16 1.281900032486817e-06
16 -3.768364899578653e-06
16 2.101438939630344e-06
16 2.79967678462386e-06
16 2.414215480009602e-06
16 3.775004977740229e-06
16 4.871707915632147e-06
16 9.965796418983039e-06
16 7.043698707897929e-06
16 4.04276525934673e-06
16 4.088859059171058e-06
16 4.372718040800513e-07
16 7.465504983871103e-06
16 5.390613954921446e-06
16 8.567691036722201e-07
16 3.41393763597184e-07
16 5.140891341591529e-06
16 1.061545107067552e-06
16 4.068736161225443e-06
16 7.659444657395274e-08
16 7.916292938633881e-07
16 3.284228491711036e-06
16 3.777270187537185e-06
16 4.844793319250705e-06
16 3.10464795253476e-07
16 6.926906586177961e-06
16 3.545685303807827e-06
16 2.50567603336255e-06
16 5.418354437363458e-06
16 4.138180052857597e-06
16 -4.243328580377043e-07
16 1.562128115479902e-06
16 4.648281361322016e-06
16 7.362285970633971e-06
16 2.205795518587067e-06
16 3.101888377482995e-06
16 -2.111217673437144e-06
16 2.710002950924817e-06
16 -4.780174558901082e-07
17 5.634984776167796e-06
17 7.257820661623249e-06
17 7.488636424918472e-06
17 3.289320175128092e-06
17 9.759788947940799e-06
17 3.617296909357292e-06
17 3.538433307788176e-06
17 3.408864252694324e-06
17 6.961702787614699e-06
17 1.100138835848514e-05
17 1.124135434681537e-05
17 1.125314736740019e-05
17 9.913391739496998e-06
17 1.137905516863683e-06
17 4.332385639032265e-06
17 7.094661831464325e-06
17 7.278792728320426e-06
17 1.032993251027388e-05
17 7.808887885355099e-06
17 8.533292513349607e-06
17 4.310141475670131e-06
17 7.567413538611958e-06
17 5.260903366982607e-06
17 1.058411682344194e-05
17 7.714782314806542e-06
17 3.610601370011764e-06
17 7.182428814743458e-06
17 6.117907590332323e-06
17 6.698557088834854e-06
17 5.725893943094807e-06
17 5.829766349825913e-06
17 4.775182237282723e-06
17 4.49698626392982e-06
17 5.749101615251232e-06
17 7.794057189662885e-06
17 4.916007327643457e-06
17 5.495029727662154e-06
17 6.380352038433796e-06
17 8.748575804035516e-06
17 9.362046645233752e-06
17 8.304002157389798e-06
17 7.477104821356469e-06
17 8.144023320922267e-06
17 4.430932747061709e-06
17 2.875666860251567e-06
17 7.317787528709316e-06
17 6.133435856601256e-06
17 8.0033921535593e-06
17 6.891092897657145e-06
17 8.997063984581826e-06
17 2.7358635939218e-06
17 6.867276058582446e-06
17 8.114471297095134e-06
17 6.625275306988843e-06
17 9.457712308753265e-06
17 5.752825496867593e-06
17 5.6156471989782e-06
17 5.417976082488731e-06
17 8.937659623312066e-06
17 1.333087289766441e-05
17 8.149130275447277e-06
17 5.372127270590969e-06
17 6.876236649401632e-06
17 9.59864463330611e-06
17 4.571826305138179e-06
17 9.384239483903812e-06
17 7.122716920651098e-06
17 5.958746596022531e-06
17 5.17905619001957e-06
17 5.194508557195258e-06
17 8.253694818210229e-06
17 7.126489382847975e-06
17 8.765932254800558e-06
17 5.919782122568554e-06
17 6.440462825029739e-06
17 8.283948651676524e-06
17 8.826064033139587e-06
17 7.052466708469614e-06
17 5.734512921782544e-06
17 5.676400044937037e-06
17 1.075211644808469e-05
17 4.744994160821965e-06
17 8.444004223650478e-06
17 1.332140480332033e-05
17 8.993058444531849e-06
17 2.132553452579133e-06
17 5.313975768456777e-06
17 7.38091648791067e-06
17 5.029122984762829e-06
17 6.158274268735237e-06
17 1.490118646973059e-05
17 1.140727124967461e-05
17 6.178076739616681e-06
17 1.238273139949624e-05
17 7.714006409114604e-06
17 6.761892010854803e-06
17 6.172862491742928e-06
17 6.804747699738656e-06
17 4.842140684352648e-06
17 5.604510651543121e-06
18 4.718378694731587e-06
18 9.463560994741397e-06
18 8.728743812987921e-06
18 4.884633355052046e-06
18 7.038706984837148e-06
18 5.562405253767412e-06
18 4.220503972020296e-06
18 8.953685203995882e-06
18 5.280847111432484e-06
18 3.306964110876988e-06
18 9.168941876351165e-06
18 6.640959974022223e-06
18 7.426687760960178e-06
18 7.012280267868399e-06
18 3.889181033121927e-06
18 2.908450689514282e-06
18 1.494781435959341e-06
18 9.515735289924767e-06
18 6.202123910308564e-06
18 7.982788398825451e-06
18 3.834878441569849e-06
18 4.909010711568131e-06
18 8.33925749573488e-06
18 -8.371105552948461e-07
18 1.178010080051751e-06
18 6.103507986412368e-06
18 7.897723185832196e-06
18 7.971299758518378e-06
18 4.197952879098816e-06
18 5.278725870550557e-06
18 5.262555454361629e-06
18 4.273246592069794e-06
18 3.050749918292232e-06
18 6.368092565224695e-06
18 9.705491160239034e-06
18 3.944623278340769e-06
18 7.947072296701231e-06
18 2.122452084953492e-06
18 3.330671823173473e-06
18 3.643263811183603e-06
18 6.24622300652622e-06
18 3.744247949200683e-06
18 4.284077608257722e-06
18 4.783595634004875e-06
18 2.741052629065666e-06
18 2.431491164054069e-06
18 4.116418461046565e-06
18 8.584414973690822e-06
18 3.264815261872275e-06
18 3.839129314870165e-06
18 3.341741777949801e-06
18 6.194496794637996e-06
18 7.203259456477701e-06
18 4.078832412388327e-06
18 8.272667307030276e-06
18 2.857131191790291e-06
18 1.443395118484793e-06
18 2.846193135619819e-06
18 6.014660728320789e-06
18 1.324053261200124e-06
18 2.130801415667549e-06
18 4.527434324808214e-06
18 2.396461233934007e-06
18 9.528228920231035e-06
18 5.174844962612497e-06
18 4.172223596050863e-06
18 5.348428547074753e-06
18 2.907190724611921e-06
18 3.733014863224657e-06
18 2.283462091326009e-06
18 6.318217326146474e-06
18 6.749854527966703e-06
18 7.967905085642087e-06
18 6.530458277496152e-06
18 3.506658540167818e-06
18 3.88910643756659e-06
18 1.218569510064161e-06
18 2.182391014167226e-06
18 5.700483748488329e-06
18 4.918859567925999e-06
18 5.247315288493579e-06
18 4.387292951051721e-07
18 4.716404642821065e-06
18 5.351595655956394e-06
18 7.106142087105436e-06
18 -6.354931192085117e-07
18 8.055646759843164e-06
18 4.885614169376982e-06
18 1.728468284400137e-06
18 3.722710144475115e-06
18 5.318375272003758e-06
18 3.011177584426106e-06
18 8.487718389750768e-06
18 5.221754685347047e-06
18 6.088072543029081e-06
18 6.209722694769282e-06
18 6.616218618864272e-06
18 4.638539555357994e-06
18 7.360645956941158e-06
18 5.684579068693568e-06
19 9.218568637563593e-06
19 8.158213457262199e-06
19 3.35581262198492e-06
19 4.667886147430368e-06
19 7.293450789498498e-06
19 6.586036494750789e-06
19 1.312754453246103e-06
19 1.348860639929649e-06
19 1.610089911962608e-06
19 5.061869898571096e-06
19 4.57510952224768e-06
19 2.697519043607134e-06
19 9.353470515928902e-07
19 5.305049228754597e-06
19 3.665380561567423e-06
19 2.466853317920703e-06
19 1.00113819656881e-05
19 5.567220919771627e-06
19 6.598672780219267e-06
19 1.87052543300608e-06
19 5.985717205157292e-06
19 5.631281444921088e-06
19 5.00184693531114e-07
19 5.002228868990753e-06
19 4.981717398255311e-06
19 3.644545283621433e-06
19 4.853599583023971e-06
19 6.119866711304185e-06
19 2.639758273119112e-06
19 1.520882454467e-06
19 3.615525006997322e-07
19 8.327102667575473e-06
19 2.025448216093517e-06
19 5.485717662265247e-06
19 1.100236104321636e-05
19 5.261030032618325e-06
19 7.587547610119344e-06
19 3.172626468367895e-06
19 1.09991660616092e-06
19 7.063206772381838e-06
19 5.025529805297572e-06
19 3.821735439527915e-06
19 8.905829039365961e-06
19 5.181093287785347e-06
19 8.47595956247382e-06
19 4.131083940725476e-06
19 4.005759530273865e-06
19 6.132128935693318e-06
19 2.843341530076834e-06
19 9.396905945258491e-06
19 3.790647441513087e-06
19 3.938003958347375e-06
19 3.961124118452984e-06
19 6.329101221324184e-06
19 2.397859841139593e-06
19 3.987462650021619e-07
19 5.634454721810008e-06
19 5.651471134497861e-06
19 7.065452918491535e-06
19 4.850173239126939e-06
19 7.814745216540154e-06
19 5.998507686022244e-06
19 9.753740690576562e-08
19 8.539478717280053e-06
19 4.39093367879651e-06
19 3.028986022132068e-06
19 3.469082827779599e-06
19 4.627406097586932e-06
19 3.14343223245984e-06
19 5.06602005571487e-07
19 7.135269253027273e-06
19 9.153299988236465e-06
19 2.366884467965823e-06
19 -5.55887825500032e-07
19 2.707001658706856e-06
19 3.03157211080312e-06
19 4.676924897532952e-06
19 6.521473189087606e-06
19 5.959760088197329e-06
19 3.949681746703523e-06
19 7.116086939355054e-06
19 6.233276656527484e-06
19 1.538168985536464e-06
19 8.767190957529734e-06
19 3.063915287499906e-06
19 3.418303459043602e-06
19 9.237885473946299e-06
19 3.897867274499551e-06
19 6.434456750557049e-06
19 5.153575295144677e-06
19 3.587458963903182e-06
19 3.006343301227856e-06
19 5.803328098443594e-06
19 8.151960493291265e-07
19 6.525218563599951e-06
19 6.386860790975272e-06
19 2.569189611823138e-06
19 1.910859952903586e-06
19 6.769191135016599e-06
19 5.271562749659905e-06
20 1.819365079441136e-06
20 1.069147026637547e-06
20 6.416747998608934e-06
20 2.647795413451702e-06
20 5.07188119794513e-06
20 4.164084232232034e-06
20 4.510252730629659e-06
20 5.37629697174965e-06
20 7.593824708886375e-06
20 3.715777182595295e-06
20 1.761434759574223e-06
20 3.718615370140999e-06
20 5.294062963384999e-06
20 7.850226119606862e-06
20 4.951449808381826e-06
20 6.939501250012558e-06
20 6.810497041796521e-06
20 5.830437824124264e-06
20 6.624662973894372e-06
20 6.154740370076746e-06
20 6.005836714297045e-06
20 4.572188141330049e-06
20 2.529311810628881e-06
20 9.480976348095239e-07
20 5.116534960795257e-06
20 6.945413385897111e-06
20 5.043432693961484e-06
20 4.20698431765203e-06
20 9.585766631805094e-06
20 2.701441437104253e-06
20 6.535205720844479e-06
20 5.086592054993475e-06
20 8.566108897917957e-06
20 2.389151762812438e-06
20 3.387282446059799e-06
20 6.206383473434797e-06
20 3.876157291997735e-06
20 1.809182580013256e-06
20 1.861936896479964e-06
20 5.712563417020873e-06
20 6.966800916479662e-06
20 2.178853593438029e-06
20 7.81416479810076e-06
20 3.436054012827082e-06
20 7.887878030909751e-06
20 2.92018884345911e-06
20 8.195749400539452e-06
20 8.34097769037854e-06
20 6.127720352482986e-06
20 7.930674530173685e-06
20 1.005345008991138e-05
20 -6.345337284760745e-07
20 3.117639793852805e-06
20 2.000132603319924e-06
20 6.583909121019119e-06
20 7.058356094243267e-06
20 3.26586052452214e-06
20 3.668121559295794e-06
20 1.801464513184625e-06
20 8.135122656418357e-06
20 5.714446091703152e-06
20 1.814008278409277e-06
20 6.427636922571886e-06
20 1.10903843007622e-06
20 5.241564023696749e-06
20 1.05317007720201e-06
20 4.352767370549294e-06
20 2.000840038074464e-06
20 3.083970446467547e-06
20 5.151575855606396e-06
20 1.248130186930612e-06
20 2.343892182877961e-06
20 7.704248088631379e-06
20 3.199668246403696e-06
20 3.811794376103014e-06
20 2.916161506085162e-06
20 2.174961916485522e-06
20 4.33107139302188e-06
20 6.661790210277896e-06
20 1.675532356403453e-06
20 1.587540165798488e-06
20 6.773679272083245e-06
20 3.384746441062478e-06
20 2.966026632291925e-06
20 1.655053086710692e-06
20 3.926270200791353e-06
20 3.106259301129568e-06
20 8.045024675436131e-07
20 3.646214194326419e-06
20 3.13338340531901e-06
20 3.218835955717912e-06
20 3.546419954067603e-06
20 1.230785531484689e-06
20 5.978487264740763e-06
20 3.796260591849381e-06
20 6.645940606193212e-06
20 6.394650766386028e-06
20 5.508283616208894e-06
20 6.564753588652834e-06
20 4.413532502382793e-06
21 3.951505182258777e-06
21 7.341430341074952e-06
21 2.853172034101738e-06
21 6.574658646720835e-06
21 8.589361711544519e-06
21 6.557025858587453e-06
21 9.681481239594394e-07
21 3.777906538882242e-06
21 3.831093698082194e-06
21 7.180825184784129e-08
21 5.475104650577653e-06
21 3.120781374811374e-06
21 2.481290854067688e-06
21 5.505241682277244e-06
21 5.606223839404516e-06
21 2.882914131287921e-06
21 3.2828261125377e-06
21 4.744944132901779e-06
21 1.724325189819409e-06
21 5.77266749987974e-06
21 2.925689900619144e-06
21 4.150199684991123e-07
21 1.331170009229278e-06
21 7.218377523407689e-06
21 4.254175342537118e-06
21 2.037360139678826e-06
21 7.718376253770747e-06
21 -3.936909487544088e-07
21 1.820108890846865e-06
21 4.073541181254549e-06
21 4.775992289755262e-06
21 4.647928040718164e-06
21 3.907500351601756e-06
21 8.423444741504011e-06
21 2.43588204125765e-06
21 1.972335862956276e-06
21 3.434884734817351e-06
21 5.02511445831386e-06
21 4.216193289318692e-06
21 1.03663717157958e-06
21 2.296152656401143e-06
21 2.348411597027237e-06
21 3.405690751841257e-06
21 3.55575008109943e-06
21 2.486672808484942e-06
21 8.729484210556347e-06
21 4.871975525929677e-06
21 5.426741748145384e-06
21 4.012621394317953e-06
21 1.488181449266562e-06
21 8.447015824192348e-06
21 3.368901400740062e-06
21 2.010108477044042e-06
21 7.994817189331782e-06
21 2.365321913363755e-06
21 5.629961658250972e-06
21 -1.050090038263068e-06
21 4.614764167363786e-06
21 3.843831789637655e-06
21 5.87307226100398e-06
21 3.885595228393209e-06
21 2.533518423153111e-06
21 -2.052153904731774e-07
21 3.654667711389014e-06
21 4.389747171174713e-06
21 3.56675925991047e-06
21 3.208297127225041e-06
21 5.533128047873161e-06
21 1.62172731795412e-06
21 5.882981396065358e-06
21 2.019332640883658e-06
21 5.121369510221644e-06
21 -5.936567349587681e-07
21 3.573101376688987e-06
21 1.294390894177214e-06
21 3.401098719124367e-06
21 1.843826084202093e-06
21 4.707561844683121e-06
21 6.574427300809435e-06
21 4.179118294442705e-06
21 6.445499491702664e-06
21 6.180885911525294e-06
21 1.84152040225926e-06
21 3.582690627210217e-06
21 1.292302032692385e-06
21 4.131784573901793e-06
21 1.044997619665602e-06
21 7.264260201829511e-06
21 5.465787526656091e-06
21 8.345022862244828e-06
21 3.981873118401424e-06
21 2.821851907387883e-06
21 -4.256257216843027e-07
21 1.385480724251469e-06
21 5.201927783065314e-06
21 3.224626056070026e-06
21 1.428396940917563e-06
21 1.797097629395735e-06
21 1.731891108832431e-06
21 3.473939442879501e-06
22 3.870363009540542e-06
22 2.083761781327116e-06
22 6.560967903259996e-06
22 3.104502119667053e-06
22 3.52618112202471e-06
22 6.11725062131366e-06
22 1.707683243946806e-06
22 4.39896692890835e-06
22 5.790629703840518e-06
22 5.735201388366844e-06
22 3.081286760079719e-06
22 6.967442887895936e-06
22 4.4336688242815e-06
22 5.545278529341232e-06
22 3.445427037017977e-06
22 6.332728655387585e-06
22 -2.636742765256959e-06
22 6.215251123050295e-06
22 4.515717847717669e-06
22 3.367515593263808e-06
22 6.511832597345612e-06
22 6.609821855396101e-06
22 3.709618386051317e-06
22 2.340925998806059e-06
22 2.964110720409936e-06
22 2.03691254661847e-06
22 3.783133569511939e-06
22 1.83902110682355e-06
22 3.989656762863474e-06
22 7.471225725893021e-06
22 7.546951861025564e-06
22 3.842508969355295e-07
22 2.770564646064091e-07
22 5.870703027190287e-06
22 -1.08822115017414e-06
22 2.435829213861918e-06
22 3.882240161435918e-06
22 3.050649373050696e-06
22 -4.031433661878978e-07
22 6.019043133943621e-06
22 2.073954101352515e-06
22 8.509221421375083e-06
22 4.870605584163369e-06
22 4.955708338925952e-06
22 6.215090010851027e-06
22 7.062379354059156e-06
22 6.113983707937587e-06
22 -1.776586951840509e-07
22 2.051368517692068e-06
22 3.899974473222471e-06
22 4.682037786812946e-06
22 5.588553954012827e-06
22 3.810161760940092e-06
22 5.781060972105115e-06
22 5.087474816094569e-06
22 1.427142038051851e-06
22 5.796816595148183e-06
22 -1.265543956434972e-06
22 6.005760935904099e-06
22 3.364313036680946e-06
22 1.095613308378896e-05
22 2.530166074292221e-06
22 2.729614541351464e-06
22 3.11919563394401e-06
22 2.033278457445918e-06
22 3.80382319393488e-06
22 1.728218081532223e-06
22 5.016730994729664e-06
22 5.23687905232832e-06
22 7.419409924463317e-06
22 2.69446734244562e-06
22 6.352062643645535e-06
22 3.967076764305095e-06
22 2.975092430075197e-06
22 5.534427487664118e-06
22 2.713967253646411e-06
22 -2.008112140889163e-06
22 2.237611048389603e-06
22 8.858638438141159e-07
22 -1.32068777592312e-06
22 3.146375243729293e-06
22 4.739298145570898e-06
22 7.342057036287097e-06
22 3.831726344379834e-06
22 4.440848149301753e-06
22 3.447716900545878e-06
22 1.845737551780997e-06
22 4.014092703055221e-06
22 1.45124548748124e-06
22 5.123379028877351e-06
22 4.574587563651278e-06
22 6.219088654431566e-06
22 2.279344433506623e-06
22 3.920431863157127e-06
22 1.313137875986949e-06
22 3.666709006887933e-06
22 3.60275595487773e-06
22 2.008543579578638e-06
22 1.164832878018439e-06
22 4.509034020788049e-06
23 5.652326622806008e-06
23 3.197447939666127e-06
23 5.383913019119033e-06
23 5.447773451548891e-06
23 4.412868663069758e-06
23 7.83652043192364e-06
23 5.322972264874757e-06
23 7.215034158570791e-06
23 5.493601527393088e-06
23 2.257523681092796e-06
23 2.244544328619229e-06
23 6.634499457832707e-06
23 7.518317945080765e-06
23 9.600425386208892e-06
23 6.058179803131999e-06
23 7.210570938404083e-06
23 6.30524337533668e-06
23 7.272193781691232e-06
23 7.380615693935528e-06
23 6.763127918622382e-06
23 5.177981133143311e-06
23 8.08807486552998e-06
23 6.998566302363979e-06
23 5.962531338893982e-06
23 2.525616461676627e-06
23 6.077084706336348e-06
23 4.241881930134065e-06
23 5.413668982985821e-06
23 5.2060728042028e-06
23 2.997021174747887e-06
23 8.288450316312445e-06
23 4.872690947489666e-06
23 3.541748857664491e-06
23 4.506067604529475e-06
23 5.969079020190909e-06
23 8.22690346271056e-06
23 5.855051811413638e-06
23 5.495081181089138e-06
23 6.607053991956358e-06
23 4.311687696029442e-06
23 7.082331070905639e-06
23 7.839565080588812e-06
23 4.550529253853782e-06
23 6.222286700265388e-06
23 2.839934650833833e-06
23 2.742010679934426e-06
23 3.896999584840292e-06
23 1.024217388546532e-05
23 2.994209658605241e-06
23 8.293696346904451e-06
23 2.266276785560689e-06
23 9.732157589223768e-06
23 5.276826958446453e-06
23 5.128957584621449e-06
23 5.32864136200252e-06
23 4.335903956018623e-06
23 4.132580686046421e-06
23 7.041048174296073e-06
23 4.940255349462614e-06
23 9.973934577655956e-06
23 6.934780680422076e-06
23 3.888080512882431e-06
23 7.341347165925998e-06
23 4.264300106529627e-06
23 4.448473645364015e-06
23 3.481853504856166e-06
23 3.98653991894766e-06
23 7.996478792311793e-06
23 2.5966218406027e-06
23 6.430735562530752e-06
23 4.152701597034433e-06
23 6.173420390861818e-06
23 4.692093597319824e-06
23 6.575401080811406e-06
23 6.713336670222917e-06
23 3.483652333173201e-06
23 6.171640618035369e-06
23 6.187312535897511e-06
23 4.855115566444956e-06
23 4.877799153024229e-06
23 2.782520971485423e-06
23 5.247449475919344e-06
23 4.881163693459306e-06
23 6.836460289064295e-06
23 7.726779701222149e-06
23 2.761045532336833e-06
23 6.457183472379142e-06
23 5.303680303684296e-06
23 5.358830191635836e-06
23 2.505663731238523e-06
23 7.444868309768635e-06
23 6.310961193129351e-06
23 3.117870446732398e-06
23 3.273277017601304e-06
23 3.076346697300836e-06
23 4.156357068506614e-06
23 2.041383116195891e-06
23 4.256991455286387e-06
23 4.325493355393634e-06
23 2.107407692998705e-06
24 7.217406572310655e-06
24 6.564439081877258e-06
24 2.660570743958242e-06
24 2.143770171015126e-06
24 -1.39022508218533e-07
24 1.40330664718573e-06
24 3.840054577171784e-06
24 3.926444734674819e-06
24 1.629119339852505e-06
24 3.801442759727764e-06
24 1.610853977266278e-06
24 7.626080324270082e-06
24 -4.873124944524747e-07
24 6.315070516136283e-06
24 -1.465790937600994e-06
24 6.661105894900501e-06
24 4.293606118955794e-07
24 2.869520802621837e-06
24 5.670093243146008e-06
24 6.722455633954745e-06
24 3.756904090409368e-06
24 1.892140324779084e-07
24 5.832735806118741e-06
24 6.876743158356544e-06
24 2.334815654069895e-06
24 3.142536014456342e-06
24 3.224629154733203e-06
24 5.634391036670384e-07
24 1.392646069936215e-06
24 6.855656850766993e-06
24 -2.937190850954434e-07
24 2.99487100131499e-06
24 1.581407431350669e-06
24 7.130861703613186e-06
24 3.233900446450981e-06
24 5.818579661644992e-06
24 3.361880193818409e-06
24 3.208805643507741e-06
24 3.766190533046737e-06
24 1.591236462723091e-07
24 3.810883204078513e-06
24 3.359606980123418e-06
24 7.619251481976975e-06
24 4.011988927937279e-06
24 4.966332428535431e-06
24 1.400124771524579e-06
24 2.474766282397362e-06
24 3.619225850568974e-06
24 1.24633774590007e-06
24 5.159651895099662e-06
24 8.165192630460369e-06
24 -1.225431994832907e-06
24 6.448090116709979e-06
24 4.331305670466582e-06
24 7.169455119935645e-06
24 5.426888279460078e-06
24 4.768044702085224e-06
24 3.232445341528393e-06
24 4.030791592353803e-06
24 4.145805932988114e-06
24 2.888817518986565e-06
24 1.411549010167809e-06
24 8.333589135578813e-06
24 6.253122848775774e-06
24 2.67044016913622e-06
24 2.413888823631841e-06
24 5.994501415090172e-06
24 2.832706037512728e-06
24 1.062855164163054e-06
24 6.098307435272953e-06
24 4.344981365795801e-06
24 3.213687974516784e-06
24 1.677308742681438e-06
24 2.748188391823965e-06
24 -1.021534673975637e-06
24 4.434899995964048e-06
24 5.877397847069538e-06
24 5.9353909874886e-07
24 4.416762118098344e-06
24 4.072737027902092e-06
24 4.4608308408448e-06
24 3.640491786496545e-06
24 8.153718117207467e-06
24 4.984006860685435e-06
24 1.41063934056005e-06
24 3.807584598024241e-06
24 3.81537999802723e-06
24 5.648509816594763e-06
24 3.461169005120393e-06
24 -5.550127704849616e-08
24 9.088404946641403e-07
24 4.076913176537026e-06
24 2.801765879397114e-07
24 2.671878661043923e-06
24 3.064270501729398e-06
24 4.203494235482939e-06
24 1.666280791415858e-06
24 5.380246278290472e-06
24 6.149624442417688e-06
24 -1.893220427852321e-06
25 8.92886896918756e-06
25 3.940109530692864e-06
25 6.666881756265297e-06
25 5.120326005598406e-06
25 6.889512079803715e-06
25 8.449458370419153e-06
25 5.732397957763157e-06
25 5.628687809659283e-06
25 7.383926561639471e-06
25 2.44807175692721e-06
25 3.445071173568564e-06
25 9.516704350570278e-06
25 2.068826107213103e-06
25 4.748277905530021e-06
25 2.458385136323119e-06
25 3.251606449125977e-06
25 6.705233754561496e-06
25 3.211643986743928e-06
25 7.532914453430604e-06
25 7.020305283397317e-06
25 7.310560173930685e-06
25 6.409257299695016e-06
25 6.862836356253641e-06
25 7.486970455301569e-07
25 7.257788777761986e-06
25 6.33712337669646e-06
25 1.007876337412632e-05
25 7.630235305631471e-06
25 7.911110378967751e-06
25 7.6528825904741e-06
25 4.876976661995461e-06
25 4.741852300115464e-06
25 6.301958752637794e-06
25 6.737939509673382e-06
25 4.975299664355778e-06
25 4.781147835075792e-06
25 6.802080096288252e-06
25 1.018099722440941e-05
25 8.145266208380006e-06
25 4.967742566536052e-06
25 4.807165327760421e-06
25 6.436269279772016e-06
25 5.777332409846901e-06
25 4.985484409302488e-06
25 8.383059340260611e-06
25 6.605245819720737e-06
25 1.969991572011971e-06
25 7.504337953736226e-06
25 5.788337715770336e-06
25 2.693215941295452e-06
25 6.77613416889597e-06
25 6.600908841779252e-06
25 9.038154092472666e-06
25 1.964730933160533e-06
25 6.521515832382225e-06
25 7.791943277594666e-06
25 3.65904077741331e-06
25 9.789215735821414e-06
25 7.172196103486298e-06
25 5.038719307395766e-06
25 5.154818642901673e-06
25 7.909846737189848e-06
25 3.521869264089942e-06
25 6.022735723946352e-06
25 8.11648540575266e-06
25 2.244064132082844e-06
25 3.125190417818575e-06
25 1.075467433478903e-05
25 4.383357897258708e-06
25 5.098394921681759e-06
25 7.019058475745786e-06
25 3.883532013002683e-06
25 3.43091168891842e-06
25 7.018138886442356e-06
25 8.280008056308627e-06
25 8.986442327851651e-06
25 4.320062953354521e-06
25 2.044691446935866e-06
25 1.020912407902558e-05
25 4.924430030945383e-06
25 1.083114614268663e-05
25 7.000250757080494e-06
25 9.21327716121046e-06
25 9.522039905300915e-06
25 7.415437057504746e-06
25 4.713553937803049e-06
25 8.354146469153284e-06
25 2.976619800628305e-06
25 3.996990057702785e-06
25 6.342421386195832e-06
25 7.517830220936401e-06
25 4.560778507466057e-06
25 7.369131980654575e-06
25 2.018276044761562e-06
25 7.538807697568137e-06
25 7.67740946601266e-06
25 4.805078941970474e-06
25 2.825183835276523e-06
25 6.177887628292404e-06
25 5.349819090235409e-06
26 2.12939245134193e-06
26 9.57916641537811e-06
26 5.778111669056506e-06
26 7.849929024911957e-07
26 -2.481220439172805e-06
26 3.506709870441404e-06
26 -7.949688865199743e-07
26 3.231890657528046e-06
26 7.307734230055696e-06
26 4.429320073393752e-06
26 1.292973190025589e-06
26 -1.077242116454723e-06
26 2.477976139688347e-06
26 -1.496611719331713e-06
26 6.64385576873348e-06
26 4.558159131226113e-06
26 7.022058872745503e-06
26 3.22981009885434e-06
26 6.887172234941052e-06
26 2.804567524836272e-06
26 3.256901374103781e-07
26 6.98887519293047e-06
26 1.048792828019881e-06
26 6.099766907901235e-06
26 2.054205853444521e-06
26 3.19585698616833e-06
26 1.811737441716993e-06
26 4.549696179687311e-06
26 3.961588488449954e-06
26 2.607652640031891e-06
26 2.838396580004356e-06
26 5.692207114708989e-06
26 3.387864844066508e-06
26 2.863923771471848e-06
26 4.981197229841003e-06
26 1.579014663379717e-06
26 -1.938882631181149e-06
26 3.274234947684746e-06
26 4.203559515027003e-06
26 -3.030232195702771e-06
26 4.129207386501583e-06
26 -1.369391967569457e-06
26 3.201578214177219e-06
26 4.291432083610669e-06
26 2.322396099426911e-06
26 -1.322494727352608e-06
26 2.165794491435034e-06
26 4.464339709447497e-06
26 4.078135419267835e-06
26 3.315869604307591e-06
26 2.341999464974233e-06
26 5.198054281952233e-06
26 2.307011493404735e-06
26 5.974879935552286e-06
26 5.889163850933988e-06
26 2.823185993523685e-06
26 2.128495817028903e-06
26 3.089992148018518e-06
26 6.33481583625833e-06
26 5.476619706678878e-07
26 6.10426966995131e-07
26 1.281066550320004e-06
26 8.758429635869013e-06
26 1.937382899782721e-06
26 7.961256498961023e-07
26 1.6902683472806e-06
26 3.515984592325831e-06
26 1.630329683551104e-06
26 1.197913774558461e-06
26 6.441850452387495e-06
26 6.587733354402371e-06
26 1.519234492552201e-06
26 -2.050919615145721e-06
26 4.150217673826223e-06
26 2.370590359703778e-06
26 -2.008030645626153e-06
26 8.111935887121194e-06
26 2.232801555681333e-06
26 3.465429748924202e-06
26 6.255670696275221e-06
26 2.041049878419192e-06
26 1.002780596375615e-06
26 1.519914131426477e-06
26 1.376651951947746e-06
26 3.959937529167561e-06
26 5.832545203332595e-06
26 1.126829000307882e-05
26 4.385986170094812e-06
26 2.150555466721681e-06
26 1.776652062771685e-06
26 3.735258007240086e-06
26 1.001125915094913e-06
26 -2.484093390753054e-06
26 3.643622110314572e-06
26 2.083585864890562e-06
26 1.628148036180582e-07
26 -9.551622725989169e-08
26 3.897802120142271e-06
26 3.495299918291717e-06
26 -5.461961281557942e-06
27 5.433520338378413e-06
27 3.187434643208627e-06
27 9.73004756414027e-06
27 4.987344043796534e-06
27 2.085311117646992e-06
27 7.942636718416516e-06
27 5.642057344315022e-06
27 1.187472890480152e-05
27 8.411010204739162e-06
27 8.920747990280099e-06
27 8.3140904311315e-06
27 6.648314647000409e-06
27 1.021840897754631e-05
27 3.810065283596204e-06
27 1.222666186566639e-05
27 9.425484684673495e-06
27 5.710900259214816e-06
27 8.261052944967666e-06
27 1.342218571732224e-05
27 4.112081364641347e-06
27 1.102703788972687e-05
27 7.560298128948011e-06
27 9.913528257695218e-06
27 9.304061060183678e-06
27 7.824952868949897e-06
27 6.832009049431522e-06
27 7.529047602100493e-06
27 6.895708243277787e-06
27 7.760705725931248e-06
27 7.623636304267495e-06
27 1.024775338430123e-05
27 7.850561549854623e-06
27 1.014204706768406e-05
27 4.163847955051967e-06
27 4.142201649840321e-06
27 5.834427109873606e-06
27 4.600735221658642e-06
27 7.298514110040742e-06
27 9.898776771481823e-06
27 6.19647479455222e-06
27 1.013980157779156e-05
27 7.199375666788175e-06
27 7.757709743802955e-06
27 3.609757253918913e-06
27 5.618003361963585e-06
27 7.267864068370355e-06
27 7.61627895886815e-06
27 5.19314563885598e-06
27 9.580190142151361e-06
27 6.117115066275943e-06
27 8.283586912080904e-06
27 5.670447355461971e-06
27 6.175024537025249e-06
27 6.772551846982717e-06
27 1.220031215072829e-05
27 8.627872300241279e-06
27 8.244688994495554e-06
27 6.557746014098446e-06
27 1.387308252569858e-05
27 4.451813300059921e-06
27 5.552853063827903e-06
27 3.118882963516179e-06
27 1.000481827168145e-05
27 1.610047577633728e-05
27 1.28734477678553e-05
27 4.512505581038132e-06
27 1.062301529547939e-05
27 6.778276292959213e-06
27 8.069554886693497e-06
27 1.138221238006874e-05
27 7.238374805508332e-06
27 1.674517672515365e-06
27 5.776816284175125e-06
27 6.934410223315786e-06
27 2.29805952250018e-06
27 8.233112758649922e-06
27 9.959191528786604e-06
27 7.862263100033112e-06
27 5.587250410809974e-06
27 5.941287383807861e-06
27 7.286671761071925e-06
27 3.828657709296628e-06
27 9.847563785051538e-06
27 1.040703782242213e-05
27 3.591061243120435e-06
27 5.93456015554155e-06
27 3.316511619752744e-06
27 1.276488311909612e-05
27 1.144041325528016e-05
27 8.825908826169396e-06
27 6.846564055460687e-06
27 5.957735167231638e-06
27 6.449317916130302e-06
27 1.562341954562179e-05
27 3.735018634308431e-06
27 1.02221427942812e-05
27 7.302701216162806e-06
27 4.674791085140522e-06
27 1.087182738275263e-05
27 5.428807927697905e-06
28 -2.981639105092343e-06
28 2.810993753594462e-06
28 4.222737261340206e-06
28 3.00049732673028e-06
28 2.011956995819637e-06
28 5.006299820305272e-06
28 4.528610040510129e-06
28 1.46601473510662e-06
28 5.497818786641635e-06
28 -1.012080419338353e-06
28 -5.87322276325258e-07
28 4.50937776363803e-06
28 3.956273021892142e-07
28 1.959843604726485e-07
28 2.463980344761522e-06
28 1.243343378639247e-06
28 4.587917949142835e-06
28 5.514605537919748e-06
28 6.716455203822031e-06
28 5.203068262484394e-06
28 4.390423534899607e-06
28 1.949881721169886e-06
28 3.542158710165236e-06
28 3.560776388660894e-06
28 9.23869392178328e-06
28 1.399490265049858e-06
28 5.862461736833296e-07
28 -2.535506442354599e-07
28 4.584689426642653e-06
28 1.617026524856322e-06
28 4.059620871104208e-06
28 9.371576651505631e-06
28 -5.269945746035692e-07
28 3.21026725523194e-06
28 3.537780671362973e-06
28 1.18775317129702e-06
28 2.813624992698604e-06
28 2.026800394150113e-07
28 2.022886077485783e-06
28 2.436683716444025e-06
28 6.528022068396285e-06
28 3.247969760492165e-06
28 6.56886037484805e-08
28 5.352272174164176e-06
28 1.39103357917905e-06
28 2.484344364944531e-06
28 2.882856426218099e-06
28 5.643737269604388e-06
28 3.967806305262248e-06
28 5.055872924273932e-06
28 4.00641359136402e-06
28 6.793791702933429e-06
28 -1.513026913174227e-07
28 8.461170973002146e-06
28 3.041932099580464e-06
28 3.244142266928964e-06
28 4.893020534763626e-06
28 5.765989815724412e-06
28 1.99879937033601e-06
28 -8.144762204299533e-07
28 4.189270404758848e-06
28 5.145997699542619e-06
28 1.126636271035918e-06
28 2.238390908948456e-06
28 5.554725646005439e-06
28 3.688678787117428e-06
28 1.149230438048317e-06
28 2.93372800248706e-06
28 5.387488159997936e-06
28 4.681145016596914e-06
28 5.295062258340707e-06
28 7.726763619268213e-07
28 3.347626913223534e-06
28 1.506588433990039e-06
28 4.433068335903406e-06
28 1.103529854222986e-06
28 2.345367491512621e-06
28 4.090033148643194e-06
28 3.85062148354494e-06
28 -3.298846900735715e-07
28 4.929267561745317e-06
28 6.021580524472904e-06
28 4.176595241798662e-06
28 3.812540777305239e-06
28 8.332475492361409e-06
28 -1.937034950992502e-06
28 7.20986776453461e-06
28 4.456973549476213e-06
28 3.789639077834153e-06
28 2.086194706805299e-06
28 4.311977567646353e-06
28 3.335725746379479e-06
28 4.258148129978018e-06
28 8.930901406143915e-07
28 3.061997893682212e-06
28 2.804625689430998e-06
28 2.172939410885368e-06
28 2.755364006570471e-06
28 2.523026307526246e-06
28 3.212542186849105e-06
29 8.682418293073252e-06
29 1.06113478946099e-05
29 8.352493879106703e-06
29 1.102363196595689e-05
29 8.286747889088106e-06
29 1.159015122906127e-05
29 1.162367470674317e-05
29 1.090901342101257e-05
29 4.17820682386981e-06
29 6.689501301226657e-06
29 1.26550218060884e-05
29 8.923589489896623e-06
29 1.024886055723874e-05
29 6.260064736149917e-06
29 1.250351104301731e-05
29 8.989365324811798e-06
29 1.197076999927643e-05
29 1.323123913407583e-05
29 8.651533186635815e-06
29 1.129514294852526e-05
29 1.18190618923529e-05
29 1.007555531513039e-05
29 1.123762050684333e-05
29 8.010031805869608e-06
29 1.355481943297231e-05
29 8.499938607485255e-06
29 8.43252019126329e-06
29 1.334934298992981e-05
29 1.005976749145762e-05
29 9.688488615537866e-06
29 9.339488077236345e-06
29 1.056013409659908e-05
29 1.118955360386489e-05
29 3.954683095921054e-06
29 6.227506491776512e-06
29 8.824839706674415e-06
29 1.406710332043609e-05
29 7.888907686170816e-06
29 5.963739816132693e-06
29 5.918801815279675e-06
29 7.202587584754668e-06
29 1.004299851257806e-05
29 1.384129389705687e-05
29 1.081830323011131e-05
29 8.223620441385837e-06
29 7.038655647077928e-06
29 5.921764995514741e-06
29 9.721820108051812e-06
29 6.604018752656976e-06
29 9.547860113893128e-06
29 1.107443026765009e-05
29 1.296577698798603e-05
29 7.478389572970609e-06
29 7.309442176707064e-06
29 8.415244759627908e-06
29 3.693614814836646e-06
29 1.122282044751913e-05
29 1.123303809716253e-05
29 1.137640638045507e-05
29 1.054069195835188e-05
29 1.027504851889329e-05
29 1.206551616725925e-05
29 1.299415396720713e-05
29 7.730527206117985e-06
29 1.071508840552427e-05
29 8.707911588335447e-06
29 8.746528549163958e-06
29 7.748589039784126e-06
29 8.176245917527494e-06
29 9.572065098482752e-06
29 9.821114454060954e-06
29 1.328953312446307e-05
29 9.531837271383205e-06
29 1.013575677073637e-05
29 9.175350758054405e-06
29 7.061047359666486e-06
29 1.329353014983619e-05
29 9.912323978081073e-06
29 4.505254647268511e-06
29 1.074503456819782e-05
29 8.22632443727836e-06
29 1.234473403607245e-05
29 1.168642563453847e-05
29 8.183463831658366e-06
29 1.453025281577915e-05
29 7.970276241426599e-06
29 1.076102380319838e-05
29 1.494440545260359e-05
29 6.589290165803573e-06
29 1.017625293206036e-05
29 1.158197309474979e-05
29 1.269386849163714e-05
29 1.193923579929623e-05
29 1.332107903684623e-05
29 1.076995796879253e-05
29 1.217361876568853e-05
29 7.391493584165146e-06
29 1.077114648202091e-05
29 5.28520847494215e-06
29 6.240050927015595e-06
30 8.474755691544515e-06
30 1.268735168609073e-05
30 1.074643103381607e-06
30 3.044926411163915e-06
30 3.579016971526095e-06
30 1.054302711714125e-05
30 5.274120080012209e-06
30 7.318508319924311e-06
30 5.40795587969086e-06
30 8.344264494567018e-08
30 4.318503035832594e-06
30 6.783591484386335e-06
30 9.583957785902328e-06
30 5.986300329431812e-06
30 7.432097303612105e-06
30 6.884994829712989e-06
30 4.105230908722622e-06
30 1.810082403320246e-06
30 9.713836764304309e-06
30 4.694467814539626e-06
30 7.040111275802027e-06
30 4.884224283360938e-06
30 8.173715344195671e-06
30 5.717155810398566e-06
30 4.740574931260894e-06
30 2.028255304875075e-06
30 6.119756270307937e-06
30 5.660610185906867e-06
30 4.007191762258445e-06
30 6.159375363240912e-06
30 3.609900732743021e-06
30 2.497582856171051e-06
30 7.149642704645678e-06
30 6.785479247575902e-06
30 7.026448701609671e-06
30 9.054114179541394e-06
30 6.067414595930254e-06
30 5.013874683438276e-06
30 6.41279550265078e-06
30 6.775674196444987e-06
30 4.945544721522442e-06
30 5.534539492053181e-06
30 3.313619351716893e-06
30 4.531241327615776e-06
30 4.754873534164292e-06
30 4.798294937280705e-06
30 6.791690959311326e-06
30 6.482990748333783e-06
30 3.579324646950924e-06
30 2.41580941830779e-07
30 6.84278018232943e-06
30 5.130168447891296e-06
30 6.643180942241568e-06
30 5.618206313219543e-06
30 3.757000588721829e-06
30 7.563314992485061e-06
30 8.302792454969002e-06
30 4.298619666879387e-06
30 3.765845148998844e-06
30 3.739601616483595e-06
30 6.638574007101535e-06
30 8.026135854782004e-06
30 5.327012809580683e-06
30 7.99428172642018e-06
30 4.868775155149475e-06
30 5.926570925148256e-06
30 5.207821409960617e-06
30 7.651479332006444e-06
30 8.412117853187276e-06
30 -1.112579221523832e-06
30 3.607823299378992e-06
30 4.097312346911985e-06
30 8.18328818223812e-06
30 9.832927546924827e-06
30 3.891153901229839e-06
30 6.792509271343422e-06
30 9.42439501694382e-06
30 7.092279820153741e-06
30 4.572665669383936e-06
30 8.755702288197976e-06
30 3.816447088481717e-06
30 1.036043369894563e-05
30 6.100144399755035e-06
30 6.012796438665637e-06
30 9.791104887004259e-06
30 8.059062718281424e-06
30 2.288602565283699e-06
30 5.012257820112613e-06
30 2.550655198638918e-06
30 4.070122057042644e-06
30 2.506713870555429e-06
30 8.455633938363227e-06
30 4.781364738576266e-06
30 5.487029134357969e-06
30 6.349277113905056e-06
30 6.589499067341669e-06
30 6.015173773824853e-06
30 3.44101794286675e-06
30 2.620230987133826e-06
30 4.561501257638827e-06
31 2.012529144028504e-05
31 1.473840105722765e-05
31 1.844846569641097e-05
31 1.713232371232895e-05
31 1.433693284856517e-05
31 1.687415281820593e-05
31 1.336895881215325e-05
31 2.493869205212859e-05
31 1.445540027519644e-05
31 1.738661335209774e-05
31 1.518102975465924e-05
31 2.055699172070967e-05
31 1.708258394865869e-05
31 1.998262294874162e-05
31 1.639638496978072e-05
31 1.987660672473456e-05
31 1.710628969970737e-05
31 1.631701127250621e-05
31 1.531066362646758e-05
31 1.915481257437673e-05
31 1.078888363478058e-05
31 7.840481107397933e-06
31 1.546146048426122e-05
31 1.604514836054906e-05
31 1.830596888990152e-05
31 1.364830696996768e-05
31 1.930575840253381e-05
31 1.831858188321961e-05
31 1.643484667159139e-05
31 1.525445161042014e-05
31 1.460221294462771e-05
31 1.647973900050728e-05
31 1.604317269475294e-05
31 1.415610230190041e-05
31 1.621456558772228e-05
31 1.623139199868535e-05
31 2.505493950309341e-05
31 2.016494947427122e-05
31 1.510775810427886e-05
31 1.756382876648093e-05
31 1.684954606175357e-05
31 1.507939794761078e-05
31 1.524274284493151e-05
31 1.872197720813731e-05
31 1.6755683174354e-05
31 2.03465730296907e-05
31 1.941981383040232e-05
31 1.249226931784202e-05
31 1.450071604501672e-05
31 1.048633259274835e-05
31 1.628268155755893e-05
31 1.783963789910522e-05
31 1.598488275261977e-05
31 1.637938166309079e-05
31 1.836351235529171e-05
31 1.652100040115163e-05
31 1.859945853914439e-05
31 2.24605959993929e-05
31 1.718752142340546e-05
31 1.353808769932926e-05
31 1.755935829885416e-05
31 1.473605855117146e-05
31 1.684322605762417e-05
31 1.571524600561253e-05
31 1.900482740225313e-05
31 1.357863556885172e-05
31 2.018256111955479e-05
31 1.613992416788555e-05
31 1.611490367601116e-05
31 1.167162218158606e-05
31 2.295557662559318e-05
31 1.845645241631201e-05
31 1.666761287266594e-05
31 1.192048526751608e-05
31 1.593173491008489e-05
31 1.116083846650651e-05
31 1.776356703784944e-05
31 1.280091143806777e-05
31 2.04464738958271e-05
31 1.486276177430846e-05
31 1.966565756650267e-05
31 2.052492953195308e-05
31 1.684697140444104e-05
31 1.53729200886872e-05
31 1.752805361283902e-05
31 1.640221665712174e-05
31 1.819066690534262e-05
31 1.959926154260347e-05
31 1.608168167148091e-05
31 1.750026649492819e-05
31 1.688591718713056e-05
31 1.669999055629568e-05
31 1.473018179733993e-05
31 1.304017770165665e-05
31 1.758038270479817e-05
31 1.771823248224433e-05
31 1.777918526051698e-05
31 1.925545900681149e-05
31 2.027985613885252e-05
31 1.78807236806622e-05
32 9.708211480122928e-06
32 1.389736443734109e-05
32 1.104378064030876e-05
32 1.233059851071936e-05
32 1.15331606786604e-05
32 1.188236406731139e-05
32 1.115010732732173e-05
32 1.007097044102417e-05
32 1.277371918641665e-05
32 9.35030236928412e-06
32 1.26622590767059e-05
32 1.524734685340904e-05
32 1.040495455778344e-05
32 9.401939551390595e-06
32 1.08824386861027e-05
32 1.020617490726812e-05
32 1.020081926428432e-05
32 1.695580133531752e-05
32 1.285079795933757e-05
32 1.189306399162307e-05
32 1.087293263458609e-05
32 1.343565036168625e-05
32 1.367377328548164e-05
32 1.34811176624421e-05
32 1.566452415666204e-05
32 1.602435560693224e-05
32 1.155910840004645e-05
32 1.095847556739212e-05
32 5.755493764799196e-06
32 1.510448475883826e-05
32 1.834274047009631e-05
32 1.413762823048089e-05
32 1.29035266023696e-05
32 1.291445684615279e-05
32 1.192498536347853e-05
32 1.479601368682491e-05
32 1.221507083962624e-05
32 1.510177417055074e-05
32 1.748820273011339e-05
32 1.189710063122511e-05
32 1.356246511110479e-05
32 1.165978724995694e-05
32 1.421148126743588e-05
32 6.975406868835879e-06
32 1.302068310627059e-05
32 1.402798705511362e-05
32 8.074653126687032e-06
32 9.682386646711729e-06
32 1.516698686343041e-05
32 8.918348312403506e-06
32 1.212384804454e-05
32 1.179981794483763e-05
32 1.235806138838831e-05
32 1.056658393964991e-05
32 8.979330058546663e-06
32 1.379625784241291e-05
32 9.617477195127661e-06
32 1.446470656072659e-05
32 1.430529087299479e-05
32 1.209450598564568e-05
32 1.453061922208924e-05
32 1.532143368853858e-05
32 1.279703641128273e-05
32 1.05826657731663e-05
32 1.171992992900466e-05
32 1.107240494815552e-05
32 1.371340663110518e-05
32 1.313037986838433e-05
32 5.072990502878786e-06
32 1.327931922111471e-05
32 1.324064048773796e-05
32 1.243486699867244e-05
32 1.063007027014795e-05
32 7.964896534263646e-06
32 1.284536122929491e-05
32 8.886943550934743e-06
32 8.662259947415276e-06
32 1.240170225968807e-05
32 1.134318479640341e-05
32 1.338731147437643e-05
32 1.316785675257549e-05
32 1.226980127391658e-05
32 1.055577912857832e-05
32 1.265567678943294e-05
32 7.414265758329987e-06
32 1.0786552344554e-05
32 1.271000862958248e-05
32 9.822123687403645e-06
32 1.290884158203791e-05
32 1.274033390973376e-05
32 1.07085116869902e-05
32 1.15200343639853e-05
32 1.423677257012893e-05
32 9.609660298997553e-06
32 1.512944286754389e-05
32 1.340268765938852e-05
32 1.544565700262076e-05
32 7.09577698195007e-06
32 1.285489906405321e-05
32 1.397745983073835e-05
33 3.879723618352514e-05
33 4.456985603064259e-05
33 4.634119757363436e-05
33 3.844787375628818e-05
33 3.943096886907815e-05
33 4.064958773666449e-05
33 3.609126215363604e-05
33 4.011074436334407e-05
33 4.298787055689189e-05
33 4.398346757641147e-05
33 3.972667296979723e-05
33 4.283544025965025e-05
33 4.063177932258761e-05
33 3.947084909243276e-05
33 4.078397728140124e-05
33 3.973412981076661e-05
33 3.988322090822019e-05
33 3.780482716253439e-05
33 3.862159633128209e-05
33 3.669183837629626e-05
33 4.310138825830345e-05
33 3.625606783259409e-05
33 3.767558324303347e-05
33 4.071194609210045e-05
33 3.754906945012529e-05
33 3.817459144236507e-05
33 4.065445899002706e-05
33 4.088472741788148e-05
33 3.870559526088126e-05
33 4.486644280491923e-05
33 4.154549300031299e-05
33 3.999605862419992e-05
33 3.537201332878453e-05
33 4.250911709703743e-05
33 3.969680756115006e-05
33 4.182195058027845e-05
33 3.780445342907753e-05
33 3.785347145836508e-05
33 3.984641774699354e-05
33 3.61733722806359e-05
33 3.595636974544128e-05
33 4.480057570081975e-05
33 3.865250717396397e-05
33 4.283253272416647e-05
33 4.299287672824228e-05
33 3.967679325813108e-05
33 3.999614042188203e-05
33 4.040288614924794e-05
33 4.286109337692142e-05
33 3.919357733333957e-05
33 3.652434172205005e-05
33 4.45138034499534e-05
33 4.37267036623707e-05
33 3.977521634345219e-05
33 3.54724057943191e-05
33 3.807788648541164e-05
33 4.267071460398821e-05
33 4.045389672549915e-05
33 3.970547507799641e-05
33 4.104780052152014e-05
33 3.871475289273671e-05
33 4.172217455819687e-05
33 4.20164982565291e-05
33 3.787541622996954e-05
33 3.874227639480468e-05
33 4.316887691644901e-05
33 4.535332683378624e-05
33 4.313394902565816e-05
33 3.699937455074185e-05
33 3.898439856592312e-05
33 4.043311837119763e-05
33 3.791627315293335e-05
33 4.478661938426074e-05
33 4.543415374355841e-05
33 3.627848089362769e-05
33 3.540756763932153e-05
33 4.903482748950255e-05
33 3.428612474818319e-05
33 3.645823723983751e-05
33 3.675656595326451e-05
33 4.334242673099438e-05
33 4.34081180227969e-05
33 3.735446477854708e-05
33 3.872817919299765e-05
33 4.59722726173323e-05
33 4.837404480949912e-05
33 3.917517647918792e-05
33 4.213372778520339e-05
33 4.142191570436749e-05
33 3.874030869400261e-05
33 4.410401618252677e-05
33 3.847063049705989e-05
33 3.750650456266875e-05
33 4.053522828608391e-05
33 3.764511013376355e-05
33 3.367634054004483e-05
33 4.292345130077621e-05
33 4.293841906249882e-05
33 3.794586288496117e-05
33 4.279729857659487e-05
34 2.934628884815838e-05
34 3.187456358140664e-05
34 2.595707059086921e-05
34 2.872427703170595e-05
34 2.977122178137644e-05
34 2.838198537067516e-05
34 2.42913291396038e-05
34 3.061860626969924e-05
34 2.591333413672434e-05
34 2.574882058566113e-05
34 2.704409645394584e-05
34 2.596720496873629e-05
34 2.689147198135789e-05
34 2.913337241312465e-05
34 3.161744422525967e-05
34 2.814362369784967e-05
34 2.698914647731719e-05
34 2.726768825570916e-05
34 2.598796290569494e-05
34 2.498517641156935e-05
34 3.190198818937809e-05
34 2.696659338875273e-05
34 2.905058196894878e-05
34 2.837953609994089e-05
34 2.641890020685977e-05
34 2.913910124705654e-05
34 2.914288970940225e-05
34 2.961318340721656e-05
34 3.052563789414892e-05
34 2.792511528783713e-05
34 3.317361786406838e-05
34 2.654973065758289e-05
34 2.984491794747869e-05
34 2.757815880706536e-05
34 2.867131192423157e-05
34 3.541931163850818e-05
34 2.994924936399691e-05
34 2.743781987634305e-05
34 3.491269542294559e-05
34 2.308550839455901e-05
34 2.655124403015215e-05
34 2.922531038219367e-05
34 2.580786690975889e-05
34 2.92530377183845e-05
34 2.857983853654984e-05
34 3.113364733361839e-05
34 3.395533106120609e-05
34 2.680877218476701e-05
34 2.968372204827495e-05
34 2.60866958942339e-05
34 2.979690541600618e-05
34 2.507470146818546e-05
34 3.24014442282257e-05
34 2.726352706973664e-05
34 2.284757449088222e-05
34 2.756822005695963e-05
34 3.016227314434554e-05
34 3.126737962240828e-05
34 2.655455764316584e-05
34 2.992812087807219e-05
34 2.75044340478931e-05
34 2.545929669590647e-05
34 2.757846853717933e-05
34 2.87475800749767e-05
34 2.949563431843634e-05
34 2.726269273837404e-05
34 2.646859475820098e-05
34 2.946071745740724e-05
34 2.678427474591099e-05
34 3.095026400057848e-05
34 3.51646504755778e-05
34 2.758908564752117e-05
34 2.887058142208707e-05
34 2.64588225996049e-05
34 3.113732218033795e-05
34 2.84888018336275e-05
34 2.652708151093157e-05
34 2.944688001979285e-05
34 2.497232782499259e-05
34 2.625111889940681e-05
34 2.54283906402063e-05
34 2.774747959961406e-05
34 3.304675081657195e-05
34 2.30264792282963e-05
34 2.856965930832629e-05
34 3.203787280851238e-05
34 2.554702931062231e-05
34 3.173339027965438e-05
34 2.558549425184334e-05
34 2.647570183035152e-05
34 3.196096932969708e-05
34 2.703080566075305e-05
34 2.669033608286616e-05
34 2.997965037995026e-05
34 2.716732787018979e-05
34 2.435627274653158e-05
34 3.134847569669444e-05
34 3.116821570508257e-05
34 2.696740060771403e-05
34 3.044966794691516e-05
35 0.0001160553367635695
35 0.0001182899666648837
35 0.0001257302049413847
35 0.0001149662504308746
35 0.0001153028808176851
35 0.0001160175209356109
35 0.0001165447687164439
35 0.0001158682320300656
35 0.0001217792421946605
35 0.0001240543066991176
35 0.000116894512313134
35 0.0001163738070190111
35 0.0001165273564126118
35 0.0001193137218959906
35 0.0001181845344334367
35 0.0001202899301696616
35 0.0001177041812369977
35 0.0001202031288210422
35 0.0001129437503006709
35 0.00011326298705892
35 0.0001227900546844666
35 0.0001156552521279409
35 0.00011551545891338
35 0.0001127841973284267
35 0.0001177396466306809
35 0.0001151131244698417
35 0.0001158828800643668
35 0.0001141717908806305
35 0.000116534608821402
35 0.0001118291075648703
35 0.0001160386608850559
35 0.0001204342436916099
35 0.0001162425001401313
35 0.0001186659716319607
35 0.0001194788152109359
35 0.0001170788062639456
35 0.0001193346255834637
35 0.0001123787467819783
35 0.0001130198665062655
35 0.000121225850554953
35 0.0001212395199410636
35 0.0001138074444304782
35 0.0001136826279379193
35 0.0001218569869862246
35 0.0001169116609651297
35 0.0001141348947905306
35 0.0001196628967926508
35 0.000117279697257388
35 0.0001155644535390475
35 0.0001221090887790625
35 0.0001193650347939218
35 0.0001166302396107125
35 0.0001157218273197657
35 0.0001181532879105064
35 0.0001166105326767507
35 0.0001167715587104713
35 0.0001165804990243292
35 0.0001186309228039537
35 0.0001132810714623968
35 0.0001233038048361082
35 0.0001231947292454605
35 0.0001193400634934485
35 0.0001156743778852868
35 0.000117083941081026
35 0.0001166615232064486
35 0.0001141057111593283
35 0.0001175061860363674
35 0.0001137204774972445
35 0.0001213012112720968
35 0.0001137986127245486
35 0.0001207210103522305
35 0.0001182358610603316
35 0.0001164785716898146
35 0.0001202610079486505
35 0.0001138980151848926
35 0.00011743172046553
35 0.0001161671033864102
35 0.0001166799922616192
35 0.0001145496930591022
35 0.0001131666002500984
35 0.0001157187072359768
35 0.0001172942541625871
35 0.0001134606826094113
35 0.0001194041515275852
35 0.0001165730857618873
35 0.0001154301934909161
35 0.0001174401003576476
35 0.00011918673562836
35 0.0001166192281363535
35 0.0001135173975929031
35 0.0001145399985791759
35 0.00011868721769701
35 0.0001150486535745114
35 0.0001197905458571656
35 0.0001189554618265052
35 0.0001163513445504365
35 0.00011777956109504
35 0.0001178062465960189
35 0.000111950204352799
35 0.0001225720130305533
36 9.724111095946819e-05
36 0.0001003083258754334
36 0.0001041344030903726
36 0.0001021177879175452
36 0.0001026732610659802
36 0.0001019757582143483
36 9.642311705553878e-05
36 0.0001023964392504692
36 0.0001021823744617484
36 0.0001016255610884949
36 0.0001037067618971887
36 9.995721926247461e-05
36 9.688318304815763e-05
36 9.648752286920425e-05
36 0.0001039723006620194
36 9.687739785322293e-05
36 9.599452610584702e-05
36 0.0001010214780477426
36 9.97447513509061e-05
36 9.439982967493933e-05
36 9.752087277365953e-05
36 9.577389166951926e-05
36 0.0001070427210434067
36 9.736325520933581e-05
36 0.000101404310392673
36 9.959400489105547e-05
36 0.0001041148732324675
36 9.534557350548123e-05
36 0.0001011127810309774
36 9.878686056150041e-05
36 0.0001011873433340611
36 9.88590629422468e-05
36 0.0001019505206361299
36 0.0001012819119637915
36 9.934751161840168e-05
36 9.735931917207046e-05
36 0.0001014001170041799
36 9.854938677647353e-05
36 0.0001053124100003408
36 9.698687682211823e-05
36 0.0001016961987975737
36 9.555838923259157e-05
36 0.0001013944166984998
36 9.864375869296759e-05
36 0.0001030751670986666
36 9.963703244146025e-05
36 0.0001012603330535771
36 9.39543108832824e-05
36 0.0001046327541206278
36 9.673329597115208e-05
36 0.0001011328672054467
36 9.599723766619203e-05
36 9.608951312748086e-05
36 0.0001008957461978148
36 0.0001047540692513149
36 9.88435778882503e-05
36 9.611762465060646e-05
36 9.63576931764246e-05
36 0.0001035712011441835
36 0.0001068663517627687
36 9.54059668975619e-05
36 9.456951743059927e-05
36 0.0001016942267028239
36 0.0001026270050509314
36 0.0001009023124929721
36 0.0001031147638519948
36 0.0001002163058848842
36 9.898606104932098e-05
36 9.39671456153959e-05
36 9.96855558601634e-05
36 0.0001021633137618372
36 0.0001029993712785665
36 9.597606550372954e-05
36 9.647110649157078e-05
36 0.0001006621459347484
36 9.693545387273494e-05
36 0.0001020984200356762
36 9.59000876383712e-05
36 9.25427307818887e-05
36 0.0001000090458363334
36 9.714825469318235e-05
36 9.889489200343784e-05
36 9.794285579921451e-05
36 0.0001016942851772686
36 9.836504054106126e-05
36 9.880443237875782e-05
36 0.0001002615583455081
36 9.855106181541861e-05
36 0.0001031160033091081
36 9.474565347808785e-05
36 0.0001016496180499262
36 9.433166313876037e-05
36 0.0001039934602895909
36 9.780854451226669e-05
36 0.0001003610643534058
36 9.762335191520798e-05
36 0.000103186022644083
36 0.0001068921972597702
36 9.674822141203898e-05
36 9.736128926014384e-05
37 0.0006020753258421471
37 0.0006056931814605621
37 0.000610111075065467
37 0.0006061038232331825
37 0.000608818067922366
37 0.0005999804686199744
37 0.0005968468728117814
37 0.0006065333627650853
37 0.0006045516117305307
37 0.0006136067948850137
37 0.0006035755880592247
37 0.0006046096532456601
37 0.0006024270417757269
37 0.0005994513615991726
37 0.0006039691397049947
37 0.0006108212620939861
37 0.0006085305161949042
37 0.0006030213166693916
37 0.0006069022851298421
37 0.0006037111132760781
37 0.0006008209945877011
37 0.0006035807581384281
37 0.0006020929073144465
37 0.0005983749372454717
37 0.0006073464780636191
37 0.0006062780810563965
37 0.0006068813985897889
37 0.0006021693979228698
37 0.0006062300224550061
37 0.0006082711032191121
37 0.000599144584069944
37 0.0006032469621683279
37 0.0006067768798019944
37 0.0005982374627041894
37 0.0005983657597250793
37 0.0006009136477676183
37 0.0005987017102724844
37 0.0006055872719764209
37 0.0005990598511495404
37 0.0006060923740955911
37 0.0006010815762462758
37 0.0006041687661949112
37 0.0006009654520726207
37 0.0006000780008172989
37 0.0006043903583963358
37 0.0006065646811778799
37 0.0006061389209406388
37 0.0006058050323265634
37 0.0006026087922782488
37 0.0006124465805574825
37 0.0006030424925875277
37 0.000607116494124543
37 0.0006043629282258832
37 0.0006033772260967049
37 0.0006015076288476866
37 0.000602016352965241
37 0.0006058889375419412
37 0.0006023577008809088
37 0.0006045444208921761
37 0.0006019981847937084
37 0.0006027121585335392
37 0.0006008321091371401
37 0.0006024982528786746
37 0.0006065587784900377
37 0.0006059440682481156
37 0.0006076129914581116
37 0.0006065423012318745
37 0.0006126478557762778
37 0.0006011767080500669
37 0.000597663522430008
37 0.0006027189938421151
37 0.0006042596092043522
37 0.0006018164410764004
37 0.0006046591969907286
37 0.0006056139073836658
37 0.0006012293067824655
37 0.0006049221606959795
37 0.0006033506142115048
37 0.0005992708117892775
37 0.0005983026608290662
37 0.0006003583467948444
37 0.0006080165244468128
37 0.0006018507357246402
37 0.0006052197675516242
37 0.0006101946111846029
37 0.0006015131746085082
37 0.0006029470534093945
37 0.0006090005667268939
37 0.0006033623416596382
37 0.0006020137459909385
37 0.0006019939671567025
37 0.0006043302718275715
37 0.0006068579169247702
37 0.0005981642597762246
37 0.000606819476031326
37 0.0006036635885483265
37 0.000602609584369022
37 0.0006035451303417161
37 0.0005982176461089866
37 0.000604098820277296
38 0.0007409404154870825
38 0.0007301478956539858
38 0.0007371681683533592
38 0.0007353191088102323
38 0.00073746705256402
38 0.0007492609137615857
38 0.0007401266935861395
38 0.0007400116799734911
38 0.0007351950193675706
38 0.0007347781806722728
38 0.0007386928401080341
38 0.0007322889844674616
38 0.0007365648564212655
38 0.0007374004337153033
38 0.0007391326260386215
38 0.0007388557930126659
38 0.0007406787735764098
38 0.0007384971714855662
38 0.0007369886599525289
38 0.0007403392668319043
38 0.0007349648757480873
38 0.000738328618393653
38 0.0007357772665587361
38 0.0007314930598746501
38 0.000738030205956762
38 0.0007406491658803838
38 0.0007353311100022942
38 0.0007420427826399874
38 0.000742322195674194
38 0.000737966654506551
38 0.0007417124074979485
38 0.0007485151308650757
38 0.0007389848391888562
38 0.0007346070144906399
38 0.0007424272435589491
38 0.0007448705455088116
38 0.0007332460172878592
38 0.0007405345180427391
38 0.0007401734135359469
38 0.0007354412244512372
38 0.0007381409717502735
38 0.0007330925182818603
38 0.0007384463248759039
38 0.0007369512273396354
38 0.0007400774249413536
38 0.0007379421730284195
38 0.0007403995740883251
38 0.0007342363853057962
38 0.0007336663762367445
38 0.0007352296675756691
38 0.0007409178212314863
38 0.0007421177963467073
38 0.0007315287792409629
38 0.0007401619024117428
38 0.0007297965126773799
38 0.0007365522184635885
38 0.0007427174967340817
38 0.0007332603538330647
38 0.0007421722940169702
38 0.0007353371064826356
38 0.0007385918523880254
38 0.0007443103870469894
38 0.0007395946845730934
38 0.0007341691531238402
38 0.000743485832786586
38 0.0007359525976236003
38 0.0007454812382813182
38 0.0007404410070155639
38 0.000732389721938647
38 0.0007363899897205345
38 0.0007415464522110438
38 0.0007328605418632061
38 0.0007409952270047115
38 0.0007460389150511978
38 0.0007370053182023386
38 0.0007326981881753957
38 0.0007412196792690362
38 0.0007395726714032092
38 0.0007377067179601669
38 0.0007476852618295844
38 0.0007331095459722863
38 0.0007389681504566174
38 0.0007427025234667274
38 0.0007383017267767508
38 0.0007422271674338128
38 0.000738646792528897
38 0.0007380764745060365
38 0.0007296885284083578
38 0.0007385116713076999
38 0.0007343430517157909
38 0.0007371704040802903
38 0.0007373327774953704
38 0.0007391868744111862
38 0.0007378129239208596
38 0.0007427005791013894
38 0.0007354363132762333
38 0.0007389685606777539
38 0.0007359654896418371
38 0.0007357951836401636
38 0.0007336607371346705
39 0.009095583569951875
39 0.009095520166470075
39 0.009089011831712938
39 0.009093879719347231
39 0.009084500914368661
39 0.00909562123621728
39 0.009094686595155346
39 0.009092896948818617
39 0.009087780667619384
39 0.009089282373787681
39 0.009092340194591384
39 0.009088518547348053
39 0.009090634484382972
39 0.009088345920926005
39 0.009092421056784121
39 0.009093629887446128
39 0.009094698420928299
39 0.009085621162004641
39 0.009089616357565269
39 0.009096654973601676
39 0.009086072006804685
39 0.009088232051316192
39 0.009085347841630414
39 0.009087549686325688
39 0.009083020996302071
39 0.009093136755226041
39 0.009094207849939481
39 0.00908393000540633
39 0.009094893288809713
39 0.009088625538034589
39 0.009089042180376449
39 0.009091289772758236
39 0.009086488554407357
39 0.00908709868968897
39 0.009089925681596917
39 0.009090272077956819
39 0.009085978294475885
39 0.009092471173517254
39 0.009091214111011298
39 0.009087696345409193
39 0.009087541161295795
39 0.009093445985004501
39 0.009090608016032169
39 0.009090923188683769
39 0.009087594927347262
39 0.009100558275435741
39 0.009093867156996403
39 0.009097867890751404
39 0.009092741850245707
39 0.009091178704654532
39 0.009090446441640056
39 0.009085932349997456
39 0.009088508114518263
39 0.00908705211251867
39 0.009085071538299364
39 0.009092216343310074
39 0.009088839971798605
39 0.009088652678069301
39 0.009089490291215981
39 0.009093214872380945
39 0.009085101609618017
39 0.009097971815304548
39 0.009089037799378753
39 0.009095211456575257
39 0.009092788745605877
39 0.009088588552641034
39 0.009090100670514637
39 0.00908519105625087
39 0.009091227521628498
39 0.00909211217863855
39 0.009087713888148533
39 0.009091768138698682
39 0.009093383971981067
39 0.009092665053875325
39 0.009091565942269063
39 0.009089517568276297
39 0.00908827944434451
39 0.009089269915690578
39 0.009089010467916106
39 0.009091809617143707
39 0.009091444020829227
39 0.009092614199513579
39 0.009094378551270424
39 0.009086181556297455
39 0.009094123448540709
39 0.009085763034889695
39 0.009098772119940646
39 0.009093902518473613
39 0.009091618724521539
39 0.009089114806718411
39 0.009092675879421057
39 0.009089983548063677
39 0.009090667644585821
39 0.009088382854189477
39 0.009091229089645024
39 0.009090953701532045
39 0.009093994908553318
39 0.009091185485948175
39 0.009089559037222385
39 0.009089887439791273
