0 0.0005903197703925719  2.36882767661915e-06
1 0.001180427988644232  2.254581056149084e-06
2 -0.0003335643407718487  2.209674064127643e-06
3 0.0003598412960091154  2.311224599703543e-06
4 -0.0002454343402152292  2.278708095837475e-06
5 0.0002677455703262262  2.306975115722197e-06
6 -0.0001975242867927836  2.24122055697069e-06
7 0.0002289459808474627  2.275143832350266e-06
8 -0.0001702676903547022  2.201848368832441e-06
9 0.0002054363485914069  2.182051205508033e-06
10 -0.0001529817887047967  2.107831638616617e-06
11 0.0001903531579500137  2.08843474471064e-06
12 -0.000141714961905237  2.041361798446045e-06
13 0.0001802194729786116  2.052497588249434e-06
14 -0.0001339361907808739  2.028145645130245e-06
15 0.0001732463817814729  2.083049966563619e-06
16 -0.0001285223707950394  2.02808186731557e-06
17 0.0001688604862494238  2.086054847704664e-06
18 -0.0001254929779530871  2.016253770730239e-06
19 0.0001667071249538014  2.090947813492524e-06
20 -0.0001246438069300942  1.991175121788816e-06
21 0.0001671402602368168  2.048194615548656e-06
22 -0.0001258779724738806  1.956236735747022e-06
23 0.0001693037637386471  2.044205505211006e-06
24 -0.000128740419796445  1.97588218116805e-06
25 0.0001735783818040823  2.062676866225783e-06
26 -0.0001336349701717947  1.988541403261716e-06
27 0.0001805330286483712  2.080047643003473e-06
28 -0.0001411272429634082  2.03316831353196e-06
29 0.0001905272902336666  2.107880190203313e-06
30 -0.0001521972793999856  2.102116839232606e-06
31 0.000205396214932458  2.195598965148155e-06
32 -0.000169107160389133  2.189331534628758e-06
33 0.0002287193479670524  2.200793514978279e-06
34 -0.000196732927416376  2.160453409279823e-06
35 0.0002674171481481848  2.122903237112242e-06
36 -0.00024535674851319  2.125403482711485e-06
37 0.0003599002678585794  2.163785994219837e-06
38 -0.0003334812358148142  2.184943631377587e-06
39 0.001180965715394365  2.187942063276787e-06
