0 0.001287246528258766 3.89785014840187e-06
1 0.0005816650785070279 4.345932925193814e-06
2 -2.156290277706197e-05 4.052206290541419e-06
3 9.383999679816677e-05 3.826639683373724e-06
4 -3.155803924969518e-05 4.004937887512928e-06
5 5.023599301366759e-05 4.058519875287272e-06
6 -1.950367547039984e-05 3.904195459548516e-06
7 3.66729075771975e-05 3.996602948190937e-06
8 -1.266238900456193e-05 3.456360680692141e-06
9 2.871117496623261e-05 3.738613368703608e-06
10 -7.638566688819132e-06 3.438434771519344e-06
11 2.45622723673306e-05 4.119891082925355e-06
12 -4.677634070747529e-06 3.838414079393064e-06
13 2.235213191388196e-05 4.087179689002251e-06
14 -3.241691002255678e-06 3.769713820521448e-06
15 1.999104242499158e-05 3.486241889971578e-06
16 -1.760998803772613e-06 3.37220861074565e-06
17 1.884713606899867e-05 3.902896762641805e-06
18 -1.279509336065501e-06 3.562903906260655e-06
19 1.88457341334137e-05 4.14882190904325e-06
20 -1.164910009686758e-06 4.011441676395154e-06
21 1.825222693005658e-05 3.481968057797273e-06
22 -1.414652231532792e-06 4.222712822295842e-06
23 1.866412439901815e-05 3.604223506006036e-06
24 -1.818148647665375e-06 3.718734597442622e-06
25 1.877958487989265e-05 4.281960976079845e-06
26 -1.66776406655022e-06 3.826546971590177e-06
27 2.057174629619145e-05 3.963779907246988e-06
28 -4.041661002599551e-06 4.236012287783972e-06
29 2.344461563406397e-05 4.385875357317133e-06
30 -6.659753490516906e-06 4.081657058112404e-06
31 2.815956124214026e-05 4.313862121511654e-06
32 -1.109480714016061e-05 4.29715249790877e-06
33 3.51290388665765e-05 3.409302501446252e-06
34 -2.01387040232248e-05 4.385479218079056e-06
35 4.851925807871118e-05 4.247431553268e-06
36 -3.236215087527056e-05 4.378720117837895e-06
37 9.06336419575476e-05 4.663811849522572e-06
38 -2.080193473702353e-05 3.727670650444107e-06
39 0.0005799903749145767 4.10760084682323e-06
