@type xydy

0 0.00149847126472555 3.620264487144708e-07
1 0.0005411910235121392 3.065632842072132e-07
2 6.368848238538103e-05 2.015961464105106e-07
3 4.382380279455032e-05 2.11960161953759e-07
4 6.892416818660399e-06 1.844216071587483e-07
5 7.49762678341389e-06 2.224846076170284e-07
6 1.588335507131152e-06 1.935347001863499e-07
7 1.789828464943919e-06 2.322170108695174e-07
8 4.766829124406459e-07 2.083689389048073e-07
9 2.883889862789589e-07 1.88094374968655e-07
10 1.888164510944035e-07 1.981316431728828e-07
11 -9.595665266366039e-08 1.718595932140404e-07
12 1.74278426775064e-07 1.722466138566698e-07
13 -1.964438951878132e-08 1.861338627334495e-07
14 7.062182184790877e-08 1.805575024814242e-07
15 3.362692697912458e-07 1.864525958724929e-07
16 1.750694354471697e-07 1.932322072378403e-07
17 3.232075143750548e-07 1.718341002377416e-07
18 6.57830497758273e-08 1.874348028037035e-07
19 8.648301597216082e-08 1.835388962857449e-07
20 -1.286908709763781e-07 1.623221204478093e-07
21 8.623909532357526e-09 1.824169398052112e-07
22 -1.786278630908091e-07 1.614839032339277e-07
23 3.675020862673397e-08 1.846613173264767e-07
24 -4.349598377138146e-08 2.17323263752515e-07
25 2.973366067557013e-08 2.121355862171646e-07
26 1.119571998732174e-07 1.751913716561882e-07
27 -5.63748896875687e-08 2.082449524944771e-07
28 1.235663975381169e-07 1.890215410938407e-07
29 -6.709087305956539e-08 2.286748928789769e-07
30 1.250696731829593e-07 1.940576918486295e-07
31 5.210497562057152e-07 1.692729326057932e-07
32 2.463709711251329e-07 1.847674561853782e-07
33 1.951404798129197e-06 2.065463459476889e-07
34 1.498047714495099e-06 2.01812797465934e-07
35 7.47251007773134e-06 1.898285530795649e-07
36 6.9745557561207e-06 1.98261885669286e-07
37 4.346859046448521e-05 1.87562091602634e-07
38 6.348908163328385e-05 2.212481558915533e-07
39 0.0005404615610151454 3.154901187032144e-07
