@type xydy

0 0.001649772071433959 3.729955282015642e-07
1 0.0008324970641140971 2.559667928553991e-07
2 6.800273253889415e-05 2.371285536862814e-07
3 5.478122716209215e-05 1.76829949455422e-07
4 9.481448305616496e-06 2.128973363523255e-07
5 1.051543781192113e-05 1.634572477095365e-07
6 3.023916222059717e-06 1.982530331466695e-07
7 3.595873380215541e-06 1.585745993989608e-07
8 1.383598036947138e-06 1.744291327605261e-07
9 1.589849651571716e-06 1.671708821055133e-07
10 8.105447826650129e-07 1.735948565484843e-07
11 8.454101043351386e-07 1.519189471821841e-07
12 5.883235700923346e-07 1.878412089015727e-07
13 5.601762126225689e-07 1.542677359325112e-07
14 4.478207439670448e-07 1.763092587103015e-07
15 4.85576279414963e-07 1.612647050091896e-07
16 3.822732478066009e-07 1.491157353677496e-07
17 4.08171164032115e-07 1.598992483977298e-07
18 4.627755350798211e-07 1.752898556836224e-07
19 2.34781802281576e-07 1.701234029494436e-07
20 3.484672193342336e-07 1.706474448181861e-07
21 1.431580838063243e-07 1.791682249266759e-07 
22 3.345085294771945e-07 1.551208962700212e-07
23 2.840968687748712e-07 1.943573156673621e-07
24 4.618411963429294e-07 1.648523234437902e-07
25 3.893484636409926e-07 1.835967938277661e-07
26 4.91442358584331e-07 1.727930376277201e-07
27 6.096889557518581e-07 1.787880186945693e-07
28 4.369594567905948e-07 1.81605303000052e-07
29 9.227689792766086e-07 1.816487476446045e-07
30 7.217139032553427e-07 1.882278940780889e-07
31 1.69487715026037e-06 1.976305692922676e-07
32 1.238576110201388e-06 1.812991416805941e-07
33 3.814417317994783e-06 2.05310545260536e-07
34 2.814254242513149e-06 1.727003016654299e-07
35 1.07688892699526e-05 2.272006232786692e-07
36 9.455965903544406e-06 2.222279066477547e-07
37 5.515331998628782e-05 2.285474589457183e-07
38 6.806174986129876e-05 2.366389800110016e-07
39 0.0008332792032395783 2.442032400150944e-07
