0 0.001498349296733382
0 0.001498605631515804
0 0.001497863268858317
0 0.001498444806635692
0 0.001498175429587521
0 0.001498802583443905
0 0.001498454317106075
0 0.001498149767093259
0 0.001498379036715169
0 0.001498082758392695
0 0.001498686209913383
0 0.001497884470431313
0 0.001497917328012688
0 0.001498993423952931
0 0.001498319952603372
0 0.001499019690031978
0 0.001499063563124445
0 0.001498704960977718
0 0.001497764102387179
0 0.001499219403850861
0 0.001498573719958385
0 0.001498351027814463
0 0.001498631711704392
0 0.001498575940354485
0 0.00149849750785807
0 0.001497922797700928
0 0.001498501623073418
0 0.001498802920659871
0 0.001498336423750453
0 0.001499437538818921
0 0.001498733882843638
0 0.001498033834420861
0 0.001498533604468015
0 0.00149834289290521
0 0.001498602147908843
0 0.001498173409303577
0 0.001498045936117169
0 0.001498560699963012
0 0.001498598956774522
0 0.001497750228969908
0 0.001498976448711375
0 0.001498191687962518
0 0.001498194506370812
0 0.001498193566831175
0 0.001498704185771308
0 0.001499085856085461
0 0.001497323779591237
0 0.00149877849735009
0 0.00149841324526011
0 0.001498808201108372
0 0.001498138971381725
0 0.001498151183257916
0 0.001499124900596679
0 0.001498706502752171
0 0.00149853373230178
0 0.001498380807323073
0 0.001498586575220705
0 0.001498416323079721
0 0.00149873314669182
0 0.001498842554047161
0 0.001498245508380149
0 0.001498949515412155
0 0.001498851764726811
0 0.001498552116788878
0 0.001497846571781176
0 0.0014987029736372
0 0.001498787908700005
0 0.001498606469543038
0 0.001498689163474889
0 0.001498234604396065
0 0.001498192339451449
0 0.001498387686630519
0 0.001498918676783398
0 0.001498413563008626
0 0.001499127914390625
0 0.001498269599001981
0 0.00149836916400607
0 0.00149842884484369
0 0.001497923164193183
0 0.001498570926710399
0 0.001498786510021892
0 0.001498639615274283
0 0.001498074226353667
0 0.001497767976591667
0 0.001498052770697769
0 0.001498535861140622
0 0.001498329682144954
0 0.001499185259789441
0 0.001497698141532758
0 0.001498512060841976
0 0.001498401933094602
0 0.001497896172378344
0 0.00149789289656828
0 0.001498925529479592
0 0.001497980551371879
0 0.001498021687560066
0 0.001498239876333585
0 0.00149825086498427
0 0.001498797836917885
0 0.001498905898501008
1 0.0005412522215517605
1 0.0005410906517040375
1 0.0005415160779900229
1 0.0005409045566313307
1 0.000541356554189023
1 0.000541440728229046
1 0.0005417877861332444
1 0.0005410660353568427
1 0.000541100753687308
1 0.0005412756161628554
1 0.0005416001717403139
1 0.0005408929986451542
1 0.0005410835936760821
1 0.0005411258269558253
1 0.0005409072809853532
1 0.000541670262532246
1 0.0005412759657506283
1 0.000541482361293909
1 0.0005414070936560585
1 0.0005411142209310258
1 0.0005419533700086428
1 0.000541504441720875
1 0.0005413161971943694
1 0.0005411719155398114
1 0.0005414390191395853
1 0.0005416532410627873
1 0.0005409171949768064
1 0.000540667150983696
1 0.0005414491954394819
1 0.0005414114474797838
1 0.0005407287200235868
1 0.0005413357163696703
1 0.0005413985564122368
1 0.0005414099027174413
1 0.0005413214611497507
1 0.0005417870268140543
1 0.0005406117493989888
1 0.0005408497669651411
1 0.0005410011764950094
1 0.0005415393575336718
1 0.0005415287287459185
1 0.0005409720832055692
1 0.0005410909930402519
1 0.0005413578993540104
1 0.0005417407164669656
1 0.0005411405637344997
1 0.0005413205593560335
1 0.0005419780190659858
1 0.0005412863211027561
1 0.0005415299119603598
1 0.00054116203229724
1 0.0005413290689636603
1 0.0005412044227397905
1 0.0005409081606554475
1 0.0005407184358696186
1 0.0005416564600724876
1 0.0005411797693066943
1 0.0005411688656421397
1 0.000541015857175213
1 0.0005404427063858266
1 0.0005416163772680919
1 0.0005415946855060858
1 0.0005405286409268075
1 0.0005415300492094052
1 0.0005419420423923131
1 0.0005405901549023486
1 0.0005411935193313638
1 0.000540796038725482
1 0.0005414130646989002
1 0.0005412417673282855
1 0.0005410536259142524
1 0.0005415195880491681
1 0.0005410926138678644
1 0.0005410818458426183
1 0.0005416034074420611
1 0.0005416773217531846
1 0.000541180415427599
1 0.0005409016356285992
1 0.0005408205422403185
1 0.0005409834914699683
1 0.0005414643074689897
1 0.0005417284538240657
1 0.0005403681483893388
1 0.0005411669907486933
1 0.0005413894340065022
1 0.0005409010548712667
1 0.0005411339142967641
1 0.0005408864478396553
1 0.0005410082285723029
1 0.000541212954396592
1 0.0005414032987031826
1 0.0005412136069578408
1 0.0005410086675397981
1 0.0005408138760419886
1 0.0005414465266283197
1 0.0005412189675328405
1 0.0005410794866425071
1 0.0005405963499430579
1 0.0005413189275274821
1 0.0005412521995285107
2 6.376922756450546e-05
2 6.356845665820805e-05
2 6.371647586069988e-05
2 6.42100966831533e-05
2 6.356979297559057e-05
2 6.346389716854941e-05
2 6.360728614819095e-05
2 6.374053360724653e-05
2 6.375072144692045e-05
2 6.377125781222221e-05
2 6.3777646334957e-05
2 6.3982177199863e-05
2 6.367940477809293e-05
2 6.344053400477448e-05
2 6.347546896000376e-05
2 6.355254150624728e-05
2 6.352957411716846e-05
2 6.379710167908086e-05
2 6.387089537123386e-05
2 6.354927008027257e-05
2 6.379712795403632e-05
2 6.353806259023639e-05
2 6.345413491063192e-05
2 6.373970953894596e-05
2 6.376522870440286e-05
2 6.372905292341715e-05
2 6.365424399060627e-05
2 6.381223428825889e-05
2 6.382861828156716e-05
2 6.374133798750572e-05
2 6.375665608018918e-05
2 6.35104536287901e-05
2 6.36774534983242e-05
2 6.404481297720595e-05
2 6.384433936686037e-05
2 6.314850402253756e-05
2 6.389786554108326e-05
2 6.352747321335043e-05
2 6.358901366828225e-05
2 6.366659935332113e-05
2 6.355441826357719e-05
2 6.405411786773808e-05
2 6.402352696633744e-05
2 6.374537239542505e-05
2 6.333521240748669e-05
2 6.373232956795699e-05
2 6.388444991485875e-05
2 6.338145036188252e-05
2 6.359308191819044e-05
2 6.34868481560927e-05
2 6.432666426520031e-05
2 6.365697352991705e-05
2 6.352706492469209e-05
2 6.355240638632364e-05
2 6.330052405728451e-05
2 6.3662509460168e-05
2 6.374920657850533e-05
2 6.368029283889907e-05
2 6.368566247651082e-05
2 6.348127562542916e-05
2 6.382242270302189e-05
2 6.371924913218953e-05
2 6.363410579696981e-05
2 6.364858064203358e-05
2 6.358811406178819e-05
2 6.33813247601636e-05
2 6.398012974859143e-05
2 6.362735477428953e-05
2 6.398848805823946e-05
2 6.367552529086406e-05
2 6.349838387894747e-05
2 6.391737329933862e-05
2 6.356816672011454e-05
2 6.376187550609286e-05
2 6.403689002270164e-05
2 6.369966391962598e-05
2 6.373331982914621e-05
2 6.355611384296223e-05
2 6.404014717149034e-05
2 6.37083310037105e-05
2 6.385518065533985e-05
2 6.345278079993738e-05
2 6.354339236461877e-05
2 6.381321678190381e-05
2 6.373623897387309e-05
2 6.359538205309973e-05
2 6.405226231862724e-05
2 6.344919067089845e-05
2 6.364367950098335e-05
2 6.398639884214849e-05
2 6.339541120496e-05
2 6.348379573880776e-05
2 6.379092753118575e-05
2 6.388560618759904e-05
2 6.350654601725319e-05
2 6.343875241909009e-05
2 6.375716798623529e-05
2 6.392237029697729e-05
2 6.353694656641157e-05
2 6.357006295231988e-05
3 4.374001570872364e-05
3 4.361738098670206e-05
3 4.357043322168637e-05
3 4.305436080524045e-05
3 4.377263451301978e-05
3 4.365088265510886e-05
3 4.359770382405053e-05
3 4.393783529799073e-05
3 4.334332848366226e-05
3 4.355514318747293e-05
3 4.364970888049111e-05
3 4.405582325515399e-05
3 4.311986135904462e-05
3 4.350934616218295e-05
3 4.381469094296336e-05
3 4.36694574136918e-05
3 4.351253431754387e-05
3 4.371378775130275e-05
3 4.385257557125021e-05
3 4.393247859473171e-05
3 4.407442900416716e-05
3 4.392492007341208e-05
3 4.374573113145992e-05
3 4.370984822770871e-05
3 4.344297039936246e-05
3 4.367427865477847e-05
3 4.382767877270677e-05
3 4.376926274684992e-05
3 4.363414361808779e-05
3 4.361755279193692e-05
3 4.399485411598521e-05
3 4.324101350510432e-05
3 4.336399135511229e-05
3 4.359568123352534e-05
3 4.427612700118671e-05
3 4.376967206115419e-05
3 4.374514122338781e-05
3 4.354690299115689e-05
3 4.318554827313789e-05
3 4.364774538379751e-05
3 4.351269117805499e-05
3 4.407971340765427e-05
3 4.379033713763747e-05
3 4.368520092160723e-05
3 4.373677903463022e-05
3 4.376768586836985e-05
3 4.359533365725573e-05
3 4.395163168269154e-05
3 4.388186806969696e-05
3 4.352604738543698e-05
3 4.333333747441835e-05
3 4.363706926618986e-05
3 4.38845821026886e-05
3 4.380366616639286e-05
3 4.372170704254695e-05
3 4.405208804565338e-05
3 4.334856850419761e-05
3 4.435008938333279e-05
3 4.330188369961299e-05
3 4.389660297249985e-05
3 4.389322098101318e-05
3 4.336182395652604e-05
3 4.371582556363798e-05
3 4.402783296256983e-05
3 4.374152402240343e-05
3 4.368695108694081e-05
3 4.363144771678754e-05
3 4.350010520065208e-05
3 4.332260799499785e-05
3 4.359687093250088e-05
3 4.402975026367365e-05
3 4.390295139104271e-05
3 4.418661833161971e-05
3 4.336872868144784e-05
3 4.404451676322196e-05
3 4.370711241173993e-05
3 4.378007418975273e-05
3 4.381170736092669e-05
3 4.401111987308239e-05
3 4.366057786028137e-05
3 4.384815938742483e-05
3 4.422192760668144e-05
3 4.385684440048007e-05
3 4.38049518247514e-05
3 4.392816000934936e-05
3 4.388212192490729e-05
3 4.384508260573985e-05
3 4.372117392976675e-05
3 4.36608324996052e-05
3 4.380733813442313e-05
3 4.378348796049269e-05
3 4.407100941578447e-05
3 4.399684719089715e-05
3 4.317629948143534e-05
3 4.399765001997323e-05
3 4.340984479600129e-05
3 4.359589229646491e-05
3 4.388492057493596e-05
3 4.370029640641657e-05
3 4.360438622276432e-05
4 6.857166015824355e-06
4 7.058858704839152e-06
4 6.657763000103737e-06
4 6.928920495879965e-06
4 6.949083964287393e-06
4 6.686492080757877e-06
4 6.766174409979571e-06
4 6.721099966392873e-06
4 6.950047052896549e-06
4 7.043983408913286e-06
4 6.582817036546618e-06
4 6.897483995996738e-06
4 7.169831077197441e-06
4 6.807841569946216e-06
4 6.753040971613685e-06
4 6.793476415051454e-06
4 6.778396927968137e-06
4 7.341931636309751e-06
4 6.895588389952771e-06
4 6.867830144381825e-06
4 6.982511462668425e-06
4 6.913638204365567e-06
4 7.208972531988433e-06
4 6.617137923735203e-06
4 6.921835405420214e-06
4 6.885124535197762e-06
4 6.595054503341281e-06
4 7.242039530631376e-06
4 7.188245855619647e-06
4 6.90254341348558e-06
4 6.995784578125088e-06
4 6.755285998724624e-06
4 6.780719410214894e-06
4 6.902867756616019e-06
4 6.85353660417146e-06
4 6.781991404055083e-06
4 6.780509850134575e-06
4 6.638997649326003e-06
4 6.910944743423655e-06
4 6.993704591015252e-06
4 6.928246555344003e-06
4 7.097710894951371e-06
4 6.900816194322439e-06
4 6.803023684497179e-06
4 7.292342086161133e-06
4 7.138137985791842e-06
4 6.952819861502906e-06
4 6.476923054764734e-06
4 6.599194896005355e-06
4 7.025743416018245e-06
4 6.782602895171118e-06
4 7.209280316614284e-06
4 6.827408530852511e-06
4 7.114075538946971e-06
4 6.840736200805188e-06
4 7.215031044522357e-06
4 7.376377702147214e-06
4 6.887473881193233e-06
4 7.146419063356877e-06
4 6.847827730513597e-06
4 6.950993629302882e-06
4 6.852514181396756e-06
4 7.067340514559082e-06
4 6.465927397888387e-06
4 7.02958197916407e-06
4 6.871481864873018e-06
4 6.938825114701584e-06
4 6.630390782508995e-06
4 7.002848439913128e-06
4 6.838566031661225e-06
4 7.207377656447742e-06
4 7.146224242878524e-06
4 7.03479979873036e-06
4 6.800004328110912e-06
4 7.139584580461381e-06
4 6.99991738777077e-06
4 6.754017675233148e-06
4 7.133251736981006e-06
4 6.736063223531106e-06
4 6.76527977889253e-06
4 7.155259188457724e-06
4 6.972495420934579e-06
4 6.907802595232885e-06
4 6.674787702895052e-06
4 6.859677918353971e-06
4 6.940395298622116e-06
4 7.097809937041016e-06
4 6.830203399938246e-06
4 6.967196383168238e-06
4 6.557099537253952e-06
4 6.846650117713496e-06
4 7.04881609909428e-06
4 6.818898737461461e-06
4 6.926142630438989e-06
4 6.789088982533123e-06
4 7.018736572038661e-06
4 6.885033589343444e-06
4 7.211036646174918e-06
4 7.267647710163277e-06
4 6.851787351348103e-06
5 7.660262604572725e-06
5 7.546237027291617e-06
5 7.441422772430366e-06
5 7.416988881994574e-06
5 7.440194596648537e-06
5 7.395159805993582e-06
5 7.856759227260166e-06
5 7.427064902688296e-06
5 7.835735253285393e-06
5 7.460805531173163e-06
5 7.285058032137083e-06
5 7.559997086005104e-06
5 7.315493640550834e-06
5 7.343410949168291e-06
5 7.561699233658653e-06
5 7.519541410091377e-06
5 7.347128469462456e-06
5 7.624170831071814e-06
5 7.805330600327e-06
5 7.649122405351533e-06
5 7.431590157350638e-06
5 7.785978901081192e-06
5 7.510531812735763e-06
5 7.573196147526361e-06
5 7.232619855896972e-06
5 7.306016514356651e-06
5 7.667038143084059e-06
5 7.336365076322606e-06
5 7.316319710406003e-06
5 7.446598521162657e-06
5 7.36646394690671e-06
5 7.684305373732822e-06
5 7.28101159740919e-06
5 7.281840943398855e-06
5 7.635909979292136e-06
5 7.44291056291198e-06
5 7.969137319622687e-06
5 7.171735412311485e-06
5 8.026614516719546e-06
5 7.638352922475339e-06
5 7.743102573838813e-06
5 7.590897640256011e-06
5 7.753063692506143e-06
5 7.413751477133888e-06
5 7.732622446120179e-06
5 7.508427181504922e-06
5 7.270609335325531e-06
5 7.706412126222946e-06
5 7.333471801739056e-06
5 7.43289011034725e-06
5 7.458454123553739e-06
5 7.720213536367107e-06
5 7.648301677152222e-06
5 7.71525935712483e-06
5 7.694393695467585e-06
5 7.398016602070169e-06
5 7.477475101876998e-06
5 7.345071142932813e-06
5 7.472650887209679e-06
5 7.490983975647428e-06
5 7.18901583607608e-06
5 6.821836703350768e-06
5 7.352505057242057e-06
5 7.710928162368174e-06
5 7.727682601993631e-06
5 7.323501535903031e-06
5 7.697893942742994e-06
5 7.446907681592534e-06
5 7.448141585742136e-06
5 7.420408534744757e-06
5 7.772475504507142e-06
5 7.287143660104503e-06
5 7.424352904683288e-06
5 7.395188214906782e-06
5 7.728366465560958e-06
5 7.839970845951894e-06
5 7.061767323639918e-06
5 7.261323189547673e-06
5 7.48000046622832e-06
5 7.502436098316833e-06
5 7.285248178391346e-06
5 7.692353835747074e-06
5 7.017740009096786e-06
5 7.362408374387145e-06
5 7.180277512429235e-06
5 7.610944648182539e-06
5 7.538571954746295e-06
5 7.540126178667289e-06
5 7.445424245498277e-06
5 7.834318313204854e-06
5 7.5241630132593e-06
5 7.377052573770089e-06
5 7.90735333354837e-06
5 7.120557859072934e-06
5 7.249276412695694e-06
5 7.823012533853881e-06
5 7.529761954691756e-06
5 7.735894022223992e-06
5 7.477874976279405e-06
5 7.802929998140531e-06
6 1.470825594122862e-06
6 1.551179622092577e-06
6 1.656399890880444e-06
6 1.398043294737408e-06
6 1.776326209658902e-06
6 1.775812181873135e-06
6 1.527187594558883e-06
6 1.559376262347764e-06
6 1.649667475799294e-06
6 2.016080635722925e-06
6 1.402670911284957e-06
6 1.632136918176662e-06
6 1.614209887672291e-06
6 1.478026074026519e-06
6 1.436245609642729e-06
6 1.62923687769862e-06
6 1.572581974744953e-06
6 1.662126399532816e-06
6 1.548960830362131e-06
6 1.511686424839579e-06
6 1.728701691963305e-06
6 1.769882473684186e-06
6 1.342480979711703e-06
6 1.099915549345797e-06
6 1.473357723711448e-06
6 1.471228727779609e-06
6 1.828324848293342e-06
6 1.832458498948229e-06
6 1.770376081424043e-06
6 1.547475392835798e-06
6 1.684704038270582e-06
6 1.568583173247925e-06
6 1.361528173814367e-06
6 1.444116888702724e-06
6 1.520282058257308e-06
6 1.760289137872176e-06
6 1.780719630768612e-06
6 1.831137457376572e-06
6 1.336538819807188e-06
6 1.979097324285313e-06
6 1.661870776370692e-06
6 1.741370317779644e-06
6 1.779217500416718e-06
6 1.713484778968387e-06
6 1.462466970729925e-06
6 1.523917567302515e-06
6 1.620581957120803e-06
6 1.392967214415794e-06
6 1.49211918070081e-06
6 1.606515763962719e-06
6 1.707044474524622e-06
6 1.446083367794983e-06
6 1.379334662907849e-06
6 1.498152169648155e-06
6 1.566552282556247e-06
6 1.59325183329642e-06
6 1.63588192127013e-06
6 1.53013074011576e-06
6 1.693834517235472e-06
6 1.758942090497771e-06
6 1.907577393840537e-06
6 1.881312319584258e-06
6 1.506741377774359e-06
6 1.980269650806477e-06
6 1.896297572424135e-06
6 1.537200815461702e-06
6 1.582345758680194e-06
6 1.513786755012921e-06
6 1.705290269203214e-06
6 1.595443508272233e-06
6 1.591787794657528e-06
6 1.467538602896935e-06
6 1.782012369154798e-06
6 1.552481571549063e-06
6 1.798789117778088e-06
6 1.715734461567974e-06
6 1.6600009264886e-06
6 1.529442686553042e-06
6 1.678327958636683e-06
6 1.628291695040676e-06
6 1.920204954035895e-06
6 1.455006634087485e-06
6 1.724572937430071e-06
6 9.987230428204047e-07
6 2.170517601064008e-06
6 1.511057659081006e-06
6 1.77852866912063e-06
6 1.68391350472596e-06
6 1.736785321484002e-06
6 1.401255638096607e-06
6 1.580125159000715e-06
6 1.45324078261048e-06
6 1.359936988891206e-06
6 1.482702095910903e-06
6 1.656074464559729e-06
6 1.602217871644574e-06
6 1.625311413283552e-06
6 1.634416415491226e-06
6 1.403056487086344e-06
6 1.563891560725554e-06
7 1.859917048411217e-06
7 1.709840324418527e-06
7 1.463007808758723e-06
7 2.069098490189854e-06
7 1.792487398359945e-06
7 2.15085924198523e-06
7 1.761015422449095e-06
7 1.690676523785702e-06
7 1.642485436042053e-06
7 1.854895892635017e-06
7 1.867975166432886e-06
7 1.739292330405735e-06
7 1.579043913682724e-06
7 1.879267688619653e-06
7 1.981868564227685e-06
7 1.149906412623667e-06
7 1.895512130754143e-06
7 1.663175741699004e-06
7 1.639491115249377e-06
7 2.290958776504184e-06
7 1.825835921870936e-06
7 1.924893845087097e-06
7 1.759505901088021e-06
7 1.841637044885137e-06
7 2.102573004725036e-06
7 1.761121436999074e-06
7 1.62062020292922e-06
7 1.586345625607663e-06
7 1.739303815736727e-06
7 1.56367091706631e-06
7 1.47168851804315e-06
7 1.407356948817476e-06
7 1.966922389955363e-06
7 1.557402594714066e-06
7 1.848238798611274e-06
7 1.910068209247603e-06
7 2.138219832174443e-06
7 1.841435606582767e-06
7 1.833290669626738e-06
7 2.207900745132125e-06
7 1.344809790091287e-06
7 1.591687354171267e-06
7 1.82206928264442e-06
7 1.486329558994888e-06
7 1.581983955252754e-06
7 2.226941030910699e-06
7 1.618053128988772e-06
7 1.658569922532982e-06
7 1.939708664731065e-06
7 1.69172550075238e-06
7 2.03549055176917e-06
7 1.825986997564712e-06
7 1.640390040408584e-06
7 2.095878977940211e-06
7 1.379056485196866e-06
7 1.701780248545604e-06
7 1.790246236630553e-06
7 1.923225921540632e-06
7 2.201723955389957e-06
7 2.062185794059991e-06
7 1.833606897967803e-06
7 2.018041078609985e-06
7 1.394628673890169e-06
7 1.730016196195564e-06
7 1.543930354048972e-06
7 1.857746406030134e-06
7 1.543668796211979e-06
7 1.329776696776761e-06
7 1.875445518975156e-06
7 1.690901672582573e-06
7 2.120776150153821e-06
7 1.978010198150122e-06
7 1.485619636446832e-06
7 1.42370809099005e-06
7 1.564150752678359e-06
7 1.715507856844026e-06
7 1.895104807269595e-06
7 1.694407179322434e-06
7 1.69733911377181e-06
7 1.612456529823114e-06
7 1.743350139274237e-06
7 1.598260184386669e-06
7 2.098464426424309e-06
7 1.520361540912556e-06
7 1.645928935162083e-06
7 1.68706302143116e-06
7 2.31754501956117e-06
7 1.871266760996978e-06
7 2.122284484193363e-06
7 1.50449008897321e-06
7 2.126001036592796e-06
7 2.279926061158448e-06
7 1.59615078476344e-06
7 1.735837681315778e-06
7 2.226711422577263e-06
7 1.300270285871304e-06
7 1.865237076733223e-06
7 1.813943328773012e-06
7 1.521720349179857e-06
7 1.830011476715595e-06
8 5.660987887513838e-07
8 6.467298181454913e-07
8 5.09994122510915e-07
8 2.632770294105637e-07
8 1.358322506182649e-07
8 2.796057677572599e-07
8 4.0117678963034e-07
8 3.428032587430381e-07
8 6.758499774431415e-07
8 2.604190231658954e-07
8 4.388070038772465e-07
8 7.955107516547661e-07
8 5.113838433835482e-07
8 3.269901814689653e-07
8 6.258772718412971e-07
8 1.263039626003792e-07
8 5.018963477531771e-07
8 3.254652723180902e-07
8 5.160359819829851e-07
8 6.193489973778887e-07
8 5.85804112784063e-07
8 3.371626385644921e-07
8 4.738118561820222e-07
8 6.320123916008589e-07
8 3.818848384070674e-07
8 4.540169419351535e-07
8 6.061188101382405e-07
8 5.594010712743085e-07
8 6.447671063939712e-07
8 6.531924176065832e-07
8 6.946521502088266e-07
8 -8.842726799296111e-08
8 2.158590230578137e-07
8 4.95602660661938e-07
8 7.80381417575874e-07
8 6.608942575538607e-07
8 4.425122971631399e-07
8 4.227822686149781e-07
8 4.601454631086155e-07
8 6.336755152822922e-07
8 6.375307990477995e-07
8 5.782526129803886e-07
8 3.394488103202328e-07
8 5.692200290088431e-07
8 8.269987281779407e-07
8 4.175065536956385e-07
8 5.591450610585516e-07
8 5.40574053132968e-07
8 8.180638235831908e-07
8 5.306850652086998e-07
8 1.347738764329932e-07
8 5.182771680577019e-07
8 8.882368755077664e-08
8 2.788962002804745e-07
8 4.567109898373806e-07
8 4.729057630694939e-07
8 6.592951206953251e-07
8 5.859516631485082e-07
8 3.11203310807288e-07
8 3.719802536990937e-07
8 2.195797020184881e-07
8 5.512445587356837e-07
8 3.785155978786479e-07
8 2.685342546551159e-07
8 5.75446271325617e-07
8 5.39852331680065e-07
8 5.302001332380008e-07
8 5.862908491047261e-07
8 2.204733477562841e-07
8 5.010396893163546e-07
8 2.428649711467668e-07
8 2.048970859702311e-07
8 4.613064304842737e-07
8 5.115877374402371e-07
8 3.649515751723196e-07
8 6.719917532439796e-07
8 4.560184424989481e-07
8 5.858618863897867e-07
8 4.586837877513282e-07
8 3.322731226068845e-07
8 4.411946197033442e-07
8 7.945305303636055e-08
8 4.43769899170526e-07
8 3.093019303073051e-07
8 6.054337438318501e-08
8 5.525843628655584e-07
8 4.186648102977843e-07
8 5.116351498323107e-07
8 4.51452974349834e-07
8 6.304146741934241e-07
8 3.616039056714514e-07
8 4.918788461035121e-07
8 4.598304085630258e-07
8 4.935779564478743e-07
8 3.659863586578714e-07
8 6.862754291229301e-07
8 8.441325895694652e-07
8 4.280575566491926e-07
8 3.741222536785684e-07
8 4.728209856439621e-07
9 4.145939562567338e-07
9 2.131269708672351e-07
9 2.055238075074123e-07
9 4.578759824278484e-07
9 2.995885362922632e-07
9 5.146872435171759e-07
9 3.504599801037579e-07
9 3.721692509695773e-07
9 2.624811128402648e-07
9 2.12818246412452e-07
9 2.883186810401525e-07
9 3.820482843176599e-07
9 2.342137327675357e-07
9 5.418936471648321e-07
9 3.610586431128714e-07
9 3.308373502981024e-07
9 5.812451229171423e-07
9 -1.372490352983432e-07
9 1.437392903275618e-07
9 2.397872362090245e-07
9 1.547703301314839e-07
9 8.154471548410233e-08
9 1.802118037649949e-07
9 2.629185447375208e-07
9 5.739357150234521e-07
9 3.417081767580589e-07
9 -2.396226130533892e-07
9 7.544948888790609e-08
9 2.013986854364372e-07
9 4.899894526184754e-07
9 2.248022667426927e-07
9 4.279158088107745e-08
9 3.460451945979974e-07
9 5.129393319190825e-07
9 2.513397562054041e-07
9 2.194837566770247e-07
9 2.124421180040169e-07
9 6.334651297085786e-07
9 -6.06246263500896e-09
9 8.146909884660164e-08
9 2.670706148804335e-07
9 2.115380073069393e-07
9 8.064425891787699e-08
9 3.406648618765688e-07
9 6.995155585755123e-07
9 1.944566027700848e-07
9 2.725963063995421e-07
9 5.567993675664305e-07
9 2.930353382703842e-07
9 2.282200791550534e-07
9 1.281290161838081e-07
9 2.256662416569905e-07
9 4.745285522969704e-07
9 3.856748352950586e-07
9 3.025345401932247e-07
9 -1.308023826926352e-07
9 3.806758007987313e-07
9 1.97615065735164e-07
9 6.570038404888152e-07
9 3.854082929894492e-07
9 5.022351626871909e-07
9 2.368573321803622e-07
9 -6.102876594692832e-09
9 3.979054983066429e-07
9 -6.391131009062767e-08
9 1.710169629940207e-07
9 1.843681900011117e-07
9 -1.136532560807638e-07
9 2.504325922991661e-07
9 3.96629636269253e-07
9 1.522753956427972e-07
9 5.352324738530996e-07
9 5.606486147498696e-07
9 5.130548055934789e-07
9 2.555827486386939e-07
9 4.02416918901764e-07
9 2.699585408686962e-07
9 2.248204476531566e-07
9 3.966947601466357e-07
9 4.332527403804467e-07
9 3.138271993389437e-07
9 4.189431495311766e-07
9 2.229238744259325e-07
9 1.086794441405831e-07
9 4.91792647997747e-07
9 4.862081007258614e-07
9 -4.849750983360674e-08
9 4.258704842484403e-07
9 5.068899419423105e-07
9 2.964931611917923e-07
9 3.878206085125726e-07
9 4.879749449899103e-07
9 9.179150072162306e-08
9 5.421203738462928e-07
9 1.461094077928173e-07
9 3.98427566109192e-07
9 3.831726064002538e-07
9 5.748715913565222e-07
9 1.038388026374821e-07
9 6.242175386533591e-07
10 4.317042264420369e-07
10 2.360526287712734e-07
10 2.300796490099108e-07
10 3.746457672591511e-08
10 1.331762034873308e-07
10 4.28499271516972e-07
10 1.989167741982376e-07
10 1.253125140045847e-07
10 5.154817216799995e-07
10 1.327852837377886e-07
10 8.541286093519053e-08
10 -1.883775891013781e-08
10 5.025905097402152e-07
10 2.005220644000901e-08
10 7.154542016083809e-07
10 2.034775430839753e-07
10 2.550597660497377e-07
10 2.820001198618714e-07
10 3.821945537245917e-07
10 2.098665572287818e-07
10 5.710710185589254e-08
10 -6.640538924583209e-08
10 -1.021992433365801e-08
10 4.666023869262247e-07
10 3.965555705204477e-07
10 6.412845486000669e-08
10 1.577546992427424e-07
10 3.733866335580465e-08
10 2.725557633047197e-07
10 3.495619299318539e-07
10 2.566853818310206e-07
10 3.560285436984008e-07
10 4.878165351828026e-08
10 1.52282924634022e-07
10 2.999337611800543e-07
10 1.37560620839207e-07
10 3.342545759531325e-07
10 1.266850356662221e-07
10 1.959493886875446e-07
10 3.587662709375341e-08
10 1.895886653198174e-07
10 3.849213907071057e-07
10 3.549538600286566e-07
10 -4.393481450460382e-09
10 4.606403497468142e-08
10 1.43946851169653e-07
10 -1.174992519237061e-07
10 8.158996229361432e-08
10 -5.32409896817587e-08
10 3.145697556303489e-07
10 3.17156427914034e-07
10 -1.896885298091555e-07
10 3.093217347486728e-07
10 -1.524174663809695e-08
10 4.089238964229465e-08
10 7.317674929485946e-08
10 2.031111275304986e-07
10 -9.484550161788987e-08
10 1.091594213004687e-07
10 1.385492616893751e-07
10 -5.149614658163181e-08
10 -1.021967925644934e-07
10 3.012973365809215e-07
10 -6.109430703399956e-08
10 3.573079303158746e-07
10 3.112976835619873e-07
10 1.757149064320321e-07
10 -1.543758644913835e-07
10 -1.18076001932453e-07
10 4.316968679519709e-07
10 1.389246618402253e-07
10 1.821718897689028e-07
10 5.055826177431882e-08
10 1.093102268292193e-07
10 1.430954911827704e-07
10 4.809445062054864e-07
10 2.513951769848095e-07
10 2.07486568023767e-07
10 2.871228953676069e-07
10 3.501768835083028e-07
10 1.276858863999524e-07
10 -6.333920517861136e-08
10 2.313635422897733e-07
10 4.065013882352048e-07
10 -3.223133523160403e-07
10 2.489457543317586e-07
10 5.795222692753685e-08
10 -4.151523511811313e-08
10 2.480028365836826e-07
10 -6.217842198266676e-08
10 -7.884154696513318e-08
10 9.02043100684552e-08
10 9.098324617651753e-08
10 2.826029655058182e-07
10 5.794927359478441e-07
10 4.04708016622204e-07
10 1.755664846565417e-07
10 1.024694798499791e-07
10 1.390884402726314e-07
10 2.881329587993423e-07
11 -4.065958582064332e-08
11 -1.722088713900689e-07
11 8.49005388457372e-08
11 -4.10794049134808e-07
11 -3.5101251724561e-07
11 -4.269188838734816e-08
11 -2.039135068377057e-07
11 -3.088178923337964e-09
11 7.136447894434619e-08
11 1.755912723635745e-07
11 -8.574437890960048e-08
11 -1.308587704027855e-07
11 -1.036455041598533e-07
11 6.858015444827005e-08
11 -1.221298924305757e-08
11 -8.564426908138066e-08
11 -1.838164828069507e-07
11 1.453823061882952e-07
11 2.790953234181837e-08
11 -7.857773077595525e-08
11 -3.458418640985247e-07
11 3.840987610871825e-09
11 -5.481049951711745e-08
11 -1.077539081812891e-08
11 -6.558253605362094e-08
11 -1.672557251038396e-07
11 -2.259822364961747e-09
11 -2.77125666007207e-08
11 -2.087576277743108e-07
11 1.036515257580758e-07
11 -3.074174260623512e-07
11 -3.265700602948033e-08
11 -1.659448512751092e-07
11 -2.211819968573691e-07
11 -4.730356591487926e-08
11 -9.4057934880784e-08
11 -2.120563643168108e-07
11 -3.019666032012641e-07
11 6.01255717924372e-08
11 -1.535845922223413e-07
11 3.6746413150386e-08
11 -4.217342938788317e-07
11 -7.022237183294821e-08
11 -2.686776522363908e-07
11 -3.802660407149624e-07
11 1.754117513491385e-07
11 -1.413152765581492e-07
11 -1.273160034764852e-07
11 1.595042442386921e-07
11 -3.422662798028431e-07
11 -1.520273605551462e-07
11 -1.000230561829207e-07
11 -6.634203408976386e-08
11 -2.964349915564295e-07
11 1.253094197447261e-07
11 -2.36426020927333e-07
11 -4.324200054541257e-07
11 2.380966048986141e-07
11 2.350562874600525e-07
11 -1.266164495077911e-07
11 9.198619685211175e-09
11 -4.126656706362483e-08
11 -2.397395940406085e-07
11 -1.444721162155811e-07
11 1.726859194655486e-07
11 -3.408936133631634e-07
11 7.833967240425461e-08
11 -2.012211975560638e-07
11 -1.341125216651117e-07
11 7.329196497440737e-08
11 -2.333530128079159e-07
11 -3.150584511696699e-07
11 -3.320878751716949e-07
11 1.554543880533295e-07
11 2.560598723714434e-07
11 -8.580342057508172e-08
11 -2.968753750324116e-07
11 -9.274339529678434e-08
11 3.326406435192352e-07
11 -4.127764070730267e-07
11 -1.416028701049542e-07
11 -1.759504563190263e-07
11 -8.297094411312686e-08
11 -3.072766184034595e-07
11 4.008704729655518e-08
11 -1.905665001580155e-07
11 -1.504320456600578e-07
11 -6.417040636189308e-07
11 -1.627645337143381e-07
11 -3.819249849105695e-09
11 -3.583429513785804e-08
11 3.725891466916456e-08
11 3.535381770469867e-08
11 -2.707445579093991e-07
11 2.608460024315667e-08
11 2.904872571164273e-07
11 -2.277583667466887e-07
11 -5.129185949851443e-08
11 -3.168596165407843e-07
11 -1.696129622393777e-07
12 2.140852643942963e-07
12 3.417418825875194e-07
12 4.296113629001597e-07
12 -1.192924024395774e-09
12 5.385435991757542e-08
12 -4.728517764058123e-08
12 3.007065906630047e-07
12 3.603016386717604e-07
12 2.615960667158403e-07
12 5.098017566131591e-08
12 1.815079202517651e-07
12 2.509624431974899e-07
12 1.561456302010563e-07
12 4.948376866440781e-07
12 6.633335820803132e-08
12 -2.577993697745193e-07
12 3.289106242198179e-07
12 1.316161116058494e-07
12 2.914022505543427e-07
12 -1.351708481211596e-07
12 2.383133487596722e-07
12 6.357394347865106e-08
12 9.0432448504335e-08
12 4.653625752657229e-07
12 4.160414079190653e-07
12 -5.617864096030843e-08
12 2.144240719829934e-07
12 2.129690706185293e-07
12 -3.31226279597631e-07
12 2.73283689924734e-07
12 9.963601081281238e-08
12 1.586417232383778e-07
12 -1.332066837503219e-07
12 1.361297888205546e-07
12 2.368242558494992e-07
12 6.002691109672256e-08
12 -7.014260338823042e-08
12 -9.346468888894306e-08
12 4.098618278462054e-08
12 -9.294849405930464e-08
12 -2.221110983150711e-08
12 4.638570827020977e-07
12 -1.195704122113968e-07
12 -1.84753913226644e-07
12 2.04488917829044e-07
12 2.054109752398443e-07
12 1.20638050629972e-07
12 1.37747823504117e-07
12 1.686826908739573e-07
12 1.584687384197686e-07
12 3.95921874198158e-07
12 3.627037809117313e-07
12 4.521677850893757e-07
12 -1.254928120225698e-07
12 3.675743167238908e-07
12 3.62234690242838e-08
12 2.978970405065206e-07
12 4.061515286445486e-08
12 3.719884640567728e-07
12 2.118625937680991e-07
12 3.702450153804219e-07
12 2.001488528224645e-07
12 3.145733129860651e-07
12 2.9295026640056e-07
12 1.117364462384901e-07
12 1.745362056407729e-07
12 2.014089010367496e-09
12 3.682941450938228e-07
12 1.797847159626651e-07
12 -9.843607784510489e-08
12 4.240764998974093e-08
12 6.925798453985597e-08
12 1.12159651617975e-07
12 2.190392598969429e-07
12 2.198272507398926e-07
12 1.998885630925524e-07
12 1.841717673580011e-07
12 1.201828338075341e-07
12 2.401457082568806e-07
12 3.582094054561222e-07
12 6.981685829853096e-08
12 5.252838710752549e-07
12 1.896385706068159e-07
12 -1.350721527507272e-07
12 4.952851669996863e-07
12 1.476720404981332e-07
12 1.952709912993931e-07
12 9.089183881019671e-08
12 5.415307576302864e-08
12 -1.276733781118933e-07
12 -2.805974938060285e-08
12 2.141716647621512e-07
12 1.872142928771949e-07
12 2.70304026841463e-07
12 2.678305227276819e-07
12 1.291713726738055e-07
12 1.975259898085226e-07
12 2.879439010997722e-08
12 1.205037647949812e-08
12 2.403265414012482e-07
13 3.058652528523079e-08
13 -1.362072174395228e-07
13 1.340350105071129e-07
13 8.40643698685594e-08
13 -2.540814677546724e-07
13 1.555578319187647e-07
13 -3.214758396515598e-07
13 -1.758571138369243e-07
13 7.966635892707252e-08
13 -2.04410817904433e-07
13 2.051507549677312e-07
13 5.818050465835509e-08
13 -5.565435921932494e-08
13 3.156800646226212e-08
13 2.019978744094316e-08
13 2.576061713727587e-07
13 1.198971297590018e-07
13 -2.127236658224171e-07
13 1.375433497242053e-07
13 -1.512043129584642e-07
13 5.504281268435763e-08
13 3.144497116669961e-07
13 -2.308251896055732e-07
13 1.108240961501736e-07
13 -1.881698731706239e-07
13 -4.104409918030932e-08
13 3.528132557406265e-07
13 1.811098976694753e-07
13 -8.970087803380974e-08
13 -3.052056598149344e-07
13 7.662607337889025e-08
13 5.634674173486829e-08
13 1.543264148005396e-08
13 1.711288326860054e-07
13 5.850847843116906e-08
13 8.625891943546579e-08
13 1.970301021335315e-07
13 7.392039466560594e-08
13 -2.195477489646811e-07
13 2.430912177022934e-07
13 2.068439409478193e-07
13 6.392806601199186e-08
13 8.780141533114218e-08
13 3.596606490672105e-08
13 1.225469079833491e-07
13 5.480601701756355e-08
13 1.266901301088804e-08
13 -2.418352343458358e-07
13 -2.299857335148026e-07
13 -5.88472366057054e-08
13 -9.760812344152156e-08
13 -7.247600745950285e-08
13 -1.859243011123835e-07
13 -1.707609898135954e-07
13 -2.200116894417507e-07
13 -1.506718708132142e-07
13 1.312366327355115e-07
13 1.178093475680737e-07
13 1.21971759709639e-07
13 1.276136027527967e-07
13 2.621759641411191e-07
13 -4.401695512973266e-07
13 -6.009605652843467e-08
13 -2.017160709063782e-07
13 -2.689574258779143e-07
13 1.858363108754833e-07
13 2.749433293156064e-07
13 -4.721282891499338e-07
13 -1.547099989735728e-07
13 -1.334010967807452e-07
13 -1.020287411028868e-07
13 -4.617547818312337e-08
13 -3.007780848214239e-10
13 -6.113632582005213e-08
13 -1.149730251540979e-07
13 2.641320046902639e-07
13 -5.980995174559707e-07
13 -3.540014471915404e-07
13 3.439737440711099e-07
13 -1.608194706449397e-07
13 1.228889881732569e-08
13 9.804110758127449e-08
13 -3.180636030753097e-08
13 -2.887766036830713e-07
13 -4.118149987775646e-08
13 8.951369553669624e-08
13 -1.289909803653446e-07
13 -7.477583397224649e-08
13 -1.258381290167234e-07
13 -1.046787644805241e-07
13 -9.401421106324225e-09
13 1.128774261124229e-07
13 -3.751190412938432e-08
13 -3.358099742202015e-07
13 7.874575764027245e-08
13 -2.241918161606759e-07
13 -1.116514681494692e-07
13 -8.198087696852419e-08
13 -6.66617606318688e-09
13 1.40318161805674e-07
14 2.759913990091891e-07
14 -3.80728996347716e-08
14 -3.606263979745158e-07
14 3.858221277163468e-07
14 -9.38461391312901e-08
14 3.538334332876268e-07
14 2.659722304495179e-07
14 -1.785908029877172e-08
14 2.613644917145648e-07
14 -9.558791987167398e-08
14 8.471151727051977e-08
14 -2.974046833617743e-08
14 1.625552477527639e-08
14 -1.95661692134488e-07
14 1.75231396203456e-07
14 -1.412790121728312e-07
14 5.496091612066129e-08
14 -1.999220156412188e-08
14 1.163944739323114e-07
14 -1.127611502965925e-07
14 1.583740485507227e-07
14 1.766120653283673e-07
14 -1.945121408337192e-07
14 1.20560514381355e-07
14 2.991938461278395e-08
14 1.734615838632466e-07
14 2.436430069551558e-07
14 -4.959727048812974e-08
14 -9.281582615562226e-08
14 2.68247890330784e-07
14 -3.491532981757185e-08
14 -1.443531204348858e-07
14 3.136442600821214e-08
14 -1.161900284712102e-07
14 8.769397803538694e-08
14 1.82280613793782e-07
14 2.672736082352223e-07
14 2.892850765765684e-08
14 2.716676169617117e-07
14 -3.550284894046982e-08
14 -3.238373871749884e-07
14 3.083088831611709e-07
14 1.531090116606726e-07
14 4.127702055572234e-07
14 3.528550665327723e-07
14 9.236694801636165e-08
14 3.624849167968031e-08
14 2.707733217764608e-07
14 7.825393574217165e-08
14 2.280826611530403e-07
14 -5.814439040744894e-08
14 1.551604386560596e-07
14 -1.366962678189127e-07
14 2.657466620209519e-07
14 1.313572344851389e-07
14 -2.020748906992013e-07
14 2.261702130646846e-07
14 2.835278533827492e-07
14 1.894803493108731e-10
14 2.922483905267997e-07
14 -9.291743193639911e-08
14 7.48314287848833e-08
14 8.760067594919243e-08
14 3.481330250981597e-08
14 1.732058972895749e-07
14 1.783201466061022e-07
14 -5.226580115800428e-08
14 3.33568484352181e-08
14 1.731541790837255e-07
14 1.095987866424708e-07
14 8.699158089768442e-08
14 -6.586375222359125e-08
14 -5.601563154786573e-08
14 2.246334268088832e-07
14 -4.420884689553151e-08
14 -4.551253476086663e-07
14 -1.852574688310103e-08
14 -8.595538789767019e-08
14 -3.250882965127414e-08
14 3.695399102838907e-08
14 1.453798034127363e-07
14 9.364247142180367e-08
14 2.540652319219742e-07
14 6.185057940044844e-08
14 4.834563495302244e-07
14 3.083453842532355e-08
14 1.526392533971016e-07
14 2.1004287166274e-07
14 3.111287934391706e-09
14 -1.508775842688117e-07
14 6.139898105414715e-07
14 -5.617683282868086e-08
14 2.143106365348754e-07
14 4.78922769206798e-07
14 1.32675194921045e-07
14 4.633599381743359e-08
14 3.382486203287353e-07
14 3.875216992484716e-08
14 2.067248981616163e-07
14 2.611778720586081e-07
15 4.774048984095061e-07
15 1.021414912508723e-07
15 2.302405554898725e-07
15 2.631913774752751e-07
15 -2.421806894442555e-08
15 7.69434431316191e-08
15 4.024103600348931e-07
15 4.451741517395509e-07
15 4.252272281828065e-07
15 1.867760891430441e-07
15 9.120670802974349e-08
15 2.319718661517391e-07
15 4.102976848398883e-07
15 4.776325631524082e-08
15 3.133116989314646e-07
15 5.595755194139157e-07
15 1.702444921118045e-07
15 1.853685538178714e-07
15 5.116000760197714e-07
15 4.420588106239025e-07
15 7.202361827994689e-07
15 6.498544924953645e-07
15 3.56853273598355e-07
15 4.673438310832091e-07
15 1.431706085999506e-07
15 4.035834789635143e-07
15 2.882085958210821e-07
15 7.594768878459303e-07
15 3.215214330461974e-07
15 5.033856352049283e-07
15 2.747167960041524e-07
15 1.133683580750151e-07
15 -2.811293939940257e-09
15 2.240364673920586e-07
15 1.928715965470002e-07
15 1.077968446460461e-07
15 3.03008814831909e-07
15 3.760534980570807e-07
15 3.330265709230225e-07
15 5.295030310325674e-07
15 3.348825072958783e-07
15 4.556697694108549e-07
15 4.216139926842379e-07
15 6.178163281764328e-07
15 3.562332188526563e-07
15 2.781930206623847e-07
15 1.644257683721102e-07
15 2.901637051874221e-07
15 3.476889579900065e-07
15 2.803927567865666e-07
15 3.093311747020493e-07
15 1.645964217792409e-07
15 4.761532741563386e-07
15 2.4244335186977e-07
15 4.91818716434289e-07
15 3.521983918030885e-07
15 5.137104677661699e-07
15 2.68135870492411e-07
15 5.178788405224264e-07
15 1.333426811199858e-07
15 3.233431936708009e-07
15 4.999744625439464e-07
15 3.760922377901416e-07
15 1.119713246665656e-08
15 7.119200258506077e-07
15 5.164903802107085e-07
15 5.362889381520471e-07
15 6.286081827096319e-08
15 6.198475288827999e-07
15 4.22055685656762e-07
15 4.329808600780584e-07
15 3.42895007899364e-07
15 3.598263386565018e-07
15 -1.09694429009419e-07
15 3.195246611240455e-07
15 4.156156569843866e-07
15 2.355531876381376e-07
15 5.007290571449095e-07
15 4.938539886376447e-07
15 5.413733739406789e-07
15 5.802099275194135e-07
15 6.086814601394681e-07
15 2.641748180865136e-07
15 2.368533101005222e-07
15 4.129197208447454e-07
15 2.453410262572955e-07
15 2.214678848180493e-07
15 3.2818036606641e-07
15 4.386813973161748e-07
15 3.484321119381957e-07
15 4.324882876012488e-07
15 5.204009624125793e-07
15 3.954496398062194e-07
15 1.339578216620331e-07
15 4.666264209643421e-07
15 -4.757721168431945e-09
15 4.551246504083978e-07
15 1.608254125255817e-07
15 6.433678767148799e-07
15 5.385484190467158e-07
16 2.005197527099567e-07
16 1.855716318812125e-08
16 4.784820754277675e-07
16 3.225390790193735e-07
16 2.109737761606776e-07
16 1.487192474508895e-08
16 3.098664481493113e-07
16 -1.542963347590802e-07
16 1.380024966300326e-07
16 4.028477719125353e-07
16 4.727754874037283e-07
16 3.315636198709772e-07
16 1.618444332910477e-07
16 -1.095233611437586e-08
16 6.20233922284921e-08
16 2.477595338078246e-07
16 2.113725658902182e-07
16 2.925049104257205e-07
16 2.566727328146599e-07
16 1.141103162792346e-07
16 2.743592889702613e-07
16 3.508717756937162e-07
16 3.881203547167564e-07
16 2.798125236374162e-08
16 3.827338087949668e-08
16 4.489203180943258e-07
16 2.571605987370648e-07
16 1.830448469044482e-07
16 2.708763196853201e-07
16 -1.133462094625612e-07
16 1.816517716315662e-07
16 5.074028961062478e-08
16 3.273933009870787e-07
16 1.766987002359759e-07
16 2.306068219004007e-07
16 6.459697984920618e-09
16 1.832411558347977e-07
16 2.9239275296461e-07
16 4.410041601614657e-07
16 5.19458711196717e-07
16 1.889088126799077e-07
16 1.846048625857519e-07
16 2.607510872205865e-07
16 8.047110832143741e-08
16 5.444835567235167e-07
16 1.170580545619926e-07
16 -2.219031084985654e-08
16 2.330108708499052e-07
16 2.693552340701727e-08
16 2.502204581616694e-07
16 1.245399397832825e-07
16 2.397244573733464e-07
16 1.217957546355898e-07
16 1.820592220881477e-07
16 1.486715031522538e-07
16 3.38507363346728e-08
16 4.515684942779137e-07
16 -5.203711960312581e-08
16 -2.848223010104633e-08
16 1.391677024209279e-07
16 1.705739802159481e-07
16 6.944754170477822e-08
16 2.599361549894234e-07
16 3.461542697035247e-07
16 3.680332026448934e-07
16 2.570119591360489e-07
16 2.892629723370657e-07
16 -8.839257708949378e-08
16 1.001214872464967e-07
16 5.019689225225968e-07
16 1.196526423385367e-07
16 1.562766664395091e-07
16 1.397941350726868e-07
16 2.148557469475641e-08
16 -1.329987929495606e-07
16 5.832832339834141e-08
16 1.784697695884315e-07
16 2.122304314604488e-07
16 -6.518744888439592e-08
16 1.15604235526338e-07
16 2.819421786002026e-08
16 5.067837900185954e-07
16 2.211628655223601e-07
16 2.966626230174795e-07
16 6.626875782247294e-08
16 2.292248338324729e-07
16 1.642673740718785e-07
16 -3.760603187770561e-08
16 4.070702893730976e-07
16 2.71600112146914e-07
16 3.66100724731678e-07
16 -3.200474968147383e-08
16 1.577943386590999e-07
16 3.714356554936989e-07
16 4.75150408266157e-07
16 1.058839686985125e-07
16 6.947396616298155e-09
16 4.837560580056203e-07
16 2.410459214793549e-07
16 6.128146650390074e-07
17 2.506040406541566e-07
17 4.709084935254305e-08
17 2.62301714697893e-07
17 1.281100147873035e-07
17 5.114994420305031e-07
17 3.462392094272227e-07
17 6.784072435024919e-07
17 5.632259771553991e-07
17 3.173155634703187e-07
17 3.254143961481382e-07
17 1.741195672102521e-07
17 1.906357218136602e-07
17 2.297103448801467e-07
17 3.679193332964758e-07
17 6.58017702496088e-07
17 2.570973174930423e-07
17 4.371698149274128e-07
17 2.521660940001392e-07
17 3.038718275583655e-07
17 4.140670075336135e-07
17 -1.049389060434997e-07
17 2.393972026210016e-07
17 1.829583788553181e-07
17 5.256785964162169e-07
17 2.203383203953454e-07
17 1.386019590610827e-07
17 3.014671239084606e-07
17 6.168210107605472e-07
17 2.363763894849598e-07
17 2.084416500383572e-07
17 1.789267547633114e-07
17 3.515030073548153e-07
17 3.942103156424905e-07
17 8.360691409740339e-08
17 6.288423545762347e-09
17 4.200048524279796e-07
17 3.442825579516118e-07
17 3.096066474764419e-07
17 2.638053490672348e-07
17 3.898989953588379e-07
17 7.680304864327198e-08
17 3.402030705051067e-07
17 -4.177095161694055e-08
17 1.112789636995553e-07
17 3.26506172481512e-07
17 -6.29955550527277e-08
17 5.176013536828485e-08
17 4.716038305554579e-07
17 6.499491127048403e-07
17 5.042961222838592e-07
17 2.797459611075661e-07
17 3.651189870925879e-07
17 3.668855589392957e-07
17 2.685544186994954e-07
17 2.336080019212306e-07
17 3.009715117265087e-07
17 5.929073272268374e-07
17 2.370986765029928e-07
17 6.63400051043395e-07
17 4.455845820866859e-07
17 1.091991427099314e-07
17 3.312085718027439e-07
17 1.903249229744722e-07
17 3.552178721051205e-07
17 3.137464655858158e-07
17 6.37334721384446e-07
17 4.340044442418111e-07
17 5.119881616850544e-07
17 7.416931316410302e-07
17 2.7500667893932e-07
17 3.550234359845597e-07
17 3.61640544586399e-07
17 3.746238946537419e-07
17 3.736013809781083e-07
17 3.152623706217858e-07
17 2.040146205816714e-07
17 3.759194256680847e-07
17 1.864043389689657e-08
17 2.86498966705502e-07
17 4.507186733811226e-07
17 6.850150386131677e-07
17 2.263334646105603e-07
17 6.414046970819552e-07
17 5.312304979434931e-07
17 4.951691115465954e-07
17 5.650528156410505e-07
17 5.800133295960003e-07
17 -4.179693742563207e-08
17 9.377420427074785e-08
17 2.234428742589777e-07
17 2.856648859826814e-07
17 1.454835886641042e-07
17 5.054944799524842e-07
17 2.919989493777724e-07
17 5.799900329110136e-07
17 4.382784872320575e-07
17 2.338171919599421e-07
17 3.510427319767148e-07
17 2.950565047381252e-07
17 1.814754566354789e-07
18 7.298225584614885e-08
18 2.594683617675197e-07
18 -4.191479788045374e-08
18 -9.446028753839686e-08
18 2.888186783928197e-07
18 -3.708004972057867e-09
18 -1.676137702978922e-08
18 -1.445548534748507e-07
18 -1.033990093603258e-07
18 1.589497696289499e-07
18 -9.796557021400016e-08
18 -2.929874827743621e-07
18 -2.433113360184663e-07
18 2.671728281744676e-07
18 2.201815385649651e-07
18 2.098079442119026e-08
18 -1.107927990345037e-07
18 7.588157007445061e-08
18 1.134112925542334e-07
18 2.97398986135368e-08
18 3.091834418075877e-07
18 -1.476724404967346e-07
18 -3.430506065027553e-07
18 -1.339714088039087e-07
18 1.770535604306619e-07
18 2.635952289069182e-07
18 -3.864983316345442e-07
18 3.494217475026709e-09
18 -2.969654936220156e-07
18 2.423703843344463e-07
18 -1.998868458692952e-07
18 3.285575678132223e-07
18 2.116873914403008e-07
18 -1.748496317258719e-07
18 1.994153041246625e-07
18 -4.067612860877794e-07
18 -9.97185661164373e-08
18 -4.26944443536849e-09
18 -1.022309334907186e-07
18 9.404601224212831e-09
18 -2.095488490155874e-07
18 -1.729205264170637e-09
18 1.623287721441054e-08
18 -1.065260701622277e-07
18 -1.247395476086908e-07
18 -1.237723729296858e-07
18 2.547361769744657e-07
18 1.644107831305324e-07
18 2.563673883720643e-07
18 1.238026500112765e-07
18 9.335489760794487e-08
18 2.917840200905854e-07
18 -1.079868318538588e-07
18 -1.579240758263748e-07
18 2.169974556148967e-07
18 1.364465135301347e-07
18 -1.225589958181548e-07
18 7.206618011824422e-08
18 -1.424095262471956e-07
18 -1.488004474230175e-07
18 -8.974668031715515e-08
18 -1.946420416125118e-07
18 -4.359677652663196e-08
18 4.447201766192219e-07
18 2.017856175045498e-07
18 5.552654322241312e-08
18 1.167332088566887e-07
18 1.917024661824724e-07
18 1.910848980707498e-07
18 -1.41494455722034e-07
18 -2.00243399767375e-09
18 2.744098294407091e-09
18 -1.395740191767812e-07
18 4.220102930106836e-07
18 7.295889149831624e-08
18 -2.06560099819779e-07
18 -1.108697512162291e-07
18 4.233315327240085e-08
18 -1.822351612264187e-08
18 -8.960734413572082e-08
18 -1.703781636340568e-07
18 3.125523915254199e-07
18 2.366784109263606e-07
18 1.999348854436236e-07
18 4.360365362682658e-07
18 -2.073274302387367e-07
18 2.668010403662259e-07
18 9.627494308872996e-08
18 -9.778290973886078e-08
18 2.431766197524587e-07
18 1.83545063827064e-07
18 2.409966089915759e-07
18 1.719358352916807e-07
18 2.291975590055356e-07
18 1.930074117470154e-07
18 -3.624648198945443e-07
18 3.421503280387591e-07
18 -2.119234144572637e-08
18 8.477743111568507e-08
18 -3.98697528757062e-07
19 3.571275886796652e-08
19 2.360960106997289e-08
19 1.221903722522046e-07
19 -8.127036542898324e-09
19 2.654248952844177e-07
19 2.04044438242799e-07
19 -9.351506915252407e-08
19 7.951161671496881e-08
19 3.855713703180994e-07
19 -1.187844296700098e-09
19 1.751472631839318e-07
19 1.554998241517584e-07
19 1.133854012720232e-08
19 -9.776557017341365e-09
19 1.620665987331555e-08
19 3.30099967172183e-08
19 1.655390241817554e-07
19 5.415683591837851e-08
19 -7.603038245616714e-08
19 1.805975028455582e-07
19 3.285977592157306e-08
19 1.370967706885304e-07
19 1.76274902575786e-08
19 -1.765313023364963e-07
19 1.058520548715107e-07
19 6.220645712142462e-08
19 -1.405352620465543e-07
19 -8.639312914376761e-08
19 1.774580417095174e-07
19 1.839821269650328e-07
19 1.017694540694715e-07
19 8.873162295288402e-08
19 1.381703586551624e-07
19 -1.66271128582562e-07
19 -2.707115898097247e-08
19 -7.493601037435126e-08
19 -9.205112594993798e-08
19 1.919424363342696e-07
19 2.179862874690962e-07
19 -9.939542204879925e-08
19 5.643185963155049e-08
19 1.466931331887959e-07
19 2.272740411653968e-07
19 -9.572762350214541e-08
19 -3.776408219956475e-07
19 4.575207853931367e-08
19 5.549543783646788e-08
19 -1.89110315832087e-07
19 2.155938487570101e-07
19 3.928752785353608e-07
19 -1.136224990593747e-07
19 1.798900871351222e-07
19 3.012561067091133e-07
19 -6.935235726075492e-08
19 1.337870942047238e-08
19 -6.925400783939849e-08
19 -6.318122568272825e-08
19 4.876627055483871e-08
19 -1.803309170397776e-08
19 -1.340936406301572e-07
19 1.333656860511386e-07
19 6.173670573699223e-08
19 3.922728062479997e-07
19 -2.677680708928255e-08
19 2.447705591028736e-07
19 6.600425532337941e-08
19 -6.30961106493299e-08
19 -1.854541165470264e-08
19 8.491967424900983e-09
19 -1.834449184389345e-08
19 9.257760625709266e-08
19 2.807782697827326e-07
19 1.905486560954588e-08
19 4.662077755507211e-08
19 -1.113250466773438e-07
19 1.180171878489526e-07
19 -2.926165754966879e-07
19 1.582606095524619e-07
19 -2.303946679970738e-07
19 1.954254877715963e-07
19 -1.384343301103315e-07
19 3.058721761634194e-07
19 3.142050519149596e-07
19 -1.648147138502894e-07
19 2.659877745286135e-07
19 6.279071765773124e-08
19 3.339922507501414e-07
19 -1.229744273615054e-07
19 -7.252767197929496e-08
19 -7.074328574864516e-08
19 -1.672988205384875e-07
19 8.514658413227232e-08
19 9.837750655904973e-08
19 -1.404295897635215e-07
19 -1.4964658721825e-07
19 3.21860747867929e-07
19 2.160121401842094e-07
19 4.985279949633896e-07
19 -1.531836275065769e-07
19 1.069092847001611e-07
20 -2.215162963006564e-07
20 -2.746036961081405e-07
20 -8.18607757847312e-08
20 -6.447472703629623e-08
20 -1.599378989548955e-07
20 -9.674722152994331e-08
20 -4.306911446245493e-07
20 6.056646645087577e-08
20 -1.626215502045968e-07
20 2.574569555471302e-08
20 -1.093526988330984e-07
20 -6.583001073697025e-08
20 -2.51075195074285e-07
20 -3.008868279841056e-07
20 -8.507994898538396e-08
20 -2.458847816393181e-07
20 -1.242291418549209e-07
20 -3.322228789654804e-07
20 2.50901904311619e-07
20 -1.572052603462497e-07
20 7.647737042207745e-08
20 -2.678592884935626e-07
20 1.544839485312787e-07
20 -8.557193379441249e-08
20 -1.726820892412385e-07
20 -3.156799981012144e-07
20 1.030414730125471e-07
20 -5.966314309705515e-07
20 5.174781110098912e-08
20 2.206096225581442e-07
20 -2.264861752171901e-07
20 -5.714638139149678e-09
20 -5.939932057624209e-08
20 -3.224688847386056e-07
20 2.06531403297042e-08
20 1.647515292781597e-08
20 -3.756007669925843e-07
20 -4.447220863060377e-08
20 1.280605592277742e-07
20 1.300571178235369e-07
20 -1.937496056862779e-07
20 -5.426584993607528e-08
20 -3.011473731289234e-07
20 -1.581221005964892e-07
20 -3.492309048323516e-07
20 -9.769734500213854e-08
20 3.260865090768776e-08
20 -5.039087924987738e-08
20 -2.359523762201313e-07
20 5.755417521517841e-08
20 -6.712112615547675e-08
20 -1.674063142114485e-07
20 -3.568655886445783e-07
20 -8.349482320373752e-08
20 1.203864793309432e-08
20 -1.99725053079263e-07
20 -1.46983864386672e-07
20 -3.898776915011062e-08
20 -5.419733105253391e-07
20 -1.82478062077667e-07
20 -1.674764131947035e-07
20 -1.078561065167608e-07
20 -2.216523763244803e-07
20 -1.261859032785895e-07
20 -1.578365131012031e-07
20 -2.361437127410957e-07
20 -1.285970297161034e-08
20 1.08922179912671e-07
20 -3.233020656544081e-07
20 -8.433552806849657e-08
20 -3.232672455267912e-07
20 -5.385946086113339e-07
20 -1.708548769540516e-07
20 -4.274529154530888e-07
20 2.189753765279294e-07
20 -2.272487320209122e-07
20 1.124965177341454e-07
20 -1.581726298258631e-07
20 -2.331707220625224e-07
20 -3.168327323045763e-07
20 1.629457926922513e-07
20 -1.42108994867385e-07
20 -8.290788843728043e-08
20 -1.064515958375452e-07
20 1.668673273848986e-07
20 -4.628804728979027e-07
20 -1.787221404301972e-07
20 -3.154064489856395e-07
20 -1.450965753290024e-07
20 -1.11606085232182e-07
20 -4.808607414225022e-08
20 -1.447905560824081e-07
20 -2.369732598874869e-07
20 -3.329652225546838e-07
20 -3.671733952421854e-07
20 -1.480157217035269e-07
20 -1.174297003804224e-07
20 -3.949547723010651e-07
20 -3.04796587492206e-08
20 -4.17984001391351e-07
21 -2.192844081912181e-08
21 2.150197735531702e-07
21 2.628306010971985e-08
21 -5.173649546216107e-08
21 -2.227599538688886e-07
21 -2.410455957763859e-07
21 -2.025619980807169e-08
21 7.551601476096327e-08
21 -8.932250010287473e-08
21 -4.518823029120158e-08
21 -3.879239420668735e-07
21 -4.159356076562404e-09
21 1.669192210456264e-08
21 -1.110773924350128e-09
21 -7.805574139952096e-08
21 -5.826152313885278e-08
21 -2.424759149656803e-07
21 -2.113413373969962e-07
21 -4.588180348973474e-08
21 3.6167070969514e-08
21 -1.715375022093828e-07
21 3.544765470854561e-07
21 -4.425620221039992e-07
21 -1.191346543159447e-07
21 -3.046453708367886e-07
21 1.433503897337019e-07
21 -1.510785155874613e-07
21 8.142976039035432e-08
21 -1.617032471904844e-07
21 -3.202661923995873e-08
21 -2.258372847909781e-08
21 -2.373586828913856e-07
21 -3.75665555602876e-07
21 9.853179108637037e-09
21 2.15895179926417e-07
21 9.563123850255957e-09
21 -1.345174839021765e-07
21 3.608629603502719e-08
21 -3.280915214221023e-07
21 3.229720150443122e-07
21 1.785752479475393e-07
21 -1.287211471712574e-07
21 3.228007129616312e-07
21 -1.470161368146982e-07
21 -3.073240780476523e-07
21 6.09970740678174e-07
21 -2.285116512148798e-07
21 9.52916044309444e-08
21 -3.57048542280431e-08
21 -1.580058727274076e-07
21 1.651828798720181e-07
21 -1.463333565479647e-07
21 1.585192886646147e-07
21 -6.818938338104952e-08
21 3.705248814501431e-08
21 -1.854998349459432e-07
21 -1.360727605693374e-07
21 -1.256509830187223e-07
21 -9.846642948870497e-08
21 -8.803341271515653e-08
21 1.277745215429726e-08
21 -6.79636293468177e-08
21 -1.747521086307436e-08
21 -3.381945008922996e-08
21 -1.963896398612609e-08
21 -4.05305298025859e-07
21 -1.138947308760522e-07
21 -7.923880816065682e-08
21 1.436678300412674e-07
21 -5.732963774439368e-08
21 4.713060623592055e-07
21 -1.167624355431759e-08
21 -1.987303757888941e-07
21 2.973224635803813e-07
21 2.465582755772763e-07
21 2.979250023597462e-07
21 4.537761036002316e-07
21 -1.803084158386493e-07
21 -7.076746499510505e-08
21 -9.822465127131285e-09
21 -2.053799024794188e-09
21 1.43932128049058e-07
21 1.195468823832511e-08
21 2.946650902990464e-07
21 1.197138746558782e-07
21 1.323313675121507e-07
21 -2.051327883157693e-07
21 -2.668923163376087e-07
21 1.031982432595415e-07
21 -2.245242260495578e-07
21 -3.466784247537302e-08
21 1.066730718592213e-07
21 -9.14624738411803e-08
21 -9.766887772159394e-08
21 5.036820629839365e-08
21 -7.704281832092602e-08
21 -7.228861927102084e-08
21 -1.993237643965907e-07
21 3.018220695721442e-08
21 -2.256234666332331e-07
22 2.64015730459393e-09
22 -3.709338041744768e-07
22 -5.072875207369246e-08
22 2.968905770086317e-08
22 2.648318783304584e-07
22 -1.511114557587052e-07
22 1.850413655002812e-07
22 -3.155034606145026e-07
22 -4.449117401829896e-07
22 -8.942923898313916e-08
22 2.668126322226097e-08
22 -3.562045475936755e-07
22 -1.129448229767144e-07
22 -2.135760635756565e-08
22 1.608202558025027e-07
22 1.841080454844945e-07
22 -2.853425275391181e-07
22 2.6111159536702e-07
22 -3.13719668523812e-07
22 -7.296613570277482e-08
22 -2.122700398635184e-07
22 -2.26873418484905e-07
22 -3.400316925544855e-08
22 -1.87911118416928e-07
22 6.196229104313033e-09
22 -1.037806122243818e-07
22 4.400180341096163e-09
22 -1.948455991969893e-07
22 -4.670192436526399e-07
22 -4.538653398112179e-07
22 -3.516270115392407e-07
22 -3.1145836607725e-08
22 -3.137698310866593e-07
22 -1.47243111373013e-08
22 -9.38903191319485e-08
22 -1.905564262954717e-07
22 -3.449378959054184e-08
22 -4.432569362941893e-07
22 1.925684565579959e-08
22 -1.492565092796023e-07
22 -7.23824105165385e-08
22 -5.246350298430719e-07
22 -2.161859789947582e-07
22 -1.345785546737914e-07
22 -3.207438699382054e-07
22 -3.616382684702491e-07
22 -3.36886428125142e-07
22 -7.336674902028279e-08
22 -1.918996423939033e-07
22 -3.080454132255106e-07
22 -5.977061832775372e-08
22 -5.938538519143799e-08
22 -1.66813753489971e-07
22 -3.714457646099934e-07
22 -4.43480793414625e-07
22 -1.50741682432806e-07
22 -3.161723751777772e-07
22 -3.139902707791712e-07
22 -1.081345671633957e-07
22 6.700657393396307e-08
22 -5.097889745629191e-07
22 -4.428062390896658e-07
22 8.522621728045833e-09
22 -1.960103519901897e-07
22 -2.392064494829964e-07
22 -3.630841237095831e-07
22 -6.860723120904473e-09
22 -3.025490786203383e-08
22 -2.350596021889312e-07
22 -1.490342548226026e-07
22 -9.509939785819424e-08
22 -3.787794003627662e-07
22 -3.378778493636719e-07
22 -4.101447580626605e-07
22 -1.476075965071957e-07
22 -1.287853083497268e-07
22 -1.094252603340983e-07
22 9.502937718093224e-08
22 -3.089446080264479e-07
22 -3.148583918865166e-09
22 -2.54652201118778e-07
22 -8.131920013391541e-08
22 -1.448301189064115e-08
22 4.875496571271935e-08
22 -2.786545767510543e-07
22 -1.970287946132797e-07
22 -1.535377601419536e-07
22 -3.02287956596637e-07
22 -2.702086193254782e-07
22 -9.491402643020609e-08
22 -1.778447195901502e-07
22 -1.386644708852411e-07
22 -2.404801949065932e-07
22 -2.57420455704553e-07
22 -2.516664991914068e-08
22 -6.103381612086721e-08
22 -3.674427522559772e-07
22 -2.45686826959035e-07
22 -3.914282291081893e-07
22 -1.153787127047783e-07
23 -1.772342111500291e-07
23 -6.218474272052576e-08
23 5.064596590134483e-09
23 1.007183511745808e-07
23 1.873207895471719e-08
23 1.370309835452133e-07
23 1.600023629162684e-09
23 1.198023002944303e-07
23 1.745002950591811e-07
23 7.043539877843482e-09
23 5.362915248644078e-08
23 -1.348100839373362e-07
23 -1.226483278753527e-08
23 1.339544170449269e-07
23 -2.410941241036553e-07
23 -5.547810226898313e-09
23 -2.834670284635458e-08
23 3.26936124543654e-08
23 -1.10818955014173e-07
23 2.155724549380592e-07
23 5.121742897901821e-07
23 -2.736660479644321e-07
23 -1.909513085481316e-07
23 1.184705916879852e-07
23 -1.925321065711865e-07
23 -8.364132897085499e-08
23 8.441350880575672e-08
23 1.062733369383834e-07
23 -4.594920229460991e-08
23 1.185538114634753e-07
23 9.806391142193167e-09
23 1.367032905292156e-07
23 2.34166096794085e-08
23 -2.379333601870394e-07
23 1.12983416373141e-07
23 -9.658525224325935e-09
23 2.522143933078769e-07
23 2.622820530717705e-07
23 2.358139603972593e-08
23 -3.162674311429212e-08
23 1.747168303448869e-07
23 -2.381939378742209e-08
23 3.320802803901395e-08
23 1.315598648799235e-07
23 1.16368963256296e-08
23 1.217580443788764e-07
23 -7.063613184676389e-08
23 -6.41536192964488e-08
23 2.443327503624472e-07
23 1.60965617893149e-07
23 -3.027443055935439e-07
23 2.229869333655426e-07
23 -6.954736786007902e-08
23 -4.234879530293715e-07
23 2.165206576300621e-07
23 -8.055179874069289e-08
23 6.926097160303523e-08
23 1.400626298362007e-07
23 -4.879793698539481e-08
23 1.794913763777994e-07
23 -3.075257567880193e-07
23 -2.565336276841644e-08
23 1.126803984450647e-07
23 -6.798438421557097e-08
23 -1.969904739868424e-07
23 1.001521940565671e-07
23 -2.05165644005433e-07
23 6.443245105911343e-08
23 4.314392762046055e-07
23 -7.238305305014671e-08
23 -3.739784762235677e-07
23 -1.003622916038625e-07
23 2.291595356866504e-07
23 1.1649060178732e-07
23 -2.264767796187288e-08
23 3.564054346560628e-07
23 -1.151193641362498e-07
23 -1.380570261975395e-07
23 6.06514228112386e-08
23 -2.118600330267702e-07
23 -2.869514817908844e-07
23 1.852473656754425e-08
23 -4.722366577119209e-08
23 1.822681313251072e-07
23 -1.464539668052568e-07
23 8.804052002766639e-10
23 1.701226616446816e-07
23 -5.013786959114728e-08
23 -2.278884257389829e-07
23 1.866640930956709e-07
23 -1.654105003754133e-08
23 -1.560039697269215e-08
23 -1.099885182906717e-08
23 2.293458815651079e-07
23 -1.139248653282942e-07
23 -2.414232954799777e-07
23 -2.280573727269954e-07
23 -6.401240340091553e-08
23 -5.700517143472296e-08
23 8.565054948553151e-08
24 -1.753053305682569e-07
24 6.807119379104067e-08
24 -6.261666501595537e-09
24 1.761011863399635e-08
24 2.374926988855895e-07
24 3.531242830415542e-08
24 -5.212085403693747e-07
24 -2.343728319078147e-07
24 8.125824171541587e-08
24 -2.77903793715534e-07
24 -2.958770107463122e-08
24 -5.717861074722238e-08
24 -1.803741348800689e-08
24 8.697659630134632e-08
24 -4.183631048787894e-08
24 -4.755833763786032e-07
24 -8.783340790754176e-08
24 -2.492420083214448e-07
24 1.431709371923573e-07
24 -2.11048791580756e-07
24 2.814635437367432e-07
24 -3.743973487987045e-07
24 -2.698916849120933e-07
24 -1.036048894455123e-07
24 9.031617198969117e-08
24 -4.969664044987458e-08
24 -3.88271842790522e-07
24 2.475408876034576e-08
24 -2.656462873969672e-07
24 -5.667489813339577e-07
24 1.253781920267215e-07
24 -3.921096745139234e-07
24 -4.435880398750471e-07
24 -1.498533741600202e-07
24 -7.140704002711215e-08
24 -2.321370625238523e-07
24 6.223654087715161e-09
24 1.613416363847178e-08
24 1.786781629052142e-07
24 -1.134961686983063e-08
24 1.88608061301641e-07
24 -1.76593674871897e-07
24 -6.818769135214583e-08
24 -1.456286154558036e-07
24 -4.756454758057552e-07
24 -7.643523034619742e-08
24 -6.661462676773869e-09
24 -1.992783371298582e-07
24 -2.531948624516631e-07
24 -3.192372028070247e-07
24 -4.525717265632886e-08
24 -5.128199801181964e-08
24 -6.463214078145666e-09
24 -1.725789360730531e-07
24 -2.749522373000104e-07
24 1.696613477482124e-07
24 1.792800076420315e-09
24 -6.598040622347852e-08
24 -1.650523567141903e-07
24 3.293999341435887e-08
24 -2.219098763780102e-07
24 -6.625271297520908e-08
24 -1.303406944941008e-07
24 -3.125682153558416e-07
24 -1.147560546024835e-07
24 8.503798191972253e-08
24 -1.839172186586726e-07
24 -1.230604778369519e-07
24 2.080960194243809e-07
24 -2.388898413627142e-07
24 2.023634259272322e-07
24 -3.365535980056261e-07
24 -1.599866238771434e-07
24 8.61820946815054e-08
24 -1.73022759184245e-07
24 1.664190699147398e-07
24 7.759410517340674e-09
24 9.285489175251763e-08
24 -2.657810749203878e-07
24 -1.44824437388975e-07
24 1.147505724996177e-08
24 -2.00395375575071e-07
24 1.16609273417753e-07
24 4.165286084373228e-07
24 -2.12534029622798e-07
24 -2.702958635760344e-07
24 8.395013879537869e-08
24 -1.426138178670493e-07
24 -2.341908045760297e-07
24 1.690211377792736e-07
24 -3.803975535534939e-08
24 -3.207143372832215e-08
24 -2.503082040714067e-07
24 -1.919303575074083e-07
24 -1.687532495364383e-07
24 3.651546347225116e-08
24 -1.793781519691209e-08
24 -2.652899736151506e-07
24 2.452328825492213e-07
24 -2.92805240639364e-07
25 -3.101014515535491e-07
25 1.181648678216068e-08
25 1.410619019639832e-07
25 4.807285707552019e-07
25 5.322582236854719e-08
25 -2.390229547914129e-07
25 -7.545824093337953e-08
25 2.56842492328394e-07
25 -7.560643123422333e-09
25 -8.445110033257593e-09
25 1.969438030750448e-07
25 4.108354055348631e-08
25 2.004590837544832e-07
25 -3.565461605000488e-07
25 -1.290534404533781e-07
25 -2.871413271748416e-08
25 4.654310486316967e-08
25 1.402210144736625e-08
25 -5.045061463699687e-09
25 -1.694048763904248e-08
25 -2.297562340636514e-07
25 9.590003352728162e-08
25 9.727111381944277e-08
25 -2.854827018439971e-08
25 2.415268349432693e-07
25 -1.64672006300032e-07
25 -4.933211887657137e-08
25 1.903622591594567e-07
25 -1.804218610422222e-07
25 2.879405794875189e-07
25 -1.122690154218871e-07
25 -3.040082372723481e-07
25 -6.892796043410151e-08
25 2.788341690912548e-07
25 1.551738396491186e-07
25 -1.738490304408427e-07
25 2.283199172783977e-07
25 2.533587407636578e-07
25 5.696386840904041e-08
25 -1.120163068745204e-07
25 -3.878385030003334e-07
25 2.627732538592683e-07
25 -6.232930463197618e-08
25 -2.315068891250256e-07
25 -1.052139971769672e-08
25 1.991984431104838e-07
25 1.023005143573108e-07
25 -1.382911159749502e-07
25 2.889671234083466e-07
25 2.445224695701948e-07
25 -8.050493663820846e-08
25 3.609639935835825e-07
25 -1.835561898963887e-07
25 2.227733507985142e-07
25 -1.981302291767619e-07
25 -1.145011769900126e-07
25 -1.549900757300328e-08
25 4.409939442006395e-08
25 2.323378074974496e-07
25 4.977402371140542e-08
25 -1.276087092982542e-07
25 2.07916998723028e-07
25 -7.482410798636587e-09
25 5.092871126724763e-07
25 -2.038675359551497e-08
25 -1.404613544811677e-08
25 -2.41870316544024e-07
25 2.239968719424069e-07
25 1.350654192226217e-07
25 6.458145548801994e-08
25 9.882156305605239e-09
25 1.872695257857976e-07
25 -1.692074167440957e-07
25 1.720133219849418e-07
25 -1.949835891749953e-08
25 2.031541922726357e-07
25 2.173807532259711e-07
25 2.835552922755163e-07
25 1.280996018239191e-07
25 -5.427795998798838e-08
25 1.741407115139155e-08
25 4.90358387764283e-07
25 2.508944422221334e-07
25 -1.173571667896422e-07
25 2.091264314268688e-07
25 1.786327034268178e-07
25 4.65671683592857e-07
25 1.958879830231781e-07
25 2.660809861658718e-08
25 -1.110214312773152e-08
25 7.899566431348366e-08
25 1.761841641898477e-07
25 4.571420273003498e-07
25 3.184381155909719e-08
25 6.812033357420634e-08
25 2.631920044631936e-08
25 8.476480657231203e-08
25 -2.906957710363473e-08
25 1.505389734278926e-07
25 2.571633551329459e-07
26 2.669055893161947e-07
26 2.219169041645417e-07
26 -2.018771497890963e-07
26 2.753000403053946e-07
26 3.461162800423299e-08
26 -1.560832616644735e-07
26 1.83965843426761e-07
26 2.610507752419145e-07
26 1.386192054148343e-07
26 -1.950295431688783e-07
26 1.217145057224747e-07
26 1.296710037537617e-07
26 3.53497632418188e-07
26 5.05632619190153e-07
26 1.253415479424096e-07
26 -8.788414199217587e-08
26 -2.121049787368167e-08
26 2.752562988025517e-07
26 -6.208090665169846e-08
26 -2.077292566467758e-08
26 9.355618008874765e-08
26 2.184464506192021e-07
26 -5.654694620223706e-08
26 7.84014197070741e-08
26 4.340631187113174e-07
26 7.576422124171485e-08
26 1.740643642573652e-07
26 -2.691315745598624e-07
26 4.430345985400408e-07
26 1.784947108182064e-07
26 7.523485090323616e-08
26 4.802734785955897e-08
26 -1.173904902812894e-07
26 -3.967626601207144e-08
26 2.884738510009674e-07
26 1.053487331692215e-07
26 3.3315196945233e-07
26 -1.359725712067229e-07
26 -5.481260280429949e-08
26 6.465227985760757e-08
26 1.676767135664494e-07
26 8.624233506687519e-08
26 1.515653194797141e-07
26 -2.722209080224873e-08
26 2.516064114637672e-07
26 1.516355460635077e-07
26 2.232090006828377e-07
26 5.637240825300021e-09
26 3.570140650996634e-07
26 2.257808061710551e-07
26 3.403722996147619e-07
26 2.210354232183168e-07
26 1.349193222955218e-07
26 1.500420345283727e-07
26 -2.111271092646165e-07
26 1.007717642254571e-07
26 2.233857769332682e-07
26 -2.496366772799571e-08
26 5.915373118567996e-08
26 -5.078642951419896e-08
26 2.203819587321231e-07
26 4.745521428590598e-08
26 3.257309384975151e-07
26 7.921952108037688e-08
26 1.873881488522053e-07
26 -5.247499893318321e-08
26 -7.455486995896629e-08
26 -9.930125202209763e-08
26 -2.220426891397539e-07
26 1.165790788376306e-07
26 1.424941034281342e-07
26 -2.058211739080198e-07
26 -2.344037671450433e-08
26 6.896090144276559e-08
26 -8.581593572132529e-08
26 1.68980720748363e-07
26 2.251225662999292e-08
26 1.915364467797488e-07
26 2.260237197505665e-08
26 2.286201139282946e-07
26 3.709177620753041e-07
26 -2.599596404557729e-07
26 2.089063058625372e-07
26 4.216429433345269e-07
26 7.070855433322878e-08
26 -2.003570901219304e-07
26 6.337842818224058e-08
26 3.096356809031866e-07
26 1.357365196431544e-07
26 5.565228222421684e-07
26 3.989201824517492e-07
26 1.788285856824564e-07
26 9.243081995377336e-08
26 1.54809128840044e-07
26 4.928032279807447e-09
26 3.141752647495555e-07
26 1.66791140269759e-07
26 -8.955610501414114e-08
26 1.082153905208333e-07
26 -2.018429459036963e-07
27 -5.219604678434002e-07
27 3.229212671711921e-08
27 -8.276345833583352e-08
27 1.318443277344499e-07
27 2.05219835380595e-07
27 -1.960824297235751e-07
27 5.674846636824592e-08
27 -2.094415518304404e-07
27 1.975417071899886e-08
27 5.952472382285176e-07
27 -4.200449781442837e-07
27 1.007432536598482e-07
27 1.94615480848032e-07
27 4.138709132662349e-08
27 4.429671939369721e-07
27 -2.868212072125791e-08
27 -1.397849900400634e-07
27 1.680185891595987e-07
27 -3.191119535887349e-07
27 -8.138655199493797e-08
27 -7.400541055574018e-08
27 3.177733527951102e-08
27 3.054533139822846e-07
27 7.719305806939258e-07
27 1.521755816284295e-07
27 7.594649281582029e-08
27 1.814062902226849e-07
27 -2.924333214808337e-07
27 -4.575548201907498e-08
27 -1.868275907568852e-08
27 2.554837914590347e-07
27 -1.624998494377084e-07
27 1.104896286781508e-07
27 3.523544514363083e-07
27 -2.077929366404557e-07
27 5.191359134213243e-08
27 3.30047670673496e-07
27 2.694933305876526e-07
27 -2.466096688058053e-08
27 -1.567622394244409e-08
27 2.535107667664263e-08
27 6.051246453053794e-08
27 2.242670700622497e-08
27 6.502133852604451e-08
27 2.092965710497778e-07
27 1.840255868060888e-07
27 -1.247724468173096e-07
27 -2.382212849523272e-07
27 -2.847788709602934e-07
27 -3.42859115845594e-07
27 3.108203217228025e-07
27 -1.2760217981477e-07
27 -5.738342957391832e-07
27 1.473527191697156e-07
27 3.115740745415277e-07
27 -2.351117967516095e-07
27 -4.294748849676383e-07
27 4.128626182317865e-07
27 -6.210821500853434e-08
27 -9.453038321632029e-08
27 1.361673640060847e-07
27 8.467653698658086e-10
27 -2.464466309642921e-07
27 -3.095134974754098e-07
27 -3.383697793585916e-08
27 4.045643556673255e-08
27 -6.77920735123928e-08
27 -1.920398593065159e-07
27 -3.399150207613317e-08
27 1.488205863513716e-07
27 -4.373860861543476e-08
27 -3.632187075317805e-08
27 -1.712382249507153e-07
27 -3.475696077708853e-07
27 -7.546141324185647e-08
27 2.152214654713719e-07
27 1.54762102756204e-07
27 -4.3185742704152e-09
27 4.968278618809136e-07
27 7.476647881378714e-09
27 -4.224063730201485e-08
27 -2.424815472799591e-07
27 2.822361670654382e-08
27 -1.003116047163481e-07
27 -2.92375022688032e-07
27 4.421753473415637e-08
27 -6.236092531460433e-08
27 5.766771573316915e-08
27 -6.530739069725886e-08
27 3.903151242320132e-07
27 3.051545757865012e-08
27 5.572227340714121e-08
27 1.404813321880622e-07
27 -7.260426211249085e-08
27 -3.15414784070023e-08
27 -1.121551475342794e-07
27 -3.032344033181296e-07
27 -1.20009228047049e-08
27 2.877880845847053e-07
27 1.17352965227399e-07
28 -1.011237989662638e-07
28 1.512298999556493e-07
28 9.022025706023565e-08
28 -1.689259978355768e-08
28 6.583820008644208e-07
28 -4.829325196075509e-08
28 2.202665284883813e-07
28 1.806813061493075e-07
28 2.137552018636824e-07
28 -1.284503959594617e-07
28 3.956498409309036e-07
28 -4.430353379236361e-08
28 2.956050688430058e-07
28 -1.140269535333794e-08
28 -1.903518821425767e-07
28 4.761250072468454e-08
28 1.044782213308557e-07
28 1.954604651176565e-07
28 -1.675353100082787e-07
28 8.050790132015801e-08
28 2.561622017361431e-07
28 1.566776740877633e-07
28 2.068576166908828e-07
28 1.979113586551816e-07
28 5.226606374980897e-08
28 -1.418463134535628e-07
28 2.054875227947743e-07
28 5.638728083988947e-07
28 -9.989129087190162e-08
28 -4.857493390432063e-09
28 2.615779001981267e-07
28 2.783326266409055e-07
28 8.987518916562452e-08
28 -9.781580656381785e-08
28 1.236190226991197e-07
28 4.467436489320278e-09
28 4.084480690831649e-07
28 5.505137950200698e-08
28 3.9602112755488e-07
28 -8.814924957621681e-09
28 4.262459965557378e-07
28 6.678775552958024e-08
28 -2.227438903108951e-07
28 -2.0454431113599e-07
28 3.686789995581749e-07
28 1.391690819275408e-07
28 3.810910688871393e-07
28 2.723334403137782e-07
28 8.464851190427359e-08
28 1.685478701470258e-07
28 2.90027004515335e-07
28 -3.428798566020485e-08
28 3.724881350127885e-07
28 3.226305191398591e-07
28 -1.323968109250753e-07
28 4.406741935915115e-07
28 3.193382792430419e-07
28 1.811834281151772e-07
28 1.650301635309991e-09
28 4.528723637077994e-08
28 -2.822741139856274e-07
28 3.332553300804634e-07
28 -1.557365849000432e-07
28 2.051768639315534e-07
28 -5.689790480486228e-09
28 1.477972445865461e-07
28 4.905821929557423e-08
28 1.185944532902624e-07
28 3.087469275698725e-07
28 1.963926667056565e-07
28 -5.399328207502363e-08
28 -2.350064416192246e-07
28 -1.047047688643471e-07
28 3.101482625257092e-07
28 5.290535640848861e-08
28 5.578435835575052e-07
28 1.182250735832507e-07
28 3.495632676884695e-07
28 1.338295763259128e-07
28 1.48658283852369e-07
28 3.021897842467984e-07
28 5.498336671760899e-07
28 4.424123215382857e-07
28 -1.501190736531552e-07
28 2.488076075433453e-07
28 1.982900360930825e-07
28 -2.997755040372687e-08
28 7.106126083009086e-07
28 -1.184545897025282e-09
28 3.219333689997806e-07
28 -6.407492129807645e-08
28 -3.323830913749232e-07
28 3.404280378524298e-07
28 8.838741627084304e-08
28 1.848614330393482e-07
28 9.572101300897029e-08
28 1.013659667312362e-07
28 7.219684851155611e-08
28 -5.052918060897402e-07
28 2.998103752293488e-07
29 -5.4769940153931e-08
29 -1.835842790406838e-08
29 3.078174966891944e-08
29 1.719408027575607e-07
29 2.626328061816258e-07
29 -2.211217091283668e-07
29 9.33568745013675e-08
29 -1.922332820845404e-08
29 -4.518094843420812e-08
29 -1.094869851133902e-08
29 -1.50924562429221e-07
29 1.515800765602909e-08
29 4.927945012858635e-09
29 -2.238478820536873e-07
29 2.414480110292159e-08
29 1.683975060881429e-08
29 -5.418016402491794e-08
29 1.405817157424048e-07
29 -8.653707432371905e-08
29 6.017178934998179e-08
29 5.39718217946092e-08
29 1.471249920555304e-07
29 -1.722240265565881e-07
29 -4.891892634058851e-07
29 -2.169580785773321e-07
29 -1.202181860597885e-07
29 1.130258477982776e-07
29 1.595759648835885e-07
29 -6.247854224383142e-08
29 1.557969114829458e-07
29 -1.592732887894626e-07
29 -1.34638761802785e-07
29 -1.933315767060549e-07
29 1.424337586754226e-08
29 -1.201011616900058e-07
29 -1.961980509190365e-07
29 -1.559766121976075e-07
29 3.273129757431981e-07
29 1.016348670404484e-07
29 -3.882655776896039e-07
29 -1.048362783794815e-07
29 2.208200858035099e-07
29 -2.530169520302137e-07
29 -1.61586820294468e-07
29 8.395366381585083e-08
29 1.241106844141283e-07
29 -2.325504502238791e-07
29 1.314539850743305e-07
29 2.673956525990306e-07
29 -3.193517082337104e-07
29 -2.265481501908698e-07
29 2.222329308542367e-07
29 -2.707618329086818e-07
29 2.106079443227034e-07
29 -2.605111317662654e-07
29 -4.471809325277935e-08
29 -6.383205652808181e-08
29 3.031593726724061e-07
29 1.459967917158079e-07
29 -6.055487954567414e-07
29 1.113771580938182e-07
29 1.726143520361977e-08
29 -1.44652216301578e-07
29 -1.499860466266224e-07
29 -9.125646878401134e-08
29 -2.855635028534023e-07
29 4.593942573113535e-08
29 7.657168979223615e-08
29 3.108229140148678e-07
29 -2.338825210754501e-07
29 -8.592775075957848e-08
29 1.431526233662989e-07
29 1.293176333638095e-07
29 -6.243700605250749e-08
29 1.044856383403322e-07
29 8.186819127182734e-08
29 3.007595781704816e-07
29 -4.413948423635521e-08
29 -7.030959513653143e-08
29 1.566013325470247e-07
29 -1.033901751758313e-07
29 2.555818898199549e-07
29 -1.157753940604548e-07
29 -9.165937520996801e-08
29 -8.363438873304864e-08
29 -2.040608717357801e-07
29 1.706674723491276e-07
29 1.54704285811724e-07
29 -3.895398716678571e-07
29 -2.75343324585874e-07
29 -2.430406866771469e-07
29 -1.694898553197482e-07
29 -1.370487924265486e-07
29 -4.538242605145958e-07
29 1.40428729699467e-07
29 -2.025231962868486e-07
29 6.978587514154086e-08
29 -2.161086377229734e-08
29 -1.555541896781419e-08
29 7.428928753739612e-08
30 4.900245333554632e-08
30 3.647074205398867e-07
30 2.6198918448069e-07
30 4.377262387259311e-07
30 3.493061809433317e-07
30 6.512331628581276e-08
30 3.312238250443156e-07
30 2.004123749136244e-07
30 2.527665834470932e-07
30 2.501255544948983e-07
30 -9.882429612031507e-08
30 1.462789272387912e-08
30 8.190886625959888e-08
30 1.209973572602863e-07
30 4.26747018348708e-08
30 1.954977533977256e-08
30 1.342609318815067e-07
30 1.340949039524735e-09
30 5.519079943809351e-08
30 1.124676531955729e-07
30 -6.981179774390775e-08
30 3.862629077016169e-07
30 1.119263613682982e-07
30 2.861850385483392e-08
30 3.159230951884765e-07
30 3.995073580627475e-07
30 -4.945930838869679e-08
30 1.05251410692314e-07
30 1.766022680718089e-07
30 -6.0297744929849e-08
30 -1.935888538443865e-07
30 1.691783176882282e-08
30 2.916680921066502e-07
30 2.360079288956436e-07
30 -1.764849284203735e-07
30 2.694854476828488e-07
30 -5.078627317112691e-08
30 2.856604674305785e-07
30 1.155230946247228e-08
30 6.917677296913819e-08
30 7.188419113148485e-09
30 -1.302011388489518e-07
30 2.423422522415259e-07
30 1.801880293562602e-09
30 2.910089999067448e-07
30 -4.90980746248568e-08
30 4.804122658653478e-07
30 1.849891869034563e-07
30 2.489598485547323e-07
30 1.407299218496676e-07
30 1.922132195633341e-07
30 3.346767527878091e-07
30 -1.248707057456465e-08
30 2.881497581135377e-07
30 1.184924993869964e-07
30 3.012654706975687e-08
30 -7.969367563299734e-08
30 3.958198736322542e-07
30 3.134760973139842e-07
30 7.164322365749524e-08
30 8.625970963298114e-08
30 3.161471475240839e-07
30 -1.06786864444528e-07
30 2.300887661276498e-07
30 4.397462761295692e-08
30 6.697927114427202e-07
30 -1.071877509866645e-07
30 3.240806841192568e-08
30 7.540624456228136e-08
30 -3.019940079044857e-07
30 3.383401502221833e-07
30 5.079066113705843e-08
30 -2.152329086881219e-07
30 4.408289079386056e-07
30 2.193138204591221e-07
30 -1.823145841603693e-07
30 4.131819652330279e-08
30 -6.369025308450933e-08
30 1.537884635528333e-07
30 2.894219239095383e-08
30 1.140300365521761e-07
30 3.616372746306416e-08
30 2.970944581200435e-07
30 -1.55822600631597e-07
30 1.562517184278929e-07
30 1.859225979778837e-07
30 2.682255412382934e-07
30 -7.635586266736989e-10
30 -1.024250588220988e-07
30 3.938632757328665e-08
30 -5.164656588548686e-08
30 3.661482387227432e-08
30 2.986761793526048e-07
30 3.041410530547952e-07
30 -7.259678438797029e-08
30 1.237807185028574e-08
30 1.475772199407519e-07
30 7.402286644942946e-08
30 -1.504857481653978e-07
30 -2.128912531085587e-07
31 3.764064821118533e-07
31 6.118364111818664e-07
31 3.621573518179589e-07
31 5.165072081550078e-07
31 3.455720237147664e-07
31 2.197235547899827e-07
31 4.471652450863538e-07
31 2.232235949064947e-07
31 6.192353276012369e-07
31 6.209007709059678e-07
31 5.288650853252823e-07
31 5.251479247811973e-07
31 5.490600608004106e-07
31 1.560631770223493e-07
31 4.058498249315434e-07
31 3.236430902586789e-07
31 3.691167651170014e-07
31 3.100179367098096e-07
31 2.891207877896939e-07
31 5.648135765983469e-07
31 3.855004484510456e-07
31 5.714842417198055e-07
31 4.225289037807177e-07
31 2.361950463960125e-07
31 3.216749830569684e-07
31 1.102727855608835e-06
31 4.967189276189192e-07
31 2.986961673154337e-07
31 7.067792423853172e-07
31 3.031562539941943e-07
31 6.089783616999091e-07
31 5.2987136159742e-07
31 5.636321882020859e-07
31 4.409190060587472e-07
31 4.92002156506314e-07
31 3.845644165138371e-07
31 4.572785327292908e-07
31 8.894887922273784e-07
31 7.762115550582774e-07
31 4.117174371577317e-07
31 3.049512713072282e-07
31 4.227705241394029e-07
31 7.284862281598696e-07
31 4.828778639798012e-07
31 5.80416249726237e-07
31 7.294613911072178e-07
31 4.03434263904863e-07
31 7.704822071135968e-07
31 5.356563536253851e-07
31 7.244314357417219e-07
31 7.434476600948668e-07
31 5.227365566492951e-07
31 6.390808400494484e-07
31 4.267874590898827e-07
31 6.125485865623025e-07
31 4.97278608428542e-07
31 4.682894068980539e-07
31 5.124364940467707e-07
31 6.687752756591956e-07
31 2.400993557924581e-07
31 6.978217838386439e-07
31 3.518231998938802e-07
31 7.668771718019208e-07
31 6.166786709674899e-07
31 5.550717616408587e-07
31 6.717839850332893e-07
31 7.786037195064522e-07
31 5.670145059498118e-07
31 4.740382996206492e-07
31 3.289771087379199e-08
31 5.178652733722318e-07
31 3.7728634627916e-07
31 6.973419263082388e-07
31 8.555774737699437e-07
31 3.762596355387637e-07
31 6.17442340383009e-07
31 6.501337765585332e-07
31 3.336157791900464e-07
31 5.831553924259591e-07
31 6.262282340812405e-07
31 5.216115951166526e-07
31 4.135118464487393e-07
31 6.676769302200888e-07
31 4.390161090350431e-07
31 7.220923579790686e-07
31 5.778252146860846e-07
31 6.620105305008945e-07
31 5.285475395321757e-07
31 4.690517440952025e-07
31 5.139820694217634e-07
31 6.287198144277444e-07
31 6.059776787730664e-07
31 4.48140356040863e-07
31 6.240250571399884e-07
31 2.831627691248612e-08
31 6.296977139020293e-07
31 4.308956232798453e-07
31 3.269541611907553e-07
31 7.810736031724686e-07
31 3.688972958786716e-07
32 1.064331606913292e-07
32 -5.304765856269617e-08
32 4.261550228858417e-07
32 3.068276063368271e-07
32 7.685440854910262e-08
32 1.650142095544277e-07
32 5.096233685936617e-07
32 5.197911614067013e-07
32 8.027753059691553e-08
32 1.862919001305359e-08
32 3.112216165601219e-07
32 3.785318694882237e-07
32 5.068083471572301e-07
32 7.782034800201679e-08
32 2.869172281478963e-07
32 4.782646059901116e-07
32 3.227902026882206e-07
32 4.014895042410608e-07
32 5.718437424503419e-07
32 3.827375567125956e-07
32 5.243836462697673e-07
32 -3.616664000080101e-09
32 4.552297084916716e-07
32 2.708914546901856e-07
32 1.167856614182501e-07
32 1.07397959328252e-07
32 2.17342861954346e-07
32 -1.267251993267271e-07
32 5.054277287828921e-07
32 6.733810764778968e-07
32 1.479205986825856e-07
32 2.874557145467335e-07
32 -1.611678482392012e-07
32 2.936177101938198e-07
32 3.059847649416114e-07
32 3.228059171579567e-07
32 -1.238425585258186e-07
32 3.516129034926274e-07
32 5.125386154013469e-07
32 1.707739038428981e-07
32 3.199727816757784e-07
32 1.009988581105375e-07
32 1.978233669082209e-07
32 1.351910772655719e-07
32 5.195994394566603e-07
32 -1.381223317030947e-10
32 1.123040509897866e-07
32 4.315235656990118e-09
32 3.35588805885034e-07
32 2.052327163095498e-07
32 4.494481944749938e-07
32 2.174849474251462e-07
32 4.469441361982278e-07
32 1.874409859682459e-07
32 1.412302216981473e-07
32 3.539414501865184e-07
32 5.181345746870586e-07
32 6.474988376681661e-07
32 3.757635904867075e-07
32 -1.497725107505407e-09
32 -6.896749030744301e-08
32 4.773573272523281e-07
32 4.075409732552597e-07
32 3.250755444569767e-07
32 2.926258652640095e-07
32 3.768607325717729e-07
32 -7.054786093807665e-08
32 4.373693489490664e-07
32 -4.677676361651887e-08
32 6.179147808326295e-07
32 2.206981504995923e-07
32 1.939009004041125e-07
32 1.849315178611645e-07
32 3.278715800824079e-07
32 6.11563489021969e-07
32 1.854571657392256e-07
32 1.554094076822326e-07
32 -3.349094258419733e-08
32 3.244590852868365e-07
32 -1.55200560569483e-07
32 5.047116694266432e-07
32 2.012529559185862e-07
32 5.573091156856242e-07
32 2.431368672042014e-07
32 2.802544498600761e-07
32 4.411860006867362e-07
32 4.18725856212437e-07
32 1.763906979267277e-07
32 3.564415108058659e-07
32 8.485623016378263e-10
32 -2.464535775995115e-07
32 4.490414591621762e-07
32 1.758930114017799e-07
32 1.069537822595177e-07
32 4.04557591922197e-07
32 3.280016378356298e-08
32 2.987623986918769e-07
32 4.235791175218545e-07
32 4.202383083282669e-07
32 -5.241777783372118e-08
33 2.008429227806786e-06
33 2.061745342346314e-06
33 1.982368584462735e-06
33 1.818506381363847e-06
33 1.862140706397213e-06
33 1.71249379875518e-06
33 1.963228144831135e-06
33 1.707537863907963e-06
33 2.020067345245922e-06
33 1.84743364794115e-06
33 1.785542519881453e-06
33 1.790146225392806e-06
33 1.695489934675555e-06
33 1.82922394181186e-06
33 1.59902148024787e-06
33 2.248510365488897e-06
33 1.604411086640699e-06
33 1.890295142822443e-06
33 1.963842254038154e-06
33 1.695896895856395e-06
33 1.515672672043539e-06
33 2.070680962829414e-06
33 1.54754843066729e-06
33 1.647654753490137e-06
33 1.596390376761708e-06
33 1.417464579758267e-06
33 1.84141857363276e-06
33 1.988498496154148e-06
33 1.872025349769177e-06
33 2.243602926937825e-06
33 1.90097176793649e-06
33 1.793032685771507e-06
33 1.814397504042121e-06
33 1.627163587664523e-06
33 2.06606854089756e-06
33 1.847064596846682e-06
33 1.866461043437916e-06
33 1.826067340534511e-06
33 1.893504025246692e-06
33 1.684482554756306e-06
33 1.844251483583728e-06
33 2.008876816706494e-06
33 2.135533795265783e-06
33 2.032649065401928e-06
33 1.701525908833683e-06
33 1.87637756218777e-06
33 1.691860106656278e-06
33 1.843128406515417e-06
33 1.828479776058735e-06
33 2.063654932288124e-06
33 1.93275259495864e-06
33 1.778680139641998e-06
33 1.798164331466268e-06
33 2.005060808367684e-06
33 2.140653874323536e-06
33 1.564870757851861e-06
33 1.785895886036855e-06
33 1.889093583694192e-06
33 2.005205848599254e-06
33 1.754458688631882e-06
33 2.080553384078967e-06
33 1.680170899435442e-06
33 2.1038850206239e-06
33 2.117509948098161e-06
33 2.078189620593901e-06
33 1.656871479960213e-06
33 1.747078393868443e-06
33 1.829571814527661e-06
33 1.958142174816097e-06
33 1.602768927927977e-06
33 2.176164686470682e-06
33 2.08610578724656e-06
33 2.032125861326094e-06
33 2.110175984418575e-06
33 2.032277975852907e-06
33 1.906003451201388e-06
33 1.980641268987999e-06
33 1.865040101047043e-06
33 1.831818843363726e-06
33 1.764327158312664e-06
33 2.039915334423664e-06
33 1.972616883514034e-06
33 2.002403405340189e-06
33 1.772779866266566e-06
33 1.615562169288855e-06
33 1.953532845925e-06
33 1.623245977964079e-06
33 1.853265109494481e-06
33 1.474684125870107e-06
33 1.591935177305337e-06
33 2.038279177247465e-06
33 2.025000458374127e-06
33 1.716066863570662e-06
33 2.060838933121525e-06
33 1.654605091024118e-06
33 1.997291918786438e-06
33 1.828134088283994e-06
33 1.965201155650271e-06
33 2.037566319763777e-06
33 2.046858861632534e-06
34 1.123721010605808e-06
34 1.354647485049387e-06
34 1.404322231480297e-06
34 1.489578347525416e-06
34 1.527986872161732e-06
34 1.282804138924144e-06
34 1.699021252890274e-06
34 1.329638399113241e-06
34 1.677721444175218e-06
34 1.640809890894452e-06
34 1.275971082038796e-06
34 1.524949190125067e-06
34 1.536894246140545e-06
34 1.537529018391118e-06
34 1.513181661614183e-06
34 1.431112859669551e-06
34 1.180787801894597e-06
34 1.358780315855843e-06
34 1.60924494791278e-06
34 1.284009302153709e-06
34 1.32030250056851e-06
34 1.483719762023939e-06
34 1.639351824919022e-06
34 1.438434014745755e-06
34 1.374555144760458e-06
34 1.522367338957161e-06
34 1.183677947740871e-06
34 1.819650188755939e-06
34 1.455192349222886e-06
34 1.69794845068007e-06
34 1.30761706508421e-06
34 1.659235513780603e-06
34 1.507624793498308e-06
34 1.781671001163293e-06
34 1.144007701909704e-06
34 1.67220880473885e-06
34 1.679378673463311e-06
34 1.341319136161404e-06
34 1.266042497535802e-06
34 1.576489441278385e-06
34 1.193943711727291e-06
34 1.393730245480206e-06
34 1.371694689823596e-06
34 1.451447059400014e-06
34 1.671375338547882e-06
34 1.383190338822228e-06
34 1.576006261655601e-06
34 1.195509277435584e-06
34 1.577316516724306e-06
34 1.490890885804018e-06
34 1.610808656781539e-06
34 1.253871151902508e-06
34 1.564910587910595e-06
34 1.527754990671169e-06
34 1.510405402845659e-06
34 1.192347851376556e-06
34 1.677637353201112e-06
34 1.04036738351564e-06
34 1.594541747448404e-06
34 1.7053188016973e-06
34 1.091444607236143e-06
34 1.221572952915018e-06
34 1.54650640076649e-06
34 1.065764009472948e-06
34 1.625904420044254e-06
34 1.192323799544948e-06
34 1.515440016876704e-06
34 1.631609167309741e-06
34 1.1331488809228e-06
34 1.403709582203757e-06
34 1.521700469107174e-06
34 1.683833559557118e-06
34 1.247875638192649e-06
34 1.428764390231837e-06
34 1.606950206656848e-06
34 1.333531696197638e-06
34 1.475986538285497e-06
34 1.743959080136637e-06
34 1.446745998760089e-06
34 9.373730027824198e-07
34 1.166013299436797e-06
34 1.00032169950853e-06
34 1.741661247210077e-06
34 1.396662601545883e-06
34 1.511900795099139e-06
34 1.531504235966026e-06
34 1.321379990036361e-06
34 1.564650617197978e-06
34 1.859491860108184e-06
34 1.216100876183991e-06
34 1.40419150005017e-06
34 9.122694275442274e-07
34 1.282819765047054e-06
34 1.379087906235203e-06
34 1.450860385518297e-06
34 1.297546253045742e-06
34 1.389035655473269e-06
34 1.499817150395318e-06
34 1.358270625762515e-06
34 1.339264729089421e-06
35 7.139989363176106e-06
35 7.647299314712856e-06
35 7.290769285448567e-06
35 7.598587165655434e-06
35 7.350667668692585e-06
35 7.576618074105535e-06
35 7.517053237886196e-06
35 7.484888986352749e-06
35 7.607352005165692e-06
35 7.475380883118003e-06
35 7.411002994468885e-06
35 7.375085358027709e-06
35 7.346089052183743e-06
35 7.681456102969979e-06
35 7.280398805110505e-06
35 7.461459259392737e-06
35 7.504011933356371e-06
35 7.228336846155032e-06
35 7.652021328424048e-06
35 7.580137857467693e-06
35 7.377987257080772e-06
35 7.398984440563382e-06
35 7.69778786139103e-06
35 7.724501686980951e-06
35 7.149779632938275e-06
35 7.472380959277629e-06
35 7.600509303400389e-06
35 7.537259450376618e-06
35 7.537287371451068e-06
35 7.244664553783765e-06
35 7.536615685846914e-06
35 7.449320721575937e-06
35 7.267190973223538e-06
35 7.978601314364099e-06
35 7.783793181079384e-06
35 7.379013996477232e-06
35 7.397125971358448e-06
35 7.727405111235614e-06
35 7.66071036254808e-06
35 7.409327450811893e-06
35 7.642193421182492e-06
35 7.601245253653932e-06
35 7.334177726990059e-06
35 7.323521971132938e-06
35 7.354527971365514e-06
35 7.685663919546461e-06
35 7.71177967698809e-06
35 7.345753556522617e-06
35 7.343437115965039e-06
35 7.166880830403244e-06
35 7.236207010234221e-06
35 7.495036467685566e-06
35 7.273414354951792e-06
35 7.419085109157862e-06
35 7.244992180150752e-06
35 7.062843956139097e-06
35 7.37996334440556e-06
35 7.536002955769993e-06
35 7.482763696254014e-06
35 7.388602691070303e-06
35 7.197015562918833e-06
35 7.550379582444085e-06
35 7.569840037633013e-06
35 7.3533542996574e-06
35 7.503488984065119e-06
35 7.741816734415017e-06
35 7.589930570081816e-06
35 7.36152499762451e-06
35 7.611747534066441e-06
35 7.454239834489123e-06
35 7.151805736863429e-06
35 7.829619403825925e-06
35 7.578692039517648e-06
35 7.829421100062357e-06
35 7.102852420147762e-06
35 7.593172984723318e-06
35 7.780802388834121e-06
35 7.322796497565056e-06
35 7.52046359397946e-06
35 7.292285340292614e-06
35 7.676041752075353e-06
35 7.459405671902805e-06
35 7.547224260058626e-06
35 7.215714866279361e-06
35 7.065979138659402e-06
35 7.349594075284945e-06
35 7.310984412501932e-06
35 7.449536452644969e-06
35 7.578365829600754e-06
35 6.95477889357064e-06
35 7.665520954488279e-06
35 7.162907185938978e-06
35 7.245982931482727e-06
35 7.261378373445819e-06
35 7.077499365434475e-06
35 7.633975267309138e-06
35 7.543083286561409e-06
35 7.384096492494831e-06
35 7.401432670511507e-06
35 7.995785622533746e-06
36 7.007959417953005e-06
36 6.997776528245706e-06
36 7.164692971316729e-06
36 7.034184190661185e-06
36 6.905799141639345e-06
36 7.080657109520946e-06
36 7.042147971876634e-06
36 6.842319118182908e-06
36 6.766733258758832e-06
36 7.04283149077063e-06
36 6.8398836007238e-06
36 7.167830893763318e-06
36 6.577284825800087e-06
36 7.038891112853872e-06
36 7.502289630821541e-06
36 6.757971568464535e-06
36 7.243385762134201e-06
36 7.075889251710529e-06
36 6.968759694138795e-06
36 7.030512890096036e-06
36 6.834612602532315e-06
36 7.093228054577897e-06
36 7.114393350003356e-06
36 7.146010682892704e-06
36 7.448437937126981e-06
36 6.933590799636352e-06
36 6.752513305323848e-06
36 7.306322809701407e-06
36 7.085852175647578e-06
36 6.652813997370588e-06
36 6.854886325745506e-06
36 6.552870988808599e-06
36 6.824461066163075e-06
36 6.913733921632582e-06
36 6.999620855518448e-06
36 7.051583151299233e-06
36 7.187518326083888e-06
36 6.919744329127955e-06
36 6.888748317769811e-06
36 7.282676868611229e-06
36 7.19478777557519e-06
36 7.47019923480921e-06
36 7.272762961170079e-06
36 6.806133827342334e-06
36 7.323151446928874e-06
36 7.103210555951323e-06
36 6.874822630693555e-06
36 7.098868953988322e-06
36 6.555730323210656e-06
36 6.484560361204991e-06
36 6.883214933946417e-06
36 6.913555825302382e-06
36 6.980757634923782e-06
36 7.008478343939085e-06
36 7.110429108213153e-06
36 6.837364913343788e-06
36 7.000814077962686e-06
36 7.010972374171692e-06
36 6.846915134172983e-06
36 7.047429882557299e-06
36 7.420505911310776e-06
36 7.13237737699273e-06
36 6.699864475414824e-06
36 6.908389985638169e-06
36 6.71040587640854e-06
36 6.977297508963926e-06
36 7.020956174067799e-06
36 6.799497582080095e-06
36 7.266422459702134e-06
36 7.126027380472552e-06
36 6.495858458846233e-06
36 6.87688021482315e-06
36 7.144857204262885e-06
36 6.92004647353955e-06
36 7.01670004112004e-06
36 7.182021723981208e-06
36 6.797174312078446e-06
36 7.024261706787068e-06
36 7.053943620870715e-06
36 6.804620654403566e-06
36 7.300871242554928e-06
36 6.778628529558574e-06
36 6.789947077922021e-06
36 7.3482157672964e-06
36 6.843453954143179e-06
36 6.872743586929747e-06
36 6.937061424735078e-06
36 6.92371145243771e-06
36 7.123226236001994e-06
36 7.029961328585935e-06
36 6.819573846878791e-06
36 7.351166000698589e-06
36 7.122076956551059e-06
36 6.967753634274149e-06
36 6.870534275145511e-06
36 6.754115317502968e-06
36 7.223671856313168e-06
36 7.10762122535477e-06
36 6.916290059327545e-06
36 6.852880447717511e-06
37 4.37062878024814e-05
37 4.345062256292573e-05
37 4.371994153816398e-05
37 4.325611113724153e-05
37 4.334239231028534e-05
37 4.367453416553793e-05
37 4.364066964095254e-05
37 4.315153201032902e-05
37 4.315532448574516e-05
37 4.360887762368277e-05
37 4.366686745830883e-05
37 4.323992759879813e-05
37 4.361111926738686e-05
37 4.365652382977846e-05
37 4.364625970100999e-05
37 4.365468428639337e-05
37 4.376990429973643e-05
37 4.359839364164061e-05
37 4.318986684135483e-05
37 4.342276716627932e-05
37 4.317923122189038e-05
37 4.366844308465043e-05
37 4.347261699185416e-05
37 4.364568389729461e-05
37 4.333267655422031e-05
37 4.319108470255213e-05
37 4.356764459920334e-05
37 4.364128348712196e-05
37 4.363667449331094e-05
37 4.369796047247188e-05
37 4.339156816554068e-05
37 4.341931393461662e-05
37 4.348758737424244e-05
37 4.359858950430142e-05
37 4.344149576270834e-05
37 4.314209251141029e-05
37 4.367615770252901e-05
37 4.320466361792599e-05
37 4.360750253332931e-05
37 4.343483454962875e-05
37 4.393314566610072e-05
37 4.350891994810853e-05
37 4.336016996152104e-05
37 4.318880699340946e-05
37 4.352124489466625e-05
37 4.341213395337138e-05
37 4.365363612285804e-05
37 4.347371700640087e-05
37 4.33925449815244e-05
37 4.403795333085985e-05
37 4.390936565515903e-05
37 4.347165914458321e-05
37 4.312289563608849e-05
37 4.351142691893179e-05
37 4.333127699908637e-05
37 4.343107672212981e-05
37 4.333966301873259e-05
37 4.335296133675679e-05
37 4.381426793781122e-05
37 4.381902315275439e-05
37 4.344662949683347e-05
37 4.330211391142702e-05
37 4.373255505078307e-05
37 4.351695326112539e-05
37 4.334372596146787e-05
37 4.340906106398912e-05
37 4.34998500780736e-05
37 4.300504680411822e-05
37 4.346545294065012e-05
37 4.335611470791103e-05
37 4.347468111714745e-05
37 4.336050922624645e-05
37 4.318297068896238e-05
37 4.34554736142554e-05
37 4.351626214999956e-05
37 4.342002021792811e-05
37 4.323031349717189e-05
37 4.297684939272051e-05
37 4.302325593203022e-05
37 4.340528027916478e-05
37 4.342748339493119e-05
37 4.381120180518591e-05
37 4.279338145745613e-05
37 4.326511225217428e-05
37 4.37587779932999e-05
37 4.365919948308449e-05
37 4.339140484634842e-05
37 4.277780177937e-05
37 4.344974841452359e-05
37 4.374815190398483e-05
37 4.334126733838262e-05
37 4.382688285133933e-05
37 4.383261932789566e-05
37 4.331660988404318e-05
37 4.362290506725405e-05
37 4.315384404048623e-05
37 4.349579908360258e-05
37 4.337359918408633e-05
37 4.341069241103973e-05
37 4.347227991795276e-05
38 6.39219418783648e-05
38 6.375574182244266e-05
38 6.369596493569467e-05
38 6.317238484232002e-05
38 6.323049237430854e-05
38 6.298459520641535e-05
38 6.389925320818813e-05
38 6.362667539748159e-05
38 6.398307079643614e-05
38 6.358493707382912e-05
38 6.375230484730628e-05
38 6.348612601628815e-05
38 6.369181353165859e-05
38 6.289371956814606e-05
38 6.33628575183049e-05
38 6.344485032354473e-05
38 6.319452053669471e-05
38 6.356361413399865e-05
38 6.332485567008184e-05
38 6.323213171741892e-05
38 6.351793838386582e-05
38 6.329220420448346e-05
38 6.337171379992612e-05
38 6.367227664884017e-05
38 6.331293894553236e-05
38 6.330337402281905e-05
38 6.335960646568697e-05
38 6.404230495333267e-05
38 6.330457228807774e-05
38 6.3419598852162e-05
38 6.347224803354901e-05
38 6.354990612966077e-05
38 6.368615722992462e-05
38 6.325898016901959e-05
38 6.351905033166384e-05
38 6.322262013165226e-05
38 6.342157247715095e-05
38 6.325500077796733e-05
38 6.294421026153338e-05
38 6.367986065966461e-05
38 6.352896557461594e-05
38 6.339763637788346e-05
38 6.366818353114598e-05
38 6.341300164853429e-05
38 6.366435105232411e-05
38 6.323471576662787e-05
38 6.342075356446516e-05
38 6.360978598602459e-05
38 6.331047307836024e-05
38 6.320123162552951e-05
38 6.344481422105018e-05
38 6.353284445956075e-05
38 6.325856509413104e-05
38 6.368567382688327e-05
38 6.303171228490248e-05
38 6.353530471905018e-05
38 6.367206343501257e-05
38 6.312558141836946e-05
38 6.342449016571914e-05
38 6.340744386599418e-05
38 6.360983580415757e-05
38 6.331562431405056e-05
38 6.354169214964345e-05
38 6.298101991625623e-05
38 6.378735729537476e-05
38 6.319104308087093e-05
38 6.35180793279387e-05
38 6.315309814425784e-05
38 6.355193797091261e-05
38 6.312022570177547e-05
38 6.35863177412996e-05
38 6.340895710073604e-05
38 6.35064355197082e-05
38 6.343056530288603e-05
38 6.327347716610771e-05
38 6.346707678161657e-05
38 6.313719628344524e-05
38 6.327780361126256e-05
38 6.405628184738314e-05
38 6.310824539592088e-05
38 6.42556258719519e-05
38 6.311581045837985e-05
38 6.320613731027161e-05
38 6.322807914367284e-05
38 6.394245964708245e-05
38 6.379400080908523e-05
38 6.309150609486736e-05
38 6.358441895532695e-05
38 6.299222469765622e-05
38 6.324022458331751e-05
38 6.335764736548965e-05
38 6.344300348007671e-05
38 6.378727882328744e-05
38 6.336125895020893e-05
38 6.335343045471718e-05
38 6.31572727701675e-05
38 6.345580260068492e-05
38 6.351305833822857e-05
38 6.362094046096967e-05
38 6.336199853971445e-05
39 0.0005400875068802533
39 0.0005410588293733706
39 0.0005409430526288233
39 0.0005405360107138953
39 0.0005406492622335382
39 0.0005404335293269491
39 0.0005401823508262645
39 0.0005407368523535325
39 0.0005399960575948197
39 0.0005402668469943966
39 0.000540694811249954
39 0.0005407633371225593
39 0.000540921522424752
39 0.00054027721063772
39 0.0005405238831412164
39 0.0005403316476486268
39 0.0005402053320262045
39 0.0005404873665329674
39 0.0005407994947010909
39 0.0005410145349745156
39 0.0005407192589940053
39 0.0005405491158949676
39 0.0005402788809806828
39 0.0005403754488965962
39 0.0005403016907563127
39 0.0005399673692608712
39 0.0005408204440004107
39 0.0005404833683832331
39 0.0005402944030158131
39 0.0005407360419064133
39 0.000540430864794038
39 0.0005400624163111899
39 0.0005406912323647016
39 0.0005410533789259119
39 0.000540104598039929
39 0.0005401956803489682
39 0.000540113025470968
39 0.0005405437954350293
39 0.0005408320821887004
39 0.0005407931170318509
39 0.0005399998185879078
39 0.0005399967897107575
39 0.0005399793397369313
39 0.000540170387075764
39 0.0005407223320459194
39 0.0005404347050683619
39 0.0005408498802865185
39 0.0005408963511694734
39 0.0005401590822846976
39 0.0005405384035540233
39 0.0005406605102689881
39 0.0005404761287851552
39 0.0005404745714967597
39 0.0005403289261018769
39 0.0005399498021995723
39 0.00054010100355295
39 0.0005403719791819442
39 0.0005409117794117687
39 0.000540930624147239
39 0.0005407242499801895
39 0.0005407162863405527
39 0.0005404694069974068
39 0.0005401903060429269
39 0.0005403534068916595
39 0.0005408197545390744
39 0.0005401591311893211
39 0.0005399946943426648
39 0.0005402974351828232
39 0.0005404056381340082
39 0.0005400869503309327
39 0.0005402570319628314
39 0.0005408259874632924
39 0.0005403765604243047
39 0.0005407861297579927
39 0.0005407478412592786
39 0.0005401975284602743
39 0.0005407844845142912
39 0.0005405163193200706
39 0.0005404558389320342
39 0.000540322010085671
39 0.0005405213085513428
39 0.000540836948956287
39 0.0005404852918118832
39 0.0005404344044744306
39 0.000540476170616177
39 0.0005403830890563275
39 0.0005408104266322238
39 0.0005403760729084563
39 0.0005401299536476314
39 0.0005407396226360597
39 0.0005405807743232704
39 0.0005405823696334587
39 0.0005402340442248377
39 0.0005407260058165286
39 0.0005406344487760062
39 0.0005398779768167323
39 0.0005408998337407402
39 0.0005405536087026009
39 0.0005401003531364186
39 0.0005405076698475702
