@type xydy
 
 0 0.4433136248465951 0.0001931332521274853
1 0.2229461736151452 6.631308333844818e-05
2 0.01807015626719724 2.737047132657154e-05
3 0.01454300878507911 1.833530509789784e-05
4 0.001907301901278697 1.347783471596081e-05
5 0.002112542895912757 9.718577839011331e-06
6 0.0003497521345050708 7.62197082239017e-06
7 0.0004353132841638722 8.623946043541409e-06
8 8.754428917752991e-05 6.414786441192361e-06
9 0.000109085140130959 6.558687298787231e-06
10 2.472270787154837e-05 5.143070743297384e-06
11 2.966382721151665e-05 6.53132314193406e-06
12 6.396059402150498e-06 4.419123544445092e-06
13 6.533977503524657e-06 4.735386715747969e-06
14 3.389026480859158e-06 3.782667228332811e-06
15 4.361620484833898e-06 3.36932879908739e-06
16 4.553241502147374e-06 3.009210787874943e-06
17 6.247281144820194e-06 3.673091913132554e-06
18 3.076482061129209e-06 2.727026879781311e-06
19 7.102892329715697e-06 3.059217353845519e-06
20 3.672735162666099e-06 2.680166710396882e-06
21 2.946283210749925e-06 2.778175011637837e-06
22 4.051820042917161e-06 2.982496021101058e-06
23 5.413102049258421e-06 2.961266857045591e-06
24 3.285286416272563e-06 2.987299527724792e-06
25 3.907071709183403e-06 3.30168970692803e-06
26 4.183809608126595e-06 3.216332025406027e-06
27 1.532891147061355e-05 4.086549996916467e-06
28 1.565340673713152e-05 3.744802872728745e-06
29 3.761132102894311e-05 4.477443056030301e-06
30 3.239809784101313e-05 5.019878558645021e-06
31 0.0001130874362564469 5.105934839564262e-06
32 8.661784245199054e-05 7.152693518899239e-06
33 0.0004474957849182435 8.13293663327044e-06
34 0.000359589086395984 8.593970870207097e-06
35 0.002114902179140165 1.165101605994805e-05
36 0.001903120243583363 1.335436041014995e-05
37 0.01452474402283125 2.023984554524028e-05
38 0.01803861741671241 3.267838570838048e-05
39 0.2229183486012477 6.091834537993602e-05

 
 0 0.4426730128704016 0.0001863089905732396
1 0.2229607754698334 6.704522494535177e-05
2 0.01800240874375539 3.265225998188454e-05
3 0.01453908659365677 2.338870970814937e-05
4 0.001890639888849545 1.521294588479219e-05
5 0.002118662870326802 1.193117277403018e-05
6 0.0003423235627764154 8.726369349084842e-06
7 0.000443192364410094 7.78942545549139e-06
8 7.695245220671414e-05 6.666752927857663e-06
9 0.0001154604230248993 6.075848417263201e-06
10 2.271389617925732e-05 5.864588858716435e-06
11 3.728072477694914e-05 4.402567090403338e-06
12 7.035843747385524e-06 4.333343435068189e-06
13 1.815365555737823e-05 4.159881589885701e-06
14 4.501865039517653e-06 3.503917522380661e-06
15 5.946869554446079e-06 3.377485392510389e-06
16 3.188442634504742e-06 2.755079133741341e-06
17 5.450385711729051e-06 3.012214069585992e-06
18 -1.602103471792179e-08 2.613265848875679e-06
19 7.13064593861215e-06 3.040363215805098e-06
20 -3.056395104638902e-06 2.804466309356786e-06
21 6.868690265971495e-06 3.314751007334436e-06
22 1.567334520660413e-07 3.057374471766749e-06
23 8.395180932461176e-06 3.179239708224049e-06
24 6.551553943783813e-07 3.127392519440483e-06
25 7.090126470463806e-06 3.263390898204979e-06
26 3.744174745235059e-06 3.497019848620792e-06
27 1.747955604951611e-05 3.769584630082324e-06
28 1.612618966757618e-05 4.510421471130635e-06
29 3.868303036381964e-05 4.528508312357498e-06
30 3.211079700883643e-05 5.769701208242951e-06
31 0.0001121341031849995 6.888166717274509e-06
32 9.842766963241555e-05 6.986641666926903e-06
33 0.0004485287350527682 9.088287847819484e-06
34 0.0003709147721548918 1.007076811306501e-05
35 0.00212921998871061 1.267348847636163e-05
36 0.001912799019981171 1.234237871150715e-05
37 0.01454036354700811 2.651229548674476e-05
38 0.01802114660744676 2.991011323359976e-05
39 0.2229271312407334 6.750294227258783e-05

 
 0 0.3271442525489197 0.00022127571921025
1 0.2387863968355713 0.0001085156310026138
2 -0.01169193854779245 8.338070345280521e-05
3 0.03319302712650926 8.507452271956048e-05
4 -0.008460404382932086 5.785409845152141e-05
5 0.01682449880584967 6.34672859793228e-05
6 -0.004216851544802618 4.280128968263211e-05
7 0.01151706677075782 5.112745966357044e-05
8 -0.002287378154491674 3.22969725088957e-05
9 0.008666560381773921 4.267926660109296e-05
10 -0.001390609716892807 2.451200974859004e-05
11 0.006925532460791624 3.774921977963115e-05
12 -0.0009677620478561861 2.02577308311394e-05
13 0.005804099568888795 3.315147779345355e-05
14 -0.000755433820167372 1.82421896124221e-05
15 0.005083212269796092 3.027165904011315e-05
16 -0.0006523302223812822 1.597077003954278e-05
17 0.00464988778281166 2.857037644654155e-05
18 -0.0006103692079279293 1.463793869354385e-05
19 0.004447499125685768 2.825293435236964e-05
20 -0.0005961084089033419 1.422612243214499e-05
21 0.004439145457126411 2.811664691143689e-05
22 -0.0005997627354724155 1.505532997219431e-05
23 0.004634951619489874 2.873195004014894e-05
24 -0.0006360563840355192 1.553322408398733e-05
25 0.00505594506118676 3.118693371826446e-05
26 -0.0007284333258879614 1.878185439829653e-05
27 0.005775026018850675 3.362271451035167e-05
28 -0.0009338153923700846 2.371495324329669e-05
29 0.006893697861842762 3.804073825721945e-05
30 -0.001367987154133189 2.912443925090751e-05
31 0.008632852366460026 4.583557305363411e-05
32 -0.002267511198099483 3.575181134623463e-05
33 0.01149194040614751 5.73065308237249e-05
34 -0.0042073668510911 4.481706115456608e-05
35 0.01679172890521271 6.906455686350599e-05
36 -0.008457520669374743 5.895877339088442e-05
37 0.03314078060704 8.564237587978836e-05
38 -0.01164285971203957 8.077715271729928e-05
39 0.2387387655721708 9.753544718681171e-05
