@type xydy
 
 0 0.4492244923327694 0.000991763271971595
1 0.2274822481781812 0.0005315563094550585
2 0.01844130947135735 0.0001002741610997553
3 0.01519844021306459 0.0001005285960278116
4 0.002084888943895447 8.478671747167386e-05
5 0.002221344355388705 0.0001006838478833266
6 0.0005447590821474832 0.0001092974704548351
7 0.000565640454759382 0.0001084405689197536
8 0.0001566233745172424 9.785621458236101e-05
9 0.0001393982708252313 8.777529842286266e-05
10 0.0001642055013250542 0.0001022054840774054
11 5.55922405023151e-05 9.373275712870257e-05
12 0.0001219669839339224 8.723996521872679e-05
13 2.320847080638408e-06 9.897059562948977e-05
14 1.481495093535778e-05 8.787747135706214e-05
15 9.579613508552964e-05 0.0001028557418304225
16 1.25238603748987e-05 7.6327428686562e-05
17 0.0001308210258736583 9.061063781704509e-05
18 -2.471346247253304e-06 8.994267790845034e-05
19 0.0001322684646309289 9.490938290099107e-05
20 2.441596117405817e-05 9.046969807949024e-05
21 3.63831757677902e-05 9.59694031106143e-05
22 2.540323828672036e-05 9.151467162306268e-05
23 7.243916148096334e-05 9.006921295771088e-05
24 8.432322960846049e-05 9.114148679862759e-05
25 1.634245017755804e-05 0.0001019249932835997
26 6.359324628245966e-05 8.691358215067996e-05
27 -5.562845182578039e-05 0.0001000488489364853
28 7.024505065937352e-05 0.0001011023251002831
29 -7.01057239868318e-05 9.190565030279374e-05
30 5.313699360587908e-05 0.000101111254828001
31 0.0001529504870774905 8.672428303203581e-05
32 0.000181737531466768 0.0001000461585776166
33 0.000492982500166546 8.37553645387956e-05
34 0.0004756253571234602 0.0001025650470196551
35 0.002164116896344313 8.965337054594008e-05
36 0.001852825099871777 9.68934021346505e-05
37 0.01520143612582784 0.0001126420058360918
38 0.01822171954253588 0.0001222004561781839
39 0.2274234391458595 0.0005528824363402025

 
 0 0.4488842671298353 0.001023043679751735
1 0.2273841828256927 0.0005399612059737324
2 0.01821328795286735 0.0001044720505524659
3 0.01516535414592214 0.0001133013837775086
4 0.001849794675669906 9.026913552578347e-05
5 0.002210780356195774 9.081569931138622e-05
6 0.0004037382015392015 9.352937377933956e-05
7 0.0004881645181258094 7.882089751102481e-05
8 0.0002213144030534656 9.063021487653415e-05
9 7.119700505441809e-05 9.184489956940075e-05
10 8.471358301943443e-05 8.391925155538396e-05
11 3.26018387785723e-05 8.98292849185658e-05
12 -2.062875965858208e-05 9.480165635287604e-05
13 -9.349392542179086e-05 9.43196487577012e-05
14 -0.0001340273740449715 8.264614899526642e-05
15 2.733754638700006e-05 9.951494807845528e-05
16 -4.795531708684513e-05 8.29028338592309e-05
17 7.039569565891504e-05 8.924707416451296e-05
18 4.265890226195871e-06 8.455969845520801e-05
19 7.989040382425773e-06 7.750298233357849e-05
20 -8.700715911421604e-05 9.128131372797654e-05
21 9.286819624451525e-05 9.251330659926496e-05
22 -6.79160288407059e-05 8.842211976049387e-05
23 0.0001172593097029949 9.299035349007507e-05
24 4.171307944819636e-05 9.147288399836036e-05
25 6.316412861908641e-05 9.52784034926196e-05
26 6.539637428143703e-05 8.02943484349473e-05
27 -1.680098937378073e-05 8.647774408371211e-05
28 -2.032277449980536e-06 8.131707361506142e-05
29 -5.55794074615956e-05 8.559347061195653e-05
30 -5.379280194214937e-05 8.977437239906379e-05
31 8.716659044802677e-05 9.091957060713439e-05
32 1.897760658490265e-05 0.0001061706458160316
33 0.0004277649469716018 0.0001024554866359699
34 0.000352791175258935 9.377943253977074e-05
35 0.002168876513349215 9.781602373743469e-05
36 0.001967719289713006 0.0001089060798853011
37 0.01504575109963196 0.0001188712707692976
38 0.01803704872052642 0.0001142583528801373
39 0.2270074738952272 0.0005699987603722133

 
 0 0.2148908194951889 0.01259844886012888
1 0.285277784863733 0.005061573109274927
2 -0.0646389468182542 0.005030602850828249
3 0.07434762282474213 0.004327663716529089
4 -0.04864959975653284 0.003633229437436697
5 0.05350273264403194 0.003724633339894474
6 -0.03857456297305186 0.003126968013349373
7 0.04534320560333673 0.003345043820909861
8 -0.03270748355952372 0.002840512386564827
9 0.04035097454496958 0.003098713446503859
10 -0.02902295666742748 0.002646846578277054
11 0.03722817060330575 0.002927200430010384
12 -0.02655412820034252 0.002523511352988516
13 0.03519962030797997 0.002814033694475623
14 -0.02511803683692225 0.002425678377648125
15 0.03388159078057213 0.002746301471647857
16 -0.02408974108379314 0.002370509266036057
17 0.03292598988375749 0.002724167234375525
18 -0.02335091642850515 0.002350867687945427
19 0.03233209219446009 0.002716138511126186
20 -0.02296310419302679 0.002351833110776724
21 0.03224598662742468 0.002740851860196332
22 -0.0230534656170424 0.002372796602812077
23 0.03246052673570935 0.002786909829996913
24 -0.02344414948703762 0.002421785338074688
25 0.03291624455659013 0.002871896381364313
26 -0.02414390700942402 0.002510219287335222
27 0.0339318506429638 0.002984485382818933
28 -0.0253277650348525 0.002627138631809964
29 0.0357395969300494 0.003106491582219016
30 -0.02749467094410931 0.002765526737703675
31 0.03865571948088885 0.003271636587020867
32 -0.031003096760037 0.002952539828407336
33 0.04345940522805722 0.003501228734687948
34 -0.03691832662257398 0.003232941832261139
35 0.05172620734974844 0.003843948021819252
36 -0.04742261154488287 0.003725745110629537
37 0.0730554530273072 0.00442256216248964
38 -0.06405849813788899 0.005075898916265022
39 0.2846807784088575 0.005112828436430228
