@type xydy
 
 0 0.4601017140169611 0.0002507487633739934
1 0.233100178027113 0.0001213532237685706
2 0.01860565846591629 6.179334437591213e-05
3 0.0155327473825784 6.900078864750381e-05
4 0.001864243613402863 5.029845938278083e-05
5 0.002066308432119853 5.274234760297843e-05
6 0.0003464540712094101 5.211828860823522e-05
7 0.0004611074631571751 5.564491099759025e-05
8 4.895735795463612e-05 4.429606391331938e-05
9 0.0002570504882671267 5.087773897510833e-05
10 9.505627406370107e-05 3.906869182860581e-05
11 0.0002198764365941978 4.095525051374259e-05
12 9.4415900867686e-05 4.341090853612507e-05
13 0.0001892656038663207 4.585247080516468e-05
14 8.433236346627531e-06 4.326627184660597e-05
15 0.0001500056334530301 4.750024761508484e-05
16 5.52815955941572e-07 4.024233897515647e-05
17 0.0001340760880675385 5.079371494761595e-05
18 -2.105317429920471e-05 3.646044308314391e-05
19 7.652618596946027e-05 5.178641268723925e-05
20 -1.346950228537211e-05 3.439612572681757e-05
21 7.1510272968727e-05 5.423628147013594e-05
22 7.094435804128528e-05 3.369979736276019e-05
23 9.857626210308168e-05 4.861351727512743e-05
24 6.31758250689793e-05 3.795640051710954e-05
25 0.0001012990337462097 4.776999645237549e-05
26 2.189659405664324e-05 3.745675106032848e-05
27 9.028933111630161e-05 5.435326501682636e-05
28 0.0001444567453849654 3.85115873854567e-05
29 0.0001475997354734439 6.157233326181856e-05
30 0.0001204736481288105 4.570061316364876e-05
31 0.0002462759394259808 5.029857079011128e-05
32 0.0001880792324587048 4.844512201226757e-05
33 0.0005154396623124576 4.246622356592218e-05
34 0.0004279129284782902 3.653073233092137e-05
35 0.002106687956399013 4.376860975025958e-05
36 0.001825391280254033 4.787790753895392e-05
37 0.01558439687789095 5.56017469807969e-05
38 0.01856593977841553 5.971698648438635e-05
39 0.2333134334643542 9.85299146641453e-05

 
 0 0.4600585842814647 0.0002406738063939149
1 0.2330666075215268 0.0001028056331004533
2 0.01856435546089693 6.741938327970633e-05
3 0.0155577076822311 5.855749399414783e-05
4 0.001813500185906765 4.696515977931883e-05
5 0.002142538332161654 5.020533001469338e-05
6 0.000375279125840893 5.143220266488987e-05
7 0.0005238558533110236 5.254753176243025e-05
8 0.0001910318788235608 4.28886452333272e-05
9 0.000231904256650161 4.71484629012107e-05
10 9.097700953207509e-05 4.345629415163604e-05
11 0.0002133973487261633 4.429175986689579e-05
12 6.749772402502013e-05 4.735902166278927e-05
13 0.0001234659644059876 4.190679599109247e-05
14 -9.802535478709679e-07 5.069928655220157e-05
15 0.0001299588961261785 4.27269059416139e-05
16 -3.583233499706842e-06 4.129572237799645e-05
17 0.0001048261370760678 4.339134291269208e-05
18 -1.775426540173899e-05 4.306754416014603e-05
19 8.574427948563166e-05 3.891389886740603e-05
20 -3.645684349343982e-05 4.362751113213121e-05
21 2.586827085674255e-05 4.4289395522766e-05
22 2.475897861395471e-05 3.604028937398614e-05
23 0.0001040744582716678 4.580239105805207e-05
24 6.103622294436274e-05 3.436313380681975e-05
25 5.198834878221762e-05 4.245896358430174e-05
26 6.849705952307375e-05 3.93485805914482e-05
27 8.653103867047494e-05 3.568409633302941e-05
28 6.099657836549069e-05 4.257343126884792e-05
29 0.0001072646445170551 4.214755022971889e-05
30 5.585400447234709e-05 4.271164593888011e-05
31 0.0002277331418285816 4.676008627840239e-05
32 0.0001509608622844287 4.6781374827283e-05
33 0.0005735539580220748 5.011547279719195e-05
34 0.0003891901616707275 4.719838831768719e-05
35 0.002106065421404664 5.184955457278238e-05
36 0.001815327309885305 4.564417951567842e-05
37 0.01556079325303453 5.233378280553181e-05
38 0.01849625657085298 7.045340601459343e-05
39 0.2332261985355556 0.0001061094825503367

 
 0 0.07581183923352106 0.0008929588720569956
1 0.3391861013081698 0.0008312164190696936
2 -0.1184064458178101 0.0008363598157526551
3 0.1197632357546743 0.0008567982665369683
4 -0.08619044178829633 0.0008550173137160066
5 0.09182925532088098 0.000855517964391087
6 -0.07013370154881516 0.0008389322783644501
7 0.07933785046212454 0.0008480261327426975
8 -0.06091432653669188 0.0008254990696111207
9 0.07164064830554495 0.0008171616939290191
10 -0.05500379150867286 0.0007889085475710684
11 0.06669900621499847 0.0007801508162928387
12 -0.05111004917620645 0.0007632120622943549
13 0.06336334299188959 0.0007658163948893252
14 -0.04840900737580165 0.0007596209874939056
15 0.06106253727047378 0.0007745556301766261
16 -0.04653064280768033 0.0007553588670574174
17 0.05962179184072805 0.0007688619354555074
18 -0.04549417525911107 0.0007439047795855531
19 0.05891864763210028 0.0007699843715668306
20 -0.04522103657323148 0.000738331031388872
21 0.05910078230179553 0.000758929941698796
22 -0.04566941060836518 0.0007277673010542432
23 0.05982589079446692 0.000756496287462664
24 -0.04668340656703722 0.0007280210015448522
25 0.06126078621927418 0.0007547908990103557
26 -0.0484120969293567 0.0007253323313821551
27 0.06359463046588645 0.0007524244222483277
28 -0.05103299859006147 0.0007321354220587972
29 0.0669137726531277 0.0007508145963737185
30 -0.05488680894281909 0.0007452777790961339
31 0.07184764903654011 0.0007683422334975936
32 -0.06066871859586987 0.0007798738192722907
33 0.07945858715914283 0.0007819557093687358
34 -0.06998627433723515 0.0007842462241066684
35 0.09188937228169052 0.0007640712466841516
36 -0.086258230653171 0.0007853005427434635
37 0.1199273725919684 0.0007843055759171248
38 -0.1184523379257086 0.0008239159561705194
39 0.3394796545206038 0.0007996844442408419
