@type xydy
 
 0 0.43787054138647 0.0004130882139837146
1 0.2216730800891342 0.000200568254810507
2 0.0179229533759202 9.903457657184217e-05
3 0.01500519972810388 8.06095331312272e-05
4 0.002252662750635672 9.930169000588006e-05
5 0.002554547706899699 8.437909539595662e-05
6 0.0006502567080175969 9.596212191454724e-05
7 0.0007444662404947764 8.562738787461208e-05
8 0.0002584675021343047 9.298674040967682e-05
9 0.0003228792011676001 8.31548939423435e-05
10 0.0001020762156787552 9.811555118300085e-05
11 0.0001847736329020591 7.75855458807193e-05
12 1.74040961126153e-05 9.674124749373138e-05
13 0.0001235273944254413 7.356353285866453e-05
14 -3.359637142933672e-05 9.364864394472812e-05
15 2.39164176748045e-06 8.231566422724845e-05
16 -7.705168031002316e-05 8.112889787259733e-05
17 5.090042197230509e-05 7.903083931645802e-05
18 -4.170171776520284e-05 7.30533712418437e-05
19 5.567886543069495e-05 7.842575972674024e-05
20 -7.672520289066526e-05 7.033522835963249e-05
21 7.533019001581204e-06 7.801658599313421e-05
22 -6.927572034314361e-05 6.582640060197949e-05
23 5.483834033838299e-06 7.579190459533585e-05
24 -1.903741688257301e-06 6.885153347391682e-05
25 3.607481002388172e-05 8.739087188106427e-05
26 4.035890224591991e-06 7.557532106768837e-05
27 -4.769575278550025e-06 7.856088419533283e-05
28 -6.434942392800029e-05 7.855455122253912e-05
29 4.235832893173238e-05 8.718410457205084e-05
30 -7.229392420909489e-05 8.767719286910142e-05
31 0.0001729975718096441 9.379913057480734e-05
32 3.311356339004613e-05 8.458515490806136e-05
33 0.000595434630686524 9.17833062867032e-05
34 0.0004608424057844394 9.545643650899243e-05
35 0.002456329517828548 8.594810940402117e-05
36 0.002033231848732523 0.0001115734038418628
37 0.01472038671405555 9.48157948532938e-05
38 0.01771889386439565 0.000122511620143699
39 0.221309752223655 0.0002199501615282776

 
 0 0.4375716746111059 0.000380784061515114
1 0.2212152970073474 0.000246688601756839
2 0.01784013637324529 0.0001051264071963237
3 0.01470464915357454 9.43859909734403e-05
4 0.002110793143407027 9.6965829340712e-05
5 0.002408590919903078 9.265646381923164e-05
6 0.000555401964358751 9.729351580487618e-05
7 0.0005716213341438308 8.922021388425873e-05
8 0.0001661101802817273 8.916321947854338e-05
9 0.0001766195103705111 8.412929161766889e-05
10 -1.125442913472426e-05 7.454959257094477e-05
11 0.0001705625314051258 8.868214546003978e-05
12 -7.756063722479942e-05 9.33859198908973e-05
13 0.0001441319939860806 8.091499377289301e-05
14 2.362977908650831e-05 9.230692977646436e-05
15 7.187574981076618e-05 7.683660778420363e-05
16 0.0001928428886942293 9.213922084757038e-05
17 5.252570284269604e-05 7.493073651375694e-05
18 0.0001917924971209337 8.05063259041465e-05
19 8.880936247880695e-05 7.049799930926569e-05
20 9.303756769869626e-05 7.442276822965764e-05
21 7.741179997895523e-05 6.878211340997996e-05
22 5.427485337339048e-05 7.926881369824089e-05
23 2.818863685205134e-06 7.169303498812916e-05
24 3.13184688057074e-06 7.928363368509539e-05
25 1.696176277876644e-05 7.798005502733993e-05
26 4.406612111188875e-05 8.715995599016481e-05
27 0.0001779653243419348 8.06331183600616e-05
28 5.29654076034537e-05 8.12976407853518e-05
29 0.0002088300743291935 7.940969199037514e-05
30 0.0001007101281776184 7.792270682404936e-05
31 0.0002440807886552634 7.685452475752688e-05
32 0.0002309735145347753 8.391693909436431e-05
33 0.0005817112286264407 7.497145798352326e-05
34 0.0006177135956392837 9.57451707703522e-05
35 0.002397582712434014 8.614750099191974e-05
36 0.002324324016025151 0.0001080595382510784
37 0.01469941131419955 8.006802910011933e-05
38 0.01795096673342973 0.0001083724274213519
39 0.2210799325315829 0.0002331207117905236

 
 0 0.3513511850372233 0.00498044606998342
1 0.2390390055847143 0.001916455106129593
2 -0.01565503277975841 0.002198718184532009
3 0.03503818008605187 0.001801143906110117
4 -0.01703833967693982 0.001572128311765099
5 0.02088608435582578 0.001613734592148586
6 -0.01319827614684809 0.001348868956979638
7 0.01698686043069584 0.001471704685146964
8 -0.0108359073474079 0.001219527584758726
9 0.01500122728112629 0.001358798901608401
10 -0.009315801550573392 0.001143682151450483
11 0.01371549203937557 0.001294338175577952
12 -0.008460564091213297 0.001087123030867583
13 0.01290504487560933 0.001252857977199696
14 -0.007880307754113631 0.001051242174638301
15 0.01244759402767854 0.001214132241854685
16 -0.007457862358230528 0.001022051584952213
17 0.01211011396525753 0.001197499929334556
18 -0.007270521163319423 0.00100352133125807
19 0.01197289123427077 0.001186917511303687
20 -0.007221324348830902 0.001005790925497492
21 0.01203079042326675 0.00118771406432096
22 -0.007344236477647618 0.001010801550076181
23 0.0121756978529364 0.001207968404509357
24 -0.007586173161843206 0.0010327427497176
25 0.01240251528763088 0.00123813286349898
26 -0.00790823955346624 0.001059819304720494
27 0.0127327963476847 0.001290697439175716
28 -0.008420776691330633 0.00111656342653249
29 0.01348433124015611 0.001345156879981721
30 -0.00939298432078679 0.001179728710189626
31 0.01465660934452384 0.001422284533438735
32 -0.010901438951703 0.001254168575429094
33 0.01672303947429466 0.001510120662878452
34 -0.01333449798550487 0.001367498736972353
35 0.0206120099742624 0.001639210125883486
36 -0.01718596534525008 0.00158107009751383
37 0.03475251801165845 0.001821009822078645
38 -0.01564922867559451 0.002199190623845305
39 0.2387012965734402 0.001934001262184039
