@type xydy
 
 0 0.4418174336276949 0.0002158018036849017
1 0.2234987605898736 8.768150681965161e-05
2 0.0177314598140257 4.710214976208005e-05
3 0.0148548871021562 3.420557544913263e-05
4 0.001809432085565197 2.959559528933774e-05
5 0.002256171405628989 2.359429131683927e-05
6 0.0003455435387106967 2.390100262039497e-05
7 0.0005064135310225875 2.2306596328574e-05
8 8.760518657531066e-05 1.803874426192665e-05
9 0.0001328976964807452 1.782695932835013e-05
10 3.491975344061251e-05 1.526834160679696e-05
11 3.301061813232322e-05 1.949430625632561e-05
12 1.786434571147831e-05 2.025904663745855e-05
13 3.235767776683337e-05 2.362571118348629e-05
14 2.212274061764909e-05 1.989953418161383e-05
15 5.255259660744049e-05 2.194861979561519e-05
16 8.600990129868576e-06 1.812134207183431e-05
17 4.846709193358681e-05 1.971436196968974e-05
18 2.37927952274817e-05 1.496209011978495e-05
19 4.130308304792914e-05 1.62346372013833e-05
20 -1.674039583590868e-05 1.816158200370602e-05
21 5.642911185226305e-05 1.883117969710857e-05
22 -2.080061057439429e-05 2.148299839926666e-05
23 4.399217645182118e-05 1.626956759890658e-05
24 -9.063058753214221e-06 1.864920305680882e-05
25 3.494451497779721e-05 1.951864738070905e-05
26 -2.618814241159989e-06 2.226480399954527e-05
27 4.125723192661488e-05 2.159662459920931e-05
28 2.843428424195142e-05 1.900830024525236e-05
29 7.183996010813088e-05 2.090768691424555e-05
30 5.035488183578727e-05 1.806978296245823e-05
31 0.0001455365876188561 2.404612551365441e-05
32 9.647649919071072e-05 2.448138511994627e-05
33 0.0005218467442887724 2.466862781510935e-05
34 0.0003821906708140302 2.063001186190709e-05
35 0.002266597833098397 2.445281065452883e-05
36 0.001857286968855836 2.724667242614582e-05
37 0.01481733497645667 3.473615616414397e-05
38 0.01774214426096596 4.158725322847046e-05
39 0.223421997990311 8.120448706689976e-05

 
 0 0.4409791758045405 0.0002024777049396521
1 0.223410440310431 8.491900014637681e-05
2 0.01766211358533208 4.634270422573745e-05
3 0.01479240769000338 3.215192767862479e-05
4 0.001836699353015711 2.675162050995955e-05
5 0.002201145159389777 2.8635789301542e-05
6 0.0003739742816893219 1.936530614163965e-05
7 0.0004986087921736159 2.323112551033421e-05
8 0.00010250696253516 2.019558938445492e-05
9 0.0001460559935117699 2.335844443046598e-05
10 3.646204690745417e-05 1.911593908926256e-05
11 7.665158307386344e-05 1.748777640759088e-05
12 8.970275359930255e-06 1.745642702910301e-05
13 5.10198237285949e-05 1.843603201773851e-05
14 1.202226931090793e-05 1.990240156257589e-05
15 1.142180038143664e-06 2.140192502077686e-05
16 1.564539953446366e-05 2.085749625439377e-05
17 3.686983199961812e-06 1.730573320190429e-05
18 -7.590932900216206e-06 1.701821300834095e-05
19 3.986504902354332e-05 1.753010673846283e-05
20 -8.552194600983262e-06 1.713830418459654e-05
21 3.585569708629815e-05 1.888979672531489e-05
22 1.388565990025973e-05 1.609340332521206e-05
23 1.161204764954522e-05 1.952327294601613e-05
24 2.356526013982945e-05 1.649133903873436e-05
25 5.179782544929947e-06 1.627240770931114e-05
26 4.09287098948972e-05 1.879364748872439e-05
27 3.875713055402397e-05 1.990481613630593e-05
28 2.814710956444535e-05 2.339016360566928e-05
29 8.689489945798033e-05 2.982756455051858e-05
30 -9.423623113754218e-07 3.026994743351339e-05
31 0.0001505834062562011 2.034806814497173e-05
32 9.323801711964329e-05 2.271740889331307e-05
33 0.0005388518077151166 2.830067116052987e-05
34 0.0003661947800485176 1.929188953986755e-05
35 0.002275391822432448 2.80681972731123e-05
36 0.001836339855569179 2.363994975485824e-05
37 0.01479729043122977 4.661216293906736e-05
38 0.01765536329967942 5.046959774185801e-05
39 0.2233557214021025 9.355598539158572e-05

 
 0 0.2966246268346523 0.0007845313394195436
1 0.2581695920088977 0.0008128327403995236
2 -0.0384993810120832 0.0007313473483354305
3 0.05283548551641225 0.0007536622750527649
4 -0.03219883751250331 0.0006973094042923254
5 0.03631621783278197 0.0007225076704178911
6 -0.02543317620066601 0.0006833105274515032
7 0.03065983003183851 0.0006946870441435135
8 -0.02143739909160849 0.0006574566031679799
9 0.02738048859589356 0.0006683361052084834
10 -0.01883116722559075 0.0006473454545641859
11 0.02520200049163557 0.0006526615567079214
12 -0.0171359762332668 0.000619609053141151
13 0.02375252241111119 0.0006279741978988103
14 -0.01593697725432903 0.0006094425650586202
15 0.02272634822700437 0.0006284216168220855
16 -0.01505187649710102 0.0006206862125964509
17 0.02203520639907475 0.0006377524234015453
18 -0.01448246126636559 0.0006436676648063781
19 0.02166861300494059 0.0006592063150099958
20 -0.01425577006400988 0.0006589052702000188
21 0.02162860764274355 0.0006700176929267407
22 -0.01439670752480856 0.0006657468114079064
23 0.02192985335417541 0.0006825194535313128
24 -0.01479951143886522 0.0006965250249208764
25 0.02248198025374861 0.0007301758083213031
26 -0.01547859391068416 0.0007650968512414632
27 0.02334884237750655 0.0008039749910255026
28 -0.01655519324043538 0.0008383756197901239
29 0.02464822034561756 0.0008828638000443478
30 -0.01808975577329038 0.0009478947989322047
31 0.02652316943297976 0.0009857721537880067
32 -0.02061724459894895 0.0009751452648135534
33 0.02984611386055629 0.0009577400402896556
34 -0.02478964834298918 0.0009281811143628369
35 0.03559277797672523 0.0009048866774879018
36 -0.03180871869628953 0.0008359248603522555
37 0.05232379200095186 0.0008379095401607667
38 -0.03823438651989352 0.0007946154340020108
39 0.257887436695397 0.0008246702760252109
