@type xydy
 
 0 0.4393483423230686 0.000372878123473163
1 0.2209013970876941 0.000190119612544113
2 0.01814756881128992 2.403704600732228e-05
3 0.01446632788595726 1.742344383163783e-05
4 0.002128012736569782 2.25767128885959e-05
5 0.002300011675436134 1.945775161354458e-05
6 0.0004700132782882604 1.260123032302924e-05
7 0.0005518574376908188 1.284108382361721e-05
8 0.0001415425237824784 7.212797492732284e-06
9 0.0001609354342034549 7.188656272873957e-06
10 4.847180901673672e-05 4.566295937412087e-06
11 5.368844053581668e-05 4.884526191810558e-06
12 1.563059245625853e-05 3.371658186387182e-06
13 1.692133230969769e-05 3.217577861980511e-06
14 6.159230788747622e-06 2.850803353585096e-06
15 6.19024886984312e-06 2.435559043346357e-06
16 4.435809810644086e-06 2.193554393517986e-06
17 6.017605238408872e-06 2.354523237728259e-06
18 3.354200542092026e-06 1.79367918944218e-06
19 7.254350925497432e-06 2.095360565342978e-06
20 3.646837018233786e-06 1.858601643718616e-06
21 6.778621152532101e-06 2.168576486284824e-06
22 4.92392362925611e-06 2.0024091250945e-06
23 8.087416022010416e-06 2.47616379330526e-06
24 6.355432620353721e-06 2.239716876302029e-06
25 7.544519201017503e-06 2.903226597326839e-06
26 1.058150332442808e-05 2.613980788789309e-06
27 2.029241848432233e-05 3.315348287134849e-06
28 2.339276433959533e-05 3.316937254063887e-06
29 5.816399069414958e-05 3.992649817530022e-06
30 5.132685864142628e-05 4.302070306061137e-06
31 0.0001640080744821322 6.247462280225625e-06
32 0.0001402670238434205 7.148052792917681e-06
33 0.0005593075200769467 1.203353412617246e-05
34 0.0004843643947508487 1.26706634072031e-05
35 0.002315026440431645 1.987305951734459e-05
36 0.002142626594275165 2.374114869178559e-05
37 0.01446007750400244 1.829969274371575e-05
38 0.01812929779949337 2.461124499196687e-05
39 0.2208440417470718 0.0001920698433409168

 
 0 0.4388443734862564 0.0003796035005587957
1 0.2209017921833138 0.0001936667198943497
2 0.0181474172110764 2.899199972318063e-05
3 0.01448836348223476 1.819788959218153e-05
4 0.002151087292552708 2.630339091775908e-05
5 0.002319743349867616 1.996600442550342e-05
6 0.0004796464670589594 1.449036902111438e-05
7 0.0005575346218580199 1.199808014891789e-05
8 0.0001436097103724841 7.848956904613985e-06
9 0.0001652924851417582 5.987443135467649e-06
10 5.311333271729231e-05 4.851978677179267e-06
11 5.607181314030353e-05 3.730663713771034e-06
12 2.034997647320062e-05 3.142809890646051e-06
13 2.278936809385812e-05 3.252336992884208e-06
14 9.538399820709854e-06 2.659096475206158e-06
15 8.693158649310159e-06 2.688865818835002e-06
16 4.400072108963705e-06 2.495143947281812e-06
17 5.941003378832166e-06 2.291932040175179e-06
18 3.096091838062899e-06 2.146900805921887e-06
19 7.710387631353236e-06 2.126831088064508e-06
20 2.410961885935599e-06 2.077349278486431e-06
21 7.884266288939765e-06 2.214824577200243e-06
22 2.506850833303114e-06 2.055522741326178e-06
23 7.880361288005412e-06 2.26793751655451e-06
24 3.757487178010593e-06 2.332817266328361e-06
25 1.159666767075458e-05 2.390571838094793e-06
26 8.351377845533514e-06 2.646479117674784e-06
27 2.693586830063418e-05 3.062966963502258e-06
28 2.399216780220603e-05 3.002374687820623e-06
29 5.826226723630138e-05 4.206882071947861e-06
30 5.351309029953201e-05 4.18757072292459e-06
31 0.0001666308814041695 7.182785408761019e-06
32 0.0001492307791880955 6.794119196177623e-06
33 0.0005602157869742925 1.230815748999817e-05
34 0.0004853461514226231 1.238785239215621e-05
35 0.002315324677079581 1.920866340787087e-05
36 0.002150054814840005 2.388677943313697e-05
37 0.01446568997826643 1.958903085504852e-05
38 0.01811154744570898 2.69687898000764e-05
39 0.2208497317354509 0.0001936702420968267

 
 0 0.3697595166052125 0.003826989728261348
1 0.2292716466419271 0.0008553549928394741
2 -0.0001883935584914005 0.001034246122714962
3 0.02511023893447051 0.0007281507453365351
4 -0.003891136670826968 0.0004128092338512734
5 0.01096245442154185 0.0005279557446036557
6 -0.001769918625739367 0.0002226624316667495
7 0.007142471795506475 0.0003940865391831036
8 -0.0007344542103783987 0.0001418294165042124
9 0.00522424138784505 0.0003094672895751936
10 -0.0002903148484517553 0.0001009020457216282
11 0.00408228190486677 0.0002556190357426204
12 -0.0001179669674481912 7.852735660803537e-05
13 0.003361256486339246 0.0002200469319293567
14 -5.642066092061095e-05 6.518906029488794e-05
15 0.002900911595167338 0.0001968153817021936
16 -3.858540801280232e-05 5.741579319618463e-05
17 0.002621720955281336 0.0001827936093722286
18 -3.912726149308928e-05 5.337454127465715e-05
19 0.00249137886584854 0.0001761826124345983
20 -3.809017842507326e-05 5.211369389848444e-05
21 0.002485230579903632 0.000176121745067472
22 -2.961414832118958e-05 5.30837765439393e-05
23 0.002610482924944672 0.0001823411452219186
24 -2.254778409945923e-05 5.649925651883976e-05
25 0.00288242692769119 0.0001955715703851915
26 -3.290717375374559e-05 6.380060170498954e-05
27 0.00334582726742347 0.00021865616315815
28 -9.355052051513863e-05 7.728359943294741e-05
29 0.004074712804532471 0.0002542637739367461
30 -0.0002781598389692048 0.0001003057892831016
31 0.005221341081353939 0.0003082369412505475
32 -0.0007273364420797657 0.0001408755567155812
33 0.007144140181552374 0.0003926742463524054
34 -0.001760736449160559 0.0002215861240779734
35 0.01096631704596336 0.0005248018728132464
36 -0.003867752331301033 0.000413578740090118
37 0.02510058930874593 0.0007241760764059571
38 -0.0001250304617209551 0.001035772586512972
39 0.2292184524167934 0.0008563302595949897
