@type xy
0.000000 0.044753
0.010000 -0.007646
0.020000 0.018098
0.030000 0.015536
0.040000 -0.000880
0.050000 -0.009019
0.060000 -0.003241
0.070000 0.010219
0.080000 0.022304
0.090000 0.026945
0.100000 0.022840
0.110000 0.012562
0.120000 0.000597
0.130000 -0.008593
0.140000 -0.011899
0.150000 -0.008155
0.160000 0.001908
0.170000 0.016132
0.180000 0.031600
0.190000 0.045312
0.200000 0.054751
0.210000 0.058268
0.220000 0.055267
0.230000 0.046216
0.240000 0.032514
0.250000 0.016266
0.260000 0.000006
0.270000 -0.013584
0.280000 -0.021933
0.290000 -0.022802
0.300000 -0.014438
0.310000 0.004321
0.320000 0.034005
0.330000 0.074514
0.340000 0.125174
0.350000 0.184807
0.360000 0.251840
0.370000 0.324405
0.380000 0.400458
0.390000 0.477886
0.400000 0.554598
0.410000 0.628616
0.420000 0.698137
0.430000 0.761591
0.440000 0.817668
0.450000 0.865347
0.460000 0.903897
0.470000 0.932873
0.480000 0.952101
0.490000 0.961658
0.500000 0.961842
0.510000 0.953139
0.520000 0.936194
0.530000 0.911774
0.540000 0.880739
0.550000 0.844004
0.560000 0.802519
0.570000 0.757238
0.580000 0.709096
0.590000 0.658996
0.600000 0.607785
0.610000 0.556250
0.620000 0.505104
0.630000 0.454983
0.640000 0.406439
0.650000 0.359942
0.660000 0.315880
0.670000 0.274560
0.680000 0.236216
0.690000 0.201006
0.700000 0.169027
0.710000 0.140314
0.720000 0.114850
0.730000 0.092572
0.740000 0.073378
0.750000 0.057130
0.760000 0.043665
0.770000 0.032800
0.780000 0.024334
0.790000 0.018057
0.800000 0.013751
0.810000 0.011197
0.820000 0.010177
0.830000 0.010478
0.840000 0.011892
0.850000 0.014223
0.860000 0.017284
0.870000 0.020900
0.880000 0.024910
0.890000 0.029167
0.900000 0.033538
0.910000 0.037905
0.920000 0.042163
0.930000 0.046222
0.940000 0.050007
0.950000 0.053453
0.960000 0.056511
0.970000 0.059140
0.980000 0.061315
0.990000 0.063015
1.000000 0.064233
1.010000 0.064969
1.020000 0.065229
1.030000 0.065027
1.040000 0.064382
1.050000 0.063319
1.060000 0.061865
1.070000 0.060053
1.080000 0.057916
1.090000 0.055491
1.100000 0.052815
1.110000 0.049927
1.120000 0.046864
1.130000 0.043665
1.140000 0.040369
1.150000 0.037011
1.160000 0.033627
1.170000 0.030251
1.180000 0.026915
1.190000 0.023649
1.200000 0.020481
1.210000 0.017436
1.220000 0.014538
1.230000 0.011807
1.240000 0.009262
1.250000 0.006919
1.260000 0.004791
1.270000 0.002890
1.280000 0.001223
1.290000 -0.000202
1.300000 -0.001382
1.310000 -0.002313
1.320000 -0.002997
1.330000 -0.003434
1.340000 -0.003629
1.350000 -0.003585
1.360000 -0.003311
1.370000 -0.002813
1.380000 -0.002101
1.390000 -0.001185
1.400000 -0.000077
1.410000 0.001212
1.420000 0.002668
1.430000 0.004279
1.440000 0.006030
1.450000 0.007907
1.460000 0.009896
1.470000 0.011981
1.480000 0.014148
1.490000 0.016383
1.500000 0.018670
1.510000 0.020996
1.520000 0.023346
1.530000 0.025705
1.540000 0.028062
1.550000 0.030403
1.560000 0.032714
1.570000 0.034985
1.580000 0.037205
1.590000 0.039361
1.600000 0.041445
1.610000 0.043446
1.620000 0.045356
1.630000 0.047168
1.640000 0.048873
1.650000 0.050465
1.660000 0.051938
1.670000 0.053287
1.680000 0.054508
1.690000 0.055596
1.700000 0.056549
1.710000 0.057364
1.720000 0.058040
1.730000 0.058575
1.740000 0.058968
1.750000 0.059221
1.760000 0.059333
1.770000 0.059306
1.780000 0.059141
1.790000 0.058842
1.800000 0.058410
1.810000 0.057848
1.820000 0.057161
1.830000 0.056353
1.840000 0.055427
1.850000 0.054388
1.860000 0.053242
1.870000 0.051993
1.880000 0.050647
1.890000 0.049210
1.900000 0.047687
1.910000 0.046086
1.920000 0.044411
1.930000 0.042669
1.940000 0.040868
1.950000 0.039012
1.960000 0.037109
1.970000 0.035166
1.980000 0.033188
1.990000 0.031183
2.000000 0.029157
2.010000 0.027116
2.020000 0.025067
2.030000 0.023016
2.040000 0.020969
2.050000 0.018933
2.060000 0.016914
2.070000 0.014917
2.080000 0.012947
2.090000 0.011012
2.100000 0.009115
2.110000 0.007262
2.120000 0.005459
2.130000 0.003709
2.140000 0.002018
2.150000 0.000390
2.160000 -0.001170
2.170000 -0.002660
2.180000 -0.004075
2.190000 -0.005411
2.200000 -0.006665
2.210000 -0.007834
2.220000 -0.008915
2.230000 -0.009905
2.240000 -0.010802
2.250000 -0.011603
2.260000 -0.012306
2.270000 -0.012911
2.280000 -0.013414
2.290000 -0.013814
2.300000 -0.014110
2.310000 -0.014302
2.320000 -0.014388
2.330000 -0.014367
2.340000 -0.014239
2.350000 -0.014004
2.360000 -0.013662
2.370000 -0.013212
2.380000 -0.012656
2.390000 -0.011992
2.400000 -0.011222
2.410000 -0.010347
2.420000 -0.009367
2.430000 -0.008283
2.440000 -0.007096
2.450000 -0.005808
2.460000 -0.004419
2.470000 -0.002932
2.480000 -0.001348
2.490000 0.000332
2.500000 0.002106
2.510000 0.003971
2.520000 0.005927
2.530000 0.007970
2.540000 0.010100
2.550000 0.012313
2.560000 0.014608
2.570000 0.016982
2.580000 0.019432
2.590000 0.021958
2.600000 0.024555
2.610000 0.027222
2.620000 0.029956
2.630000 0.032755
2.640000 0.035615
2.650000 0.038535
2.660000 0.041512
2.670000 0.044543
2.680000 0.047626
2.690000 0.050758
2.700000 0.053935
2.710000 0.057157
2.720000 0.060420
2.730000 0.063721
2.740000 0.067058
2.750000 0.070428
2.760000 0.073829
2.770000 0.077258
2.780000 0.080712
2.790000 0.084190
2.800000 0.087688
2.810000 0.091204
2.820000 0.094736
2.830000 0.098281
2.840000 0.101837
2.850000 0.105402
2.860000 0.108973
2.870000 0.112548
2.880000 0.116124
2.890000 0.119701
2.900000 0.123275
2.910000 0.126844
2.920000 0.130407
2.930000 0.133962
2.940000 0.137505
2.950000 0.141037
2.960000 0.144554
2.970000 0.148055
2.980000 0.151538
2.990000 0.155002
