0.010000 4.000016666616833
0.011000 4.000020166593706
0.012000 4.000023999896666
0.013000 4.000028166524338
0.014000 4.000032666475228
0.015000 4.000037499747720
0.016000 4.000042666340080
0.017000 4.000048166250456
0.018000 4.000053999476872
0.019000 4.000060166017237
0.020000 4.000066665869338
0.021000 4.000073499030843
0.022000 4.000080665499300
0.023000 4.000088165272138
0.024000 4.000095998346665
0.025000 4.000104164720072
0.026000 4.000112664389428
0.027000 4.000121497351684
0.028000 4.000130663603670
0.029000 4.000140163142098
0.030000 4.000149995963559
0.031000 4.000160162064525
0.032000 4.000170661441350
0.033000 4.000181494090265
0.034000 4.000192660007384
0.035000 4.000204159188700
0.036000 4.000215991630089
0.037000 4.000228157327305
0.038000 4.000240656275982
0.039000 4.000253488471636
0.040000 4.000266653909664
0.041000 4.000280152585341
0.042000 4.000293984493825
0.043000 4.000308149630152
0.044000 4.000322647989241
0.045000 4.000337479565889
0.046000 4.000352644354776
0.047000 4.000368142350460
0.048000 4.000383973547381
0.049000 4.000400137939859
0.050000 4.000416635522094
0.051000 4.000433466288168
0.052000 4.000450630232043
0.053000 4.000468127347558
0.054000 4.000485957628439
0.055000 4.000504121068286
0.056000 4.000522617660584
0.057000 4.000541447398696
0.058000 4.000560610275867
0.059000 4.000580106285222
0.060000 4.000599935419765
0.061000 4.000620097672384
0.062000 4.000640593035843
0.063000 4.000661421502790
0.064000 4.000682583065753
0.065000 4.000704077717139
0.066000 4.000725905449236
0.067000 4.000748066254214
0.068000 4.000770560124122
0.069000 4.000793387050890
0.070000 4.000816547026328
0.071000 4.000840040042128
0.072000 4.000863866089861
0.073000 4.000888025160979
0.074000 4.000912517246815
0.075000 4.000937342338582
0.076000 4.000962500427375
0.077000 4.000987991504166
0.078000 4.001013815559812
0.079000 4.001039972585048
0.080000 4.001066462570490
0.081000 4.001093285506634
0.082000 4.001120441383858
0.083000 4.001147930192419
0.084000 4.001175751922457
0.085000 4.001203906563990
0.086000 4.001232394106917
0.087000 4.001261214541020
0.088000 4.001290367855958
0.089000 4.001319854041274
0.090000 4.001349673086389
0.091000 4.001379824980607
0.092000 4.001410309713110
0.093000 4.001441127272963
0.094000 4.001472277649110
0.095000 4.001503760830376
0.096000 4.001535576805469
0.097000 4.001567725562973
0.098000 4.001600207091357
0.099000 4.001633021378968
0.100000 4.001666168414036
0.101000 4.001699648184669
0.102000 4.001733460678858
0.103000 4.001767605884473
0.104000 4.001802083789265
0.105000 4.001836894380867
0.106000 4.001872037646792
0.107000 4.001907513574434
0.108000 4.001943322151065
0.109000 4.001979463363843
0.110000 4.002015937199801
0.111000 4.002052743645858
0.112000 4.002089882688809
0.113000 4.002127354315334
0.114000 4.002165158511991
0.115000 4.002203295265219
0.116000 4.002241764561339
0.117000 4.002280566386551
0.118000 4.002319700726939
0.119000 4.002359167568464
0.120000 4.002398966896971
0.121000 4.002439098698182
0.122000 4.002479562957704
0.123000 4.002520359661023
0.124000 4.002561488793505
0.125000 4.002602950340398
0.126000 4.002644744286830
0.127000 4.002686870617811
0.128000 4.002729329318231
0.129000 4.002772120372861
0.130000 4.002815243766353
0.131000 4.002858699483240
0.132000 4.002902487507936
0.133000 4.002946607824734
0.134000 4.002991060417811
0.135000 4.003035845271224
0.136000 4.003080962368908
0.137000 4.003126411694684
0.138000 4.003172193232249
0.139000 4.003218306965185
0.140000 4.003264752876951
0.141000 4.003311530950892
0.142000 4.003358641170228
0.143000 4.003406083518065
0.144000 4.003453857977388
0.145000 4.003501964531062
0.146000 4.003550403161834
0.147000 4.003599173852333
0.148000 4.003648276585067
0.149000 4.003697711342427
0.150000 4.003747478106684
0.151000 4.003797576859989
0.152000 4.003848007584377
0.153000 4.003898770261761
0.154000 4.003949864873936
0.155000 4.004001291402580
0.156000 4.004053049829249
0.157000 4.004105140135382
0.158000 4.004157562302300
0.159000 4.004210316311202
0.160000 4.004263402143170
0.161000 4.004316819779169
0.162000 4.004370569200041
0.163000 4.004424650386513
0.164000 4.004479063319190
0.165000 4.004533807978561
0.166000 4.004588884344995
0.167000 4.004644292398741
0.168000 4.004700032119931
0.169000 4.004756103488578
0.170000 4.004812506484574
0.171000 4.004869241087696
0.172000 4.004926307277598
0.173000 4.004983705033820
0.174000 4.005041434335778
0.175000 4.005099495162774
0.176000 4.005157887493988
0.177000 4.005216611308484
0.178000 4.005275666585204
0.179000 4.005335053302974
0.180000 4.005394771440501
0.181000 4.005454820976371
0.182000 4.005515201889055
0.183000 4.005575914156903
0.184000 4.005636957758147
0.185000 4.005698332670899
0.186000 4.005760038873155
0.187000 4.005822076342791
0.188000 4.005884445057563
0.189000 4.005947144995110
0.190000 4.006010176132954
0.191000 4.006073538448495
0.192000 4.006137231919017
0.193000 4.006201256521684
0.194000 4.006265612233542
0.195000 4.006330299031519
0.196000 4.006395316892423
0.197000 4.006460665792947
0.198000 4.006526345709660
0.199000 4.006592356619017
0.200000 4.006658698497353
0.201000 4.006725371320885
0.202000 4.006792375065711
0.203000 4.006859709707811
0.204000 4.006927375223045
0.205000 4.006995371587157
0.206000 4.007063698775772
0.207000 4.007132356764396
0.208000 4.007201345528416
0.209000 4.007270665043102
0.210000 4.007340315283606
0.211000 4.007410296224959
0.212000 4.007480607842077
0.213000 4.007551250109755
0.214000 4.007622223002672
0.215000 4.007693526495386
0.216000 4.007765160562340
0.217000 4.007837125177856
0.218000 4.007909420316140
0.219000 4.007982045951277
0.220000 4.008055002057236
0.221000 4.008128288607867
0.222000 4.008201905576903
0.223000 4.008275852937956
0.224000 4.008350130664523
0.225000 4.008424738729981
0.226000 4.008499677107589
0.227000 4.008574945770488
0.228000 4.008650544691702
0.229000 4.008726473844135
0.230000 4.008802733200575
0.231000 4.008879322733689
0.232000 4.008956242416029
0.233000 4.009033492220027
0.234000 4.009111072117999
0.235000 4.009188982082139
0.236000 4.009267222084528
0.237000 4.009345792097126
0.238000 4.009424692091774
0.239000 4.009503922040199
0.240000 4.009583481914006
0.241000 4.009663371684684
0.242000 4.009743591323605
0.243000 4.009824140802020
0.244000 4.009905020091065
0.245000 4.009986229161757
0.246000 4.010067767984996
0.247000 4.010149636531561
0.248000 4.010231834772118
0.249000 4.010314362677212
0.250000 4.010397220217270
0.251000 4.010480407362603
0.252000 4.010563924083402
0.253000 4.010647770349743
0.254000 4.010731946131583
0.255000 4.010816451398759
0.256000 4.010901286120994
0.257000 4.010986450267890
0.258000 4.011071943808935
0.259000 4.011157766713496
0.260000 4.011243918950823
0.261000 4.011330400490049
0.262000 4.011417211300190
0.263000 4.011504351350143
0.264000 4.011591820608689
0.265000 4.011679619044488
0.266000 4.011767746626087
0.267000 4.011856203321913
0.268000 4.011944989100275
0.269000 4.012034103929365
0.270000 4.012123547777258
0.271000 4.012213320611911
0.272000 4.012303422401164
0.273000 4.012393853112739
0.274000 4.012484612714241
0.275000 4.012575701173157
0.276000 4.012667118456856
0.277000 4.012758864532592
0.278000 4.012850939367499
0.279000 4.012943342928595
0.280000 4.013036075182781
0.281000 4.013129136096838
0.282000 4.013222525637434
0.283000 4.013316243771116
0.284000 4.013410290464316
0.285000 4.013504665683346
0.286000 4.013599369394405
0.287000 4.013694401563570
0.288000 4.013789762156804
0.289000 4.013885451139952
0.290000 4.013981468478741
0.291000 4.014077814138782
0.292000 4.014174488085569
0.293000 4.014271490284476
0.294000 4.014368820700764
0.295000 4.014466479299574
0.296000 4.014564466045931
0.297000 4.014662780904743
0.298000 4.014761423840800
0.299000 4.014860394818776
0.300000 4.014959693803227
0.301000 4.015059320758594
0.302000 4.015159275649199
0.303000 4.015259558439247
0.304000 4.015360169092826
0.305000 4.015461107573910
0.306000 4.015562373846352
0.307000 4.015663967873891
0.308000 4.015765889620147
0.309000 4.015868139048625
0.310000 4.015970716122711
0.311000 4.016073620805677
0.312000 4.016176853060676
0.313000 4.016280412850745
0.314000 4.016384300138803
0.315000 4.016488514887655
0.316000 4.016593057059987
0.317000 4.016697926618368
0.318000 4.016803123525251
0.319000 4.016908647742974
0.320000 4.017014499233756
0.321000 4.017120677959699
0.322000 4.017227183882792
0.323000 4.017334016964902
0.324000 4.017441177167784
0.325000 4.017548664453075
0.326000 4.017656478782293
0.327000 4.017764620116844
0.328000 4.017873088418014
0.329000 4.017981883646973
0.330000 4.018091005764776
0.331000 4.018200454732361
0.332000 4.018310230510548
0.333000 4.018420333060042
0.334000 4.018530762341432
0.335000 4.018641518315189
0.336000 4.018752600941670
0.337000 4.018864010181112
0.338000 4.018975745993640
0.339000 4.019087808339260
0.340000 4.019200197177862
0.341000 4.019312912469220
0.342000 4.019425954172992
0.343000 4.019539322248719
0.344000 4.019653016655827
0.345000 4.019767037353625
0.346000 4.019881384301305
0.347000 4.019996057457946
0.348000 4.020111056782506
0.349000 4.020226382233831
0.350000 4.020342033770650
0.351000 4.020458011351575
0.352000 4.020574314935101
0.353000 4.020690944479610
0.354000 4.020807899943365
0.355000 4.020925181284515
0.356000 4.021042788461092
0.357000 4.021160721431013
0.358000 4.021278980152078
0.359000 4.021397564581972
0.360000 4.021516474678263
0.361000 4.021635710398403
0.362000 4.021755271699731
0.363000 4.021875158539467
0.364000 4.021995370874715
0.365000 4.022115908662467
0.366000 4.022236771859595
0.367000 4.022357960422857
0.368000 4.022479474308896
0.369000 4.022601313474239
0.370000 4.022723477875295
0.371000 4.022845967468361
0.372000 4.022968782209616
0.373000 4.023091922055124
0.374000 4.023215386960833
0.375000 4.023339176882577
0.376000 4.023463291776071
0.377000 4.023587731596919
0.378000 4.023712496300606
0.379000 4.023837585842503
0.380000 4.023963000177865
0.381000 4.024088739261832
0.382000 4.024214803049429
0.383000 4.024341191495564
0.384000 4.024467904555031
0.385000 4.024594942182508
0.386000 4.024722304332559
0.387000 4.024849990959630
0.388000 4.024978002018054
0.389000 4.025106337462049
0.390000 4.025234997245715
0.391000 4.025363981323040
0.392000 4.025493289647894
0.393000 4.025622922174035
0.394000 4.025752878855103
0.395000 4.025883159644624
0.396000 4.026013764496009
0.397000 4.026144693362553
0.398000 4.026275946197438
0.399000 4.026407522953728
0.400000 4.026539423584375
0.401000 4.026671648042213
0.402000 4.026804196279964
0.403000 4.026937068250234
0.404000 4.027070263905512
0.405000 4.027203783198175
0.406000 4.027337626080484
0.407000 4.027471792504585
0.408000 4.027606282422509
0.409000 4.027741095786173
0.410000 4.027876232547378
0.411000 4.028011692657811
0.412000 4.028147476069044
0.413000 4.028283582732536
0.414000 4.028420012599627
0.415000 4.028556765621548
0.416000 4.028693841749410
0.417000 4.028831240934213
0.418000 4.028968963126841
0.419000 4.029107008278064
0.420000 4.029245376338537
0.421000 4.029384067258801
0.422000 4.029523080989280
0.423000 4.029662417480288
0.424000 4.029802076682021
0.425000 4.029942058544562
0.426000 4.030082363017879
0.427000 4.030222990051827
0.428000 4.030363939596144
0.429000 4.030505211600456
0.430000 4.030646806014273
0.431000 4.030788722786994
0.432000 4.030930961867899
0.433000 4.031073523206158
0.434000 4.031216406750823
0.435000 4.031359612450836
0.436000 4.031503140255020
0.437000 4.031646990112089
0.438000 4.031791161970639
0.439000 4.031935655779154
0.440000 4.032080471486002
0.441000 4.032225609039440
0.442000 4.032371068387607
0.443000 4.032516849478533
0.444000 4.032662952260128
0.445000 4.032809376680194
0.446000 4.032956122686415
0.447000 4.033103190226364
0.448000 4.033250579247497
0.449000 4.033398289697158
0.450000 4.033546321522578
0.451000 4.033694674670873
0.452000 4.033843349089045
0.453000 4.033992344723983
0.454000 4.034141661522463
0.455000 4.034291299431145
0.456000 4.034441258396578
0.457000 4.034591538365195
0.458000 4.034742139283318
0.459000 4.034893061097152
0.460000 4.035044303752792
0.461000 4.035195867196218
0.462000 4.035347751373296
0.463000 4.035499956229778
0.464000 4.035652481711305
0.465000 4.035805327763403
0.466000 4.035958494331484
0.467000 4.036111981360848
0.468000 4.036265788796680
0.469000 4.036419916584054
0.470000 4.036574364667929
0.471000 4.036729132993151
0.472000 4.036884221504454
0.473000 4.037039630146456
0.474000 4.037195358863665
0.475000 4.037351407600474
0.476000 4.037507776301163
0.477000 4.037664464909900
0.478000 4.037821473370740
0.479000 4.037978801627622
0.480000 4.038136449624376
0.481000 4.038294417304716
0.482000 4.038452704612245
0.483000 4.038611311490452
0.484000 4.038770237882713
0.485000 4.038929483732293
0.486000 4.039089048982341
0.487000 4.039248933575896
0.488000 4.039409137455883
0.489000 4.039569660565114
0.490000 4.039730502846289
0.491000 4.039891664241994
0.492000 4.040053144694705
0.493000 4.040214944146782
0.494000 4.040377062540475
0.495000 4.040539499817919
0.496000 4.040702255921140
0.497000 4.040865330792048
0.498000 4.041028724372441
0.499000 4.041192436604007
0.500000 4.041356467428319
0.501000 4.041520816786838
0.502000 4.041685484620915
0.503000 4.041850470871784
0.504000 4.042015775480572
0.505000 4.042181398388289
0.506000 4.042347339535835
0.507000 4.042513598863999
0.508000 4.042680176313456
0.509000 4.042847071824768
0.510000 4.043014285338386
0.511000 4.043181816794650
0.512000 4.043349666133787
0.513000 4.043517833295910
0.514000 4.043686318221023
0.515000 4.043855120849015
0.516000 4.044024241119667
0.517000 4.044193678972644
0.518000 4.044363434347501
0.519000 4.044533507183682
0.520000 4.044703897420516
0.521000 4.044874604997224
0.522000 4.045045629852912
0.523000 4.045216971926576
0.524000 4.045388631157100
0.525000 4.045560607483257
0.526000 4.045732900843705
0.527000 4.045905511176995
0.528000 4.046078438421564
0.529000 4.046251682515736
0.530000 4.046425243397726
0.531000 4.046599121005636
0.532000 4.046773315277458
0.533000 4.046947826151070
0.534000 4.047122653564241
0.535000 4.047297797454627
0.536000 4.047473257759774
0.537000 4.047649034417115
0.538000 4.047825127363972
0.539000 4.048001536537558
0.540000 4.048178261874972
0.541000 4.048355303313202
0.542000 4.048532660789126
0.543000 4.048710334239511
0.544000 4.048888323601012
0.545000 4.049066628810173
0.546000 4.049245249803427
0.547000 4.049424186517095
0.548000 4.049603438887389
0.549000 4.049783006850410
0.550000 4.049962890342145
0.551000 4.050143089298473
0.552000 4.050323603655161
0.553000 4.050504433347866
0.554000 4.050685578312132
0.555000 4.050867038483396
0.556000 4.051048813796980
0.557000 4.051230904188098
0.558000 4.051413309591853
0.559000 4.051596029943236
0.560000 4.051779065177128
0.561000 4.051962415228301
0.562000 4.052146080031414
0.563000 4.052330059521017
0.564000 4.052514353631548
0.565000 4.052698962297337
0.566000 4.052883885452601
0.567000 4.053069123031447
0.568000 4.053254674967874
0.569000 4.053440541195768
0.570000 4.053626721648906
0.571000 4.053813216260953
0.572000 4.054000024965467
0.573000 4.054187147695892
0.574000 4.054374584385566
0.575000 4.054562334967712
0.576000 4.054750399375446
0.577000 4.054938777541774
0.578000 4.055127469399591
0.579000 4.055316474881683
0.580000 4.055505793920723
0.581000 4.055695426449278
0.582000 4.055885372399803
0.583000 4.056075631704644
0.584000 4.056266204296035
0.585000 4.056457090106103
0.586000 4.056648289066863
0.587000 4.056839801110223
0.588000 4.057031626167977
0.589000 4.057223764171814
0.590000 4.057416215053310
0.591000 4.057608978743932
0.592000 4.057802055175040
0.593000 4.057995444277880
0.594000 4.058189145983591
0.595000 4.058383160223204
0.596000 4.058577486927638
0.597000 4.058772126027703
0.598000 4.058967077454101
0.599000 4.059162341137422
0.600000 4.059357917008150
0.601000 4.059553804996658
0.602000 4.059750005033209
0.603000 4.059946517047958
0.604000 4.060143340970950
0.605000 4.060340476732122
0.606000 4.060537924261301
0.607000 4.060735683488205
0.608000 4.060933754342442
0.609000 4.061132136753514
0.610000 4.061330830650811
0.611000 4.061529835963614
0.612000 4.061729152621098
0.613000 4.061928780552326
0.614000 4.062128719686254
0.615000 4.062328969951729
0.616000 4.062529531277488
0.617000 4.062730403592161
0.618000 4.062931586824267
0.619000 4.063133080902220
0.620000 4.063334885754321
0.621000 4.063537001308766
0.622000 4.063739427493640
0.623000 4.063942164236921
0.624000 4.064145211466478
0.625000 4.064348569110071
0.626000 4.064552237095353
0.627000 4.064756215349866
0.628000 4.064960503801047
0.629000 4.065165102376223
0.630000 4.065370011002611
0.631000 4.065575229607324
0.632000 4.065780758117362
0.633000 4.065986596459620
0.634000 4.066192744560885
0.635000 4.066399202347833
0.636000 4.066605969747035
0.637000 4.066813046684953
0.638000 4.067020433087940
0.639000 4.067228128882243
0.640000 4.067436133993998
0.641000 4.067644448349237
0.642000 4.067853071873881
0.643000 4.068062004493745
0.644000 4.068271246134536
0.645000 4.068480796721851
0.646000 4.068690656181183
0.647000 4.068900824437915
0.648000 4.069111301417323
0.649000 4.069322087044574
0.650000 4.069533181244731
0.651000 4.069744583942745
0.652000 4.069956295063463
0.653000 4.070168314531623
0.654000 4.070380642271856
0.655000 4.070593278208685
0.656000 4.070806222266526
0.657000 4.071019474369689
0.658000 4.071233034442375
0.659000 4.071446902408677
0.660000 4.071661078192584
0.661000 4.071875561717976
0.662000 4.072090352908625
0.663000 4.072305451688197
0.664000 4.072520857980251
0.665000 4.072736571708239
0.666000 4.072952592795505
0.667000 4.073168921165288
0.668000 4.073385556740719
0.669000 4.073602499444821
0.670000 4.073819749200513
0.671000 4.074037305930604
0.672000 4.074255169557798
0.673000 4.074473340004693
0.674000 4.074691817193779
0.675000 4.074910601047441
0.676000 4.075129691487954
0.677000 4.075349088437491
0.678000 4.075568791818115
0.679000 4.075788801551783
0.680000 4.076009117560348
0.681000 4.076229739765555
0.682000 4.076450668089041
0.683000 4.076671902452339
0.684000 4.076893442776875
0.685000 4.077115288983969
0.686000 4.077337440994834
0.687000 4.077559898730577
0.688000 4.077782662112201
0.689000 4.078005731060599
0.690000 4.078229105496562
0.691000 4.078452785340771
0.692000 4.078676770513805
0.693000 4.078901060936135
0.694000 4.079125656528125
0.695000 4.079350557210036
0.696000 4.079575762902020
0.697000 4.079801273524126
0.698000 4.080027088996296
0.699000 4.080253209238366
0.700000 4.080479634170067
0.701000 4.080706363711024
0.702000 4.080933397780757
0.703000 4.081160736298680
0.704000 4.081388379184101
0.705000 4.081616326356223
0.706000 4.081844577734145
0.707000 4.082073133236857
0.708000 4.082301992783248
0.709000 4.082531156292099
0.710000 4.082760623682086
0.711000 4.082990394871780
0.712000 4.083220469779647
0.713000 4.083450848324049
0.714000 4.083681530423240
0.715000 4.083912515995371
0.716000 4.084143804958489
0.717000 4.084375397230534
0.718000 4.084607292729340
0.719000 4.084839491372640
0.720000 4.085071993078060
0.721000 4.085304797763119
0.722000 4.085537905345235
0.723000 4.085771315741720
0.724000 4.086005028869779
0.725000 4.086239044646516
0.726000 4.086473362988928
0.727000 4.086707983813907
0.728000 4.086942907038244
0.729000 4.087178132578621
0.730000 4.087413660351618
0.731000 4.087649490273710
0.732000 4.087885622261268
0.733000 4.088122056230559
0.734000 4.088358792097744
0.735000 4.088595829778882
0.736000 4.088833169189927
0.737000 4.089070810246726
0.738000 4.089308752865027
0.739000 4.089546996960471
0.740000 4.089785542448594
0.741000 4.090024389244830
0.742000 4.090263537264508
0.743000 4.090502986422854
0.744000 4.090742736634990
0.745000 4.090982787815932
0.746000 4.091223139880594
0.747000 4.091463792743788
0.748000 4.091704746320218
0.749000 4.091946000524489
0.750000 4.092187555271099
0.751000 4.092429410474443
0.752000 4.092671566048814
0.753000 4.092914021908400
0.754000 4.093156777967286
0.755000 4.093399834139454
0.756000 4.093643190338781
0.757000 4.093886846479044
0.758000 4.094130802473913
0.759000 4.094375058236956
0.760000 4.094619613681640
0.761000 4.094864468721325
0.762000 4.095109623269271
0.763000 4.095355077238634
0.764000 4.095600830542466
0.765000 4.095846883093717
0.766000 4.096093234805234
0.767000 4.096339885589761
0.768000 4.096586835359938
0.769000 4.096834084028305
0.770000 4.097081631507296
0.771000 4.097329477709244
0.772000 4.097577622546379
0.773000 4.097826065930829
0.774000 4.098074807774618
0.775000 4.098323847989668
0.776000 4.098573186487800
0.777000 4.098822823180729
0.778000 4.099072757980072
0.779000 4.099322990797340
0.780000 4.099573521543943
0.781000 4.099824350131190
0.782000 4.100075476470284
0.783000 4.100326900472331
0.784000 4.100578622048330
0.785000 4.100830641109181
0.786000 4.101082957565681
0.787000 4.101335571328523
0.788000 4.101588482308302
0.789000 4.101841690415508
0.790000 4.102095195560530
0.791000 4.102348997653654
0.792000 4.102603096605067
0.793000 4.102857492324851
0.794000 4.103112184722988
0.795000 4.103367173709359
0.796000 4.103622459193742
0.797000 4.103878041085813
0.798000 4.104133919295148
0.799000 4.104390093731220
0.800000 4.104646564303402
0.801000 4.104903330920964
0.802000 4.105160393493077
0.803000 4.105417751928807
0.804000 4.105675406137122
0.805000 4.105933356026888
0.806000 4.106191601506868
0.807000 4.106450142485726
0.808000 4.106708978872025
0.809000 4.106968110574224
0.810000 4.107227537500685
0.811000 4.107487259559665
0.812000 4.107747276659324
0.813000 4.108007588707718
0.814000 4.108268195612804
0.815000 4.108529097282437
0.816000 4.108790293624372
0.817000 4.109051784546264
0.818000 4.109313569955665
0.819000 4.109575649760028
0.820000 4.109838023866707
0.821000 4.110100692182951
0.822000 4.110363654615914
0.823000 4.110626911072645
0.824000 4.110890461460095
0.825000 4.111154305685114
0.826000 4.111418443654452
0.827000 4.111682875274758
0.828000 4.111947600452582
0.829000 4.112212619094373
0.830000 4.112477931106480
0.831000 4.112743536395151
0.832000 4.113009434866537
0.833000 4.113275626426686
0.834000 4.113542110981546
0.835000 4.113808888436968
0.836000 4.114075958698700
0.837000 4.114343321672392
0.838000 4.114610977263594
0.839000 4.114878925377756
0.840000 4.115147165920228
0.841000 4.115415698796261
0.842000 4.115684523911007
0.843000 4.115953641169518
0.844000 4.116223050476745
0.845000 4.116492751737541
0.846000 4.116762744856660
0.847000 4.117033029738757
0.848000 4.117303606288386
0.849000 4.117574474410003
0.850000 4.117845634007964
0.851000 4.118117084986526
0.852000 4.118388827249849
0.853000 4.118660860701991
0.854000 4.118933185246912
0.855000 4.119205800788474
0.856000 4.119478707230439
0.857000 4.119751904476470
0.858000 4.120025392430133
0.859000 4.120299170994893
0.860000 4.120573240074117
0.861000 4.120847599571075
0.862000 4.121122249388935
0.863000 4.121397189430770
0.864000 4.121672419599552
0.865000 4.121947939798155
0.866000 4.122223749929356
0.867000 4.122499849895832
0.868000 4.122776239600163
0.869000 4.123052918944829
0.870000 4.123329887832212
0.871000 4.123607146164598
0.872000 4.123884693844174
0.873000 4.124162530773026
0.874000 4.124440656853146
0.875000 4.124719071986425
0.876000 4.124997776074658
0.877000 4.125276769019542
0.878000 4.125556050722675
0.879000 4.125835621085557
0.880000 4.126115480009592
0.881000 4.126395627396085
0.882000 4.126676063146243
0.883000 4.126956787161177
0.884000 4.127237799341899
0.885000 4.127519099589324
0.886000 4.127800687804269
0.887000 4.128082563887455
0.888000 4.128364727739503
0.889000 4.128647179260941
0.890000 4.128929918352194
0.891000 4.129212944913595
0.892000 4.129496258845378
0.893000 4.129779860047678
0.894000 4.130063748420535
0.895000 4.130347923863892
0.896000 4.130632386277594
0.897000 4.130917135561390
0.898000 4.131202171614932
0.899000 4.131487494337774
0.900000 4.131773103629374
0.901000 4.132058999389094
0.902000 4.132345181516199
0.903000 4.132631649909856
0.904000 4.132918404469137
0.905000 4.133205445093018
0.906000 4.133492771680375
0.907000 4.133780384129992
0.908000 4.134068282340555
0.909000 4.134356466210651
0.910000 4.134644935638775
0.911000 4.134933690523324
0.912000 4.135222730762597
0.913000 4.135512056254800
0.914000 4.135801666898040
0.915000 4.136091562590330
0.916000 4.136381743229587
0.917000 4.136672208713631
0.918000 4.136962958940186
0.919000 4.137253993806882
0.920000 4.137545313211251
0.921000 4.137836917050730
0.922000 4.138128805222661
0.923000 4.138420977624290
0.924000 4.138713434152767
0.925000 4.139006174705147
0.926000 4.139299199178389
0.927000 4.139592507469358
0.928000 4.139886099474821
0.929000 4.140179975091452
0.930000 4.140474134215828
0.931000 4.140768576744433
0.932000 4.141063302573654
0.933000 4.141358311599783
0.934000 4.141653603719018
0.935000 4.141949178827460
0.936000 4.142245036821118
0.937000 4.142541177595903
0.938000 4.142837601047634
0.939000 4.143134307072032
0.940000 4.143431295564726
0.941000 4.143728566421248
0.942000 4.144026119537038
0.943000 4.144323954807440
0.944000 4.144622072127702
0.945000 4.144920471392979
0.946000 4.145219152498333
0.947000 4.145518115338729
0.948000 4.145817359809038
0.949000 4.146116885804039
0.950000 4.146416693218413
0.951000 4.146716781946751
0.952000 4.147017151883546
0.953000 4.147317802923199
0.954000 4.147618734960017
0.955000 4.147919947888213
0.956000 4.148221441601905
0.957000 4.148523215995118
0.958000 4.148825270961783
0.959000 4.149127606395736
0.960000 4.149430222190722
0.961000 4.149733118240391
0.962000 4.150036294438297
0.963000 4.150339750677904
0.964000 4.150643486852581
0.965000 4.150947502855603
0.966000 4.151251798580153
0.967000 4.151556373919318
0.968000 4.151861228766096
0.969000 4.152166363013387
0.970000 4.152471776554000
0.971000 4.152777469280652
0.972000 4.153083441085965
0.973000 4.153389691862469
0.974000 4.153696221502601
0.975000 4.154003029898703
0.976000 4.154310116943027
0.977000 4.154617482527732
0.978000 4.154925126544881
0.979000 4.155233048886448
0.980000 4.155541249444312
0.981000 4.155849728110260
0.982000 4.156158484775988
0.983000 4.156467519333096
0.984000 4.156776831673095
0.985000 4.157086421687402
0.986000 4.157396289267341
0.987000 4.157706434304145
0.988000 4.158016856688954
0.989000 4.158327556312817
0.990000 4.158638533066688
0.991000 4.158949786841433
0.992000 4.159261317527822
0.993000 4.159573125016535
0.994000 4.159885209198161
0.995000 4.160197569963195
0.996000 4.160510207202041
0.997000 4.160823120805012
0.998000 4.161136310662328
0.999000 4.161449776664118
1.000000 4.161763518700420
1.001000 4.162077536661179
1.002000 4.162391830436249
1.003000 4.162706399915394
1.004000 4.163021244988285
1.005000 4.163336365544502
1.006000 4.163651761473534
1.007000 4.163967432664778
1.008000 4.164283379007542
1.009000 4.164599600391039
