0.010000 2.000007666645639e2
0.011000 1.818190251487164e2
0.012000 1.666675866630331e2
0.013000 1.538471505082007e2
0.014000 1.428582161847062e2
0.015000 1.333344833262365e2
0.016000 1.250012266580537e2
0.017000 1.176483621465319e2
0.018000 1.111124910988478e2
0.019000 1.052646145469807e2
0.020000 1.000015333165113e2
0.021000 9.523970521862164e1
0.022000 9.091077755336748e1
0.023000 8.695828504687961e1
0.024000 8.333517330426495e1
0.025000 8.000191663381128e1
0.026000 7.692507021945246e1
0.027000 7.407614403268585e1
0.028000 7.143071804907883e1
0.029000 6.896774052342909e1
0.030000 6.666896660989295e1
0.031000 6.451850563628239e1
0.032000 6.250245326443128e1
0.033000 6.060859053049515e1
0.034000 5.882613599578619e1
0.035000 5.714554038603665e1
0.036000 5.555831545745156e1
0.037000 5.405689061421239e1
0.038000 5.263449216532232e1
0.039000 5.128504115732138e1
0.040000 5.000306653209430e1
0.041000 4.878363099329196e1
0.042000 4.762226746326392e1
0.043000 4.651492440646563e1
0.044000 4.545791860876448e1
0.045000 4.444789425283857e1
0.046000 4.348178733156679e1
0.047000 4.255679460439046e1
0.048000 4.167034643412973e1
0.049000 4.082008294990414e1
0.050000 4.000383307050263e1
0.051000 3.921959599559246e1
0.052000 3.846552483255784e1
0.053000 3.773991207690397e1
0.054000 3.704117670594951e1
0.055000 3.636785268047998e1
0.056000 3.571857867836674e1
0.057000 3.509208890885769e1
0.058000 3.448720487711384e1
0.059000 3.390282798625049e1
0.060000 3.333793287917443e1
0.061000 3.279156143532235e1
0.062000 3.226281734835997e1
0.063000 3.175086122029093e1
0.064000 3.125490611549284e1
0.065000 3.077421352515008e1
0.066000 3.030808969855630e1
0.067000 2.985588230295699e1
0.068000 2.941697737811191e1
0.069000 2.899079655567806e1
0.070000 2.857679451693130e1
0.071000 2.817445666532844e1
0.072000 2.778329699302245e1
0.073000 2.740285612273254e1
0.074000 2.703269950838163e1
0.075000 2.667241577968272e1
0.076000 2.632161521741591e1
0.077000 2.597992834751493e1
0.078000 2.564700464330084e1
0.079000 2.532251132628038e1
0.080000 2.500613225688430e1
0.081000 2.469756690737333e1
0.082000 2.439652940989727e1
0.083000 2.410274767336921e1
0.084000 2.381596256342005e1
0.085000 2.353592714023866e1
0.086000 2.326240594958592e1
0.087000 2.299517436270439e1
0.088000 2.273401796123414e1
0.089000 2.247873196359487e1
0.090000 2.222912068960931e1
0.091000 2.198499706042610e1
0.092000 2.174618213105645e1
0.093000 2.151250465306968e1
0.094000 2.128380066520181e1
0.095000 2.105991310982055e1
0.096000 2.084069147336106e1
0.097000 2.062599144900294e1
0.098000 2.041567461999956e1
0.099000 2.020960816219962e1
0.100000 2.000766456441738e1
0.101000 1.980972136541454e1
0.102000 1.961566090635380e1
0.103000 1.942537009767261e1
0.104000 1.923874019940652e1
0.105000 1.905566661406541e1
0.106000 1.887604869123380e1
0.107000 1.869978954312808e1
0.108000 1.852679587040061e1
0.109000 1.835697779753259e1
0.110000 1.819024871720539e1
0.111000 1.802652514308443e1
0.112000 1.786572657048947e1
0.113000 1.770777534446302e1
0.114000 1.755259653478250e1
0.115000 1.740011781749350e1
0.116000 1.725026936257066e1
0.117000 1.710298372733945e1
0.118000 1.695819575531731e1
0.119000 1.681584248015510e1
0.120000 1.667586303438158e1
0.121000 1.653819856267289e1
0.122000 1.640279213938752e1
0.123000 1.626958869012392e1
0.124000 1.613853491707374e1
0.125000 1.600957922795809e1
0.126000 1.588267166834781e1
0.127000 1.575776385718119e1
0.128000 1.563480892530430e1
0.129000 1.551376145686994e1
0.130000 1.539457743344119e1
0.131000 1.527721418065515e1
0.132000 1.516163031731107e1
0.133000 1.504778570675521e1
0.134000 1.493564141044251e1
0.135000 1.482515964356222e1
0.136000 1.471630373262119e1
0.137000 1.460903807488482e1
0.138000 1.450332809958145e1
0.139000 1.439914023078145e1
0.140000 1.429644185186707e1
0.141000 1.419520127151434e1
0.142000 1.409538769111229e1
0.143000 1.399697117354922e1
0.144000 1.389992261329949e1
0.145000 1.380421370774818e1
0.146000 1.370981692969414e1
0.147000 1.361670550097536e1
0.148000 1.352485336716360e1
0.149000 1.343423517327803e1
0.150000 1.334482624047030e1
0.151000 1.325660254363606e1
0.152000 1.316954068991022e1
0.153000 1.308361789800552e1
0.154000 1.299881197835614e1
0.155000 1.291510131402989e1
0.156000 1.283246484237457e1
0.157000 1.275088203736575e1
0.158000 1.267033289262485e1
0.159000 1.259079790507813e1
0.160000 1.251225805922835e1
0.161000 1.243469481201269e1
0.162000 1.235809007822143e1
0.163000 1.228242621645334e1
0.164000 1.220768601558501e1
0.165000 1.213385268173205e1
0.166000 1.206090982568168e1
0.167000 1.198884145077685e1
0.168000 1.191763194123295e1
0.169000 1.184726605086949e1
0.170000 1.177772889223931e1
0.171000 1.170900592613936e1
0.172000 1.164108295148729e1
0.173000 1.157394609554919e1
0.174000 1.150758180450428e1
0.175000 1.144197683433312e1
0.176000 1.137711824201642e1
0.177000 1.131299337703224e1
0.178000 1.124958987313972e1
0.179000 1.118689564043833e1
0.180000 1.112489885769169e1
0.181000 1.106358796490596e1
0.182000 1.100295165615282e1
0.183000 1.094297887262779e1
0.184000 1.088365879593491e1
0.185000 1.082498084158922e1
0.186000 1.076693465272882e1
0.187000 1.070951009402871e1
0.188000 1.065269724580881e1
0.189000 1.059648639832912e1
0.190000 1.054086804626495e1
0.191000 1.048583288335575e1
0.192000 1.043137179722111e1
0.193000 1.037747586433802e1
0.194000 1.032413634517335e1
0.195000 1.027134467946622e1
0.196000 1.021909248165468e1
0.197000 1.016737153644174e1
0.198000 1.011617379449577e1
0.199000 1.006549136828048e1
0.200000 1.001531652801007e1
0.201000 9.965641697725086
0.202000 9.916459451484808
0.203000 9.867762509672235
0.204000 9.819543735407709
0.205000 9.771796131067521
0.206000 9.724512834903905
0.207000 9.677687117763019
0.208000 9.631312379897583
0.209000 9.585382147871034
0.210000 9.539890071550127
0.211000 9.494829921183054
0.212000 9.450195584560258
0.213000 9.405981064255230
0.214000 9.362180474942659
0.215000 9.318788040791423
0.216000 9.275798092930012
0.217000 9.233205066982012
0.218000 9.191003500669432
0.219000 9.149188031481688
0.220000 9.107753394408164
0.221000 9.066694419732330
0.222000 9.026006030885479
0.223000 8.985683242358207
0.224000 8.945721157667846
0.225000 8.906114967380086
0.226000 8.866859947183132
0.227000 8.827951456012753
0.228000 8.789384934226683
0.229000 8.751155901826843
0.230000 8.713259956727951
0.231000 8.675692773071097
0.232000 8.638450099580929
0.233000 8.601527757965154
0.234000 8.564921641355064
0.235000 8.528627712785891
0.236000 8.492642003715789
0.237000 8.456960612582313
0.238000 8.421579703395288
0.239000 8.386495504365003
0.240000 8.351704306564707
0.241000 8.317202462626390
0.242000 8.282986385468916
0.243000 8.249052547057546
0.244000 8.215397477193975
0.245000 8.182017762335998
0.246000 8.148910044445956
0.247000 8.116071019867169
0.248000 8.083497438227545
0.249000 8.051186101369603
0.250000 8.019133862306189
0.251000 7.987337624201139
0.252000 7.955794339374224
0.253000 7.924501008329688
0.254000 7.893454678807734
0.255000 7.862652444858330
0.256000 7.832091445936721
0.257000 7.801768866020058
0.258000 7.771681932744569
0.259000 7.741827916562722
0.260000 7.712204129919835
0.261000 7.682807926449613
0.262000 7.653636700188115
0.263000 7.624687884805642
0.264000 7.595958952856096
0.265000 7.567447415043320
0.266000 7.539150819503998
0.267000 7.511066751106667
0.268000 7.483192830766416
0.269000 7.455526714774879
0.270000 7.428066094145115
0.271000 7.400808693970990
0.272000 7.373752272800689
0.273000 7.346894622024004
0.274000 7.320233565273033
0.275000 7.293766957835955
0.276000 7.267492686083552
0.277000 7.241408666908149
0.278000 7.215512847174670
0.279000 7.189803203183488
0.280000 7.164277740144798
0.281000 7.138934491664205
0.282000 7.113771519239258
0.283000 7.088786911766661
0.284000 7.063978785059896
0.285000 7.039345281376992
0.286000 7.014884568958217
0.287000 6.990594841573416
0.288000 6.966474318078797
0.289000 6.942521241982907
0.290000 6.918733881021594
0.291000 6.895110526741727
0.292000 6.871649494093478
0.293000 6.848349121030941
0.294000 6.825207768120916
0.295000 6.802223818159641
0.296000 6.779395675797293
0.297000 6.756721767170078
0.298000 6.734200539539724
0.299000 6.711830460940218
0.300000 6.689610019831595
0.301000 6.667537724760640
0.302000 6.645612104028321
0.303000 6.623831705363818
0.304000 6.602195095604975
0.305000 6.580700860385047
0.306000 6.559347603825583
0.307000 6.538133948235316
0.308000 6.517058533814912
0.309000 6.496120018367464
0.310000 6.475317077014575
0.311000 6.454648401917929
0.312000 6.434112702006212
0.313000 6.413708702707268
0.314000 6.393435145685375
0.315000 6.373290788583522
0.316000 6.353274404770582
0.317000 6.333384783093272
0.318000 6.313620727632786
0.319000 6.293981057466015
0.320000 6.274464606431236
0.321000 6.255070222898185
0.322000 6.235796769542414
0.323000 6.216643123123837
0.324000 6.197608174269380
0.325000 6.178690827259644
0.326000 6.159889999819489
0.327000 6.141204622912466
0.328000 6.122633640539010
0.329000 6.104176009538308
0.330000 6.085830699393775
0.331000 6.067596692042049
0.332000 6.049472981685450
0.333000 6.031458574607804
0.334000 6.013552488993585
0.335000 5.995753754750292
0.336000 5.978061413334004
0.337000 5.960474517578028
0.338000 5.942992131524603
0.339000 5.925613330259576
0.340000 5.908337199749992
0.341000 5.891162836684553
0.342000 5.874089348316859
0.343000 5.857115852311410
0.344000 5.840241476592278
0.345000 5.823465359194422
0.346000 5.806786648117576
0.347000 5.790204501182662
0.348000 5.773718085890683
0.349000 5.757326579284040
0.350000 5.741029167810227
0.351000 5.724825047187853
0.352000 5.708713422274951
0.353000 5.692693506939527
0.354000 5.676764523932297
0.355000 5.660925704761578
0.356000 5.645176289570293
0.357000 5.629515527015034
0.358000 5.613942674147157
0.359000 5.598456996295863
0.360000 5.583057766953229
0.361000 5.567744267661147
0.362000 5.552515787900142
0.363000 5.537371624980020
0.364000 5.522311083932327
0.365000 5.507333477404570
0.366000 5.492438125556173
0.367000 5.477624355956137
0.368000 5.462891503482364
0.369000 5.448238910222624
0.370000 5.433665925377119
0.371000 5.419171905162634
0.372000 5.404756212718224
0.373000 5.390418218012424
0.374000 5.376157297751944
0.375000 5.361972835291831
0.376000 5.347864220547056
0.377000 5.333830849905512
0.378000 5.319872126142399
0.379000 5.305987458335951
0.380000 5.292176261784508
0.381000 5.278437957924883
0.382000 5.264771974252020
0.383000 5.251177744239900
0.384000 5.237654707263695
0.385000 5.224202308523124
0.386000 5.210819998967011
0.387000 5.197507235219002
0.388000 5.184263479504439
0.389000 5.171088199578360
0.390000 5.157980868654599
0.391000 5.144940965335989
0.392000 5.131967973545619
0.393000 5.119061382459149
0.394000 5.106220686438151
0.395000 5.093445384964465
0.396000 5.080734982575554
0.397000 5.068088988800821
0.398000 5.055506918098907
0.399000 5.042988289795916
0.400000 5.030532628024568
0.401000 5.018139461664277
0.402000 5.005808324282099
0.403000 4.993538754074586
0.404000 4.981330293810479
0.405000 4.969182490774268
0.406000 4.957094896710578
0.407000 4.945067067769376
0.408000 4.933098564451982
0.409000 4.921188951557878
0.410000 4.909337798132287
0.411000 4.897544677414525
0.412000 4.885809166787101
0.413000 4.874130847725557
0.414000 4.862509305749035
0.415000 4.850944130371559
0.416000 4.839434915054020
0.417000 4.827981257156853
0.418000 4.816582757893387
0.419000 4.805239022283874
0.420000 4.793949659110163
0.421000 4.782714280871030
0.422000 4.771532503738137
0.423000 4.760403947512613
0.424000 4.749328235582262
0.425000 4.738304994879361
0.426000 4.727333855839059
0.427000 4.716414452358361
0.428000 4.705546421755685
0.429000 4.694729404730986
0.430000 4.683963045326437
0.431000 4.673246990887651
0.432000 4.662580892025455
0.433000 4.651964402578178
0.434000 4.641397179574473
0.435000 4.630878883196641
0.436000 4.620409176744473
0.437000 4.609987726599575
0.438000 4.599614202190188
0.439000 4.589288275956491
0.440000 4.579009623316374
0.441000 4.568777922631672
0.442000 4.558592855174871
0.443000 4.548454105096251
0.444000 4.538361359391476
0.445000 4.528314307869633
0.446000 4.518312643121680
0.447000 4.508356060489337
0.448000 4.498444258034382
0.449000 4.488576936508362
0.450000 4.478753799322706
0.451000 4.468974552519236
0.452000 4.459238904741073
0.453000 4.449546567203921
0.454000 4.439897253667735
0.455000 4.430290680408765
0.456000 4.420726566191964
0.457000 4.411204632243758
0.458000 4.401724602225174
0.459000 4.392286202205322
0.460000 4.382889160635219
0.461000 4.373533208321951
0.462000 4.364218078403182
0.463000 4.354943506321979
0.464000 4.345709229801973
0.465000 4.336514988822835
0.466000 4.327360525596071
0.467000 4.318245584541127
0.468000 4.309169912261797
0.469000 4.300133257522940
0.470000 4.291135371227484
0.471000 4.282176006393738
0.472000 4.273254918132972
0.473000 4.264371863627303
0.474000 4.255526602107845
0.475000 4.246718894833141
0.476000 4.237948505067869
0.477000 4.229215198061810
0.478000 4.220518741029087
0.479000 4.211858903127658
0.480000 4.203235455439068
0.481000 4.194648170948453
0.482000 4.186096824524796
0.483000 4.177581192901422
0.484000 4.169101054656740
0.485000 4.160656190195221
0.486000 4.152246381728612
0.487000 4.143871413257381
0.488000 4.135531070552389
0.489000 4.127225141136789
0.490000 4.118953414268143
0.491000 4.110715680920764
0.492000 4.102511733768266
0.493000 4.094341367166332
0.494000 4.086204377135687
0.495000 4.078100561345283
0.496000 4.070029719095677
0.497000 4.061991651302624
0.498000 4.053986160480858
0.499000 4.046013050728065
0.500000 4.038072127709062
0.501000 4.030163198640151
0.502000 4.022286072273667
0.503000 4.014440558882711
0.504000 4.006626470246063
0.505000 3.998843619633272
0.506000 3.991091821789927
0.507000 3.983370892923100
0.508000 3.975680650686962
0.509000 3.968020914168566
0.510000 3.960391503873802
0.511000 3.952792241713511
0.512000 3.945222950989768
0.513000 3.937683456382320
0.514000 3.930173583935184
0.515000 3.922693161043404
0.516000 3.915242016439959
0.517000 3.907819980182823
0.518000 3.900426883642173
0.519000 3.893062559487755
0.520000 3.885726841676379
0.521000 3.878419565439573
0.522000 3.871140567271373
0.523000 3.863889684916248
0.524000 3.856666757357177
0.525000 3.849471624803844
0.526000 3.842304128680985
0.527000 3.835164111616857
0.528000 3.828051417431841
0.529000 3.820965891127174
0.530000 3.813907378873809
0.531000 3.806875728001403
0.532000 3.799870786987424
0.533000 3.792892405446385
0.534000 3.785940434119197
0.535000 3.779014724862642
0.536000 3.772115130638966
0.537000 3.765241505505582
0.538000 3.758393704604894
0.539000 3.751571584154234
0.540000 3.744775001435905
0.541000 3.738003814787343
0.542000 3.731257883591378
0.543000 3.724537068266614
0.544000 3.717841230257904
0.545000 3.711170232026937
0.546000 3.704523937042928
0.547000 3.697902209773403
0.548000 3.691304915675098
0.549000 3.684731921184943
0.550000 3.678183093711157
0.551000 3.671658301624428
0.552000 3.665157414249200
0.553000 3.658680301855047
0.554000 3.652226835648146
0.555000 3.645796887762833
0.556000 3.639390331253264
0.557000 3.633007040085152
0.558000 3.626646889127603
0.559000 3.620309754145032
0.560000 3.613995511789173
0.561000 3.607704039591168
0.562000 3.601435215953743
0.563000 3.595188920143470
0.564000 3.588965032283106
0.565000 3.582763433344019
0.566000 3.576584005138687
0.567000 3.570426630313287
0.568000 3.564291192340351
0.569000 3.558177575511507
0.570000 3.552085664930294
0.571000 3.546015346505049
0.572000 3.539966506941878
0.573000 3.533939033737692
0.574000 3.527932815173316
0.575000 3.521947740306675
0.576000 3.515983698966049
0.577000 3.510040581743395
0.578000 3.504118279987745
0.579000 3.498216685798662
0.580000 3.492335692019776
0.581000 3.486475192232378
0.582000 3.480635080749081
0.583000 3.474815252607551
0.584000 3.469015603564300
0.585000 3.463236030088538
0.586000 3.457476429356095
0.587000 3.451736699243402
0.588000 3.446016738321533
0.589000 3.440316445850306
0.590000 3.434635721772453
0.591000 3.428974466707833
0.592000 3.423332581947721
0.593000 3.417709969449143
0.594000 3.412106531829272
0.595000 3.406522172359884
0.596000 3.400956794961861
0.597000 3.395410304199758
0.598000 3.389882605276422
0.599000 3.384373604027661
0.600000 3.378883206916974
0.601000 3.373411321030321
0.602000 3.367957854070964
0.603000 3.362522714354338
0.604000 3.357105810802989
0.605000 3.351707052941558
0.606000 3.346326350891807
0.607000 3.340963615367708
0.608000 3.335618757670566
0.609000 3.330291689684201
0.610000 3.324982323870173
0.611000 3.319690573263053
0.612000 3.314416351465742
0.613000 3.309159572644836
0.614000 3.303920151526035
0.615000 3.298698003389596
0.616000 3.293493044065837
0.617000 3.288305189930673
0.618000 3.283134357901206
0.619000 3.277980465431351
0.620000 3.272843430507510
0.621000 3.267723171644281
0.622000 3.262619607880216
0.623000 3.257532658773612
0.624000 3.252462244398350
0.625000 3.247408285339767
0.626000 3.242370702690575
0.627000 3.237349418046811
0.628000 3.232344353503830
0.629000 3.227355431652340
0.630000 3.222382575574466
0.631000 3.217425708839859
0.632000 3.212484755501837
0.633000 3.207559640093566
0.634000 3.202650287624274
0.635000 3.197756623575507
0.636000 3.192878573897409
0.637000 3.188016065005050
0.638000 3.183169023774779
0.639000 3.178337377540615
0.640000 3.173521054090674
0.641000 3.168719981663623
0.642000 3.163934088945173
0.643000 3.159163305064605
0.644000 3.154407559591322
0.645000 3.149666782531441
0.646000 3.144940904324408
0.647000 3.140229855839657
0.648000 3.135533568373284
0.649000 3.130851973644765
0.650000 3.126185003793699
0.651000 3.121532591376577
0.652000 3.116894669363592
0.653000 3.112271171135464
0.654000 3.107662030480309
0.655000 3.103067181590521
0.656000 3.098486559059698
0.657000 3.093920097879583
0.658000 3.089367733437042
0.659000 3.084829401511067
0.660000 3.080305038269800
0.661000 3.075794580267597
0.662000 3.071297964442105
0.663000 3.066815128111372
0.664000 3.062346008970988
0.665000 3.057890545091238
0.666000 3.053448674914296
0.667000 3.049020337251435
0.668000 3.044605471280263
0.669000 3.040204016541987
0.670000 3.035815912938696
0.671000 3.031441100730679
0.672000 3.027079520533752
0.673000 3.022731113316622
0.674000 3.018395820398265
0.675000 3.014073583445338
0.676000 3.009764344469598
0.677000 3.005468045825363
0.678000 3.001184630206978
0.679000 2.996914040646316
0.680000 2.992656220510295
0.681000 2.988411113498416
0.682000 2.984178663640328
0.683000 2.979958815293409
0.684000 2.975751513140370
0.685000 2.971556702186884
0.686000 2.967374327759225
0.687000 2.963204335501944
0.688000 2.959046671375547
0.689000 2.954901281654208
0.690000 2.950768112923494
0.691000 2.946647112078113
0.692000 2.942538226319678
0.693000 2.938441403154495
0.694000 2.934356590391367
0.695000 2.930283736139416
0.696000 2.926222788805931
0.697000 2.922173697094223
0.698000 2.918136410001507
0.699000 2.914110876816800
0.700000 2.910097047118837
0.701000 2.906094870774004
0.702000 2.902104297934288
0.703000 2.898125279035249
0.704000 2.894157764794003
0.705000 2.890201706207226
0.706000 2.886257054549174
0.707000 2.882323761369722
0.708000 2.878401778492413
0.709000 2.874491058012535
0.710000 2.870591552295199
0.711000 2.866703213973449
0.712000 2.862825995946376
0.713000 2.858959851377253
0.714000 2.855104733691687
0.715000 2.851260596575783
0.716000 2.847427393974325
0.717000 2.843605080088972
0.718000 2.839793609376469
0.719000 2.835992936546874
0.720000 2.832203016561799
0.721000 2.828423804632666
0.722000 2.824655256218973
0.723000 2.820897327026585
0.724000 2.817149973006026
0.725000 2.813413150350798
0.726000 2.809686815495703
0.727000 2.805970925115184
0.728000 2.802265436121682
0.729000 2.798570305664000
0.730000 2.794885491125689
0.731000 2.791210950123435
0.732000 2.787546640505475
0.733000 2.783892520350010
0.734000 2.780248547963645
0.735000 2.776614681879830
0.736000 2.772990880857322
0.737000 2.769377103878655
0.738000 2.765773310148627
0.739000 2.762179459092791
0.740000 2.758595510355967
0.741000 2.755021423800764
0.742000 2.751457159506106
0.743000 2.747902677765785
0.744000 2.744357939087010
0.745000 2.740822904188977
0.746000 2.737297534001451
0.747000 2.733781789663352
0.748000 2.730275632521359
0.749000 2.726779024128525
0.750000 2.723291926242897
0.751000 2.719814300826156
0.752000 2.716346110042258
0.753000 2.712887316256097
0.754000 2.709437882032166
0.755000 2.705997770133240
0.756000 2.702566943519064
0.757000 2.699145365345047
0.758000 2.695732998960980
0.759000 2.692329807909749
0.760000 2.688935755926066
0.761000 2.685550806935210
0.762000 2.682174925051776
0.763000 2.678808074578435
0.764000 2.675450220004699
0.765000 2.672101326005708
0.766000 2.668761357441011
0.767000 2.665430279353368
0.768000 2.662108056967553
0.769000 2.658794655689176
0.770000 2.655490041103507
0.771000 2.652194178974307
0.772000 2.648907035242677
0.773000 2.645628576025910
0.774000 2.642358767616349
0.775000 2.639097576480264
0.776000 2.635844969256724
0.777000 2.632600912756493
0.778000 2.629365373960921
0.779000 2.626138320020850
0.780000 2.622919718255528
0.781000 2.619709536151533
0.782000 2.616507741361701
0.783000 2.613314301704062
0.784000 2.610129185160793
0.785000 2.606952359877166
0.786000 2.603783794160515
0.787000 2.600623456479203
0.788000 2.597471315461602
0.789000 2.594327339895081
0.790000 2.591191498724996
0.791000 2.588063761053693
0.792000 2.584944096139517
0.793000 2.581832473395829
0.794000 2.578728862390029
0.795000 2.575633232842588
0.796000 2.572545554626085
0.797000 2.569465797764254
0.798000 2.566393932431038
0.799000 2.563329928949646
0.800000 2.560273757791624
0.801000 2.557225389575925
0.802000 2.554184795067994
0.803000 2.551151945178852
0.804000 2.548126810964193
0.805000 2.545109363623487
0.806000 2.542099574499084
0.807000 2.539097415075333
0.808000 2.536102856977698
0.809000 2.533115871971893
0.810000 2.530136431963011
0.811000 2.527164508994665
0.812000 2.524200075248138
0.813000 2.521243103041534
0.814000 2.518293564828937
0.815000 2.515351433199581
0.816000 2.512416680877016
0.817000 2.509489280718291
0.818000 2.506569205713135
0.819000 2.503656428983147
0.820000 2.500750923780996
0.821000 2.497852663489618
0.822000 2.494961621621424
0.823000 2.492077771817517
0.824000 2.489201087846908
0.825000 2.486331543605743
0.826000 2.483469113116530
0.827000 2.480613770527379
0.828000 2.477765490111242
0.829000 2.474924246265159
0.830000 2.472090013509513
0.831000 2.469262766487284
0.832000 2.466442479963317
0.833000 2.463629128823587
0.834000 2.460822688074473
0.835000 2.458023132842041
0.836000 2.455230438371323
0.837000 2.452444580025609
0.838000 2.449665533285741
0.839000 2.446893273749412
0.840000 2.444127777130474
0.841000 2.441369019258241
0.842000 2.438616976076808
0.843000 2.435871623644369
0.844000 2.433132938132543
0.845000 2.430400895825698
0.846000 2.427675473120291
0.847000 2.424956646524199
0.848000 2.422244392656071
0.849000 2.419538688244667
0.850000 2.416839510128216
0.851000 2.414146835253771
0.852000 2.411460640676569
0.853000 2.408780903559400
0.854000 2.406107601171974
0.855000 2.403440710890299
0.856000 2.400780210196059
0.857000 2.398126076675993
0.858000 2.395478288021293
0.859000 2.392836822026983
0.860000 2.390201656591329
0.861000 2.387572769715228
0.862000 2.384950139501618
0.863000 2.382333744154889
0.864000 2.379723561980291
0.865000 2.377119571383353
0.866000 2.374521750869305
0.867000 2.371930079042503
0.868000 2.369344534605855
0.869000 2.366765096360260
0.870000 2.364191743204038
0.871000 2.361624454132376
0.872000 2.359063208236769
0.873000 2.356507984704471
0.874000 2.353958762817946
0.875000 2.351415521954325
0.876000 2.348878241584864
0.877000 2.346346901274408
0.878000 2.343821480680860
0.879000 2.341301959554648
0.880000 2.338788317738202
0.881000 2.336280535165434
0.882000 2.333778591861213
0.883000 2.331282467940855
0.884000 2.328792143609610
0.885000 2.326307599162156
0.886000 2.323828814982090
0.887000 2.321355771541429
0.888000 2.318888449400115
0.889000 2.316426829205517
0.890000 2.313970891691938
0.891000 2.311520617680133
0.892000 2.309075988076822
0.893000 2.306636983874206
0.894000 2.304203586149491
0.895000 2.301775776064415
0.896000 2.299353534864773
0.897000 2.296936843879951
0.898000 2.294525684522459
0.899000 2.292120038287470
0.900000 2.289719886752359
0.901000 2.287325211576249
0.902000 2.284935994499557
0.903000 2.282552217343542
0.904000 2.280173862009862
0.905000 2.277800910480126
0.906000 2.275433344815455
0.907000 2.273071147156043
0.908000 2.270714299720722
0.909000 2.268362784806527
0.910000 2.266016584788270
0.911000 2.263675682118113
0.912000 2.261340059325140
0.913000 2.259009699014940
0.914000 2.256684583869185
0.915000 2.254364696645220
0.916000 2.252050020175641
0.917000 2.249740537367893
0.918000 2.247436231203858
0.919000 2.245137084739453
0.920000 2.242843081104224
0.921000 2.240554203500949
0.922000 2.238270435205238
0.923000 2.235991759565145
0.924000 2.233718160000768
0.925000 2.231449620003863
0.926000 2.229186123137460
0.927000 2.226927653035473
0.928000 2.224674193402324
0.929000 2.222425728012557
0.930000 2.220182240710469
0.931000 2.217943715409726
0.932000 2.215710136093000
0.933000 2.213481486811594
0.934000 2.211257751685073
0.935000 2.209038914900906
0.936000 2.206824960714097
0.937000 2.204615873446826
0.938000 2.202411637488092
0.939000 2.200212237293358
0.940000 2.198017657384195
0.941000 2.195827882347933
0.942000 2.193642896837311
0.943000 2.191462685570130
0.944000 2.189287233328909
0.945000 2.187116524960542
0.946000 2.184950545375959
0.947000 2.182789279549785
0.948000 2.180632712520010
0.949000 2.178480829387647
0.950000 2.176333615316408
0.951000 2.174191055532369
0.952000 2.172053135323645
0.953000 2.169919840040066
0.954000 2.167791155092848
0.955000 2.165667065954279
0.956000 2.163547558157394
0.957000 2.161432617295659
0.958000 2.159322229022657
0.959000 2.157216379051775
0.960000 2.155115053155889
0.961000 2.153018237167059
0.962000 2.150925916976217
0.963000 2.148838078532867
0.964000 2.146754707844774
0.965000 2.144675790977668
0.966000 2.142601314054942
0.967000 2.140531263257354
0.968000 2.138465624822731
0.969000 2.136404385045673
0.970000 2.134347530277262
0.971000 2.132295046924771
0.972000 2.130246921451375
0.973000 2.128203140375863
0.974000 2.126163690272353
0.975000 2.124128557770009
0.976000 2.122097729552758
0.977000 2.120071192359010
0.978000 2.118048932981379
0.979000 2.116030938266409
0.980000 2.114017195114294
0.981000 2.112007690478610
0.982000 2.110002411366037
0.983000 2.108001344836096
0.984000 2.106004478000874
0.985000 2.104011798024764
0.986000 2.102023292124192
0.987000 2.100038947567358
0.988000 2.098058751673977
0.989000 2.096082691815010
0.990000 2.094110755412414
0.991000 2.092142929938878
0.992000 2.090179202917573
0.993000 2.088219561921894
0.994000 2.086263994575207
0.995000 2.084312488550602
0.996000 2.082365031570640
0.997000 2.080421611407104
0.998000 2.078482215880756
0.999000 2.076546832861089
1.000000 2.074615450266087
1.001000 2.072688056061977
1.002000 2.070764638262992
1.003000 2.068845184931135
1.004000 2.066929684175931
1.005000 2.065018124154204
1.006000 2.063110493069829
1.007000 2.061206779173509
1.008000 2.059306970762534
1.009000 2.057411056180558
