@type xydy
-6.907755278982137 -0.3410032712361925 1.56485149584864
-6.214608098422192 -0.3357891948273718 1.440860613570931
-5.809142990314027 -0.3227382408846077 1.361900565032782
-5.521460917862246 -0.30888278121892 1.295334531061888
-5.298317366548037 -0.2954734051917528 1.236131811098817
-5.115995809754082 -0.2828205028501778 1.182512104088863
-4.961845129926824 -0.27098373754617 1.133505954930232
-4.828313737302301 -0.2599410626558824 1.088453795658128
-4.710530701645918 -0.2496426702427241 1.046854320621197
-4.605170185988091 -0.2400309270438503 1.008304205246534
-4.509860006183767 -0.2310482966687664 0.9724685409733907
-4.422848629194137 -0.2226404985598645 0.9390638140125462
-4.3428059215206 -0.2147576356437684 0.9078468937081268
-4.268697949366878 -0.2073544229560523 0.8786073061465812
-4.199705077879927 -0.2003900192922234 0.8511615042212492
-4.135166556742356 -0.1938276946999896 0.8253484541329287
-4.074541934925921 -0.1876344443231699 0.8010261445176292
-4.017383521085972 -0.1817806009637611 0.7780687718562848
-3.963316299815697 -0.1762394702093953 0.7563644382102387
-3.912023005428146 -0.170986997746287 0.7358132467172406
-3.863232841258714 -0.1660014713806821 0.7163257117163932
-3.816712825623821 -0.1612632568370824 0.6978214213928719
-3.772261063052987 -0.1567545648327781 0.6802279054722211
-3.729701448634191 -0.1524592463375088 0.6634796710252017
-3.688879454113936 -0.1483626128359588 0.6475173772209964
-3.649658740960655 -0.1444512785642663 0.6322871257318921
-3.611918412977808 -0.140713021953494 0.6177398479928198
-3.575550768806933 -0.1371366638108865 0.6038307740212498
-3.540459448995663 -0.1337119600665096 0.590518970260752
-3.506557897319982 -0.1304295071904542 0.5777669361051719
-3.473768074496991 -0.1272806586365586 0.5655402505204575
-3.442019376182411 -0.1242574508904845 0.5538072616041593
-3.411247717515657 -0.1213525378937981 0.5425388130808423
-3.381394754365976 -0.1185591327836397 0.5317080026800965
-3.352407217492723 -0.1158709560323361 0.5212899681247639
-3.324236340526027 -0.1132821891957459 0.5112616971032596
-3.296837366337913 -0.1107874335859056 0.5016018581371544
-3.270169119255751 -0.1083816732751195 0.4922906497038233
-3.244193632852491 -0.1060602419171763 0.4833096653500862
-3.218875824868201 -0.1038187929387722 0.4746417728493
-3.194183212277829 -0.1016532727121174 0.4662710057216949
-3.170085660698769 -0.09955989636948816 0.4581824656643069
-3.146555163288575 -0.09753512596336819 0.4503622346294742
-3.123565645063876 -0.0955756507128067 0.4427972954551327
-3.101092789211817 -0.09367836910857393 0.4354754600906472
-3.079113882493042 -0.0918403726773476 0.4283853045824298
-3.057607677272078 -0.09005893122913756 0.4215161100872419
-3.036554268074246 -0.08833147943297566 0.4148578092704542
-3.01593498087151 -0.08665560458401189 0.4084009375237942
-2.995732273553991 -0.08502903544094545 0.4021365885040576
-2.975929646257811 -0.08344963202650328 0.3960563735524031
-2.95651156040071 -0.0819153762957354 0.3901523846044644
-2.937463365430015 -0.08042436358745946 0.3844171602456618
-2.918771232417863 -0.07897479478345847 0.3788436546046962
-2.900422093749666 -0.0775649691081864 0.3734252088120123
-2.882403588246988 -0.07619327750891433 0.3681555247796956
-2.864704011147587 -0.07485819656258121 0.363028641085353
-2.847312268435718 -0.07355828286120684 0.3580389107655201
-2.830217835076418 -0.0722921678326743 0.3531809808444164
-2.813410716760036 -0.07105855295807571 0.3484497734418084
-2.796881414808826 -0.06985620535070856 0.3438404683196203
-2.780620893937045 -0.06868395366527047 0.3393484867410167
-2.764620552590604 -0.06754068430888141 0.3349694765282001
-2.748872195622465 -0.0664253379283083 0.3306992982162994
-2.7333680090865 -0.06533690615021889 0.3265340122106484
-2.718100536955712 -0.06427442855348314 0.3224698668636133
-2.703062659591171 -0.06323698985450216 0.3185032873950389
-2.68824757380603 -0.06222371728830259 0.3146308655874715
-2.673648774384878 -0.06123377816971247 0.3108493501936605
-2.659260036932778 -0.06026637762035206 0.3071556379995438
-2.645075401940822 -0.05932075644844861 0.3035467654910353
-2.631089159966082 -0.05839618916963281 0.3000199010775439
-2.617295837833746 -0.05749198215791053 0.2965723378292985
-2.603690185777967 -0.05660747191693887 0.2932014866892978
-2.590267165445827 -0.0557420234625806 0.2899048701240825
-2.577021938695806 -0.05489502880847617 0.2866801161805787
-2.563949857128453 -0.05406590554706497 0.2835249529190307
-2.551046452292545 -0.05325409551911593 0.2804372031945417
-2.538307426515116 -0.05245906356539774 0.277414779762014
-2.525728644308255 -0.05168029635463685 0.2744556806813422
-2.513306124309698 -0.05091730128238292 0.2715579850015895
-2.501036031717884 -0.05016960543583015 0.2687198487045772
-2.488914671185539 -0.04943675462003399 0.2659395008898779
-2.476938480138823 -0.04871831244131929 0.263215240184612
-2.465104022491821 -0.04801385944400138 0.2605454313627421
-2.453407982728629 -0.04732299229683934 0.2579285021597401
-2.441847160327553 -0.04664532302591248 0.2553629402695776
-2.430418464503931 -0.04598047829086027 0.2528472905119789
-2.419118909249997 -0.04532809870165423 0.2503801521587794
-2.407945608651872 -0.04468783817327927 0.2479601764090581
-2.396895772465287 -0.04405936331589427 0.2455860640034751
-2.385966701933097 -0.04344235285821785 0.2432565629689405
-2.375155785828881 -0.04283649710204738 0.2409704664853822
-2.364460496712133 -0.04224149740596845 0.2387266108669697
-2.353878387381596 -0.04165706569644936 0.2365238736506915
-2.343407087514301 -0.04108292400464135 0.2343611717856851
-2.333044300478754 -0.0405188040273222 0.2322374599171766
-2.322787800311565 -0.03996444671052824 0.2301517287593124
-2.312635428847547 -0.03941960185451904 0.2281030035515562
-2.302585092994046 -0.038884027738811 0.2260903425936875
-2.292634762140878 -0.03835749076610069 0.2241128358547705
-2.282782465697866 -0.03783976512397734 0.2221696036517726
-2.273026290752501 -0.03733063246339661 0.2202597953937975
-2.263364379840764 -0.03682988159295494 0.2183825883881624
-2.253794928824614 -0.03633730818806622 0.216537186704795
-2.24431618487007 -0.03585271451420049 0.2147228200956541
-2.234926444520231 -0.03537590916339782 0.2129387429660872
-2.225624051857917 -0.03490670680332082 0.2111842333952366
-2.216407396752993 -0.03444492793815514 0.2094585922027871
-2.207274913189721 -0.03399039868071063 0.2077611420595166
-2.198225077669803 -0.03354295053511609 0.2060912266392709
-2.189256407687043 -0.03310242018953749 0.2044482098101285
-2.180367460269796 -0.03266864931838455 0.2028314748626583
-2.171556830587642 -0.03224148439350305 0.2012404237733025
-2.162823150618887 -0.03182077650388008 0.1996744765010306
-2.154165087875772 -0.03140638118341812 0.1981330703155274
-2.145581344184381 -0.03099815824635964 0.196615659155276
-2.137070654516472 -0.03059597162996897 0.1951217130139961
-2.128631785870608 -0.03019968924410061 0.1936507173539862
-2.120263536200091 -0.02980918282730521 0.1922021725450047
-2.111964733385396 -0.02942432780914395 0.1907755933274007
-2.10373423424888 -0.02904500317840127 0.1893705082982819
-2.09557092360972 -0.02867109135690321 0.1879864594195742
-2.0874737133771 -0.02830247807866519 0.1866230015468915
-2.079441541679836 -0.02793905227410866 0.1852797019781983
-2.071473372030659 -0.02758070595910009 0.1839561400212992
-2.063568192523546 -0.02722733412857989 0.182651906579247
-2.05572501506252 -0.02687883465456114 0.1813666037528091
-2.047942874620465 -0.02653510818829021 0.1800998444591788
-2.040220828526555 -0.02619605806637259 0.1788512520661621
-2.032557955780986 -0.02586159022067761 0.1776204600411127
-2.024953356395766 -0.02553161309184587 0.176407111613926
-2.017406150760383 -0.02520603754623246 0.1752108594534395
-2.009915479031226 -0.02488477679612772 0.1740313653566217
-2.002480500543708 -0.02456774632310583 0.1728682999499637
-1.995100393246085 -0.02425486380435885 0.1717213424025188
-1.987774353154012 -0.02394604904188175 0.1705901801500623
-1.980501593824932 -0.0236412238943803 0.1694745086298732
-1.973281345851445 -0.02334031221178062 0.1683740310256637
-1.966112856372833 -0.02304323977222506 0.167288458022205
-1.958995388603969 -0.02274993422144512 0.1662175075692241
-1.951928221380876 -0.02246032501440734 0.1651609046541643
-1.94491064872223 -0.02217434335913341 0.1641183810834236
-1.937941979406136 -0.02189192216260059 0.1630896752717057
-1.931021536561563 -0.02161299597863314 0.1620745320391323
-1.924148657273801 -0.02133750095769979 0.1610727024157885
-1.917322692203401 -0.0210653747985364 0.1600839434533823
-1.910543005218022 -0.0207965567015169 0.15910801804372
-1.903808973036678 -0.02053098732369928 0.1581446947437111
-1.897119984885881 -0.02026860873547668 0.1571937476066303
-1.890475442167213 -0.02000936437876744 0.1562549560193765
-1.883874758135861 -0.01975319902668039 0.1553281045454829
-1.877317357589702 -0.01950005874459529 0.1544129827736416
-1.870802676568508 -0.01924989085260071 0.1535093851715187
-1.86433016206289 -0.01900264388923447 0.1526171109446448
-1.8578992717326 -0.01875826757647419 0.1517359639001775
-1.851509473633829 -0.01851671278592813 0.15086575231534
-1.84516024595517 -0.01827793150617836 0.1500062888103503
-1.838851076761906 -0.01804187681123089 0.1491573902256633
-1.83258146374831 -0.0178085028300291 0.1483188775033544
-1.826350913997674 -0.01757776471698905 0.1474905755724857
-1.820158943749753 -0.01734961862351672 0.146672313238296
-1.814005078175375 -0.0171240216704695 0.1458639230750701
-1.807888851157939 -0.01690093192152529 0.1450652413225428
-1.801809805081556 -0.01668030835742481 0.1442761077857044
-1.795767490625594 -0.01646211085105371 0.1434963657378774
-1.789761466565382 -0.01624630014333273 0.1427258618269395
-1.783791299578878 -0.01603283781988562 0.1419644459845768
-1.777856564059064 -0.01582168628845556 0.1412119713384514
-1.771956841931875 -0.01561280875704235 0.1404682941271755
-1.766091722479477 -0.01540616921273354 0.1397332736179885
-1.760260802168684 -0.01520173240120413 0.1390067720270368
-1.754463684484358 -0.01499946380686007 0.1382886544421612
-1.748699979767608 -0.0147993296336024 0.1375787887481001
-1.742969305058623 -0.01460129678618927 0.1368770455540211
-1.737271283943985 -0.01440533285217442 0.136183298123296
-1.731605546408308 -0.01421140608440135 0.1354974223054409
-1.725971728690052 -0.01401948538403338 0.1348192964701405
-1.720369473141382 -0.01382954028410056 0.1341488014432863
-1.714798428091927 -0.01364154093354512 0.1334858204449539
-1.709258247716311 -0.01345545808174797 0.1328302390292539
-1.703748591905342 -0.01327126306351941 0.1321819450259892
-1.698269126140716 -0.01308892778453783 0.1315408284840562
-1.692819521373151 -0.01290842470722097 0.1309067816165294
-1.687399453903812 -0.01272972683701474 0.1302796987473713
-1.682008605268936 -0.01255280770908535 0.1296594762597118
-1.67664666212755 -0.01237764137540088 0.129046012545643
-1.671313316152188 -0.01220420239218919 0.1284392079574792
-1.666008263922495 -0.01203246580775928 0.1278389647604305
-1.660731206821651 -0.01186240715067408 0.1272451870866442
-1.655481850935507 -0.01169400241826268 0.1266577808905669
-1.650259906954356 -0.01152722806546085 0.1260766539055841
-1.645065090077252 -0.01136206099396885 0.1255017156018943
-1.639897119918809 -0.01119847854171617 0.1249328771455768
-1.63475572041839 -0.01103645847262296 0.124370051358815
-1.62964061975162 -0.01087597896664864 0.1238131526812352
-1.624551550244149 -0.01071701861011813 0.1232620971323265
-1.619488248287602 -0.01055955638631685 0.1227168022749067
-1.614450454257645 -0.01040357166634585 0.1221771871795983
-1.6094379124341 -0.01024904420022847 0.1216431723902851
-1.604450370923061 -0.01009595410826088 0.1211146798905152
-1.599487581580932 -0.009944281872598347 0.120591633070823
-1.59454929994035 -0.009794008329070059 0.1200739566969384
-1.589635285137921 -0.009645114659215129 0.1195615768788568
-1.584745299843729 -0.009497582382532911 0.1190544210407432
-1.579879110192556 -0.009351393348940907 0.1185524178916426
-1.575036485716768 -0.009206529731433815 0.1180554973969729
-1.570217199280819 -0.009062974018937479 0.117563590750776
-1.565421027017326 -0.00892070900935175 0.1170766303487034
-1.560647748264668 -0.00877971780277643 0.1165945497617129
-1.555897145506071 -0.008639983794914729 0.1161172837104566
-1.551169004310125 -0.008501490670648823 0.1156447680403372
-1.546463113272712 -0.008364222397782293 0.1151769396972135
-1.541779263960286 -0.008228163220944415 0.1147137367037349
-1.537117250854474 -0.008093297655651443 0.1142550981362862
-1.532476871297972 -0.007959610482520177 0.1138009641025246
-1.527857925441678 -0.007827086741629296 0.1133512757194906
-1.523260216193048 -0.007695711727024057 0.1129059750922767
-1.518683549165636 -0.007565470981360136 0.1124650052932365
-1.514127732629776 -0.007436350290682522 0.1120283103417188
-1.509592577464384 -0.00730833567933549 0.1115958351843113
-1.505077897109858 -0.007181413404999856 0.1111675256755785
-1.500583507522018 -0.007055569953853796 0.1107433285592803
-1.496109227127097 -0.006930792035853668 0.1103231914500566
-1.491654876777717 -0.006807066580131369 0.1099070628155645
-1.487220279709851 -0.006684380730504897 0.109494891959056
-1.482805261500734 -0.006562721841098874 0.1090866290023823
-1.478409650027696 -0.006442077472071902 0.1086822248694133
-1.474033275427897 -0.006322435385447733 0.1082816312698607
-1.469675970058942 -0.006203783541047305 0.1078848006834925
-1.465337568460344 -0.006086110092518836 0.1074916863447288
-1.461017907315827 -0.005969403383463199 0.1071022422276075
-1.456716825416436 -0.005853651943651945 0.1067164230311093
-1.452434163624436 -0.005738844485335392 0.1063341841648341
-1.448169764837978 -0.005624969899638283 0.1059554817350153
-1.443923473956527 -0.005512017253040611 0.1055802725308669
-1.439695137847006 -0.005399975783941262 0.1052085140112506
-1.435484605310662 -0.005288834899302218 0.1048401642916568
-1.431291727050626 -0.005178584171371129 0.1044751821314891
-1.427116355640146 -0.005069213334480116 0.1041135269216455
-1.422958345491482 -0.004960712281918756 0.1037551586723871
-1.418817552825451 -0.004853071062879249 0.103400038001487
-1.414693835641589 -0.004746279879471828 0.1030481261226523
-1.410587053688935 -0.004640329083808538 0.1026993848342107
-1.40649706843741 -0.004535209175153567 0.1023537765080567
-1.402423743049774 -0.004430910797138353 0.1020112640788474
-1.39836694235416 -0.004327424735039776 0.1016718110334452
-1.394326532817155 -0.004224741913119755 0.101335381400597
-1.390302382517429 -0.004122853392024652 0.1010019397408463
-1.386294361119891 -0.004021750366242916 0.1006714511366716
-1.382302339850353 -0.003921424161619455 0.1003438811828438
-1.378326191470714 -0.003821866232925262 0.1000191959769995
-1.374365790254617 -0.00372306816148087 0.09969736211042134
-1.3704210119636 -0.003625021652832252 0.09937834665902346
-1.366491733823711 -0.003527718534477815 0.09906211717453398
-1.362577834502575 -0.003431150753645194 0.09874864167587114
-1.358679194086917 -0.003335310375116563 0.09843788864070758
-1.35479569406052 -0.003240189579101253 0.09812982699721789
-1.350927217282599 -0.003145780659154456 0.09782442611600505
-1.347073647966609 -0.003052076020140886 0.09752165580220111
-1.343234871659444 -0.002959068176242231 0.09722148628773766
-1.33941077522104 -0.002866749749007343 0.09692388822378197
-1.335601246804373 -0.002775113465444066 0.09662883267333462
-1.331806175835821 -0.002684152156151689 0.09633629110398453
-1.328025452995915 -0.002593858753493014 0.09604623538081753
-1.324258970200438 -0.00250422628980506 0.09575863775947476
-1.320506620581888 -0.002415247895647457 0.09547347087935704
-1.31676829847128 -0.002326916798087607 0.09519070775697175
-1.313043899380298 -0.002239226319021718 0.09491032177941874
-1.309333319983762 -0.00215216987353083 0.09463228669801177
-1.305636458102436 -0.002065740968270998 0.0943565766220323
-1.30195321268614 -0.0019799331998968 0.09408316601261237
-1.298283483797177 -0.001894740253517369 0.09381202967674349
-1.294627172594067 -0.001810155901184173 0.09354314276140844
-1.290984181315566 -0.001726174000409777 0.09327648074783313
-1.287354413264987 -0.001642788492716864 0.09301201944585559
-1.283737772794799 -0.001559993402216778 0.09274973498840927
-1.2801341652915 -0.001477782834216904 0.09248960382611805
-1.276543497160771 -0.00139615097385621 0.09223160272200022
-1.272965675812887 -0.001315092084768267 0.09197570874627888
-1.269400609648391 -0.001234600507771134 0.09172189927129628
-1.265848208044023 -0.001154670659583452 0.09147015196652967
-1.262308381338899 -0.001075297031566165 0.09122044479370628
-1.258781040820931 -0.0009964741884892493 0.09097275600201508
-1.255266098713487 -0.0009181967673228931 0.09072706412341319
-1.251763468162284 -0.0008404594760525502 0.09048334796802465
-1.248273063222516 -0.0007632570925173275 0.0902415866196294
-1.244794798846191 -0.0006865844632711703 0.09000175943124056
-1.241328590869705 -0.0006104365024663248 0.08976384602076781
-1.237874356001617 -0.0005348081907585735 0.08952782626676498
-1.234432011810645 -0.0004596945742337488 0.08929368030425998
-1.231001476713855 -0.0003850907633550458 0.0890613885206651
-1.22758266996507 -0.0003109919319306652 0.08883093155176597
-1.224175511643455 -0.000237393316101331 0.08860229027778736
-1.220779922642317 -0.0001642902133472383 0.08837544581953401
-1.217395824658077 -9.167798151399867e-05 0.08815037953460506
-1.214023140179437 -1.955203785716035e-05 0.0879270730136801
-1.210661792476733 5.209214189510721e-05 0.08770550807687553
-1.207311705591451 0.0001232590244615662 0.08748566677016956
-1.203972804325936 0.0001939530199100907 0.08726753136189428
-1.200645014233261 0.0002641784825428566 0.0870510843392934
-1.197328261607267 0.000333939711764911 0.08683630840514425
-1.194022473472768 0.000403240952936485 0.08662318647444252
-1.190727577575915 0.0004720863982094023 0.08641170167114842
-1.187443502374725 0.0005404801873479279 0.08620183732499303
-1.184170177029756 0.0006084264085343936 0.0859935769683433
-1.18090753139494 0.0006759290991599277 0.0857869043331247
-1.177655496008563 0.0007429922466006083 0.08558180334780006
-1.174414002084392 0.0008096197889793521 0.08537825813440353
-1.171182981502945 0.000875815615913844 0.08517625300562839
-1.167962366802903 0.0009415835692508026 0.08497577246196767
-1.164752091172655 0.001006927443786872 0.08477680118890627
-1.161552088441984 0.001071850987976425 0.08457932405416372
-1.158362293073884 0.001136357904626546 0.0843833261049863
-1.155182640156504 0.001200451851579476 0.08418879256548764
-1.152013065395225 0.001264136442382764 0.08399570883403661
-1.148853505104856 0.001327415246947403 0.08380406048069175
-1.14570389620196 0.001390291792194183 0.08361383324468095
-1.142564176197292 0.00145276956268851 0.08342501303192577
-1.139434283188365 0.001514852001263939 0.08323758591260917
-1.136314155852121 0.001576542509634643 0.08305153811878601
-1.133203733437729 0.001637844448997047 0.08286685604203523
-1.130102955759481 0.001698761140620854 0.08268352623115296
-1.127011763189808 0.00175929586642968 0.08250153538988574
-1.1239300966524 0.001819451869571501 0.08232087037470293
-1.120857897615429 0.001879232354979131 0.08214151819260757
-1.117795108084884 0.001938640489920924 0.08196346599898492
-1.114741670597993 0.001997679404541906 0.08178670109548793
-1.111697528216765 0.002056352192395515 0.08161121092795874
-1.108662624521611 0.002114661910966159 0.08143698308438575
-1.105636903605074 0.002172611582182759 0.08126400529289528
-1.102620310065649 0.002230204192923459 0.08109226541977729
-1.099612789001693 0.002287442695511695 0.08092175146754443
-1.096614286005437 0.002344330008203763 0.08075245157302373
-1.093624747157071 0.002400869015668093 0.08058435400548034
-1.090644119018933 0.002457062569456363 0.08041744716477257
-1.087672348629775 0.002512913488466623 0.08025171957953781
-1.084709383499118 0.002568424559398593 0.08008715990540849
-1.081755171601687 0.002623598537201276 0.07992375692325762
-1.07880966137193 0.002678438145513048 0.0797614995374734
-1.07587280169862 0.002732946077094362 0.07960037677426205
-1.072944541919532 0.002787124994253212 0.07944037777997874
-1.070024831816197 0.002840977529263502 0.07928149181948559
-1.067113621608739 0.002894506284776449 0.07912370827453664
-1.064210861950777 0.002947713834225162 0.078967016642189
-1.061316503924413 0.003000602722222523 0.07881140653323975
-1.058430499035278 0.003053175464952496 0.07865686767068815
-1.055552799207663 0.003105434550554998 0.0785033898882226
-1.05268335677971 0.003157382439504448 0.07835096312873192
-1.049822124498678 0.003209021564982112 0.07819957744284043
-1.046969055516271 0.003260354333242368 0.07804922298746651
-1.04412410338404 0.003311383123973006 0.07789989002440399
-1.04128722204884 0.003362110290649662 0.07775156891892612
-1.038458365848363 0.003412538160884516 0.07760425013841162
-1.035637489506721 0.003462669036769347 0.07745792425099238
-1.032824548130107 0.003512505195213055 0.07731258192422245
-1.030019497202498 0.003562048888273752 0.07716821392376786
-1.027222292581437 0.003611302343485529 0.07702481111211692
-1.024432890493858 0.00366026776417998 0.07688236444731066
-1.021651247531981 0.00370894732980261 0.07674086498169296
-1.018877320649256 0.003757343196224186 0.07660030386067998
-1.016111067156366 0.003805457496047151 0.07646067232154874
-1.013352444717286 0.003853292338907179 0.07632196169224417
-1.010601411345396 0.003900849811769965 0.07618416339020459
-1.007857925399646 0.003948131979223327 0.07604726892120513
-1.005121945580771 0.00399514088376472 0.07591126987821876
-1.002393430927567 0.004041878546084234 0.07577615794029471
-0.9996723408132061 0.004088346965343159 0.0756419248714538
-0.9969586349416099 0.004134548119448207 0.07550856251960059
-0.9942522733438669 0.004180483965321449 0.07537606281545182
-0.9915532163747019 0.004226156439166067 0.07524441777148101
-0.9888614247089905 0.004271567456727977 0.07511361948087883
-0.9861768593383215 0.004316718913553407 0.0749836601165291
-0.9834994815676051 0.004361612685242504 0.07485453192999988
-0.9808292530117262 0.004406250627699023 0.07472622725054968
-0.9781661355922425 0.004450634577376193 0.07459873848414832
-0.9755100915341263 0.00449476635151881 0.07447205811251223
-0.9728610833625494 0.004538647748401621 0.07434617869215401
-0.9702190738997107 0.004582280547564084 0.07422109285344585
-0.9675840262617056 0.00462566651004154 0.0740967932996967
-0.9649559038554361 0.004668807378592885 0.07397327280624293
-0.9623346703755619 0.004711704877924784 0.07385052421955212
-0.9597202898014911 0.0047543607149125 0.07372854045633993
-0.9571127263944102 0.004796776578817391 0.0736073145026997
-0.9545119446943528 0.004838954141501126 0.07348683941324459
-0.9519179095173062 0.004880895057636694 0.07336710831026204
-0.9493305859523552 0.004922600964916243 0.07324811438288039
-0.9467499393588636 0.004964073484255813 0.07312985088624737
-0.9441759353636908 0.005005314219997014 0.07301231114072022
-0.9416085398584449 0.0050463247601057 0.0728954885310675
-0.9390477189967713 0.005087106676367693 0.07277937650568196
-0.9364934391916745 0.005127661524581606 0.07266396857580472
-0.9339456671128758 0.005167990844748805 0.07254925831476025
-0.9314043696842032 0.005208096161260577 0.07243523935720215
-0.9288695140810152 0.005247978983082535 0.07232190539836941
-0.9263410677276565 0.00528764080393631 0.07220925019335315
-0.9238189982949466 0.005327083102478582 0.07209726755637342
-0.9213032736976993 0.005366307342477482 0.07198595136006618
-0.9187938620922736 0.005405314972986426 0.07187529553477999
-0.9162907318741551 0.005444107428515405 0.07176529406788251
-0.9137938516755679 0.005482686129199787 0.07165594100307646
-0.911303190363116 0.005521052480966663 0.07154723043972498
-0.9088187170354541 0.005559207875698786 0.0714391565321862
-0.906340401020987 0.005597153691396137 0.0713317134891569
-0.9038682118755979 0.00563489129233515 0.07122489557302501
-0.9014021193804044 0.005672422029225658 0.07111869709923096
-0.8989420935395421 0.005709747239365561 0.07101311243563759
-0.8964881045779754 0.005746868246793292 0.07090813600190858
-0.8940401229393353 0.005783786362438087 0.07080376226889523
-0.8915981192837836 0.005820502884268106 0.07069998575803134
-0.8891620644859024 0.005857019097436445 0.07059680104073633
-0.8867319296326107 0.005893336274425057 0.07049420273782615
-0.8843076860211043 0.005929455675186637 0.07039218551893206
-0.8818893051568227 0.005965378547284484 0.07029074410192713
-0.8794767587514388 0.00600110612603038 0.07018987325236019
-0.8770700187208738 0.006036639634620524 0.07008956778289735
-0.8746690571833356 0.00607198028426954 0.06998982255277075
-0.8722738464573807 0.006107129274342596 0.06989063246723448
-0.8698843590599993 0.006142087792485666 0.06979199247702772
-0.8675005677047231 0.006176857014753956 0.06969389757784468
-0.8651224452997556 0.006211438105738532 0.06959634280981154
-0.8627499649461252 0.006245832218691173 0.06949932325697006
-0.8603830999358591 0.006280040495647477 0.06940283404676782
-0.8580218237501793 0.006314064067548249 0.06930687034955508
-0.8556661100577202 0.006347904054359193 0.06921142737808799
-0.8533159327127666 0.006381561565188946 0.06911650038703818
-0.8509712657535125 0.006415037698405459 0.06902208467250853
-0.8486320834003403 0.006448333541750776 0.06892817557155515
-0.8462983600541201 0.006481450172454213 0.06883476846171533
-0.8439700702945289 0.006514388657343976 0.06874185876054143
-0.8416471888783893 0.006547150052957232 0.0686494419251407
-0.8393296907380267 0.006579735405648669 0.06855751345172076
-0.8370175509796472 0.006612145751697549 0.06846606887514078
-0.8347107448817322 0.0066443821174133 0.0683751037684683
-0.832409247893453 0.006676445519239649 0.06828461374254142
-0.8301130356331027 0.006708336963857326 0.06819459444553652
-0.8278220838865469 0.006740057448285369 0.06810504156254126
-0.8255363686056909 0.00677160795998103 0.06801595081513275
-0.8232558659069657 0.006802989476938323 0.067927317960961
-0.8209805520698302 0.006834202967785228 0.06783913879333738
-0.8187104035352911 0.006865249391879563 0.06775140914082811
-0.8164453969044389 0.006896129699403552 0.06766412486685263
-0.8141855089370014 0.006926844831457111 0.06757728186928689
-0.8119307165499123 0.00695739572014986 0.06749087608007135
-0.8096809968158968 0.00698778328869189 0.06740490346482376
-0.807436326962073 0.007018008451483295 0.06731936002245649
-0.8051966843685682 0.007048072114202496 0.06723424178479845
-0.8029620465671519 0.007077975173893363 0.06714954481622158
-0.8007323912398828 0.007107718519051168 0.06706526521327158
-0.7985076962177716 0.007137303029707364 0.06698139910430324
-0.7962879394794587 0.007166729577513235 0.06689794264911981
-0.7940730991499059 0.007195999025822402 0.06681489203861683
-0.791863153499103 0.007225112229772231 0.06673224349442991
-0.7896580809407891 0.007254070036364135 0.06664999326858679
-0.7874578600311866 0.007282873284542802 0.0665681376431633
-0.785262469467751 0.007311522805274351 0.06648667292994341
-0.7830718880879324 0.007340019421623448 0.06640559547008307
-0.7808860948679521 0.007368363948829373 0.06632490163377805
-0.7787050689215919 0.00739655719438108 0.06624458781993547
-0.7765287894989964 0.00742459995809124 0.06616465045584914
-0.7743572359854885 0.007452493032169296 0.06608508599687854
-0.7721903879003982 0.007480237201293538 0.06600589092613148
-0.770028224895903 0.007507833242682215 0.06592706175415028
-0.7678707267558818 0.007535281926163691 0.06584859501860155
-0.7657178733947807 0.007562584014245663 0.06577048728396938
-0.7635696448564912 0.007589740262183457 0.06569273514125199
-0.7614260213132397 0.007616751418047406 0.06561533520766173
-0.7592869830644903 0.007643618222789327 0.06553828412632837
-0.7571525105358577 0.007670341410308112 0.06546157856600575
-0.7550225842780328 0.00769692170751444 0.06538521522078159
-0.7528971849657193 0.007723359834394627 0.06530919080979045
-0.7507762933965817 0.007749656504073614 0.06523350207692986
-0.7486598904902041 0.007775812422877126 0.06515814579057958
-0.7465479572870606 0.007801828290392987 0.06508311874332376
-0.7444404749474958 0.007827704799531625 0.0650084177516762
-0.742337424750717 0.007853442636585763 0.06493403965580856
-0.7402387880937958 0.007879042481289308 0.0648599813192814
-0.7381445464906811 0.007904505006875463 0.06478623962877812
-0.7360546815712218 0.007929830880134051 0.06471281149384176
-0.7339691750802004 0.007955020761468071 0.06463969384661449
-0.7318880088763759 0.007980075304949507 0.06456688364157991
-0.7298111649315367 0.008004995158374376 0.06449437785530798
-0.7277386253295644 0.008029780963317046 0.06442217348620271
-0.7256703722655053 0.00805443335518382 0.06435026755425232
-0.7236063880446539 0.008078952963265804 0.06427865710078211
-0.7215466550816433 0.008103340410791062 0.06420733918820979
-0.7194911558995473 0.008127596314976068 0.06413631089980335
-0.7174398731289899 0.00815172128707647 0.06406556933944135
-0.715392789507265 0.008175715932437161 0.06399511163137572
-0.7133498878774648 0.008199580850541687 0.06392493491999688
-0.7113111511876165 0.00822331663506097 0.0638550363696012
-0.7092765624898289 0.008246923873901389 0.06378541316416091
-0.7072461049394469 0.008270403149252199 0.06371606250709613
-0.7052197617942145 0.008293755037632311 0.06364698162104925
-0.7031975164134468 0.008316980109936431 0.06357816774766156
-0.7011793522572096 0.008340078931480582 0.06350961814735196
-0.6991652528855083 0.008363052062046991 0.06344133009909794
-0.6971552019574841 0.008385900055928376 0.06337330090021857
-0.6951491832306184 0.008408623461971618 0.06330552786615969
-0.6931471805599453 0.008431222823620842 0.0632380083302811
-0.6911491778972723 0.008453698678959899 0.06317073964364577
-0.6891551592904079 0.008476051560754265 0.06310371917481107
-0.6871651088823978 0.00849828199649237 0.06303694430962198
-0.6851790109107684 0.008520390508426343 0.06297041245100622
-0.6831968497067772 0.0085423776136122 0.06290412101877127
-0.6812186096946715 0.008564243823949473 0.06283806744940333
-0.6792442753909539 0.008585989646220284 0.06277224919586809
-0.6772738314036552 0.008607615582127878 0.06270666372741328
-0.6753072624316143 0.008629122128334608 0.06264130852937316
-0.6733445532637656 0.008650509776499396 0.06257618110297459
-0.6713856887784326 0.008671779013314657 0.06251127896514501
-0.6694306539426293 0.008692930320542708 0.06244659964832203
-0.6674794338113675 0.008713964175051655 0.06238214070026474
-0.6655320135269719 0.008734881048850774 0.0623178996838667
-0.6635883783184009 0.008755681409125381 0.06225387417697056
-0.6616485135005743 0.008776365718271204 0.06219006177218424
-0.6597124044737079 0.008796934433928266 0.0621264600766988
-0.657780036722654 0.008817388009014265 0.06206306671210778
-0.6558513958162484 0.008837726891757483 0.0619998793142281
-0.653926467406664 0.008857951525729208 0.06193689553292252
-0.6520052372287701 0.008878062349875682 0.0618741130319235
-0.6500876910994983 0.00889805979854958 0.06181152948865865
-0.6481738149172142 0.008917944301541022 0.06174914259407746
-0.6462635946610949 0.008937716284108129 0.06168695005247963
-0.6443570163905133 0.008957376167007116 0.06162494958134462
-0.6424540662444272 0.008976924366521939 0.06156313891116275
-0.6405547304407747 0.008996361294493491 0.06150151578526746
-0.6386589952758756 0.009015687358348358 0.06144007795966907
-0.6367668471238377 0.009034902961127132 0.06137882320288977
-0.6348782724359695 0.009054008501512295 0.06131774929579984
-0.6329932577401982 0.009073004373855666 0.06125685403145528
-0.6311117896404927 0.009091890968205426 0.06119613521493654
-0.6292338548162925 0.00911066867033272 0.06113559066318855
-0.6273594400219422 0.009129337861757834 0.06107521820486192
-0.6254885320861305 0.009147898919775963 0.06101501568015536
-0.6236211179113351 0.009166352217482567 0.06095498094065918
-0.6217571844732724 0.009184698123798315 0.06089511184920005
-0.6198967188203526 0.009202937003493626 0.06083540627968674
-0.6180397080731399 0.009221069217212811 0.0607758621169571
-0.616186139423817 0.009239095121497814 0.06071647725662599
-0.6143360001356555 0.00925701506881156 0.06065724960493438
-0.6124892775424908 0.009274829407560911 0.06059817707859944
-0.6106459590482016 0.009292538482119233 0.06053925760466565
-0.6088060321261944 0.009310142632848582 0.06048048912035691
-0.606969484318893 0.0093276421961215 0.06042186957292969
-0.605136303237232 0.009345037504342442 0.06036339691952708
-0.6033064765601558 0.009362328885968815 0.0603050691270338
-0.6014799920341215 0.009379516665531653 0.0602468841719322
-0.5996568374726064 0.009396601163655916 0.0601888400401591
-0.5978370007556204 0.009413582697080424 0.06013093472696355
-0.5960204698292226 0.009430461578677422 0.06007316623676551
-0.5942072327050417 0.009447238117471783 0.06001553258301528
-0.5923972774598023 0.009463912618659852 0.05995803178805391
-0.5905905922348532 0.009480485383627934 0.05990066188297432
-0.5887871652357025 0.009496956709970414 0.05984342090748328
-0.5869869847315547 0.009513326891507544 0.05978630690976419
-0.585190039054853 0.009529596218302859 0.05972931794634061
-0.5833963166008261 0.009545764976680252 0.05967245208194053
-0.5816058058270379 0.009561833449240709 0.05961570738936141
-0.5798184952529421 0.009577801914878682 0.05955908194933595
-0.5780343734594407 0.009593670648798139 0.05950257385039851
-0.576253429088446 0.009609439922528253 0.0594461811887523
-0.5744756508424467 0.009625110003938769 0.05938990206813715
-0.5727010274840782 0.009640681157255022 0.05933373459969804
-0.5709295478356961 0.009656153643072627 0.05927767690185418
-0.5691612007789541 0.009671527718371824 0.05922172710016877
-0.567395975254385 0.009686803636531508 0.05916588332721931
-0.5656338602609857 0.009701981647342911 0.0591101437224686
-0.5638748448558061 0.009717061997022963 0.05905450643213624
-0.5621189181535412 0.009732044928227328 0.05899896960907067
-0.5603660693261268 0.009746930680063103 0.05894353141262183
-0.5586162876023392 0.009761719488101207 0.05888819000851433
-0.5568695622673975 0.00977641158438843 0.05883294356872106
-0.5551258826625706 0.009791007197459171 0.0587777902713374
-0.5533852381847866 0.009805506552346853 0.05872272830045587
-0.5516476182862458 0.00981990987059501 0.05866775584604121
-0.5499130124740375 0.009834217370268067 0.05861287110380597
-0.5481814103097596 0.009848429265961791 0.05855807227508652
-0.5464528014091418 0.00986254576881343 0.05850335756671945
-0.544727175441672 0.009876567086511537 0.05844872519091843
-0.5430045221302258 0.009890493423305475 0.0583941733651514
-0.5412848312506992 0.009904324980014609 0.0583397003120182
-0.5395680926316447 0.009918061954037183 0.0582853042591285
-0.53785429615391 0.009931704539358889 0.05823098343898012
-0.5361434317502806 0.009945252926561114 0.05817673608883765
-0.5344354894051244 0.009958707302828883 0.05812256045061141
-0.5327304591540406 0.009972067851958489 0.05806845477073668
-0.5310283310835101 0.009985334754364808 0.05801441730005328
-0.5293290953305503 0.009998508187088308 0.0579604462936853
-0.5276327420823719 0.01001158832380175 0.05790654001092124
-0.5259392615760389 0.01002457533481656 0.05785269671509423
-0.5242486440981314 0.01003746938708893 0.05779891467346263
-0.5225608799844116 0.01005027064422557 0.05774519215709069
-0.5208759596194921 0.01006297926648916 0.05769152744072954
-0.5191938734365073 0.01007559541080353 0.05763791880269827
-0.5175146119167873 0.01008811923075847 0.05758436452476521
-0.515838165589535 0.01010055087661427 0.05753086289202934
-0.5141645250315053 0.01011289049530594 0.05747741219280188
-0.5124936808666877 0.01012513823044714 0.05742401071848792
-0.5108256237659907 0.01013729422233375 0.05737065676346826
-0.5091603444469295 0.0101493586079472 0.05731734862498124
-0.507497833673316 0.01016133152095743 0.05726408460300471
-0.5058380822549516 0.01017321309172556 0.05721086300013801
-0.5041810810473221 0.01018500344730627 0.05715768212148406
-0.5025268209512956 0.01019670271144983 0.05710454027453138
-0.5008752929128226 0.01020831100460385 0.05705143576903624
-0.4992264879226388 0.01021982844391471 0.05699836691690471
-0.49758039701597 0.01023125514322865 0.05694533203207475
-0.49593701127224 0.01024259121309261 0.05689232943039824
-0.4942963218147801 0.01025383676075466 0.05683935742952298
-0.4926583198105417 0.01026499189016423 0.05678641434877457
-0.491022996469811 0.01027605670197189 0.05673349850903834
-0.4893903430459257 0.01028703129352897 0.056680608232641
-0.4877603508349946 0.01029791575888671 0.05662774184323235
-0.4861330111756192 0.01030871018879517 0.05657489766566677
-0.4845083154486173 0.01031941467070185 0.05652207402588456
-0.4828862550767492 0.01033002928874988 0.05646926925079316
-0.4812668215244463 0.01034055412377603 0.05641648166814822
-0.4796500062975409 0.01035098925330823 0.05636370960643436
-0.4780358009429998 0.01036133475156294 0.05631095139474587
-0.4764241970486583 0.01037159068944205 0.05625820536266707
-0.4748151862429576 0.01038175713452953 0.05620546984015249
-0.4732087601946839 0.01039183415108773 0.05615274315740678
-0.4716049106127094 0.01040182180005333 0.05610002364476432
-0.4700036292457356 0.01041172013903301 0.05604730963256856
-0.4684049078820385 0.0104215292222987 0.05599459945105109
-0.4668087383492164 0.01043124910078258 0.05594189143021025
-0.4652151125139384 0.01044087982207169 0.05588918389968959
-0.4636240222816965 0.01045042143040221 0.0558364751886558
-0.4620354595965587 0.01045987396665342 0.05578376362567635
-0.4604494164409239 0.01046923746834125 0.05573104753859671
-0.4588658848352796 0.01047851196961157 0.05567832525441716
-0.4572848568379609 0.01048769750123309 0.05562559509916916
-0.4557063245449111 0.01049679409058988 0.05557285539779126
-0.4541302800894454 0.01050580176167358 0.05552010447400461
-0.4525567156420149 0.01051472053507522 0.05546734065018784
-0.4509856234099737 0.01052355042797674 0.05541456224725162
-0.4494169956373472 0.01053229145414207 0.0553617675845125
-0.4478508246046022 0.01054094362390787 0.0553089549795664
-0.4462871026284195 0.01054950694417397 0.05525612274816135
-0.444725822061467 0.01055798141839332 0.05520326920406981
-0.4431669752921759 0.01056636704656171 0.05515039265896024
-0.4416105547445177 0.01057466382520694 0.05509749142226821
-0.4400565528777834 0.0105828717473778 0.05504456380106671
-0.4385049621863646 0.01059099080263252 0.05499160809993586
-0.4369557751995352 0.0105990209770269 0.05493862262083203
-0.4354089844812365 0.01060696225310207 0.05488560566295606
-0.4338645826298624 0.01061481460987179 0.05483255552262095
-0.4323225622780471 0.01062257802280942 0.05477947049311865
-0.4307829160924543 0.01063025246383444 0.0547263488645862
-0.4292456367735678 0.01063783790129863 0.05467318892387103
-0.4277107170554841 0.01064533429997177 0.05461998895439539
-0.426178149705706 0.01065274162102696 0.05456674723602009
-0.4246479275249384 0.01066005982202558 0.05451346204490722
-0.4231200433468851 0.01066728885690169 0.05446013165338213
-0.421594490038048 0.0106744286759462 0.05440675432979443
-0.4200712604975265 0.01068147922579043 0.05435332833837804
-0.4185503476568199 0.01068844044938933 0.05429985193911041
-0.4170317444796298 0.01069531228600431 0.05424632338757062
-0.4155154439616658 0.01070209467118549 0.05419274093479659
-0.4140014391304508 0.01070878753675362 0.05413910282714121
-0.4124897230451288 0.01071539081078151 0.05408540730612748
-0.4109802887962745 0.01072190441757503 0.05403165260830247
-0.4094731295057032 0.01072832827765359 0.05397783696509032
-0.4079682383262829 0.0107346623077302 0.053923958602644
-0.4064656084417479 0.01074090642069106 0.053870015741696
-0.4049652330665133 0.01074706052557466 0.05381600659740779
-0.4034671054454913 0.0107531245275504 0.05376192937921807
-0.4019712188539086 0.01075909832789674 0.05370778229068988
-0.4004775665971253 0.01076498182397878 0.0536535635293563
-0.3989861420104553 0.01077077490922549 0.053599271286565
-0.3974969384589875 0.01077647747310626 0.0535449037473214
-0.3960099493374092 0.01078208940110709 0.05349045909013047
-0.39452516806983 0.01078761057470613 0.05343593548683724
-0.3930425881096072 0.01079304087134883 0.05338133110246578
-0.391562202939173 0.01079838016442243 0.05332664409505687
-0.3900840060698621 0.01080362832322998 0.0532718726155041
-0.3886079910417415 0.01080878521296385 0.05321701480738852
-0.3871341514234409 0.01081385069467859 0.05316206880681175
-0.3856624808119847 0.01081882462526331 0.05310703274222757
-0.3841929728326247 0.01082370685741346 0.05305190473427178
-0.382725621138675 0.01082849723960206 0.05299668289559059
-0.381260419411347 0.0108331956160503 0.05294136533066728
-0.3797973613595866 0.01083780182669762 0.05288595013564709
-0.3783364407199118 0.01084231570717112 0.05283043539816051
-0.3768776512562518 0.01084673708875442 0.05277481919714467
-0.3754209867597877 0.01085106579835588 0.05271909960266305
-0.3739664410487934 0.0108553016584762 0.05266327467572321
-0.3725140079684785 0.01085944448717538 0.05260734246809278
-0.371063681390832 0.01086349409803908 0.05255130102211339
-0.3696154552144672 0.01086745030014426 0.05249514837051277
-0.3681693233644675 0.01087131289802422 0.05243888253621476
-0.3667252797922338 0.01087508169163298 0.05238250153214732
-0.3652833184753326 0.0108787564763089 0.05232600336104848
-0.3638434334173449 0.01088233704273771 0.05226938601527012
-0.3624056186477174 0.01088582317691477 0.05221264747657961
-0.3609698682216132 0.01088921466010667 0.0521557857159593
-0.3595361762197646 0.0108925112688121 0.05209879869340363
-0.3581045367483268 0.01089571277472194 0.0520416843577141
-0.3566749439387324 0.0108988189446787 0.05198444064629177
-0.355247391947547 0.01090182954063511 0.05192706548492745
-0.3538218749563259 0.01090474431961205 0.05186955678758947
-0.3523983871714721 0.01090756303365559 0.05181191245620888
-0.3509769228240947 0.01091028542979336 0.05175413038046221
-0.3495574761698684 0.01091291124999001 0.0516962084375516
-0.348140041488895 0.01091544023110196 0.05163814449198236
-0.3467246130855643 0.01091787210483123 0.05157993639533776
-0.3453111852884173 0.01092020659767851 0.05152158198605117
-0.3438997524500096 0.01092244343089536 0.05146307908917536
-0.3424903089467759 0.01092458232043549 0.051404425516149
-0.3410828491788962 0.01092662297690522 0.05134561906456022
-0.3396773675701613 0.01092856510551306 0.05128665751790726
-0.3382738585678411 0.01093040840601834 0.05122753864535608
-0.3368723166425527 0.01093215257267889 0.05116826020149493
-0.3354727362881294 0.01093379729419791 0.05110881992608577
-0.3340751120214914 0.01093534225366972 0.05104921554381248
-0.3326794383825167 0.01093678712852469 0.0509894447640259
-0.3312857099339129 0.01093813159047307 0.05092950528048546
-0.3298939212610904 0.01093937530544792 0.0508693947710975
-0.3285040669720361 0.01094051793354692 0.05080911089765012
-0.327116141697188 0.01094155912897324 0.05074865130554452
-0.3257301400893108 0.01094249853997532 0.05068801362352278
-0.3243460568233724 0.01094333580878552 0.05062719546339193
-0.3229638865964207 0.01094407057155782 0.05056619441974445
-0.3215836241274623 0.01094470245830425 0.05050500806967477
-0.320205264157341 0.01094523109283033 0.05044363397249209
-0.3188288014486177 0.01094565609266929 0.05038206966942916
-0.3174542307854511 0.01094597706901516 0.05032031268334709
-0.3160815469734789 0.01094619362665462 0.05025836051843601
-0.3147107448397002 0.01094630536389772 0.05019621065991167
-0.3133418192323585 0.01094631187250731 0.05013386057370763
-0.3119747650208255 0.01094621273762726 0.05007130770616324
-0.3106095770954856 0.01094600753770938 0.05000854948370718
-0.3092462503676215 0.01094569584443906 0.04994558331253639
-0.3078847797693004 0.01094527722265959 0.04988240657829057
-0.3065251602532608 0.01094475123029516 0.04981901664572182
-0.3051673867928004 0.01094411741827242 0.04975541085835966
-0.3038114543816646 0.01094337533044075 0.04969158653817108
-0.3024573580339353 0.01094252450349105 0.04962754098521562
-0.3011050927839216 0.0109415644668731 0.04956327147729549
-0.2997546536860502 0.01094049474271148 0.04949877526960039
-0.2984060358147566 0.01093931484571992 0.04943404959434715
-0.2970592342643779 0.01093802428311425 0.04936909166041403
-0.2957142441490452 0.01093662255452367 0.04930389865296942
-0.2943710606025775 0.01093510915190052 0.04923846773309511
-0.2930296787783762 0.01093348355942841 0.04917279603740377
-0.2916900938493197 0.01093174525342876 0.04910688067765063
-0.2903523010076598 0.01092989370226555 0.0490407187403393
-0.2890162954649176 0.01092792836624853 0.04897430728632153
-0.2876820724517809 0.01092584869753455 0.04890764335039073
-0.2863496272180023 0.01092365414002721 0.04884072394086936
-0.2850189550322972 0.0109213441292747 0.0487735460391898
-0.2836900511822435 0.01091891809236574 0.04870610659946873
-0.282362910974181 0.01091637544782374 0.04863840254807484
-0.2810375297331123 0.01091371560549898 0.04857043078318975
-0.2797139028026041 0.01091093796645891 0.04850218817436203
-0.2783920255446883 0.01090804192287638 0.04843367156205403
-0.2770718933397654 0.01090502685791592 0.04836487775718169
-0.2757535015865071 0.01090189214561798 0.04829580354064679
-0.2744368457017603 0.01089863715078096 0.04822644566286183
-0.2731219211204512 0.01089526122884121 0.04815680084326721
-0.2718087232954908 0.01089176372575079 0.04808686576984057
-0.27049724769768 0.01088814397785298 0.04801663709859819
-0.2691874898156166 0.01088440131175562 0.04794611145308824
-0.2678794451556012 0.01088053504420196 0.04787528542387574
-0.2665731092415458 0.01087654448193932 0.04780415556801902
-0.2652684776148809 0.01087242892158522 0.04773271840853759
-0.2639655458344649 0.01086818764949109 0.04766097043387115
-0.2626643094764931 0.01086381994160347 0.04758890809732959
-0.2613647641344075 0.01085932506332264 0.04751652781653383
-0.2600669054188076 0.01085470226935863 0.04744382597284728
-0.2587707289573609 0.01084995080358454 0.04737079891079773
-0.2574762303947151 0.0108450698988872 0.04729744293748946
-0.2561834053924099 0.01084005877701496 0.04722375432200536
-0.2548922496287901 0.01083491664842273 0.04714972929479896
-0.2536027587989183 0.01082964271211405 0.04707536404707597
-0.2523149286144896 0.01082423615548023 0.04700065473016523
-0.2510287548037454 0.01081869615413648 0.04692559745487894
-0.2497442331113888 0.01081302187175491 0.04685018829086166
-0.2484613592984996 0.01080721245989446 0.04677442326592818
-0.2471801291424511 0.01080126705782755 0.04669829836538978
-0.245900538436826 0.01079518479236341 0.04662180953136873
-0.244622582991334 0.01078896477766819 0.04654495266210083
-0.2433462586317292 0.01078260611508149 0.04646772361122558
-0.2420715611997286 0.01077610789292948 0.04639011818706394
-0.2407984865529305 0.01076946918633442 0.04631213215188319
-0.2395270305647338 0.01076268905702051 0.04623376122114879
-0.2382571891242579 0.01075576655311607 0.04615500106276282
-0.2369889581362628 0.01074870070895178 0.04607584729628887
-0.2357223335210699 0.01074149054485517 0.04599629549216295
-0.2344573112144832 0.01073413506694099 0.04591634117089016
-0.2331938871677112 0.01072663326689764 0.04583597980222688
-0.2319320573472891 0.01071898412176932 0.04575520680434806
-0.2306718177350013 0.01071118659373398 0.04567401754299936
-0.2294131643278052 0.01070323962987697 0.0455924073306338
-0.228156093137754 0.01069514216196011 0.04551037142553258
-0.226900600191922 0.01068689310618635 0.04542790503090969
-0.2256466815323283 0.01067849136295973 0.045345003294
-0.2243943332158624 0.01066993581664056 0.04526166130513047
-0.2231435513142098 0.01066122533529576 0.04517787409677408
-0.2218943319137778 0.01065235877044426 0.04509363664258609
-0.2206466711156226 0.01064333495679727 0.04500894385642232
-0.2194005650353754 0.01063415271199338 0.04492379059133893
-0.2181560098031707 0.01062481083632828 0.04483817163857341
-0.2169130015635737 0.01061530811247916 0.0447520817265063
-0.2156715364755088 0.01060564330522339 0.04466551551960317
-0.2144316107121883 0.01059581516115161 0.04457846761733656
-0.2131932204610417 0.01058582240837495 0.04449093255308725
-0.2119563619236454 0.01057566375622627 0.04440290479302457
-0.2107210313156526 0.0105653378949553 0.04431437873496515
-0.2094872248667241 0.01055484349541756 0.04422534870720968
-0.2082549388204591 0.01054417920875683 0.04413580896735723
-0.2070241694343265 0.01053334366608109 0.04404575370109648
-0.2057949129795968 0.01052233547813175 0.04395517702097352
-0.2045671657412743 0.01051115323494601 0.04386407296513556
-0.20334092401803 0.01049979550551222 0.04377243549605001
-0.2021161841221342 0.01048826083741793 0.04368025849919847
-0.20089294237939 0.01047654775649073 0.04358753578174495
-0.1996711951290676 0.01046465476643136 0.04349426107117774
-0.1984509387238383 0.0104525803484392 0.04340042801392438
-0.1972321695297088 0.01044032296082979 0.04330603017393913
-0.1960148839259571 0.0104278810386442 0.04321106103126216
-0.1947990783050672 0.01041525299325012 0.04311551398055002
-0.1935847490726654 0.0104024372119344 0.04301938232957655
-0.1923718926474561 0.01038943205748684 0.04292265929770362
-0.191160505461159 0.01037623586777501 0.04282533801432099
-0.1899505839584457 0.01036284695530994 0.04272741151725464
-0.1887421245968774 0.01034926360680233 0.04262887275114268
-0.1875351238468421 0.01033548408270913 0.04252971456577822
-0.1863295781914934 0.01032150661677025 0.04242992971441837
-0.1851254841266889 0.01030732941553509 0.04232951085205865
-0.1839228381609285 0.01029295065787867 0.04222845053367184
-0.1827216368152944 0.0102783684945071 0.0421267412124106
-0.1815218766233903 0.01026358104745209 0.04202437523777295
-0.1803235541312816 0.01024858640955423 0.04192134485372971
-0.1791266658974354 0.01023338264393477 0.041817642196813
-0.1779312084926617 0.01021796778345554 0.04171325929416497
-0.176737178500054 0.01020233983016682 0.04160818806154567
-0.1755445725149309 0.01018649675474262 0.04150242030129926
-0.1743533871447778 0.01017043649590338 0.04139594770027743
-0.173163619009189 0.01015415695982536 0.04128876182771909
-0.1719752647398103 0.01013765601953675 0.0411808541330853
-0.1707883209802816 0.01012093151429983 0.04107221594384831
-0.1696027843861799 0.01010398124897898 0.04096283846323371
-0.1684186516249632 0.0100868029933942 0.04085271276791447
-0.1672359193759138 0.01006939448165952 0.04074182980565585
-0.1660545843300827 0.0100517534115062 0.04063018039290987
-0.164874643190234 0.01003387744359003 0.04051775521235823
-0.1636960926707897 0.01001576420078246 0.04040454481040249
-0.1625189294977749 0.009997411267445099 0.04029053959460006
-0.1613431504087629 0.00997881618868704 0.04017572983104501
-0.1601687521528213 0.009959976469604628 0.04006010564169202
-0.1589957314904579 0.00994088957450314 0.03994365700162252
-0.1578240851935672 0.00992155292609988 0.03982637373625125
-0.1566538100453768 0.009901963904708167 0.03970824551847213
-0.155484902840395 0.009882119847401685 0.03958926186574181
-0.1543173603843573 0.00986201804715863 0.03946941213709953
-0.1531511794941748 0.009841655751985088 0.0393486855301217
-0.1519863569978817 0.009821030164017049 0.03922707107780971
-0.1508228897345836 0.009800138438600443 0.03910455764540941
-0.1496607745544063 0.009778977683348572 0.03898113392716049
-0.148500008318444 0.009757544957176279 0.03885678844297445
-0.1473405878987091 0.009735837269310173 0.03873150953503905
-0.1461825101780814 0.009713851578274229 0.03860528536434792
-0.1450257720502577 0.009691584790850026 0.03847810390715331
-0.1438703704197019 0.009669033761010875 0.03834995295134036
-0.1427163022015952 0.009646195288829079 0.03822082009272101
-0.1415635643217869 0.009623066119355508 0.03809069273124572
-0.140412153716745 0.009599642941470681 0.03795955806713114
-0.1392620673335076 0.009575922386706479 0.03782740309690175
-0.1381133021296343 0.009551901028037621 0.03769421460934368
-0.1369658550731574 0.009527575378641977 0.03755997918136859
-0.1358197231425348 0.009502941890628764 0.03742468317378568
-0.1346749033266016 0.00947799695373366 0.03728831272697986
-0.1335313926245226 0.009452736893979792 0.03715085375649398
-0.1323891880457456 0.009427157972303565 0.03701229194851297
-0.131248286609954 0.009401256383144223 0.03687261275524808
-0.1301086853470204 0.009375028252996017 0.03673180139021879
-0.1289703812969601 0.009348469638921803 0.03658984282343052
-0.1278333715098849 0.009321576527026841 0.03644672177644588
-0.1266976530459575 0.009294344830891555 0.03630242271734748
-0.1255632229753457 0.009266770389961909 0.03615692985559003
-0.124430078378177 0.009238848967896069 0.03601022713673966
-0.1232982163444936 0.009210576250865919 0.03586229823709847
-0.1221676339742075 0.00918194784581197 0.03571312655821207
-0.1210383283770561 0.009152959278650141 0.0355626952212582
-0.1199102966725576 0.009123605992428825 0.03541098706131428
-0.118783535989967 0.009093883345434601 0.03525798462150207
-0.1176580434682325 0.009063786609244881 0.03510367014700747
-0.1165338162559515 0.009033310966725711 0.03494802557897364
-0.1154108515113277 0.009002451509972888 0.03479103254826567
-0.1142891464021277 0.008971203238194465 0.03463267236910524
-0.113168698105638 0.008939561055532645 0.03447292603257373
-0.1120495038086229 0.008907519768822983 0.03431177419998236
-0.1109315607072817 0.008875074085288735 0.03414919719610826
-0.1098148660072066 0.008842218610168079 0.03398517500229534
-0.1086994169233409 0.008808947844271881 0.03381968724941928
-0.1075852106799374 0.008775256181469535 0.03365271321071605
-0.1064722445105168 0.008741137906100321 0.03348423179447364
-0.1053605156578263 0.008706587190307636 0.03331422153658722
-0.1042500213737991 0.008671598091293278 0.03314266059297798
-0.1031407589195134 0.008636164548488919 0.03296952673187665
-0.1020327255651516 0.008600280380641694 0.03279479732597298
-0.1009259185899606 0.00856393928281077 0.03261844934443294
-0.09982033528221093 0.008527134823271543 0.03244045934478618
-0.09871597293915772 0.008489860440324037 0.03226080346468691
-0.09761282886700045 0.008452109439001833 0.03207945741355188
-0.09651090038084376 0.008413874987677769 0.03189639646408041
-0.09541018480465822 0.008375150114562396 0.03171159544366194
-0.09431067947124133 0.008335927704091046 0.03152502872567801
-0.09321238172217873 0.008296200493195109 0.03133667022070647
-0.09211528890780566 0.008255961067452952 0.03114649336763727
-0.09101939838716858 0.008215201857115633 0.0309544711247106
-0.08992470752798704 0.008173915133002353 0.03076057596048989
-0.08883121370661574 0.008132093002260311 0.03056477984478394
-0.08773891430800678 0.008089727403983336 0.03036705423953481
-0.0866478067256722 0.00804681010468341 0.03016737008969024
-0.08555788836164659 0.008003332693608814 0.02996569781408214
-0.08446915662645 0.007959286577902338 0.0297620072963358
-0.08338160893905106 0.007914662977592605 0.02955626787583751
-0.08229524272683021 0.007869452920411152 0.02934844833879253
-0.08121005542554322 0.007823647236427488 0.02913851690940898
-0.08012604447928489 0.007777236552493907 0.02892644124124865
-0.07904320734045289 0.007730211286491282 0.02871218840879045
-0.07796154146971186 0.007682561641366588 0.02849572489925877
-0.07688104433595767 0.007634277598952251 0.02827701660477531
-0.0758017134162819 0.007585348913556819 0.02805602881490106
-0.07472354619593648 0.007535765105315744 0.02783272620964332
-0.07364654016829853 0.007485515453290283 0.02760707285301253
-0.07257069283483543 0.007434588988301712 0.02737903218722465
-0.07149600170506998 0.00738297448548712 0.02714856702765724
-0.07042246429654587 0.007330660456562043 0.02691563955868123
-0.06935007813479323 0.007277635141774086 0.02668021133050659
-0.06827884075329443 0.007223886501530454 0.02644224325719774
-0.06720874969345005 0.007169402207680945 0.02620169561603527
-0.066139802504545 0.007114169634436453 0.0259585280484236
-0.06507199674371486 0.007058175848901339 0.02571269956257077
-0.06400532997591238 0.007001407601196131 0.02546416853819654
-0.06293979977387414 0.006943851314144931 0.02521289273355935
-0.06187540371808747 0.006885493072499486 0.02495882929513214
-0.06081213939675742 0.006826318611669244 0.02470193477030154
-0.05975000440577399 0.006766313305923658 0.02444216512351681
-0.05868899634867956 0.006705462156029566 0.02417947575637357
-0.05762911283663636 0.006643749776282542 0.02391382153218551
-0.0565703514883943 0.006581160380886667 0.0236451568056751
-0.05551270993025878 0.006517677769631977 0.02337343545850453
-0.05445618579605881 0.006453285312812979 0.02309861094147224
-0.05340077672711525 0.006387965935324756 0.02282063632432048
-0.05234648037220919 0.006321702099865275 0.02253946435423921
-0.05129329438755053 0.006254475789163289 0.02225504752431371
-0.05024121643674675 0.006186268487140421 0.02196733815335192
-0.04919024419077174 0.006117061158903401 0.02167628847874762
-0.04814037532793494 0.006046834229447512 0.02138185076429275
-0.04709160753385053 0.005975567560934665 0.02108397742515333
-0.0460439385014068 0.005903240428388604 0.02078262117257694
-0.04499736593073577 0.005829831493624733 0.02047773518131509
-0.04395188752918279 0.005755318777202118 0.02016927328323429
-0.04290750101127651 0.005679679628149123 0.01985719019116786
-0.04186420409869883 0.005602890691170508 0.01954144175774627
-0.04082199452025513 0.005524927870990705 0.01922198527475689
-0.03978087001184456 0.00544576629342314 0.01889877981955137
-0.03874082831643056 0.005365380262675686 0.01857178665617186
-0.0377018671840115 0.005283743214303889 0.01824096970024489
-0.03666398437159144 0.005200827663101167 0.01790629605834084
-0.03562717764315113 0.005116605145062211 0.01756773665447513
-0.03459144476961906 0.005031046152363417 0.01722526695880487
-0.03355678352884273 0.004944120060060613 0.0168788678364367
-0.03252319170556004 0.004855795042893964 0.01652852653771137
-0.03149066709137082 0.004766037980191575 0.01617423785549266
-0.03045920748470855 0.004674814346348132 0.0158160054800121
-0.02942881069081214 0.004582088083683534 0.01545384358788172
-0.02839947452169798 0.004487821453604041 0.01508777870918951
-0.02737119679613199 0.004391974860818448 0.01471785192536486
-0.02634397533960195 0.004294506643795875 0.01434412146098906
-0.02531780798428988 0.004195372822534831 0.01396666574516417
-0.02429269256904457 0.00409452679182074 0.01358558703262299
-0.02326862693935431 0.003991918944151572 0.0132010156914924
-0.02224560894731972 0.003887496200918009 0.01281311528321993
-0.02122363645162667 0.00378120142249464 0.01242208857971125
-0.02020270731751945 0.003672972656493625 0.01202818468107274
-0.01918281941677397 0.00356274216677236 0.0116317074101644
-0.01816397062767116 0.003450435161035679 0.01123302515906178
-0.0171461588349705 0.003335968097414014 0.01083258233180411
-0.01612938192988363 0.003219246392542072 0.01043091243847604
-0.01511363781004817 0.003100161262269174 0.01002865269443718
-0.01409892437950164 0.002978585278114072 0.009626559567133822
-0.01308523954865547 0.002854365976067064 0.009225523908645043
-0.01207258123426924 0.002727316430704644 0.008826582769600542
-0.01106094735942494 0.002597200953127316 0.008430922041575877
-0.01005033585350144 0.002463712671644871 0.008039858386862219
-0.009040744652149062 0.002326437032115958 0.007654777703744066
-0.008032171697264259 0.002184789659178381 0.007276984486831794
-0.00702461493696446 0.002037904731549948 0.006907367193058565
-0.006018072325563016 0.001884420787946925 0.006545670592533852
-0.005012541823544282 0.00172203402053161 0.006188873390779239
-0.004008021397538818 0.001546459396356785 0.005827310173638302
-0.003004509020298722 0.001348623818677256 0.005434154155744119
-0.002002002670673077 0.001105191534197176 0.004930150677103331
-0.001000500333583534 0.0007318476428390041 0.004011387718981663
-0.1053605156578263 0.008706587190307635 0.03331422153658722
-0.01005033585350145 0.002463712671644872 0.008039858386862223
-0.001000500333583534 0.0007318476428390045 0.004011387718981664
-0.0001000050003333473 -0.0002119698378252836 0.0010866679768022
-1.000005000028783e-05 -0.0003912945815226407 0.0004296027410538991
-1.000000500029089e-06 -0.0003208354074052369 0.0001799676185399527
-1.000000049473647e-07 -0.0002831852555773702 0.000109256159859439
-1.000000010024759e-08 -0.0002843058950910142 6.493450043264461e-05
-9.999999722180685e-10 -0.000321473890301636 3.680399776839221e-05
&