@type xydy
0 -106.6922493813718 853.4095847630781
0.001 -0.4725121998402691 2.228887385653866
0.002 -0.3320994366438278 1.304721327559945
0.003 -0.2805448525612342 1.011625301625646
0.004 -0.2535283922045736 0.8802501727169592
0.005 -0.2367489550796966 0.8092280892185403
0.006 -0.2252158215995739 0.7654429821182908
0.007 -0.2167323119121125 0.7355740668892954
0.008 -0.2101803997034802 0.7134952903360184
0.009 -0.2049309136299844 0.6961017230368108
0.01 -0.2006025928099833 0.6816968672337194
0.011 -0.1969508668269245 0.6692961556084996
0.012 -0.1938115852596656 0.658299064806927
0.013 -0.1910704329267975 0.6483236488896146
0.014 -0.1886453188823396 0.6391180936764564
0.015 -0.1864757424006222 0.6305110919334731
0.016 -0.1845161107991865 0.6223828215333244
0.017 -0.1827313955776377 0.6146473530300878
0.018 -0.1810942247717961 0.6072416460580261
0.019 -0.1795828863923572 0.6001184741374785
0.02 -0.1781799263648478 0.5932417624157162
0.021 -0.1768711441672575 0.5865834472592338
0.022 -0.1756448604597294 0.5801213187158908
0.023 -0.1744913744511527 0.5738375114552307
0.024 -0.1734025560014256 0.5677174319175391
0.025 -0.172371534956994 0.561748984095207
0.026 -0.1713924616922926 0.5559220030760103
0.027 -0.1704603205000821 0.5502278352790948
0.028 -0.1695707826912554 0.5446590236843132
0.029 -0.1687200898710499 0.5392090691612901
0.03 -0.1679049603882709 0.5338722476045535
0.031 -0.167122513752805 0.5286434684410161
0.032 -0.166370209111788 0.5235181641231902
0.033 -0.1656457948182336 0.5184922030518667
0.034 -0.1649472668207058 0.5135618203746929
0.035 -0.1642728341194876 0.5087235625397617
0.036 -0.1636208899228786 0.5039742425187774
0.037 -0.1629899874313953 0.499310903369978
0.038 -0.1623788194023904 0.4947307883674211
0.039 -0.1617862008206959 0.4902313163365067
0.04 -0.1612110541351806 0.4858100611450387
0.041 -0.1606523966260348 0.4814647345325923
0.042 -0.1601093295501167 0.4771931716383812
0.043 -0.1595810287770106 0.4729933187235967
0.044 -0.1590667366804477 0.4688632226887785
0.045 -0.158565755091386 0.4648010220678427
0.046 -0.1580774391525636 0.460804939243605
0.047 -0.1576011919414747 0.4568732736792117
0.048 -0.1571364597507717 0.4530043959989794
0.049 -0.1566827279331261 0.4491967427831317
0.05 -0.1562395172323683 0.4454488119656052
0.051 -0.1558063805349218 0.4417591587438617
0.052 -0.1553828999856343 0.4381263919255406
0.053 -0.1549686844204931 0.4345491706496264
0.054 -0.1545633670757034 0.4310262014302322
0.055 -0.1541666035384618 0.4275562354795945
0.056 -0.153778069909671 0.4241380662738238
0.057 -0.1533974611529892 0.420770527330672
0.058 -0.1530244896081056 0.4174524901732845
0.059 -0.1526588836491103 0.4141828624578085
0.06 -0.1523003864713521 0.410960586245971
0.061 -0.1519487549923347 0.4077846364064442
0.062 -0.1516037588540487 0.4046540191310786
0.063 -0.1512651795157195 0.4015677705539892
0.064 -0.1509328094273128 0.398524955463079
0.065 -0.150606451275316 0.3955246660949436
0.066 -0.1502859172933261 0.3925660210052494
0.067 -0.1499710286308584 0.3896481640076585
0.068 -0.1496616147745519 0.3867702631752101
0.069 -0.1493575130166137 0.3839315098987841
0.07 -0.1490585679659255 0.3811311179978934
0.071 -0.1487646310977429 0.3783683228795764
0.072 -0.1484755603383618 0.3756423807416279
0.073 -0.148191219681518 0.3729525678168017
0.074 -0.1479114788336278 0.3702981796549666
0.075 -0.1476362128852818 0.3676785304405007
0.076 -0.1473653020066693 0.365092952342476
0.077 -0.1470986311648478 0.3625407948954145
0.078 -0.1468360898609817 0.3600214244086083
0.079 -0.1465775718858587 0.3575342234021713
0.08 -0.1463229750921595 0.3550785900681557
0.081 -0.1460722011820998 0.3526539377552062
0.082 -0.1458251555092003 0.3502596944753542
0.083 -0.1455817468930503 0.3478953024316647
0.084 -0.1453418874460424 0.3455602175655542
0.085 -0.1451054924111432 0.3432539091226863
0.086 -0.1448724800098537 0.3409758592364336
0.087 -0.1446427712995866 0.3387255625279714
0.088 -0.1444162900397549 0.3365025257221334
0.089 -0.14419296256593 0.3343062672782198
0.09 -0.1439727176714795 0.3321363170350064
0.091 -0.1437554864961474 0.3299922158692508
0.092 -0.1435412024210838 0.3278735153670382
0.093 -0.14332980096987 0.3257797775073535
0.094 -0.1431212197151255 0.3237105743573007
0.095 -0.1429153981903135 0.3216654877784318
0.096 -0.1427122778063947 0.3196441091436723
0.097 -0.1425118017730048 0.3176460390643693
0.098 -0.1423139150238574 0.3156708871270071
0.099 -0.1421185641460975 0.3137182716391686
0.1 -0.1419256973133504 0.3117878193843379
0.101 -0.1417352642222313 0.3098791653851665
0.102 -0.1415472160320979 0.3079919526748441
0.103 -0.141361505307843 0.3061258320762327
0.104 -0.1411780859655431 0.3042804619884428
0.105 -0.1409969132207858 0.302455508180547
0.106 -0.1408179435395177 0.3006506435921387
0.107 -0.1406411345912622 0.298865548140463
0.108 -0.140466445204567 0.2970999085338559
0.109 -0.1402938353245532 0.2953534180912437
0.11 -0.1401232659724438 0.2936257765674657
0.111 -0.1399546992069601 0.2919166899841933
0.112 -0.1397880980874798 0.290225870466232
0.113 -0.1396234266388591 0.2885530360829989
0.114 -0.1394606498178282 0.2868979106949818
0.115 -0.1392997334808721 0.2852602238049924
0.116 -0.1391406443535185 0.2836397104140349
0.117 -0.138983350000957 0.282036110881619
0.118 -0.1388278187999184 0.280449170790356
0.119 -0.1386740199117498 0.2788786408146803
0.12 -0.138521923256622 0.2773242765935475
0.121 -0.1383714994888112 0.2757858386069677
0.122 -0.1382227199730015 0.2742630920562349
0.123 -0.138075556761556 0.2727558067477242
0.124 -0.1379299825727075 0.2712637569801287
0.125 -0.1377859707696253 0.2697867214350183
0.126 -0.1376434953403136 0.2683244830706027
0.127 -0.137502530878301 0.2668768290185899
0.128 -0.1373630525640853 0.2654435504840327
0.129 -0.1372250361472948 0.2640244426480622
0.13 -0.1370884579295347 0.2626193045734091
0.131 -0.1369532947478845 0.2612279391126211
0.132 -0.1368195239590185 0.2598501528188833
0.133 -0.1366871234239187 0.258485755859357
0.134 -0.1365560714931547 0.2571345619309529
0.135 -0.1364263469927035 0.2557963881784574
0.136 -0.1362979292102874 0.2544710551149366
0.137 -0.136170797882204 0.2531583865443427
0.138 -0.1360449331806293 0.2518582094862515
0.139 -0.1359203157013715 0.2505703541026623
0.14 -0.1357969264520577 0.2492946536267951
0.141 -0.1356747468407327 0.2480309442938188
0.142 -0.1355537586648546 0.2467790652734521
0.143 -0.135433944100669 0.2455388586043762
0.144 -0.135315285692947 0.2443101691304022
0.145 -0.1351977663450705 0.2430928444383391
0.146 -0.1350813693094522 0.2418867347975099
0.147 -0.134966078178275 0.2406916931008626
0.148 -0.1348518768745397 0.2395075748076297
0.149 -0.134738749643406 0.2383342378874868
0.15 -0.1346266810438181 0.2371715427661652
0.151 -0.1345156559404012 0.236019352272474
0.152 -0.1344056594956193 0.23487753158669
0.153 -0.1342966771621843 0.2337459481902726
0.154 -0.134188694675706 0.2326244718168658
0.155 -0.1340816980475742 0.2315129744045476
0.156 -0.133975673558064 0.2304113300492899
0.157 -0.1338706077496554 0.2293194149595942
0.158 -0.1337664874205597 0.228237107412267
0.159 -0.1336632996184446 0.2271642877093024
0.16 -0.1335610316343512 0.2261008381358398
0.161 -0.1334596709967946 0.2250466429191645
0.162 -0.1333592054660428 0.2240015881887219
0.163 -0.1332596230285663 0.2229655619371161
0.164 -0.1331609118916534 0.2219384539820639
0.165 -0.1330630604781834 0.2209201559292779
0.166 -0.1329660574215549 0.2199105611362517
0.167 -0.13286989156076 0.2189095646769216
0.168 -0.1327745519356032 0.2179170633071807
0.169 -0.1326800277820571 0.2169329554312209
0.17 -0.1325863085277509 0.2159571410686794
0.171 -0.1324933837875879 0.2149895218225686
0.172 -0.1324012433594872 0.214030000847966
0.173 -0.1323098772202439 0.2130784828214446
0.174 -0.1322192755215067 0.2121348739112219
0.175 -0.1321294285858662 0.2111990817480098
0.176 -0.1320403269030516 0.2102710153965441
0.177 -0.131951961126232 0.209350585327777
0.178 -0.1318643220684191 0.2084377033917133
0.179 -0.1317774006989667 0.2075322827908734
0.18 -0.1316911881401655 0.2066342380543675
0.181 -0.1316056756639294 0.2057434850125619
0.182 -0.13152085468857 0.2048599407723242
0.183 -0.1314367167756567 0.2039835236928313
0.184 -0.1313532536269606 0.203114153361924
0.185 -0.1312704570814773 0.2022517505729963
0.186 -0.131188319112529 0.2013962373024027
0.187 -0.1311068318249412 0.2005475366873723
0.188 -0.131025987452292 0.1997055730044146
0.189 -0.1309457783542334 0.1988702716482055
0.19 -0.1308661970138799 0.1980415591109409
0.191 -0.1307872360352644 0.1972193629621449
0.192 -0.1307088881408581 0.1964036118289224
0.193 -0.1306311461691534 0.1955942353766438
0.194 -0.1305540030723064 0.1947911642900509
0.195 -0.1304774519138398 0.1939943302547736
0.196 -0.1304014858664009 0.1932036659392463
0.197 -0.1303260982095769 0.1924191049770158
0.198 -0.1302512823277622 0.1916405819494279
0.199 -0.1301770317080791 0.1908680323686863
0.2 -0.1301033399383484 0.1901013926612721
0.201 -0.1300302007051095 0.1893406001517167
0.202 -0.1299576077916879 0.1885855930467181
0.203 -0.1298855550763095 0.1878363104195932
0.204 -0.1298140365302593 0.1870926921950567
0.205 -0.1297430462160846 0.1863546791343198
0.206 -0.12967257828584 0.1856222128204999
0.207 -0.1296026269793742 0.1848952356443344
0.208 -0.1295331866226567 0.1841736907901909
0.209 -0.1294642516261435 0.1834575222223669
0.21 -0.1293958164831809 0.1827466746716714
0.211 -0.1293278757684461 0.1820410936222832
0.212 -0.1292604241364235 0.1813407252988768
0.213 -0.1291934563199164 0.1806455166540122
0.214 -0.1291269671285922 0.1799554153557802
0.215 -0.1290609514475606 0.1792703697756989
0.216 -0.1289954042359841 0.1785903289768538
0.217 -0.1289303205257198 0.1779152427022769
0.218 -0.1288656954199916 0.1772450613635595
0.219 -0.1288015240920919 0.1765797360296918
0.22 -0.1287378017841122 0.1759192184161254
0.221 -0.1286745238057016 0.1752634608740529
0.222 -0.1286116855328535 0.1746124163798999
0.223 -0.1285492824067171 0.1739660385250239
0.224 -0.1284873099324372 0.1733242815056166
0.225 -0.1284257636780169 0.1726871001128028
0.226 -0.1283646392732068 0.1720544497229346
0.227 -0.128303932408417 0.1714262862880727
0.228 -0.1282436388336529 0.1708025663266539
0.229 -0.1281837543574739 0.1701832469143385
0.23 -0.1281242748459736 0.1695682856750345
0.231 -0.1280651962217825 0.1689576407720941
0.232 -0.1280065144630915 0.1683512708996794
0.233 -0.1279482256026953 0.1677491352742925
0.234 -0.1278903257270569 0.1671511936264673
0.235 -0.1278328109753906 0.1665574061926187
0.236 -0.1277756775387652 0.1659677337070465
0.237 -0.1277189216592244 0.1653821373940897
0.238 -0.1276625396289269 0.1648005789604285
0.239 -0.1276065277893027 0.1642230205875305
0.24 -0.1275508825302275 0.1636494249242386
0.241 -0.127495600289214 0.1630797550794963
0.242 -0.1274406775506193 0.1625139746152084
0.243 -0.1273861108448682 0.161952047539234
0.244 -0.1273318967476927 0.1613939382985088
0.245 -0.1272780318793862 0.1608396117722938
0.246 -0.1272245129040733 0.1602890332655481
0.247 -0.1271713365289933 0.1597421685024228
0.248 -0.1271184995037986 0.1591989836198734
0.249 -0.1270659986198667 0.1586594451613889
0.25 -0.127013830709626 0.1581235200708338
0.251 -0.1269619926458943 0.1575911756864018
0.252 -0.126910481341231 0.1570623797346786
0.253 -0.1268592937473013 0.1565371003248109
0.254 -0.1268084268542532 0.1560153059427803
0.255 -0.126757877690106 0.1554969654457792
0.256 -0.1267076433201514 0.1549820480566868
0.257 -0.1266577208463654 0.1544705233586433
0.258 -0.1266081074068317 0.1539623612897201
0.259 -0.1265588001751762 0.153457532137684
0.26 -0.1265097963600124 0.1529560065348538
0.261 -0.1264610932043967 0.1524577554530466
0.262 -0.1264126879852947 0.1519627501986131
0.263 -0.126364578013057 0.1514709624075592
0.264 -0.1263167606309054 0.1509823640407523
0.265 -0.1262692332144278 0.1504969273792113
0.266 -0.1262219931710838 0.1500146250194776
0.267 -0.1261750379397182 0.1495354298690657
0.268 -0.1261283649900841 0.149059315141993
0.269 -0.1260819718223751 0.1485862543543849
0.27 -0.1260358559667655 0.1481162213201562
0.271 -0.1259900149829591 0.1476491901467657
0.272 -0.1259444464597463 0.1471851352310426
0.273 -0.1258991480145695 0.1467240312550847
0.274 -0.125854117293096 0.1462658531822243
0.275 -0.1258093519687986 0.145810576253064
0.276 -0.1257648497425441 0.1453581759815777
0.277 -0.1257206083421892 0.1449086281512777
0.278 -0.1256766255221829 0.1444619088114455
0.279 -0.1256328990631769 0.144017994273426
0.28 -0.1255894267716425 0.1435768611069825
0.281 -0.1255462064794944 0.1431384861367126
0.282 -0.125503236043721 0.1427028464385238
0.283 -0.1254605133460213 0.1422699193361664
0.284 -0.1254180362924482 0.1418396823978236
0.285 -0.1253758028130581 0.1414121134327581
0.286 -0.1253338108615664 0.140987190488013
0.287 -0.1252920584150093 0.1405648918451666
0.288 -0.1252505434734111 0.1401451960171401
0.289 -0.1252092640594576 0.1397280817450569
0.29 -0.1251682182181748 0.1393135279951534
0.291 -0.1251274040166135 0.1389015139557383
0.292 -0.1250868195435389 0.1384920190342023
0.293 -0.1250464629091259 0.138085022854075
0.294 -0.1250063322446592 0.137680505252129
0.295 -0.1249664257022384 0.1372784462755303
0.296 -0.1249267414544892 0.136878826179034
0.297 -0.1248872776942776 0.136481625422225
0.298 -0.1248480326344307 0.1360868246668016
0.299 -0.1248090045074609 0.1356944047739027
0.3 -0.1247701915652957 0.1353043468014767
0.301 -0.1247315920790109 0.1349166320016922
0.302 -0.1246932043385696 0.1345312418183887
0.303 -0.1246550266525642 0.1341481578845677
0.304 -0.1246170573479633 0.1337673620199223
0.305 -0.1245792947698631 0.1333888362284064
0.306 -0.124541737281242 0.1330125626958399
0.307 -0.1245043832627203 0.1326385237875525
0.308 -0.1244672311123225 0.1322667020460631
0.309 -0.1244302792452448 0.1318970801887949
0.31 -0.1243935260936255 0.1315296411058261
0.311 -0.1243569701063196 0.1311643678576745
0.312 -0.1243206097486765 0.1308012436731161
0.313 -0.124284443502322 0.1304402519470371
0.314 -0.1242484698649431 0.1300813762383186
0.315 -0.1242126873500769 0.1297246002677529
0.316 -0.1241770944869021 0.129369907915992
0.317 -0.1241416898200345 0.1290172832215263
0.318 -0.1241064719093257 0.1286667103786945
0.319 -0.1240714393296641 0.1283181737357228
0.32 -0.1240365906707806 0.1279716577927934
0.321 -0.1240019245370558 0.1276271472001424
0.322 -0.1239674395473311 0.1272846267561859
0.323 -0.1239331343347228 0.126944081405673
0.324 -0.1238990075464386 0.1266054962378679
0.325 -0.1238650578435971 0.1262688564847571
0.326 -0.1238312839010508 0.1259341475192846
0.327 -0.1237976844072104 0.1256013548536117
0.328 -0.1237642580638736 0.1252704641374034
0.329 -0.1237310035860549 0.1249414611561394
0.33 -0.1236979197018192 0.1246143318294497
0.331 -0.1236650051521171 0.124289062209475
0.332 -0.1236322586906236 0.12396563847925
0.333 -0.123599679083578 0.1236440469511109
0.334 -0.1235672651096279 0.1233242740651261
0.335 -0.1235350155596739 0.1230063063875483
0.336 -0.1235029292367178 0.1226901306092908
0.337 -0.1234710049557127 0.1223757335444237
0.338 -0.123439241543415 0.1220631021286931
0.339 -0.1234076378382396 0.1217522234180607
0.34 -0.1233761926901158 0.1214430845872646
0.341 -0.123344904960347 0.1211356729284002
0.342 -0.1233137735214712 0.1208299758495217
0.343 -0.1232827972571243 0.1205259808732629
0.344 -0.1232519750619048 0.1202236756354778
0.345 -0.1232213058412414 0.1199230478839006
0.346 -0.1231907885112616 0.1196240854768234
0.347 -0.1231604219986629 0.1193267763817941
0.348 -0.1231302052405855 0.1190311086743311
0.349 -0.1231001371844872 0.1187370705366566
0.35 -0.1230702167880198 0.1184446502564475
0.351 -0.1230404430189073 0.1181538362256036
0.352 -0.1230108148548263 0.1178646169390325
0.353 -0.1229813312832878 0.1175769809934519
0.354 -0.1229519913015204 0.117290917086208
0.355 -0.1229227939163561 0.1170064140141104
0.356 -0.1228937381441166 0.1167234606722826
0.357 -0.1228648230105023 0.1164420460530289
0.358 -0.1228360475504819 0.1161621592447158
0.359 -0.1228074108081847 0.11588378943067
0.36 -0.122778911836793 0.1156069258880898
0.361 -0.1227505496984376 0.1153315579869726
0.362 -0.1227223234640938 0.115057675189056
0.363 -0.1226942322134786 0.1147852670467739
0.364 -0.1226662750349505 0.1145143232022261
0.365 -0.1226384510254098 0.1142448333861621
0.366 -0.1226107592902005 0.1139767874169781
0.367 -0.1225831989430136 0.1137101751997282
0.368 -0.1225557691057918 0.1134449867251476
0.369 -0.1225284689086358 0.1131812120686902
0.37 -0.1225012974897111 0.1129188413895778
0.371 -0.1224742539951569 0.1126578649298624
0.372 -0.1224473375789961 0.112398273013501
0.373 -0.1224205474030462 0.1121400560454423
0.374 -0.1223938826368316 0.1118832045107257
0.375 -0.1223673424574974 0.1116277089735919
0.376 -0.1223409260497238 0.1113735600766053
0.377 -0.1223146326056424 0.1111207485397874
0.378 -0.1222884613247528 0.1108692651597626
0.379 -0.1222624114138413 0.1106191008089137
0.38 -0.1222364820868997 0.1103702464345495
0.381 -0.1222106725650461 0.1101226930580822
0.382 -0.1221849820764461 0.1098764317742166
0.383 -0.1221594098562355 0.1096314537501485
0.384 -0.1221339551464438 0.1093877502247741
0.385 -0.1221086171959188 0.1091453125079096
0.386 -0.1220833952602522 0.1089041319795203
0.387 -0.1220582886017065 0.1086642000889599
0.388 -0.1220332964891422 0.1084255083542195
0.389 -0.1220084181979466 0.1081880483611859
0.39 -0.1219836530099633 0.1079518117629094
0.391 -0.1219590002134226 0.1077167902788809
0.392 -0.1219344591028729 0.107482975694318
0.393 -0.1219100289791133 0.1072503598594604
0.394 -0.121885709149126 0.1070189346888736
0.395 -0.1218614989260112 0.1067886921607617
0.396 -0.1218373976289218 0.1065596243162887
0.397 -0.1218134045829988 0.1063317232589084
0.398 -0.1217895191193084 0.1061049811537022
0.399 -0.1217657405747793 0.1058793902267254
0.4 -0.121742068292141 0.1056549427643619
0.401 -0.1217185016198626 0.1054316311126858
0.402 -0.1216950399120934 0.1052094476768325
0.403 -0.1216716825286026 0.1049883849203759
0.404 -0.1216484288347215 0.1047684353647141
0.405 -0.1216252782012854 0.1045495915884624
0.406 -0.1216022300045764 0.104331846226854
0.407 -0.1215792836262673 0.1041151919711471
0.408 -0.1215564384533657 0.1038996215680404
0.409 -0.1215336938781596 0.1036851278190947
0.41 -0.1215110492981627 0.1034717035801619
0.411 -0.121488504116061 0.103259341760821
0.412 -0.1214660577396602 0.1030480353238203
0.413 -0.1214437095818335 0.102837777284527
0.414 -0.1214214590604699 0.1026285607103828
0.415 -0.1213993055984237 0.1024203787203664
0.416 -0.1213772486234639 0.1022132244844619
0.417 -0.1213552875682251 0.1020070912231344
0.418 -0.1213334218701584 0.1018019722068103
0.419 -0.1213116509714829 0.1015978607553655
0.42 -0.1212899743191383 0.1013947502376183
0.421 -0.1212683913647376 0.1011926340708286
0.422 -0.1212469015645208 0.1009915057202035
0.423 -0.1212255043793086 0.1007913586984078
0.424 -0.1212041992744576 0.1005921865650807
0.425 -0.121182985719815 0.1003939829263582
0.426 -0.1211618631896747 0.1001967414344008
0.427 -0.1211408311627335 0.1000004557869266
0.428 -0.1211198891220479 0.09980511972674986
0.429 -0.1210990365549917 0.09961072704132521
0.43 -0.1210782729532137 0.09941727156229638
0.431 -0.1210575978125964 0.09922474716505061
0.432 -0.1210370106332148 0.09903314776827801
0.433 -0.1210165109192958 0.09884246733353587
0.434 -0.1209960981791783 0.0986526998648179
0.435 -0.1209757719252737 0.09846383940812842
0.436 -0.1209555316740268 0.09827588005106123
0.437 -0.1209353769458771 0.09808881592238334
0.438 -0.1209153072652208 0.09790264119162324
0.439 -0.1208953221603733 0.09771735006866381
0.44 -0.1208754211635317 0.09753293680333983
0.441 -0.1208556038107383 0.09734939568503982
0.442 -0.1208358696418444 0.09716672104231242
0.443 -0.1208162182004743 0.09698490724247702
0.444 -0.1207966490339898 0.09680394869123875
0.445 -0.1207771616934556 0.09662383983230758
0.446 -0.1207577557336042 0.09644457514702175
0.447 -0.1207384307128025 0.09626614915397511
0.448 -0.1207191861930172 0.09608855640864871
0.449 -0.1207000217397824 0.09591179150304618
0.45 -0.1206809369221659 0.09573584906533324
0.451 -0.1206619313127373 0.09556072375948094
0.452 -0.1206430044875354 0.0953864102849128
0.453 -0.1206241560260368 0.09521290337615572
0.454 -0.1206053855111244 0.09504019780249458
0.455 -0.1205866925290563 0.09486828836763055
0.456 -0.1205680766694355 0.094697169909343
0.457 -0.1205495375251794 0.09452683729915497
0.458 -0.12053107469249 0.09435728544200214
0.459 -0.1205126877708243 0.09418850927590536
0.46 -0.1204943763628654 0.09402050377164646
0.461 -0.1204761400744932 0.09385326393244756
0.462 -0.1204579785147564 0.09368678479365366
0.463 -0.120439891295844 0.09352106142241847
0.464 -0.1204218780330578 0.09335608891739354
0.465 -0.1204039383447845 0.09319186240842055
0.466 -0.1203860718524692 0.09302837705622673
0.467 -0.1203682781805877 0.09286562805212343
0.468 -0.1203505569566208 0.09270361061770771
0.469 -0.1203329078110277 0.09254232000456691
0.47 -0.12031533037722 0.09238175149398632
0.471 -0.1202978242915365 0.09222190039665963
0.472 -0.1202803891932176 0.09206276205240238
0.473 -0.1202630247243804 0.09190433182986821
0.474 -0.1202457305299942 0.09174660512626795
0.475 -0.1202285062578558 0.09158957736709146
0.476 -0.1202113515585656 0.09143324400583219
0.477 -0.1201942660855036 0.09127760052371452
0.478 -0.1201772494948062 0.09112264242942363
0.479 -0.1201603014453425 0.09096836525883809
0.48 -0.1201434215986917 0.09081476457476499
0.481 -0.1201266096191201 0.09066183596667763
0.482 -0.1201098651735587 0.09050957505045572
0.483 -0.1200931879315813 0.09035797746812807
0.484 -0.120076577565382 0.09020703888761767
0.485 -0.1200600337497542 0.09005675500248924
0.486 -0.1200435561620687 0.08990712153169912
0.487 -0.1200271444822527 0.08975813421934754
0.488 -0.120010798392769 0.08960978883443308
0.489 -0.1199945175785951 0.08946208117060957
0.49 -0.119978301727203 0.08931500704594512
0.491 -0.1199621505285389 0.08916856230268335
0.492 -0.1199460636750032 0.08902274280700689
0.493 -0.1199300408614312 0.08887754444880294
0.494 -0.119914081785073 0.08873296314143098
0.495 -0.1198981861455745 0.08858899482149256
0.496 -0.1198823536449589 0.08844563544860315
0.497 -0.1198665839876069 0.08830288100516602
0.498 -0.1198508768802391 0.0881607274961481
0.499 -0.1198352320318972 0.0880191709488578
0.5 -0.1198196491539256 0.08787820741272482
0.501 -0.1198041279599541 0.08773783295908182
0.502 -0.1197886681658797 0.08759804368094796
0.503 -0.1197732694898496 0.08745883569281437
0.504 -0.1197579316522432 0.08732020513043136
0.505 -0.1197426543756556 0.08718214815059748
0.506 -0.1197274373848806 0.08704466093095037
0.507 -0.1197122804068939 0.08690773966975928
0.508 -0.1196971831708368 0.08677138058571939
0.509 -0.1196821454079996 0.08663557991774781
0.51 -0.1196671668518059 0.0865003339247812
0.511 -0.1196522472377965 0.08636563888557509
0.512 -0.1196373863036137 0.08623149109850481
0.513 -0.1196225837889859 0.08609788688136798
0.514 -0.1196078394357121 0.08596482257118859
0.515 -0.1195931529876469 0.08583229452402266
0.516 -0.1195785241906854 0.08570029911476537
0.517 -0.1195639527927488 0.08556883273695969
0.518 -0.1195494385437693 0.08543789180260653
0.519 -0.1195349811956758 0.08530747274197633
0.52 -0.1195205805023801 0.085177572003422
0.521 -0.1195062362197622 0.08504818605319339
0.522 -0.1194919481056569 0.08491931137525304
0.523 -0.1194777159198398 0.08479094447109336
0.524 -0.1194635394240137 0.08466308185955509
0.525 -0.1194494183817955 0.08453572007664711
0.526 -0.1194353525587028 0.08440885567536757
0.527 -0.1194213417221407 0.08428248522552622
0.528 -0.1194073856413893 0.08415660531356806
0.529 -0.1193934840875905 0.08403121254239818
0.53 -0.1193796368337358 0.08390630353120783
0.531 -0.1193658436546536 0.08378187491530169
0.532 -0.119352104326997 0.08365792334592623
0.533 -0.1193384186292322 0.08353444549009937
0.534 -0.1193247863416256 0.08341143803044108
0.535 -0.1193112072462328 0.08328889766500525
0.536 -0.1192976811268867 0.08316682110711256
0.537 -0.1192842077691859 0.0830452050851844
0.538 -0.1192707869604834 0.08292404634257794
0.539 -0.1192574184898756 0.08280334163742212
0.54 -0.1192441021481909 0.0826830877424547
0.541 -0.119230837727979 0.0825632814448603
0.542 -0.1192176250235004 0.0824439195461094
0.543 -0.1192044638307152 0.08232499886179826
0.544 -0.119191353947273 0.0822065162214899
0.545 -0.1191782951725025 0.08208846846855578
0.546 -0.1191652873074012 0.0819708524600186
0.547 -0.1191523301546258 0.08185366506639581
0.548 -0.1191394235184813 0.08173690317154411
0.549 -0.1191265672049124 0.08162056367250463
0.55 -0.1191137610214928 0.08150464347934912
0.551 -0.1191010047774164 0.08138913951502681
0.552 -0.1190882982834877 0.0812740487152121
0.553 -0.1190756413521124 0.08115936802815305
0.554 -0.1190630337972883 0.08104509441452053
0.555 -0.1190504754345967 0.08093122484725822
0.556 -0.1190379660811929 0.08081775631143327
0.557 -0.1190255055557981 0.08070468580408761
0.558 -0.1190130936786903 0.08059201033409006
0.559 -0.1190007302716962 0.08047972692198897
0.56 -0.1189884151581825 0.08036783259986562
0.561 -0.1189761481630479 0.08025632441118819
0.562 -0.1189639291127151 0.08014519941066633
0.563 -0.1189517578351225 0.08003445466410641
0.564 -0.1189396341597166 0.07992408724826721
0.565 -0.1189275579174442 0.07981409425071635
0.566 -0.1189155289407448 0.07970447276968707
0.567 -0.1189035470635429 0.0795952199139357
0.568 -0.118891612121241 0.07948633280259957
0.569 -0.1188797239507123 0.07937780856505538
0.57 -0.1188678823902931 0.07926964434077816
0.571 -0.1188560872797764 0.07916183727920056
0.572 -0.1188443384604046 0.07905438453957268
0.573 -0.118832635774863 0.07894728329082228
0.574 -0.1188209790672728 0.07884053071141543
0.575 -0.1188093681831851 0.07873412398921754
0.576 -0.1187978029695737 0.07862806032135476
0.577 -0.1187862832748295 0.07852233691407577
0.578 -0.118774808948754 0.07841695098261389
0.579 -0.1187633798425532 0.07831189975104951
0.58 -0.1187519958088316 0.07820718045217288
0.581 -0.1187406567015866 0.07810279032734716
0.582 -0.1187293623762025 0.07799872662637173
0.583 -0.1187181126894448 0.07789498660734584
0.584 -0.118706907499455 0.07779156753653239
0.585 -0.118695746665745 0.07768846668822206
0.586 -0.1186846300491919 0.07758568134459758
0.587 -0.1186735575120325 0.07748320879559818
0.588 -0.1186625289178587 0.07738104633878432
0.589 -0.1186515441316123 0.07727919127920248
0.59 -0.1186406030195801 0.07717764092925013
0.591 -0.1186297054493893 0.07707639260854084
0.592 -0.1186188512900026 0.07697544364376952
0.593 -0.1186080404117143 0.0768747913685777
0.594 -0.118597272686145 0.07677443312341894
0.595 -0.118586547986238 0.0766743662554243
0.596 -0.118575866186255 0.0765745881182678
0.597 -0.1185652271617717 0.07647509607203199
0.598 -0.1185546307896742 0.07637588748307347
0.599 -0.1185440769481547 0.07627695972388842
0.6 -0.1185335655167082 0.07617831017297812
0.601 -0.1185230963761288 0.07607993621471442
0.602 -0.1185126694085058 0.07598183523920514
0.603 -0.1185022844972206 0.07588400464215942
0.604 -0.1184919415269433 0.07578644182475294
0.605 -0.1184816403836294 0.07568914419349306
0.606 -0.1184713809545168 0.07559210916008383
0.607 -0.118461163128123 0.07549533414129084
0.608 -0.1184509867942417 0.07539881655880589
0.609 -0.1184408518439406 0.07530255383911151
0.61 -0.1184307581695581 0.07520654341334525
0.611 -0.1184207056647016 0.07511078271716379
0.612 -0.1184106942242443 0.07501526919060675
0.613 -0.1184007237443231 0.07492000027796029
0.614 -0.1183907941223365 0.0748249734276204
0.615 -0.1183809052569424 0.07473018609195595
0.616 -0.1183710570480562 0.07463563572717135
0.617 -0.1183612493968486 0.07454131979316895
0.618 -0.1183514822057443 0.07444723575341099
0.619 -0.1183417553784198 0.07435338107478132
0.62 -0.1183320688198022 0.07425975322744657
0.621 -0.1183224224360677 0.07416634968471701
0.622 -0.1183128161346401 0.07407316792290695
0.623 -0.11830324982419 0.07398020542119466
0.624 -0.1182937234146331 0.07388745966148187
0.625 -0.1182842368171296 0.07379492812825272
0.626 -0.1182747899440832 0.07370260830843221
0.627 -0.1182653827091405 0.07361049769124414
0.628 -0.11825601502719 0.07351859376806845
0.629 -0.118246686814362 0.07342689403229799
0.63 -0.1182373979880278 0.07333539597919473
0.631 -0.1182281484667996 0.07324409710574526
0.632 -0.1182189381705304 0.07315299491051575
0.633 -0.1182097670203137 0.07306208689350613
0.634 -0.1182006349384837 0.07297137055600364
0.635 -0.1181915418486155 0.07288084340043567
0.636 -0.1181824876755252 0.07279050293022184
0.637 -0.1181734723452707 0.07270034664962528
0.638 -0.1181644957851517 0.07261037206360321
0.639 -0.118155557923711 0.07252057667765663
0.64 -0.1181466586907346 0.0724309579976792
0.641 -0.1181377980172532 0.07234151352980527
0.642 -0.1181289758355429 0.07225224078025699
0.643 -0.1181201920791263 0.07216313725519055
0.644 -0.1181114466827741 0.07207420046054145
0.645 -0.1181027395825062 0.0719854279018688
0.646 -0.1180940707155936 0.07189681708419865
0.647 -0.1180854400205596 0.07180836551186628
0.648 -0.118076847437182 0.07172007068835748
0.649 -0.1180682929064948 0.0716319301161487
0.65 -0.1180597763707903 0.07154394129654611
0.651 -0.1180512977736215 0.07145610172952358
0.652 -0.1180428570598042 0.07136840891355945
0.653 -0.1180344541754196 0.0712808603454721
0.654 -0.1180260890678169 0.07119345352025433
0.655 -0.1180177616856158 0.07110618593090648
0.656 -0.11800947197871 0.07101905506826825
0.657 -0.1180012198982695 0.07093205842084925
0.658 -0.1179930053967443 0.07084519347465813
0.659 -0.1179848284278675 0.07075845771303043
0.66 -0.1179766889466588 0.07067184861645492
0.661 -0.1179685869094282 0.07058536366239856
0.662 -0.1179605222737795 0.07049900032512996
0.663 -0.1179524949986146 0.07041275607554134
0.664 -0.1179445050441373 0.0703266283809689
0.665 -0.1179365523718575 0.07024061470501169
0.666 -0.1179286369445958 0.07015471250734873
0.667 -0.1179207587264878 0.07006891924355464
0.668 -0.117912917682989 0.06998323236491342
0.669 -0.1179051137808793 0.06989764931823057
0.67 -0.1178973469882686 0.06981216754564348
0.671 -0.1178896172746013 0.06972678448442989
0.672 -0.1178819246106623 0.06964149756681463
0.673 -0.1178742689685819 0.06955630421977438
0.674 -0.117866650321842 0.06947120186484053
0.675 -0.1178590686452817 0.06938618791790005
0.676 -0.1178515239151034 0.06930125978899436
0.677 -0.1178440161088789 0.06921641488211615
0.678 -0.1178365452055562 0.06913165059500403
0.679 -0.1178291111854653 0.0690469643189351
0.68 -0.1178217140303258 0.06896235343851527
0.681 -0.1178143537232534 0.06887781533146737
0.682 -0.1178070302487669 0.06879334736841696
0.683 -0.1177997435927962 0.06870894691267577
0.684 -0.1177924937426889 0.06862461132002278
0.685 -0.1177852806872186 0.06854033793848284
0.686 -0.117778104416593 0.06845612410810282
0.687 -0.1177709649224613 0.06837196716072515
0.688 -0.1177638621979232 0.06828786441975886
0.689 -0.1177567962375372 0.0682038131999479
0.69 -0.1177497670373292 0.06811981080713671
0.691 -0.1177427745948018 0.06803585453803315
0.692 -0.1177358189089431 0.06795194167996846
0.693 -0.1177288999802363 0.06786806951065447
0.694 -0.1177220178106694 0.06778423529793773
0.695 -0.117715172403745 0.06770043629955079
0.696 -0.1177083637644902 0.06761666976286025
0.697 -0.1177015918994671 0.06753293292461183
0.698 -0.1176948568167835 0.06744922301067212
0.699 -0.1176881585261034 0.06736553723576717
0.7 -0.1176814970386581 0.06728187280321765
0.701 -0.1176748723672577 0.06719822690467071
0.702 -0.1176682845263024 0.06711459671982833
0.703 -0.1176617335317945 0.06703097941617207
0.704 -0.1176552194013503 0.06694737214868432
0.705 -0.1176487421542128 0.06686377205956581
0.706 -0.1176423018112637 0.06678017627794928
0.707 -0.1176358983950367 0.06669658191960947
0.708 -0.1176295319297306 0.06661298608666903
0.709 -0.1176232024412228 0.06652938586730053
0.71 -0.1176169099570827 0.06644577833542435
0.711 -0.1176106545065862 0.06636216055040239
0.712 -0.1176044361207297 0.06627852955672752
0.713 -0.1175982548322446 0.06619488238370874
0.714 -0.1175921106756128 0.06611121604515183
0.715 -0.1175860036870814 0.06602752753903557
0.716 -0.1175799339046785 0.06594381384718319
0.717 -0.1175739013682288 0.06586007193492928
0.718 -0.1175679061193705 0.06577629875078178
0.719 -0.1175619482015712 0.06569249122607907
0.72 -0.1175560276601449 0.06560864627464205
0.721 -0.1175501445422697 0.06552476079242115
0.722 -0.1175442988970047 0.06544083165713803
0.723 -0.1175384907753087 0.06535685572792198
0.724 -0.1175327202300579 0.06527282984494093
0.725 -0.1175269873160651 0.06518875082902678
0.726 -0.1175212920900984 0.06510461548129517
0.727 -0.117515634610901 0.06502042058275942
0.728 -0.1175100149392107 0.06493616289393846
0.729 -0.1175044331377806 0.06485183915445888
0.73 -0.1174988892713995 0.06476744608265069
0.731 -0.117493383406913 0.06468298037513681
0.732 -0.1174879156132452 0.06459843870641617
0.733 -0.1174824859614203 0.06451381772844017
0.734 -0.1174770945245857 0.06442911407018248
0.735 -0.1174717413780339 0.06434432433720203
0.736 -0.1174664265992267 0.06425944511119888
0.737 -0.1174611502678183 0.06417447294956308
0.738 -0.1174559124656799 0.06408940438491616
0.739 -0.1174507132769245 0.06400423592464519
0.74 -0.1174455527879319 0.06391896405042923
0.741 -0.1174404310873745 0.06383358521775796
0.742 -0.1174353482662435 0.0637480958554425
0.743 -0.117430304417876 0.06366249236511792
0.744 -0.1174252996379818 0.06357677112073765
0.745 -0.1174203340246717 0.06349092846805931
0.746 -0.1174154076784856 0.06340496072412193
0.747 -0.1174105207024218 0.06331886417671433
0.748 -0.1174056732019662 0.06323263508383447
0.749 -0.1174008652851226 0.06314626967313957
0.75 -0.1173960970624436 0.0630597641413868
0.751 -0.1173913686470617 0.06297311465386434
0.752 -0.1173866801547214 0.06288631734381263
0.753 -0.1173820317038121 0.06279936831183548
0.754 -0.1173774234154009 0.06271226362530094
0.755 -0.1173728554132669 0.06262499931773171
0.756 -0.1173683278239358 0.06253757138818471
0.757 -0.1173638407767149 0.06244997580061976
0.758 -0.1173593944037298 0.06236220848325694
0.759 -0.1173549888399605 0.06227426532792256
0.76 -0.1173506242232792 0.06218614218938336
0.761 -0.1173463006944886 0.06209783488466872
0.762 -0.1173420183973609 0.06200933919238058
0.763 -0.1173377774786775 0.06192065085199089
0.764 -0.1173335780882696 0.06183176556312612
0.765 -0.1173294203790601 0.06174267898483879
0.766 -0.1173253045071052 0.06165338673486549
0.767 -0.1173212306316381 0.06156388438887121
0.768 -0.1173171989151126 0.06147416747967968
0.769 -0.1173132095232484 0.06138423149648927
0.77 -0.1173092626250765 0.06129407188407432
0.771 -0.1173053583929866 0.06120368404197137
0.772 -0.1173014970027741 0.06111306332365004
0.773 -0.1172976786336891 0.06102220503566825
0.774 -0.1172939034684864 0.06093110443681126
0.775 -0.1172901716934758 0.06083975673721433
0.776 -0.1172864834985738 0.06074815709746853
0.777 -0.117282839077357 0.06065630062770926
0.778 -0.1172792386271153 0.06056418238668718
0.779 -0.1172756823489074 0.0604717973808211
0.78 -0.117272170447617 0.06037914056323236
0.781 -0.1172687031320098 0.06028620683276026
0.782 -0.1172652806147922 0.06019299103295823
0.783 -0.1172619031126711 0.06009948795107005
0.784 -0.1172585708464151 0.06000569231698589
0.785 -0.1172552840409162 0.05991159880217745
0.786 -0.117252042925254 0.05981720201861193
0.787 -0.1172488477327602 0.0597224965176441
0.788 -0.1172456987010851 0.05962747678888616
0.789 -0.1172425960722653 0.05953213725905463
0.79 -0.1172395400927927 0.05943647229079388
0.791 -0.1172365310136851 0.0593404761814757
0.792 -0.1172335690905585 0.05924414316197423
0.793 -0.1172306545837004 0.05914746739541577
0.794 -0.1172277877581452 0.05905044297590275
0.795 -0.117224968883751 0.05895306392721133
0.796 -0.1172221982352781 0.05885532420146187
0.797 -0.1172194760924689 0.05875721767776166
0.798 -0.1172168027401301 0.05865873816081919
0.799 -0.1172141784682161 0.05855987937952928
0.8 -0.1172116035719147 0.05846063498552836
0.801 -0.1172090783517339 0.05836099855171902
0.802 -0.1172066031135919 0.05826096357076323
0.803 -0.1172041781689076 0.05816052345354335
0.804 -0.117201803834694 0.05805967152759008
0.805 -0.1171994804336535 0.05795840103547658
0.806 -0.1171972082942751 0.05785670513317786
0.807 -0.1171949877509337 0.05775457688839457
0.808 -0.1171928191439921 0.05765200927884025
0.809 -0.1171907028199046 0.05754899519049107
0.81 -0.1171886391313235 0.05744552741579726
0.811 -0.1171866284372072 0.05734159865185491
0.812 -0.1171846711029318 0.05723720149853753
0.813 -0.1171827675004043 0.05713232845658588
0.814 -0.1171809180081785 0.05702697192565537
0.815 -0.1171791230115743 0.05692112420231963
0.816 -0.1171773829027981 0.05681477747802925
0.817 -0.1171756980810679 0.05670792383702442
0.818 -0.1171740689527395 0.05660055525420031
0.819 -0.1171724959314369 0.05649266359292395
0.82 -0.1171709794381845 0.05638424060280112
0.821 -0.1171695199015436 0.05627527791739224
0.822 -0.1171681177577509 0.05616576705187561
0.823 -0.1171667734508607 0.05605569940065666
0.824 -0.1171654874328909 0.05594506623492181
0.825 -0.1171642601639711 0.0558338587001354
0.826 -0.1171630921124953 0.05572206781347808
0.827 -0.117161983755278 0.05560968446122516
0.828 -0.1171609355777131 0.05549669939606318
0.829 -0.1171599480739377 0.05538310323434305
0.83 -0.1171590217469991 0.05526888645326806
0.831 -0.1171581571090254 0.05515403938801479
0.832 -0.1171573546814013 0.05503855222878524
0.833 -0.1171566149949467 0.05492241501778817
0.834 -0.1171559385901008 0.05480561764614763
0.835 -0.1171553260171095 0.05468814985073675
0.836 -0.117154777836218 0.05457000121093461
0.837 -0.1171542946178681 0.05445116114530397
0.838 -0.1171538769428993 0.05433161890818772
0.839 -0.1171535254027562 0.05421136358622172
0.84 -0.1171532405996996 0.05409038409476152
0.841 -0.1171530231470235 0.05396866917422069
0.842 -0.1171528736692773 0.05384620738631804
0.843 -0.117152792802493 0.0537229871102312
0.844 -0.1171527811944183 0.05359899653865387
0.845 -0.1171528395047559 0.05347422367375388
0.846 -0.1171529684054072 0.05334865632302915
0.847 -0.1171531685807242 0.05322228209505874
0.848 -0.1171534407277653 0.05309508839514565
0.849 -0.1171537855565593 0.05296706242084847
0.85 -0.1171542037903752 0.05283819115739839
0.851 -0.1171546961659985 0.05270846137299825
0.852 -0.1171552634340148 0.05257785961400019
0.853 -0.1171559063591007 0.05244637219995821
0.854 -0.1171566257203214 0.05231398521855196
0.855 -0.1171574223114362 0.05218068452037779
0.856 -0.1171582969412119 0.05204645571360331
0.857 -0.1171592504337436 0.05191128415848105
0.858 -0.1171602836287841 0.05177515496171728
0.859 -0.1171613973820816 0.05163805297069127
0.86 -0.1171625925657257 0.05149996276752076
0.861 -0.1171638700685027 0.05136086866296876
0.862 -0.1171652307962597 0.05122075469018685
0.863 -0.117166675672278 0.05107960459829014
0.864 -0.1171682056376564 0.05093740184575842
0.865 -0.1171698216517043 0.05079412959365851
0.866 -0.1171715246923443 0.05064977069868195
0.867 -0.1171733157565264 0.05050430770599259
0.868 -0.1171751958606518 0.05035772284187802
0.869 -0.1171771660410081 0.05020999800619881
0.87 -0.1171792273542164 0.05006111476462929
0.871 -0.1171813808776886 0.04991105434068326
0.872 -0.1171836277100981 0.049759797607518
0.873 -0.1171859689718617 0.04960732507950969
0.874 -0.1171884058056347 0.04945361690359285
0.875 -0.1171909393768184 0.04929865285035663
0.876 -0.1171935708740809 0.04914241230489016
0.877 -0.1171963015098924 0.04898487425736904
0.878 -0.1171991325210726 0.04882601729337489
0.879 -0.1172020651693542 0.04866581958393947
0.88 -0.1172051007419603 0.04850425887530467
0.881 -0.1172082405521961 0.04834131247838935
0.882 -0.1172114859400579 0.04817695725795388
0.883 -0.1172148382728556 0.04801116962145258
0.884 -0.1172182989458531 0.04784392550756448
0.885 -0.1172218693829245 0.04767520037439194
0.886 -0.117225551037227 0.04750496918731682
0.887 -0.117229345391892 0.04733320640650324
0.888 -0.1172332539607326 0.04715988597403596
0.889 -0.1172372782889704 0.04698498130068269
0.89 -0.1172414199539802 0.04680846525226865
0.891 -0.1172456805660531 0.04663031013565117
0.892 -0.1172500617691798 0.04645048768428186
0.893 -0.1172545652418521 0.04626896904334342
0.894 -0.1172591926978856 0.04608572475444797
0.895 -0.1172639458872617 0.04590072473988337
0.896 -0.1172688265969904 0.04571393828639349
0.897 -0.1172738366519934 0.04552533402847844
0.898 -0.1172789779160093 0.04533487993120003
0.899 -0.1172842522925184 0.04514254327247759
0.9 -0.1172896617256905 0.04494829062485911
0.901 -0.1172952082013529 0.04475208783675203
0.902 -0.1173008937479805 0.04455390001309812
0.903 -0.1173067204377078 0.04435369149547626
0.904 -0.1173126903873617 0.04415142584161718
0.905 -0.117318805759516 0.04394706580431347
0.906 -0.117325068763567 0.04374057330970859
0.907 -0.11733148165683 0.04353190943494823
0.908 -0.1173380467456553 0.04332103438517729
0.909 -0.1173447663865648 0.04310790746986607
0.91 -0.117351642987407 0.04289248707844925
0.911 -0.1173586790085296 0.04267473065526131
0.912 -0.1173658769639694 0.04245459467375284
0.913 -0.1173732394226569 0.0422320346099721
0.914 -0.1173807690096348 0.04200700491529742
0.915 -0.1173884684072883 0.04177945898840628
0.916 -0.1173963403565844 0.0415493491464684
0.917 -0.1174043876583173 0.04131662659555118
0.918 -0.1174126131743585 0.04108124140022725
0.919 -0.1174210198289054 0.04084314245237613
0.92 -0.1174296106097255 0.04060227743917363
0.921 -0.1174383885693921 0.04035859281026579
0.922 -0.1174473568265038 0.04011203374412673
0.923 -0.1174565185668833 0.03986254411360365
0.924 -0.1174658770447466 0.03961006645065656
0.925 -0.1174754355838358 0.03935454191030473
0.926 -0.1174851975785035 0.03909591023379831
0.927 -0.11749516649474 0.03883410971103961
0.928 -0.1175053458711291 0.03856907714228666
0.929 -0.1175157393197185 0.03830074779918051
0.93 -0.1175263505267886 0.03802905538514812
0.931 -0.1175371832534995 0.03775393199524477
0.932 -0.1175482413363967 0.0374753080755138
0.933 -0.1175595286877484 0.03719311238195749
0.934 -0.1175710492956883 0.03690727193923157
0.935 -0.1175828072241296 0.0366177119991971
0.936 -0.1175948066124152 0.03632435599948842
0.937 -0.1176070516746603 0.03602712552228422
0.938 -0.1176195466987401 0.03572594025350196
0.939 -0.1176322960448649 0.03542071794267395
0.94 -0.1176453041436823 0.03511137436380764
0.941 -0.1176585754938288 0.03479782327758351
0.942 -0.1176721146588499 0.03447997639530336
0.943 -0.1176859262633893 0.03415774334507003
0.944 -0.1177000149885351 0.03383103164075926
0.945 -0.1177143855661942 0.03349974665443651
0.946 -0.1177290427723426 0.03316379159297879
0.947 -0.1177439914189793 0.03282306747978619
0.948 -0.1177592363445792 0.03247747314261333
0.949 -0.1177747824028112 0.03212690520872
0.95 -0.1177906344492434 0.03177125810873851
0.951 -0.1178067973257169 0.03141042409088652
0.952 -0.1178232758420089 0.0310442932474253
0.953 -0.1178400747543416 0.03067275355558144
0.954 -0.1178571987402178 0.0302956909355236
0.955 -0.1178746523689631 0.02991298932842605
0.956 -0.1178924400672474 0.02952453079816894
0.957 -0.117910566078716 0.02913019566083783
0.958 -0.1179290344166974 0.02872986264690965
0.959 -0.1179478488087488 0.02832340910187059
0.96 -0.1179670126315555 0.0279107112320311
0.961 -0.1179865288343936 0.02749164440351554
0.962 -0.1180063998489902 0.02706608350384807
0.963 -0.1180266274831504 0.02663390337727991
0.964 -0.1180472127949401 0.02619497934706234
0.965 -0.1180681559434875 0.02574918784033366
0.966 -0.1180894560115504 0.0252964071342397
0.967 -0.1181111107938393 0.0248365182454452
0.968 -0.1181331165436067 0.02436940598943466
0.969 -0.118155467668118 0.02389496024108515
0.97 -0.1181781563611663 0.02341307743407901
0.971 -0.1182011721576022 0.02292366234399214
0.972 -0.1182245013906577 0.02242663020853756
0.973 -0.1182481265272969 0.02192190924865821
0.974 -0.118272025349413 0.02140944366611291
0.975 -0.1182961699386977 0.02088919720696205
0.976 -0.1183205254093865 0.02036115739582401
0.977 -0.1183450483143144 0.01982534056244879
0.978 -0.1183696846235447 0.01928179779884235
0.979 -0.1183943671378649 0.01873062199937753
0.98 -0.1184190121464984 0.01817195614321292
0.981 -0.1184435150613913 0.01760600296891046
0.982 -0.118467744646635 0.01703303614894956
0.983 -0.1184915352903157 0.01645341296710271
0.984 -0.1185146765031807 0.01586758828052041
0.985 -0.1185368984160432 0.01527612911312444
0.986 -0.1185578513848836 0.01467972839848271
0.987 -0.1185770767178099 0.0140792148363169
0.988 -0.1185939636743933 0.01347555291850778
0.989 -0.1186076846043455 0.0128698216999178
0.99 -0.1186170940751236 0.01226315040221722
0.991 -0.1186205662978358 0.01165656838174094
0.992 -0.1186157218198349 0.01105068528137105
0.993 -0.118598944163657 0.01044502842877041
0.994 -0.1185644701248103 0.009836663077941303
0.995 -0.1185025382644692 0.009217222425795158
0.996 -0.1183952156012928 0.008566089351354102
0.997 -0.1182055773411243 0.007832987785448015
0.998 -0.1178431469650599 0.006885354751549624
0.999 -0.1170040480753865 0.005300195520895634
