@type xydy
 
0 4.338149606392559 69.36436247321996
0.001 -0.3410032712361925 1.56485149584864
0.002 -0.3357891948273718 1.440860613570931
0.003 -0.3227382408846077 1.361900565032782
0.004 -0.30888278121892 1.295334531061888
0.005 -0.2954734051917528 1.236131811098817
0.006 -0.2828205028501778 1.182512104088863
0.007 -0.27098373754617 1.133505954930232
0.008 -0.2599410626558824 1.088453795658128
0.009 -0.2496426702427241 1.046854320621197
0.01 -0.2400309270438503 1.008304205246534
0.011 -0.2310482966687664 0.9724685409733907
0.012 -0.2226404985598645 0.9390638140125462
0.013 -0.2147576356437684 0.9078468937081268
0.014 -0.2073544229560523 0.8786073061465812
0.015 -0.2003900192922234 0.8511615042212492
0.016 -0.1938276946999896 0.8253484541329287
0.017 -0.1876344443231699 0.8010261445176292
0.018 -0.1817806009637611 0.7780687718562848
0.019 -0.1762394702093953 0.7563644382102387
0.02 -0.170986997746287 0.7358132467172406
0.021 -0.1660014713806821 0.7163257117163932
0.022 -0.1612632568370824 0.6978214213928719
0.023 -0.1567545648327781 0.6802279054722211
0.024 -0.1524592463375088 0.6634796710252017
0.025 -0.1483626128359588 0.6475173772209964
0.026 -0.1444512785642663 0.6322871257318921
0.027 -0.140713021953494 0.6177398479928198
0.028 -0.1371366638108865 0.6038307740212498
0.029 -0.1337119600665096 0.590518970260752
0.03 -0.1304295071904542 0.5777669361051719
0.031 -0.1272806586365586 0.5655402505204575
0.032 -0.1242574508904845 0.5538072616041593
0.033 -0.1213525378937981 0.5425388130808423
0.034 -0.1185591327836397 0.5317080026800965
0.035 -0.1158709560323361 0.5212899681247639
0.036 -0.1132821891957459 0.5112616971032596
0.037 -0.1107874335859056 0.5016018581371544
0.038 -0.1083816732751195 0.4922906497038233
0.039 -0.1060602419171763 0.4833096653500862
0.04 -0.1038187929387722 0.4746417728493
0.041 -0.1016532727121174 0.4662710057216949
0.042 -0.09955989636948816 0.4581824656643069
0.043 -0.09753512596336819 0.4503622346294742
0.044 -0.0955756507128067 0.4427972954551327
0.045 -0.09367836910857393 0.4354754600906472
0.046 -0.0918403726773476 0.4283853045824298
0.047 -0.09005893122913756 0.4215161100872419
0.048 -0.08833147943297566 0.4148578092704542
0.049 -0.08665560458401189 0.4084009375237942
0.05 -0.08502903544094545 0.4021365885040576
0.051 -0.08344963202650328 0.3960563735524031
0.052 -0.0819153762957354 0.3901523846044644
0.053 -0.08042436358745946 0.3844171602456618
0.054 -0.07897479478345847 0.3788436546046962
0.055 -0.0775649691081864 0.3734252088120123
0.056 -0.07619327750891433 0.3681555247796956
0.057 -0.07485819656258121 0.363028641085353
0.058 -0.07355828286120684 0.3580389107655201
0.059 -0.0722921678326743 0.3531809808444164
0.06 -0.07105855295807571 0.3484497734418084
0.061 -0.06985620535070856 0.3438404683196203
0.062 -0.06868395366527047 0.3393484867410167
0.063 -0.06754068430888141 0.3349694765282001
0.064 -0.0664253379283083 0.3306992982162994
0.065 -0.06533690615021889 0.3265340122106484
0.066 -0.06427442855348314 0.3224698668636133
0.067 -0.06323698985450216 0.3185032873950389
0.068 -0.06222371728830259 0.3146308655874715
0.069 -0.06123377816971247 0.3108493501936605
0.07 -0.06026637762035206 0.3071556379995438
0.071 -0.05932075644844861 0.3035467654910353
0.072 -0.05839618916963281 0.3000199010775439
0.073 -0.05749198215791053 0.2965723378292985
0.074 -0.05660747191693887 0.2932014866892978
0.075 -0.0557420234625806 0.2899048701240825
0.076 -0.05489502880847617 0.2866801161805787
0.077 -0.05406590554706497 0.2835249529190307
0.078 -0.05325409551911593 0.2804372031945417
0.079 -0.05245906356539774 0.277414779762014
0.08 -0.05168029635463685 0.2744556806813422
0.081 -0.05091730128238292 0.2715579850015895
0.082 -0.05016960543583015 0.2687198487045772
0.083 -0.04943675462003399 0.2659395008898779
0.084 -0.04871831244131929 0.263215240184612
0.085 -0.04801385944400138 0.2605454313627421
0.086 -0.04732299229683934 0.2579285021597401
0.087 -0.04664532302591248 0.2553629402695776
0.088 -0.04598047829086027 0.2528472905119789
0.089 -0.04532809870165423 0.2503801521587794
0.09 -0.04468783817327927 0.2479601764090581
0.091 -0.04405936331589427 0.2455860640034751
0.092 -0.04344235285821785 0.2432565629689405
0.093 -0.04283649710204738 0.2409704664853822
0.094 -0.04224149740596845 0.2387266108669697
0.095 -0.04165706569644936 0.2365238736506915
0.096 -0.04108292400464135 0.2343611717856851
0.097 -0.0405188040273222 0.2322374599171766
0.098 -0.03996444671052824 0.2301517287593124
0.099 -0.03941960185451904 0.2281030035515562
0.1 -0.038884027738811 0.2260903425936875
0.101 -0.03835749076610069 0.2241128358547705
0.102 -0.03783976512397734 0.2221696036517726
0.103 -0.03733063246339661 0.2202597953937975
0.104 -0.03682988159295494 0.2183825883881624
0.105 -0.03633730818806622 0.216537186704795
0.106 -0.03585271451420049 0.2147228200956541
0.107 -0.03537590916339782 0.2129387429660872
0.108 -0.03490670680332082 0.2111842333952366
0.109 -0.03444492793815514 0.2094585922027871
0.11 -0.03399039868071063 0.2077611420595166
0.111 -0.03354295053511609 0.2060912266392709
0.112 -0.03310242018953749 0.2044482098101285
0.113 -0.03266864931838455 0.2028314748626583
0.114 -0.03224148439350305 0.2012404237733025
0.115 -0.03182077650388008 0.1996744765010306
0.116 -0.03140638118341812 0.1981330703155274
0.117 -0.03099815824635964 0.196615659155276
0.118 -0.03059597162996897 0.1951217130139961
0.119 -0.03019968924410061 0.1936507173539862
0.12 -0.02980918282730521 0.1922021725450047
0.121 -0.02942432780914395 0.1907755933274007
0.122 -0.02904500317840127 0.1893705082982819
0.123 -0.02867109135690321 0.1879864594195742
0.124 -0.02830247807866519 0.1866230015468915
0.125 -0.02793905227410866 0.1852797019781983
0.126 -0.02758070595910009 0.1839561400212992
0.127 -0.02722733412857989 0.182651906579247
0.128 -0.02687883465456114 0.1813666037528091
0.129 -0.02653510818829021 0.1800998444591788
0.13 -0.02619605806637259 0.1788512520661621
0.131 -0.02586159022067761 0.1776204600411127
0.132 -0.02553161309184587 0.176407111613926
0.133 -0.02520603754623246 0.1752108594534395
0.134 -0.02488477679612772 0.1740313653566217
0.135 -0.02456774632310583 0.1728682999499637
0.136 -0.02425486380435885 0.1717213424025188
0.137 -0.02394604904188175 0.1705901801500623
0.138 -0.0236412238943803 0.1694745086298732
0.139 -0.02334031221178062 0.1683740310256637
0.14 -0.02304323977222506 0.167288458022205
0.141 -0.02274993422144512 0.1662175075692241
0.142 -0.02246032501440734 0.1651609046541643
0.143 -0.02217434335913341 0.1641183810834236
0.144 -0.02189192216260059 0.1630896752717057
0.145 -0.02161299597863314 0.1620745320391323
0.146 -0.02133750095769979 0.1610727024157885
0.147 -0.0210653747985364 0.1600839434533823
0.148 -0.0207965567015169 0.15910801804372
0.149 -0.02053098732369928 0.1581446947437111
0.15 -0.02026860873547668 0.1571937476066303
0.151 -0.02000936437876744 0.1562549560193765
0.152 -0.01975319902668039 0.1553281045454829
0.153 -0.01950005874459529 0.1544129827736416
0.154 -0.01924989085260071 0.1535093851715187
0.155 -0.01900264388923447 0.1526171109446448
0.156 -0.01875826757647419 0.1517359639001775
0.157 -0.01851671278592813 0.15086575231534
0.158 -0.01827793150617836 0.1500062888103503
0.159 -0.01804187681123089 0.1491573902256633
0.16 -0.0178085028300291 0.1483188775033544
0.161 -0.01757776471698905 0.1474905755724857
0.162 -0.01734961862351672 0.146672313238296
0.163 -0.0171240216704695 0.1458639230750701
0.164 -0.01690093192152529 0.1450652413225428
0.165 -0.01668030835742481 0.1442761077857044
0.166 -0.01646211085105371 0.1434963657378774
0.167 -0.01624630014333273 0.1427258618269395
0.168 -0.01603283781988562 0.1419644459845768
0.169 -0.01582168628845556 0.1412119713384514
0.17 -0.01561280875704235 0.1404682941271755
0.171 -0.01540616921273354 0.1397332736179885
0.172 -0.01520173240120413 0.1390067720270368
0.173 -0.01499946380686007 0.1382886544421612
0.174 -0.0147993296336024 0.1375787887481001
0.175 -0.01460129678618927 0.1368770455540211
0.176 -0.01440533285217442 0.136183298123296
0.177 -0.01421140608440135 0.1354974223054409
0.178 -0.01401948538403338 0.1348192964701405
0.179 -0.01382954028410056 0.1341488014432863
0.18 -0.01364154093354512 0.1334858204449539
0.181 -0.01345545808174797 0.1328302390292539
0.182 -0.01327126306351941 0.1321819450259892
0.183 -0.01308892778453783 0.1315408284840562
0.184 -0.01290842470722097 0.1309067816165294
0.185 -0.01272972683701474 0.1302796987473713
0.186 -0.01255280770908535 0.1296594762597118
0.187 -0.01237764137540088 0.129046012545643
0.188 -0.01220420239218919 0.1284392079574792
0.189 -0.01203246580775928 0.1278389647604305
0.19 -0.01186240715067408 0.1272451870866442
0.191 -0.01169400241826268 0.1266577808905669
0.192 -0.01152722806546085 0.1260766539055841
0.193 -0.01136206099396885 0.1255017156018943
0.194 -0.01119847854171617 0.1249328771455768
0.195 -0.01103645847262296 0.124370051358815
0.196 -0.01087597896664864 0.1238131526812352
0.197 -0.01071701861011813 0.1232620971323265
0.198 -0.01055955638631685 0.1227168022749067
0.199 -0.01040357166634585 0.1221771871795983
0.2 -0.01024904420022847 0.1216431723902851
0.201 -0.01009595410826088 0.1211146798905152
0.202 -0.009944281872598347 0.120591633070823
0.203 -0.009794008329070059 0.1200739566969384
0.204 -0.009645114659215129 0.1195615768788568
0.205 -0.009497582382532911 0.1190544210407432
0.206 -0.009351393348940907 0.1185524178916426
0.207 -0.009206529731433815 0.1180554973969729
0.208 -0.009062974018937479 0.117563590750776
0.209 -0.00892070900935175 0.1170766303487034
0.21 -0.00877971780277643 0.1165945497617129
0.211 -0.008639983794914729 0.1161172837104566
0.212 -0.008501490670648823 0.1156447680403372
0.213 -0.008364222397782293 0.1151769396972135
0.214 -0.008228163220944415 0.1147137367037349
0.215 -0.008093297655651443 0.1142550981362862
0.216 -0.007959610482520177 0.1138009641025246
0.217 -0.007827086741629296 0.1133512757194906
0.218 -0.007695711727024057 0.1129059750922767
0.219 -0.007565470981360136 0.1124650052932365
0.22 -0.007436350290682522 0.1120283103417188
0.221 -0.00730833567933549 0.1115958351843113
0.222 -0.007181413404999856 0.1111675256755785
0.223 -0.007055569953853796 0.1107433285592803
0.224 -0.006930792035853668 0.1103231914500566
0.225 -0.006807066580131369 0.1099070628155645
0.226 -0.006684380730504897 0.109494891959056
0.227 -0.006562721841098874 0.1090866290023823
0.228 -0.006442077472071902 0.1086	 