# Grace project file
#
@version 50122
@page size 792, 612
@page scroll 5%
@page inout 5%
@link page off
@map font 0 to "Times-Roman", "Times-Roman"
@map font 1 to "Times-Italic", "Times-Italic"
@map font 2 to "Times-Bold", "Times-Bold"
@map font 3 to "Times-BoldItalic", "Times-BoldItalic"
@map font 4 to "Helvetica", "Helvetica"
@map font 5 to "Helvetica-Oblique", "Helvetica-Oblique"
@map font 6 to "Helvetica-Bold", "Helvetica-Bold"
@map font 7 to "Helvetica-BoldOblique", "Helvetica-BoldOblique"
@map font 8 to "Courier", "Courier"
@map font 9 to "Courier-Oblique", "Courier-Oblique"
@map font 10 to "Courier-Bold", "Courier-Bold"
@map font 11 to "Courier-BoldOblique", "Courier-BoldOblique"
@map font 12 to "Symbol", "Symbol"
@map font 13 to "ZapfDingbats", "ZapfDingbats"
@map color 0 to (255, 255, 255), "white"
@map color 1 to (0, 0, 0), "black"
@map color 2 to (255, 0, 0), "red"
@map color 3 to (0, 255, 0), "green"
@map color 4 to (0, 0, 255), "blue"
@map color 5 to (255, 255, 0), "yellow"
@map color 6 to (188, 143, 143), "brown"
@map color 7 to (220, 220, 220), "grey"
@map color 8 to (148, 0, 211), "violet"
@map color 9 to (0, 255, 255), "cyan"
@map color 10 to (255, 0, 255), "magenta"
@map color 11 to (255, 165, 0), "orange"
@map color 12 to (114, 33, 188), "indigo"
@map color 13 to (103, 7, 72), "maroon"
@map color 14 to (64, 224, 208), "turquoise"
@map color 15 to (0, 139, 0), "green4"
@reference date 0
@date wrap off
@date wrap year 1950
@default linewidth 1.0
@default linestyle 1
@default color 1
@default pattern 1
@default font 0
@default char size 1.000000
@default symbol size 1.000000
@default sformat "%.8g"
@background color 0
@page background fill on
@timestamp off
@timestamp 0.03, 0.03
@timestamp color 1
@timestamp rot 0
@timestamp font 0
@timestamp char size 1.000000
@timestamp def "Thu Mar 10 20:20:52 2022"
@r0 off
@link r0 to g0
@r0 type above
@r0 linestyle 1
@r0 linewidth 1.0
@r0 color 1
@r0 line 0, 0, 0, 0
@r1 off
@link r1 to g0
@r1 type above
@r1 linestyle 1
@r1 linewidth 1.0
@r1 color 1
@r1 line 0, 0, 0, 0
@r2 off
@link r2 to g0
@r2 type above
@r2 linestyle 1
@r2 linewidth 1.0
@r2 color 1
@r2 line 0, 0, 0, 0
@r3 off
@link r3 to g0
@r3 type above
@r3 linestyle 1
@r3 linewidth 1.0
@r3 color 1
@r3 line 0, 0, 0, 0
@r4 off
@link r4 to g0
@r4 type above
@r4 linestyle 1
@r4 linewidth 1.0
@r4 color 1
@r4 line 0, 0, 0, 0
@g0 on
@g0 hidden false
@g0 type XY
@g0 stacked false
@g0 bar hgap 0.000000
@g0 fixedpoint off
@g0 fixedpoint type 0
@g0 fixedpoint xy 0.000000, 0.000000
@g0 fixedpoint format general general
@g0 fixedpoint prec 6, 6
@with g0
@    world 0, -2.4, 1, 3
@    stack world 0, 1, 0, 1
@    stack world 0, 0, 0, 0
@    znorm 1
@    view 0.150000, 0.150000, 1.150000, 0.850000
@    title ""
@    title font 0
@    title size 1.500000
@    title color 1
@    subtitle ""
@    subtitle font 0
@    subtitle size 1.000000
@    subtitle color 1
@    xaxes scale Normal
@    yaxes scale Normal
@    xaxes invert off
@    yaxes invert off
@    xaxis  on
@    xaxis  type zero false
@    xaxis  offset 0.000000 , 0.000000
@    xaxis  bar on
@    xaxis  bar color 1
@    xaxis  bar linestyle 1
@    xaxis  bar linewidth 1.0
@    xaxis  label "\x l"
@    xaxis  label layout para
@    xaxis  label place auto
@    xaxis  label char size 1.000000
@    xaxis  label font 0
@    xaxis  label color 0
@    xaxis  label place normal
@    xaxis  tick on
@    xaxis  tick major 0.2
@    xaxis  tick minor ticks 1
@    xaxis  tick default 6
@    xaxis  tick place rounded true
@    xaxis  tick in
@    xaxis  tick major size 1.000000
@    xaxis  tick major color 1
@    xaxis  tick major linewidth 1.0
@    xaxis  tick major linestyle 1
@    xaxis  tick major grid off
@    xaxis  tick minor color 1
@    xaxis  tick minor linewidth 1.0
@    xaxis  tick minor linestyle 1
@    xaxis  tick minor grid off
@    xaxis  tick minor size 0.500000
@    xaxis  ticklabel on
@    xaxis  ticklabel format general
@    xaxis  ticklabel prec 5
@    xaxis  ticklabel formula ""
@    xaxis  ticklabel append ""
@    xaxis  ticklabel prepend ""
@    xaxis  ticklabel angle 0
@    xaxis  ticklabel skip 0
@    xaxis  ticklabel stagger 0
@    xaxis  ticklabel place normal
@    xaxis  ticklabel offset auto
@    xaxis  ticklabel offset 0.000000 , 0.010000
@    xaxis  ticklabel start type auto
@    xaxis  ticklabel start 0.000000
@    xaxis  ticklabel stop type auto
@    xaxis  ticklabel stop 0.000000
@    xaxis  ticklabel char size 1.000000
@    xaxis  ticklabel font 0
@    xaxis  ticklabel color 1
@    xaxis  tick place both
@    xaxis  tick spec type none
@    yaxis  on
@    yaxis  type zero false
@    yaxis  offset 0.000000 , 0.000000
@    yaxis  bar on
@    yaxis  bar color 1
@    yaxis  bar linestyle 1
@    yaxis  bar linewidth 1.0
@    yaxis  label "\xr\f{}\se\N(\xl)"
@    yaxis  label layout para
@    yaxis  label place auto
@    yaxis  label char size 1.000000
@    yaxis  label font 0
@    yaxis  label color 1
@    yaxis  label place normal
@    yaxis  tick on
@    yaxis  tick major 1
@    yaxis  tick minor ticks 1
@    yaxis  tick default 6
@    yaxis  tick place rounded true
@    yaxis  tick in
@    yaxis  tick major size 1.000000
@    yaxis  tick major color 1
@    yaxis  tick major linewidth 1.0
@    yaxis  tick major linestyle 1
@    yaxis  tick major grid off
@    yaxis  tick minor color 1
@    yaxis  tick minor linewidth 1.0
@    yaxis  tick minor linestyle 1
@    yaxis  tick minor grid off
@    yaxis  tick minor size 0.500000
@    yaxis  ticklabel on
@    yaxis  ticklabel format general
@    yaxis  ticklabel prec 5
@    yaxis  ticklabel formula ""
@    yaxis  ticklabel append ""
@    yaxis  ticklabel prepend ""
@    yaxis  ticklabel angle 0
@    yaxis  ticklabel skip 0
@    yaxis  ticklabel stagger 0
@    yaxis  ticklabel place normal
@    yaxis  ticklabel offset auto
@    yaxis  ticklabel offset 0.000000 , 0.010000
@    yaxis  ticklabel start type auto
@    yaxis  ticklabel start 0.000000
@    yaxis  ticklabel stop type auto
@    yaxis  ticklabel stop 0.000000
@    yaxis  ticklabel char size 1.000000
@    yaxis  ticklabel font 0
@    yaxis  ticklabel color 1
@    yaxis  tick place both
@    yaxis  tick spec type none
@    altxaxis  off
@    altyaxis  off
@    legend on
@    legend loctype view
@    legend 0.85, 0.8
@    legend box color 1
@    legend box pattern 1
@    legend box linewidth 1.0
@    legend box linestyle 1
@    legend box fill color 0
@    legend box fill pattern 1
@    legend font 0
@    legend char size 1.000000
@    legend color 1
@    legend length 4
@    legend vgap 1
@    legend hgap 1
@    legend invert false
@    frame type 0
@    frame linestyle 1
@    frame linewidth 1.0
@    frame color 1
@    frame pattern 1
@    frame background color 0
@    frame background pattern 0
@    s0 hidden false
@    s0 type xydy
@    s0 symbol 0
@    s0 symbol size 1.000000
@    s0 symbol color 1
@    s0 symbol pattern 1
@    s0 symbol fill color 1
@    s0 symbol fill pattern 0
@    s0 symbol linewidth 1.0
@    s0 symbol linestyle 1
@    s0 symbol char 65
@    s0 symbol char font 0
@    s0 symbol skip 0
@    s0 line type 1
@    s0 line linestyle 1
@    s0 line linewidth 1.0
@    s0 line color 1
@    s0 line pattern 1
@    s0 baseline type 0
@    s0 baseline off
@    s0 dropline off
@    s0 fill type 0
@    s0 fill rule 0
@    s0 fill color 1
@    s0 fill pattern 1
@    s0 avalue off
@    s0 avalue type 2
@    s0 avalue char size 1.000000
@    s0 avalue font 0
@    s0 avalue color 1
@    s0 avalue rot 0
@    s0 avalue format general
@    s0 avalue prec 3
@    s0 avalue prepend ""
@    s0 avalue append ""
@    s0 avalue offset 0.000000 , 0.000000
@    s0 errorbar on
@    s0 errorbar place both
@    s0 errorbar color 1
@    s0 errorbar pattern 1
@    s0 errorbar size 1.000000
@    s0 errorbar linewidth 1.0
@    s0 errorbar linestyle 1
@    s0 errorbar riser linewidth 1.0
@    s0 errorbar riser linestyle 0
@    s0 errorbar riser clip off
@    s0 errorbar riser clip length 0.100000
@    s0 comment "Lambda_Shape_b93_xy_e.out"
@    s0 legend  ""
#QTGRACE_ADDITIONAL_PARAMETER: PLOT_ALPHA 255 255
#QTGRACE_ADDITIONAL_PARAMETER: GRAPH_ALPHA G 0 {255;255;255;255;255;255;255}
#QTGRACE_ADDITIONAL_PARAMETER: AXIS_ALPHA G 0 A 0 {255;255;255;255;255}
#QTGRACE_ADDITIONAL_PARAMETER: AXIS_ALPHA G 0 A 1 {255;255;255;255;255}
#QTGRACE_ADDITIONAL_PARAMETER: AXIS_ALPHA G 0 A 2 {255;255;255;255;255}
#QTGRACE_ADDITIONAL_PARAMETER: AXIS_ALPHA G 0 A 3 {255;255;255;255;255}
#QTGRACE_ADDITIONAL_PARAMETER: G 0 S 0 POLYGONEBASESET -1
#QTGRACE_ADDITIONAL_PARAMETER: G 0 S 0 SHOWERRORBARINLEGEND 0
#QTGRACE_ADDITIONAL_PARAMETER: G 0 S 0 CONNECTERRORBARS 0
#QTGRACE_ADDITIONAL_PARAMETER: G 0 S 0 IGNOREINAUTOSCALE 0
#QTGRACE_ADDITIONAL_PARAMETER: G 0 S 0 ALPHA_CHANNELS {255;255;255;255;255;255}
#QTGRACE_ADDITIONAL_PARAMETER: AUTOATTACH G 0 0 0
#QTGRACE_ADDITIONAL_PARAMETER: TITLE_SHIFT G 0 0 0
#QTGRACE_ADDITIONAL_PARAMETER: SUBTITLE_SHIFT G 0 0 0
#QTGRACE_ADDITIONAL_PARAMETER: VIEWPORT_NAME 0 0 "Default"
#QTGRACE_ADDITIONAL_PARAMETER: QTFONT_RESET 1
#QTGRACE_ADDITIONAL_PARAMETER: QTFONT "Times New Roman,10,-1,5,50,0,0,0,0,0"
#QTGRACE_ADDITIONAL_PARAMETER: QTFONT "Times New Roman,10,-1,5,50,1,0,0,0,0"
#QTGRACE_ADDITIONAL_PARAMETER: QTFONT "Times New Roman,10,-1,5,75,0,0,0,0,0"
#QTGRACE_ADDITIONAL_PARAMETER: QTFONT "Times New Roman,10,-1,5,75,1,0,0,0,0"
#QTGRACE_ADDITIONAL_PARAMETER: QTFONT "Helvetica,10,-1,5,50,0,0,0,0,0"
#QTGRACE_ADDITIONAL_PARAMETER: QTFONT "Helvetica,10,-1,5,50,1,0,0,0,0"
#QTGRACE_ADDITIONAL_PARAMETER: QTFONT "Helvetica,10,-1,5,75,0,0,0,0,0"
#QTGRACE_ADDITIONAL_PARAMETER: QTFONT "Helvetica,10,-1,5,75,1,0,0,0,0"
#QTGRACE_ADDITIONAL_PARAMETER: QTFONT "Courier,10,-1,5,50,0,0,0,0,0"
#QTGRACE_ADDITIONAL_PARAMETER: QTFONT "Courier,10,-1,5,50,1,0,0,0,0"
#QTGRACE_ADDITIONAL_PARAMETER: QTFONT "Courier,10,-1,5,75,0,0,0,0,0"
#QTGRACE_ADDITIONAL_PARAMETER: QTFONT "Courier,10,-1,5,75,1,0,0,0,0"
#QTGRACE_ADDITIONAL_PARAMETER: QTFONT "Symbol,10,-1,5,50,0,0,0,0,0"
#QTGRACE_ADDITIONAL_PARAMETER: QTFONT "Zapf Dingbats,10,-1,5,50,0,0,0,0,0"
#QTGRACE_ADDITIONAL_PARAMETER: ENCODING "UTF-8"
#QTGRACE_ADDITIONAL_PARAMETER: UNIVERSAL_FONT_SIZE_FACTOR 1.0000
#QTGRACE_ADDITIONAL_PARAMETER: TIMESTAMP_PATH 0
#QTGRACE_ADDITIONAL_PARAMETER: LINESTYLES 9 {2;2;2;2;2;4;4;6;6} {{0;1},{1;0},{1;3},{5;3},{7;3},{1;3;5;3},{1;3;7;3},{1;3;5;3;1;3},{5;3;1;3;5;3}}
@target G0.S0
@type xydy
0 4.3381496 69.364362
0.001 -0.34100327 1.5648515
0.002 -0.33578919 1.4408606
0.003 -0.32273824 1.3619006
0.004 -0.30888278 1.2953345
0.005 -0.29547341 1.2361318
0.006 -0.2828205 1.1825121
0.007 -0.27098374 1.133506
0.008 -0.25994106 1.0884538
0.009 -0.24964267 1.0468543
0.01 -0.24003093 1.0083042
0.011 -0.2310483 0.97246854
0.012 -0.2226405 0.93906381
0.013 -0.21475764 0.90784689
0.014 -0.20735442 0.87860731
0.015 -0.20039002 0.8511615
0.016 -0.19382769 0.82534845
0.017 -0.18763444 0.80102614
0.018 -0.1817806 0.77806877
0.019 -0.17623947 0.75636444
0.02 -0.170987 0.73581325
0.021 -0.16600147 0.71632571
0.022 -0.16126326 0.69782142
0.023 -0.15675456 0.68022791
0.024 -0.15245925 0.66347967
0.025 -0.14836261 0.64751738
0.026 -0.14445128 0.63228713
0.027 -0.14071302 0.61773985
0.028 -0.13713666 0.60383077
0.029 -0.13371196 0.59051897
0.03 -0.13042951 0.57776694
0.031 -0.12728066 0.56554025
0.032 -0.12425745 0.55380726
0.033 -0.12135254 0.54253881
0.034 -0.11855913 0.531708
0.035 -0.11587096 0.52128997
0.036 -0.11328219 0.5112617
0.037 -0.11078743 0.50160186
0.038 -0.10838167 0.49229065
0.039 -0.10606024 0.48330967
0.04 -0.10381879 0.47464177
0.041 -0.10165327 0.46627101
0.042 -0.099559896 0.45818247
0.043 -0.097535126 0.45036223
0.044 -0.095575651 0.4427973
0.045 -0.093678369 0.43547546
0.046 -0.091840373 0.4283853
0.047 -0.090058931 0.42151611
0.048 -0.088331479 0.41485781
0.049 -0.086655605 0.40840094
0.05 -0.085029035 0.40213659
0.051 -0.083449632 0.39605637
0.052 -0.081915376 0.39015238
0.053 -0.080424364 0.38441716
0.054 -0.078974795 0.37884365
0.055 -0.077564969 0.37342521
0.056 -0.076193278 0.36815552
0.057 -0.074858197 0.36302864
0.058 -0.073558283 0.35803891
0.059 -0.072292168 0.35318098
0.06 -0.071058553 0.34844977
0.061 -0.069856205 0.34384047
0.062 -0.068683954 0.33934849
0.063 -0.067540684 0.33496948
0.064 -0.066425338 0.3306993
0.065 -0.065336906 0.32653401
0.066 -0.064274429 0.32246987
0.067 -0.06323699 0.31850329
0.068 -0.062223717 0.31463087
0.069 -0.061233778 0.31084935
0.07 -0.060266378 0.30715564
0.071 -0.059320756 0.30354677
0.072 -0.058396189 0.3000199
0.073 -0.057491982 0.29657234
0.074 -0.056607472 0.29320149
0.075 -0.055742023 0.28990487
0.076 -0.054895029 0.28668012
0.077 -0.054065906 0.28352495
0.078 -0.053254096 0.2804372
0.079 -0.052459064 0.27741478
0.08 -0.051680296 0.27445568
0.081 -0.050917301 0.27155799
0.082 -0.050169605 0.26871985
0.083 -0.049436755 0.2659395
0.084 -0.048718312 0.26321524
0.085 -0.048013859 0.26054543
0.086 -0.047322992 0.2579285
0.087 -0.046645323 0.25536294
0.088 -0.045980478 0.25284729
0.089 -0.045328099 0.25038015
0.09 -0.044687838 0.24796018
0.091 -0.044059363 0.24558606
0.092 -0.043442353 0.24325656
0.093 -0.042836497 0.24097047
0.094 -0.042241497 0.23872661
0.095 -0.041657066 0.23652387
0.096 -0.041082924 0.23436117
0.097 -0.040518804 0.23223746
0.098 -0.039964447 0.23015173
0.099 -0.039419602 0.228103
0.1 -0.038884028 0.22609034
0.101 -0.038357491 0.22411284
0.102 -0.037839765 0.2221696
0.103 -0.037330632 0.2202598
0.104 -0.036829882 0.21838259
0.105 -0.036337308 0.21653719
0.106 -0.035852715 0.21472282
0.107 -0.035375909 0.21293874
0.108 -0.034906707 0.21118423
0.109 -0.034444928 0.20945859
0.11 -0.033990399 0.20776114
0.111 -0.033542951 0.20609123
0.112 -0.03310242 0.20444821
0.113 -0.032668649 0.20283147
0.114 -0.032241484 0.20124042
0.115 -0.031820777 0.19967448
0.116 -0.031406381 0.19813307
0.117 -0.030998158 0.19661566
0.118 -0.030595972 0.19512171
0.119 -0.030199689 0.19365072
0.12 -0.029809183 0.19220217
0.121 -0.029424328 0.19077559
0.122 -0.029045003 0.18937051
0.123 -0.028671091 0.18798646
0.124 -0.028302478 0.186623
0.125 -0.027939052 0.1852797
0.126 -0.027580706 0.18395614
0.127 -0.027227334 0.18265191
0.128 -0.026878835 0.1813666
0.129 -0.026535108 0.18009984
0.13 -0.026196058 0.17885125
0.131 -0.02586159 0.17762046
0.132 -0.025531613 0.17640711
0.133 -0.025206038 0.17521086
0.134 -0.024884777 0.17403137
0.135 -0.024567746 0.1728683
0.136 -0.024254864 0.17172134
0.137 -0.023946049 0.17059018
0.138 -0.023641224 0.16947451
0.139 -0.023340312 0.16837403
0.14 -0.02304324 0.16728846
0.141 -0.022749934 0.16621751
0.142 -0.022460325 0.1651609
0.143 -0.022174343 0.16411838
0.144 -0.021891922 0.16308968
0.145 -0.021612996 0.16207453
0.146 -0.021337501 0.1610727
0.147 -0.021065375 0.16008394
0.148 -0.020796557 0.15910802
0.149 -0.020530987 0.15814469
0.15 -0.020268609 0.15719375
0.151 -0.020009364 0.15625496
0.152 -0.019753199 0.1553281
0.153 -0.019500059 0.15441298
0.154 -0.019249891 0.15350939
0.155 -0.019002644 0.15261711
0.156 -0.018758268 0.15173596
0.157 -0.018516713 0.15086575
0.158 -0.018277932 0.15000629
0.159 -0.018041877 0.14915739
0.16 -0.017808503 0.14831888
0.161 -0.017577765 0.14749058
0.162 -0.017349619 0.14667231
0.163 -0.017124022 0.14586392
0.164 -0.016900932 0.14506524
0.165 -0.016680308 0.14427611
0.166 -0.016462111 0.14349637
0.167 -0.0162463 0.14272586
0.168 -0.016032838 0.14196445
0.169 -0.015821686 0.14121197
0.17 -0.015612809 0.14046829
0.171 -0.015406169 0.13973327
0.172 -0.015201732 0.13900677
0.173 -0.014999464 0.13828865
0.174 -0.01479933 0.13757879
0.175 -0.014601297 0.13687705
0.176 -0.014405333 0.1361833
0.177 -0.014211406 0.13549742
0.178 -0.014019485 0.1348193
0.179 -0.01382954 0.1341488
0.18 -0.013641541 0.13348582
0.181 -0.013455458 0.13283024
0.182 -0.013271263 0.13218195
0.183 -0.013088928 0.13154083
0.184 -0.012908425 0.13090678
0.185 -0.012729727 0.1302797
0.186 -0.012552808 0.12965948
0.187 -0.012377641 0.12904601
0.188 -0.012204202 0.12843921
0.189 -0.012032466 0.12783896
0.19 -0.011862407 0.12724519
0.191 -0.011694002 0.12665778
0.192 -0.011527228 0.12607665
0.193 -0.011362061 0.12550172
0.194 -0.011198479 0.12493288
0.195 -0.011036458 0.12437005
0.196 -0.010875979 0.12381315
0.197 -0.010717019 0.1232621
0.198 -0.010559556 0.1227168
0.199 -0.010403572 0.12217719
0.2 -0.010249044 0.12164317
0.201 -0.010095954 0.12111468
0.202 -0.0099442819 0.12059163
0.203 -0.0097940083 0.12007396
0.204 -0.0096451147 0.11956158
0.205 -0.0094975824 0.11905442
0.206 -0.0093513933 0.11855242
0.207 -0.0092065297 0.1180555
0.208 -0.009062974 0.11756359
0.209 -0.008920709 0.11707663
0.21 -0.0087797178 0.11659455
0.211 -0.0086399838 0.11611728
0.212 -0.0085014907 0.11564477
0.213 -0.0083642224 0.11517694
0.214 -0.0082281632 0.11471374
0.215 -0.0080932977 0.1142551
0.216 -0.0079596105 0.11380096
0.217 -0.0078270867 0.11335128
0.218 -0.0076957117 0.11290598
0.219 -0.007565471 0.11246501
0.22 -0.0074363503 0.11202831
0.221 -0.0073083357 0.11159584
0.222 -0.0071814134 0.11116753
0.223 -0.00705557 0.11074333
0.224 -0.006930792 0.11032319
0.225 -0.0068070666 0.10990706
0.226 -0.0066843807 0.10949489
0.227 -0.0065627218 0.10908663
0.228 -0.0064420775 0.10868222
0.229 -0.0063224354 0.10828163
0.23 -0.0062037835 0.1078848
0.231 -0.0060861101 0.10749169
0.232 -0.0059694034 0.10710224
0.233 -0.0058536519 0.10671642
0.234 -0.0057388445 0.10633418
0.235 -0.0056249699 0.10595548
0.236 -0.0055120173 0.10558027
0.237 -0.0053999758 0.10520851
0.238 -0.0052888349 0.10484016
0.239 -0.0051785842 0.10447518
0.24 -0.0050692133 0.10411353
0.241 -0.0049607123 0.10375516
0.242 -0.0048530711 0.10340004
0.243 -0.0047462799 0.10304813
0.244 -0.0046403291 0.10269938
0.245 -0.0045352092 0.10235378
0.246 -0.0044309108 0.10201126
0.247 -0.0043274247 0.10167181
0.248 -0.0042247419 0.10133538
0.249 -0.0041228534 0.10100194
0.25 -0.0040217504 0.10067145
0.251 -0.0039214242 0.10034388
0.252 -0.0038218662 0.1000192
0.253 -0.0037230682 0.099697362
0.254 -0.0036250217 0.099378347
0.255 -0.0035277185 0.099062117
0.256 -0.0034311508 0.098748642
0.257 -0.0033353104 0.098437889
0.258 -0.0032401896 0.098129827
0.259 -0.0031457807 0.097824426
0.26 -0.003052076 0.097521656
0.261 -0.0029590682 0.097221486
0.262 -0.0028667497 0.096923888
0.263 -0.0027751135 0.096628833
0.264 -0.0026841522 0.096336291
0.265 -0.0025938588 0.096046235
0.266 -0.0025042263 0.095758638
0.267 -0.0024152479 0.095473471
0.268 -0.0023269168 0.095190708
0.269 -0.0022392263 0.094910322
0.27 -0.0021521699 0.094632287
0.271 -0.002065741 0.094356577
0.272 -0.0019799332 0.094083166
0.273 -0.0018947403 0.09381203
0.274 -0.0018101559 0.093543143
0.275 -0.001726174 0.093276481
0.276 -0.0016427885 0.093012019
0.277 -0.0015599934 0.092749735
0.278 -0.0014777828 0.092489604
0.279 -0.001396151 0.092231603
0.28 -0.0013150921 0.091975709
0.281 -0.0012346005 0.091721899
0.282 -0.0011546707 0.091470152
0.283 -0.001075297 0.091220445
0.284 -0.00099647419 0.090972756
0.285 -0.00091819677 0.090727064
0.286 -0.00084045948 0.090483348
0.287 -0.00076325709 0.090241587
0.288 -0.00068658446 0.090001759
0.289 -0.0006104365 0.089763846
0.29 -0.00053480819 0.089527826
0.291 -0.00045969457 0.08929368
0.292 -0.00038509076 0.089061389
0.293 -0.00031099193 0.088830932
0.294 -0.00023739332 0.08860229
0.295 -0.00016429021 0.088375446
0.296 -9.1677982e-05 0.08815038
0.297 -1.9552038e-05 0.087927073
0.298 5.2092142e-05 0.087705508
0.299 0.00012325902 0.087485667
0.3 0.00019395302 0.087267531
0.301 0.00026417848 0.087051084
0.302 0.00033393971 0.086836308
0.303 0.00040324095 0.086623186
0.304 0.0004720864 0.086411702
0.305 0.00054048019 0.086201837
0.306 0.00060842641 0.085993577
0.307 0.0006759291 0.085786904
0.308 0.00074299225 0.085581803
0.309 0.00080961979 0.085378258
0.31 0.00087581562 0.085176253
0.311 0.00094158357 0.084975772
0.312 0.0010069274 0.084776801
0.313 0.001071851 0.084579324
0.314 0.0011363579 0.084383326
0.315 0.0012004519 0.084188793
0.316 0.0012641364 0.083995709
0.317 0.0013274152 0.08380406
0.318 0.0013902918 0.083613833
0.319 0.0014527696 0.083425013
0.32 0.001514852 0.083237586
0.321 0.0015765425 0.083051538
0.322 0.0016378444 0.082866856
0.323 0.0016987611 0.082683526
0.324 0.0017592959 0.082501535
0.325 0.0018194519 0.08232087
0.326 0.0018792324 0.082141518
0.327 0.0019386405 0.081963466
0.328 0.0019976794 0.081786701
0.329 0.0020563522 0.081611211
0.33 0.0021146619 0.081436983
0.331 0.0021726116 0.081264005
0.332 0.0022302042 0.081092265
0.333 0.0022874427 0.080921751
0.334 0.00234433 0.080752452
0.335 0.002400869 0.080584354
0.336 0.0024570626 0.080417447
0.337 0.0025129135 0.08025172
0.338 0.0025684246 0.08008716
0.339 0.0026235985 0.079923757
0.34 0.0026784381 0.0797615
0.341 0.0027329461 0.079600377
0.342 0.002787125 0.079440378
0.343 0.0028409775 0.079281492
0.344 0.0028945063 0.079123708
0.345 0.0029477138 0.078967017
0.346 0.0030006027 0.078811407
0.347 0.0030531755 0.078656868
0.348 0.0031054346 0.07850339
0.349 0.0031573824 0.078350963
0.35 0.0032090216 0.078199577
0.351 0.0032603543 0.078049223
0.352 0.0033113831 0.07789989
0.353 0.0033621103 0.077751569
0.354 0.0034125382 0.07760425
0.355 0.003462669 0.077457924
0.356 0.0035125052 0.077312582
0.357 0.0035620489 0.077168214
0.358 0.0036113023 0.077024811
0.359 0.0036602678 0.076882364
0.36 0.0037089473 0.076740865
0.361 0.0037573432 0.076600304
0.362 0.0038054575 0.076460672
0.363 0.0038532923 0.076321962
0.364 0.0039008498 0.076184163
0.365 0.003948132 0.076047269
0.366 0.0039951409 0.07591127
0.367 0.0040418785 0.075776158
0.368 0.004088347 0.075641925
0.369 0.0041345481 0.075508563
0.37 0.004180484 0.075376063
0.371 0.0042261564 0.075244418
0.372 0.0042715675 0.075113619
0.373 0.0043167189 0.07498366
0.374 0.0043616127 0.074854532
0.375 0.0044062506 0.074726227
0.376 0.0044506346 0.074598738
0.377 0.0044947664 0.074472058
0.378 0.0045386477 0.074346179
0.379 0.0045822805 0.074221093
0.38 0.0046256665 0.074096793
0.381 0.0046688074 0.073973273
0.382 0.0047117049 0.073850524
0.383 0.0047543607 0.07372854
0.384 0.0047967766 0.073607315
0.385 0.0048389541 0.073486839
0.386 0.0048808951 0.073367108
0.387 0.004922601 0.073248114
0.388 0.0049640735 0.073129851
0.389 0.0050053142 0.073012311
0.39 0.0050463248 0.072895489
0.391 0.0050871067 0.072779377
0.392 0.0051276615 0.072663969
0.393 0.0051679908 0.072549258
0.394 0.0052080962 0.072435239
0.395 0.005247979 0.072321905
0.396 0.0052876408 0.07220925
0.397 0.0053270831 0.072097268
0.398 0.0053663073 0.071985951
0.399 0.005405315 0.071875296
0.4 0.0054441074 0.071765294
0.401 0.0054826861 0.071655941
0.402 0.0055210525 0.07154723
0.403 0.0055592079 0.071439157
0.404 0.0055971537 0.071331713
0.405 0.0056348913 0.071224896
0.406 0.005672422 0.071118697
0.407 0.0057097472 0.071013112
0.408 0.0057468682 0.070908136
0.409 0.0057837864 0.070803762
0.41 0.0058205029 0.070699986
0.411 0.0058570191 0.070596801
0.412 0.0058933363 0.070494203
0.413 0.0059294557 0.070392186
0.414 0.0059653785 0.070290744
0.415 0.0060011061 0.070189873
0.416 0.0060366396 0.070089568
0.417 0.0060719803 0.069989823
0.418 0.0061071293 0.069890632
0.419 0.0061420878 0.069791992
0.42 0.006176857 0.069693898
0.421 0.0062114381 0.069596343
0.422 0.0062458322 0.069499323
0.423 0.0062800405 0.069402834
0.424 0.0063140641 0.06930687
0.425 0.0063479041 0.069211427
0.426 0.0063815616 0.0691165
0.427 0.0064150377 0.069022085
0.428 0.0064483335 0.068928176
0.429 0.0064814502 0.068834768
0.43 0.0065143887 0.068741859
0.431 0.0065471501 0.068649442
0.432 0.0065797354 0.068557513
0.433 0.0066121458 0.068466069
0.434 0.0066443821 0.068375104
0.435 0.0066764455 0.068284614
0.436 0.006708337 0.068194594
0.437 0.0067400574 0.068105042
0.438 0.006771608 0.068015951
0.439 0.0068029895 0.067927318
0.44 0.006834203 0.067839139
0.441 0.0068652494 0.067751409
0.442 0.0068961297 0.067664125
0.443 0.0069268448 0.067577282
0.444 0.0069573957 0.067490876
0.445 0.0069877833 0.067404903
0.446 0.0070180085 0.06731936
0.447 0.0070480721 0.067234242
0.448 0.0070779752 0.067149545
0.449 0.0071077185 0.067065265
0.45 0.007137303 0.066981399
0.451 0.0071667296 0.066897943
0.452 0.007195999 0.066814892
0.453 0.0072251122 0.066732243
0.454 0.00725407 0.066649993
0.455 0.0072828733 0.066568138
0.456 0.0073115228 0.066486673
0.457 0.0073400194 0.066405595
0.458 0.0073683639 0.066324902
0.459 0.0073965572 0.066244588
0.46 0.0074246 0.06616465
0.461 0.007452493 0.066085086
0.462 0.0074802372 0.066005891
0.463 0.0075078332 0.065927062
0.464 0.0075352819 0.065848595
0.465 0.007562584 0.065770487
0.466 0.0075897403 0.065692735
0.467 0.0076167514 0.065615335
0.468 0.0076436182 0.065538284
0.469 0.0076703414 0.065461579
0.47 0.0076969217 0.065385215
0.471 0.0077233598 0.065309191
0.472 0.0077496565 0.065233502
0.473 0.0077758124 0.065158146
0.474 0.0078018283 0.065083119
0.475 0.0078277048 0.065008418
0.476 0.0078534426 0.06493404
0.477 0.0078790425 0.064859981
0.478 0.007904505 0.06478624
0.479 0.0079298309 0.064712811
0.48 0.0079550208 0.064639694
0.481 0.0079800753 0.064566884
0.482 0.0080049952 0.064494378
0.483 0.008029781 0.064422173
0.484 0.0080544334 0.064350268
0.485 0.008078953 0.064278657
0.486 0.0081033404 0.064207339
0.487 0.0081275963 0.064136311
0.488 0.0081517213 0.064065569
0.489 0.0081757159 0.063995112
0.49 0.0081995809 0.063924935
0.491 0.0082233166 0.063855036
0.492 0.0082469239 0.063785413
0.493 0.0082704031 0.063716063
0.494 0.008293755 0.063646982
0.495 0.0083169801 0.063578168
0.496 0.0083400789 0.063509618
0.497 0.0083630521 0.06344133
0.498 0.0083859001 0.063373301
0.499 0.0084086235 0.063305528
0.5 0.0084312228 0.063238008
0.501 0.0084536987 0.06317074
0.502 0.0084760516 0.063103719
0.503 0.008498282 0.063036944
0.504 0.0085203905 0.062970412
0.505 0.0085423776 0.062904121
0.506 0.0085642438 0.062838067
0.507 0.0085859896 0.062772249
0.508 0.0086076156 0.062706664
0.509 0.0086291221 0.062641309
0.51 0.0086505098 0.062576181
0.511 0.008671779 0.062511279
0.512 0.0086929303 0.0624466
0.513 0.0087139642 0.062382141
0.514 0.008734881 0.0623179
0.515 0.0087556814 0.062253874
0.516 0.0087763657 0.062190062
0.517 0.0087969344 0.06212646
0.518 0.008817388 0.062063067
0.519 0.0088377269 0.061999879
0.52 0.0088579515 0.061936896
0.521 0.0088780623 0.061874113
0.522 0.0088980598 0.061811529
0.523 0.0089179443 0.061749143
0.524 0.0089377163 0.06168695
0.525 0.0089573762 0.06162495
0.526 0.0089769244 0.061563139
0.527 0.0089963613 0.061501516
0.528 0.0090156874 0.061440078
0.529 0.009034903 0.061378823
0.53 0.0090540085 0.061317749
0.531 0.0090730044 0.061256854
0.532 0.009091891 0.061196135
0.533 0.0091106687 0.061135591
0.534 0.0091293379 0.061075218
0.535 0.0091478989 0.061015016
0.536 0.0091663522 0.060954981
0.537 0.0091846981 0.060895112
0.538 0.009202937 0.060835406
0.539 0.0092210692 0.060775862
0.54 0.0092390951 0.060716477
0.541 0.0092570151 0.06065725
0.542 0.0092748294 0.060598177
0.543 0.0092925385 0.060539258
0.544 0.0093101426 0.060480489
0.545 0.0093276422 0.06042187
0.546 0.0093450375 0.060363397
0.547 0.0093623289 0.060305069
0.548 0.0093795167 0.060246884
0.549 0.0093966012 0.06018884
0.55 0.0094135827 0.060130935
0.551 0.0094304616 0.060073166
0.552 0.0094472381 0.060015533
0.553 0.0094639126 0.059958032
0.554 0.0094804854 0.059900662
0.555 0.0094969567 0.059843421
0.556 0.0095133269 0.059786307
0.557 0.0095295962 0.059729318
0.558 0.009545765 0.059672452
0.559 0.0095618334 0.059615707
0.56 0.0095778019 0.059559082
0.561 0.0095936706 0.059502574
0.562 0.0096094399 0.059446181
0.563 0.00962511 0.059389902
0.564 0.0096406812 0.059333735
0.565 0.0096561536 0.059277677
0.566 0.0096715277 0.059221727
0.567 0.0096868036 0.059165883
0.568 0.0097019816 0.059110144
0.569 0.009717062 0.059054506
0.57 0.0097320449 0.05899897
0.571 0.0097469307 0.058943531
0.572 0.0097617195 0.05888819
0.573 0.0097764116 0.058832944
0.574 0.0097910072 0.05877779
0.575 0.0098055066 0.058722728
0.576 0.0098199099 0.058667756
0.577 0.0098342174 0.058612871
0.578 0.0098484293 0.058558072
0.579 0.0098625458 0.058503358
0.58 0.0098765671 0.058448725
0.581 0.0098904934 0.058394173
0.582 0.009904325 0.0583397
0.583 0.009918062 0.058285304
0.584 0.0099317045 0.058230983
0.585 0.0099452529 0.058176736
0.586 0.0099587073 0.05812256
0.587 0.0099720679 0.058068455
0.588 0.0099853348 0.058014417
0.589 0.0099985082 0.057960446
0.59 0.010011588 0.05790654
0.591 0.010024575 0.057852697
0.592 0.010037469 0.057798915
0.593 0.010050271 0.057745192
0.594 0.010062979 0.057691527
0.595 0.010075595 0.057637919
0.596 0.010088119 0.057584365
0.597 0.010100551 0.057530863
0.598 0.01011289 0.057477412
0.599 0.010125138 0.057424011
0.6 0.010137294 0.057370657
0.601 0.010149359 0.057317349
0.602 0.010161332 0.057264085
0.603 0.010173213 0.057210863
0.604 0.010185003 0.057157682
0.605 0.010196703 0.05710454
0.606 0.010208311 0.057051436
0.607 0.010219828 0.056998367
0.608 0.010231255 0.056945332
0.609 0.010242591 0.056892329
0.61 0.010253837 0.056839357
0.611 0.010264992 0.056786414
0.612 0.010276057 0.056733499
0.613 0.010287031 0.056680608
0.614 0.010297916 0.056627742
0.615 0.01030871 0.056574898
0.616 0.010319415 0.056522074
0.617 0.010330029 0.056469269
0.618 0.010340554 0.056416482
0.619 0.010350989 0.05636371
0.62 0.010361335 0.056310951
0.621 0.010371591 0.056258205
0.622 0.010381757 0.05620547
0.623 0.010391834 0.056152743
0.624 0.010401822 0.056100024
0.625 0.01041172 0.05604731
0.626 0.010421529 0.055994599
0.627 0.010431249 0.055941891
0.628 0.01044088 0.055889184
0.629 0.010450421 0.055836475
0.63 0.010459874 0.055783764
0.631 0.010469237 0.055731048
0.632 0.010478512 0.055678325
0.633 0.010487698 0.055625595
0.634 0.010496794 0.055572855
0.635 0.010505802 0.055520104
0.636 0.010514721 0.055467341
0.637 0.01052355 0.055414562
0.638 0.010532291 0.055361768
0.639 0.010540944 0.055308955
0.64 0.010549507 0.055256123
0.641 0.010557981 0.055203269
0.642 0.010566367 0.055150393
0.643 0.010574664 0.055097491
0.644 0.010582872 0.055044564
0.645 0.010590991 0.054991608
0.646 0.010599021 0.054938623
0.647 0.010606962 0.054885606
0.648 0.010614815 0.054832556
0.649 0.010622578 0.05477947
0.65 0.010630252 0.054726349
0.651 0.010637838 0.054673189
0.652 0.010645334 0.054619989
0.653 0.010652742 0.054566747
0.654 0.01066006 0.054513462
0.655 0.010667289 0.054460132
0.656 0.010674429 0.054406754
0.657 0.010681479 0.054353328
0.658 0.01068844 0.054299852
0.659 0.010695312 0.054246323
0.66 0.010702095 0.054192741
0.661 0.010708788 0.054139103
0.662 0.010715391 0.054085407
0.663 0.010721904 0.054031653
0.664 0.010728328 0.053977837
0.665 0.010734662 0.053923959
0.666 0.010740906 0.053870016
0.667 0.010747061 0.053816007
0.668 0.010753125 0.053761929
0.669 0.010759098 0.053707782
0.67 0.010764982 0.053653564
0.671 0.010770775 0.053599271
0.672 0.010776477 0.053544904
0.673 0.010782089 0.053490459
0.674 0.010787611 0.053435935
0.675 0.010793041 0.053381331
0.676 0.01079838 0.053326644
0.677 0.010803628 0.053271873
0.678 0.010808785 0.053217015
0.679 0.010813851 0.053162069
0.68 0.010818825 0.053107033
0.681 0.010823707 0.053051905
0.682 0.010828497 0.052996683
0.683 0.010833196 0.052941365
0.684 0.010837802 0.05288595
0.685 0.010842316 0.052830435
0.686 0.010846737 0.052774819
0.687 0.010851066 0.0527191
0.688 0.010855302 0.052663275
0.689 0.010859444 0.052607342
0.69 0.010863494 0.052551301
0.691 0.01086745 0.052495148
0.692 0.010871313 0.052438883
0.693 0.010875082 0.052382502
0.694 0.010878756 0.052326003
0.695 0.010882337 0.052269386
0.696 0.010885823 0.052212647
0.697 0.010889215 0.052155786
0.698 0.010892511 0.052098799
0.699 0.010895713 0.052041684
0.7 0.010898819 0.051984441
0.701 0.01090183 0.051927065
0.702 0.010904744 0.051869557
0.703 0.010907563 0.051811912
0.704 0.010910285 0.05175413
0.705 0.010912911 0.051696208
0.706 0.01091544 0.051638144
0.707 0.010917872 0.051579936
0.708 0.010920207 0.051521582
0.709 0.010922443 0.051463079
0.71 0.010924582 0.051404426
0.711 0.010926623 0.051345619
0.712 0.010928565 0.051286658
0.713 0.010930408 0.051227539
0.714 0.010932153 0.05116826
0.715 0.010933797 0.05110882
0.716 0.010935342 0.051049216
0.717 0.010936787 0.050989445
0.718 0.010938132 0.050929505
0.719 0.010939375 0.050869395
0.72 0.010940518 0.050809111
0.721 0.010941559 0.050748651
0.722 0.010942499 0.050688014
0.723 0.010943336 0.050627195
0.724 0.010944071 0.050566194
0.725 0.010944702 0.050505008
0.726 0.010945231 0.050443634
0.727 0.010945656 0.05038207
0.728 0.010945977 0.050320313
0.729 0.010946194 0.050258361
0.73 0.010946305 0.050196211
0.731 0.010946312 0.050133861
0.732 0.010946213 0.050071308
0.733 0.010946008 0.050008549
0.734 0.010945696 0.049945583
0.735 0.010945277 0.049882407
0.736 0.010944751 0.049819017
0.737 0.010944117 0.049755411
0.738 0.010943375 0.049691587
0.739 0.010942525 0.049627541
0.74 0.010941564 0.049563271
0.741 0.010940495 0.049498775
0.742 0.010939315 0.04943405
0.743 0.010938024 0.049369092
0.744 0.010936623 0.049303899
0.745 0.010935109 0.049238468
0.746 0.010933484 0.049172796
0.747 0.010931745 0.049106881
0.748 0.010929894 0.049040719
0.749 0.010927928 0.048974307
0.75 0.010925849 0.048907643
0.751 0.010923654 0.048840724
0.752 0.010921344 0.048773546
0.753 0.010918918 0.048706107
0.754 0.010916375 0.048638403
0.755 0.010913716 0.048570431
0.756 0.010910938 0.048502188
0.757 0.010908042 0.048433672
0.758 0.010905027 0.048364878
0.759 0.010901892 0.048295804
0.76 0.010898637 0.048226446
0.761 0.010895261 0.048156801
0.762 0.010891764 0.048086866
0.763 0.010888144 0.048016637
0.764 0.010884401 0.047946111
0.765 0.010880535 0.047875285
0.766 0.010876544 0.047804156
0.767 0.010872429 0.047732718
0.768 0.010868188 0.04766097
0.769 0.01086382 0.047588908
0.77 0.010859325 0.047516528
0.771 0.010854702 0.047443826
0.772 0.010849951 0.047370799
0.773 0.01084507 0.047297443
0.774 0.010840059 0.047223754
0.775 0.010834917 0.047149729
0.776 0.010829643 0.047075364
0.777 0.010824236 0.047000655
0.778 0.010818696 0.046925597
0.779 0.010813022 0.046850188
0.78 0.010807212 0.046774423
0.781 0.010801267 0.046698298
0.782 0.010795185 0.04662181
0.783 0.010788965 0.046544953
0.784 0.010782606 0.046467724
0.785 0.010776108 0.046390118
0.786 0.010769469 0.046312132
0.787 0.010762689 0.046233761
0.788 0.010755767 0.046155001
0.789 0.010748701 0.046075847
0.79 0.010741491 0.045996295
0.791 0.010734135 0.045916341
0.792 0.010726633 0.04583598
0.793 0.010718984 0.045755207
0.794 0.010711187 0.045674018
0.795 0.01070324 0.045592407
0.796 0.010695142 0.045510371
0.797 0.010686893 0.045427905
0.798 0.010678491 0.045345003
0.799 0.010669936 0.045261661
0.8 0.010661225 0.045177874
0.801 0.010652359 0.045093637
0.802 0.010643335 0.045008944
0.803 0.010634153 0.044923791
0.804 0.010624811 0.044838172
0.805 0.010615308 0.044752082
0.806 0.010605643 0.044665516
0.807 0.010595815 0.044578468
0.808 0.010585822 0.044490933
0.809 0.010575664 0.044402905
0.81 0.010565338 0.044314379
0.811 0.010554843 0.044225349
0.812 0.010544179 0.044135809
0.813 0.010533344 0.044045754
0.814 0.010522335 0.043955177
0.815 0.010511153 0.043864073
0.816 0.010499796 0.043772435
0.817 0.010488261 0.043680258
0.818 0.010476548 0.043587536
0.819 0.010464655 0.043494261
0.82 0.01045258 0.043400428
0.821 0.010440323 0.04330603
0.822 0.010427881 0.043211061
0.823 0.010415253 0.043115514
0.824 0.010402437 0.043019382
0.825 0.010389432 0.042922659
0.826 0.010376236 0.042825338
0.827 0.010362847 0.042727412
0.828 0.010349264 0.042628873
0.829 0.010335484 0.042529715
0.83 0.010321507 0.04242993
0.831 0.010307329 0.042329511
0.832 0.010292951 0.042228451
0.833 0.010278368 0.042126741
0.834 0.010263581 0.042024375
0.835 0.010248586 0.041921345
0.836 0.010233383 0.041817642
0.837 0.010217968 0.041713259
0.838 0.01020234 0.041608188
0.839 0.010186497 0.04150242
0.84 0.010170436 0.041395948
0.841 0.010154157 0.041288762
0.842 0.010137656 0.041180854
0.843 0.010120932 0.041072216
0.844 0.010103981 0.040962838
0.845 0.010086803 0.040852713
0.846 0.010069394 0.04074183
0.847 0.010051753 0.04063018
0.848 0.010033877 0.040517755
0.849 0.010015764 0.040404545
0.85 0.0099974113 0.04029054
0.851 0.0099788162 0.04017573
0.852 0.0099599765 0.040060106
0.853 0.0099408896 0.039943657
0.854 0.0099215529 0.039826374
0.855 0.0099019639 0.039708246
0.856 0.0098821198 0.039589262
0.857 0.009862018 0.039469412
0.858 0.0098416558 0.039348686
0.859 0.0098210302 0.039227071
0.86 0.0098001384 0.039104558
0.861 0.0097789777 0.038981134
0.862 0.009757545 0.038856788
0.863 0.0097358373 0.03873151
0.864 0.0097138516 0.038605285
0.865 0.0096915848 0.038478104
0.866 0.0096690338 0.038349953
0.867 0.0096461953 0.03822082
0.868 0.0096230661 0.038090693
0.869 0.0095996429 0.037959558
0.87 0.0095759224 0.037827403
0.871 0.009551901 0.037694215
0.872 0.0095275754 0.037559979
0.873 0.0095029419 0.037424683
0.874 0.009477997 0.037288313
0.875 0.0094527369 0.037150854
0.876 0.009427158 0.037012292
0.877 0.0094012564 0.036872613
0.878 0.0093750283 0.036731801
0.879 0.0093484696 0.036589843
0.88 0.0093215765 0.036446722
0.881 0.0092943448 0.036302423
0.882 0.0092667704 0.03615693
0.883 0.009238849 0.036010227
0.884 0.0092105763 0.035862298
0.885 0.0091819478 0.035713127
0.886 0.0091529593 0.035562695
0.887 0.009123606 0.035410987
0.888 0.0090938833 0.035257985
0.889 0.0090637866 0.03510367
0.89 0.009033311 0.034948026
0.891 0.0090024515 0.034791033
0.892 0.0089712032 0.034632672
0.893 0.0089395611 0.034472926
0.894 0.0089075198 0.034311774
0.895 0.0088750741 0.034149197
0.896 0.0088422186 0.033985175
0.897 0.0088089478 0.033819687
0.898 0.0087752562 0.033652713
0.899 0.0087411379 0.033484232
0.9 0.0087065872 0.033314222
0.901 0.0086715981 0.033142661
0.902 0.0086361645 0.032969527
0.903 0.0086002804 0.032794797
0.904 0.0085639393 0.032618449
0.905 0.0085271348 0.032440459
0.906 0.0084898604 0.032260803
0.907 0.0084521094 0.032079457
0.908 0.008413875 0.031896396
0.909 0.0083751501 0.031711595
0.91 0.0083359277 0.031525029
0.911 0.0082962005 0.03133667
0.912 0.0082559611 0.031146493
0.913 0.0082152019 0.030954471
0.914 0.0081739151 0.030760576
0.915 0.008132093 0.03056478
0.916 0.0080897274 0.030367054
0.917 0.0080468101 0.03016737
0.918 0.0080033327 0.029965698
0.919 0.0079592866 0.029762007
0.92 0.007914663 0.029556268
0.921 0.0078694529 0.029348448
0.922 0.0078236472 0.029138517
0.923 0.0077772366 0.028926441
0.924 0.0077302113 0.028712188
0.925 0.0076825616 0.028495725
0.926 0.0076342776 0.028277017
0.927 0.0075853489 0.028056029
0.928 0.0075357651 0.027832726
0.929 0.0074855155 0.027607073
0.93 0.007434589 0.027379032
0.931 0.0073829745 0.027148567
0.932 0.0073306605 0.02691564
0.933 0.0072776351 0.026680211
0.934 0.0072238865 0.026442243
0.935 0.0071694022 0.026201696
0.936 0.0071141696 0.025958528
0.937 0.0070581758 0.0257127
0.938 0.0070014076 0.025464169
0.939 0.0069438513 0.025212893
0.94 0.0068854931 0.024958829
0.941 0.0068263186 0.024701935
0.942 0.0067663133 0.024442165
0.943 0.0067054622 0.024179476
0.944 0.0066437498 0.023913822
0.945 0.0065811604 0.023645157
0.946 0.0065176778 0.023373435
0.947 0.0064532853 0.023098611
0.948 0.0063879659 0.022820636
0.949 0.0063217021 0.022539464
0.95 0.0062544758 0.022255048
0.951 0.0061862685 0.021967338
0.952 0.0061170612 0.021676288
0.953 0.0060468342 0.021381851
0.954 0.0059755676 0.021083977
0.955 0.0059032404 0.020782621
0.956 0.0058298315 0.020477735
0.957 0.0057553188 0.020169273
0.958 0.0056796796 0.01985719
0.959 0.0056028907 0.019541442
0.96 0.0055249279 0.019221985
0.961 0.0054457663 0.01889878
0.962 0.0053653803 0.018571787
0.963 0.0052837432 0.01824097
0.964 0.0052008277 0.017906296
0.965 0.0051166051 0.017567737
0.966 0.0050310462 0.017225267
0.967 0.0049441201 0.016878868
0.968 0.004855795 0.016528527
0.969 0.004766038 0.016174238
0.97 0.0046748143 0.015816005
0.971 0.0045820881 0.015453844
0.972 0.0044878215 0.015087779
0.973 0.0043919749 0.014717852
0.974 0.0042945066 0.014344121
0.975 0.0041953728 0.013966666
0.976 0.0040945268 0.013585587
0.977 0.0039919189 0.013201016
0.978 0.0038874962 0.012813115
0.979 0.0037812014 0.012422089
0.98 0.0036729727 0.012028185
0.981 0.0035627422 0.011631707
0.982 0.0034504352 0.011233025
0.983 0.0033359681 0.010832582
0.984 0.0032192464 0.010430912
0.985 0.0031001613 0.010028653
0.986 0.0029785853 0.0096265596
0.987 0.002854366 0.0092255239
0.988 0.0027273164 0.0088265828
0.989 0.002597201 0.008430922
0.99 0.0024637127 0.0080398584
0.991 0.002326437 0.0076547777
0.992 0.0021847897 0.0072769845
0.993 0.0020379047 0.0069073672
0.994 0.0018844208 0.0065456706
0.995 0.001722034 0.0061888734
0.996 0.0015464594 0.0058273102
0.997 0.0013486238 0.0054341542
0.998 0.0011051915 0.0049301507
0.999 0.00073184764 0.0040113877
0.9999 -0.00021196984 0.001086668
0.99999 -0.00039129458 0.00042960274
0.999999 -0.00032083541 0.00017996762
0.9999999 -0.00028318526 0.00010925616
0.99999999 -0.0002843059 6.49345e-05
&
