0 0.002799
1 0.002665
2 0.002604
3 0.002753
4 0.002955
5 0.003082
6 0.003213
7 0.003385
8 0.003579
9 0.003764
10 0.003913
11 0.004007
12 0.004043
13 0.004030
14 0.003983
15 0.003919
16 0.003849
17 0.003782
18 0.003725
19 0.003678
20 0.003642
21 0.003615
22 0.003595
23 0.003581
24 0.003571
25 0.003565
26 0.003561
27 0.003558
28 0.003557
29 0.003557
30 0.003557
31 0.003558
32 0.003559
33 0.003560
34 0.003561
35 0.003562
36 0.003563
37 0.003564
38 0.003565
39 0.003566
40 0.003567
41 0.003568
42 0.003569
43 0.003569
44 0.003570
45 0.003571
46 0.003571
47 0.003572
48 0.003572
49 0.003573
