1.000000 -0.387780
2.000000 360.341929
3.000000 -78862.203167
4.000000 7936529.451713
5.000000 -456896499.781899
6.000000 16916935575.380693
7.000000 -433646688561.694336
8.000000 8094508748725.766602
9.000000 -114119193756877.984375
10.000000 1248990915794500.750000
11.000000 -10838439615136846.000000
12.000000 75815373193256000.000000
13.000000 -433102077375918464.000000
14.000000 2041408136351010304.000000
15.000000 -8003186743752422400.000000
16.000000 26257131556536451072.000000
17.000000 -72411611621389393920.000000
18.000000 168343359787629248512.000000
19.000000 -330376115633525620736.000000
20.000000 547245114595149742080.000000
21.000000 -763735324288450822144.000000
22.000000 894785914509430620160.000000
23.000000 -874956016787074449408.000000
24.000000 707983756749462962176.000000
25.000000 -468295363242509402112.000000
26.000000 248841159306390437888.000000
27.000000 -103581939922344296448.000000
28.000000 32513538698879148032.000000
29.000000 -7233226750443556864.000000
30.000000 1016137846665756672.000000
31.000000 -67753602259693048.000000
