0.000000 75074.825968
0.000000 75074.825968
0.000000 75074.825968
0.000000 75074.825968
0.000000 75074.825968
0.000000 75074.825968
0.000000 75074.825968
0.000000 75074.825968
0.000000 75074.825968
1.000000 67791.280903
1.000000 67791.280903
1.000000 67791.280903
1.000000 67791.280903
1.000000 67791.280903
1.000000 67791.280903
1.000000 67791.280903
1.000000 67791.280903
1.000000 67791.280903
2.000000 61030.439387
2.000000 61030.439387
2.000000 61030.439387
2.000000 61030.439387
2.000000 61030.439387
2.000000 61030.439387
2.000000 61030.439387
2.000000 61030.439387
2.000000 61030.439387
3.000000 54792.301423
3.000000 54792.301423
3.000000 54792.301423
3.000000 54792.301423
3.000000 54792.301423
3.000000 54792.301423
3.000000 54792.301423
3.000000 54792.301423
3.000000 54792.301423
4.000000 49076.867008
4.000000 49076.867008
4.000000 49076.867008
4.000000 49076.867008
4.000000 49076.867008
4.000000 49076.867008
4.000000 49076.867008
4.000000 49076.867008
4.000000 49076.867008
5.000000 43884.136145
5.000000 43884.136145
5.000000 43884.136145
5.000000 43884.136145
5.000000 43884.136145
5.000000 43884.136145
5.000000 43884.136145
5.000000 43884.136145
5.000000 43884.136145
6.000000 39214.108832
6.000000 39214.108832
6.000000 39214.108832
6.000000 39214.108832
6.000000 39214.108832
6.000000 39214.108832
6.000000 39214.108832
6.000000 39214.108832
6.000000 39214.108832
7.000000 35066.785069
7.000000 35066.785069
7.000000 35066.785069
7.000000 35066.785069
7.000000 35066.785069
7.000000 35066.785069
7.000000 35066.785069
7.000000 35066.785069
7.000000 35066.785069
8.000000 31442.164857
8.000000 31442.164857
8.000000 31442.164857
8.000000 31442.164857
8.000000 31442.164857
8.000000 31442.164857
8.000000 31442.164857
8.000000 31442.164857
8.000000 31442.164857
9.000000 28340.248196
9.000000 28340.248196
9.000000 28340.248196
9.000000 28340.248196
9.000000 28340.248196
9.000000 28340.248196
9.000000 28340.248196
9.000000 28340.248196
9.000000 28340.248196
10.000000 25761.035085
10.000000 25761.035085
10.000000 25761.035085
10.000000 25761.035085
10.000000 25761.035085
10.000000 25761.035085
10.000000 25761.035085
10.000000 25761.035085
10.000000 25761.035085
11.000000 23704.525525
11.000000 23704.525525
11.000000 23704.525525
11.000000 23704.525525
11.000000 23704.525525
11.000000 23704.525525
11.000000 23704.525525
11.000000 23704.525525
11.000000 23704.525525
12.000000 22170.719515
12.000000 22170.719515
12.000000 22170.719515
12.000000 22170.719515
12.000000 22170.719515
12.000000 22170.719515
12.000000 22170.719515
12.000000 22170.719515
12.000000 22170.719515
13.000000 21159.617056
13.000000 21159.617056
13.000000 21159.617056
13.000000 21159.617056
13.000000 21159.617056
13.000000 21159.617056
13.000000 21159.617056
13.000000 21159.617056
13.000000 21159.617056
14.000000 20671.218148
14.000000 20671.218148
14.000000 20671.218148
14.000000 20671.218148
14.000000 20671.218148
14.000000 20671.218148
14.000000 20671.218148
14.000000 20671.218148
14.000000 20671.218148
15.000000 20705.522790
15.000000 20705.522790
15.000000 20705.522790
15.000000 20705.522790
15.000000 20705.522790
15.000000 20705.522790
15.000000 20705.522790
15.000000 20705.522790
15.000000 20705.522790
16.000000 21262.530982
16.000000 21262.530982
16.000000 21262.530982
16.000000 21262.530982
16.000000 21262.530982
16.000000 21262.530982
16.000000 21262.530982
16.000000 21262.530982
16.000000 21262.530982
17.000000 22342.242725
17.000000 22342.242725
17.000000 22342.242725
17.000000 22342.242725
17.000000 22342.242725
17.000000 22342.242725
17.000000 22342.242725
17.000000 22342.242725
17.000000 22342.242725
18.000000 23944.658019
18.000000 23944.658019
18.000000 23944.658019
18.000000 23944.658019
18.000000 23944.658019
18.000000 23944.658019
18.000000 23944.658019
18.000000 23944.658019
18.000000 23944.658019
19.000000 26069.776863
19.000000 26069.776863
19.000000 26069.776863
19.000000 26069.776863
19.000000 26069.776863
19.000000 26069.776863
19.000000 26069.776863
19.000000 26069.776863
19.000000 26069.776863
20.000000 28717.599258
20.000000 28717.599258
20.000000 28717.599258
20.000000 28717.599258
20.000000 28717.599258
20.000000 28717.599258
20.000000 28717.599258
20.000000 28717.599258
20.000000 28717.599258
21.000000 31888.125203
21.000000 31888.125203
21.000000 31888.125203
21.000000 31888.125203
21.000000 31888.125203
21.000000 31888.125203
21.000000 31888.125203
21.000000 31888.125203
21.000000 31888.125203
22.000000 35581.354699
22.000000 35581.354699
22.000000 35581.354699
22.000000 35581.354699
22.000000 35581.354699
22.000000 35581.354699
22.000000 35581.354699
22.000000 35581.354699
22.000000 35581.354699
23.000000 39797.287746
23.000000 39797.287746
23.000000 39797.287746
23.000000 39797.287746
23.000000 39797.287746
23.000000 39797.287746
23.000000 39797.287746
23.000000 39797.287746
23.000000 39797.287746
24.000000 44535.924342
24.000000 44535.924342
24.000000 44535.924342
24.000000 44535.924342
24.000000 44535.924342
24.000000 44535.924342
24.000000 44535.924342
24.000000 44535.924342
24.000000 44535.924342
25.000000 49797.264490
25.000000 49797.264490
25.000000 49797.264490
25.000000 49797.264490
25.000000 49797.264490
25.000000 49797.264490
25.000000 49797.264490
25.000000 49797.264490
25.000000 49797.264490
26.000000 55581.308188
26.000000 55581.308188
26.000000 55581.308188
26.000000 55581.308188
26.000000 55581.308188
26.000000 55581.308188
26.000000 55581.308188
26.000000 55581.308188
26.000000 55581.308188
27.000000 61888.055437
27.000000 61888.055437
27.000000 61888.055437
27.000000 61888.055437
27.000000 61888.055437
27.000000 61888.055437
27.000000 61888.055437
27.000000 61888.055437
27.000000 61888.055437
28.000000 68717.506236
28.000000 68717.506236
28.000000 68717.506236
28.000000 68717.506236
28.000000 68717.506236
28.000000 68717.506236
28.000000 68717.506236
28.000000 68717.506236
28.000000 68717.506236
29.000000 76069.660586
29.000000 76069.660586
29.000000 76069.660586
29.000000 76069.660586
29.000000 76069.660586
29.000000 76069.660586
29.000000 76069.660586
29.000000 76069.660586
29.000000 76069.660586
30.000000 83944.518486
30.000000 83944.518486
30.000000 83944.518486
30.000000 83944.518486
30.000000 83944.518486
30.000000 83944.518486
30.000000 83944.518486
30.000000 83944.518486
30.000000 83944.518486
31.000000 92342.079937
31.000000 92342.079937
31.000000 92342.079937
31.000000 92342.079937
31.000000 92342.079937
31.000000 92342.079937
31.000000 92342.079937
31.000000 92342.079937
31.000000 92342.079937
32.000000 101262.344938
32.000000 101262.344938
32.000000 101262.344938
32.000000 101262.344938
32.000000 101262.344938
32.000000 101262.344938
32.000000 101262.344938
32.000000 101262.344938
32.000000 101262.344938
33.000000 110705.313490
33.000000 110705.313490
33.000000 110705.313490
33.000000 110705.313490
33.000000 110705.313490
33.000000 110705.313490
33.000000 110705.313490
33.000000 110705.313490
33.000000 110705.313490
34.000000 120670.985593
34.000000 120670.985593
34.000000 120670.985593
34.000000 120670.985593
34.000000 120670.985593
34.000000 120670.985593
34.000000 120670.985593
34.000000 120670.985593
34.000000 120670.985593
35.000000 131159.361246
35.000000 131159.361246
35.000000 131159.361246
35.000000 131159.361246
35.000000 131159.361246
35.000000 131159.361246
35.000000 131159.361246
35.000000 131159.361246
35.000000 131159.361246
36.000000 142170.440450
36.000000 142170.440450
36.000000 142170.440450
36.000000 142170.440450
36.000000 142170.440450
36.000000 142170.440450
36.000000 142170.440450
36.000000 142170.440450
36.000000 142170.440450
37.000000 153704.223204
37.000000 153704.223204
37.000000 153704.223204
37.000000 153704.223204
37.000000 153704.223204
37.000000 153704.223204
37.000000 153704.223204
37.000000 153704.223204
37.000000 153704.223204
38.000000 165760.709509
38.000000 165760.709509
38.000000 165760.709509
38.000000 165760.709509
38.000000 165760.709509
38.000000 165760.709509
38.000000 165760.709509
38.000000 165760.709509
38.000000 165760.709509
39.000000 178339.899364
39.000000 178339.899364
39.000000 178339.899364
39.000000 178339.899364
39.000000 178339.899364
39.000000 178339.899364
39.000000 178339.899364
39.000000 178339.899364
39.000000 178339.899364
40.000000 191441.792770
40.000000 191441.792770
40.000000 191441.792770
40.000000 191441.792770
40.000000 191441.792770
40.000000 191441.792770
40.000000 191441.792770
40.000000 191441.792770
40.000000 191441.792770
41.000000 205066.389726
41.000000 205066.389726
41.000000 205066.389726
41.000000 205066.389726
41.000000 205066.389726
41.000000 205066.389726
41.000000 205066.389726
41.000000 205066.389726
41.000000 205066.389726
42.000000 219213.690233
42.000000 219213.690233
42.000000 219213.690233
42.000000 219213.690233
42.000000 219213.690233
42.000000 219213.690233
42.000000 219213.690233
42.000000 219213.690233
42.000000 219213.690233
43.000000 233883.694291
43.000000 233883.694291
43.000000 233883.694291
43.000000 233883.694291
43.000000 233883.694291
43.000000 233883.694291
43.000000 233883.694291
43.000000 233883.694291
43.000000 233883.694291
44.000000 249076.401899
44.000000 249076.401899
44.000000 249076.401899
44.000000 249076.401899
44.000000 249076.401899
44.000000 249076.401899
44.000000 249076.401899
44.000000 249076.401899
44.000000 249076.401899
45.000000 264791.813058
45.000000 264791.813058
45.000000 264791.813058
45.000000 264791.813058
45.000000 264791.813058
45.000000 264791.813058
45.000000 264791.813058
45.000000 264791.813058
45.000000 264791.813058
46.000000 281029.927767
46.000000 281029.927767
46.000000 281029.927767
46.000000 281029.927767
46.000000 281029.927767
46.000000 281029.927767
46.000000 281029.927767
46.000000 281029.927767
46.000000 281029.927767
47.000000 297790.746027
47.000000 297790.746027
47.000000 297790.746027
47.000000 297790.746027
47.000000 297790.746027
47.000000 297790.746027
47.000000 297790.746027
47.000000 297790.746027
47.000000 297790.746027
48.000000 315074.267837
48.000000 315074.267837
48.000000 315074.267837
48.000000 315074.267837
48.000000 315074.267837
48.000000 315074.267837
48.000000 315074.267837
48.000000 315074.267837
48.000000 315074.267837
49.000000 332880.493198
49.000000 332880.493198
49.000000 332880.493198
49.000000 332880.493198
49.000000 332880.493198
49.000000 332880.493198
49.000000 332880.493198
49.000000 332880.493198
49.000000 332880.493198
