0.031250 0.026000 0.023148 0.021137 0.019531 0.018176 0.017000 0.015965 0.015046 0.014224 0.013484 0.012815 0.012207 0.011653 0.011145 0.010679 0.010250 0.009853 0.009485 0.009144 0.008825 0.008528 0.008250 0.007989 0.007744 0.007514 0.007296 0.007091 0.006897 0.006713 0.006539 
0.026000 0.023148 0.021137 0.019531 0.018176 0.017000 0.015965 0.015046 0.014224 0.013484 0.012815 0.012207 0.011653 0.011145 0.010679 0.010250 0.009853 0.009485 0.009144 0.008825 0.008528 0.008250 0.007989 0.007744 0.007514 0.007296 0.007091 0.006897 0.006713 0.006539 0.006373 
0.023148 0.021137 0.019531 0.018176 0.017000 0.015965 0.015046 0.014224 0.013484 0.012815 0.012207 0.011653 0.011145 0.010679 0.010250 0.009853 0.009485 0.009144 0.008825 0.008528 0.008250 0.007989 0.007744 0.007514 0.007296 0.007091 0.006897 0.006713 0.006539 0.006373 0.006216 
0.021137 0.019531 0.018176 0.017000 0.015965 0.015046 0.014224 0.013484 0.012815 0.012207 0.011653 0.011145 0.010679 0.010250 0.009853 0.009485 0.009144 0.008825 0.008528 0.008250 0.007989 0.007744 0.007514 0.007296 0.007091 0.006897 0.006713 0.006539 0.006373 0.006216 0.006066 
0.019531 0.018176 0.017000 0.015965 0.015046 0.014224 0.013484 0.012815 0.012207 0.011653 0.011145 0.010679 0.010250 0.009853 0.009485 0.009144 0.008825 0.008528 0.008250 0.007989 0.007744 0.007514 0.007296 0.007091 0.006897 0.006713 0.006539 0.006373 0.006216 0.006066 0.005923 
0.018176 0.017000 0.015965 0.015046 0.014224 0.013484 0.012815 0.012207 0.011653 0.011145 0.010679 0.010250 0.009853 0.009485 0.009144 0.008825 0.008528 0.008250 0.007989 0.007744 0.007514 0.007296 0.007091 0.006897 0.006713 0.006539 0.006373 0.006216 0.006066 0.005923 0.005787 
0.017000 0.015965 0.015046 0.014224 0.013484 0.012815 0.012207 0.011653 0.011145 0.010679 0.010250 0.009853 0.009485 0.009144 0.008825 0.008528 0.008250 0.007989 0.007744 0.007514 0.007296 0.007091 0.006897 0.006713 0.006539 0.006373 0.006216 0.006066 0.005923 0.005787 0.005656 
0.015965 0.015046 0.014224 0.013484 0.012815 0.012207 0.011653 0.011145 0.010679 0.010250 0.009853 0.009485 0.009144 0.008825 0.008528 0.008250 0.007989 0.007744 0.007514 0.007296 0.007091 0.006897 0.006713 0.006539 0.006373 0.006216 0.006066 0.005923 0.005787 0.005656 0.005532 
0.015046 0.014224 0.013484 0.012815 0.012207 0.011653 0.011145 0.010679 0.010250 0.009853 0.009485 0.009144 0.008825 0.008528 0.008250 0.007989 0.007744 0.007514 0.007296 0.007091 0.006897 0.006713 0.006539 0.006373 0.006216 0.006066 0.005923 0.005787 0.005656 0.005532 0.005412 
0.014224 0.013484 0.012815 0.012207 0.011653 0.011145 0.010679 0.010250 0.009853 0.009485 0.009144 0.008825 0.008528 0.008250 0.007989 0.007744 0.007514 0.007296 0.007091 0.006897 0.006713 0.006539 0.006373 0.006216 0.006066 0.005923 0.005787 0.005656 0.005532 0.005412 0.005298 
0.013484 0.012815 0.012207 0.011653 0.011145 0.010679 0.010250 0.009853 0.009485 0.009144 0.008825 0.008528 0.008250 0.007989 0.007744 0.007514 0.007296 0.007091 0.006897 0.006713 0.006539 0.006373 0.006216 0.006066 0.005923 0.005787 0.005656 0.005532 0.005412 0.005298 0.005189 
0.012815 0.012207 0.011653 0.011145 0.010679 0.010250 0.009853 0.009485 0.009144 0.008825 0.008528 0.008250 0.007989 0.007744 0.007514 0.007296 0.007091 0.006897 0.006713 0.006539 0.006373 0.006216 0.006066 0.005923 0.005787 0.005656 0.005532 0.005412 0.005298 0.005189 0.005084 
0.012207 0.011653 0.011145 0.010679 0.010250 0.009853 0.009485 0.009144 0.008825 0.008528 0.008250 0.007989 0.007744 0.007514 0.007296 0.007091 0.006897 0.006713 0.006539 0.006373 0.006216 0.006066 0.005923 0.005787 0.005656 0.005532 0.005412 0.005298 0.005189 0.005084 0.004983 
0.011653 0.011145 0.010679 0.010250 0.009853 0.009485 0.009144 0.008825 0.008528 0.008250 0.007989 0.007744 0.007514 0.007296 0.007091 0.006897 0.006713 0.006539 0.006373 0.006216 0.006066 0.005923 0.005787 0.005656 0.005532 0.005412 0.005298 0.005189 0.005084 0.004983 0.004886 
0.011145 0.010679 0.010250 0.009853 0.009485 0.009144 0.008825 0.008528 0.008250 0.007989 0.007744 0.007514 0.007296 0.007091 0.006897 0.006713 0.006539 0.006373 0.006216 0.006066 0.005923 0.005787 0.005656 0.005532 0.005412 0.005298 0.005189 0.005084 0.004983 0.004886 0.004792 
0.010679 0.010250 0.009853 0.009485 0.009144 0.008825 0.008528 0.008250 0.007989 0.007744 0.007514 0.007296 0.007091 0.006897 0.006713 0.006539 0.006373 0.006216 0.006066 0.005923 0.005787 0.005656 0.005532 0.005412 0.005298 0.005189 0.005084 0.004983 0.004886 0.004792 0.004703 
0.010250 0.009853 0.009485 0.009144 0.008825 0.008528 0.008250 0.007989 0.007744 0.007514 0.007296 0.007091 0.006897 0.006713 0.006539 0.006373 0.006216 0.006066 0.005923 0.005787 0.005656 0.005532 0.005412 0.005298 0.005189 0.005084 0.004983 0.004886 0.004792 0.004703 0.004616 
0.009853 0.009485 0.009144 0.008825 0.008528 0.008250 0.007989 0.007744 0.007514 0.007296 0.007091 0.006897 0.006713 0.006539 0.006373 0.006216 0.006066 0.005923 0.005787 0.005656 0.005532 0.005412 0.005298 0.005189 0.005084 0.004983 0.004886 0.004792 0.004703 0.004616 0.004533 
0.009485 0.009144 0.008825 0.008528 0.008250 0.007989 0.007744 0.007514 0.007296 0.007091 0.006897 0.006713 0.006539 0.006373 0.006216 0.006066 0.005923 0.005787 0.005656 0.005532 0.005412 0.005298 0.005189 0.005084 0.004983 0.004886 0.004792 0.004703 0.004616 0.004533 0.004452 
0.009144 0.008825 0.008528 0.008250 0.007989 0.007744 0.007514 0.007296 0.007091 0.006897 0.006713 0.006539 0.006373 0.006216 0.006066 0.005923 0.005787 0.005656 0.005532 0.005412 0.005298 0.005189 0.005084 0.004983 0.004886 0.004792 0.004703 0.004616 0.004533 0.004452 0.004374 
0.008825 0.008528 0.008250 0.007989 0.007744 0.007514 0.007296 0.007091 0.006897 0.006713 0.006539 0.006373 0.006216 0.006066 0.005923 0.005787 0.005656 0.005532 0.005412 0.005298 0.005189 0.005084 0.004983 0.004886 0.004792 0.004703 0.004616 0.004533 0.004452 0.004374 0.004299 
0.008528 0.008250 0.007989 0.007744 0.007514 0.007296 0.007091 0.006897 0.006713 0.006539 0.006373 0.006216 0.006066 0.005923 0.005787 0.005656 0.005532 0.005412 0.005298 0.005189 0.005084 0.004983 0.004886 0.004792 0.004703 0.004616 0.004533 0.004452 0.004374 0.004299 0.004227 
0.008250 0.007989 0.007744 0.007514 0.007296 0.007091 0.006897 0.006713 0.006539 0.006373 0.006216 0.006066 0.005923 0.005787 0.005656 0.005532 0.005412 0.005298 0.005189 0.005084 0.004983 0.004886 0.004792 0.004703 0.004616 0.004533 0.004452 0.004374 0.004299 0.004227 0.004157 
0.007989 0.007744 0.007514 0.007296 0.007091 0.006897 0.006713 0.006539 0.006373 0.006216 0.006066 0.005923 0.005787 0.005656 0.005532 0.005412 0.005298 0.005189 0.005084 0.004983 0.004886 0.004792 0.004703 0.004616 0.004533 0.004452 0.004374 0.004299 0.004227 0.004157 0.004089 
0.007744 0.007514 0.007296 0.007091 0.006897 0.006713 0.006539 0.006373 0.006216 0.006066 0.005923 0.005787 0.005656 0.005532 0.005412 0.005298 0.005189 0.005084 0.004983 0.004886 0.004792 0.004703 0.004616 0.004533 0.004452 0.004374 0.004299 0.004227 0.004157 0.004089 0.004023 
0.007514 0.007296 0.007091 0.006897 0.006713 0.006539 0.006373 0.006216 0.006066 0.005923 0.005787 0.005656 0.005532 0.005412 0.005298 0.005189 0.005084 0.004983 0.004886 0.004792 0.004703 0.004616 0.004533 0.004452 0.004374 0.004299 0.004227 0.004157 0.004089 0.004023 0.003960 
0.007296 0.007091 0.006897 0.006713 0.006539 0.006373 0.006216 0.006066 0.005923 0.005787 0.005656 0.005532 0.005412 0.005298 0.005189 0.005084 0.004983 0.004886 0.004792 0.004703 0.004616 0.004533 0.004452 0.004374 0.004299 0.004227 0.004157 0.004089 0.004023 0.003960 0.003898 
0.007091 0.006897 0.006713 0.006539 0.006373 0.006216 0.006066 0.005923 0.005787 0.005656 0.005532 0.005412 0.005298 0.005189 0.005084 0.004983 0.004886 0.004792 0.004703 0.004616 0.004533 0.004452 0.004374 0.004299 0.004227 0.004157 0.004089 0.004023 0.003960 0.003898 0.003838 
0.006897 0.006713 0.006539 0.006373 0.006216 0.006066 0.005923 0.005787 0.005656 0.005532 0.005412 0.005298 0.005189 0.005084 0.004983 0.004886 0.004792 0.004703 0.004616 0.004533 0.004452 0.004374 0.004299 0.004227 0.004157 0.004089 0.004023 0.003960 0.003898 0.003838 0.003781 
0.006713 0.006539 0.006373 0.006216 0.006066 0.005923 0.005787 0.005656 0.005532 0.005412 0.005298 0.005189 0.005084 0.004983 0.004886 0.004792 0.004703 0.004616 0.004533 0.004452 0.004374 0.004299 0.004227 0.004157 0.004089 0.004023 0.003960 0.003898 0.003838 0.003781 0.003724 
0.006539 0.006373 0.006216 0.006066 0.005923 0.005787 0.005656 0.005532 0.005412 0.005298 0.005189 0.005084 0.004983 0.004886 0.004792 0.004703 0.004616 0.004533 0.004452 0.004374 0.004299 0.004227 0.004157 0.004089 0.004023 0.003960 0.003898 0.003838 0.003781 0.003724 0.003670 
